[2026-03-27T10:00:24.090+0000] {local_task_job_runner.py:123} INFO - ::group::Pre task execution logs
[2026-03-27T10:00:24.510+0000] {taskinstance.py:2631} INFO - Dependencies all met for dep_context=non-requeueable deps ti=<TaskInstance: dag_get_data_from_yf.insert_data_task scheduled__2026-03-26T10:00:00+00:00 map_index=15 [queued]>
[2026-03-27T10:00:24.685+0000] {taskinstance.py:2631} INFO - Dependencies all met for dep_context=requeueable deps ti=<TaskInstance: dag_get_data_from_yf.insert_data_task scheduled__2026-03-26T10:00:00+00:00 map_index=15 [queued]>
[2026-03-27T10:00:24.686+0000] {taskinstance.py:2884} INFO - Starting attempt 1 of 1
[2026-03-27T10:00:24.802+0000] {taskinstance.py:2907} INFO - Executing <Mapped(SQLExecuteQueryOperator): insert_data_task> on 2026-03-26 10:00:00+00:00
[2026-03-27T10:00:24.882+0000] {logging_mixin.py:190} WARNING - /home/***/.local/lib/python3.12/site-packages/***/task/task_runner/standard_task_runner.py:70 DeprecationWarning: This process (pid=2423) is multi-threaded, use of fork() may lead to deadlocks in the child.
[2026-03-27T10:00:24.874+0000] {standard_task_runner.py:104} INFO - Running: ['***', 'tasks', 'run', 'dag_get_data_from_yf', 'insert_data_task', 'scheduled__2026-03-26T10:00:00+00:00', '--job-id', '782', '--raw', '--subdir', 'DAGS_FOLDER/get_finance_yf_csv.py', '--cfg-path', '/tmp/tmp3f1vbfap', '--map-index', '15']
[2026-03-27T10:00:24.885+0000] {standard_task_runner.py:72} INFO - Started process 2692 to run task
[2026-03-27T10:00:24.885+0000] {standard_task_runner.py:105} INFO - Job 782: Subtask insert_data_task
[2026-03-27T10:00:25.265+0000] {task_command.py:467} INFO - Running <TaskInstance: dag_get_data_from_yf.insert_data_task scheduled__2026-03-26T10:00:00+00:00 map_index=15 [running]> on host 7a865275eb00
[2026-03-27T10:00:25.737+0000] {taskinstance.py:3157} INFO - Exporting env vars: AIRFLOW_CTX_DAG_OWNER='***' AIRFLOW_CTX_DAG_ID='dag_get_data_from_yf' AIRFLOW_CTX_TASK_ID='insert_data_task' AIRFLOW_CTX_EXECUTION_DATE='2026-03-26T10:00:00+00:00' AIRFLOW_CTX_TRY_NUMBER='1' AIRFLOW_CTX_DAG_RUN_ID='scheduled__2026-03-26T10:00:00+00:00'
[2026-03-27T10:00:25.751+0000] {taskinstance.py:740} INFO - ::endgroup::
[2026-03-27T10:00:25.758+0000] {sql.py:410} INFO - Executing: INSERT INTO indonesian_stocks (
    date, 
    ticker, 
    close, 
    high, 
    low, 
    open, 
    inserted_at_timestamp_wib
) 
VALUES (
    '2026-03-06', 
    'BBCA.JK', 
    7000.0, 
    7100.0, 
    7000.0, 
    7075.0, 
    '2026-03-27 16:52:08' 
)
ON CONFLICT (date, ticker) 
DO NOTHING;
[2026-03-27T10:00:25.763+0000] {crypto.py:82} WARNING - empty cryptography key - values will not be stored encrypted.
[2026-03-27T10:00:25.766+0000] {base.py:84} INFO - Retrieving connection 'db_custom'
[2026-03-27T10:00:25.790+0000] {base.py:84} INFO - Retrieving connection 'db_custom'
[2026-03-27T10:00:25.831+0000] {sql.py:861} INFO - Running statement: INSERT INTO indonesian_stocks (
    date, 
    ticker, 
    close, 
    high, 
    low, 
    open, 
    inserted_at_timestamp_wib
) 
VALUES (
    '2026-03-06', 
    'BBCA.JK', 
    7000.0, 
    7100.0, 
    7000.0, 
    7075.0, 
    '2026-03-27 16:52:08' 
)
ON CONFLICT (date, ticker) 
DO NOTHING;, parameters: None
[2026-03-27T10:00:25.850+0000] {sql.py:879} INFO - Rows affected: 0
[2026-03-27T10:00:25.967+0000] {taskinstance.py:349} INFO - ::group::Post task execution logs
[2026-03-27T10:00:25.968+0000] {taskinstance.py:361} INFO - Marking task as SUCCESS. dag_id=dag_get_data_from_yf, task_id=insert_data_task, run_id=scheduled__2026-03-26T10:00:00+00:00, map_index=15, execution_date=20260326T100000, start_date=20260327T100024, end_date=20260327T100025
[2026-03-27T10:00:26.212+0000] {local_task_job_runner.py:266} INFO - Task exited with return code 0
[2026-03-27T10:00:26.384+0000] {taskinstance.py:3924} INFO - 0 downstream tasks scheduled from follow-on schedule check
[2026-03-27T10:00:26.408+0000] {local_task_job_runner.py:245} INFO - ::endgroup::
