[2026-03-30T03:47:14.304+0000] {local_task_job_runner.py:123} INFO - ::group::Pre task execution logs
[2026-03-30T03:47:14.688+0000] {taskinstance.py:2631} INFO - Dependencies all met for dep_context=non-requeueable deps ti=<TaskInstance: dag_get_data_from_yf.insert_data_task manual__2026-03-30T03:46:15+00:00 map_index=22 [queued]>
[2026-03-30T03:47:14.812+0000] {taskinstance.py:2631} INFO - Dependencies all met for dep_context=requeueable deps ti=<TaskInstance: dag_get_data_from_yf.insert_data_task manual__2026-03-30T03:46:15+00:00 map_index=22 [queued]>
[2026-03-30T03:47:14.812+0000] {taskinstance.py:2884} INFO - Starting attempt 1 of 1
[2026-03-30T03:47:14.923+0000] {taskinstance.py:2907} INFO - Executing <Mapped(SQLExecuteQueryOperator): insert_data_task> on 2026-03-30 03:46:15+00:00
[2026-03-30T03:47:15.072+0000] {standard_task_runner.py:104} INFO - Running: ['***', 'tasks', 'run', 'dag_get_data_from_yf', 'insert_data_task', 'manual__2026-03-30T03:46:15+00:00', '--job-id', '905', '--raw', '--subdir', 'DAGS_FOLDER/get_finance_yf_csv.py', '--cfg-path', '/tmp/tmpxyzpv8gx', '--map-index', '22']
[2026-03-30T03:47:15.084+0000] {standard_task_runner.py:105} INFO - Job 905: Subtask insert_data_task
[2026-03-30T03:47:15.090+0000] {logging_mixin.py:190} WARNING - /home/***/.local/lib/python3.12/site-packages/***/task/task_runner/standard_task_runner.py:70 DeprecationWarning: This process (pid=4611) is multi-threaded, use of fork() may lead to deadlocks in the child.
[2026-03-30T03:47:15.093+0000] {standard_task_runner.py:72} INFO - Started process 4861 to run task
[2026-03-30T03:47:15.557+0000] {task_command.py:467} INFO - Running <TaskInstance: dag_get_data_from_yf.insert_data_task manual__2026-03-30T03:46:15+00:00 map_index=22 [running]> on host 42116767826c
[2026-03-30T03:47:16.492+0000] {taskinstance.py:3157} INFO - Exporting env vars: AIRFLOW_CTX_DAG_OWNER='***' AIRFLOW_CTX_DAG_ID='dag_get_data_from_yf' AIRFLOW_CTX_TASK_ID='insert_data_task' AIRFLOW_CTX_EXECUTION_DATE='2026-03-30T03:46:15+00:00' AIRFLOW_CTX_TRY_NUMBER='1' AIRFLOW_CTX_DAG_RUN_ID='manual__2026-03-30T03:46:15+00:00'
[2026-03-30T03:47:16.504+0000] {taskinstance.py:740} INFO - ::endgroup::
[2026-03-30T03:47:16.523+0000] {sql.py:410} INFO - Executing: INSERT INTO indonesian_stocks (
    date, 
    ticker, 
    close, 
    high, 
    low, 
    open, 
    inserted_at_timestamp_wib
) 
VALUES (
    '2026-03-10', 
    'BBRI.JK', 
    3560.0, 
    3610.0, 
    3560.0, 
    3600.0, 
    '2026-03-30 10:07:51' 
)
ON CONFLICT (date, ticker) 
DO NOTHING;
[2026-03-30T03:47:16.526+0000] {crypto.py:82} WARNING - empty cryptography key - values will not be stored encrypted.
[2026-03-30T03:47:16.528+0000] {base.py:84} INFO - Retrieving connection 'db_custom'
[2026-03-30T03:47:16.564+0000] {base.py:84} INFO - Retrieving connection 'db_custom'
[2026-03-30T03:47:16.637+0000] {sql.py:861} INFO - Running statement: INSERT INTO indonesian_stocks (
    date, 
    ticker, 
    close, 
    high, 
    low, 
    open, 
    inserted_at_timestamp_wib
) 
VALUES (
    '2026-03-10', 
    'BBRI.JK', 
    3560.0, 
    3610.0, 
    3560.0, 
    3600.0, 
    '2026-03-30 10:07:51' 
)
ON CONFLICT (date, ticker) 
DO NOTHING;, parameters: None
[2026-03-30T03:47:16.654+0000] {sql.py:879} INFO - Rows affected: 0
[2026-03-30T03:47:16.809+0000] {taskinstance.py:349} INFO - ::group::Post task execution logs
[2026-03-30T03:47:16.810+0000] {taskinstance.py:361} INFO - Marking task as SUCCESS. dag_id=dag_get_data_from_yf, task_id=insert_data_task, run_id=manual__2026-03-30T03:46:15+00:00, map_index=22, execution_date=20260330T034615, start_date=20260330T034714, end_date=20260330T034716
[2026-03-30T03:47:17.090+0000] {local_task_job_runner.py:266} INFO - Task exited with return code 0
[2026-03-30T03:47:17.198+0000] {local_task_job_runner.py:245} INFO - ::endgroup::
