[2026-03-06T07:39:43.990+0000] {local_task_job_runner.py:123} INFO - ::group::Pre task execution logs
[2026-03-06T07:39:44.028+0000] {taskinstance.py:2631} INFO - Dependencies all met for dep_context=non-requeueable deps ti=<TaskInstance: dag_get_data_from_yf.get_data_from_yf scheduled__2026-03-06T07:38:00+00:00 [queued]>
[2026-03-06T07:39:44.040+0000] {taskinstance.py:2631} INFO - Dependencies all met for dep_context=requeueable deps ti=<TaskInstance: dag_get_data_from_yf.get_data_from_yf scheduled__2026-03-06T07:38:00+00:00 [queued]>
[2026-03-06T07:39:44.041+0000] {taskinstance.py:2884} INFO - Starting attempt 1 of 1
[2026-03-06T07:39:44.064+0000] {taskinstance.py:2907} INFO - Executing <Task(_PythonDecoratedOperator): get_data_from_yf> on 2026-03-06 07:38:00+00:00
[2026-03-06T07:39:44.077+0000] {warnings.py:112} WARNING - /home/***/.local/lib/python3.12/site-packages/***/task/task_runner/standard_task_runner.py:70: DeprecationWarning: This process (pid=2228) is multi-threaded, use of fork() may lead to deadlocks in the child.
  pid = os.fork()

[2026-03-06T07:39:44.080+0000] {standard_task_runner.py:72} INFO - Started process 2230 to run task
[2026-03-06T07:39:44.082+0000] {standard_task_runner.py:104} INFO - Running: ['***', 'tasks', 'run', 'dag_get_data_from_yf', 'get_data_from_yf', 'scheduled__2026-03-06T07:38:00+00:00', '--job-id', '2005', '--raw', '--subdir', 'DAGS_FOLDER/get_finance_yf_csv.py', '--cfg-path', '/tmp/tmp6ht7ezhk']
[2026-03-06T07:39:44.084+0000] {standard_task_runner.py:105} INFO - Job 2005: Subtask get_data_from_yf
[2026-03-06T07:39:44.189+0000] {task_command.py:467} INFO - Running <TaskInstance: dag_get_data_from_yf.get_data_from_yf scheduled__2026-03-06T07:38:00+00:00 [running]> on host 433747dd7508
[2026-03-06T07:39:44.379+0000] {taskinstance.py:3157} INFO - Exporting env vars: AIRFLOW_CTX_DAG_OWNER='***' AIRFLOW_CTX_DAG_ID='dag_get_data_from_yf' AIRFLOW_CTX_TASK_ID='get_data_from_yf' AIRFLOW_CTX_EXECUTION_DATE='2026-03-06T07:38:00+00:00' AIRFLOW_CTX_TRY_NUMBER='1' AIRFLOW_CTX_DAG_RUN_ID='scheduled__2026-03-06T07:38:00+00:00'
[2026-03-06T07:39:44.382+0000] {logging_mixin.py:190} INFO - Task instance is in running state
[2026-03-06T07:39:44.383+0000] {logging_mixin.py:190} INFO -  Previous state of the Task instance: queued
[2026-03-06T07:39:44.384+0000] {logging_mixin.py:190} INFO - Current task name:get_data_from_yf state:running start_date:2026-03-06 07:39:44.028763+00:00
[2026-03-06T07:39:44.384+0000] {logging_mixin.py:190} INFO - Dag name:dag_get_data_from_yf and current dag run status:running
[2026-03-06T07:39:44.385+0000] {taskinstance.py:740} INFO - ::endgroup::
[2026-03-06T07:39:45.185+0000] {logging_mixin.py:190} WARNING - [                       0%                       ]
[2026-03-06T07:39:45.295+0000] {logging_mixin.py:190} WARNING - [****************      33%                       ]  2 of 6 completed
[2026-03-06T07:39:45.324+0000] {logging_mixin.py:190} WARNING - [**********************50%                       ]  3 of 6 completed
[2026-03-06T07:39:45.329+0000] {logging_mixin.py:190} WARNING - [**********************50%                       ]  3 of 6 completed
[2026-03-06T07:39:45.366+0000] {logging_mixin.py:190} WARNING - [**********************83%***************        ]  5 of 6 completed
[2026-03-06T07:39:45.376+0000] {logging_mixin.py:190} WARNING - [*********************100%***********************]  6 of 6 completed
[2026-03-06T07:39:45.397+0000] {python.py:240} INFO - Done. Returned value was: Ticker          ASII.JK      BBCA.JK  ...      TLKM.JK      UNVR.JK
Date                                  ...                          
2025-03-06  4511.918945  8649.909180  ...  2224.770020  1069.079102
2025-03-07  4539.542969  8601.719727  ...  2234.039795  1125.346313
2025-03-10  4392.214844  8601.719727  ...  2215.500000  1106.590576
2025-03-11  4419.838867  8601.719727  ...  2196.960205  1115.968384
2025-03-12  4429.046875  8794.475586  ...  2271.119385  1078.456787
...                 ...          ...  ...          ...          ...
2026-03-02  6300.000000  7025.000000  ...  3450.000000  2250.000000
2026-03-03  6275.000000  7075.000000  ...  3450.000000  2080.000000
2026-03-04  6150.000000  6875.000000  ...  3200.000000  1935.000000
2026-03-05  6325.000000  7100.000000  ...  3260.000000  1990.000000
2026-03-06  6150.000000  7050.000000  ...  3210.000000  1975.000000

[237 rows x 6 columns]
[2026-03-06T07:39:45.547+0000] {taskinstance.py:349} INFO - ::group::Post task execution logs
[2026-03-06T07:39:45.548+0000] {taskinstance.py:361} INFO - Marking task as SUCCESS. dag_id=dag_get_data_from_yf, task_id=get_data_from_yf, run_id=scheduled__2026-03-06T07:38:00+00:00, execution_date=20260306T073800, start_date=20260306T073944, end_date=20260306T073945
[2026-03-06T07:39:45.608+0000] {logging_mixin.py:190} INFO - Task instance in success state
[2026-03-06T07:39:45.608+0000] {logging_mixin.py:190} INFO -  Previous state of the Task instance: running
[2026-03-06T07:39:45.609+0000] {logging_mixin.py:190} INFO - Dag name:dag_get_data_from_yf queued_at:2026-03-06 07:39:38.087657+00:00
[2026-03-06T07:39:45.609+0000] {logging_mixin.py:190} INFO - Task hostname:433747dd7508 operator:_PythonDecoratedOperator
[2026-03-06T07:39:45.634+0000] {local_task_job_runner.py:266} INFO - Task exited with return code 0
[2026-03-06T07:39:45.704+0000] {taskinstance.py:3924} INFO - 1 downstream tasks scheduled from follow-on schedule check
[2026-03-06T07:39:45.707+0000] {local_task_job_runner.py:245} INFO - ::endgroup::
