[2026-03-31T04:27:59.543+0000] {local_task_job_runner.py:123} INFO - ::group::Pre task execution logs
[2026-03-31T04:27:59.720+0000] {taskinstance.py:2631} INFO - Dependencies all met for dep_context=non-requeueable deps ti=<TaskInstance: dag_get_data_from_yf.insert_data_task manual__2026-03-31T04:27:22+00:00 map_index=5 [queued]>
[2026-03-31T04:27:59.786+0000] {taskinstance.py:2631} INFO - Dependencies all met for dep_context=requeueable deps ti=<TaskInstance: dag_get_data_from_yf.insert_data_task manual__2026-03-31T04:27:22+00:00 map_index=5 [queued]>
[2026-03-31T04:27:59.787+0000] {taskinstance.py:2884} INFO - Starting attempt 1 of 1
[2026-03-31T04:28:00.096+0000] {taskinstance.py:2907} INFO - Executing <Mapped(SQLExecuteQueryOperator): insert_data_task> on 2026-03-31 04:27:22+00:00
[2026-03-31T04:28:00.181+0000] {standard_task_runner.py:104} INFO - Running: ['***', 'tasks', 'run', 'dag_get_data_from_yf', 'insert_data_task', 'manual__2026-03-31T04:27:22+00:00', '--job-id', '1056', '--raw', '--subdir', 'DAGS_FOLDER/get_finance_yf_csv.py', '--cfg-path', '/tmp/tmp9h0nna8k', '--map-index', '5']
[2026-03-31T04:28:00.206+0000] {standard_task_runner.py:105} INFO - Job 1056: Subtask insert_data_task
[2026-03-31T04:28:00.180+0000] {logging_mixin.py:190} WARNING - /home/***/.local/lib/python3.12/site-packages/***/task/task_runner/standard_task_runner.py:70 DeprecationWarning: This process (pid=3556) is multi-threaded, use of fork() may lead to deadlocks in the child.
[2026-03-31T04:28:00.229+0000] {standard_task_runner.py:72} INFO - Started process 3919 to run task
[2026-03-31T04:28:01.158+0000] {task_command.py:467} INFO - Running <TaskInstance: dag_get_data_from_yf.insert_data_task manual__2026-03-31T04:27:22+00:00 map_index=5 [running]> on host 77c1549707cf
[2026-03-31T04:28:02.721+0000] {taskinstance.py:3157} INFO - Exporting env vars: AIRFLOW_CTX_DAG_OWNER='***' AIRFLOW_CTX_DAG_ID='dag_get_data_from_yf' AIRFLOW_CTX_TASK_ID='insert_data_task' AIRFLOW_CTX_EXECUTION_DATE='2026-03-31T04:27:22+00:00' AIRFLOW_CTX_TRY_NUMBER='1' AIRFLOW_CTX_DAG_RUN_ID='manual__2026-03-31T04:27:22+00:00'
[2026-03-31T04:28:02.731+0000] {taskinstance.py:740} INFO - ::endgroup::
[2026-03-31T04:28:02.739+0000] {sql.py:410} INFO - Executing: INSERT INTO indonesian_stocks (
    date, 
    ticker, 
    close, 
    high, 
    low, 
    open, 
    inserted_at_timestamp_wib
) 
VALUES (
    '2026-03-02', 
    'BMRI.JK', 
    5075.0, 
    5175.0, 
    5050.0, 
    5125.0, 
    '2026-03-31 11:27:37' 
)
ON CONFLICT (date, ticker) 
DO NOTHING;
[2026-03-31T04:28:02.744+0000] {crypto.py:82} WARNING - empty cryptography key - values will not be stored encrypted.
[2026-03-31T04:28:02.745+0000] {base.py:84} INFO - Retrieving connection 'db_custom'
[2026-03-31T04:28:02.768+0000] {base.py:84} INFO - Retrieving connection 'db_custom'
[2026-03-31T04:28:02.807+0000] {sql.py:861} INFO - Running statement: INSERT INTO indonesian_stocks (
    date, 
    ticker, 
    close, 
    high, 
    low, 
    open, 
    inserted_at_timestamp_wib
) 
VALUES (
    '2026-03-02', 
    'BMRI.JK', 
    5075.0, 
    5175.0, 
    5050.0, 
    5125.0, 
    '2026-03-31 11:27:37' 
)
ON CONFLICT (date, ticker) 
DO NOTHING;, parameters: None
[2026-03-31T04:28:02.828+0000] {sql.py:879} INFO - Rows affected: 1
[2026-03-31T04:28:02.944+0000] {taskinstance.py:349} INFO - ::group::Post task execution logs
[2026-03-31T04:28:02.945+0000] {taskinstance.py:361} INFO - Marking task as SUCCESS. dag_id=dag_get_data_from_yf, task_id=insert_data_task, run_id=manual__2026-03-31T04:27:22+00:00, map_index=5, execution_date=20260331T042722, start_date=20260331T042759, end_date=20260331T042802
[2026-03-31T04:28:03.265+0000] {local_task_job_runner.py:266} INFO - Task exited with return code 0
[2026-03-31T04:28:03.432+0000] {taskinstance.py:3924} INFO - 0 downstream tasks scheduled from follow-on schedule check
[2026-03-31T04:28:03.445+0000] {local_task_job_runner.py:245} INFO - ::endgroup::
