[2026-03-10T01:46:44.010+0000] {local_task_job_runner.py:123} INFO - ::group::Pre task execution logs
[2026-03-10T01:46:44.108+0000] {taskinstance.py:2631} INFO - Dependencies all met for dep_context=non-requeueable deps ti=<TaskInstance: dag_get_data_from_yf.get_csv_low manual__2026-03-10T01:46:09.516193+00:00 [queued]>
[2026-03-10T01:46:44.130+0000] {taskinstance.py:2631} INFO - Dependencies all met for dep_context=requeueable deps ti=<TaskInstance: dag_get_data_from_yf.get_csv_low manual__2026-03-10T01:46:09.516193+00:00 [queued]>
[2026-03-10T01:46:44.131+0000] {taskinstance.py:2884} INFO - Starting attempt 1 of 1
[2026-03-10T01:46:44.163+0000] {taskinstance.py:2907} INFO - Executing <Task(_PythonDecoratedOperator): get_csv_low> on 2026-03-10 01:46:09.516193+00:00
[2026-03-10T01:46:44.185+0000] {warnings.py:112} WARNING - /home/***/.local/lib/python3.12/site-packages/***/task/task_runner/standard_task_runner.py:70: DeprecationWarning: This process (pid=542) is multi-threaded, use of fork() may lead to deadlocks in the child.
  pid = os.fork()

[2026-03-10T01:46:44.189+0000] {standard_task_runner.py:72} INFO - Started process 570 to run task
[2026-03-10T01:46:44.190+0000] {standard_task_runner.py:104} INFO - Running: ['***', 'tasks', 'run', 'dag_get_data_from_yf', 'get_csv_low', 'manual__2026-03-10T01:46:09.516193+00:00', '--job-id', '7905', '--raw', '--subdir', 'DAGS_FOLDER/get_finance_yf_csv.py', '--cfg-path', '/tmp/tmpyklkiv1t']
[2026-03-10T01:46:44.193+0000] {standard_task_runner.py:105} INFO - Job 7905: Subtask get_csv_low
[2026-03-10T01:46:44.317+0000] {task_command.py:467} INFO - Running <TaskInstance: dag_get_data_from_yf.get_csv_low manual__2026-03-10T01:46:09.516193+00:00 [running]> on host 50d997f0c294
[2026-03-10T01:46:44.875+0000] {taskinstance.py:3157} INFO - Exporting env vars: AIRFLOW_CTX_DAG_OWNER='***' AIRFLOW_CTX_DAG_ID='dag_get_data_from_yf' AIRFLOW_CTX_TASK_ID='get_csv_low' AIRFLOW_CTX_EXECUTION_DATE='2026-03-10T01:46:09.516193+00:00' AIRFLOW_CTX_TRY_NUMBER='1' AIRFLOW_CTX_DAG_RUN_ID='manual__2026-03-10T01:46:09.516193+00:00'
[2026-03-10T01:46:44.878+0000] {logging_mixin.py:190} INFO - Task instance is in running state
[2026-03-10T01:46:44.879+0000] {logging_mixin.py:190} INFO -  Previous state of the Task instance: queued
[2026-03-10T01:46:44.880+0000] {logging_mixin.py:190} INFO - Current task name:get_csv_low state:running start_date:2026-03-10 01:46:44.109469+00:00
[2026-03-10T01:46:44.881+0000] {logging_mixin.py:190} INFO - Dag name:dag_get_data_from_yf and current dag run status:running
[2026-03-10T01:46:44.882+0000] {taskinstance.py:740} INFO - ::endgroup::
[2026-03-10T01:46:44.898+0000] {logging_mixin.py:190} INFO - None
[2026-03-10T01:46:44.899+0000] {python.py:240} INFO - Done. Returned value was: /opt/***/scripts/saham_indonesia_low.csv
[2026-03-10T01:46:45.000+0000] {taskinstance.py:349} INFO - ::group::Post task execution logs
[2026-03-10T01:46:45.001+0000] {taskinstance.py:361} INFO - Marking task as SUCCESS. dag_id=dag_get_data_from_yf, task_id=get_csv_low, run_id=manual__2026-03-10T01:46:09.516193+00:00, execution_date=20260310T014609, start_date=20260310T014644, end_date=20260310T014645
[2026-03-10T01:46:45.091+0000] {logging_mixin.py:190} INFO - Task instance in success state
[2026-03-10T01:46:45.092+0000] {logging_mixin.py:190} INFO -  Previous state of the Task instance: running
[2026-03-10T01:46:45.093+0000] {logging_mixin.py:190} INFO - Dag name:dag_get_data_from_yf queued_at:2026-03-10 01:46:09.561913+00:00
[2026-03-10T01:46:45.094+0000] {logging_mixin.py:190} INFO - Task hostname:50d997f0c294 operator:_PythonDecoratedOperator
[2026-03-10T01:46:45.137+0000] {local_task_job_runner.py:266} INFO - Task exited with return code 0
[2026-03-10T01:46:45.204+0000] {local_task_job_runner.py:245} INFO - ::endgroup::
