[2026-03-15T09:54:46.592+0000] {local_task_job_runner.py:123} INFO - ::group::Pre task execution logs
[2026-03-15T09:54:46.828+0000] {taskinstance.py:2631} INFO - Dependencies all met for dep_context=non-requeueable deps ti=<TaskInstance: dag_get_data_from_yf.check_db scheduled__2026-03-02T00:00:00+00:00 [queued]>
[2026-03-15T09:54:46.876+0000] {taskinstance.py:2631} INFO - Dependencies all met for dep_context=requeueable deps ti=<TaskInstance: dag_get_data_from_yf.check_db scheduled__2026-03-02T00:00:00+00:00 [queued]>
[2026-03-15T09:54:46.877+0000] {taskinstance.py:2884} INFO - Starting attempt 1 of 1
[2026-03-15T09:54:47.014+0000] {taskinstance.py:2907} INFO - Executing <Task(_PythonDecoratedOperator): check_db> on 2026-03-02 00:00:00+00:00
[2026-03-15T09:54:47.230+0000] {warnings.py:112} WARNING - /home/***/.local/lib/python3.12/site-packages/***/task/task_runner/standard_task_runner.py:70: DeprecationWarning: This process (pid=1121) is multi-threaded, use of fork() may lead to deadlocks in the child.
  pid = os.fork()

[2026-03-15T09:54:47.233+0000] {standard_task_runner.py:72} INFO - Started process 1156 to run task
[2026-03-15T09:54:47.264+0000] {standard_task_runner.py:104} INFO - Running: ['***', 'tasks', 'run', 'dag_get_data_from_yf', 'check_db', 'scheduled__2026-03-02T00:00:00+00:00', '--job-id', '95', '--raw', '--subdir', 'DAGS_FOLDER/get_finance_yf_csv.py', '--cfg-path', '/tmp/tmpywjc9ygn']
[2026-03-15T09:54:47.266+0000] {standard_task_runner.py:105} INFO - Job 95: Subtask check_db
[2026-03-15T09:54:47.733+0000] {task_command.py:467} INFO - Running <TaskInstance: dag_get_data_from_yf.check_db scheduled__2026-03-02T00:00:00+00:00 [running]> on host 8c556da65e50
[2026-03-15T09:54:48.622+0000] {taskinstance.py:3157} INFO - Exporting env vars: AIRFLOW_CTX_DAG_OWNER='***' AIRFLOW_CTX_DAG_ID='dag_get_data_from_yf' AIRFLOW_CTX_TASK_ID='check_db' AIRFLOW_CTX_EXECUTION_DATE='2026-03-02T00:00:00+00:00' AIRFLOW_CTX_TRY_NUMBER='1' AIRFLOW_CTX_DAG_RUN_ID='scheduled__2026-03-02T00:00:00+00:00'
[2026-03-15T09:54:48.650+0000] {logging_mixin.py:190} INFO - Task instance is in running state
[2026-03-15T09:54:48.665+0000] {logging_mixin.py:190} INFO -  Previous state of the Task instance: queued
[2026-03-15T09:54:48.666+0000] {logging_mixin.py:190} INFO - Current task name:check_db state:running start_date:2026-03-15 09:54:46.829730+00:00
[2026-03-15T09:54:48.667+0000] {logging_mixin.py:190} INFO - Dag name:dag_get_data_from_yf and current dag run status:running
[2026-03-15T09:54:48.668+0000] {taskinstance.py:740} INFO - ::endgroup::
[2026-03-15T09:54:48.670+0000] {python.py:240} INFO - Done. Returned value was: None
[2026-03-15T09:54:48.733+0000] {taskinstance.py:349} INFO - ::group::Post task execution logs
[2026-03-15T09:54:48.734+0000] {taskinstance.py:361} INFO - Marking task as SUCCESS. dag_id=dag_get_data_from_yf, task_id=check_db, run_id=scheduled__2026-03-02T00:00:00+00:00, execution_date=20260302T000000, start_date=20260315T095446, end_date=20260315T095448
[2026-03-15T09:54:48.975+0000] {logging_mixin.py:190} INFO - Task instance in success state
[2026-03-15T09:54:48.976+0000] {logging_mixin.py:190} INFO -  Previous state of the Task instance: running
[2026-03-15T09:54:48.977+0000] {logging_mixin.py:190} INFO - Dag name:dag_get_data_from_yf queued_at:2026-03-15 09:40:29.328794+00:00
[2026-03-15T09:54:48.977+0000] {logging_mixin.py:190} INFO - Task hostname:8c556da65e50 operator:_PythonDecoratedOperator
[2026-03-15T09:54:49.048+0000] {local_task_job_runner.py:266} INFO - Task exited with return code 0
[2026-03-15T09:54:49.236+0000] {taskinstance.py:3924} INFO - 1 downstream tasks scheduled from follow-on schedule check
[2026-03-15T09:54:49.247+0000] {local_task_job_runner.py:245} INFO - ::endgroup::
[2026-03-15T11:40:24.780+0000] {local_task_job_runner.py:123} INFO - ::group::Pre task execution logs
[2026-03-15T11:40:24.882+0000] {taskinstance.py:2631} INFO - Dependencies all met for dep_context=non-requeueable deps ti=<TaskInstance: dag_get_data_from_yf.check_db scheduled__2026-03-02T00:00:00+00:00 [queued]>
[2026-03-15T11:40:24.912+0000] {taskinstance.py:2631} INFO - Dependencies all met for dep_context=requeueable deps ti=<TaskInstance: dag_get_data_from_yf.check_db scheduled__2026-03-02T00:00:00+00:00 [queued]>
[2026-03-15T11:40:24.914+0000] {taskinstance.py:2884} INFO - Starting attempt 1 of 1
[2026-03-15T11:40:24.956+0000] {taskinstance.py:2907} INFO - Executing <Task(_PythonDecoratedOperator): check_db> on 2026-03-02 00:00:00+00:00
[2026-03-15T11:40:24.975+0000] {warnings.py:112} WARNING - /home/***/.local/lib/python3.12/site-packages/***/task/task_runner/standard_task_runner.py:70: DeprecationWarning: This process (pid=1158) is multi-threaded, use of fork() may lead to deadlocks in the child.
  pid = os.fork()

[2026-03-15T11:40:24.978+0000] {standard_task_runner.py:72} INFO - Started process 1186 to run task
[2026-03-15T11:40:25.005+0000] {standard_task_runner.py:104} INFO - Running: ['***', 'tasks', 'run', 'dag_get_data_from_yf', 'check_db', 'scheduled__2026-03-02T00:00:00+00:00', '--job-id', '84', '--raw', '--subdir', 'DAGS_FOLDER/get_finance_yf_csv.py', '--cfg-path', '/tmp/tmp0jps2ni9']
[2026-03-15T11:40:25.008+0000] {standard_task_runner.py:105} INFO - Job 84: Subtask check_db
[2026-03-15T11:40:25.232+0000] {task_command.py:467} INFO - Running <TaskInstance: dag_get_data_from_yf.check_db scheduled__2026-03-02T00:00:00+00:00 [running]> on host 0682dd67c20c
[2026-03-15T11:40:25.574+0000] {taskinstance.py:3157} INFO - Exporting env vars: AIRFLOW_CTX_DAG_OWNER='***' AIRFLOW_CTX_DAG_ID='dag_get_data_from_yf' AIRFLOW_CTX_TASK_ID='check_db' AIRFLOW_CTX_EXECUTION_DATE='2026-03-02T00:00:00+00:00' AIRFLOW_CTX_TRY_NUMBER='1' AIRFLOW_CTX_DAG_RUN_ID='scheduled__2026-03-02T00:00:00+00:00'
[2026-03-15T11:40:25.577+0000] {logging_mixin.py:190} INFO - Task instance is in running state
[2026-03-15T11:40:25.577+0000] {logging_mixin.py:190} INFO -  Previous state of the Task instance: queued
[2026-03-15T11:40:25.578+0000] {logging_mixin.py:190} INFO - Current task name:check_db state:running start_date:2026-03-15 11:40:24.883447+00:00
[2026-03-15T11:40:25.578+0000] {logging_mixin.py:190} INFO - Dag name:dag_get_data_from_yf and current dag run status:running
[2026-03-15T11:40:25.579+0000] {taskinstance.py:740} INFO - ::endgroup::
[2026-03-15T11:40:25.611+0000] {base.py:84} INFO - Retrieving connection 'db_custom'
[2026-03-15T11:40:25.668+0000] {logging_mixin.py:190} INFO - Hasil manggil db: []
[2026-03-15T11:40:25.669+0000] {python.py:240} INFO - Done. Returned value was: None
[2026-03-15T11:40:25.708+0000] {taskinstance.py:349} INFO - ::group::Post task execution logs
[2026-03-15T11:40:25.709+0000] {taskinstance.py:361} INFO - Marking task as SUCCESS. dag_id=dag_get_data_from_yf, task_id=check_db, run_id=scheduled__2026-03-02T00:00:00+00:00, execution_date=20260302T000000, start_date=20260315T114024, end_date=20260315T114025
[2026-03-15T11:40:25.829+0000] {logging_mixin.py:190} INFO - Task instance in success state
[2026-03-15T11:40:25.830+0000] {logging_mixin.py:190} INFO -  Previous state of the Task instance: running
[2026-03-15T11:40:25.831+0000] {logging_mixin.py:190} INFO - Dag name:dag_get_data_from_yf queued_at:2026-03-15 11:31:34.726368+00:00
[2026-03-15T11:40:25.831+0000] {logging_mixin.py:190} INFO - Task hostname:0682dd67c20c operator:_PythonDecoratedOperator
[2026-03-15T11:40:25.924+0000] {local_task_job_runner.py:266} INFO - Task exited with return code 0
[2026-03-15T11:40:26.063+0000] {taskinstance.py:3924} INFO - 1 downstream tasks scheduled from follow-on schedule check
[2026-03-15T11:40:26.076+0000] {local_task_job_runner.py:245} INFO - ::endgroup::
[2026-03-15T12:15:53.757+0000] {local_task_job_runner.py:123} INFO - ::group::Pre task execution logs
[2026-03-15T12:15:53.969+0000] {taskinstance.py:2631} INFO - Dependencies all met for dep_context=non-requeueable deps ti=<TaskInstance: dag_get_data_from_yf.check_db scheduled__2026-03-02T00:00:00+00:00 [queued]>
[2026-03-15T12:15:54.044+0000] {taskinstance.py:2631} INFO - Dependencies all met for dep_context=requeueable deps ti=<TaskInstance: dag_get_data_from_yf.check_db scheduled__2026-03-02T00:00:00+00:00 [queued]>
[2026-03-15T12:15:54.047+0000] {taskinstance.py:2884} INFO - Starting attempt 1 of 1
[2026-03-15T12:15:54.130+0000] {taskinstance.py:2907} INFO - Executing <Task(_PythonDecoratedOperator): check_db> on 2026-03-02 00:00:00+00:00
[2026-03-15T12:15:54.175+0000] {warnings.py:112} WARNING - /home/***/.local/lib/python3.12/site-packages/***/task/task_runner/standard_task_runner.py:70: DeprecationWarning: This process (pid=3225) is multi-threaded, use of fork() may lead to deadlocks in the child.
  pid = os.fork()

[2026-03-15T12:15:54.205+0000] {standard_task_runner.py:72} INFO - Started process 3279 to run task
[2026-03-15T12:15:54.184+0000] {standard_task_runner.py:104} INFO - Running: ['***', 'tasks', 'run', 'dag_get_data_from_yf', 'check_db', 'scheduled__2026-03-02T00:00:00+00:00', '--job-id', '271', '--raw', '--subdir', 'DAGS_FOLDER/get_finance_yf_csv.py', '--cfg-path', '/tmp/tmpz4gwq66k']
[2026-03-15T12:15:54.236+0000] {standard_task_runner.py:105} INFO - Job 271: Subtask check_db
[2026-03-15T12:15:54.756+0000] {task_command.py:467} INFO - Running <TaskInstance: dag_get_data_from_yf.check_db scheduled__2026-03-02T00:00:00+00:00 [running]> on host 0682dd67c20c
[2026-03-15T12:15:55.728+0000] {taskinstance.py:3157} INFO - Exporting env vars: AIRFLOW_CTX_DAG_OWNER='***' AIRFLOW_CTX_DAG_ID='dag_get_data_from_yf' AIRFLOW_CTX_TASK_ID='check_db' AIRFLOW_CTX_EXECUTION_DATE='2026-03-02T00:00:00+00:00' AIRFLOW_CTX_TRY_NUMBER='1' AIRFLOW_CTX_DAG_RUN_ID='scheduled__2026-03-02T00:00:00+00:00'
[2026-03-15T12:15:55.731+0000] {logging_mixin.py:190} INFO - Task instance is in running state
[2026-03-15T12:15:55.732+0000] {logging_mixin.py:190} INFO -  Previous state of the Task instance: queued
[2026-03-15T12:15:55.732+0000] {logging_mixin.py:190} INFO - Current task name:check_db state:running start_date:2026-03-15 12:15:53.970366+00:00
[2026-03-15T12:15:55.733+0000] {logging_mixin.py:190} INFO - Dag name:dag_get_data_from_yf and current dag run status:running
[2026-03-15T12:15:55.733+0000] {taskinstance.py:740} INFO - ::endgroup::
[2026-03-15T12:15:55.810+0000] {base.py:84} INFO - Retrieving connection 'db_custom'
[2026-03-15T12:15:55.867+0000] {taskinstance.py:3336} ERROR - Task failed with exception
Traceback (most recent call last):
  File "/home/airflow/.local/lib/python3.12/site-packages/airflow/models/taskinstance.py", line 776, in _execute_task
    result = _execute_callable(context=context, **execute_callable_kwargs)
             ^^^^^^^^^^^^^^^^^^^^^^^^^^^^^^^^^^^^^^^^^^^^^^^^^^^^^^^^^^^^^
  File "/home/airflow/.local/lib/python3.12/site-packages/airflow/models/taskinstance.py", line 742, in _execute_callable
    return ExecutionCallableRunner(
           ^^^^^^^^^^^^^^^^^^^^^^^^
  File "/home/airflow/.local/lib/python3.12/site-packages/airflow/utils/operator_helpers.py", line 252, in run
    return self.func(*args, **kwargs)
           ^^^^^^^^^^^^^^^^^^^^^^^^^^
  File "/home/airflow/.local/lib/python3.12/site-packages/airflow/models/baseoperator.py", line 425, in wrapper
    return func(self, *args, **kwargs)
           ^^^^^^^^^^^^^^^^^^^^^^^^^^^
  File "/home/airflow/.local/lib/python3.12/site-packages/airflow/decorators/base.py", line 266, in execute
    return_value = super().execute(context)
                   ^^^^^^^^^^^^^^^^^^^^^^^^
  File "/home/airflow/.local/lib/python3.12/site-packages/airflow/models/baseoperator.py", line 425, in wrapper
    return func(self, *args, **kwargs)
           ^^^^^^^^^^^^^^^^^^^^^^^^^^^
  File "/home/airflow/.local/lib/python3.12/site-packages/airflow/operators/python.py", line 238, in execute
    return_value = self.execute_callable()
                   ^^^^^^^^^^^^^^^^^^^^^^^
  File "/home/airflow/.local/lib/python3.12/site-packages/airflow/operators/python.py", line 256, in execute_callable
    return runner.run(*self.op_args, **self.op_kwargs)
           ^^^^^^^^^^^^^^^^^^^^^^^^^^^^^^^^^^^^^^^^^^^
  File "/home/airflow/.local/lib/python3.12/site-packages/airflow/utils/operator_helpers.py", line 252, in run
    return self.func(*args, **kwargs)
           ^^^^^^^^^^^^^^^^^^^^^^^^^^
  File "/opt/airflow/dags/get_finance_yf_csv.py", line 202, in check_db
    cursor.execute(query)
psycopg2.errors.UndefinedTable: relation "pengguna" does not exist
LINE 1: SELECT * FROM pengguna;
                      ^

[2026-03-15T12:15:55.949+0000] {logging_mixin.py:190} INFO - Task instance in failure state
[2026-03-15T12:15:55.950+0000] {logging_mixin.py:190} INFO - Task start:2026-03-15 12:15:53.970366+00:00 end:2026-03-15 12:15:55.948872+00:00 duration:1.978506
[2026-03-15T12:15:55.951+0000] {logging_mixin.py:190} INFO - Task:<Task(_PythonDecoratedOperator): check_db> dag:<DAG: dag_get_data_from_yf> dagrun:<DagRun dag_get_data_from_yf @ 2026-03-02 00:00:00+00:00: scheduled__2026-03-02T00:00:00+00:00, state:running, queued_at: 2026-03-15 12:05:14.410198+00:00. externally triggered: False>
[2026-03-15T12:15:55.952+0000] {logging_mixin.py:190} INFO - Failure caused by relation "pengguna" does not exist
LINE 1: SELECT * FROM pengguna;
                      ^
[2026-03-15T12:15:55.952+0000] {taskinstance.py:1242} INFO - Marking task as FAILED. dag_id=dag_get_data_from_yf, task_id=check_db, run_id=scheduled__2026-03-02T00:00:00+00:00, execution_date=20260302T000000, start_date=20260315T121553, end_date=20260315T121555
[2026-03-15T12:15:56.127+0000] {taskinstance.py:349} INFO - ::group::Post task execution logs
[2026-03-15T12:15:56.128+0000] {standard_task_runner.py:124} ERROR - Failed to execute job 271 for task check_db (relation "pengguna" does not exist
LINE 1: SELECT * FROM pengguna;
                      ^
; 3279)
Traceback (most recent call last):
  File "/home/airflow/.local/lib/python3.12/site-packages/airflow/task/task_runner/standard_task_runner.py", line 117, in _start_by_fork
    ret = args.func(args, dag=self.dag)
          ^^^^^^^^^^^^^^^^^^^^^^^^^^^^^
  File "/home/airflow/.local/lib/python3.12/site-packages/airflow/cli/cli_config.py", line 49, in command
    return func(*args, **kwargs)
           ^^^^^^^^^^^^^^^^^^^^^
  File "/home/airflow/.local/lib/python3.12/site-packages/airflow/utils/cli.py", line 116, in wrapper
    return f(*args, **kwargs)
           ^^^^^^^^^^^^^^^^^^
  File "/home/airflow/.local/lib/python3.12/site-packages/airflow/cli/commands/task_command.py", line 483, in task_run
    task_return_code = _run_task_by_selected_method(args, _dag, ti)
                       ^^^^^^^^^^^^^^^^^^^^^^^^^^^^^^^^^^^^^^^^^^^^
  File "/home/airflow/.local/lib/python3.12/site-packages/airflow/cli/commands/task_command.py", line 256, in _run_task_by_selected_method
    return _run_raw_task(args, ti)
           ^^^^^^^^^^^^^^^^^^^^^^^
  File "/home/airflow/.local/lib/python3.12/site-packages/airflow/cli/commands/task_command.py", line 341, in _run_raw_task
    return ti._run_raw_task(
           ^^^^^^^^^^^^^^^^^
  File "/home/airflow/.local/lib/python3.12/site-packages/airflow/utils/session.py", line 97, in wrapper
    return func(*args, session=session, **kwargs)
           ^^^^^^^^^^^^^^^^^^^^^^^^^^^^^^^^^^^^^^
  File "/home/airflow/.local/lib/python3.12/site-packages/airflow/models/taskinstance.py", line 3029, in _run_raw_task
    return _run_raw_task(
           ^^^^^^^^^^^^^^
  File "/home/airflow/.local/lib/python3.12/site-packages/airflow/models/taskinstance.py", line 282, in _run_raw_task
    TaskInstance._execute_task_with_callbacks(
  File "/home/airflow/.local/lib/python3.12/site-packages/airflow/models/taskinstance.py", line 3184, in _execute_task_with_callbacks
    result = self._execute_task(context, task_orig)
             ^^^^^^^^^^^^^^^^^^^^^^^^^^^^^^^^^^^^^^
  File "/home/airflow/.local/lib/python3.12/site-packages/airflow/models/taskinstance.py", line 3208, in _execute_task
    return _execute_task(self, context, task_orig)
           ^^^^^^^^^^^^^^^^^^^^^^^^^^^^^^^^^^^^^^^
  File "/home/airflow/.local/lib/python3.12/site-packages/airflow/models/taskinstance.py", line 776, in _execute_task
    result = _execute_callable(context=context, **execute_callable_kwargs)
             ^^^^^^^^^^^^^^^^^^^^^^^^^^^^^^^^^^^^^^^^^^^^^^^^^^^^^^^^^^^^^
  File "/home/airflow/.local/lib/python3.12/site-packages/airflow/models/taskinstance.py", line 742, in _execute_callable
    return ExecutionCallableRunner(
           ^^^^^^^^^^^^^^^^^^^^^^^^
  File "/home/airflow/.local/lib/python3.12/site-packages/airflow/utils/operator_helpers.py", line 252, in run
    return self.func(*args, **kwargs)
           ^^^^^^^^^^^^^^^^^^^^^^^^^^
  File "/home/airflow/.local/lib/python3.12/site-packages/airflow/models/baseoperator.py", line 425, in wrapper
    return func(self, *args, **kwargs)
           ^^^^^^^^^^^^^^^^^^^^^^^^^^^
  File "/home/airflow/.local/lib/python3.12/site-packages/airflow/decorators/base.py", line 266, in execute
    return_value = super().execute(context)
                   ^^^^^^^^^^^^^^^^^^^^^^^^
  File "/home/airflow/.local/lib/python3.12/site-packages/airflow/models/baseoperator.py", line 425, in wrapper
    return func(self, *args, **kwargs)
           ^^^^^^^^^^^^^^^^^^^^^^^^^^^
  File "/home/airflow/.local/lib/python3.12/site-packages/airflow/operators/python.py", line 238, in execute
    return_value = self.execute_callable()
                   ^^^^^^^^^^^^^^^^^^^^^^^
  File "/home/airflow/.local/lib/python3.12/site-packages/airflow/operators/python.py", line 256, in execute_callable
    return runner.run(*self.op_args, **self.op_kwargs)
           ^^^^^^^^^^^^^^^^^^^^^^^^^^^^^^^^^^^^^^^^^^^
  File "/home/airflow/.local/lib/python3.12/site-packages/airflow/utils/operator_helpers.py", line 252, in run
    return self.func(*args, **kwargs)
           ^^^^^^^^^^^^^^^^^^^^^^^^^^
  File "/opt/airflow/dags/get_finance_yf_csv.py", line 202, in check_db
    cursor.execute(query)
psycopg2.errors.UndefinedTable: relation "pengguna" does not exist
LINE 1: SELECT * FROM pengguna;
                      ^

[2026-03-15T12:15:56.215+0000] {local_task_job_runner.py:266} INFO - Task exited with return code 1
[2026-03-15T12:15:56.255+0000] {local_task_job_runner.py:245} INFO - ::endgroup::
[2026-03-15T15:00:35.775+0000] {local_task_job_runner.py:123} INFO - ::group::Pre task execution logs
[2026-03-15T15:00:35.945+0000] {taskinstance.py:2631} INFO - Dependencies all met for dep_context=non-requeueable deps ti=<TaskInstance: dag_get_data_from_yf.check_db scheduled__2026-03-02T00:00:00+00:00 [queued]>
[2026-03-15T15:00:36.007+0000] {taskinstance.py:2631} INFO - Dependencies all met for dep_context=requeueable deps ti=<TaskInstance: dag_get_data_from_yf.check_db scheduled__2026-03-02T00:00:00+00:00 [queued]>
[2026-03-15T15:00:36.015+0000] {taskinstance.py:2884} INFO - Starting attempt 1 of 1
[2026-03-15T15:00:36.336+0000] {taskinstance.py:2907} INFO - Executing <Task(_PythonDecoratedOperator): check_db> on 2026-03-02 00:00:00+00:00
[2026-03-15T15:00:36.400+0000] {warnings.py:112} WARNING - /home/***/.local/lib/python3.12/site-packages/***/task/task_runner/standard_task_runner.py:70: DeprecationWarning: This process (pid=4485) is multi-threaded, use of fork() may lead to deadlocks in the child.
  pid = os.fork()

[2026-03-15T15:00:36.403+0000] {standard_task_runner.py:72} INFO - Started process 4530 to run task
[2026-03-15T15:00:36.429+0000] {standard_task_runner.py:104} INFO - Running: ['***', 'tasks', 'run', 'dag_get_data_from_yf', 'check_db', 'scheduled__2026-03-02T00:00:00+00:00', '--job-id', '372', '--raw', '--subdir', 'DAGS_FOLDER/get_finance_yf_csv.py', '--cfg-path', '/tmp/tmpezw5t7t5']
[2026-03-15T15:00:36.431+0000] {standard_task_runner.py:105} INFO - Job 372: Subtask check_db
[2026-03-15T15:00:36.781+0000] {task_command.py:467} INFO - Running <TaskInstance: dag_get_data_from_yf.check_db scheduled__2026-03-02T00:00:00+00:00 [running]> on host 0682dd67c20c
[2026-03-15T15:00:37.236+0000] {taskinstance.py:3157} INFO - Exporting env vars: AIRFLOW_CTX_DAG_OWNER='***' AIRFLOW_CTX_DAG_ID='dag_get_data_from_yf' AIRFLOW_CTX_TASK_ID='check_db' AIRFLOW_CTX_EXECUTION_DATE='2026-03-02T00:00:00+00:00' AIRFLOW_CTX_TRY_NUMBER='1' AIRFLOW_CTX_DAG_RUN_ID='scheduled__2026-03-02T00:00:00+00:00'
[2026-03-15T15:00:37.244+0000] {logging_mixin.py:190} INFO - Task instance is in running state
[2026-03-15T15:00:37.246+0000] {logging_mixin.py:190} INFO -  Previous state of the Task instance: queued
[2026-03-15T15:00:37.252+0000] {logging_mixin.py:190} INFO - Current task name:check_db state:running start_date:2026-03-15 15:00:35.957597+00:00
[2026-03-15T15:00:37.253+0000] {logging_mixin.py:190} INFO - Dag name:dag_get_data_from_yf and current dag run status:running
[2026-03-15T15:00:37.254+0000] {taskinstance.py:740} INFO - ::endgroup::
[2026-03-15T15:00:37.315+0000] {base.py:84} INFO - Retrieving connection 'db_custom'
[2026-03-15T15:00:37.433+0000] {taskinstance.py:3336} ERROR - Task failed with exception
Traceback (most recent call last):
  File "/home/airflow/.local/lib/python3.12/site-packages/airflow/models/taskinstance.py", line 776, in _execute_task
    result = _execute_callable(context=context, **execute_callable_kwargs)
             ^^^^^^^^^^^^^^^^^^^^^^^^^^^^^^^^^^^^^^^^^^^^^^^^^^^^^^^^^^^^^
  File "/home/airflow/.local/lib/python3.12/site-packages/airflow/models/taskinstance.py", line 742, in _execute_callable
    return ExecutionCallableRunner(
           ^^^^^^^^^^^^^^^^^^^^^^^^
  File "/home/airflow/.local/lib/python3.12/site-packages/airflow/utils/operator_helpers.py", line 252, in run
    return self.func(*args, **kwargs)
           ^^^^^^^^^^^^^^^^^^^^^^^^^^
  File "/home/airflow/.local/lib/python3.12/site-packages/airflow/models/baseoperator.py", line 425, in wrapper
    return func(self, *args, **kwargs)
           ^^^^^^^^^^^^^^^^^^^^^^^^^^^
  File "/home/airflow/.local/lib/python3.12/site-packages/airflow/decorators/base.py", line 266, in execute
    return_value = super().execute(context)
                   ^^^^^^^^^^^^^^^^^^^^^^^^
  File "/home/airflow/.local/lib/python3.12/site-packages/airflow/models/baseoperator.py", line 425, in wrapper
    return func(self, *args, **kwargs)
           ^^^^^^^^^^^^^^^^^^^^^^^^^^^
  File "/home/airflow/.local/lib/python3.12/site-packages/airflow/operators/python.py", line 238, in execute
    return_value = self.execute_callable()
                   ^^^^^^^^^^^^^^^^^^^^^^^
  File "/home/airflow/.local/lib/python3.12/site-packages/airflow/operators/python.py", line 256, in execute_callable
    return runner.run(*self.op_args, **self.op_kwargs)
           ^^^^^^^^^^^^^^^^^^^^^^^^^^^^^^^^^^^^^^^^^^^
  File "/home/airflow/.local/lib/python3.12/site-packages/airflow/utils/operator_helpers.py", line 252, in run
    return self.func(*args, **kwargs)
           ^^^^^^^^^^^^^^^^^^^^^^^^^^
  File "/opt/airflow/dags/get_finance_yf_csv.py", line 199, in check_db
    cursor.execute(query)
psycopg2.errors.DuplicateTable: relation "pengguna" already exists

[2026-03-15T15:00:37.539+0000] {logging_mixin.py:190} INFO - Task instance in failure state
[2026-03-15T15:00:37.558+0000] {logging_mixin.py:190} INFO - Task start:2026-03-15 15:00:35.957597+00:00 end:2026-03-15 15:00:37.538219+00:00 duration:1.580622
[2026-03-15T15:00:37.585+0000] {logging_mixin.py:190} INFO - Task:<Task(_PythonDecoratedOperator): check_db> dag:<DAG: dag_get_data_from_yf> dagrun:<DagRun dag_get_data_from_yf @ 2026-03-02 00:00:00+00:00: scheduled__2026-03-02T00:00:00+00:00, state:running, queued_at: 2026-03-15 14:51:58.858120+00:00. externally triggered: False>
[2026-03-15T15:00:37.586+0000] {logging_mixin.py:190} INFO - Failure caused by relation "pengguna" already exists
[2026-03-15T15:00:37.587+0000] {taskinstance.py:1242} INFO - Marking task as FAILED. dag_id=dag_get_data_from_yf, task_id=check_db, run_id=scheduled__2026-03-02T00:00:00+00:00, execution_date=20260302T000000, start_date=20260315T150035, end_date=20260315T150037
[2026-03-15T15:00:37.792+0000] {taskinstance.py:349} INFO - ::group::Post task execution logs
[2026-03-15T15:00:37.793+0000] {standard_task_runner.py:124} ERROR - Failed to execute job 372 for task check_db (relation "pengguna" already exists
; 4530)
Traceback (most recent call last):
  File "/home/airflow/.local/lib/python3.12/site-packages/airflow/task/task_runner/standard_task_runner.py", line 117, in _start_by_fork
    ret = args.func(args, dag=self.dag)
          ^^^^^^^^^^^^^^^^^^^^^^^^^^^^^
  File "/home/airflow/.local/lib/python3.12/site-packages/airflow/cli/cli_config.py", line 49, in command
    return func(*args, **kwargs)
           ^^^^^^^^^^^^^^^^^^^^^
  File "/home/airflow/.local/lib/python3.12/site-packages/airflow/utils/cli.py", line 116, in wrapper
    return f(*args, **kwargs)
           ^^^^^^^^^^^^^^^^^^
  File "/home/airflow/.local/lib/python3.12/site-packages/airflow/cli/commands/task_command.py", line 483, in task_run
    task_return_code = _run_task_by_selected_method(args, _dag, ti)
                       ^^^^^^^^^^^^^^^^^^^^^^^^^^^^^^^^^^^^^^^^^^^^
  File "/home/airflow/.local/lib/python3.12/site-packages/airflow/cli/commands/task_command.py", line 256, in _run_task_by_selected_method
    return _run_raw_task(args, ti)
           ^^^^^^^^^^^^^^^^^^^^^^^
  File "/home/airflow/.local/lib/python3.12/site-packages/airflow/cli/commands/task_command.py", line 341, in _run_raw_task
    return ti._run_raw_task(
           ^^^^^^^^^^^^^^^^^
  File "/home/airflow/.local/lib/python3.12/site-packages/airflow/utils/session.py", line 97, in wrapper
    return func(*args, session=session, **kwargs)
           ^^^^^^^^^^^^^^^^^^^^^^^^^^^^^^^^^^^^^^
  File "/home/airflow/.local/lib/python3.12/site-packages/airflow/models/taskinstance.py", line 3029, in _run_raw_task
    return _run_raw_task(
           ^^^^^^^^^^^^^^
  File "/home/airflow/.local/lib/python3.12/site-packages/airflow/models/taskinstance.py", line 282, in _run_raw_task
    TaskInstance._execute_task_with_callbacks(
  File "/home/airflow/.local/lib/python3.12/site-packages/airflow/models/taskinstance.py", line 3184, in _execute_task_with_callbacks
    result = self._execute_task(context, task_orig)
             ^^^^^^^^^^^^^^^^^^^^^^^^^^^^^^^^^^^^^^
  File "/home/airflow/.local/lib/python3.12/site-packages/airflow/models/taskinstance.py", line 3208, in _execute_task
    return _execute_task(self, context, task_orig)
           ^^^^^^^^^^^^^^^^^^^^^^^^^^^^^^^^^^^^^^^
  File "/home/airflow/.local/lib/python3.12/site-packages/airflow/models/taskinstance.py", line 776, in _execute_task
    result = _execute_callable(context=context, **execute_callable_kwargs)
             ^^^^^^^^^^^^^^^^^^^^^^^^^^^^^^^^^^^^^^^^^^^^^^^^^^^^^^^^^^^^^
  File "/home/airflow/.local/lib/python3.12/site-packages/airflow/models/taskinstance.py", line 742, in _execute_callable
    return ExecutionCallableRunner(
           ^^^^^^^^^^^^^^^^^^^^^^^^
  File "/home/airflow/.local/lib/python3.12/site-packages/airflow/utils/operator_helpers.py", line 252, in run
    return self.func(*args, **kwargs)
           ^^^^^^^^^^^^^^^^^^^^^^^^^^
  File "/home/airflow/.local/lib/python3.12/site-packages/airflow/models/baseoperator.py", line 425, in wrapper
    return func(self, *args, **kwargs)
           ^^^^^^^^^^^^^^^^^^^^^^^^^^^
  File "/home/airflow/.local/lib/python3.12/site-packages/airflow/decorators/base.py", line 266, in execute
    return_value = super().execute(context)
                   ^^^^^^^^^^^^^^^^^^^^^^^^
  File "/home/airflow/.local/lib/python3.12/site-packages/airflow/models/baseoperator.py", line 425, in wrapper
    return func(self, *args, **kwargs)
           ^^^^^^^^^^^^^^^^^^^^^^^^^^^
  File "/home/airflow/.local/lib/python3.12/site-packages/airflow/operators/python.py", line 238, in execute
    return_value = self.execute_callable()
                   ^^^^^^^^^^^^^^^^^^^^^^^
  File "/home/airflow/.local/lib/python3.12/site-packages/airflow/operators/python.py", line 256, in execute_callable
    return runner.run(*self.op_args, **self.op_kwargs)
           ^^^^^^^^^^^^^^^^^^^^^^^^^^^^^^^^^^^^^^^^^^^
  File "/home/airflow/.local/lib/python3.12/site-packages/airflow/utils/operator_helpers.py", line 252, in run
    return self.func(*args, **kwargs)
           ^^^^^^^^^^^^^^^^^^^^^^^^^^
  File "/opt/airflow/dags/get_finance_yf_csv.py", line 199, in check_db
    cursor.execute(query)
psycopg2.errors.DuplicateTable: relation "pengguna" already exists

[2026-03-15T15:00:37.880+0000] {local_task_job_runner.py:266} INFO - Task exited with return code 1
[2026-03-15T15:00:37.978+0000] {local_task_job_runner.py:245} INFO - ::endgroup::
[2026-03-15T15:27:00.712+0000] {local_task_job_runner.py:123} INFO - ::group::Pre task execution logs
[2026-03-15T15:27:00.912+0000] {taskinstance.py:2631} INFO - Dependencies all met for dep_context=non-requeueable deps ti=<TaskInstance: dag_get_data_from_yf.check_db scheduled__2026-03-02T00:00:00+00:00 [queued]>
[2026-03-15T15:27:00.984+0000] {taskinstance.py:2631} INFO - Dependencies all met for dep_context=requeueable deps ti=<TaskInstance: dag_get_data_from_yf.check_db scheduled__2026-03-02T00:00:00+00:00 [queued]>
[2026-03-15T15:27:00.986+0000] {taskinstance.py:2884} INFO - Starting attempt 1 of 1
[2026-03-15T15:27:01.098+0000] {taskinstance.py:2907} INFO - Executing <Task(_PythonDecoratedOperator): check_db> on 2026-03-02 00:00:00+00:00
[2026-03-15T15:27:01.174+0000] {warnings.py:112} WARNING - /home/***/.local/lib/python3.12/site-packages/***/task/task_runner/standard_task_runner.py:70: DeprecationWarning: This process (pid=1251) is multi-threaded, use of fork() may lead to deadlocks in the child.
  pid = os.fork()

[2026-03-15T15:27:01.188+0000] {standard_task_runner.py:72} INFO - Started process 1312 to run task
[2026-03-15T15:27:01.201+0000] {standard_task_runner.py:104} INFO - Running: ['***', 'tasks', 'run', 'dag_get_data_from_yf', 'check_db', 'scheduled__2026-03-02T00:00:00+00:00', '--job-id', '520', '--raw', '--subdir', 'DAGS_FOLDER/get_finance_yf_csv.py', '--cfg-path', '/tmp/tmpzcw6z_40']
[2026-03-15T15:27:01.204+0000] {standard_task_runner.py:105} INFO - Job 520: Subtask check_db
[2026-03-15T15:27:01.727+0000] {task_command.py:467} INFO - Running <TaskInstance: dag_get_data_from_yf.check_db scheduled__2026-03-02T00:00:00+00:00 [running]> on host c2f7721b6bb3
[2026-03-15T15:27:02.767+0000] {taskinstance.py:3157} INFO - Exporting env vars: AIRFLOW_CTX_DAG_OWNER='***' AIRFLOW_CTX_DAG_ID='dag_get_data_from_yf' AIRFLOW_CTX_TASK_ID='check_db' AIRFLOW_CTX_EXECUTION_DATE='2026-03-02T00:00:00+00:00' AIRFLOW_CTX_TRY_NUMBER='1' AIRFLOW_CTX_DAG_RUN_ID='scheduled__2026-03-02T00:00:00+00:00'
[2026-03-15T15:27:02.771+0000] {logging_mixin.py:190} INFO - Task instance is in running state
[2026-03-15T15:27:02.782+0000] {logging_mixin.py:190} INFO -  Previous state of the Task instance: queued
[2026-03-15T15:27:02.784+0000] {logging_mixin.py:190} INFO - Current task name:check_db state:running start_date:2026-03-15 15:27:00.913797+00:00
[2026-03-15T15:27:02.787+0000] {logging_mixin.py:190} INFO - Dag name:dag_get_data_from_yf and current dag run status:running
[2026-03-15T15:27:02.794+0000] {taskinstance.py:740} INFO - ::endgroup::
[2026-03-15T15:27:02.957+0000] {base.py:84} INFO - Retrieving connection 'db_custom'
[2026-03-15T15:27:03.107+0000] {logging_mixin.py:190} INFO - Hasil manggil db: [(1, 'Alex', datetime.datetime(2026, 3, 15, 15, 0, 31, 491419)), (2, 'Budi', datetime.datetime(2026, 3, 15, 15, 0, 31, 491419)), (3, 'Charlie', datetime.datetime(2026, 3, 15, 15, 0, 31, 491419)), (4, 'Alex', datetime.datetime(2026, 3, 15, 15, 26, 39, 582858)), (5, 'Budi', datetime.datetime(2026, 3, 15, 15, 26, 39, 582858)), (6, 'Charlie', datetime.datetime(2026, 3, 15, 15, 26, 39, 582858)), (7, 'Alex', datetime.datetime(2026, 3, 15, 15, 26, 40, 978185)), (8, 'Budi', datetime.datetime(2026, 3, 15, 15, 26, 40, 978185)), (9, 'Charlie', datetime.datetime(2026, 3, 15, 15, 26, 40, 978185)), (10, 'Alex', datetime.datetime(2026, 3, 15, 15, 26, 44, 207953)), (11, 'Budi', datetime.datetime(2026, 3, 15, 15, 26, 44, 207953)), (12, 'Charlie', datetime.datetime(2026, 3, 15, 15, 26, 44, 207953)), (13, 'Alex', datetime.datetime(2026, 3, 15, 15, 26, 49, 111112)), (14, 'Budi', datetime.datetime(2026, 3, 15, 15, 26, 49, 111112)), (15, 'Charlie', datetime.datetime(2026, 3, 15, 15, 26, 49, 111112)), (16, 'Alex', datetime.datetime(2026, 3, 15, 15, 26, 50, 941016)), (17, 'Budi', datetime.datetime(2026, 3, 15, 15, 26, 50, 941016)), (18, 'Charlie', datetime.datetime(2026, 3, 15, 15, 26, 50, 941016)), (19, 'Alex', datetime.datetime(2026, 3, 15, 15, 26, 54, 862649)), (20, 'Budi', datetime.datetime(2026, 3, 15, 15, 26, 54, 862649)), (21, 'Charlie', datetime.datetime(2026, 3, 15, 15, 26, 54, 862649)), (22, 'Alex', datetime.datetime(2026, 3, 15, 15, 26, 55, 384370)), (23, 'Budi', datetime.datetime(2026, 3, 15, 15, 26, 55, 384370)), (24, 'Charlie', datetime.datetime(2026, 3, 15, 15, 26, 55, 384370)), (25, 'Alex', datetime.datetime(2026, 3, 15, 15, 27, 0, 710851)), (26, 'Budi', datetime.datetime(2026, 3, 15, 15, 27, 0, 710851)), (27, 'Charlie', datetime.datetime(2026, 3, 15, 15, 27, 0, 710851)), (28, 'Alex', datetime.datetime(2026, 3, 15, 15, 27, 3, 101784)), (29, 'Budi', datetime.datetime(2026, 3, 15, 15, 27, 3, 101784)), (30, 'Charlie', datetime.datetime(2026, 3, 15, 15, 27, 3, 101784))]
[2026-03-15T15:27:03.122+0000] {python.py:240} INFO - Done. Returned value was: None
[2026-03-15T15:27:03.276+0000] {taskinstance.py:349} INFO - ::group::Post task execution logs
[2026-03-15T15:27:03.281+0000] {taskinstance.py:361} INFO - Marking task as SUCCESS. dag_id=dag_get_data_from_yf, task_id=check_db, run_id=scheduled__2026-03-02T00:00:00+00:00, execution_date=20260302T000000, start_date=20260315T152700, end_date=20260315T152703
[2026-03-15T15:27:03.506+0000] {logging_mixin.py:190} INFO - Task instance in success state
[2026-03-15T15:27:03.512+0000] {logging_mixin.py:190} INFO -  Previous state of the Task instance: running
[2026-03-15T15:27:03.514+0000] {logging_mixin.py:190} INFO - Dag name:dag_get_data_from_yf queued_at:2026-03-15 15:18:37.347924+00:00
[2026-03-15T15:27:03.516+0000] {logging_mixin.py:190} INFO - Task hostname:c2f7721b6bb3 operator:_PythonDecoratedOperator
[2026-03-15T15:27:03.603+0000] {local_task_job_runner.py:266} INFO - Task exited with return code 0
[2026-03-15T15:27:03.879+0000] {taskinstance.py:3924} INFO - 1 downstream tasks scheduled from follow-on schedule check
[2026-03-15T15:27:03.887+0000] {local_task_job_runner.py:245} INFO - ::endgroup::
[2026-03-15T16:23:35.972+0000] {local_task_job_runner.py:123} INFO - ::group::Pre task execution logs
[2026-03-15T16:23:36.126+0000] {taskinstance.py:2631} INFO - Dependencies all met for dep_context=non-requeueable deps ti=<TaskInstance: dag_get_data_from_yf.check_db scheduled__2026-03-02T00:00:00+00:00 [queued]>
[2026-03-15T16:23:36.176+0000] {taskinstance.py:2631} INFO - Dependencies all met for dep_context=requeueable deps ti=<TaskInstance: dag_get_data_from_yf.check_db scheduled__2026-03-02T00:00:00+00:00 [queued]>
[2026-03-15T16:23:36.177+0000] {taskinstance.py:2884} INFO - Starting attempt 1 of 1
[2026-03-15T16:23:36.276+0000] {taskinstance.py:2907} INFO - Executing <Task(_PythonDecoratedOperator): check_db> on 2026-03-02 00:00:00+00:00
[2026-03-15T16:23:36.370+0000] {standard_task_runner.py:104} INFO - Running: ['***', 'tasks', 'run', 'dag_get_data_from_yf', 'check_db', 'scheduled__2026-03-02T00:00:00+00:00', '--job-id', '635', '--raw', '--subdir', 'DAGS_FOLDER/get_finance_yf_csv.py', '--cfg-path', '/tmp/tmp0qnhu41j']
[2026-03-15T16:23:36.374+0000] {standard_task_runner.py:105} INFO - Job 635: Subtask check_db
[2026-03-15T16:23:36.389+0000] {warnings.py:112} WARNING - /home/***/.local/lib/python3.12/site-packages/***/task/task_runner/standard_task_runner.py:70: DeprecationWarning: This process (pid=3031) is multi-threaded, use of fork() may lead to deadlocks in the child.
  pid = os.fork()

[2026-03-15T16:23:36.406+0000] {standard_task_runner.py:72} INFO - Started process 3083 to run task
[2026-03-15T16:23:37.109+0000] {task_command.py:467} INFO - Running <TaskInstance: dag_get_data_from_yf.check_db scheduled__2026-03-02T00:00:00+00:00 [running]> on host c2f7721b6bb3
[2026-03-15T16:23:38.180+0000] {taskinstance.py:3157} INFO - Exporting env vars: AIRFLOW_CTX_DAG_OWNER='***' AIRFLOW_CTX_DAG_ID='dag_get_data_from_yf' AIRFLOW_CTX_TASK_ID='check_db' AIRFLOW_CTX_EXECUTION_DATE='2026-03-02T00:00:00+00:00' AIRFLOW_CTX_TRY_NUMBER='1' AIRFLOW_CTX_DAG_RUN_ID='scheduled__2026-03-02T00:00:00+00:00'
[2026-03-15T16:23:38.183+0000] {logging_mixin.py:190} INFO - Task instance is in running state
[2026-03-15T16:23:38.183+0000] {logging_mixin.py:190} INFO -  Previous state of the Task instance: queued
[2026-03-15T16:23:38.184+0000] {logging_mixin.py:190} INFO - Current task name:check_db state:running start_date:2026-03-15 16:23:36.128214+00:00
[2026-03-15T16:23:38.184+0000] {logging_mixin.py:190} INFO - Dag name:dag_get_data_from_yf and current dag run status:running
[2026-03-15T16:23:38.185+0000] {taskinstance.py:740} INFO - ::endgroup::
[2026-03-15T16:23:38.333+0000] {base.py:84} INFO - Retrieving connection 'db_custom'
[2026-03-15T16:23:38.366+0000] {logging_mixin.py:190} INFO - Hasil manggil db: [(1, 'Alex', datetime.datetime(2026, 3, 15, 16, 22, 55, 448599)), (2, 'Budi', datetime.datetime(2026, 3, 15, 16, 22, 55, 448599)), (3, 'Charlie', datetime.datetime(2026, 3, 15, 16, 22, 55, 448599)), (4, 'Alex', datetime.datetime(2026, 3, 15, 16, 22, 59, 768218)), (5, 'Budi', datetime.datetime(2026, 3, 15, 16, 22, 59, 768218)), (6, 'Charlie', datetime.datetime(2026, 3, 15, 16, 22, 59, 768218)), (7, 'Alex', datetime.datetime(2026, 3, 15, 16, 23, 5, 167922)), (8, 'Budi', datetime.datetime(2026, 3, 15, 16, 23, 5, 167922)), (9, 'Charlie', datetime.datetime(2026, 3, 15, 16, 23, 5, 167922)), (10, 'Alex', datetime.datetime(2026, 3, 15, 16, 23, 5, 998685)), (11, 'Budi', datetime.datetime(2026, 3, 15, 16, 23, 5, 998685)), (12, 'Charlie', datetime.datetime(2026, 3, 15, 16, 23, 5, 998685)), (13, 'Alex', datetime.datetime(2026, 3, 15, 16, 23, 7, 875631)), (14, 'Budi', datetime.datetime(2026, 3, 15, 16, 23, 7, 875631)), (15, 'Charlie', datetime.datetime(2026, 3, 15, 16, 23, 7, 875631)), (16, 'Alex', datetime.datetime(2026, 3, 15, 16, 23, 8, 277655)), (17, 'Budi', datetime.datetime(2026, 3, 15, 16, 23, 8, 277655)), (18, 'Charlie', datetime.datetime(2026, 3, 15, 16, 23, 8, 277655)), (19, 'Alex', datetime.datetime(2026, 3, 15, 16, 23, 10, 819735)), (20, 'Budi', datetime.datetime(2026, 3, 15, 16, 23, 10, 819735)), (21, 'Charlie', datetime.datetime(2026, 3, 15, 16, 23, 10, 819735)), (22, 'Alex', datetime.datetime(2026, 3, 15, 16, 23, 19, 355472)), (23, 'Budi', datetime.datetime(2026, 3, 15, 16, 23, 19, 355472)), (24, 'Charlie', datetime.datetime(2026, 3, 15, 16, 23, 19, 355472)), (25, 'Alex', datetime.datetime(2026, 3, 15, 16, 23, 20, 288011)), (26, 'Budi', datetime.datetime(2026, 3, 15, 16, 23, 20, 288011)), (27, 'Charlie', datetime.datetime(2026, 3, 15, 16, 23, 20, 288011)), (28, 'Alex', datetime.datetime(2026, 3, 15, 16, 23, 20, 857575)), (29, 'Budi', datetime.datetime(2026, 3, 15, 16, 23, 20, 857575)), (30, 'Charlie', datetime.datetime(2026, 3, 15, 16, 23, 20, 857575)), (31, 'Alex', datetime.datetime(2026, 3, 15, 16, 23, 22, 907400)), (32, 'Budi', datetime.datetime(2026, 3, 15, 16, 23, 22, 907400)), (33, 'Charlie', datetime.datetime(2026, 3, 15, 16, 23, 22, 907400)), (34, 'Alex', datetime.datetime(2026, 3, 15, 16, 23, 27, 252821)), (35, 'Budi', datetime.datetime(2026, 3, 15, 16, 23, 27, 252821)), (36, 'Charlie', datetime.datetime(2026, 3, 15, 16, 23, 27, 252821))]
[2026-03-15T16:23:38.380+0000] {python.py:240} INFO - Done. Returned value was: None
[2026-03-15T16:23:38.419+0000] {taskinstance.py:349} INFO - ::group::Post task execution logs
[2026-03-15T16:23:38.420+0000] {taskinstance.py:361} INFO - Marking task as SUCCESS. dag_id=dag_get_data_from_yf, task_id=check_db, run_id=scheduled__2026-03-02T00:00:00+00:00, execution_date=20260302T000000, start_date=20260315T162336, end_date=20260315T162338
[2026-03-15T16:23:38.586+0000] {logging_mixin.py:190} INFO - Task instance in success state
[2026-03-15T16:23:38.586+0000] {logging_mixin.py:190} INFO -  Previous state of the Task instance: running
[2026-03-15T16:23:38.587+0000] {logging_mixin.py:190} INFO - Dag name:dag_get_data_from_yf queued_at:2026-03-15 16:14:38.274329+00:00
[2026-03-15T16:23:38.587+0000] {logging_mixin.py:190} INFO - Task hostname:c2f7721b6bb3 operator:_PythonDecoratedOperator
[2026-03-15T16:23:38.624+0000] {local_task_job_runner.py:266} INFO - Task exited with return code 0
[2026-03-15T16:23:38.801+0000] {local_task_job_runner.py:245} INFO - ::endgroup::
