[2026-03-18T03:41:02.566+0000] {local_task_job_runner.py:123} INFO - ::group::Pre task execution logs
[2026-03-18T03:41:02.680+0000] {taskinstance.py:2631} INFO - Dependencies all met for dep_context=non-requeueable deps ti=<TaskInstance: dag_get_data_from_yf.write_db manual__2026-03-18T03:39:36+00:00 [queued]>
[2026-03-18T03:41:02.706+0000] {taskinstance.py:2631} INFO - Dependencies all met for dep_context=requeueable deps ti=<TaskInstance: dag_get_data_from_yf.write_db manual__2026-03-18T03:39:36+00:00 [queued]>
[2026-03-18T03:41:02.707+0000] {taskinstance.py:2884} INFO - Starting attempt 1 of 1
[2026-03-18T03:41:02.740+0000] {taskinstance.py:2907} INFO - Executing <Task(_PythonDecoratedOperator): write_db> on 2026-03-18 03:39:36+00:00
[2026-03-18T03:41:02.756+0000] {warnings.py:112} WARNING - /home/***/.local/lib/python3.12/site-packages/***/task/task_runner/standard_task_runner.py:70: DeprecationWarning: This process (pid=3958) is multi-threaded, use of fork() may lead to deadlocks in the child.
  pid = os.fork()

[2026-03-18T03:41:02.759+0000] {standard_task_runner.py:72} INFO - Started process 3960 to run task
[2026-03-18T03:41:02.765+0000] {standard_task_runner.py:104} INFO - Running: ['***', 'tasks', 'run', 'dag_get_data_from_yf', 'write_db', 'manual__2026-03-18T03:39:36+00:00', '--job-id', '2123', '--raw', '--subdir', 'DAGS_FOLDER/get_finance_yf_csv.py', '--cfg-path', '/tmp/tmpylqr1kvb']
[2026-03-18T03:41:02.768+0000] {standard_task_runner.py:105} INFO - Job 2123: Subtask write_db
[2026-03-18T03:41:02.936+0000] {task_command.py:467} INFO - Running <TaskInstance: dag_get_data_from_yf.write_db manual__2026-03-18T03:39:36+00:00 [running]> on host e9ef5a9cb8d3
[2026-03-18T03:41:03.189+0000] {taskinstance.py:3157} INFO - Exporting env vars: AIRFLOW_CTX_DAG_OWNER='***' AIRFLOW_CTX_DAG_ID='dag_get_data_from_yf' AIRFLOW_CTX_TASK_ID='write_db' AIRFLOW_CTX_EXECUTION_DATE='2026-03-18T03:39:36+00:00' AIRFLOW_CTX_TRY_NUMBER='1' AIRFLOW_CTX_DAG_RUN_ID='manual__2026-03-18T03:39:36+00:00'
[2026-03-18T03:41:03.193+0000] {logging_mixin.py:190} INFO - Task instance is in running state
[2026-03-18T03:41:03.193+0000] {logging_mixin.py:190} INFO -  Previous state of the Task instance: queued
[2026-03-18T03:41:03.194+0000] {logging_mixin.py:190} INFO - Current task name:write_db state:running start_date:2026-03-18 03:41:02.680772+00:00
[2026-03-18T03:41:03.195+0000] {logging_mixin.py:190} INFO - Dag name:dag_get_data_from_yf and current dag run status:running
[2026-03-18T03:41:03.195+0000] {taskinstance.py:740} INFO - ::endgroup::
[2026-03-18T03:41:03.225+0000] {base.py:84} INFO - Retrieving connection 'db_custom'
[2026-03-18T03:41:03.244+0000] {logging_mixin.py:190} INFO - Terjadi kesalahan, transaksi di-rollback: syntax error at or near ")"
LINE 1: ...gh, low, open, inserted_at_timestamp_WIB) VALUES (), (), ();...
                                                             ^
[2026-03-18T03:41:03.245+0000] {logging_mixin.py:190} INFO - koneksi ditutup
[2026-03-18T03:41:03.246+0000] {taskinstance.py:3336} ERROR - Task failed with exception
Traceback (most recent call last):
  File "/home/airflow/.local/lib/python3.12/site-packages/airflow/models/taskinstance.py", line 776, in _execute_task
    result = _execute_callable(context=context, **execute_callable_kwargs)
             ^^^^^^^^^^^^^^^^^^^^^^^^^^^^^^^^^^^^^^^^^^^^^^^^^^^^^^^^^^^^^
  File "/home/airflow/.local/lib/python3.12/site-packages/airflow/models/taskinstance.py", line 742, in _execute_callable
    return ExecutionCallableRunner(
           ^^^^^^^^^^^^^^^^^^^^^^^^
  File "/home/airflow/.local/lib/python3.12/site-packages/airflow/utils/operator_helpers.py", line 252, in run
    return self.func(*args, **kwargs)
           ^^^^^^^^^^^^^^^^^^^^^^^^^^
  File "/home/airflow/.local/lib/python3.12/site-packages/airflow/models/baseoperator.py", line 425, in wrapper
    return func(self, *args, **kwargs)
           ^^^^^^^^^^^^^^^^^^^^^^^^^^^
  File "/home/airflow/.local/lib/python3.12/site-packages/airflow/decorators/base.py", line 266, in execute
    return_value = super().execute(context)
                   ^^^^^^^^^^^^^^^^^^^^^^^^
  File "/home/airflow/.local/lib/python3.12/site-packages/airflow/models/baseoperator.py", line 425, in wrapper
    return func(self, *args, **kwargs)
           ^^^^^^^^^^^^^^^^^^^^^^^^^^^
  File "/home/airflow/.local/lib/python3.12/site-packages/airflow/operators/python.py", line 238, in execute
    return_value = self.execute_callable()
                   ^^^^^^^^^^^^^^^^^^^^^^^
  File "/home/airflow/.local/lib/python3.12/site-packages/airflow/operators/python.py", line 256, in execute_callable
    return runner.run(*self.op_args, **self.op_kwargs)
           ^^^^^^^^^^^^^^^^^^^^^^^^^^^^^^^^^^^^^^^^^^^
  File "/home/airflow/.local/lib/python3.12/site-packages/airflow/utils/operator_helpers.py", line 252, in run
    return self.func(*args, **kwargs)
           ^^^^^^^^^^^^^^^^^^^^^^^^^^
  File "/opt/airflow/dags/get_finance_yf_csv.py", line 256, in write_db
    raise e  # lempar error agar task Airflow ditandai 'Failed'
    ^^^^^^^
  File "/opt/airflow/dags/get_finance_yf_csv.py", line 249, in write_db
    cursor.execute(query_insert)
psycopg2.errors.SyntaxError: syntax error at or near ")"
LINE 1: ...gh, low, open, inserted_at_timestamp_WIB) VALUES (), (), ();...
                                                             ^

[2026-03-18T03:41:03.284+0000] {logging_mixin.py:190} INFO - Task instance in failure state
[2026-03-18T03:41:03.285+0000] {logging_mixin.py:190} INFO - Task start:2026-03-18 03:41:02.680772+00:00 end:2026-03-18 03:41:03.283290+00:00 duration:0.602518
[2026-03-18T03:41:03.285+0000] {logging_mixin.py:190} INFO - Task:<Task(_PythonDecoratedOperator): write_db> dag:<DAG: dag_get_data_from_yf> dagrun:<DagRun dag_get_data_from_yf @ 2026-03-18 03:39:36+00:00: manual__2026-03-18T03:39:36+00:00, state:running, queued_at: 2026-03-18 03:39:45.041962+00:00. externally triggered: True>
[2026-03-18T03:41:03.286+0000] {logging_mixin.py:190} INFO - Failure caused by syntax error at or near ")"
LINE 1: ...gh, low, open, inserted_at_timestamp_WIB) VALUES (), (), ();...
                                                             ^
[2026-03-18T03:41:03.286+0000] {taskinstance.py:1242} INFO - Marking task as FAILED. dag_id=dag_get_data_from_yf, task_id=write_db, run_id=manual__2026-03-18T03:39:36+00:00, execution_date=20260318T033936, start_date=20260318T034102, end_date=20260318T034103
[2026-03-18T03:41:03.354+0000] {taskinstance.py:349} INFO - ::group::Post task execution logs
[2026-03-18T03:41:03.355+0000] {standard_task_runner.py:124} ERROR - Failed to execute job 2123 for task write_db (syntax error at or near ")"
LINE 1: ...gh, low, open, inserted_at_timestamp_WIB) VALUES (), (), ();...
                                                             ^
; 3960)
Traceback (most recent call last):
  File "/home/airflow/.local/lib/python3.12/site-packages/airflow/task/task_runner/standard_task_runner.py", line 117, in _start_by_fork
    ret = args.func(args, dag=self.dag)
          ^^^^^^^^^^^^^^^^^^^^^^^^^^^^^
  File "/home/airflow/.local/lib/python3.12/site-packages/airflow/cli/cli_config.py", line 49, in command
    return func(*args, **kwargs)
           ^^^^^^^^^^^^^^^^^^^^^
  File "/home/airflow/.local/lib/python3.12/site-packages/airflow/utils/cli.py", line 116, in wrapper
    return f(*args, **kwargs)
           ^^^^^^^^^^^^^^^^^^
  File "/home/airflow/.local/lib/python3.12/site-packages/airflow/cli/commands/task_command.py", line 483, in task_run
    task_return_code = _run_task_by_selected_method(args, _dag, ti)
                       ^^^^^^^^^^^^^^^^^^^^^^^^^^^^^^^^^^^^^^^^^^^^
  File "/home/airflow/.local/lib/python3.12/site-packages/airflow/cli/commands/task_command.py", line 256, in _run_task_by_selected_method
    return _run_raw_task(args, ti)
           ^^^^^^^^^^^^^^^^^^^^^^^
  File "/home/airflow/.local/lib/python3.12/site-packages/airflow/cli/commands/task_command.py", line 341, in _run_raw_task
    return ti._run_raw_task(
           ^^^^^^^^^^^^^^^^^
  File "/home/airflow/.local/lib/python3.12/site-packages/airflow/utils/session.py", line 97, in wrapper
    return func(*args, session=session, **kwargs)
           ^^^^^^^^^^^^^^^^^^^^^^^^^^^^^^^^^^^^^^
  File "/home/airflow/.local/lib/python3.12/site-packages/airflow/models/taskinstance.py", line 3029, in _run_raw_task
    return _run_raw_task(
           ^^^^^^^^^^^^^^
  File "/home/airflow/.local/lib/python3.12/site-packages/airflow/models/taskinstance.py", line 282, in _run_raw_task
    TaskInstance._execute_task_with_callbacks(
  File "/home/airflow/.local/lib/python3.12/site-packages/airflow/models/taskinstance.py", line 3184, in _execute_task_with_callbacks
    result = self._execute_task(context, task_orig)
             ^^^^^^^^^^^^^^^^^^^^^^^^^^^^^^^^^^^^^^
  File "/home/airflow/.local/lib/python3.12/site-packages/airflow/models/taskinstance.py", line 3208, in _execute_task
    return _execute_task(self, context, task_orig)
           ^^^^^^^^^^^^^^^^^^^^^^^^^^^^^^^^^^^^^^^
  File "/home/airflow/.local/lib/python3.12/site-packages/airflow/models/taskinstance.py", line 776, in _execute_task
    result = _execute_callable(context=context, **execute_callable_kwargs)
             ^^^^^^^^^^^^^^^^^^^^^^^^^^^^^^^^^^^^^^^^^^^^^^^^^^^^^^^^^^^^^
  File "/home/airflow/.local/lib/python3.12/site-packages/airflow/models/taskinstance.py", line 742, in _execute_callable
    return ExecutionCallableRunner(
           ^^^^^^^^^^^^^^^^^^^^^^^^
  File "/home/airflow/.local/lib/python3.12/site-packages/airflow/utils/operator_helpers.py", line 252, in run
    return self.func(*args, **kwargs)
           ^^^^^^^^^^^^^^^^^^^^^^^^^^
  File "/home/airflow/.local/lib/python3.12/site-packages/airflow/models/baseoperator.py", line 425, in wrapper
    return func(self, *args, **kwargs)
           ^^^^^^^^^^^^^^^^^^^^^^^^^^^
  File "/home/airflow/.local/lib/python3.12/site-packages/airflow/decorators/base.py", line 266, in execute
    return_value = super().execute(context)
                   ^^^^^^^^^^^^^^^^^^^^^^^^
  File "/home/airflow/.local/lib/python3.12/site-packages/airflow/models/baseoperator.py", line 425, in wrapper
    return func(self, *args, **kwargs)
           ^^^^^^^^^^^^^^^^^^^^^^^^^^^
  File "/home/airflow/.local/lib/python3.12/site-packages/airflow/operators/python.py", line 238, in execute
    return_value = self.execute_callable()
                   ^^^^^^^^^^^^^^^^^^^^^^^
  File "/home/airflow/.local/lib/python3.12/site-packages/airflow/operators/python.py", line 256, in execute_callable
    return runner.run(*self.op_args, **self.op_kwargs)
           ^^^^^^^^^^^^^^^^^^^^^^^^^^^^^^^^^^^^^^^^^^^
  File "/home/airflow/.local/lib/python3.12/site-packages/airflow/utils/operator_helpers.py", line 252, in run
    return self.func(*args, **kwargs)
           ^^^^^^^^^^^^^^^^^^^^^^^^^^
  File "/opt/airflow/dags/get_finance_yf_csv.py", line 256, in write_db
    raise e  # lempar error agar task Airflow ditandai 'Failed'
    ^^^^^^^
  File "/opt/airflow/dags/get_finance_yf_csv.py", line 249, in write_db
    cursor.execute(query_insert)
psycopg2.errors.SyntaxError: syntax error at or near ")"
LINE 1: ...gh, low, open, inserted_at_timestamp_WIB) VALUES (), (), ();...
                                                             ^

[2026-03-18T03:41:03.382+0000] {local_task_job_runner.py:266} INFO - Task exited with return code 1
[2026-03-18T03:41:03.441+0000] {taskinstance.py:3924} INFO - 0 downstream tasks scheduled from follow-on schedule check
[2026-03-18T03:41:03.449+0000] {local_task_job_runner.py:245} INFO - ::endgroup::
