[2026-03-10T05:59:21.700+0000] {local_task_job_runner.py:123} INFO - ::group::Pre task execution logs
[2026-03-10T05:59:21.763+0000] {taskinstance.py:2631} INFO - Dependencies all met for dep_context=non-requeueable deps ti=<TaskInstance: dag_get_data_from_yf.get_csv_high scheduled__2026-03-10T05:58:00+00:00 [queued]>
[2026-03-10T05:59:21.781+0000] {taskinstance.py:2631} INFO - Dependencies all met for dep_context=requeueable deps ti=<TaskInstance: dag_get_data_from_yf.get_csv_high scheduled__2026-03-10T05:58:00+00:00 [queued]>
[2026-03-10T05:59:21.782+0000] {taskinstance.py:2884} INFO - Starting attempt 1 of 1
[2026-03-10T05:59:21.809+0000] {taskinstance.py:2907} INFO - Executing <Task(_PythonDecoratedOperator): get_csv_high> on 2026-03-10 05:58:00+00:00
[2026-03-10T05:59:21.826+0000] {warnings.py:112} WARNING - /home/***/.local/lib/python3.12/site-packages/***/task/task_runner/standard_task_runner.py:70: DeprecationWarning: This process (pid=12124) is multi-threaded, use of fork() may lead to deadlocks in the child.
  pid = os.fork()

[2026-03-10T05:59:21.830+0000] {standard_task_runner.py:72} INFO - Started process 12145 to run task
[2026-03-10T05:59:21.837+0000] {standard_task_runner.py:104} INFO - Running: ['***', 'tasks', 'run', 'dag_get_data_from_yf', 'get_csv_high', 'scheduled__2026-03-10T05:58:00+00:00', '--job-id', '9024', '--raw', '--subdir', 'DAGS_FOLDER/get_finance_yf_csv.py', '--cfg-path', '/tmp/tmpa59d_gfr']
[2026-03-10T05:59:21.840+0000] {standard_task_runner.py:105} INFO - Job 9024: Subtask get_csv_high
[2026-03-10T05:59:22.009+0000] {task_command.py:467} INFO - Running <TaskInstance: dag_get_data_from_yf.get_csv_high scheduled__2026-03-10T05:58:00+00:00 [running]> on host 50d997f0c294
[2026-03-10T05:59:22.466+0000] {taskinstance.py:3157} INFO - Exporting env vars: AIRFLOW_CTX_DAG_OWNER='***' AIRFLOW_CTX_DAG_ID='dag_get_data_from_yf' AIRFLOW_CTX_TASK_ID='get_csv_high' AIRFLOW_CTX_EXECUTION_DATE='2026-03-10T05:58:00+00:00' AIRFLOW_CTX_TRY_NUMBER='1' AIRFLOW_CTX_DAG_RUN_ID='scheduled__2026-03-10T05:58:00+00:00'
[2026-03-10T05:59:22.468+0000] {logging_mixin.py:190} INFO - Task instance is in running state
[2026-03-10T05:59:22.468+0000] {logging_mixin.py:190} INFO -  Previous state of the Task instance: queued
[2026-03-10T05:59:22.468+0000] {logging_mixin.py:190} INFO - Current task name:get_csv_high state:running start_date:2026-03-10 05:59:21.764407+00:00
[2026-03-10T05:59:22.469+0000] {logging_mixin.py:190} INFO - Dag name:dag_get_data_from_yf and current dag run status:running
[2026-03-10T05:59:22.469+0000] {taskinstance.py:740} INFO - ::endgroup::
[2026-03-10T05:59:22.478+0000] {logging_mixin.py:190} INFO - None
[2026-03-10T05:59:22.478+0000] {python.py:240} INFO - Done. Returned value was: /opt/***/scripts/saham_indonesia_high.csv
[2026-03-10T05:59:22.543+0000] {taskinstance.py:349} INFO - ::group::Post task execution logs
[2026-03-10T05:59:22.543+0000] {taskinstance.py:361} INFO - Marking task as SUCCESS. dag_id=dag_get_data_from_yf, task_id=get_csv_high, run_id=scheduled__2026-03-10T05:58:00+00:00, execution_date=20260310T055800, start_date=20260310T055921, end_date=20260310T055922
[2026-03-10T05:59:22.606+0000] {logging_mixin.py:190} INFO - Task instance in success state
[2026-03-10T05:59:22.608+0000] {logging_mixin.py:190} INFO -  Previous state of the Task instance: running
[2026-03-10T05:59:22.608+0000] {logging_mixin.py:190} INFO - Dag name:dag_get_data_from_yf queued_at:2026-03-10 05:59:01.011383+00:00
[2026-03-10T05:59:22.610+0000] {logging_mixin.py:190} INFO - Task hostname:50d997f0c294 operator:_PythonDecoratedOperator
[2026-03-10T05:59:22.633+0000] {local_task_job_runner.py:266} INFO - Task exited with return code 0
[2026-03-10T05:59:22.658+0000] {local_task_job_runner.py:245} INFO - ::endgroup::
