[2026-03-15T08:55:02.515+0000] {local_task_job_runner.py:123} INFO - ::group::Pre task execution logs
[2026-03-15T08:55:02.576+0000] {taskinstance.py:2631} INFO - Dependencies all met for dep_context=non-requeueable deps ti=<TaskInstance: dag_get_data_from_yf.check_db scheduled__2026-03-04T00:00:00+00:00 [queued]>
[2026-03-15T08:55:02.598+0000] {taskinstance.py:2631} INFO - Dependencies all met for dep_context=requeueable deps ti=<TaskInstance: dag_get_data_from_yf.check_db scheduled__2026-03-04T00:00:00+00:00 [queued]>
[2026-03-15T08:55:02.599+0000] {taskinstance.py:2884} INFO - Starting attempt 1 of 1
[2026-03-15T08:55:02.624+0000] {taskinstance.py:2907} INFO - Executing <Task(_PythonDecoratedOperator): check_db> on 2026-03-04 00:00:00+00:00
[2026-03-15T08:55:02.641+0000] {warnings.py:112} WARNING - /home/***/.local/lib/python3.12/site-packages/***/task/task_runner/standard_task_runner.py:70: DeprecationWarning: This process (pid=390) is multi-threaded, use of fork() may lead to deadlocks in the child.
  pid = os.fork()

[2026-03-15T08:55:02.645+0000] {standard_task_runner.py:72} INFO - Started process 394 to run task
[2026-03-15T08:55:02.648+0000] {standard_task_runner.py:104} INFO - Running: ['***', 'tasks', 'run', 'dag_get_data_from_yf', 'check_db', 'scheduled__2026-03-04T00:00:00+00:00', '--job-id', '14847', '--raw', '--subdir', 'DAGS_FOLDER/get_finance_yf_csv.py', '--cfg-path', '/tmp/tmp69gfhcas']
[2026-03-15T08:55:02.650+0000] {standard_task_runner.py:105} INFO - Job 14847: Subtask check_db
[2026-03-15T08:55:02.826+0000] {task_command.py:467} INFO - Running <TaskInstance: dag_get_data_from_yf.check_db scheduled__2026-03-04T00:00:00+00:00 [running]> on host 547c214a0f76
[2026-03-15T08:55:03.042+0000] {taskinstance.py:3157} INFO - Exporting env vars: AIRFLOW_CTX_DAG_OWNER='***' AIRFLOW_CTX_DAG_ID='dag_get_data_from_yf' AIRFLOW_CTX_TASK_ID='check_db' AIRFLOW_CTX_EXECUTION_DATE='2026-03-04T00:00:00+00:00' AIRFLOW_CTX_TRY_NUMBER='1' AIRFLOW_CTX_DAG_RUN_ID='scheduled__2026-03-04T00:00:00+00:00'
[2026-03-15T08:55:03.044+0000] {logging_mixin.py:190} INFO - Task instance is in running state
[2026-03-15T08:55:03.045+0000] {logging_mixin.py:190} INFO -  Previous state of the Task instance: queued
[2026-03-15T08:55:03.046+0000] {logging_mixin.py:190} INFO - Current task name:check_db state:running start_date:2026-03-15 08:55:02.577316+00:00
[2026-03-15T08:55:03.046+0000] {logging_mixin.py:190} INFO - Dag name:dag_get_data_from_yf and current dag run status:running
[2026-03-15T08:55:03.046+0000] {taskinstance.py:740} INFO - ::endgroup::
[2026-03-15T08:55:03.048+0000] {python.py:240} INFO - Done. Returned value was: None
[2026-03-15T08:55:03.075+0000] {taskinstance.py:349} INFO - ::group::Post task execution logs
[2026-03-15T08:55:03.076+0000] {taskinstance.py:361} INFO - Marking task as SUCCESS. dag_id=dag_get_data_from_yf, task_id=check_db, run_id=scheduled__2026-03-04T00:00:00+00:00, execution_date=20260304T000000, start_date=20260315T085502, end_date=20260315T085503
[2026-03-15T08:55:03.137+0000] {logging_mixin.py:190} INFO - Task instance in success state
[2026-03-15T08:55:03.138+0000] {logging_mixin.py:190} INFO -  Previous state of the Task instance: running
[2026-03-15T08:55:03.139+0000] {logging_mixin.py:190} INFO - Dag name:dag_get_data_from_yf queued_at:2026-03-15 08:51:08.565001+00:00
[2026-03-15T08:55:03.139+0000] {logging_mixin.py:190} INFO - Task hostname:547c214a0f76 operator:_PythonDecoratedOperator
[2026-03-15T08:55:03.163+0000] {local_task_job_runner.py:266} INFO - Task exited with return code 0
[2026-03-15T08:55:03.221+0000] {taskinstance.py:3924} INFO - 1 downstream tasks scheduled from follow-on schedule check
[2026-03-15T08:55:03.225+0000] {local_task_job_runner.py:245} INFO - ::endgroup::
[2026-03-15T09:54:49.051+0000] {local_task_job_runner.py:123} INFO - ::group::Pre task execution logs
[2026-03-15T09:54:49.309+0000] {taskinstance.py:2631} INFO - Dependencies all met for dep_context=non-requeueable deps ti=<TaskInstance: dag_get_data_from_yf.check_db scheduled__2026-03-04T00:00:00+00:00 [queued]>
[2026-03-15T09:54:49.415+0000] {taskinstance.py:2631} INFO - Dependencies all met for dep_context=requeueable deps ti=<TaskInstance: dag_get_data_from_yf.check_db scheduled__2026-03-04T00:00:00+00:00 [queued]>
[2026-03-15T09:54:49.416+0000] {taskinstance.py:2884} INFO - Starting attempt 1 of 1
[2026-03-15T09:54:49.596+0000] {taskinstance.py:2907} INFO - Executing <Task(_PythonDecoratedOperator): check_db> on 2026-03-04 00:00:00+00:00
[2026-03-15T09:54:49.618+0000] {warnings.py:112} WARNING - /home/***/.local/lib/python3.12/site-packages/***/task/task_runner/standard_task_runner.py:70: DeprecationWarning: This process (pid=1123) is multi-threaded, use of fork() may lead to deadlocks in the child.
  pid = os.fork()

[2026-03-15T09:54:49.621+0000] {standard_task_runner.py:72} INFO - Started process 1163 to run task
[2026-03-15T09:54:49.637+0000] {standard_task_runner.py:104} INFO - Running: ['***', 'tasks', 'run', 'dag_get_data_from_yf', 'check_db', 'scheduled__2026-03-04T00:00:00+00:00', '--job-id', '97', '--raw', '--subdir', 'DAGS_FOLDER/get_finance_yf_csv.py', '--cfg-path', '/tmp/tmpy6istela']
[2026-03-15T09:54:49.686+0000] {standard_task_runner.py:105} INFO - Job 97: Subtask check_db
[2026-03-15T09:54:50.022+0000] {task_command.py:467} INFO - Running <TaskInstance: dag_get_data_from_yf.check_db scheduled__2026-03-04T00:00:00+00:00 [running]> on host 8c556da65e50
[2026-03-15T09:54:51.076+0000] {taskinstance.py:3157} INFO - Exporting env vars: AIRFLOW_CTX_DAG_OWNER='***' AIRFLOW_CTX_DAG_ID='dag_get_data_from_yf' AIRFLOW_CTX_TASK_ID='check_db' AIRFLOW_CTX_EXECUTION_DATE='2026-03-04T00:00:00+00:00' AIRFLOW_CTX_TRY_NUMBER='1' AIRFLOW_CTX_DAG_RUN_ID='scheduled__2026-03-04T00:00:00+00:00'
[2026-03-15T09:54:51.078+0000] {logging_mixin.py:190} INFO - Task instance is in running state
[2026-03-15T09:54:51.090+0000] {logging_mixin.py:190} INFO -  Previous state of the Task instance: queued
[2026-03-15T09:54:51.091+0000] {logging_mixin.py:190} INFO - Current task name:check_db state:running start_date:2026-03-15 09:54:49.315542+00:00
[2026-03-15T09:54:51.093+0000] {logging_mixin.py:190} INFO - Dag name:dag_get_data_from_yf and current dag run status:running
[2026-03-15T09:54:51.094+0000] {taskinstance.py:740} INFO - ::endgroup::
[2026-03-15T09:54:51.095+0000] {python.py:240} INFO - Done. Returned value was: None
[2026-03-15T09:54:51.212+0000] {taskinstance.py:349} INFO - ::group::Post task execution logs
[2026-03-15T09:54:51.213+0000] {taskinstance.py:361} INFO - Marking task as SUCCESS. dag_id=dag_get_data_from_yf, task_id=check_db, run_id=scheduled__2026-03-04T00:00:00+00:00, execution_date=20260304T000000, start_date=20260315T095449, end_date=20260315T095451
[2026-03-15T09:54:51.535+0000] {logging_mixin.py:190} INFO - Task instance in success state
[2026-03-15T09:54:51.535+0000] {logging_mixin.py:190} INFO -  Previous state of the Task instance: running
[2026-03-15T09:54:51.536+0000] {logging_mixin.py:190} INFO - Dag name:dag_get_data_from_yf queued_at:2026-03-15 09:40:30.267329+00:00
[2026-03-15T09:54:51.536+0000] {logging_mixin.py:190} INFO - Task hostname:8c556da65e50 operator:_PythonDecoratedOperator
[2026-03-15T09:54:51.579+0000] {local_task_job_runner.py:266} INFO - Task exited with return code 0
[2026-03-15T09:54:51.719+0000] {taskinstance.py:3924} INFO - 1 downstream tasks scheduled from follow-on schedule check
[2026-03-15T09:54:51.736+0000] {local_task_job_runner.py:245} INFO - ::endgroup::
[2026-03-15T11:40:23.282+0000] {local_task_job_runner.py:123} INFO - ::group::Pre task execution logs
[2026-03-15T11:40:23.407+0000] {taskinstance.py:2631} INFO - Dependencies all met for dep_context=non-requeueable deps ti=<TaskInstance: dag_get_data_from_yf.check_db scheduled__2026-03-04T00:00:00+00:00 [queued]>
[2026-03-15T11:40:23.430+0000] {taskinstance.py:2631} INFO - Dependencies all met for dep_context=requeueable deps ti=<TaskInstance: dag_get_data_from_yf.check_db scheduled__2026-03-04T00:00:00+00:00 [queued]>
[2026-03-15T11:40:23.431+0000] {taskinstance.py:2884} INFO - Starting attempt 1 of 1
[2026-03-15T11:40:23.464+0000] {taskinstance.py:2907} INFO - Executing <Task(_PythonDecoratedOperator): check_db> on 2026-03-04 00:00:00+00:00
[2026-03-15T11:40:23.506+0000] {warnings.py:112} WARNING - /home/***/.local/lib/python3.12/site-packages/***/task/task_runner/standard_task_runner.py:70: DeprecationWarning: This process (pid=1154) is multi-threaded, use of fork() may lead to deadlocks in the child.
  pid = os.fork()

[2026-03-15T11:40:23.510+0000] {standard_task_runner.py:72} INFO - Started process 1184 to run task
[2026-03-15T11:40:23.516+0000] {standard_task_runner.py:104} INFO - Running: ['***', 'tasks', 'run', 'dag_get_data_from_yf', 'check_db', 'scheduled__2026-03-04T00:00:00+00:00', '--job-id', '83', '--raw', '--subdir', 'DAGS_FOLDER/get_finance_yf_csv.py', '--cfg-path', '/tmp/tmpyi06agd5']
[2026-03-15T11:40:23.519+0000] {standard_task_runner.py:105} INFO - Job 83: Subtask check_db
[2026-03-15T11:40:23.808+0000] {task_command.py:467} INFO - Running <TaskInstance: dag_get_data_from_yf.check_db scheduled__2026-03-04T00:00:00+00:00 [running]> on host 0682dd67c20c
[2026-03-15T11:40:24.261+0000] {taskinstance.py:3157} INFO - Exporting env vars: AIRFLOW_CTX_DAG_OWNER='***' AIRFLOW_CTX_DAG_ID='dag_get_data_from_yf' AIRFLOW_CTX_TASK_ID='check_db' AIRFLOW_CTX_EXECUTION_DATE='2026-03-04T00:00:00+00:00' AIRFLOW_CTX_TRY_NUMBER='1' AIRFLOW_CTX_DAG_RUN_ID='scheduled__2026-03-04T00:00:00+00:00'
[2026-03-15T11:40:24.264+0000] {logging_mixin.py:190} INFO - Task instance is in running state
[2026-03-15T11:40:24.265+0000] {logging_mixin.py:190} INFO -  Previous state of the Task instance: queued
[2026-03-15T11:40:24.265+0000] {logging_mixin.py:190} INFO - Current task name:check_db state:running start_date:2026-03-15 11:40:23.408665+00:00
[2026-03-15T11:40:24.266+0000] {logging_mixin.py:190} INFO - Dag name:dag_get_data_from_yf and current dag run status:running
[2026-03-15T11:40:24.266+0000] {taskinstance.py:740} INFO - ::endgroup::
[2026-03-15T11:40:24.318+0000] {base.py:84} INFO - Retrieving connection 'db_custom'
[2026-03-15T11:40:24.350+0000] {logging_mixin.py:190} INFO - Hasil manggil db: []
[2026-03-15T11:40:24.356+0000] {python.py:240} INFO - Done. Returned value was: None
[2026-03-15T11:40:24.423+0000] {taskinstance.py:349} INFO - ::group::Post task execution logs
[2026-03-15T11:40:24.424+0000] {taskinstance.py:361} INFO - Marking task as SUCCESS. dag_id=dag_get_data_from_yf, task_id=check_db, run_id=scheduled__2026-03-04T00:00:00+00:00, execution_date=20260304T000000, start_date=20260315T114023, end_date=20260315T114024
[2026-03-15T11:40:24.523+0000] {logging_mixin.py:190} INFO - Task instance in success state
[2026-03-15T11:40:24.524+0000] {logging_mixin.py:190} INFO -  Previous state of the Task instance: running
[2026-03-15T11:40:24.524+0000] {logging_mixin.py:190} INFO - Dag name:dag_get_data_from_yf queued_at:2026-03-15 11:31:35.654176+00:00
[2026-03-15T11:40:24.524+0000] {logging_mixin.py:190} INFO - Task hostname:0682dd67c20c operator:_PythonDecoratedOperator
[2026-03-15T11:40:24.555+0000] {local_task_job_runner.py:266} INFO - Task exited with return code 0
[2026-03-15T11:40:24.635+0000] {taskinstance.py:3924} INFO - 1 downstream tasks scheduled from follow-on schedule check
[2026-03-15T11:40:24.649+0000] {local_task_job_runner.py:245} INFO - ::endgroup::
[2026-03-15T12:02:52.838+0000] {local_task_job_runner.py:123} INFO - ::group::Pre task execution logs
[2026-03-15T12:02:53.051+0000] {taskinstance.py:2631} INFO - Dependencies all met for dep_context=non-requeueable deps ti=<TaskInstance: dag_get_data_from_yf.check_db scheduled__2026-03-04T00:00:00+00:00 [queued]>
[2026-03-15T12:02:53.104+0000] {taskinstance.py:2631} INFO - Dependencies all met for dep_context=requeueable deps ti=<TaskInstance: dag_get_data_from_yf.check_db scheduled__2026-03-04T00:00:00+00:00 [queued]>
[2026-03-15T12:02:53.106+0000] {taskinstance.py:2884} INFO - Starting attempt 1 of 1
[2026-03-15T12:02:53.255+0000] {taskinstance.py:2907} INFO - Executing <Task(_PythonDecoratedOperator): check_db> on 2026-03-04 00:00:00+00:00
[2026-03-15T12:02:53.314+0000] {warnings.py:112} WARNING - /home/***/.local/lib/python3.12/site-packages/***/task/task_runner/standard_task_runner.py:70: DeprecationWarning: This process (pid=2107) is multi-threaded, use of fork() may lead to deadlocks in the child.
  pid = os.fork()

[2026-03-15T12:02:53.326+0000] {standard_task_runner.py:72} INFO - Started process 2127 to run task
[2026-03-15T12:02:53.333+0000] {standard_task_runner.py:104} INFO - Running: ['***', 'tasks', 'run', 'dag_get_data_from_yf', 'check_db', 'scheduled__2026-03-04T00:00:00+00:00', '--job-id', '160', '--raw', '--subdir', 'DAGS_FOLDER/get_finance_yf_csv.py', '--cfg-path', '/tmp/tmpfswjcvkd']
[2026-03-15T12:02:53.335+0000] {standard_task_runner.py:105} INFO - Job 160: Subtask check_db
[2026-03-15T12:02:53.728+0000] {task_command.py:467} INFO - Running <TaskInstance: dag_get_data_from_yf.check_db scheduled__2026-03-04T00:00:00+00:00 [running]> on host 0682dd67c20c
[2026-03-15T12:02:54.091+0000] {taskinstance.py:3157} INFO - Exporting env vars: AIRFLOW_CTX_DAG_OWNER='***' AIRFLOW_CTX_DAG_ID='dag_get_data_from_yf' AIRFLOW_CTX_TASK_ID='check_db' AIRFLOW_CTX_EXECUTION_DATE='2026-03-04T00:00:00+00:00' AIRFLOW_CTX_TRY_NUMBER='1' AIRFLOW_CTX_DAG_RUN_ID='scheduled__2026-03-04T00:00:00+00:00'
[2026-03-15T12:02:54.093+0000] {logging_mixin.py:190} INFO - Task instance is in running state
[2026-03-15T12:02:54.112+0000] {logging_mixin.py:190} INFO -  Previous state of the Task instance: queued
[2026-03-15T12:02:54.113+0000] {logging_mixin.py:190} INFO - Current task name:check_db state:running start_date:2026-03-15 12:02:53.052799+00:00
[2026-03-15T12:02:54.114+0000] {logging_mixin.py:190} INFO - Dag name:dag_get_data_from_yf and current dag run status:running
[2026-03-15T12:02:54.114+0000] {taskinstance.py:740} INFO - ::endgroup::
[2026-03-15T12:02:54.201+0000] {base.py:84} INFO - Retrieving connection 'db_custom'
[2026-03-15T12:02:54.235+0000] {taskinstance.py:3336} ERROR - Task failed with exception
Traceback (most recent call last):
  File "/home/airflow/.local/lib/python3.12/site-packages/airflow/models/taskinstance.py", line 776, in _execute_task
    result = _execute_callable(context=context, **execute_callable_kwargs)
             ^^^^^^^^^^^^^^^^^^^^^^^^^^^^^^^^^^^^^^^^^^^^^^^^^^^^^^^^^^^^^
  File "/home/airflow/.local/lib/python3.12/site-packages/airflow/models/taskinstance.py", line 742, in _execute_callable
    return ExecutionCallableRunner(
           ^^^^^^^^^^^^^^^^^^^^^^^^
  File "/home/airflow/.local/lib/python3.12/site-packages/airflow/utils/operator_helpers.py", line 252, in run
    return self.func(*args, **kwargs)
           ^^^^^^^^^^^^^^^^^^^^^^^^^^
  File "/home/airflow/.local/lib/python3.12/site-packages/airflow/models/baseoperator.py", line 425, in wrapper
    return func(self, *args, **kwargs)
           ^^^^^^^^^^^^^^^^^^^^^^^^^^^
  File "/home/airflow/.local/lib/python3.12/site-packages/airflow/decorators/base.py", line 266, in execute
    return_value = super().execute(context)
                   ^^^^^^^^^^^^^^^^^^^^^^^^
  File "/home/airflow/.local/lib/python3.12/site-packages/airflow/models/baseoperator.py", line 425, in wrapper
    return func(self, *args, **kwargs)
           ^^^^^^^^^^^^^^^^^^^^^^^^^^^
  File "/home/airflow/.local/lib/python3.12/site-packages/airflow/operators/python.py", line 238, in execute
    return_value = self.execute_callable()
                   ^^^^^^^^^^^^^^^^^^^^^^^
  File "/home/airflow/.local/lib/python3.12/site-packages/airflow/operators/python.py", line 256, in execute_callable
    return runner.run(*self.op_args, **self.op_kwargs)
           ^^^^^^^^^^^^^^^^^^^^^^^^^^^^^^^^^^^^^^^^^^^
  File "/home/airflow/.local/lib/python3.12/site-packages/airflow/utils/operator_helpers.py", line 252, in run
    return self.func(*args, **kwargs)
           ^^^^^^^^^^^^^^^^^^^^^^^^^^
  File "/opt/airflow/dags/get_finance_yf_csv.py", line 202, in check_db
    cursor.execute(query)
psycopg2.errors.UndefinedTable: relation "pengguna" does not exist
LINE 1: SELECT * FROM pengguna;
                      ^

[2026-03-15T12:02:54.335+0000] {logging_mixin.py:190} INFO - Task instance in failure state
[2026-03-15T12:02:54.337+0000] {logging_mixin.py:190} INFO - Task start:2026-03-15 12:02:53.052799+00:00 end:2026-03-15 12:02:54.334918+00:00 duration:1.282119
[2026-03-15T12:02:54.338+0000] {logging_mixin.py:190} INFO - Task:<Task(_PythonDecoratedOperator): check_db> dag:<DAG: dag_get_data_from_yf> dagrun:<DagRun dag_get_data_from_yf @ 2026-03-04 00:00:00+00:00: scheduled__2026-03-04T00:00:00+00:00, state:running, queued_at: 2026-03-15 11:58:14.419553+00:00. externally triggered: False>
[2026-03-15T12:02:54.338+0000] {logging_mixin.py:190} INFO - Failure caused by relation "pengguna" does not exist
LINE 1: SELECT * FROM pengguna;
                      ^
[2026-03-15T12:02:54.340+0000] {taskinstance.py:1242} INFO - Marking task as FAILED. dag_id=dag_get_data_from_yf, task_id=check_db, run_id=scheduled__2026-03-04T00:00:00+00:00, execution_date=20260304T000000, start_date=20260315T120253, end_date=20260315T120254
[2026-03-15T12:02:54.491+0000] {taskinstance.py:349} INFO - ::group::Post task execution logs
[2026-03-15T12:02:54.497+0000] {standard_task_runner.py:124} ERROR - Failed to execute job 160 for task check_db (relation "pengguna" does not exist
LINE 1: SELECT * FROM pengguna;
                      ^
; 2127)
Traceback (most recent call last):
  File "/home/airflow/.local/lib/python3.12/site-packages/airflow/task/task_runner/standard_task_runner.py", line 117, in _start_by_fork
    ret = args.func(args, dag=self.dag)
          ^^^^^^^^^^^^^^^^^^^^^^^^^^^^^
  File "/home/airflow/.local/lib/python3.12/site-packages/airflow/cli/cli_config.py", line 49, in command
    return func(*args, **kwargs)
           ^^^^^^^^^^^^^^^^^^^^^
  File "/home/airflow/.local/lib/python3.12/site-packages/airflow/utils/cli.py", line 116, in wrapper
    return f(*args, **kwargs)
           ^^^^^^^^^^^^^^^^^^
  File "/home/airflow/.local/lib/python3.12/site-packages/airflow/cli/commands/task_command.py", line 483, in task_run
    task_return_code = _run_task_by_selected_method(args, _dag, ti)
                       ^^^^^^^^^^^^^^^^^^^^^^^^^^^^^^^^^^^^^^^^^^^^
  File "/home/airflow/.local/lib/python3.12/site-packages/airflow/cli/commands/task_command.py", line 256, in _run_task_by_selected_method
    return _run_raw_task(args, ti)
           ^^^^^^^^^^^^^^^^^^^^^^^
  File "/home/airflow/.local/lib/python3.12/site-packages/airflow/cli/commands/task_command.py", line 341, in _run_raw_task
    return ti._run_raw_task(
           ^^^^^^^^^^^^^^^^^
  File "/home/airflow/.local/lib/python3.12/site-packages/airflow/utils/session.py", line 97, in wrapper
    return func(*args, session=session, **kwargs)
           ^^^^^^^^^^^^^^^^^^^^^^^^^^^^^^^^^^^^^^
  File "/home/airflow/.local/lib/python3.12/site-packages/airflow/models/taskinstance.py", line 3029, in _run_raw_task
    return _run_raw_task(
           ^^^^^^^^^^^^^^
  File "/home/airflow/.local/lib/python3.12/site-packages/airflow/models/taskinstance.py", line 282, in _run_raw_task
    TaskInstance._execute_task_with_callbacks(
  File "/home/airflow/.local/lib/python3.12/site-packages/airflow/models/taskinstance.py", line 3184, in _execute_task_with_callbacks
    result = self._execute_task(context, task_orig)
             ^^^^^^^^^^^^^^^^^^^^^^^^^^^^^^^^^^^^^^
  File "/home/airflow/.local/lib/python3.12/site-packages/airflow/models/taskinstance.py", line 3208, in _execute_task
    return _execute_task(self, context, task_orig)
           ^^^^^^^^^^^^^^^^^^^^^^^^^^^^^^^^^^^^^^^
  File "/home/airflow/.local/lib/python3.12/site-packages/airflow/models/taskinstance.py", line 776, in _execute_task
    result = _execute_callable(context=context, **execute_callable_kwargs)
             ^^^^^^^^^^^^^^^^^^^^^^^^^^^^^^^^^^^^^^^^^^^^^^^^^^^^^^^^^^^^^
  File "/home/airflow/.local/lib/python3.12/site-packages/airflow/models/taskinstance.py", line 742, in _execute_callable
    return ExecutionCallableRunner(
           ^^^^^^^^^^^^^^^^^^^^^^^^
  File "/home/airflow/.local/lib/python3.12/site-packages/airflow/utils/operator_helpers.py", line 252, in run
    return self.func(*args, **kwargs)
           ^^^^^^^^^^^^^^^^^^^^^^^^^^
  File "/home/airflow/.local/lib/python3.12/site-packages/airflow/models/baseoperator.py", line 425, in wrapper
    return func(self, *args, **kwargs)
           ^^^^^^^^^^^^^^^^^^^^^^^^^^^
  File "/home/airflow/.local/lib/python3.12/site-packages/airflow/decorators/base.py", line 266, in execute
    return_value = super().execute(context)
                   ^^^^^^^^^^^^^^^^^^^^^^^^
  File "/home/airflow/.local/lib/python3.12/site-packages/airflow/models/baseoperator.py", line 425, in wrapper
    return func(self, *args, **kwargs)
           ^^^^^^^^^^^^^^^^^^^^^^^^^^^
  File "/home/airflow/.local/lib/python3.12/site-packages/airflow/operators/python.py", line 238, in execute
    return_value = self.execute_callable()
                   ^^^^^^^^^^^^^^^^^^^^^^^
  File "/home/airflow/.local/lib/python3.12/site-packages/airflow/operators/python.py", line 256, in execute_callable
    return runner.run(*self.op_args, **self.op_kwargs)
           ^^^^^^^^^^^^^^^^^^^^^^^^^^^^^^^^^^^^^^^^^^^
  File "/home/airflow/.local/lib/python3.12/site-packages/airflow/utils/operator_helpers.py", line 252, in run
    return self.func(*args, **kwargs)
           ^^^^^^^^^^^^^^^^^^^^^^^^^^
  File "/opt/airflow/dags/get_finance_yf_csv.py", line 202, in check_db
    cursor.execute(query)
psycopg2.errors.UndefinedTable: relation "pengguna" does not exist
LINE 1: SELECT * FROM pengguna;
                      ^

[2026-03-15T12:02:54.564+0000] {local_task_job_runner.py:266} INFO - Task exited with return code 1
[2026-03-15T12:02:54.607+0000] {local_task_job_runner.py:245} INFO - ::endgroup::
[2026-03-15T12:15:54.020+0000] {local_task_job_runner.py:123} INFO - ::group::Pre task execution logs
[2026-03-15T12:15:54.241+0000] {taskinstance.py:2631} INFO - Dependencies all met for dep_context=non-requeueable deps ti=<TaskInstance: dag_get_data_from_yf.check_db scheduled__2026-03-04T00:00:00+00:00 [queued]>
[2026-03-15T12:15:54.336+0000] {taskinstance.py:2631} INFO - Dependencies all met for dep_context=requeueable deps ti=<TaskInstance: dag_get_data_from_yf.check_db scheduled__2026-03-04T00:00:00+00:00 [queued]>
[2026-03-15T12:15:54.337+0000] {taskinstance.py:2884} INFO - Starting attempt 1 of 1
[2026-03-15T12:15:54.970+0000] {taskinstance.py:2907} INFO - Executing <Task(_PythonDecoratedOperator): check_db> on 2026-03-04 00:00:00+00:00
[2026-03-15T12:15:55.102+0000] {warnings.py:112} WARNING - /home/***/.local/lib/python3.12/site-packages/***/task/task_runner/standard_task_runner.py:70: DeprecationWarning: This process (pid=3245) is multi-threaded, use of fork() may lead to deadlocks in the child.
  pid = os.fork()

[2026-03-15T12:15:55.111+0000] {standard_task_runner.py:72} INFO - Started process 3282 to run task
[2026-03-15T12:15:55.092+0000] {standard_task_runner.py:104} INFO - Running: ['***', 'tasks', 'run', 'dag_get_data_from_yf', 'check_db', 'scheduled__2026-03-04T00:00:00+00:00', '--job-id', '272', '--raw', '--subdir', 'DAGS_FOLDER/get_finance_yf_csv.py', '--cfg-path', '/tmp/tmp0pe58bg5']
[2026-03-15T12:15:55.126+0000] {standard_task_runner.py:105} INFO - Job 272: Subtask check_db
[2026-03-15T12:15:55.553+0000] {task_command.py:467} INFO - Running <TaskInstance: dag_get_data_from_yf.check_db scheduled__2026-03-04T00:00:00+00:00 [running]> on host 0682dd67c20c
[2026-03-15T12:15:56.106+0000] {taskinstance.py:3157} INFO - Exporting env vars: AIRFLOW_CTX_DAG_OWNER='***' AIRFLOW_CTX_DAG_ID='dag_get_data_from_yf' AIRFLOW_CTX_TASK_ID='check_db' AIRFLOW_CTX_EXECUTION_DATE='2026-03-04T00:00:00+00:00' AIRFLOW_CTX_TRY_NUMBER='1' AIRFLOW_CTX_DAG_RUN_ID='scheduled__2026-03-04T00:00:00+00:00'
[2026-03-15T12:15:56.115+0000] {logging_mixin.py:190} INFO - Task instance is in running state
[2026-03-15T12:15:56.116+0000] {logging_mixin.py:190} INFO -  Previous state of the Task instance: queued
[2026-03-15T12:15:56.116+0000] {logging_mixin.py:190} INFO - Current task name:check_db state:running start_date:2026-03-15 12:15:54.242877+00:00
[2026-03-15T12:15:56.117+0000] {logging_mixin.py:190} INFO - Dag name:dag_get_data_from_yf and current dag run status:running
[2026-03-15T12:15:56.117+0000] {taskinstance.py:740} INFO - ::endgroup::
[2026-03-15T12:15:56.188+0000] {base.py:84} INFO - Retrieving connection 'db_custom'
[2026-03-15T12:15:56.237+0000] {taskinstance.py:3336} ERROR - Task failed with exception
Traceback (most recent call last):
  File "/home/airflow/.local/lib/python3.12/site-packages/airflow/models/taskinstance.py", line 776, in _execute_task
    result = _execute_callable(context=context, **execute_callable_kwargs)
             ^^^^^^^^^^^^^^^^^^^^^^^^^^^^^^^^^^^^^^^^^^^^^^^^^^^^^^^^^^^^^
  File "/home/airflow/.local/lib/python3.12/site-packages/airflow/models/taskinstance.py", line 742, in _execute_callable
    return ExecutionCallableRunner(
           ^^^^^^^^^^^^^^^^^^^^^^^^
  File "/home/airflow/.local/lib/python3.12/site-packages/airflow/utils/operator_helpers.py", line 252, in run
    return self.func(*args, **kwargs)
           ^^^^^^^^^^^^^^^^^^^^^^^^^^
  File "/home/airflow/.local/lib/python3.12/site-packages/airflow/models/baseoperator.py", line 425, in wrapper
    return func(self, *args, **kwargs)
           ^^^^^^^^^^^^^^^^^^^^^^^^^^^
  File "/home/airflow/.local/lib/python3.12/site-packages/airflow/decorators/base.py", line 266, in execute
    return_value = super().execute(context)
                   ^^^^^^^^^^^^^^^^^^^^^^^^
  File "/home/airflow/.local/lib/python3.12/site-packages/airflow/models/baseoperator.py", line 425, in wrapper
    return func(self, *args, **kwargs)
           ^^^^^^^^^^^^^^^^^^^^^^^^^^^
  File "/home/airflow/.local/lib/python3.12/site-packages/airflow/operators/python.py", line 238, in execute
    return_value = self.execute_callable()
                   ^^^^^^^^^^^^^^^^^^^^^^^
  File "/home/airflow/.local/lib/python3.12/site-packages/airflow/operators/python.py", line 256, in execute_callable
    return runner.run(*self.op_args, **self.op_kwargs)
           ^^^^^^^^^^^^^^^^^^^^^^^^^^^^^^^^^^^^^^^^^^^
  File "/home/airflow/.local/lib/python3.12/site-packages/airflow/utils/operator_helpers.py", line 252, in run
    return self.func(*args, **kwargs)
           ^^^^^^^^^^^^^^^^^^^^^^^^^^
  File "/opt/airflow/dags/get_finance_yf_csv.py", line 202, in check_db
    cursor.execute(query)
psycopg2.errors.UndefinedTable: relation "pengguna" does not exist
LINE 1: SELECT * FROM pengguna;
                      ^

[2026-03-15T12:15:56.340+0000] {logging_mixin.py:190} INFO - Task instance in failure state
[2026-03-15T12:15:56.341+0000] {logging_mixin.py:190} INFO - Task start:2026-03-15 12:15:54.242877+00:00 end:2026-03-15 12:15:56.339655+00:00 duration:2.096778
[2026-03-15T12:15:56.343+0000] {logging_mixin.py:190} INFO - Task:<Task(_PythonDecoratedOperator): check_db> dag:<DAG: dag_get_data_from_yf> dagrun:<DagRun dag_get_data_from_yf @ 2026-03-04 00:00:00+00:00: scheduled__2026-03-04T00:00:00+00:00, state:running, queued_at: 2026-03-15 12:05:14.771966+00:00. externally triggered: False>
[2026-03-15T12:15:56.344+0000] {logging_mixin.py:190} INFO - Failure caused by relation "pengguna" does not exist
LINE 1: SELECT * FROM pengguna;
                      ^
[2026-03-15T12:15:56.345+0000] {taskinstance.py:1242} INFO - Marking task as FAILED. dag_id=dag_get_data_from_yf, task_id=check_db, run_id=scheduled__2026-03-04T00:00:00+00:00, execution_date=20260304T000000, start_date=20260315T121554, end_date=20260315T121556
[2026-03-15T12:15:56.555+0000] {taskinstance.py:349} INFO - ::group::Post task execution logs
[2026-03-15T12:15:56.556+0000] {standard_task_runner.py:124} ERROR - Failed to execute job 272 for task check_db (relation "pengguna" does not exist
LINE 1: SELECT * FROM pengguna;
                      ^
; 3282)
Traceback (most recent call last):
  File "/home/airflow/.local/lib/python3.12/site-packages/airflow/task/task_runner/standard_task_runner.py", line 117, in _start_by_fork
    ret = args.func(args, dag=self.dag)
          ^^^^^^^^^^^^^^^^^^^^^^^^^^^^^
  File "/home/airflow/.local/lib/python3.12/site-packages/airflow/cli/cli_config.py", line 49, in command
    return func(*args, **kwargs)
           ^^^^^^^^^^^^^^^^^^^^^
  File "/home/airflow/.local/lib/python3.12/site-packages/airflow/utils/cli.py", line 116, in wrapper
    return f(*args, **kwargs)
           ^^^^^^^^^^^^^^^^^^
  File "/home/airflow/.local/lib/python3.12/site-packages/airflow/cli/commands/task_command.py", line 483, in task_run
    task_return_code = _run_task_by_selected_method(args, _dag, ti)
                       ^^^^^^^^^^^^^^^^^^^^^^^^^^^^^^^^^^^^^^^^^^^^
  File "/home/airflow/.local/lib/python3.12/site-packages/airflow/cli/commands/task_command.py", line 256, in _run_task_by_selected_method
    return _run_raw_task(args, ti)
           ^^^^^^^^^^^^^^^^^^^^^^^
  File "/home/airflow/.local/lib/python3.12/site-packages/airflow/cli/commands/task_command.py", line 341, in _run_raw_task
    return ti._run_raw_task(
           ^^^^^^^^^^^^^^^^^
  File "/home/airflow/.local/lib/python3.12/site-packages/airflow/utils/session.py", line 97, in wrapper
    return func(*args, session=session, **kwargs)
           ^^^^^^^^^^^^^^^^^^^^^^^^^^^^^^^^^^^^^^
  File "/home/airflow/.local/lib/python3.12/site-packages/airflow/models/taskinstance.py", line 3029, in _run_raw_task
    return _run_raw_task(
           ^^^^^^^^^^^^^^
  File "/home/airflow/.local/lib/python3.12/site-packages/airflow/models/taskinstance.py", line 282, in _run_raw_task
    TaskInstance._execute_task_with_callbacks(
  File "/home/airflow/.local/lib/python3.12/site-packages/airflow/models/taskinstance.py", line 3184, in _execute_task_with_callbacks
    result = self._execute_task(context, task_orig)
             ^^^^^^^^^^^^^^^^^^^^^^^^^^^^^^^^^^^^^^
  File "/home/airflow/.local/lib/python3.12/site-packages/airflow/models/taskinstance.py", line 3208, in _execute_task
    return _execute_task(self, context, task_orig)
           ^^^^^^^^^^^^^^^^^^^^^^^^^^^^^^^^^^^^^^^
  File "/home/airflow/.local/lib/python3.12/site-packages/airflow/models/taskinstance.py", line 776, in _execute_task
    result = _execute_callable(context=context, **execute_callable_kwargs)
             ^^^^^^^^^^^^^^^^^^^^^^^^^^^^^^^^^^^^^^^^^^^^^^^^^^^^^^^^^^^^^
  File "/home/airflow/.local/lib/python3.12/site-packages/airflow/models/taskinstance.py", line 742, in _execute_callable
    return ExecutionCallableRunner(
           ^^^^^^^^^^^^^^^^^^^^^^^^
  File "/home/airflow/.local/lib/python3.12/site-packages/airflow/utils/operator_helpers.py", line 252, in run
    return self.func(*args, **kwargs)
           ^^^^^^^^^^^^^^^^^^^^^^^^^^
  File "/home/airflow/.local/lib/python3.12/site-packages/airflow/models/baseoperator.py", line 425, in wrapper
    return func(self, *args, **kwargs)
           ^^^^^^^^^^^^^^^^^^^^^^^^^^^
  File "/home/airflow/.local/lib/python3.12/site-packages/airflow/decorators/base.py", line 266, in execute
    return_value = super().execute(context)
                   ^^^^^^^^^^^^^^^^^^^^^^^^
  File "/home/airflow/.local/lib/python3.12/site-packages/airflow/models/baseoperator.py", line 425, in wrapper
    return func(self, *args, **kwargs)
           ^^^^^^^^^^^^^^^^^^^^^^^^^^^
  File "/home/airflow/.local/lib/python3.12/site-packages/airflow/operators/python.py", line 238, in execute
    return_value = self.execute_callable()
                   ^^^^^^^^^^^^^^^^^^^^^^^
  File "/home/airflow/.local/lib/python3.12/site-packages/airflow/operators/python.py", line 256, in execute_callable
    return runner.run(*self.op_args, **self.op_kwargs)
           ^^^^^^^^^^^^^^^^^^^^^^^^^^^^^^^^^^^^^^^^^^^
  File "/home/airflow/.local/lib/python3.12/site-packages/airflow/utils/operator_helpers.py", line 252, in run
    return self.func(*args, **kwargs)
           ^^^^^^^^^^^^^^^^^^^^^^^^^^
  File "/opt/airflow/dags/get_finance_yf_csv.py", line 202, in check_db
    cursor.execute(query)
psycopg2.errors.UndefinedTable: relation "pengguna" does not exist
LINE 1: SELECT * FROM pengguna;
                      ^

[2026-03-15T12:15:56.600+0000] {local_task_job_runner.py:266} INFO - Task exited with return code 1
[2026-03-15T12:15:56.797+0000] {taskinstance.py:3924} INFO - 0 downstream tasks scheduled from follow-on schedule check
[2026-03-15T12:15:56.822+0000] {local_task_job_runner.py:245} INFO - ::endgroup::
[2026-03-15T15:00:35.737+0000] {local_task_job_runner.py:123} INFO - ::group::Pre task execution logs
[2026-03-15T15:00:36.047+0000] {taskinstance.py:2631} INFO - Dependencies all met for dep_context=non-requeueable deps ti=<TaskInstance: dag_get_data_from_yf.check_db scheduled__2026-03-04T00:00:00+00:00 [queued]>
[2026-03-15T15:00:36.151+0000] {taskinstance.py:2631} INFO - Dependencies all met for dep_context=requeueable deps ti=<TaskInstance: dag_get_data_from_yf.check_db scheduled__2026-03-04T00:00:00+00:00 [queued]>
[2026-03-15T15:00:36.160+0000] {taskinstance.py:2884} INFO - Starting attempt 1 of 1
[2026-03-15T15:00:36.379+0000] {taskinstance.py:2907} INFO - Executing <Task(_PythonDecoratedOperator): check_db> on 2026-03-04 00:00:00+00:00
[2026-03-15T15:00:36.502+0000] {warnings.py:112} WARNING - /home/***/.local/lib/python3.12/site-packages/***/task/task_runner/standard_task_runner.py:70: DeprecationWarning: This process (pid=4493) is multi-threaded, use of fork() may lead to deadlocks in the child.
  pid = os.fork()

[2026-03-15T15:00:36.524+0000] {standard_task_runner.py:104} INFO - Running: ['***', 'tasks', 'run', 'dag_get_data_from_yf', 'check_db', 'scheduled__2026-03-04T00:00:00+00:00', '--job-id', '371', '--raw', '--subdir', 'DAGS_FOLDER/get_finance_yf_csv.py', '--cfg-path', '/tmp/tmpb_x8dyz4']
[2026-03-15T15:00:36.529+0000] {standard_task_runner.py:105} INFO - Job 371: Subtask check_db
[2026-03-15T15:00:36.514+0000] {standard_task_runner.py:72} INFO - Started process 4532 to run task
[2026-03-15T15:00:36.874+0000] {task_command.py:467} INFO - Running <TaskInstance: dag_get_data_from_yf.check_db scheduled__2026-03-04T00:00:00+00:00 [running]> on host 0682dd67c20c
[2026-03-15T15:00:37.388+0000] {taskinstance.py:3157} INFO - Exporting env vars: AIRFLOW_CTX_DAG_OWNER='***' AIRFLOW_CTX_DAG_ID='dag_get_data_from_yf' AIRFLOW_CTX_TASK_ID='check_db' AIRFLOW_CTX_EXECUTION_DATE='2026-03-04T00:00:00+00:00' AIRFLOW_CTX_TRY_NUMBER='1' AIRFLOW_CTX_DAG_RUN_ID='scheduled__2026-03-04T00:00:00+00:00'
[2026-03-15T15:00:37.400+0000] {logging_mixin.py:190} INFO - Task instance is in running state
[2026-03-15T15:00:37.401+0000] {logging_mixin.py:190} INFO -  Previous state of the Task instance: queued
[2026-03-15T15:00:37.415+0000] {logging_mixin.py:190} INFO - Current task name:check_db state:running start_date:2026-03-15 15:00:36.061845+00:00
[2026-03-15T15:00:37.416+0000] {logging_mixin.py:190} INFO - Dag name:dag_get_data_from_yf and current dag run status:running
[2026-03-15T15:00:37.417+0000] {taskinstance.py:740} INFO - ::endgroup::
[2026-03-15T15:00:37.523+0000] {base.py:84} INFO - Retrieving connection 'db_custom'
[2026-03-15T15:00:37.614+0000] {taskinstance.py:3336} ERROR - Task failed with exception
Traceback (most recent call last):
  File "/home/airflow/.local/lib/python3.12/site-packages/airflow/models/taskinstance.py", line 776, in _execute_task
    result = _execute_callable(context=context, **execute_callable_kwargs)
             ^^^^^^^^^^^^^^^^^^^^^^^^^^^^^^^^^^^^^^^^^^^^^^^^^^^^^^^^^^^^^
  File "/home/airflow/.local/lib/python3.12/site-packages/airflow/models/taskinstance.py", line 742, in _execute_callable
    return ExecutionCallableRunner(
           ^^^^^^^^^^^^^^^^^^^^^^^^
  File "/home/airflow/.local/lib/python3.12/site-packages/airflow/utils/operator_helpers.py", line 252, in run
    return self.func(*args, **kwargs)
           ^^^^^^^^^^^^^^^^^^^^^^^^^^
  File "/home/airflow/.local/lib/python3.12/site-packages/airflow/models/baseoperator.py", line 425, in wrapper
    return func(self, *args, **kwargs)
           ^^^^^^^^^^^^^^^^^^^^^^^^^^^
  File "/home/airflow/.local/lib/python3.12/site-packages/airflow/decorators/base.py", line 266, in execute
    return_value = super().execute(context)
                   ^^^^^^^^^^^^^^^^^^^^^^^^
  File "/home/airflow/.local/lib/python3.12/site-packages/airflow/models/baseoperator.py", line 425, in wrapper
    return func(self, *args, **kwargs)
           ^^^^^^^^^^^^^^^^^^^^^^^^^^^
  File "/home/airflow/.local/lib/python3.12/site-packages/airflow/operators/python.py", line 238, in execute
    return_value = self.execute_callable()
                   ^^^^^^^^^^^^^^^^^^^^^^^
  File "/home/airflow/.local/lib/python3.12/site-packages/airflow/operators/python.py", line 256, in execute_callable
    return runner.run(*self.op_args, **self.op_kwargs)
           ^^^^^^^^^^^^^^^^^^^^^^^^^^^^^^^^^^^^^^^^^^^
  File "/home/airflow/.local/lib/python3.12/site-packages/airflow/utils/operator_helpers.py", line 252, in run
    return self.func(*args, **kwargs)
           ^^^^^^^^^^^^^^^^^^^^^^^^^^
  File "/opt/airflow/dags/get_finance_yf_csv.py", line 199, in check_db
    cursor.execute(query)
psycopg2.errors.DuplicateTable: relation "pengguna" already exists

[2026-03-15T15:00:37.805+0000] {logging_mixin.py:190} INFO - Task instance in failure state
[2026-03-15T15:00:37.806+0000] {logging_mixin.py:190} INFO - Task start:2026-03-15 15:00:36.061845+00:00 end:2026-03-15 15:00:37.803648+00:00 duration:1.741803
[2026-03-15T15:00:37.807+0000] {logging_mixin.py:190} INFO - Task:<Task(_PythonDecoratedOperator): check_db> dag:<DAG: dag_get_data_from_yf> dagrun:<DagRun dag_get_data_from_yf @ 2026-03-04 00:00:00+00:00: scheduled__2026-03-04T00:00:00+00:00, state:running, queued_at: 2026-03-15 14:51:59.209511+00:00. externally triggered: False>
[2026-03-15T15:00:37.808+0000] {logging_mixin.py:190} INFO - Failure caused by relation "pengguna" already exists
[2026-03-15T15:00:37.809+0000] {taskinstance.py:1242} INFO - Marking task as FAILED. dag_id=dag_get_data_from_yf, task_id=check_db, run_id=scheduled__2026-03-04T00:00:00+00:00, execution_date=20260304T000000, start_date=20260315T150036, end_date=20260315T150037
[2026-03-15T15:00:37.985+0000] {taskinstance.py:349} INFO - ::group::Post task execution logs
[2026-03-15T15:00:37.986+0000] {standard_task_runner.py:124} ERROR - Failed to execute job 371 for task check_db (relation "pengguna" already exists
; 4532)
Traceback (most recent call last):
  File "/home/airflow/.local/lib/python3.12/site-packages/airflow/task/task_runner/standard_task_runner.py", line 117, in _start_by_fork
    ret = args.func(args, dag=self.dag)
          ^^^^^^^^^^^^^^^^^^^^^^^^^^^^^
  File "/home/airflow/.local/lib/python3.12/site-packages/airflow/cli/cli_config.py", line 49, in command
    return func(*args, **kwargs)
           ^^^^^^^^^^^^^^^^^^^^^
  File "/home/airflow/.local/lib/python3.12/site-packages/airflow/utils/cli.py", line 116, in wrapper
    return f(*args, **kwargs)
           ^^^^^^^^^^^^^^^^^^
  File "/home/airflow/.local/lib/python3.12/site-packages/airflow/cli/commands/task_command.py", line 483, in task_run
    task_return_code = _run_task_by_selected_method(args, _dag, ti)
                       ^^^^^^^^^^^^^^^^^^^^^^^^^^^^^^^^^^^^^^^^^^^^
  File "/home/airflow/.local/lib/python3.12/site-packages/airflow/cli/commands/task_command.py", line 256, in _run_task_by_selected_method
    return _run_raw_task(args, ti)
           ^^^^^^^^^^^^^^^^^^^^^^^
  File "/home/airflow/.local/lib/python3.12/site-packages/airflow/cli/commands/task_command.py", line 341, in _run_raw_task
    return ti._run_raw_task(
           ^^^^^^^^^^^^^^^^^
  File "/home/airflow/.local/lib/python3.12/site-packages/airflow/utils/session.py", line 97, in wrapper
    return func(*args, session=session, **kwargs)
           ^^^^^^^^^^^^^^^^^^^^^^^^^^^^^^^^^^^^^^
  File "/home/airflow/.local/lib/python3.12/site-packages/airflow/models/taskinstance.py", line 3029, in _run_raw_task
    return _run_raw_task(
           ^^^^^^^^^^^^^^
  File "/home/airflow/.local/lib/python3.12/site-packages/airflow/models/taskinstance.py", line 282, in _run_raw_task
    TaskInstance._execute_task_with_callbacks(
  File "/home/airflow/.local/lib/python3.12/site-packages/airflow/models/taskinstance.py", line 3184, in _execute_task_with_callbacks
    result = self._execute_task(context, task_orig)
             ^^^^^^^^^^^^^^^^^^^^^^^^^^^^^^^^^^^^^^
  File "/home/airflow/.local/lib/python3.12/site-packages/airflow/models/taskinstance.py", line 3208, in _execute_task
    return _execute_task(self, context, task_orig)
           ^^^^^^^^^^^^^^^^^^^^^^^^^^^^^^^^^^^^^^^
  File "/home/airflow/.local/lib/python3.12/site-packages/airflow/models/taskinstance.py", line 776, in _execute_task
    result = _execute_callable(context=context, **execute_callable_kwargs)
             ^^^^^^^^^^^^^^^^^^^^^^^^^^^^^^^^^^^^^^^^^^^^^^^^^^^^^^^^^^^^^
  File "/home/airflow/.local/lib/python3.12/site-packages/airflow/models/taskinstance.py", line 742, in _execute_callable
    return ExecutionCallableRunner(
           ^^^^^^^^^^^^^^^^^^^^^^^^
  File "/home/airflow/.local/lib/python3.12/site-packages/airflow/utils/operator_helpers.py", line 252, in run
    return self.func(*args, **kwargs)
           ^^^^^^^^^^^^^^^^^^^^^^^^^^
  File "/home/airflow/.local/lib/python3.12/site-packages/airflow/models/baseoperator.py", line 425, in wrapper
    return func(self, *args, **kwargs)
           ^^^^^^^^^^^^^^^^^^^^^^^^^^^
  File "/home/airflow/.local/lib/python3.12/site-packages/airflow/decorators/base.py", line 266, in execute
    return_value = super().execute(context)
                   ^^^^^^^^^^^^^^^^^^^^^^^^
  File "/home/airflow/.local/lib/python3.12/site-packages/airflow/models/baseoperator.py", line 425, in wrapper
    return func(self, *args, **kwargs)
           ^^^^^^^^^^^^^^^^^^^^^^^^^^^
  File "/home/airflow/.local/lib/python3.12/site-packages/airflow/operators/python.py", line 238, in execute
    return_value = self.execute_callable()
                   ^^^^^^^^^^^^^^^^^^^^^^^
  File "/home/airflow/.local/lib/python3.12/site-packages/airflow/operators/python.py", line 256, in execute_callable
    return runner.run(*self.op_args, **self.op_kwargs)
           ^^^^^^^^^^^^^^^^^^^^^^^^^^^^^^^^^^^^^^^^^^^
  File "/home/airflow/.local/lib/python3.12/site-packages/airflow/utils/operator_helpers.py", line 252, in run
    return self.func(*args, **kwargs)
           ^^^^^^^^^^^^^^^^^^^^^^^^^^
  File "/opt/airflow/dags/get_finance_yf_csv.py", line 199, in check_db
    cursor.execute(query)
psycopg2.errors.DuplicateTable: relation "pengguna" already exists

[2026-03-15T15:00:38.061+0000] {local_task_job_runner.py:266} INFO - Task exited with return code 1
[2026-03-15T15:00:38.178+0000] {taskinstance.py:3924} INFO - 0 downstream tasks scheduled from follow-on schedule check
[2026-03-15T15:00:38.198+0000] {local_task_job_runner.py:245} INFO - ::endgroup::
[2026-03-15T15:26:59.260+0000] {local_task_job_runner.py:123} INFO - ::group::Pre task execution logs
[2026-03-15T15:26:59.453+0000] {taskinstance.py:2631} INFO - Dependencies all met for dep_context=non-requeueable deps ti=<TaskInstance: dag_get_data_from_yf.check_db scheduled__2026-03-04T00:00:00+00:00 [queued]>
[2026-03-15T15:26:59.516+0000] {taskinstance.py:2631} INFO - Dependencies all met for dep_context=requeueable deps ti=<TaskInstance: dag_get_data_from_yf.check_db scheduled__2026-03-04T00:00:00+00:00 [queued]>
[2026-03-15T15:26:59.517+0000] {taskinstance.py:2884} INFO - Starting attempt 1 of 1
[2026-03-15T15:26:59.590+0000] {taskinstance.py:2907} INFO - Executing <Task(_PythonDecoratedOperator): check_db> on 2026-03-04 00:00:00+00:00
[2026-03-15T15:26:59.655+0000] {warnings.py:112} WARNING - /home/***/.local/lib/python3.12/site-packages/***/task/task_runner/standard_task_runner.py:70: DeprecationWarning: This process (pid=1246) is multi-threaded, use of fork() may lead to deadlocks in the child.
  pid = os.fork()

[2026-03-15T15:26:59.658+0000] {standard_task_runner.py:72} INFO - Started process 1309 to run task
[2026-03-15T15:26:59.694+0000] {standard_task_runner.py:104} INFO - Running: ['***', 'tasks', 'run', 'dag_get_data_from_yf', 'check_db', 'scheduled__2026-03-04T00:00:00+00:00', '--job-id', '518', '--raw', '--subdir', 'DAGS_FOLDER/get_finance_yf_csv.py', '--cfg-path', '/tmp/tmpkbvuv8dd']
[2026-03-15T15:26:59.697+0000] {standard_task_runner.py:105} INFO - Job 518: Subtask check_db
[2026-03-15T15:27:00.151+0000] {task_command.py:467} INFO - Running <TaskInstance: dag_get_data_from_yf.check_db scheduled__2026-03-04T00:00:00+00:00 [running]> on host c2f7721b6bb3
[2026-03-15T15:27:00.585+0000] {taskinstance.py:3157} INFO - Exporting env vars: AIRFLOW_CTX_DAG_OWNER='***' AIRFLOW_CTX_DAG_ID='dag_get_data_from_yf' AIRFLOW_CTX_TASK_ID='check_db' AIRFLOW_CTX_EXECUTION_DATE='2026-03-04T00:00:00+00:00' AIRFLOW_CTX_TRY_NUMBER='1' AIRFLOW_CTX_DAG_RUN_ID='scheduled__2026-03-04T00:00:00+00:00'
[2026-03-15T15:27:00.588+0000] {logging_mixin.py:190} INFO - Task instance is in running state
[2026-03-15T15:27:00.588+0000] {logging_mixin.py:190} INFO -  Previous state of the Task instance: queued
[2026-03-15T15:27:00.589+0000] {logging_mixin.py:190} INFO - Current task name:check_db state:running start_date:2026-03-15 15:26:59.455237+00:00
[2026-03-15T15:27:00.589+0000] {logging_mixin.py:190} INFO - Dag name:dag_get_data_from_yf and current dag run status:running
[2026-03-15T15:27:00.590+0000] {taskinstance.py:740} INFO - ::endgroup::
[2026-03-15T15:27:00.661+0000] {base.py:84} INFO - Retrieving connection 'db_custom'
[2026-03-15T15:27:00.718+0000] {logging_mixin.py:190} INFO - Hasil manggil db: [(1, 'Alex', datetime.datetime(2026, 3, 15, 15, 0, 31, 491419)), (2, 'Budi', datetime.datetime(2026, 3, 15, 15, 0, 31, 491419)), (3, 'Charlie', datetime.datetime(2026, 3, 15, 15, 0, 31, 491419)), (4, 'Alex', datetime.datetime(2026, 3, 15, 15, 26, 39, 582858)), (5, 'Budi', datetime.datetime(2026, 3, 15, 15, 26, 39, 582858)), (6, 'Charlie', datetime.datetime(2026, 3, 15, 15, 26, 39, 582858)), (7, 'Alex', datetime.datetime(2026, 3, 15, 15, 26, 40, 978185)), (8, 'Budi', datetime.datetime(2026, 3, 15, 15, 26, 40, 978185)), (9, 'Charlie', datetime.datetime(2026, 3, 15, 15, 26, 40, 978185)), (10, 'Alex', datetime.datetime(2026, 3, 15, 15, 26, 44, 207953)), (11, 'Budi', datetime.datetime(2026, 3, 15, 15, 26, 44, 207953)), (12, 'Charlie', datetime.datetime(2026, 3, 15, 15, 26, 44, 207953)), (13, 'Alex', datetime.datetime(2026, 3, 15, 15, 26, 49, 111112)), (14, 'Budi', datetime.datetime(2026, 3, 15, 15, 26, 49, 111112)), (15, 'Charlie', datetime.datetime(2026, 3, 15, 15, 26, 49, 111112)), (16, 'Alex', datetime.datetime(2026, 3, 15, 15, 26, 50, 941016)), (17, 'Budi', datetime.datetime(2026, 3, 15, 15, 26, 50, 941016)), (18, 'Charlie', datetime.datetime(2026, 3, 15, 15, 26, 50, 941016)), (19, 'Alex', datetime.datetime(2026, 3, 15, 15, 26, 54, 862649)), (20, 'Budi', datetime.datetime(2026, 3, 15, 15, 26, 54, 862649)), (21, 'Charlie', datetime.datetime(2026, 3, 15, 15, 26, 54, 862649)), (22, 'Alex', datetime.datetime(2026, 3, 15, 15, 26, 55, 384370)), (23, 'Budi', datetime.datetime(2026, 3, 15, 15, 26, 55, 384370)), (24, 'Charlie', datetime.datetime(2026, 3, 15, 15, 26, 55, 384370)), (25, 'Alex', datetime.datetime(2026, 3, 15, 15, 27, 0, 710851)), (26, 'Budi', datetime.datetime(2026, 3, 15, 15, 27, 0, 710851)), (27, 'Charlie', datetime.datetime(2026, 3, 15, 15, 27, 0, 710851))]
[2026-03-15T15:27:00.724+0000] {python.py:240} INFO - Done. Returned value was: None
[2026-03-15T15:27:00.785+0000] {taskinstance.py:349} INFO - ::group::Post task execution logs
[2026-03-15T15:27:00.793+0000] {taskinstance.py:361} INFO - Marking task as SUCCESS. dag_id=dag_get_data_from_yf, task_id=check_db, run_id=scheduled__2026-03-04T00:00:00+00:00, execution_date=20260304T000000, start_date=20260315T152659, end_date=20260315T152700
[2026-03-15T15:27:01.089+0000] {logging_mixin.py:190} INFO - Task instance in success state
[2026-03-15T15:27:01.092+0000] {logging_mixin.py:190} INFO -  Previous state of the Task instance: running
[2026-03-15T15:27:01.094+0000] {logging_mixin.py:190} INFO - Dag name:dag_get_data_from_yf queued_at:2026-03-15 15:18:37.947303+00:00
[2026-03-15T15:27:01.095+0000] {logging_mixin.py:190} INFO - Task hostname:c2f7721b6bb3 operator:_PythonDecoratedOperator
[2026-03-15T15:27:01.174+0000] {local_task_job_runner.py:266} INFO - Task exited with return code 0
[2026-03-15T15:27:01.440+0000] {taskinstance.py:3924} INFO - 1 downstream tasks scheduled from follow-on schedule check
[2026-03-15T15:27:01.456+0000] {local_task_job_runner.py:245} INFO - ::endgroup::
[2026-03-15T16:23:47.092+0000] {local_task_job_runner.py:123} INFO - ::group::Pre task execution logs
[2026-03-15T16:23:47.309+0000] {taskinstance.py:2631} INFO - Dependencies all met for dep_context=non-requeueable deps ti=<TaskInstance: dag_get_data_from_yf.check_db scheduled__2026-03-04T00:00:00+00:00 [queued]>
[2026-03-15T16:23:47.387+0000] {taskinstance.py:2631} INFO - Dependencies all met for dep_context=requeueable deps ti=<TaskInstance: dag_get_data_from_yf.check_db scheduled__2026-03-04T00:00:00+00:00 [queued]>
[2026-03-15T16:23:47.387+0000] {taskinstance.py:2884} INFO - Starting attempt 1 of 1
[2026-03-15T16:23:47.518+0000] {taskinstance.py:2907} INFO - Executing <Task(_PythonDecoratedOperator): check_db> on 2026-03-04 00:00:00+00:00
[2026-03-15T16:23:47.652+0000] {standard_task_runner.py:104} INFO - Running: ['***', 'tasks', 'run', 'dag_get_data_from_yf', 'check_db', 'scheduled__2026-03-04T00:00:00+00:00', '--job-id', '639', '--raw', '--subdir', 'DAGS_FOLDER/get_finance_yf_csv.py', '--cfg-path', '/tmp/tmp6be2o_sq']
[2026-03-15T16:23:47.654+0000] {standard_task_runner.py:105} INFO - Job 639: Subtask check_db
[2026-03-15T16:23:47.599+0000] {warnings.py:112} WARNING - /home/***/.local/lib/python3.12/site-packages/***/task/task_runner/standard_task_runner.py:70: DeprecationWarning: This process (pid=3051) is multi-threaded, use of fork() may lead to deadlocks in the child.
  pid = os.fork()

[2026-03-15T16:23:47.685+0000] {standard_task_runner.py:72} INFO - Started process 3095 to run task
[2026-03-15T16:23:48.174+0000] {task_command.py:467} INFO - Running <TaskInstance: dag_get_data_from_yf.check_db scheduled__2026-03-04T00:00:00+00:00 [running]> on host c2f7721b6bb3
[2026-03-15T16:23:48.660+0000] {taskinstance.py:3157} INFO - Exporting env vars: AIRFLOW_CTX_DAG_OWNER='***' AIRFLOW_CTX_DAG_ID='dag_get_data_from_yf' AIRFLOW_CTX_TASK_ID='check_db' AIRFLOW_CTX_EXECUTION_DATE='2026-03-04T00:00:00+00:00' AIRFLOW_CTX_TRY_NUMBER='1' AIRFLOW_CTX_DAG_RUN_ID='scheduled__2026-03-04T00:00:00+00:00'
[2026-03-15T16:23:48.664+0000] {logging_mixin.py:190} INFO - Task instance is in running state
[2026-03-15T16:23:48.664+0000] {logging_mixin.py:190} INFO -  Previous state of the Task instance: queued
[2026-03-15T16:23:48.665+0000] {logging_mixin.py:190} INFO - Current task name:check_db state:running start_date:2026-03-15 16:23:47.311403+00:00
[2026-03-15T16:23:48.666+0000] {logging_mixin.py:190} INFO - Dag name:dag_get_data_from_yf and current dag run status:running
[2026-03-15T16:23:48.666+0000] {taskinstance.py:740} INFO - ::endgroup::
[2026-03-15T16:23:48.791+0000] {base.py:84} INFO - Retrieving connection 'db_custom'
[2026-03-15T16:23:48.868+0000] {logging_mixin.py:190} INFO - Hasil manggil db: [(1, 'Alex', datetime.datetime(2026, 3, 15, 16, 22, 55, 448599)), (2, 'Budi', datetime.datetime(2026, 3, 15, 16, 22, 55, 448599)), (3, 'Charlie', datetime.datetime(2026, 3, 15, 16, 22, 55, 448599)), (4, 'Alex', datetime.datetime(2026, 3, 15, 16, 22, 59, 768218)), (5, 'Budi', datetime.datetime(2026, 3, 15, 16, 22, 59, 768218)), (6, 'Charlie', datetime.datetime(2026, 3, 15, 16, 22, 59, 768218)), (7, 'Alex', datetime.datetime(2026, 3, 15, 16, 23, 5, 167922)), (8, 'Budi', datetime.datetime(2026, 3, 15, 16, 23, 5, 167922)), (9, 'Charlie', datetime.datetime(2026, 3, 15, 16, 23, 5, 167922)), (10, 'Alex', datetime.datetime(2026, 3, 15, 16, 23, 5, 998685)), (11, 'Budi', datetime.datetime(2026, 3, 15, 16, 23, 5, 998685)), (12, 'Charlie', datetime.datetime(2026, 3, 15, 16, 23, 5, 998685)), (13, 'Alex', datetime.datetime(2026, 3, 15, 16, 23, 7, 875631)), (14, 'Budi', datetime.datetime(2026, 3, 15, 16, 23, 7, 875631)), (15, 'Charlie', datetime.datetime(2026, 3, 15, 16, 23, 7, 875631)), (16, 'Alex', datetime.datetime(2026, 3, 15, 16, 23, 8, 277655)), (17, 'Budi', datetime.datetime(2026, 3, 15, 16, 23, 8, 277655)), (18, 'Charlie', datetime.datetime(2026, 3, 15, 16, 23, 8, 277655)), (19, 'Alex', datetime.datetime(2026, 3, 15, 16, 23, 10, 819735)), (20, 'Budi', datetime.datetime(2026, 3, 15, 16, 23, 10, 819735)), (21, 'Charlie', datetime.datetime(2026, 3, 15, 16, 23, 10, 819735)), (22, 'Alex', datetime.datetime(2026, 3, 15, 16, 23, 19, 355472)), (23, 'Budi', datetime.datetime(2026, 3, 15, 16, 23, 19, 355472)), (24, 'Charlie', datetime.datetime(2026, 3, 15, 16, 23, 19, 355472)), (25, 'Alex', datetime.datetime(2026, 3, 15, 16, 23, 20, 288011)), (26, 'Budi', datetime.datetime(2026, 3, 15, 16, 23, 20, 288011)), (27, 'Charlie', datetime.datetime(2026, 3, 15, 16, 23, 20, 288011)), (28, 'Alex', datetime.datetime(2026, 3, 15, 16, 23, 20, 857575)), (29, 'Budi', datetime.datetime(2026, 3, 15, 16, 23, 20, 857575)), (30, 'Charlie', datetime.datetime(2026, 3, 15, 16, 23, 20, 857575)), (31, 'Alex', datetime.datetime(2026, 3, 15, 16, 23, 22, 907400)), (32, 'Budi', datetime.datetime(2026, 3, 15, 16, 23, 22, 907400)), (33, 'Charlie', datetime.datetime(2026, 3, 15, 16, 23, 22, 907400)), (34, 'Alex', datetime.datetime(2026, 3, 15, 16, 23, 27, 252821)), (35, 'Budi', datetime.datetime(2026, 3, 15, 16, 23, 27, 252821)), (36, 'Charlie', datetime.datetime(2026, 3, 15, 16, 23, 27, 252821)), (37, 'Alex', datetime.datetime(2026, 3, 15, 16, 23, 38, 555181)), (38, 'Budi', datetime.datetime(2026, 3, 15, 16, 23, 38, 555181)), (39, 'Charlie', datetime.datetime(2026, 3, 15, 16, 23, 38, 555181)), (40, 'Alex', datetime.datetime(2026, 3, 15, 16, 23, 42, 314672)), (41, 'Budi', datetime.datetime(2026, 3, 15, 16, 23, 42, 314672)), (42, 'Charlie', datetime.datetime(2026, 3, 15, 16, 23, 42, 314672))]
[2026-03-15T16:23:48.880+0000] {python.py:240} INFO - Done. Returned value was: None
[2026-03-15T16:23:48.967+0000] {taskinstance.py:349} INFO - ::group::Post task execution logs
[2026-03-15T16:23:48.969+0000] {taskinstance.py:361} INFO - Marking task as SUCCESS. dag_id=dag_get_data_from_yf, task_id=check_db, run_id=scheduled__2026-03-04T00:00:00+00:00, execution_date=20260304T000000, start_date=20260315T162347, end_date=20260315T162348
[2026-03-15T16:23:49.155+0000] {logging_mixin.py:190} INFO - Task instance in success state
[2026-03-15T16:23:49.156+0000] {logging_mixin.py:190} INFO -  Previous state of the Task instance: running
[2026-03-15T16:23:49.157+0000] {logging_mixin.py:190} INFO - Dag name:dag_get_data_from_yf queued_at:2026-03-15 16:14:38.617529+00:00
[2026-03-15T16:23:49.157+0000] {logging_mixin.py:190} INFO - Task hostname:c2f7721b6bb3 operator:_PythonDecoratedOperator
[2026-03-15T16:23:49.426+0000] {local_task_job_runner.py:266} INFO - Task exited with return code 0
[2026-03-15T16:23:49.493+0000] {local_task_job_runner.py:245} INFO - ::endgroup::
