[2026-03-11T17:04:19.078+0000] {local_task_job_runner.py:123} INFO - ::group::Pre task execution logs
[2026-03-11T17:04:19.125+0000] {taskinstance.py:2631} INFO - Dependencies all met for dep_context=non-requeueable deps ti=<TaskInstance: dag_get_data_from_yf.get_data_from_yf manual__2026-03-11T17:03:55+00:00 [queued]>
[2026-03-11T17:04:19.139+0000] {taskinstance.py:2631} INFO - Dependencies all met for dep_context=requeueable deps ti=<TaskInstance: dag_get_data_from_yf.get_data_from_yf manual__2026-03-11T17:03:55+00:00 [queued]>
[2026-03-11T17:04:19.140+0000] {taskinstance.py:2884} INFO - Starting attempt 1 of 1
[2026-03-11T17:04:19.165+0000] {taskinstance.py:2907} INFO - Executing <Task(_PythonDecoratedOperator): get_data_from_yf> on 2026-03-11 17:03:55+00:00
[2026-03-11T17:04:19.181+0000] {warnings.py:112} WARNING - /home/***/.local/lib/python3.12/site-packages/***/task/task_runner/standard_task_runner.py:70: DeprecationWarning: This process (pid=15116) is multi-threaded, use of fork() may lead to deadlocks in the child.
  pid = os.fork()

[2026-03-11T17:04:19.184+0000] {standard_task_runner.py:72} INFO - Started process 15118 to run task
[2026-03-11T17:04:19.186+0000] {standard_task_runner.py:104} INFO - Running: ['***', 'tasks', 'run', 'dag_get_data_from_yf', 'get_data_from_yf', 'manual__2026-03-11T17:03:55+00:00', '--job-id', '11382', '--raw', '--subdir', 'DAGS_FOLDER/get_finance_yf_csv.py', '--cfg-path', '/tmp/tmpowe6zold']
[2026-03-11T17:04:19.188+0000] {standard_task_runner.py:105} INFO - Job 11382: Subtask get_data_from_yf
[2026-03-11T17:04:19.300+0000] {task_command.py:467} INFO - Running <TaskInstance: dag_get_data_from_yf.get_data_from_yf manual__2026-03-11T17:03:55+00:00 [running]> on host ea47c22639fa
[2026-03-11T17:04:19.496+0000] {taskinstance.py:3157} INFO - Exporting env vars: AIRFLOW_CTX_DAG_OWNER='***' AIRFLOW_CTX_DAG_ID='dag_get_data_from_yf' AIRFLOW_CTX_TASK_ID='get_data_from_yf' AIRFLOW_CTX_EXECUTION_DATE='2026-03-11T17:03:55+00:00' AIRFLOW_CTX_TRY_NUMBER='1' AIRFLOW_CTX_DAG_RUN_ID='manual__2026-03-11T17:03:55+00:00'
[2026-03-11T17:04:19.498+0000] {logging_mixin.py:190} INFO - Task instance is in running state
[2026-03-11T17:04:19.498+0000] {logging_mixin.py:190} INFO -  Previous state of the Task instance: queued
[2026-03-11T17:04:19.499+0000] {logging_mixin.py:190} INFO - Current task name:get_data_from_yf state:running start_date:2026-03-11 17:04:19.126331+00:00
[2026-03-11T17:04:19.499+0000] {logging_mixin.py:190} INFO - Dag name:dag_get_data_from_yf and current dag run status:running
[2026-03-11T17:04:19.499+0000] {taskinstance.py:740} INFO - ::endgroup::
[2026-03-11T17:04:19.501+0000] {logging_mixin.py:190} INFO - Ini tickers user: ptro, bren,cdia, tpia
[2026-03-11T17:04:19.501+0000] {logging_mixin.py:190} INFO - Ini start date user: 2026-03-02
[2026-03-11T17:04:19.502+0000] {logging_mixin.py:190} INFO - Ini end date user: 2026-03-10
[2026-03-11T17:04:20.586+0000] {logging_mixin.py:190} WARNING - [                       0%                       ]
[2026-03-11T17:04:20.600+0000] {logging_mixin.py:190} WARNING - [**********************50%                       ]  2 of 4 completed
[2026-03-11T17:04:20.603+0000] {logging_mixin.py:190} WARNING - [**********************75%***********            ]  3 of 4 completed
[2026-03-11T17:04:20.606+0000] {logging_mixin.py:190} WARNING - [*********************100%***********************]  4 of 4 completed
[2026-03-11T17:04:20.626+0000] {logging_mixin.py:190} INFO - None
[2026-03-11T17:04:20.627+0000] {python.py:240} INFO - Done. Returned value was: Price        Close                          ...    Open                        
Ticker     BREN.JK CDIA.JK PTRO.JK TPIA.JK  ... BREN.JK CDIA.JK PTRO.JK TPIA.JK
Date                                        ...                                
2026-03-02  7775.0   985.0  6000.0  5975.0  ...  8050.0   990.0  5725.0  6525.0
2026-03-03  7575.0   965.0  5825.0  5825.0  ...  7775.0   985.0  6275.0  6050.0
2026-03-04  7425.0   895.0  5300.0  5350.0  ...  7500.0   945.0  5725.0  5550.0
2026-03-05  7300.0   895.0  5225.0  5375.0  ...  7525.0   920.0  5700.0  5475.0
2026-03-06  7725.0   895.0  4960.0  6325.0  ...  7300.0   890.0  5200.0  5400.0
2026-03-09  7350.0   845.0  4990.0  6000.0  ...  7325.0   875.0  4470.0  6150.0
2026-03-10  7150.0   835.0  5100.0  5750.0  ...  7425.0   880.0  5325.0  6250.0

[7 rows x 16 columns]
[2026-03-11T17:04:20.778+0000] {taskinstance.py:349} INFO - ::group::Post task execution logs
[2026-03-11T17:04:20.779+0000] {taskinstance.py:361} INFO - Marking task as SUCCESS. dag_id=dag_get_data_from_yf, task_id=get_data_from_yf, run_id=manual__2026-03-11T17:03:55+00:00, execution_date=20260311T170355, start_date=20260311T170419, end_date=20260311T170420
[2026-03-11T17:04:20.828+0000] {logging_mixin.py:190} INFO - Task instance in success state
[2026-03-11T17:04:20.828+0000] {logging_mixin.py:190} INFO -  Previous state of the Task instance: running
[2026-03-11T17:04:20.829+0000] {logging_mixin.py:190} INFO - Dag name:dag_get_data_from_yf queued_at:2026-03-11 17:04:09.531789+00:00
[2026-03-11T17:04:20.829+0000] {logging_mixin.py:190} INFO - Task hostname:ea47c22639fa operator:_PythonDecoratedOperator
[2026-03-11T17:04:20.848+0000] {local_task_job_runner.py:266} INFO - Task exited with return code 0
[2026-03-11T17:04:20.920+0000] {taskinstance.py:3924} INFO - 4 downstream tasks scheduled from follow-on schedule check
[2026-03-11T17:04:20.924+0000] {local_task_job_runner.py:245} INFO - ::endgroup::
