[2026-03-14T04:44:34.088+0000] {local_task_job_runner.py:123} INFO - ::group::Pre task execution logs
[2026-03-14T04:44:34.205+0000] {taskinstance.py:2631} INFO - Dependencies all met for dep_context=non-requeueable deps ti=<TaskInstance: dag_get_data_from_yf.olhc_branching.get_csv_low manual__2026-03-14T04:44:01+00:00 [queued]>
[2026-03-14T04:44:34.227+0000] {taskinstance.py:2631} INFO - Dependencies all met for dep_context=requeueable deps ti=<TaskInstance: dag_get_data_from_yf.olhc_branching.get_csv_low manual__2026-03-14T04:44:01+00:00 [queued]>
[2026-03-14T04:44:34.228+0000] {taskinstance.py:2884} INFO - Starting attempt 1 of 1
[2026-03-14T04:44:34.279+0000] {taskinstance.py:2907} INFO - Executing <Task(_PythonDecoratedOperator): olhc_branching.get_csv_low> on 2026-03-14 04:44:01+00:00
[2026-03-14T04:44:34.323+0000] {warnings.py:112} WARNING - /home/***/.local/lib/python3.12/site-packages/***/task/task_runner/standard_task_runner.py:70: DeprecationWarning: This process (pid=578) is multi-threaded, use of fork() may lead to deadlocks in the child.
  pid = os.fork()

[2026-03-14T04:44:34.328+0000] {standard_task_runner.py:72} INFO - Started process 593 to run task
[2026-03-14T04:44:34.333+0000] {standard_task_runner.py:104} INFO - Running: ['***', 'tasks', 'run', 'dag_get_data_from_yf', 'olhc_branching.get_csv_low', 'manual__2026-03-14T04:44:01+00:00', '--job-id', '13978', '--raw', '--subdir', 'DAGS_FOLDER/get_finance_yf_csv.py', '--cfg-path', '/tmp/tmp4anv_448']
[2026-03-14T04:44:34.337+0000] {standard_task_runner.py:105} INFO - Job 13978: Subtask olhc_branching.get_csv_low
[2026-03-14T04:44:34.507+0000] {task_command.py:467} INFO - Running <TaskInstance: dag_get_data_from_yf.olhc_branching.get_csv_low manual__2026-03-14T04:44:01+00:00 [running]> on host 089a6defb738
[2026-03-14T04:44:35.045+0000] {taskinstance.py:3157} INFO - Exporting env vars: AIRFLOW_CTX_DAG_OWNER='***' AIRFLOW_CTX_DAG_ID='dag_get_data_from_yf' AIRFLOW_CTX_TASK_ID='olhc_branching.get_csv_low' AIRFLOW_CTX_EXECUTION_DATE='2026-03-14T04:44:01+00:00' AIRFLOW_CTX_TRY_NUMBER='1' AIRFLOW_CTX_DAG_RUN_ID='manual__2026-03-14T04:44:01+00:00'
[2026-03-14T04:44:35.048+0000] {logging_mixin.py:190} INFO - Task instance is in running state
[2026-03-14T04:44:35.049+0000] {logging_mixin.py:190} INFO -  Previous state of the Task instance: queued
[2026-03-14T04:44:35.050+0000] {logging_mixin.py:190} INFO - Current task name:olhc_branching.get_csv_low state:running start_date:2026-03-14 04:44:34.206170+00:00
[2026-03-14T04:44:35.051+0000] {logging_mixin.py:190} INFO - Dag name:dag_get_data_from_yf and current dag run status:running
[2026-03-14T04:44:35.052+0000] {taskinstance.py:740} INFO - ::endgroup::
[2026-03-14T04:44:35.066+0000] {logging_mixin.py:190} INFO - None
[2026-03-14T04:44:35.067+0000] {python.py:240} INFO - Done. Returned value was: /opt/***/scripts/saham_indonesia_low.csv
[2026-03-14T04:44:35.140+0000] {taskinstance.py:349} INFO - ::group::Post task execution logs
[2026-03-14T04:44:35.141+0000] {taskinstance.py:361} INFO - Marking task as SUCCESS. dag_id=dag_get_data_from_yf, task_id=olhc_branching.get_csv_low, run_id=manual__2026-03-14T04:44:01+00:00, execution_date=20260314T044401, start_date=20260314T044434, end_date=20260314T044435
[2026-03-14T04:44:35.214+0000] {logging_mixin.py:190} INFO - Task instance in success state
[2026-03-14T04:44:35.215+0000] {logging_mixin.py:190} INFO -  Previous state of the Task instance: running
[2026-03-14T04:44:35.219+0000] {logging_mixin.py:190} INFO - Dag name:dag_get_data_from_yf queued_at:2026-03-14 04:44:09.502822+00:00
[2026-03-14T04:44:35.220+0000] {logging_mixin.py:190} INFO - Task hostname:089a6defb738 operator:_PythonDecoratedOperator
[2026-03-14T04:44:35.253+0000] {local_task_job_runner.py:266} INFO - Task exited with return code 0
[2026-03-14T04:44:35.294+0000] {local_task_job_runner.py:245} INFO - ::endgroup::
