[2026-03-17T04:32:45.843+0000] {local_task_job_runner.py:123} INFO - ::group::Pre task execution logs
[2026-03-17T04:32:45.897+0000] {taskinstance.py:2631} INFO - Dependencies all met for dep_context=non-requeueable deps ti=<TaskInstance: dag_get_data_from_yf.get_data_from_yf manual__2026-03-17T04:32:30+00:00 [queued]>
[2026-03-17T04:32:45.913+0000] {taskinstance.py:2631} INFO - Dependencies all met for dep_context=requeueable deps ti=<TaskInstance: dag_get_data_from_yf.get_data_from_yf manual__2026-03-17T04:32:30+00:00 [queued]>
[2026-03-17T04:32:45.914+0000] {taskinstance.py:2884} INFO - Starting attempt 1 of 1
[2026-03-17T04:32:45.937+0000] {taskinstance.py:2907} INFO - Executing <Task(_PythonDecoratedOperator): get_data_from_yf> on 2026-03-17 04:32:30+00:00
[2026-03-17T04:32:45.952+0000] {warnings.py:112} WARNING - /home/***/.local/lib/python3.12/site-packages/***/task/task_runner/standard_task_runner.py:70: DeprecationWarning: This process (pid=1048) is multi-threaded, use of fork() may lead to deadlocks in the child.
  pid = os.fork()

[2026-03-17T04:32:45.954+0000] {standard_task_runner.py:72} INFO - Started process 1050 to run task
[2026-03-17T04:32:45.957+0000] {standard_task_runner.py:104} INFO - Running: ['***', 'tasks', 'run', 'dag_get_data_from_yf', 'get_data_from_yf', 'manual__2026-03-17T04:32:30+00:00', '--job-id', '1895', '--raw', '--subdir', 'DAGS_FOLDER/get_finance_yf_csv.py', '--cfg-path', '/tmp/tmpck1k3xr9']
[2026-03-17T04:32:45.959+0000] {standard_task_runner.py:105} INFO - Job 1895: Subtask get_data_from_yf
[2026-03-17T04:32:46.066+0000] {task_command.py:467} INFO - Running <TaskInstance: dag_get_data_from_yf.get_data_from_yf manual__2026-03-17T04:32:30+00:00 [running]> on host c209774a5ade
[2026-03-17T04:32:46.264+0000] {taskinstance.py:3157} INFO - Exporting env vars: AIRFLOW_CTX_DAG_OWNER='***' AIRFLOW_CTX_DAG_ID='dag_get_data_from_yf' AIRFLOW_CTX_TASK_ID='get_data_from_yf' AIRFLOW_CTX_EXECUTION_DATE='2026-03-17T04:32:30+00:00' AIRFLOW_CTX_TRY_NUMBER='1' AIRFLOW_CTX_DAG_RUN_ID='manual__2026-03-17T04:32:30+00:00'
[2026-03-17T04:32:46.267+0000] {logging_mixin.py:190} INFO - Task instance is in running state
[2026-03-17T04:32:46.268+0000] {logging_mixin.py:190} INFO -  Previous state of the Task instance: queued
[2026-03-17T04:32:46.268+0000] {logging_mixin.py:190} INFO - Current task name:get_data_from_yf state:running start_date:2026-03-17 04:32:45.897503+00:00
[2026-03-17T04:32:46.269+0000] {logging_mixin.py:190} INFO - Dag name:dag_get_data_from_yf and current dag run status:running
[2026-03-17T04:32:46.269+0000] {taskinstance.py:740} INFO - ::endgroup::
[2026-03-17T04:32:46.271+0000] {logging_mixin.py:190} INFO - Ini tickers user: None
[2026-03-17T04:32:46.272+0000] {logging_mixin.py:190} INFO - Ini start date user: 2026-03-01
[2026-03-17T04:32:46.272+0000] {logging_mixin.py:190} INFO - Ini end date user: 2026-03-07
[2026-03-17T04:32:47.160+0000] {logging_mixin.py:190} WARNING - [                       0%                       ]
[2026-03-17T04:32:47.172+0000] {logging_mixin.py:190} WARNING - [**********************67%*******                ]  2 of 3 completed
[2026-03-17T04:32:47.182+0000] {logging_mixin.py:190} WARNING - [*********************100%***********************]  3 of 3 completed
[2026-03-17T04:32:47.199+0000] {logging_mixin.py:190} INFO - triggered
[2026-03-17T04:32:47.200+0000] {logging_mixin.py:190} INFO - DEBUG: Row count fetched: 5
[2026-03-17T04:32:47.259+0000] {logging_mixin.py:190} INFO - DEBUG: Data content: Price        Close                  ...     Volume                      
Ticker     BBCA.JK BBRI.JK BMRI.JK  ...    BBCA.JK    BBRI.JK    BMRI.JK
Date                                ...                                 
2026-03-02  7025.0  3820.0  5075.0  ...  156182700  204655700  168721700
2026-03-03  7075.0  3770.0  5100.0  ...  103031100  113600400  106384700
2026-03-04  6875.0  3690.0  4980.0  ...  216518700  215656600  294487200
2026-03-05  7100.0  3750.0  5125.0  ...  110256300   96625300  133690000
2026-03-06  7000.0  3670.0  4980.0  ...  102725700  136987800  127625100

[5 rows x 15 columns]
[2026-03-17T04:32:47.300+0000] {logging_mixin.py:190} INFO - data_filtered:  Price        Close                    High  ...     Low    Open                
Ticker     BBCA.JK BBRI.JK BMRI.JK BBCA.JK  ... BMRI.JK BBCA.JK BBRI.JK BMRI.JK
Date                                        ...                                
2026-03-02  7025.0  3820.0  5075.0  7150.0  ...  5050.0  7075.0  3840.0  5125.0
2026-03-03  7075.0  3770.0  5100.0  7125.0  ...  5050.0  7075.0  3820.0  5100.0
2026-03-04  6875.0  3690.0  4980.0  7075.0  ...  4870.0  7075.0  3770.0  5050.0
2026-03-05  7100.0  3750.0  5125.0  7125.0  ...  5000.0  6975.0  3720.0  5025.0
2026-03-06  7000.0  3670.0  4980.0  7100.0  ...  4950.0  7075.0  3750.0  5075.0

[5 rows x 12 columns]
[2026-03-17T04:32:47.317+0000] {logging_mixin.py:190} INFO - data_long.columns before Inserted_at_timestamp:  Index(['Date', 'Ticker', 'Close', 'High', 'Low', 'Open'], dtype='object')
[2026-03-17T04:32:47.319+0000] {logging_mixin.py:190} INFO - data_long.columns:  Index(['Date', 'Ticker', 'Close', 'High', 'Low', 'Open',
       'Inserted_at_timestamp'],
      dtype='object')
[2026-03-17T04:32:47.321+0000] {python.py:240} INFO - Done. Returned value was: [{'Date': '2026-03-02', 'Ticker': 'BBCA.JK', 'Close': 7025.0, 'High': 7150.0, 'Low': 6975.0, 'Open': 7075.0, 'Inserted_at_timestamp': '2026-03-17'}, {'Date': '2026-03-02', 'Ticker': 'BBRI.JK', 'Close': 3820.0, 'High': 3840.0, 'Low': 3800.0, 'Open': 3840.0, 'Inserted_at_timestamp': '2026-03-17'}, {'Date': '2026-03-02', 'Ticker': 'BMRI.JK', 'Close': 5075.0, 'High': 5175.0, 'Low': 5050.0, 'Open': 5125.0, 'Inserted_at_timestamp': '2026-03-17'}, {'Date': '2026-03-03', 'Ticker': 'BBCA.JK', 'Close': 7075.0, 'High': 7125.0, 'Low': 7025.0, 'Open': 7075.0, 'Inserted_at_timestamp': '2026-03-17'}, {'Date': '2026-03-03', 'Ticker': 'BBRI.JK', 'Close': 3770.0, 'High': 3840.0, 'Low': 3770.0, 'Open': 3820.0, 'Inserted_at_timestamp': '2026-03-17'}, {'Date': '2026-03-03', 'Ticker': 'BMRI.JK', 'Close': 5100.0, 'High': 5175.0, 'Low': 5050.0, 'Open': 5100.0, 'Inserted_at_timestamp': '2026-03-17'}, {'Date': '2026-03-04', 'Ticker': 'BBCA.JK', 'Close': 6875.0, 'High': 7075.0, 'Low': 6825.0, 'Open': 7075.0, 'Inserted_at_timestamp': '2026-03-17'}, {'Date': '2026-03-04', 'Ticker': 'BBRI.JK', 'Close': 3690.0, 'High': 3770.0, 'Low': 3660.0, 'Open': 3770.0, 'Inserted_at_timestamp': '2026-03-17'}, {'Date': '2026-03-04', 'Ticker': 'BMRI.JK', 'Close': 4980.0, 'High': 5075.0, 'Low': 4870.0, 'Open': 5050.0, 'Inserted_at_timestamp': '2026-03-17'}, {'Date': '2026-03-05', 'Ticker': 'BBCA.JK', 'Close': 7100.0, 'High': 7125.0, 'Low': 6950.0, 'Open': 6975.0, 'Inserted_at_timestamp': '2026-03-17'}, {'Date': '2026-03-05', 'Ticker': 'BBRI.JK', 'Close': 3750.0, 'High': 3780.0, 'Low': 3720.0, 'Open': 3720.0, 'Inserted_at_timestamp': '2026-03-17'}, {'Date': '2026-03-05', 'Ticker': 'BMRI.JK', 'Close': 5125.0, 'High': 5125.0, 'Low': 5000.0, 'Open': 5025.0, 'Inserted_at_timestamp': '2026-03-17'}, {'Date': '2026-03-06', 'Ticker': 'BBCA.JK', 'Close': 7000.0, 'High': 7100.0, 'Low': 7000.0, 'Open': 7075.0, 'Inserted_at_timestamp': '2026-03-17'}, {'Date': '2026-03-06', 'Ticker': 'BBRI.JK', 'Close': 3670.0, 'High': 3750.0, 'Low': 3670.0, 'Open': 3750.0, 'Inserted_at_timestamp': '2026-03-17'}, {'Date': '2026-03-06', 'Ticker': 'BMRI.JK', 'Close': 4980.0, 'High': 5100.0, 'Low': 4950.0, 'Open': 5075.0, 'Inserted_at_timestamp': '2026-03-17'}]
[2026-03-17T04:32:47.380+0000] {taskinstance.py:349} INFO - ::group::Post task execution logs
[2026-03-17T04:32:47.380+0000] {taskinstance.py:361} INFO - Marking task as SUCCESS. dag_id=dag_get_data_from_yf, task_id=get_data_from_yf, run_id=manual__2026-03-17T04:32:30+00:00, execution_date=20260317T043230, start_date=20260317T043245, end_date=20260317T043247
[2026-03-17T04:32:47.434+0000] {logging_mixin.py:190} INFO - Task instance in success state
[2026-03-17T04:32:47.435+0000] {logging_mixin.py:190} INFO -  Previous state of the Task instance: running
[2026-03-17T04:32:47.435+0000] {logging_mixin.py:190} INFO - Dag name:dag_get_data_from_yf queued_at:2026-03-17 04:32:38.447028+00:00
[2026-03-17T04:32:47.435+0000] {logging_mixin.py:190} INFO - Task hostname:c209774a5ade operator:_PythonDecoratedOperator
[2026-03-17T04:32:47.457+0000] {local_task_job_runner.py:266} INFO - Task exited with return code 0
[2026-03-17T04:32:47.528+0000] {taskinstance.py:3924} INFO - 4 downstream tasks scheduled from follow-on schedule check
[2026-03-17T04:32:47.532+0000] {local_task_job_runner.py:245} INFO - ::endgroup::
