[2026-03-06T15:54:18.863+0000] {local_task_job_runner.py:123} INFO - ::group::Pre task execution logs
[2026-03-06T15:54:18.945+0000] {taskinstance.py:2631} INFO - Dependencies all met for dep_context=non-requeueable deps ti=<TaskInstance: dag_get_data_from_yf.get_csv_close scheduled__2026-03-06T15:53:00+00:00 [queued]>
[2026-03-06T15:54:18.984+0000] {taskinstance.py:2631} INFO - Dependencies all met for dep_context=requeueable deps ti=<TaskInstance: dag_get_data_from_yf.get_csv_close scheduled__2026-03-06T15:53:00+00:00 [queued]>
[2026-03-06T15:54:18.985+0000] {taskinstance.py:2884} INFO - Starting attempt 1 of 1
[2026-03-06T15:54:19.028+0000] {taskinstance.py:2907} INFO - Executing <Task(_PythonDecoratedOperator): get_csv_close> on 2026-03-06 15:53:00+00:00
[2026-03-06T15:54:19.048+0000] {warnings.py:112} WARNING - /home/***/.local/lib/python3.12/site-packages/***/task/task_runner/standard_task_runner.py:70: DeprecationWarning: This process (pid=564) is multi-threaded, use of fork() may lead to deadlocks in the child.
  pid = os.fork()

[2026-03-06T15:54:19.052+0000] {standard_task_runner.py:72} INFO - Started process 581 to run task
[2026-03-06T15:54:19.056+0000] {standard_task_runner.py:104} INFO - Running: ['***', 'tasks', 'run', 'dag_get_data_from_yf', 'get_csv_close', 'scheduled__2026-03-06T15:53:00+00:00', '--job-id', '3446', '--raw', '--subdir', 'DAGS_FOLDER/get_finance_yf_csv.py', '--cfg-path', '/tmp/tmpd70xmx_z']
[2026-03-06T15:54:19.062+0000] {standard_task_runner.py:105} INFO - Job 3446: Subtask get_csv_close
[2026-03-06T15:54:19.270+0000] {task_command.py:467} INFO - Running <TaskInstance: dag_get_data_from_yf.get_csv_close scheduled__2026-03-06T15:53:00+00:00 [running]> on host 7b8385e6caab
[2026-03-06T15:54:20.116+0000] {taskinstance.py:3157} INFO - Exporting env vars: AIRFLOW_CTX_DAG_OWNER='***' AIRFLOW_CTX_DAG_ID='dag_get_data_from_yf' AIRFLOW_CTX_TASK_ID='get_csv_close' AIRFLOW_CTX_EXECUTION_DATE='2026-03-06T15:53:00+00:00' AIRFLOW_CTX_TRY_NUMBER='1' AIRFLOW_CTX_DAG_RUN_ID='scheduled__2026-03-06T15:53:00+00:00'
[2026-03-06T15:54:20.119+0000] {logging_mixin.py:190} INFO - Task instance is in running state
[2026-03-06T15:54:20.120+0000] {logging_mixin.py:190} INFO -  Previous state of the Task instance: queued
[2026-03-06T15:54:20.120+0000] {logging_mixin.py:190} INFO - Current task name:get_csv_close state:running start_date:2026-03-06 15:54:18.946933+00:00
[2026-03-06T15:54:20.122+0000] {logging_mixin.py:190} INFO - Dag name:dag_get_data_from_yf and current dag run status:running
[2026-03-06T15:54:20.122+0000] {taskinstance.py:740} INFO - ::endgroup::
[2026-03-06T15:54:20.140+0000] {python.py:240} INFO - Done. Returned value was: None
[2026-03-06T15:54:20.188+0000] {taskinstance.py:349} INFO - ::group::Post task execution logs
[2026-03-06T15:54:20.189+0000] {taskinstance.py:361} INFO - Marking task as SUCCESS. dag_id=dag_get_data_from_yf, task_id=get_csv_close, run_id=scheduled__2026-03-06T15:53:00+00:00, execution_date=20260306T155300, start_date=20260306T155418, end_date=20260306T155420
[2026-03-06T15:54:20.408+0000] {logging_mixin.py:190} INFO - Task instance in success state
[2026-03-06T15:54:20.409+0000] {logging_mixin.py:190} INFO -  Previous state of the Task instance: running
[2026-03-06T15:54:20.410+0000] {logging_mixin.py:190} INFO - Dag name:dag_get_data_from_yf queued_at:2026-03-06 15:54:00.319045+00:00
[2026-03-06T15:54:20.411+0000] {logging_mixin.py:190} INFO - Task hostname:7b8385e6caab operator:_PythonDecoratedOperator
[2026-03-06T15:54:20.462+0000] {local_task_job_runner.py:266} INFO - Task exited with return code 0
[2026-03-06T15:54:20.514+0000] {local_task_job_runner.py:245} INFO - ::endgroup::
