[2026-03-06T15:42:18.205+0000] {local_task_job_runner.py:123} INFO - ::group::Pre task execution logs
[2026-03-06T15:42:18.266+0000] {taskinstance.py:2631} INFO - Dependencies all met for dep_context=non-requeueable deps ti=<TaskInstance: dag_get_data_from_yf.get_csv_close scheduled__2026-03-06T15:41:00+00:00 [queued]>
[2026-03-06T15:42:18.282+0000] {taskinstance.py:2631} INFO - Dependencies all met for dep_context=requeueable deps ti=<TaskInstance: dag_get_data_from_yf.get_csv_close scheduled__2026-03-06T15:41:00+00:00 [queued]>
[2026-03-06T15:42:18.283+0000] {taskinstance.py:2884} INFO - Starting attempt 1 of 1
[2026-03-06T15:42:18.313+0000] {taskinstance.py:2907} INFO - Executing <Task(_PythonDecoratedOperator): get_csv_close> on 2026-03-06 15:41:00+00:00
[2026-03-06T15:42:18.330+0000] {warnings.py:112} WARNING - /home/***/.local/lib/python3.12/site-packages/***/task/task_runner/standard_task_runner.py:70: DeprecationWarning: This process (pid=2819) is multi-threaded, use of fork() may lead to deadlocks in the child.
  pid = os.fork()

[2026-03-06T15:42:18.333+0000] {standard_task_runner.py:72} INFO - Started process 2834 to run task
[2026-03-06T15:42:18.335+0000] {standard_task_runner.py:104} INFO - Running: ['***', 'tasks', 'run', 'dag_get_data_from_yf', 'get_csv_close', 'scheduled__2026-03-06T15:41:00+00:00', '--job-id', '3350', '--raw', '--subdir', 'DAGS_FOLDER/get_finance_yf_csv.py', '--cfg-path', '/tmp/tmpmpsw037r']
[2026-03-06T15:42:18.340+0000] {standard_task_runner.py:105} INFO - Job 3350: Subtask get_csv_close
[2026-03-06T15:42:18.501+0000] {task_command.py:467} INFO - Running <TaskInstance: dag_get_data_from_yf.get_csv_close scheduled__2026-03-06T15:41:00+00:00 [running]> on host 450e3c808cfd
[2026-03-06T15:42:19.022+0000] {taskinstance.py:3157} INFO - Exporting env vars: AIRFLOW_CTX_DAG_OWNER='***' AIRFLOW_CTX_DAG_ID='dag_get_data_from_yf' AIRFLOW_CTX_TASK_ID='get_csv_close' AIRFLOW_CTX_EXECUTION_DATE='2026-03-06T15:41:00+00:00' AIRFLOW_CTX_TRY_NUMBER='1' AIRFLOW_CTX_DAG_RUN_ID='scheduled__2026-03-06T15:41:00+00:00'
[2026-03-06T15:42:19.024+0000] {logging_mixin.py:190} INFO - Task instance is in running state
[2026-03-06T15:42:19.024+0000] {logging_mixin.py:190} INFO -  Previous state of the Task instance: queued
[2026-03-06T15:42:19.025+0000] {logging_mixin.py:190} INFO - Current task name:get_csv_close state:running start_date:2026-03-06 15:42:18.267406+00:00
[2026-03-06T15:42:19.025+0000] {logging_mixin.py:190} INFO - Dag name:dag_get_data_from_yf and current dag run status:running
[2026-03-06T15:42:19.026+0000] {taskinstance.py:740} INFO - ::endgroup::
[2026-03-06T15:42:19.036+0000] {python.py:240} INFO - Done. Returned value was: None
[2026-03-06T15:42:19.067+0000] {taskinstance.py:349} INFO - ::group::Post task execution logs
[2026-03-06T15:42:19.067+0000] {taskinstance.py:361} INFO - Marking task as SUCCESS. dag_id=dag_get_data_from_yf, task_id=get_csv_close, run_id=scheduled__2026-03-06T15:41:00+00:00, execution_date=20260306T154100, start_date=20260306T154218, end_date=20260306T154219
[2026-03-06T15:42:19.132+0000] {logging_mixin.py:190} INFO - Task instance in success state
[2026-03-06T15:42:19.133+0000] {logging_mixin.py:190} INFO -  Previous state of the Task instance: running
[2026-03-06T15:42:19.134+0000] {logging_mixin.py:190} INFO - Dag name:dag_get_data_from_yf queued_at:2026-03-06 15:42:00.852061+00:00
[2026-03-06T15:42:19.135+0000] {logging_mixin.py:190} INFO - Task hostname:450e3c808cfd operator:_PythonDecoratedOperator
[2026-03-06T15:42:19.159+0000] {local_task_job_runner.py:266} INFO - Task exited with return code 0
[2026-03-06T15:42:19.187+0000] {local_task_job_runner.py:245} INFO - ::endgroup::
