[2026-03-05T03:54:10.659+0000] {local_task_job_runner.py:123} INFO - ::group::Pre task execution logs
[2026-03-05T03:54:10.700+0000] {taskinstance.py:2631} INFO - Dependencies all met for dep_context=non-requeueable deps ti=<TaskInstance: dag_get_data_from_yf.convert_data_to_csv manual__2026-03-05T03:53:50.951600+00:00 [queued]>
[2026-03-05T03:54:10.714+0000] {taskinstance.py:2631} INFO - Dependencies all met for dep_context=requeueable deps ti=<TaskInstance: dag_get_data_from_yf.convert_data_to_csv manual__2026-03-05T03:53:50.951600+00:00 [queued]>
[2026-03-05T03:54:10.715+0000] {taskinstance.py:2884} INFO - Starting attempt 1 of 1
[2026-03-05T03:54:10.733+0000] {taskinstance.py:2907} INFO - Executing <Task(_PythonDecoratedOperator): convert_data_to_csv> on 2026-03-05 03:53:50.951600+00:00
[2026-03-05T03:54:10.744+0000] {warnings.py:112} WARNING - /home/***/.local/lib/python3.12/site-packages/***/task/task_runner/standard_task_runner.py:70: DeprecationWarning: This process (pid=186) is multi-threaded, use of fork() may lead to deadlocks in the child.
  pid = os.fork()

[2026-03-05T03:54:10.746+0000] {standard_task_runner.py:72} INFO - Started process 193 to run task
[2026-03-05T03:54:10.749+0000] {standard_task_runner.py:104} INFO - Running: ['***', 'tasks', 'run', 'dag_get_data_from_yf', 'convert_data_to_csv', 'manual__2026-03-05T03:53:50.951600+00:00', '--job-id', '717', '--raw', '--subdir', 'DAGS_FOLDER/get_finance_yf_csv.py', '--cfg-path', '/tmp/tmpqu5jmn1l']
[2026-03-05T03:54:10.750+0000] {standard_task_runner.py:105} INFO - Job 717: Subtask convert_data_to_csv
[2026-03-05T03:54:10.853+0000] {task_command.py:467} INFO - Running <TaskInstance: dag_get_data_from_yf.convert_data_to_csv manual__2026-03-05T03:53:50.951600+00:00 [running]> on host 8e78d3c44dbb
[2026-03-05T03:54:11.215+0000] {taskinstance.py:3157} INFO - Exporting env vars: AIRFLOW_CTX_DAG_OWNER='***' AIRFLOW_CTX_DAG_ID='dag_get_data_from_yf' AIRFLOW_CTX_TASK_ID='convert_data_to_csv' AIRFLOW_CTX_EXECUTION_DATE='2026-03-05T03:53:50.951600+00:00' AIRFLOW_CTX_TRY_NUMBER='1' AIRFLOW_CTX_DAG_RUN_ID='manual__2026-03-05T03:53:50.951600+00:00'
[2026-03-05T03:54:11.217+0000] {logging_mixin.py:190} INFO - Task instance is in running state
[2026-03-05T03:54:11.218+0000] {logging_mixin.py:190} INFO -  Previous state of the Task instance: queued
[2026-03-05T03:54:11.219+0000] {logging_mixin.py:190} INFO - Current task name:convert_data_to_csv state:running start_date:2026-03-05 03:54:10.701153+00:00
[2026-03-05T03:54:11.219+0000] {logging_mixin.py:190} INFO - Dag name:dag_get_data_from_yf and current dag run status:running
[2026-03-05T03:54:11.219+0000] {taskinstance.py:740} INFO - ::endgroup::
[2026-03-05T03:54:11.239+0000] {python.py:240} INFO - Done. Returned value was: None
[2026-03-05T03:54:11.268+0000] {taskinstance.py:349} INFO - ::group::Post task execution logs
[2026-03-05T03:54:11.269+0000] {taskinstance.py:361} INFO - Marking task as SUCCESS. dag_id=dag_get_data_from_yf, task_id=convert_data_to_csv, run_id=manual__2026-03-05T03:53:50.951600+00:00, execution_date=20260305T035350, start_date=20260305T035410, end_date=20260305T035411
[2026-03-05T03:54:11.328+0000] {logging_mixin.py:190} INFO - Task instance in success state
[2026-03-05T03:54:11.328+0000] {logging_mixin.py:190} INFO -  Previous state of the Task instance: running
[2026-03-05T03:54:11.329+0000] {logging_mixin.py:190} INFO - Dag name:dag_get_data_from_yf queued_at:2026-03-05 03:53:50.975463+00:00
[2026-03-05T03:54:11.329+0000] {logging_mixin.py:190} INFO - Task hostname:8e78d3c44dbb operator:_PythonDecoratedOperator
[2026-03-05T03:54:11.357+0000] {local_task_job_runner.py:266} INFO - Task exited with return code 0
[2026-03-05T03:54:11.394+0000] {taskinstance.py:3924} INFO - 0 downstream tasks scheduled from follow-on schedule check
[2026-03-05T03:54:11.398+0000] {local_task_job_runner.py:245} INFO - ::endgroup::
