[2026-03-06T15:44:14.620+0000] {local_task_job_runner.py:123} INFO - ::group::Pre task execution logs
[2026-03-06T15:44:14.703+0000] {taskinstance.py:2631} INFO - Dependencies all met for dep_context=non-requeueable deps ti=<TaskInstance: execute_shell_script.execute_script_second scheduled__2026-03-06T15:43:00+00:00 [queued]>
[2026-03-06T15:44:14.725+0000] {taskinstance.py:2631} INFO - Dependencies all met for dep_context=requeueable deps ti=<TaskInstance: execute_shell_script.execute_script_second scheduled__2026-03-06T15:43:00+00:00 [queued]>
[2026-03-06T15:44:14.726+0000] {taskinstance.py:2884} INFO - Starting attempt 1 of 1
[2026-03-06T15:44:14.758+0000] {taskinstance.py:2907} INFO - Executing <Task(BashOperator): execute_script_second> on 2026-03-06 15:43:00+00:00
[2026-03-06T15:44:14.777+0000] {warnings.py:112} WARNING - /home/***/.local/lib/python3.12/site-packages/***/task/task_runner/standard_task_runner.py:70: DeprecationWarning: This process (pid=3003) is multi-threaded, use of fork() may lead to deadlocks in the child.
  pid = os.fork()

[2026-03-06T15:44:14.783+0000] {standard_task_runner.py:72} INFO - Started process 3019 to run task
[2026-03-06T15:44:14.782+0000] {standard_task_runner.py:104} INFO - Running: ['***', 'tasks', 'run', 'execute_shell_script', 'execute_script_second', 'scheduled__2026-03-06T15:43:00+00:00', '--job-id', '3366', '--raw', '--subdir', 'DAGS_FOLDER/executeShellScript.py', '--cfg-path', '/tmp/tmpci25p10k']
[2026-03-06T15:44:14.784+0000] {standard_task_runner.py:105} INFO - Job 3366: Subtask execute_script_second
[2026-03-06T15:44:14.923+0000] {task_command.py:467} INFO - Running <TaskInstance: execute_shell_script.execute_script_second scheduled__2026-03-06T15:43:00+00:00 [running]> on host 450e3c808cfd
[2026-03-06T15:44:15.189+0000] {taskinstance.py:3157} INFO - Exporting env vars: AIRFLOW_CTX_DAG_OWNER='***' AIRFLOW_CTX_DAG_ID='execute_shell_script' AIRFLOW_CTX_TASK_ID='execute_script_second' AIRFLOW_CTX_EXECUTION_DATE='2026-03-06T15:43:00+00:00' AIRFLOW_CTX_TRY_NUMBER='1' AIRFLOW_CTX_DAG_RUN_ID='scheduled__2026-03-06T15:43:00+00:00'
[2026-03-06T15:44:15.192+0000] {logging_mixin.py:190} INFO - Task instance is in running state
[2026-03-06T15:44:15.193+0000] {logging_mixin.py:190} INFO -  Previous state of the Task instance: queued
[2026-03-06T15:44:15.194+0000] {logging_mixin.py:190} INFO - Current task name:execute_script_second state:running start_date:2026-03-06 15:44:14.704745+00:00
[2026-03-06T15:44:15.195+0000] {logging_mixin.py:190} INFO - Dag name:execute_shell_script and current dag run status:running
[2026-03-06T15:44:15.196+0000] {taskinstance.py:740} INFO - ::endgroup::
[2026-03-06T15:44:15.199+0000] {subprocess.py:78} INFO - Tmp dir root location: /tmp
[2026-03-06T15:44:15.201+0000] {subprocess.py:88} INFO - Running command: ['/usr/bin/bash', '-c', 'sh /opt/***/scripts/SampleShellScript.sh /opt/***/scripts/task_output2.txt']
[2026-03-06T15:44:15.235+0000] {subprocess.py:99} INFO - Output:
[2026-03-06T15:44:15.242+0000] {subprocess.py:106} INFO - File '/opt/***/scripts/task_output2.txt' dibuat dengan sample text.
[2026-03-06T15:44:15.243+0000] {subprocess.py:110} INFO - Command exited with return code 0
[2026-03-06T15:44:15.884+0000] {taskinstance.py:349} INFO - ::group::Post task execution logs
[2026-03-06T15:44:15.884+0000] {taskinstance.py:361} INFO - Marking task as SUCCESS. dag_id=execute_shell_script, task_id=execute_script_second, run_id=scheduled__2026-03-06T15:43:00+00:00, execution_date=20260306T154300, start_date=20260306T154414, end_date=20260306T154415
[2026-03-06T15:44:15.970+0000] {logging_mixin.py:190} INFO - Task instance in success state
[2026-03-06T15:44:15.971+0000] {logging_mixin.py:190} INFO -  Previous state of the Task instance: running
[2026-03-06T15:44:15.971+0000] {logging_mixin.py:190} INFO - Dag name:execute_shell_script queued_at:2026-03-06 15:44:00.966968+00:00
[2026-03-06T15:44:15.972+0000] {logging_mixin.py:190} INFO - Task hostname:450e3c808cfd operator:BashOperator
[2026-03-06T15:44:16.004+0000] {local_task_job_runner.py:266} INFO - Task exited with return code 0
[2026-03-06T15:44:16.048+0000] {taskinstance.py:3924} INFO - 0 downstream tasks scheduled from follow-on schedule check
[2026-03-06T15:44:16.055+0000] {local_task_job_runner.py:245} INFO - ::endgroup::
