[2026-03-09T04:21:25.350+0000] {local_task_job_runner.py:123} INFO - ::group::Pre task execution logs
[2026-03-09T04:21:25.424+0000] {taskinstance.py:2631} INFO - Dependencies all met for dep_context=non-requeueable deps ti=<TaskInstance: dag_get_data_from_yf.get_csv_low scheduled__2026-03-09T04:20:00+00:00 [queued]>
[2026-03-09T04:21:25.449+0000] {taskinstance.py:2631} INFO - Dependencies all met for dep_context=requeueable deps ti=<TaskInstance: dag_get_data_from_yf.get_csv_low scheduled__2026-03-09T04:20:00+00:00 [queued]>
[2026-03-09T04:21:25.453+0000] {taskinstance.py:2884} INFO - Starting attempt 1 of 1
[2026-03-09T04:21:25.498+0000] {taskinstance.py:2907} INFO - Executing <Task(_PythonDecoratedOperator): get_csv_low> on 2026-03-09 04:20:00+00:00
[2026-03-09T04:21:25.517+0000] {warnings.py:112} WARNING - /home/***/.local/lib/python3.12/site-packages/***/task/task_runner/standard_task_runner.py:70: DeprecationWarning: This process (pid=4012) is multi-threaded, use of fork() may lead to deadlocks in the child.
  pid = os.fork()

[2026-03-09T04:21:25.520+0000] {standard_task_runner.py:72} INFO - Started process 4031 to run task
[2026-03-09T04:21:25.522+0000] {standard_task_runner.py:104} INFO - Running: ['***', 'tasks', 'run', 'dag_get_data_from_yf', 'get_csv_low', 'scheduled__2026-03-09T04:20:00+00:00', '--job-id', '6028', '--raw', '--subdir', 'DAGS_FOLDER/get_finance_yf_csv.py', '--cfg-path', '/tmp/tmpww9xombt']
[2026-03-09T04:21:25.525+0000] {standard_task_runner.py:105} INFO - Job 6028: Subtask get_csv_low
[2026-03-09T04:21:25.671+0000] {task_command.py:467} INFO - Running <TaskInstance: dag_get_data_from_yf.get_csv_low scheduled__2026-03-09T04:20:00+00:00 [running]> on host e96756f86073
[2026-03-09T04:21:26.329+0000] {taskinstance.py:3157} INFO - Exporting env vars: AIRFLOW_CTX_DAG_OWNER='***' AIRFLOW_CTX_DAG_ID='dag_get_data_from_yf' AIRFLOW_CTX_TASK_ID='get_csv_low' AIRFLOW_CTX_EXECUTION_DATE='2026-03-09T04:20:00+00:00' AIRFLOW_CTX_TRY_NUMBER='1' AIRFLOW_CTX_DAG_RUN_ID='scheduled__2026-03-09T04:20:00+00:00'
[2026-03-09T04:21:26.335+0000] {logging_mixin.py:190} INFO - Task instance is in running state
[2026-03-09T04:21:26.335+0000] {logging_mixin.py:190} INFO -  Previous state of the Task instance: queued
[2026-03-09T04:21:26.336+0000] {logging_mixin.py:190} INFO - Current task name:get_csv_low state:running start_date:2026-03-09 04:21:25.425347+00:00
[2026-03-09T04:21:26.336+0000] {logging_mixin.py:190} INFO - Dag name:dag_get_data_from_yf and current dag run status:running
[2026-03-09T04:21:26.337+0000] {taskinstance.py:740} INFO - ::endgroup::
[2026-03-09T04:21:26.350+0000] {logging_mixin.py:190} INFO - None
[2026-03-09T04:21:26.351+0000] {python.py:240} INFO - Done. Returned value was: /opt/***/scripts/saham_indonesia_low.csv
[2026-03-09T04:21:26.455+0000] {taskinstance.py:349} INFO - ::group::Post task execution logs
[2026-03-09T04:21:26.456+0000] {taskinstance.py:361} INFO - Marking task as SUCCESS. dag_id=dag_get_data_from_yf, task_id=get_csv_low, run_id=scheduled__2026-03-09T04:20:00+00:00, execution_date=20260309T042000, start_date=20260309T042125, end_date=20260309T042126
[2026-03-09T04:21:26.519+0000] {logging_mixin.py:190} INFO - Task instance in success state
[2026-03-09T04:21:26.520+0000] {logging_mixin.py:190} INFO -  Previous state of the Task instance: running
[2026-03-09T04:21:26.520+0000] {logging_mixin.py:190} INFO - Dag name:dag_get_data_from_yf queued_at:2026-03-09 04:21:00.908875+00:00
[2026-03-09T04:21:26.521+0000] {logging_mixin.py:190} INFO - Task hostname:e96756f86073 operator:_PythonDecoratedOperator
[2026-03-09T04:21:26.548+0000] {local_task_job_runner.py:266} INFO - Task exited with return code 0
[2026-03-09T04:21:26.619+0000] {taskinstance.py:3924} INFO - 0 downstream tasks scheduled from follow-on schedule check
[2026-03-09T04:21:26.622+0000] {local_task_job_runner.py:245} INFO - ::endgroup::
