[2026-03-16T05:55:33.664+0000] {local_task_job_runner.py:123} INFO - ::group::Pre task execution logs
[2026-03-16T05:55:33.767+0000] {taskinstance.py:2631} INFO - Dependencies all met for dep_context=non-requeueable deps ti=<TaskInstance: dag_get_data_from_yf.create_table_db scheduled__2026-03-11T00:00:00+00:00 [queued]>
[2026-03-16T05:55:33.786+0000] {taskinstance.py:2631} INFO - Dependencies all met for dep_context=requeueable deps ti=<TaskInstance: dag_get_data_from_yf.create_table_db scheduled__2026-03-11T00:00:00+00:00 [queued]>
[2026-03-16T05:55:33.787+0000] {taskinstance.py:2884} INFO - Starting attempt 1 of 1
[2026-03-16T05:55:34.024+0000] {taskinstance.py:2907} INFO - Executing <Task(_PythonDecoratedOperator): create_table_db> on 2026-03-11 00:00:00+00:00
[2026-03-16T05:55:34.088+0000] {warnings.py:112} WARNING - /home/***/.local/lib/python3.12/site-packages/***/task/task_runner/standard_task_runner.py:70: DeprecationWarning: This process (pid=2495) is multi-threaded, use of fork() may lead to deadlocks in the child.
  pid = os.fork()

[2026-03-16T05:55:34.091+0000] {standard_task_runner.py:72} INFO - Started process 2519 to run task
[2026-03-16T05:55:34.095+0000] {standard_task_runner.py:104} INFO - Running: ['***', 'tasks', 'run', 'dag_get_data_from_yf', 'create_table_db', 'scheduled__2026-03-11T00:00:00+00:00', '--job-id', '855', '--raw', '--subdir', 'DAGS_FOLDER/get_finance_yf_csv.py', '--cfg-path', '/tmp/tmph3yzl4mt']
[2026-03-16T05:55:34.138+0000] {standard_task_runner.py:105} INFO - Job 855: Subtask create_table_db
[2026-03-16T05:55:34.500+0000] {task_command.py:467} INFO - Running <TaskInstance: dag_get_data_from_yf.create_table_db scheduled__2026-03-11T00:00:00+00:00 [running]> on host 662456f34d26
[2026-03-16T05:55:34.953+0000] {taskinstance.py:3157} INFO - Exporting env vars: AIRFLOW_CTX_DAG_OWNER='***' AIRFLOW_CTX_DAG_ID='dag_get_data_from_yf' AIRFLOW_CTX_TASK_ID='create_table_db' AIRFLOW_CTX_EXECUTION_DATE='2026-03-11T00:00:00+00:00' AIRFLOW_CTX_TRY_NUMBER='1' AIRFLOW_CTX_DAG_RUN_ID='scheduled__2026-03-11T00:00:00+00:00'
[2026-03-16T05:55:34.956+0000] {logging_mixin.py:190} INFO - Task instance is in running state
[2026-03-16T05:55:34.957+0000] {logging_mixin.py:190} INFO -  Previous state of the Task instance: queued
[2026-03-16T05:55:34.958+0000] {logging_mixin.py:190} INFO - Current task name:create_table_db state:running start_date:2026-03-16 05:55:33.767654+00:00
[2026-03-16T05:55:34.958+0000] {logging_mixin.py:190} INFO - Dag name:dag_get_data_from_yf and current dag run status:running
[2026-03-16T05:55:34.959+0000] {taskinstance.py:740} INFO - ::endgroup::
[2026-03-16T05:55:35.028+0000] {base.py:84} INFO - Retrieving connection 'db_custom'
[2026-03-16T05:55:35.058+0000] {logging_mixin.py:190} INFO - Table indonesia_stocks_table sudah ada: type "datetime" does not exist
LINE 8:                         inserted_at_timestamp DATETIME,
                                                      ^
[2026-03-16T05:55:35.059+0000] {logging_mixin.py:190} INFO - koneksi ditutup
[2026-03-16T05:55:35.060+0000] {python.py:240} INFO - Done. Returned value was: None
[2026-03-16T05:55:35.107+0000] {taskinstance.py:349} INFO - ::group::Post task execution logs
[2026-03-16T05:55:35.117+0000] {taskinstance.py:361} INFO - Marking task as SUCCESS. dag_id=dag_get_data_from_yf, task_id=create_table_db, run_id=scheduled__2026-03-11T00:00:00+00:00, execution_date=20260311T000000, start_date=20260316T055533, end_date=20260316T055535
[2026-03-16T05:55:35.271+0000] {logging_mixin.py:190} INFO - Task instance in success state
[2026-03-16T05:55:35.272+0000] {logging_mixin.py:190} INFO -  Previous state of the Task instance: running
[2026-03-16T05:55:35.272+0000] {logging_mixin.py:190} INFO - Dag name:dag_get_data_from_yf queued_at:2026-03-16 04:41:07.656617+00:00
[2026-03-16T05:55:35.273+0000] {logging_mixin.py:190} INFO - Task hostname:662456f34d26 operator:_PythonDecoratedOperator
[2026-03-16T05:55:35.327+0000] {local_task_job_runner.py:266} INFO - Task exited with return code 0
[2026-03-16T05:55:35.432+0000] {local_task_job_runner.py:245} INFO - ::endgroup::
[2026-03-16T14:18:40.806+0000] {local_task_job_runner.py:123} INFO - ::group::Pre task execution logs
[2026-03-16T14:18:41.404+0000] {taskinstance.py:2631} INFO - Dependencies all met for dep_context=non-requeueable deps ti=<TaskInstance: dag_get_data_from_yf.create_table_db scheduled__2026-03-11T00:00:00+00:00 [queued]>
[2026-03-16T14:18:41.533+0000] {taskinstance.py:2631} INFO - Dependencies all met for dep_context=requeueable deps ti=<TaskInstance: dag_get_data_from_yf.create_table_db scheduled__2026-03-11T00:00:00+00:00 [queued]>
[2026-03-16T14:18:41.534+0000] {taskinstance.py:2884} INFO - Starting attempt 1 of 1
[2026-03-16T14:18:42.102+0000] {taskinstance.py:2907} INFO - Executing <Task(_PythonDecoratedOperator): create_table_db> on 2026-03-11 00:00:00+00:00
[2026-03-16T14:18:42.150+0000] {warnings.py:112} WARNING - /home/***/.local/lib/python3.12/site-packages/***/task/task_runner/standard_task_runner.py:70: DeprecationWarning: This process (pid=1276) is multi-threaded, use of fork() may lead to deadlocks in the child.
  pid = os.fork()

[2026-03-16T14:18:42.153+0000] {standard_task_runner.py:72} INFO - Started process 1322 to run task
[2026-03-16T14:18:42.169+0000] {standard_task_runner.py:104} INFO - Running: ['***', 'tasks', 'run', 'dag_get_data_from_yf', 'create_table_db', 'scheduled__2026-03-11T00:00:00+00:00', '--job-id', '1140', '--raw', '--subdir', 'DAGS_FOLDER/get_finance_yf_csv.py', '--cfg-path', '/tmp/tmpsbkvw8dw']
[2026-03-16T14:18:42.171+0000] {standard_task_runner.py:105} INFO - Job 1140: Subtask create_table_db
[2026-03-16T14:18:42.726+0000] {task_command.py:467} INFO - Running <TaskInstance: dag_get_data_from_yf.create_table_db scheduled__2026-03-11T00:00:00+00:00 [running]> on host 80c99acb76df
[2026-03-16T14:18:43.438+0000] {taskinstance.py:3157} INFO - Exporting env vars: AIRFLOW_CTX_DAG_OWNER='***' AIRFLOW_CTX_DAG_ID='dag_get_data_from_yf' AIRFLOW_CTX_TASK_ID='create_table_db' AIRFLOW_CTX_EXECUTION_DATE='2026-03-11T00:00:00+00:00' AIRFLOW_CTX_TRY_NUMBER='1' AIRFLOW_CTX_DAG_RUN_ID='scheduled__2026-03-11T00:00:00+00:00'
[2026-03-16T14:18:43.440+0000] {logging_mixin.py:190} INFO - Task instance is in running state
[2026-03-16T14:18:43.460+0000] {logging_mixin.py:190} INFO -  Previous state of the Task instance: queued
[2026-03-16T14:18:43.461+0000] {logging_mixin.py:190} INFO - Current task name:create_table_db state:running start_date:2026-03-16 14:18:41.407131+00:00
[2026-03-16T14:18:43.463+0000] {logging_mixin.py:190} INFO - Dag name:dag_get_data_from_yf and current dag run status:running
[2026-03-16T14:18:43.466+0000] {taskinstance.py:740} INFO - ::endgroup::
[2026-03-16T14:18:43.582+0000] {base.py:84} INFO - Retrieving connection 'db_custom'
[2026-03-16T14:18:43.655+0000] {logging_mixin.py:190} INFO - Table indonesia_stocks_table sudah ada: type "datetime" does not exist
LINE 8:                         inserted_at_timestamp DATETIME,
                                                      ^
[2026-03-16T14:18:43.657+0000] {logging_mixin.py:190} INFO - koneksi ditutup
[2026-03-16T14:18:43.668+0000] {python.py:240} INFO - Done. Returned value was: None
[2026-03-16T14:18:43.740+0000] {taskinstance.py:349} INFO - ::group::Post task execution logs
[2026-03-16T14:18:43.741+0000] {taskinstance.py:361} INFO - Marking task as SUCCESS. dag_id=dag_get_data_from_yf, task_id=create_table_db, run_id=scheduled__2026-03-11T00:00:00+00:00, execution_date=20260311T000000, start_date=20260316T141841, end_date=20260316T141843
[2026-03-16T14:18:43.888+0000] {logging_mixin.py:190} INFO - Task instance in success state
[2026-03-16T14:18:43.889+0000] {logging_mixin.py:190} INFO -  Previous state of the Task instance: running
[2026-03-16T14:18:43.889+0000] {logging_mixin.py:190} INFO - Dag name:dag_get_data_from_yf queued_at:2026-03-16 10:57:55.216769+00:00
[2026-03-16T14:18:43.890+0000] {logging_mixin.py:190} INFO - Task hostname:80c99acb76df operator:_PythonDecoratedOperator
[2026-03-16T14:18:43.968+0000] {local_task_job_runner.py:266} INFO - Task exited with return code 0
[2026-03-16T14:18:44.181+0000] {taskinstance.py:3924} INFO - 1 downstream tasks scheduled from follow-on schedule check
[2026-03-16T14:18:44.195+0000] {local_task_job_runner.py:245} INFO - ::endgroup::
