[2026-03-31T08:05:07.971+0000] {local_task_job_runner.py:123} INFO - ::group::Pre task execution logs
[2026-03-31T08:05:08.109+0000] {taskinstance.py:2631} INFO - Dependencies all met for dep_context=non-requeueable deps ti=<TaskInstance: dag_get_data_from_yf.insert_data_task manual__2026-03-31T08:04:03+00:00 map_index=44 [queued]>
[2026-03-31T08:05:08.170+0000] {taskinstance.py:2631} INFO - Dependencies all met for dep_context=requeueable deps ti=<TaskInstance: dag_get_data_from_yf.insert_data_task manual__2026-03-31T08:04:03+00:00 map_index=44 [queued]>
[2026-03-31T08:05:08.171+0000] {taskinstance.py:2884} INFO - Starting attempt 1 of 1
[2026-03-31T08:05:08.218+0000] {taskinstance.py:2907} INFO - Executing <Mapped(SQLExecuteQueryOperator): insert_data_task> on 2026-03-31 08:04:03+00:00
[2026-03-31T08:05:08.260+0000] {logging_mixin.py:190} WARNING - /home/***/.local/lib/python3.12/site-packages/***/task/task_runner/standard_task_runner.py:70 DeprecationWarning: This process (pid=1956) is multi-threaded, use of fork() may lead to deadlocks in the child.
[2026-03-31T08:05:08.263+0000] {standard_task_runner.py:72} INFO - Started process 2126 to run task
[2026-03-31T08:05:08.267+0000] {standard_task_runner.py:104} INFO - Running: ['***', 'tasks', 'run', 'dag_get_data_from_yf', 'insert_data_task', 'manual__2026-03-31T08:04:03+00:00', '--job-id', '1155', '--raw', '--subdir', 'DAGS_FOLDER/get_finance_yf_csv.py', '--cfg-path', '/tmp/tmp21sj30ad', '--map-index', '44']
[2026-03-31T08:05:08.273+0000] {standard_task_runner.py:105} INFO - Job 1155: Subtask insert_data_task
[2026-03-31T08:05:08.564+0000] {task_command.py:467} INFO - Running <TaskInstance: dag_get_data_from_yf.insert_data_task manual__2026-03-31T08:04:03+00:00 map_index=44 [running]> on host 3786aeb64ba3
[2026-03-31T08:05:09.006+0000] {taskinstance.py:3157} INFO - Exporting env vars: AIRFLOW_CTX_DAG_OWNER='***' AIRFLOW_CTX_DAG_ID='dag_get_data_from_yf' AIRFLOW_CTX_TASK_ID='insert_data_task' AIRFLOW_CTX_EXECUTION_DATE='2026-03-31T08:04:03+00:00' AIRFLOW_CTX_TRY_NUMBER='1' AIRFLOW_CTX_DAG_RUN_ID='manual__2026-03-31T08:04:03+00:00'
[2026-03-31T08:05:09.009+0000] {taskinstance.py:740} INFO - ::endgroup::
[2026-03-31T08:05:09.016+0000] {sql.py:410} INFO - Executing: INSERT INTO indonesian_stocks (
    date, 
    ticker, 
    close, 
    high, 
    low, 
    open, 
    inserted_at_timestamp_wib
) 
VALUES (
    '2026-03-26', 
    'BMRI.JK', 
    4840.0, 
    4980.0, 
    4840.0, 
    4970.0, 
    '2026-03-31 15:04:23' 
)
ON CONFLICT (date, ticker) 
DO NOTHING;
[2026-03-31T08:05:09.018+0000] {crypto.py:82} WARNING - empty cryptography key - values will not be stored encrypted.
[2026-03-31T08:05:09.027+0000] {base.py:84} INFO - Retrieving connection 'db_custom'
[2026-03-31T08:05:09.049+0000] {base.py:84} INFO - Retrieving connection 'db_custom'
[2026-03-31T08:05:09.076+0000] {sql.py:861} INFO - Running statement: INSERT INTO indonesian_stocks (
    date, 
    ticker, 
    close, 
    high, 
    low, 
    open, 
    inserted_at_timestamp_wib
) 
VALUES (
    '2026-03-26', 
    'BMRI.JK', 
    4840.0, 
    4980.0, 
    4840.0, 
    4970.0, 
    '2026-03-31 15:04:23' 
)
ON CONFLICT (date, ticker) 
DO NOTHING;, parameters: None
[2026-03-31T08:05:09.102+0000] {sql.py:879} INFO - Rows affected: 1
[2026-03-31T08:05:09.158+0000] {taskinstance.py:349} INFO - ::group::Post task execution logs
[2026-03-31T08:05:09.159+0000] {taskinstance.py:361} INFO - Marking task as SUCCESS. dag_id=dag_get_data_from_yf, task_id=insert_data_task, run_id=manual__2026-03-31T08:04:03+00:00, map_index=44, execution_date=20260331T080403, start_date=20260331T080508, end_date=20260331T080509
[2026-03-31T08:05:09.282+0000] {local_task_job_runner.py:266} INFO - Task exited with return code 0
[2026-03-31T08:05:09.316+0000] {local_task_job_runner.py:245} INFO - ::endgroup::
