[2026-03-27T09:57:57.596+0000] {local_task_job_runner.py:123} INFO - ::group::Pre task execution logs
[2026-03-27T09:57:57.883+0000] {taskinstance.py:2631} INFO - Dependencies all met for dep_context=non-requeueable deps ti=<TaskInstance: dag_get_data_from_yf.insert_data_task manual__2026-03-27T09:57:09+00:00 map_index=24 [queued]>
[2026-03-27T09:57:58.019+0000] {taskinstance.py:2631} INFO - Dependencies all met for dep_context=requeueable deps ti=<TaskInstance: dag_get_data_from_yf.insert_data_task manual__2026-03-27T09:57:09+00:00 map_index=24 [queued]>
[2026-03-27T09:57:58.020+0000] {taskinstance.py:2884} INFO - Starting attempt 1 of 1
[2026-03-27T09:57:58.125+0000] {taskinstance.py:2907} INFO - Executing <Mapped(SQLExecuteQueryOperator): insert_data_task> on 2026-03-27 09:57:09+00:00
[2026-03-27T09:57:58.208+0000] {logging_mixin.py:190} WARNING - /home/***/.local/lib/python3.12/site-packages/***/task/task_runner/standard_task_runner.py:70 DeprecationWarning: This process (pid=1869) is multi-threaded, use of fork() may lead to deadlocks in the child.
[2026-03-27T09:57:58.212+0000] {standard_task_runner.py:72} INFO - Started process 2067 to run task
[2026-03-27T09:57:58.210+0000] {standard_task_runner.py:104} INFO - Running: ['***', 'tasks', 'run', 'dag_get_data_from_yf', 'insert_data_task', 'manual__2026-03-27T09:57:09+00:00', '--job-id', '756', '--raw', '--subdir', 'DAGS_FOLDER/get_finance_yf_csv.py', '--cfg-path', '/tmp/tmp6v1x9bo9', '--map-index', '24']
[2026-03-27T09:57:58.213+0000] {standard_task_runner.py:105} INFO - Job 756: Subtask insert_data_task
[2026-03-27T09:57:58.832+0000] {task_command.py:467} INFO - Running <TaskInstance: dag_get_data_from_yf.insert_data_task manual__2026-03-27T09:57:09+00:00 map_index=24 [running]> on host 7a865275eb00
[2026-03-27T09:57:59.940+0000] {taskinstance.py:3157} INFO - Exporting env vars: AIRFLOW_CTX_DAG_OWNER='***' AIRFLOW_CTX_DAG_ID='dag_get_data_from_yf' AIRFLOW_CTX_TASK_ID='insert_data_task' AIRFLOW_CTX_EXECUTION_DATE='2026-03-27T09:57:09+00:00' AIRFLOW_CTX_TRY_NUMBER='1' AIRFLOW_CTX_DAG_RUN_ID='manual__2026-03-27T09:57:09+00:00'
[2026-03-27T09:57:59.952+0000] {taskinstance.py:740} INFO - ::endgroup::
[2026-03-27T09:57:59.967+0000] {sql.py:410} INFO - Executing: INSERT INTO indonesian_stocks (
    date, 
    ticker, 
    close, 
    high, 
    low, 
    open, 
    inserted_at_timestamp_wib
) 
VALUES (
    '2026-03-11', 
    'BBCA.JK', 
    6825.0, 
    7000.0, 
    6825.0, 
    6975.0, 
    '2026-03-27 16:57:23' 
)
ON CONFLICT (date, ticker) 
DO NOTHING;
[2026-03-27T09:57:59.970+0000] {crypto.py:82} WARNING - empty cryptography key - values will not be stored encrypted.
[2026-03-27T09:57:59.971+0000] {base.py:84} INFO - Retrieving connection 'db_custom'
[2026-03-27T09:57:59.994+0000] {base.py:84} INFO - Retrieving connection 'db_custom'
[2026-03-27T09:58:00.080+0000] {sql.py:861} INFO - Running statement: INSERT INTO indonesian_stocks (
    date, 
    ticker, 
    close, 
    high, 
    low, 
    open, 
    inserted_at_timestamp_wib
) 
VALUES (
    '2026-03-11', 
    'BBCA.JK', 
    6825.0, 
    7000.0, 
    6825.0, 
    6975.0, 
    '2026-03-27 16:57:23' 
)
ON CONFLICT (date, ticker) 
DO NOTHING;, parameters: None
[2026-03-27T09:58:00.094+0000] {sql.py:879} INFO - Rows affected: 1
[2026-03-27T09:58:00.219+0000] {taskinstance.py:349} INFO - ::group::Post task execution logs
[2026-03-27T09:58:00.232+0000] {taskinstance.py:361} INFO - Marking task as SUCCESS. dag_id=dag_get_data_from_yf, task_id=insert_data_task, run_id=manual__2026-03-27T09:57:09+00:00, map_index=24, execution_date=20260327T095709, start_date=20260327T095757, end_date=20260327T095800
[2026-03-27T09:58:00.951+0000] {local_task_job_runner.py:266} INFO - Task exited with return code 0
[2026-03-27T09:58:01.266+0000] {taskinstance.py:3924} INFO - 0 downstream tasks scheduled from follow-on schedule check
[2026-03-27T09:58:01.281+0000] {local_task_job_runner.py:245} INFO - ::endgroup::
