[2026-03-16T15:34:30.453+0000] {local_task_job_runner.py:123} INFO - ::group::Pre task execution logs
[2026-03-16T15:34:30.999+0000] {taskinstance.py:2631} INFO - Dependencies all met for dep_context=non-requeueable deps ti=<TaskInstance: dag_get_data_from_yf.combine_csv scheduled__2026-03-12T17:00:00+00:00 [queued]>
[2026-03-16T15:34:31.194+0000] {taskinstance.py:2631} INFO - Dependencies all met for dep_context=requeueable deps ti=<TaskInstance: dag_get_data_from_yf.combine_csv scheduled__2026-03-12T17:00:00+00:00 [queued]>
[2026-03-16T15:34:31.195+0000] {taskinstance.py:2884} INFO - Starting attempt 1 of 1
[2026-03-16T15:34:31.412+0000] {taskinstance.py:2907} INFO - Executing <Task(_PythonDecoratedOperator): combine_csv> on 2026-03-12 17:00:00+00:00
[2026-03-16T15:34:31.494+0000] {warnings.py:112} WARNING - /home/***/.local/lib/python3.12/site-packages/***/task/task_runner/standard_task_runner.py:70: DeprecationWarning: This process (pid=1887) is multi-threaded, use of fork() may lead to deadlocks in the child.
  pid = os.fork()

[2026-03-16T15:34:31.512+0000] {standard_task_runner.py:72} INFO - Started process 1924 to run task
[2026-03-16T15:34:31.517+0000] {standard_task_runner.py:104} INFO - Running: ['***', 'tasks', 'run', 'dag_get_data_from_yf', 'combine_csv', 'scheduled__2026-03-12T17:00:00+00:00', '--job-id', '1291', '--raw', '--subdir', 'DAGS_FOLDER/get_finance_yf_csv.py', '--cfg-path', '/tmp/tmpv2sbeaq8']
[2026-03-16T15:34:31.533+0000] {standard_task_runner.py:105} INFO - Job 1291: Subtask combine_csv
[2026-03-16T15:34:32.082+0000] {task_command.py:467} INFO - Running <TaskInstance: dag_get_data_from_yf.combine_csv scheduled__2026-03-12T17:00:00+00:00 [running]> on host 82763a516181
[2026-03-16T15:34:32.705+0000] {taskinstance.py:3157} INFO - Exporting env vars: AIRFLOW_CTX_DAG_OWNER='***' AIRFLOW_CTX_DAG_ID='dag_get_data_from_yf' AIRFLOW_CTX_TASK_ID='combine_csv' AIRFLOW_CTX_EXECUTION_DATE='2026-03-12T17:00:00+00:00' AIRFLOW_CTX_TRY_NUMBER='1' AIRFLOW_CTX_DAG_RUN_ID='scheduled__2026-03-12T17:00:00+00:00'
[2026-03-16T15:34:32.712+0000] {logging_mixin.py:190} INFO - Task instance is in running state
[2026-03-16T15:34:32.712+0000] {logging_mixin.py:190} INFO -  Previous state of the Task instance: queued
[2026-03-16T15:34:32.713+0000] {logging_mixin.py:190} INFO - Current task name:combine_csv state:running start_date:2026-03-16 15:34:31.003938+00:00
[2026-03-16T15:34:32.713+0000] {logging_mixin.py:190} INFO - Dag name:dag_get_data_from_yf and current dag run status:running
[2026-03-16T15:34:32.714+0000] {taskinstance.py:740} INFO - ::endgroup::
[2026-03-16T15:34:32.995+0000] {logging_mixin.py:190} INFO - Ini kolom combined_df:  Index(['Date', 'Ticker', 'Close', 'High', 'Low', 'Open',
       'Inserted_at_timestamp'],
      dtype='object')
[2026-03-16T15:34:33.063+0000] {logging_mixin.py:190} INFO - Ini csv_string_all:  None
[2026-03-16T15:34:33.064+0000] {python.py:240} INFO - Done. Returned value was: /opt/***/scripts/saham_indonesia_all.csv
[2026-03-16T15:34:33.398+0000] {taskinstance.py:349} INFO - ::group::Post task execution logs
[2026-03-16T15:34:33.405+0000] {taskinstance.py:361} INFO - Marking task as SUCCESS. dag_id=dag_get_data_from_yf, task_id=combine_csv, run_id=scheduled__2026-03-12T17:00:00+00:00, execution_date=20260312T170000, start_date=20260316T153431, end_date=20260316T153433
[2026-03-16T15:34:33.604+0000] {logging_mixin.py:190} INFO - Task instance in success state
[2026-03-16T15:34:33.605+0000] {logging_mixin.py:190} INFO -  Previous state of the Task instance: running
[2026-03-16T15:34:33.613+0000] {logging_mixin.py:190} INFO - Dag name:dag_get_data_from_yf queued_at:2026-03-16 15:30:02.077487+00:00
[2026-03-16T15:34:33.613+0000] {logging_mixin.py:190} INFO - Task hostname:82763a516181 operator:_PythonDecoratedOperator
[2026-03-16T15:34:33.724+0000] {local_task_job_runner.py:266} INFO - Task exited with return code 0
[2026-03-16T15:34:33.796+0000] {local_task_job_runner.py:245} INFO - ::endgroup::
[2026-03-16T16:03:49.544+0000] {local_task_job_runner.py:123} INFO - ::group::Pre task execution logs
[2026-03-16T16:03:49.709+0000] {taskinstance.py:2631} INFO - Dependencies all met for dep_context=non-requeueable deps ti=<TaskInstance: dag_get_data_from_yf.combine_csv scheduled__2026-03-12T17:00:00+00:00 [queued]>
[2026-03-16T16:03:49.753+0000] {taskinstance.py:2631} INFO - Dependencies all met for dep_context=requeueable deps ti=<TaskInstance: dag_get_data_from_yf.combine_csv scheduled__2026-03-12T17:00:00+00:00 [queued]>
[2026-03-16T16:03:49.754+0000] {taskinstance.py:2884} INFO - Starting attempt 1 of 1
[2026-03-16T16:03:49.790+0000] {taskinstance.py:2907} INFO - Executing <Task(_PythonDecoratedOperator): combine_csv> on 2026-03-12 17:00:00+00:00
[2026-03-16T16:03:49.815+0000] {warnings.py:112} WARNING - /home/***/.local/lib/python3.12/site-packages/***/task/task_runner/standard_task_runner.py:70: DeprecationWarning: This process (pid=775) is multi-threaded, use of fork() may lead to deadlocks in the child.
  pid = os.fork()

[2026-03-16T16:03:49.819+0000] {standard_task_runner.py:72} INFO - Started process 787 to run task
[2026-03-16T16:03:49.826+0000] {standard_task_runner.py:104} INFO - Running: ['***', 'tasks', 'run', 'dag_get_data_from_yf', 'combine_csv', 'scheduled__2026-03-12T17:00:00+00:00', '--job-id', '1359', '--raw', '--subdir', 'DAGS_FOLDER/get_finance_yf_csv.py', '--cfg-path', '/tmp/tmpgxf6t5fa']
[2026-03-16T16:03:49.829+0000] {standard_task_runner.py:105} INFO - Job 1359: Subtask combine_csv
[2026-03-16T16:03:50.052+0000] {task_command.py:467} INFO - Running <TaskInstance: dag_get_data_from_yf.combine_csv scheduled__2026-03-12T17:00:00+00:00 [running]> on host 957a712a5251
[2026-03-16T16:03:50.402+0000] {taskinstance.py:3157} INFO - Exporting env vars: AIRFLOW_CTX_DAG_OWNER='***' AIRFLOW_CTX_DAG_ID='dag_get_data_from_yf' AIRFLOW_CTX_TASK_ID='combine_csv' AIRFLOW_CTX_EXECUTION_DATE='2026-03-12T17:00:00+00:00' AIRFLOW_CTX_TRY_NUMBER='1' AIRFLOW_CTX_DAG_RUN_ID='scheduled__2026-03-12T17:00:00+00:00'
[2026-03-16T16:03:50.405+0000] {logging_mixin.py:190} INFO - Task instance is in running state
[2026-03-16T16:03:50.405+0000] {logging_mixin.py:190} INFO -  Previous state of the Task instance: queued
[2026-03-16T16:03:50.406+0000] {logging_mixin.py:190} INFO - Current task name:combine_csv state:running start_date:2026-03-16 16:03:49.710960+00:00
[2026-03-16T16:03:50.406+0000] {logging_mixin.py:190} INFO - Dag name:dag_get_data_from_yf and current dag run status:running
[2026-03-16T16:03:50.407+0000] {taskinstance.py:740} INFO - ::endgroup::
[2026-03-16T16:03:50.482+0000] {logging_mixin.py:190} INFO - Ini kolom combined_df:  Index(['Date', 'Ticker', 'Close', 'High', 'Low', 'Open',
       'Inserted_at_timestamp'],
      dtype='object')
[2026-03-16T16:03:50.492+0000] {logging_mixin.py:190} INFO - Ini csv_string_all:  None
[2026-03-16T16:03:50.494+0000] {python.py:240} INFO - Done. Returned value was: /opt/***/scripts/saham_indonesia_all.csv
[2026-03-16T16:03:50.595+0000] {taskinstance.py:349} INFO - ::group::Post task execution logs
[2026-03-16T16:03:50.597+0000] {taskinstance.py:361} INFO - Marking task as SUCCESS. dag_id=dag_get_data_from_yf, task_id=combine_csv, run_id=scheduled__2026-03-12T17:00:00+00:00, execution_date=20260312T170000, start_date=20260316T160349, end_date=20260316T160350
[2026-03-16T16:03:50.691+0000] {logging_mixin.py:190} INFO - Task instance in success state
[2026-03-16T16:03:50.692+0000] {logging_mixin.py:190} INFO -  Previous state of the Task instance: running
[2026-03-16T16:03:50.693+0000] {logging_mixin.py:190} INFO - Dag name:dag_get_data_from_yf queued_at:2026-03-16 15:59:47.967409+00:00
[2026-03-16T16:03:50.694+0000] {logging_mixin.py:190} INFO - Task hostname:957a712a5251 operator:_PythonDecoratedOperator
[2026-03-16T16:03:50.721+0000] {local_task_job_runner.py:266} INFO - Task exited with return code 0
[2026-03-16T16:03:50.801+0000] {taskinstance.py:3924} INFO - 1 downstream tasks scheduled from follow-on schedule check
[2026-03-16T16:03:50.805+0000] {local_task_job_runner.py:245} INFO - ::endgroup::
[2026-03-16T17:29:19.696+0000] {local_task_job_runner.py:123} INFO - ::group::Pre task execution logs
[2026-03-16T17:29:19.760+0000] {taskinstance.py:2631} INFO - Dependencies all met for dep_context=non-requeueable deps ti=<TaskInstance: dag_get_data_from_yf.combine_csv scheduled__2026-03-12T17:00:00+00:00 [queued]>
[2026-03-16T17:29:19.789+0000] {taskinstance.py:2631} INFO - Dependencies all met for dep_context=requeueable deps ti=<TaskInstance: dag_get_data_from_yf.combine_csv scheduled__2026-03-12T17:00:00+00:00 [queued]>
[2026-03-16T17:29:19.789+0000] {taskinstance.py:2884} INFO - Starting attempt 1 of 1
[2026-03-16T17:29:19.816+0000] {taskinstance.py:2907} INFO - Executing <Task(_PythonDecoratedOperator): combine_csv> on 2026-03-12 17:00:00+00:00
[2026-03-16T17:29:19.834+0000] {warnings.py:112} WARNING - /home/***/.local/lib/python3.12/site-packages/***/task/task_runner/standard_task_runner.py:70: DeprecationWarning: This process (pid=445) is multi-threaded, use of fork() may lead to deadlocks in the child.
  pid = os.fork()

[2026-03-16T17:29:19.837+0000] {standard_task_runner.py:72} INFO - Started process 479 to run task
[2026-03-16T17:29:19.840+0000] {standard_task_runner.py:104} INFO - Running: ['***', 'tasks', 'run', 'dag_get_data_from_yf', 'combine_csv', 'scheduled__2026-03-12T17:00:00+00:00', '--job-id', '1472', '--raw', '--subdir', 'DAGS_FOLDER/get_finance_yf_csv.py', '--cfg-path', '/tmp/tmpo7qqt4fe']
[2026-03-16T17:29:19.842+0000] {standard_task_runner.py:105} INFO - Job 1472: Subtask combine_csv
[2026-03-16T17:29:19.964+0000] {task_command.py:467} INFO - Running <TaskInstance: dag_get_data_from_yf.combine_csv scheduled__2026-03-12T17:00:00+00:00 [running]> on host 27461aedc806
[2026-03-16T17:29:20.140+0000] {taskinstance.py:3157} INFO - Exporting env vars: AIRFLOW_CTX_DAG_OWNER='***' AIRFLOW_CTX_DAG_ID='dag_get_data_from_yf' AIRFLOW_CTX_TASK_ID='combine_csv' AIRFLOW_CTX_EXECUTION_DATE='2026-03-12T17:00:00+00:00' AIRFLOW_CTX_TRY_NUMBER='1' AIRFLOW_CTX_DAG_RUN_ID='scheduled__2026-03-12T17:00:00+00:00'
[2026-03-16T17:29:20.143+0000] {logging_mixin.py:190} INFO - Task instance is in running state
[2026-03-16T17:29:20.143+0000] {logging_mixin.py:190} INFO -  Previous state of the Task instance: queued
[2026-03-16T17:29:20.144+0000] {logging_mixin.py:190} INFO - Current task name:combine_csv state:running start_date:2026-03-16 17:29:19.761013+00:00
[2026-03-16T17:29:20.144+0000] {logging_mixin.py:190} INFO - Dag name:dag_get_data_from_yf and current dag run status:running
[2026-03-16T17:29:20.145+0000] {taskinstance.py:740} INFO - ::endgroup::
[2026-03-16T17:29:20.245+0000] {taskinstance.py:3336} ERROR - Task failed with exception
Traceback (most recent call last):
  File "/home/airflow/.local/lib/python3.12/site-packages/airflow/models/taskinstance.py", line 776, in _execute_task
    result = _execute_callable(context=context, **execute_callable_kwargs)
             ^^^^^^^^^^^^^^^^^^^^^^^^^^^^^^^^^^^^^^^^^^^^^^^^^^^^^^^^^^^^^
  File "/home/airflow/.local/lib/python3.12/site-packages/airflow/models/taskinstance.py", line 742, in _execute_callable
    return ExecutionCallableRunner(
           ^^^^^^^^^^^^^^^^^^^^^^^^
  File "/home/airflow/.local/lib/python3.12/site-packages/airflow/utils/operator_helpers.py", line 252, in run
    return self.func(*args, **kwargs)
           ^^^^^^^^^^^^^^^^^^^^^^^^^^
  File "/home/airflow/.local/lib/python3.12/site-packages/airflow/models/baseoperator.py", line 425, in wrapper
    return func(self, *args, **kwargs)
           ^^^^^^^^^^^^^^^^^^^^^^^^^^^
  File "/home/airflow/.local/lib/python3.12/site-packages/airflow/decorators/base.py", line 266, in execute
    return_value = super().execute(context)
                   ^^^^^^^^^^^^^^^^^^^^^^^^
  File "/home/airflow/.local/lib/python3.12/site-packages/airflow/models/baseoperator.py", line 425, in wrapper
    return func(self, *args, **kwargs)
           ^^^^^^^^^^^^^^^^^^^^^^^^^^^
  File "/home/airflow/.local/lib/python3.12/site-packages/airflow/operators/python.py", line 238, in execute
    return_value = self.execute_callable()
                   ^^^^^^^^^^^^^^^^^^^^^^^
  File "/home/airflow/.local/lib/python3.12/site-packages/airflow/operators/python.py", line 256, in execute_callable
    return runner.run(*self.op_args, **self.op_kwargs)
           ^^^^^^^^^^^^^^^^^^^^^^^^^^^^^^^^^^^^^^^^^^^
  File "/home/airflow/.local/lib/python3.12/site-packages/airflow/utils/operator_helpers.py", line 252, in run
    return self.func(*args, **kwargs)
           ^^^^^^^^^^^^^^^^^^^^^^^^^^
  File "/opt/airflow/dags/get_finance_yf_csv.py", line 166, in combine_csv
    df_open = pd.read_csv(path_open)
              ^^^^^^^^^^^^^^^^^^^^^^
  File "/home/airflow/.local/lib/python3.12/site-packages/pandas/io/parsers/readers.py", line 948, in read_csv
    return _read(filepath_or_buffer, kwds)
           ^^^^^^^^^^^^^^^^^^^^^^^^^^^^^^^
  File "/home/airflow/.local/lib/python3.12/site-packages/pandas/io/parsers/readers.py", line 611, in _read
    parser = TextFileReader(filepath_or_buffer, **kwds)
             ^^^^^^^^^^^^^^^^^^^^^^^^^^^^^^^^^^^^^^^^^^
  File "/home/airflow/.local/lib/python3.12/site-packages/pandas/io/parsers/readers.py", line 1448, in __init__
    self._engine = self._make_engine(f, self.engine)
                   ^^^^^^^^^^^^^^^^^^^^^^^^^^^^^^^^^
  File "/home/airflow/.local/lib/python3.12/site-packages/pandas/io/parsers/readers.py", line 1705, in _make_engine
    self.handles = get_handle(
                   ^^^^^^^^^^^
  File "/home/airflow/.local/lib/python3.12/site-packages/pandas/io/common.py", line 718, in get_handle
    ioargs = _get_filepath_or_buffer(
             ^^^^^^^^^^^^^^^^^^^^^^^^
  File "/home/airflow/.local/lib/python3.12/site-packages/pandas/io/common.py", line 460, in _get_filepath_or_buffer
    raise ValueError(msg)
ValueError: Invalid file path or buffer object type: <class 'NoneType'>
[2026-03-16T17:29:20.282+0000] {logging_mixin.py:190} INFO - Task instance in failure state
[2026-03-16T17:29:20.283+0000] {logging_mixin.py:190} INFO - Task start:2026-03-16 17:29:19.761013+00:00 end:2026-03-16 17:29:20.281391+00:00 duration:0.520378
[2026-03-16T17:29:20.284+0000] {logging_mixin.py:190} INFO - Task:<Task(_PythonDecoratedOperator): combine_csv> dag:<DAG: dag_get_data_from_yf> dagrun:<DagRun dag_get_data_from_yf @ 2026-03-12 17:00:00+00:00: scheduled__2026-03-12T17:00:00+00:00, state:running, queued_at: 2026-03-16 17:24:25.589294+00:00. externally triggered: False>
[2026-03-16T17:29:20.285+0000] {logging_mixin.py:190} INFO - Failure caused by Invalid file path or buffer object type: <class 'NoneType'>
[2026-03-16T17:29:20.285+0000] {taskinstance.py:1242} INFO - Marking task as FAILED. dag_id=dag_get_data_from_yf, task_id=combine_csv, run_id=scheduled__2026-03-12T17:00:00+00:00, execution_date=20260312T170000, start_date=20260316T172919, end_date=20260316T172920
[2026-03-16T17:29:20.391+0000] {taskinstance.py:349} INFO - ::group::Post task execution logs
[2026-03-16T17:29:20.392+0000] {standard_task_runner.py:124} ERROR - Failed to execute job 1472 for task combine_csv (Invalid file path or buffer object type: <class 'NoneType'>; 479)
Traceback (most recent call last):
  File "/home/airflow/.local/lib/python3.12/site-packages/airflow/task/task_runner/standard_task_runner.py", line 117, in _start_by_fork
    ret = args.func(args, dag=self.dag)
          ^^^^^^^^^^^^^^^^^^^^^^^^^^^^^
  File "/home/airflow/.local/lib/python3.12/site-packages/airflow/cli/cli_config.py", line 49, in command
    return func(*args, **kwargs)
           ^^^^^^^^^^^^^^^^^^^^^
  File "/home/airflow/.local/lib/python3.12/site-packages/airflow/utils/cli.py", line 116, in wrapper
    return f(*args, **kwargs)
           ^^^^^^^^^^^^^^^^^^
  File "/home/airflow/.local/lib/python3.12/site-packages/airflow/cli/commands/task_command.py", line 483, in task_run
    task_return_code = _run_task_by_selected_method(args, _dag, ti)
                       ^^^^^^^^^^^^^^^^^^^^^^^^^^^^^^^^^^^^^^^^^^^^
  File "/home/airflow/.local/lib/python3.12/site-packages/airflow/cli/commands/task_command.py", line 256, in _run_task_by_selected_method
    return _run_raw_task(args, ti)
           ^^^^^^^^^^^^^^^^^^^^^^^
  File "/home/airflow/.local/lib/python3.12/site-packages/airflow/cli/commands/task_command.py", line 341, in _run_raw_task
    return ti._run_raw_task(
           ^^^^^^^^^^^^^^^^^
  File "/home/airflow/.local/lib/python3.12/site-packages/airflow/utils/session.py", line 97, in wrapper
    return func(*args, session=session, **kwargs)
           ^^^^^^^^^^^^^^^^^^^^^^^^^^^^^^^^^^^^^^
  File "/home/airflow/.local/lib/python3.12/site-packages/airflow/models/taskinstance.py", line 3029, in _run_raw_task
    return _run_raw_task(
           ^^^^^^^^^^^^^^
  File "/home/airflow/.local/lib/python3.12/site-packages/airflow/models/taskinstance.py", line 282, in _run_raw_task
    TaskInstance._execute_task_with_callbacks(
  File "/home/airflow/.local/lib/python3.12/site-packages/airflow/models/taskinstance.py", line 3184, in _execute_task_with_callbacks
    result = self._execute_task(context, task_orig)
             ^^^^^^^^^^^^^^^^^^^^^^^^^^^^^^^^^^^^^^
  File "/home/airflow/.local/lib/python3.12/site-packages/airflow/models/taskinstance.py", line 3208, in _execute_task
    return _execute_task(self, context, task_orig)
           ^^^^^^^^^^^^^^^^^^^^^^^^^^^^^^^^^^^^^^^
  File "/home/airflow/.local/lib/python3.12/site-packages/airflow/models/taskinstance.py", line 776, in _execute_task
    result = _execute_callable(context=context, **execute_callable_kwargs)
             ^^^^^^^^^^^^^^^^^^^^^^^^^^^^^^^^^^^^^^^^^^^^^^^^^^^^^^^^^^^^^
  File "/home/airflow/.local/lib/python3.12/site-packages/airflow/models/taskinstance.py", line 742, in _execute_callable
    return ExecutionCallableRunner(
           ^^^^^^^^^^^^^^^^^^^^^^^^
  File "/home/airflow/.local/lib/python3.12/site-packages/airflow/utils/operator_helpers.py", line 252, in run
    return self.func(*args, **kwargs)
           ^^^^^^^^^^^^^^^^^^^^^^^^^^
  File "/home/airflow/.local/lib/python3.12/site-packages/airflow/models/baseoperator.py", line 425, in wrapper
    return func(self, *args, **kwargs)
           ^^^^^^^^^^^^^^^^^^^^^^^^^^^
  File "/home/airflow/.local/lib/python3.12/site-packages/airflow/decorators/base.py", line 266, in execute
    return_value = super().execute(context)
                   ^^^^^^^^^^^^^^^^^^^^^^^^
  File "/home/airflow/.local/lib/python3.12/site-packages/airflow/models/baseoperator.py", line 425, in wrapper
    return func(self, *args, **kwargs)
           ^^^^^^^^^^^^^^^^^^^^^^^^^^^
  File "/home/airflow/.local/lib/python3.12/site-packages/airflow/operators/python.py", line 238, in execute
    return_value = self.execute_callable()
                   ^^^^^^^^^^^^^^^^^^^^^^^
  File "/home/airflow/.local/lib/python3.12/site-packages/airflow/operators/python.py", line 256, in execute_callable
    return runner.run(*self.op_args, **self.op_kwargs)
           ^^^^^^^^^^^^^^^^^^^^^^^^^^^^^^^^^^^^^^^^^^^
  File "/home/airflow/.local/lib/python3.12/site-packages/airflow/utils/operator_helpers.py", line 252, in run
    return self.func(*args, **kwargs)
           ^^^^^^^^^^^^^^^^^^^^^^^^^^
  File "/opt/airflow/dags/get_finance_yf_csv.py", line 166, in combine_csv
    df_open = pd.read_csv(path_open)
              ^^^^^^^^^^^^^^^^^^^^^^
  File "/home/airflow/.local/lib/python3.12/site-packages/pandas/io/parsers/readers.py", line 948, in read_csv
    return _read(filepath_or_buffer, kwds)
           ^^^^^^^^^^^^^^^^^^^^^^^^^^^^^^^
  File "/home/airflow/.local/lib/python3.12/site-packages/pandas/io/parsers/readers.py", line 611, in _read
    parser = TextFileReader(filepath_or_buffer, **kwds)
             ^^^^^^^^^^^^^^^^^^^^^^^^^^^^^^^^^^^^^^^^^^
  File "/home/airflow/.local/lib/python3.12/site-packages/pandas/io/parsers/readers.py", line 1448, in __init__
    self._engine = self._make_engine(f, self.engine)
                   ^^^^^^^^^^^^^^^^^^^^^^^^^^^^^^^^^
  File "/home/airflow/.local/lib/python3.12/site-packages/pandas/io/parsers/readers.py", line 1705, in _make_engine
    self.handles = get_handle(
                   ^^^^^^^^^^^
  File "/home/airflow/.local/lib/python3.12/site-packages/pandas/io/common.py", line 718, in get_handle
    ioargs = _get_filepath_or_buffer(
             ^^^^^^^^^^^^^^^^^^^^^^^^
  File "/home/airflow/.local/lib/python3.12/site-packages/pandas/io/common.py", line 460, in _get_filepath_or_buffer
    raise ValueError(msg)
ValueError: Invalid file path or buffer object type: <class 'NoneType'>
[2026-03-16T17:29:20.434+0000] {local_task_job_runner.py:266} INFO - Task exited with return code 1
[2026-03-16T17:29:20.544+0000] {taskinstance.py:3924} INFO - 0 downstream tasks scheduled from follow-on schedule check
[2026-03-16T17:29:20.555+0000] {local_task_job_runner.py:245} INFO - ::endgroup::
[2026-03-16T21:49:59.320+0000] {local_task_job_runner.py:123} INFO - ::group::Pre task execution logs
[2026-03-16T21:49:59.405+0000] {taskinstance.py:2631} INFO - Dependencies all met for dep_context=non-requeueable deps ti=<TaskInstance: dag_get_data_from_yf.combine_csv scheduled__2026-03-12T17:00:00+00:00 [queued]>
[2026-03-16T21:49:59.434+0000] {taskinstance.py:2631} INFO - Dependencies all met for dep_context=requeueable deps ti=<TaskInstance: dag_get_data_from_yf.combine_csv scheduled__2026-03-12T17:00:00+00:00 [queued]>
[2026-03-16T21:49:59.434+0000] {taskinstance.py:2884} INFO - Starting attempt 1 of 1
[2026-03-16T21:49:59.465+0000] {taskinstance.py:2907} INFO - Executing <Task(_PythonDecoratedOperator): combine_csv> on 2026-03-12 17:00:00+00:00
[2026-03-16T21:49:59.488+0000] {warnings.py:112} WARNING - /home/***/.local/lib/python3.12/site-packages/***/task/task_runner/standard_task_runner.py:70: DeprecationWarning: This process (pid=1316) is multi-threaded, use of fork() may lead to deadlocks in the child.
  pid = os.fork()

[2026-03-16T21:49:59.492+0000] {standard_task_runner.py:72} INFO - Started process 1330 to run task
[2026-03-16T21:49:59.499+0000] {standard_task_runner.py:104} INFO - Running: ['***', 'tasks', 'run', 'dag_get_data_from_yf', 'combine_csv', 'scheduled__2026-03-12T17:00:00+00:00', '--job-id', '1531', '--raw', '--subdir', 'DAGS_FOLDER/get_finance_yf_csv.py', '--cfg-path', '/tmp/tmpxzok_any']
[2026-03-16T21:49:59.501+0000] {standard_task_runner.py:105} INFO - Job 1531: Subtask combine_csv
[2026-03-16T21:49:59.678+0000] {task_command.py:467} INFO - Running <TaskInstance: dag_get_data_from_yf.combine_csv scheduled__2026-03-12T17:00:00+00:00 [running]> on host 27461aedc806
[2026-03-16T21:49:59.912+0000] {taskinstance.py:3157} INFO - Exporting env vars: AIRFLOW_CTX_DAG_OWNER='***' AIRFLOW_CTX_DAG_ID='dag_get_data_from_yf' AIRFLOW_CTX_TASK_ID='combine_csv' AIRFLOW_CTX_EXECUTION_DATE='2026-03-12T17:00:00+00:00' AIRFLOW_CTX_TRY_NUMBER='1' AIRFLOW_CTX_DAG_RUN_ID='scheduled__2026-03-12T17:00:00+00:00'
[2026-03-16T21:49:59.915+0000] {logging_mixin.py:190} INFO - Task instance is in running state
[2026-03-16T21:49:59.916+0000] {logging_mixin.py:190} INFO -  Previous state of the Task instance: queued
[2026-03-16T21:49:59.916+0000] {logging_mixin.py:190} INFO - Current task name:combine_csv state:running start_date:2026-03-16 21:49:59.406277+00:00
[2026-03-16T21:49:59.917+0000] {logging_mixin.py:190} INFO - Dag name:dag_get_data_from_yf and current dag run status:running
[2026-03-16T21:49:59.917+0000] {taskinstance.py:740} INFO - ::endgroup::
[2026-03-16T21:50:00.055+0000] {taskinstance.py:3336} ERROR - Task failed with exception
Traceback (most recent call last):
  File "/home/airflow/.local/lib/python3.12/site-packages/airflow/models/taskinstance.py", line 776, in _execute_task
    result = _execute_callable(context=context, **execute_callable_kwargs)
             ^^^^^^^^^^^^^^^^^^^^^^^^^^^^^^^^^^^^^^^^^^^^^^^^^^^^^^^^^^^^^
  File "/home/airflow/.local/lib/python3.12/site-packages/airflow/models/taskinstance.py", line 742, in _execute_callable
    return ExecutionCallableRunner(
           ^^^^^^^^^^^^^^^^^^^^^^^^
  File "/home/airflow/.local/lib/python3.12/site-packages/airflow/utils/operator_helpers.py", line 252, in run
    return self.func(*args, **kwargs)
           ^^^^^^^^^^^^^^^^^^^^^^^^^^
  File "/home/airflow/.local/lib/python3.12/site-packages/airflow/models/baseoperator.py", line 425, in wrapper
    return func(self, *args, **kwargs)
           ^^^^^^^^^^^^^^^^^^^^^^^^^^^
  File "/home/airflow/.local/lib/python3.12/site-packages/airflow/decorators/base.py", line 266, in execute
    return_value = super().execute(context)
                   ^^^^^^^^^^^^^^^^^^^^^^^^
  File "/home/airflow/.local/lib/python3.12/site-packages/airflow/models/baseoperator.py", line 425, in wrapper
    return func(self, *args, **kwargs)
           ^^^^^^^^^^^^^^^^^^^^^^^^^^^
  File "/home/airflow/.local/lib/python3.12/site-packages/airflow/operators/python.py", line 238, in execute
    return_value = self.execute_callable()
                   ^^^^^^^^^^^^^^^^^^^^^^^
  File "/home/airflow/.local/lib/python3.12/site-packages/airflow/operators/python.py", line 256, in execute_callable
    return runner.run(*self.op_args, **self.op_kwargs)
           ^^^^^^^^^^^^^^^^^^^^^^^^^^^^^^^^^^^^^^^^^^^
  File "/home/airflow/.local/lib/python3.12/site-packages/airflow/utils/operator_helpers.py", line 252, in run
    return self.func(*args, **kwargs)
           ^^^^^^^^^^^^^^^^^^^^^^^^^^
  File "/opt/airflow/dags/get_finance_yf_csv.py", line 185, in combine_csv
    raise ValueError(f"Task get_csv_{key} tidak mengirimkan path (None). Cek logs task tersebut!")
ValueError: Task get_csv_open tidak mengirimkan path (None). Cek logs task tersebut!
[2026-03-16T21:50:00.087+0000] {logging_mixin.py:190} INFO - Task instance in failure state
[2026-03-16T21:50:00.088+0000] {logging_mixin.py:190} INFO - Task start:2026-03-16 21:49:59.406277+00:00 end:2026-03-16 21:50:00.086812+00:00 duration:0.680535
[2026-03-16T21:50:00.089+0000] {logging_mixin.py:190} INFO - Task:<Task(_PythonDecoratedOperator): combine_csv> dag:<DAG: dag_get_data_from_yf> dagrun:<DagRun dag_get_data_from_yf @ 2026-03-12 17:00:00+00:00: scheduled__2026-03-12T17:00:00+00:00, state:running, queued_at: 2026-03-16 21:43:49.714785+00:00. externally triggered: False>
[2026-03-16T21:50:00.090+0000] {logging_mixin.py:190} INFO - Failure caused by Task get_csv_open tidak mengirimkan path (None). Cek logs task tersebut!
[2026-03-16T21:50:00.090+0000] {taskinstance.py:1242} INFO - Marking task as FAILED. dag_id=dag_get_data_from_yf, task_id=combine_csv, run_id=scheduled__2026-03-12T17:00:00+00:00, execution_date=20260312T170000, start_date=20260316T214959, end_date=20260316T215000
[2026-03-16T21:50:00.185+0000] {taskinstance.py:349} INFO - ::group::Post task execution logs
[2026-03-16T21:50:00.186+0000] {standard_task_runner.py:124} ERROR - Failed to execute job 1531 for task combine_csv (Task get_csv_open tidak mengirimkan path (None). Cek logs task tersebut!; 1330)
Traceback (most recent call last):
  File "/home/airflow/.local/lib/python3.12/site-packages/airflow/task/task_runner/standard_task_runner.py", line 117, in _start_by_fork
    ret = args.func(args, dag=self.dag)
          ^^^^^^^^^^^^^^^^^^^^^^^^^^^^^
  File "/home/airflow/.local/lib/python3.12/site-packages/airflow/cli/cli_config.py", line 49, in command
    return func(*args, **kwargs)
           ^^^^^^^^^^^^^^^^^^^^^
  File "/home/airflow/.local/lib/python3.12/site-packages/airflow/utils/cli.py", line 116, in wrapper
    return f(*args, **kwargs)
           ^^^^^^^^^^^^^^^^^^
  File "/home/airflow/.local/lib/python3.12/site-packages/airflow/cli/commands/task_command.py", line 483, in task_run
    task_return_code = _run_task_by_selected_method(args, _dag, ti)
                       ^^^^^^^^^^^^^^^^^^^^^^^^^^^^^^^^^^^^^^^^^^^^
  File "/home/airflow/.local/lib/python3.12/site-packages/airflow/cli/commands/task_command.py", line 256, in _run_task_by_selected_method
    return _run_raw_task(args, ti)
           ^^^^^^^^^^^^^^^^^^^^^^^
  File "/home/airflow/.local/lib/python3.12/site-packages/airflow/cli/commands/task_command.py", line 341, in _run_raw_task
    return ti._run_raw_task(
           ^^^^^^^^^^^^^^^^^
  File "/home/airflow/.local/lib/python3.12/site-packages/airflow/utils/session.py", line 97, in wrapper
    return func(*args, session=session, **kwargs)
           ^^^^^^^^^^^^^^^^^^^^^^^^^^^^^^^^^^^^^^
  File "/home/airflow/.local/lib/python3.12/site-packages/airflow/models/taskinstance.py", line 3029, in _run_raw_task
    return _run_raw_task(
           ^^^^^^^^^^^^^^
  File "/home/airflow/.local/lib/python3.12/site-packages/airflow/models/taskinstance.py", line 282, in _run_raw_task
    TaskInstance._execute_task_with_callbacks(
  File "/home/airflow/.local/lib/python3.12/site-packages/airflow/models/taskinstance.py", line 3184, in _execute_task_with_callbacks
    result = self._execute_task(context, task_orig)
             ^^^^^^^^^^^^^^^^^^^^^^^^^^^^^^^^^^^^^^
  File "/home/airflow/.local/lib/python3.12/site-packages/airflow/models/taskinstance.py", line 3208, in _execute_task
    return _execute_task(self, context, task_orig)
           ^^^^^^^^^^^^^^^^^^^^^^^^^^^^^^^^^^^^^^^
  File "/home/airflow/.local/lib/python3.12/site-packages/airflow/models/taskinstance.py", line 776, in _execute_task
    result = _execute_callable(context=context, **execute_callable_kwargs)
             ^^^^^^^^^^^^^^^^^^^^^^^^^^^^^^^^^^^^^^^^^^^^^^^^^^^^^^^^^^^^^
  File "/home/airflow/.local/lib/python3.12/site-packages/airflow/models/taskinstance.py", line 742, in _execute_callable
    return ExecutionCallableRunner(
           ^^^^^^^^^^^^^^^^^^^^^^^^
  File "/home/airflow/.local/lib/python3.12/site-packages/airflow/utils/operator_helpers.py", line 252, in run
    return self.func(*args, **kwargs)
           ^^^^^^^^^^^^^^^^^^^^^^^^^^
  File "/home/airflow/.local/lib/python3.12/site-packages/airflow/models/baseoperator.py", line 425, in wrapper
    return func(self, *args, **kwargs)
           ^^^^^^^^^^^^^^^^^^^^^^^^^^^
  File "/home/airflow/.local/lib/python3.12/site-packages/airflow/decorators/base.py", line 266, in execute
    return_value = super().execute(context)
                   ^^^^^^^^^^^^^^^^^^^^^^^^
  File "/home/airflow/.local/lib/python3.12/site-packages/airflow/models/baseoperator.py", line 425, in wrapper
    return func(self, *args, **kwargs)
           ^^^^^^^^^^^^^^^^^^^^^^^^^^^
  File "/home/airflow/.local/lib/python3.12/site-packages/airflow/operators/python.py", line 238, in execute
    return_value = self.execute_callable()
                   ^^^^^^^^^^^^^^^^^^^^^^^
  File "/home/airflow/.local/lib/python3.12/site-packages/airflow/operators/python.py", line 256, in execute_callable
    return runner.run(*self.op_args, **self.op_kwargs)
           ^^^^^^^^^^^^^^^^^^^^^^^^^^^^^^^^^^^^^^^^^^^
  File "/home/airflow/.local/lib/python3.12/site-packages/airflow/utils/operator_helpers.py", line 252, in run
    return self.func(*args, **kwargs)
           ^^^^^^^^^^^^^^^^^^^^^^^^^^
  File "/opt/airflow/dags/get_finance_yf_csv.py", line 185, in combine_csv
    raise ValueError(f"Task get_csv_{key} tidak mengirimkan path (None). Cek logs task tersebut!")
ValueError: Task get_csv_open tidak mengirimkan path (None). Cek logs task tersebut!
[2026-03-16T21:50:00.217+0000] {local_task_job_runner.py:266} INFO - Task exited with return code 1
[2026-03-16T21:50:00.286+0000] {taskinstance.py:3924} INFO - 0 downstream tasks scheduled from follow-on schedule check
[2026-03-16T21:50:00.293+0000] {local_task_job_runner.py:245} INFO - ::endgroup::
[2026-03-16T22:14:02.024+0000] {local_task_job_runner.py:123} INFO - ::group::Pre task execution logs
[2026-03-16T22:14:02.124+0000] {taskinstance.py:2631} INFO - Dependencies all met for dep_context=non-requeueable deps ti=<TaskInstance: dag_get_data_from_yf.combine_csv scheduled__2026-03-12T17:00:00+00:00 [queued]>
[2026-03-16T22:14:02.170+0000] {taskinstance.py:2631} INFO - Dependencies all met for dep_context=requeueable deps ti=<TaskInstance: dag_get_data_from_yf.combine_csv scheduled__2026-03-12T17:00:00+00:00 [queued]>
[2026-03-16T22:14:02.171+0000] {taskinstance.py:2884} INFO - Starting attempt 1 of 1
[2026-03-16T22:14:02.205+0000] {taskinstance.py:2907} INFO - Executing <Task(_PythonDecoratedOperator): combine_csv> on 2026-03-12 17:00:00+00:00
[2026-03-16T22:14:02.233+0000] {warnings.py:112} WARNING - /home/***/.local/lib/python3.12/site-packages/***/task/task_runner/standard_task_runner.py:70: DeprecationWarning: This process (pid=1942) is multi-threaded, use of fork() may lead to deadlocks in the child.
  pid = os.fork()

[2026-03-16T22:14:02.243+0000] {standard_task_runner.py:72} INFO - Started process 1952 to run task
[2026-03-16T22:14:02.248+0000] {standard_task_runner.py:104} INFO - Running: ['***', 'tasks', 'run', 'dag_get_data_from_yf', 'combine_csv', 'scheduled__2026-03-12T17:00:00+00:00', '--job-id', '1601', '--raw', '--subdir', 'DAGS_FOLDER/get_finance_yf_csv.py', '--cfg-path', '/tmp/tmp4ky5wlm1']
[2026-03-16T22:14:02.251+0000] {standard_task_runner.py:105} INFO - Job 1601: Subtask combine_csv
[2026-03-16T22:14:02.453+0000] {task_command.py:467} INFO - Running <TaskInstance: dag_get_data_from_yf.combine_csv scheduled__2026-03-12T17:00:00+00:00 [running]> on host 27461aedc806
[2026-03-16T22:14:02.774+0000] {taskinstance.py:3157} INFO - Exporting env vars: AIRFLOW_CTX_DAG_OWNER='***' AIRFLOW_CTX_DAG_ID='dag_get_data_from_yf' AIRFLOW_CTX_TASK_ID='combine_csv' AIRFLOW_CTX_EXECUTION_DATE='2026-03-12T17:00:00+00:00' AIRFLOW_CTX_TRY_NUMBER='1' AIRFLOW_CTX_DAG_RUN_ID='scheduled__2026-03-12T17:00:00+00:00'
[2026-03-16T22:14:02.777+0000] {logging_mixin.py:190} INFO - Task instance is in running state
[2026-03-16T22:14:02.778+0000] {logging_mixin.py:190} INFO -  Previous state of the Task instance: queued
[2026-03-16T22:14:02.779+0000] {logging_mixin.py:190} INFO - Current task name:combine_csv state:running start_date:2026-03-16 22:14:02.124878+00:00
[2026-03-16T22:14:02.780+0000] {logging_mixin.py:190} INFO - Dag name:dag_get_data_from_yf and current dag run status:running
[2026-03-16T22:14:02.781+0000] {taskinstance.py:740} INFO - ::endgroup::
[2026-03-16T22:14:02.894+0000] {taskinstance.py:3336} ERROR - Task failed with exception
Traceback (most recent call last):
  File "/home/airflow/.local/lib/python3.12/site-packages/airflow/models/taskinstance.py", line 776, in _execute_task
    result = _execute_callable(context=context, **execute_callable_kwargs)
             ^^^^^^^^^^^^^^^^^^^^^^^^^^^^^^^^^^^^^^^^^^^^^^^^^^^^^^^^^^^^^
  File "/home/airflow/.local/lib/python3.12/site-packages/airflow/models/taskinstance.py", line 742, in _execute_callable
    return ExecutionCallableRunner(
           ^^^^^^^^^^^^^^^^^^^^^^^^
  File "/home/airflow/.local/lib/python3.12/site-packages/airflow/utils/operator_helpers.py", line 252, in run
    return self.func(*args, **kwargs)
           ^^^^^^^^^^^^^^^^^^^^^^^^^^
  File "/home/airflow/.local/lib/python3.12/site-packages/airflow/models/baseoperator.py", line 425, in wrapper
    return func(self, *args, **kwargs)
           ^^^^^^^^^^^^^^^^^^^^^^^^^^^
  File "/home/airflow/.local/lib/python3.12/site-packages/airflow/decorators/base.py", line 266, in execute
    return_value = super().execute(context)
                   ^^^^^^^^^^^^^^^^^^^^^^^^
  File "/home/airflow/.local/lib/python3.12/site-packages/airflow/models/baseoperator.py", line 425, in wrapper
    return func(self, *args, **kwargs)
           ^^^^^^^^^^^^^^^^^^^^^^^^^^^
  File "/home/airflow/.local/lib/python3.12/site-packages/airflow/operators/python.py", line 238, in execute
    return_value = self.execute_callable()
                   ^^^^^^^^^^^^^^^^^^^^^^^
  File "/home/airflow/.local/lib/python3.12/site-packages/airflow/operators/python.py", line 256, in execute_callable
    return runner.run(*self.op_args, **self.op_kwargs)
           ^^^^^^^^^^^^^^^^^^^^^^^^^^^^^^^^^^^^^^^^^^^
  File "/home/airflow/.local/lib/python3.12/site-packages/airflow/utils/operator_helpers.py", line 252, in run
    return self.func(*args, **kwargs)
           ^^^^^^^^^^^^^^^^^^^^^^^^^^
  File "/opt/airflow/dags/get_finance_yf_csv.py", line 181, in combine_csv
    raise ValueError(f"Task get_csv_{key} tidak mengirimkan path (None). Cek logs task tersebut!")
ValueError: Task get_csv_open tidak mengirimkan path (None). Cek logs task tersebut!
[2026-03-16T22:14:02.927+0000] {logging_mixin.py:190} INFO - Task instance in failure state
[2026-03-16T22:14:02.928+0000] {logging_mixin.py:190} INFO - Task start:2026-03-16 22:14:02.124878+00:00 end:2026-03-16 22:14:02.926565+00:00 duration:0.801687
[2026-03-16T22:14:02.929+0000] {logging_mixin.py:190} INFO - Task:<Task(_PythonDecoratedOperator): combine_csv> dag:<DAG: dag_get_data_from_yf> dagrun:<DagRun dag_get_data_from_yf @ 2026-03-12 17:00:00+00:00: scheduled__2026-03-12T17:00:00+00:00, state:running, queued_at: 2026-03-16 22:13:18.651530+00:00. externally triggered: False>
[2026-03-16T22:14:02.929+0000] {logging_mixin.py:190} INFO - Failure caused by Task get_csv_open tidak mengirimkan path (None). Cek logs task tersebut!
[2026-03-16T22:14:02.930+0000] {taskinstance.py:1242} INFO - Marking task as FAILED. dag_id=dag_get_data_from_yf, task_id=combine_csv, run_id=scheduled__2026-03-12T17:00:00+00:00, execution_date=20260312T170000, start_date=20260316T221402, end_date=20260316T221402
[2026-03-16T22:14:03.027+0000] {taskinstance.py:349} INFO - ::group::Post task execution logs
[2026-03-16T22:14:03.030+0000] {standard_task_runner.py:124} ERROR - Failed to execute job 1601 for task combine_csv (Task get_csv_open tidak mengirimkan path (None). Cek logs task tersebut!; 1952)
Traceback (most recent call last):
  File "/home/airflow/.local/lib/python3.12/site-packages/airflow/task/task_runner/standard_task_runner.py", line 117, in _start_by_fork
    ret = args.func(args, dag=self.dag)
          ^^^^^^^^^^^^^^^^^^^^^^^^^^^^^
  File "/home/airflow/.local/lib/python3.12/site-packages/airflow/cli/cli_config.py", line 49, in command
    return func(*args, **kwargs)
           ^^^^^^^^^^^^^^^^^^^^^
  File "/home/airflow/.local/lib/python3.12/site-packages/airflow/utils/cli.py", line 116, in wrapper
    return f(*args, **kwargs)
           ^^^^^^^^^^^^^^^^^^
  File "/home/airflow/.local/lib/python3.12/site-packages/airflow/cli/commands/task_command.py", line 483, in task_run
    task_return_code = _run_task_by_selected_method(args, _dag, ti)
                       ^^^^^^^^^^^^^^^^^^^^^^^^^^^^^^^^^^^^^^^^^^^^
  File "/home/airflow/.local/lib/python3.12/site-packages/airflow/cli/commands/task_command.py", line 256, in _run_task_by_selected_method
    return _run_raw_task(args, ti)
           ^^^^^^^^^^^^^^^^^^^^^^^
  File "/home/airflow/.local/lib/python3.12/site-packages/airflow/cli/commands/task_command.py", line 341, in _run_raw_task
    return ti._run_raw_task(
           ^^^^^^^^^^^^^^^^^
  File "/home/airflow/.local/lib/python3.12/site-packages/airflow/utils/session.py", line 97, in wrapper
    return func(*args, session=session, **kwargs)
           ^^^^^^^^^^^^^^^^^^^^^^^^^^^^^^^^^^^^^^
  File "/home/airflow/.local/lib/python3.12/site-packages/airflow/models/taskinstance.py", line 3029, in _run_raw_task
    return _run_raw_task(
           ^^^^^^^^^^^^^^
  File "/home/airflow/.local/lib/python3.12/site-packages/airflow/models/taskinstance.py", line 282, in _run_raw_task
    TaskInstance._execute_task_with_callbacks(
  File "/home/airflow/.local/lib/python3.12/site-packages/airflow/models/taskinstance.py", line 3184, in _execute_task_with_callbacks
    result = self._execute_task(context, task_orig)
             ^^^^^^^^^^^^^^^^^^^^^^^^^^^^^^^^^^^^^^
  File "/home/airflow/.local/lib/python3.12/site-packages/airflow/models/taskinstance.py", line 3208, in _execute_task
    return _execute_task(self, context, task_orig)
           ^^^^^^^^^^^^^^^^^^^^^^^^^^^^^^^^^^^^^^^
  File "/home/airflow/.local/lib/python3.12/site-packages/airflow/models/taskinstance.py", line 776, in _execute_task
    result = _execute_callable(context=context, **execute_callable_kwargs)
             ^^^^^^^^^^^^^^^^^^^^^^^^^^^^^^^^^^^^^^^^^^^^^^^^^^^^^^^^^^^^^
  File "/home/airflow/.local/lib/python3.12/site-packages/airflow/models/taskinstance.py", line 742, in _execute_callable
    return ExecutionCallableRunner(
           ^^^^^^^^^^^^^^^^^^^^^^^^
  File "/home/airflow/.local/lib/python3.12/site-packages/airflow/utils/operator_helpers.py", line 252, in run
    return self.func(*args, **kwargs)
           ^^^^^^^^^^^^^^^^^^^^^^^^^^
  File "/home/airflow/.local/lib/python3.12/site-packages/airflow/models/baseoperator.py", line 425, in wrapper
    return func(self, *args, **kwargs)
           ^^^^^^^^^^^^^^^^^^^^^^^^^^^
  File "/home/airflow/.local/lib/python3.12/site-packages/airflow/decorators/base.py", line 266, in execute
    return_value = super().execute(context)
                   ^^^^^^^^^^^^^^^^^^^^^^^^
  File "/home/airflow/.local/lib/python3.12/site-packages/airflow/models/baseoperator.py", line 425, in wrapper
    return func(self, *args, **kwargs)
           ^^^^^^^^^^^^^^^^^^^^^^^^^^^
  File "/home/airflow/.local/lib/python3.12/site-packages/airflow/operators/python.py", line 238, in execute
    return_value = self.execute_callable()
                   ^^^^^^^^^^^^^^^^^^^^^^^
  File "/home/airflow/.local/lib/python3.12/site-packages/airflow/operators/python.py", line 256, in execute_callable
    return runner.run(*self.op_args, **self.op_kwargs)
           ^^^^^^^^^^^^^^^^^^^^^^^^^^^^^^^^^^^^^^^^^^^
  File "/home/airflow/.local/lib/python3.12/site-packages/airflow/utils/operator_helpers.py", line 252, in run
    return self.func(*args, **kwargs)
           ^^^^^^^^^^^^^^^^^^^^^^^^^^
  File "/opt/airflow/dags/get_finance_yf_csv.py", line 181, in combine_csv
    raise ValueError(f"Task get_csv_{key} tidak mengirimkan path (None). Cek logs task tersebut!")
ValueError: Task get_csv_open tidak mengirimkan path (None). Cek logs task tersebut!
[2026-03-16T22:14:03.077+0000] {local_task_job_runner.py:266} INFO - Task exited with return code 1
[2026-03-16T22:14:03.153+0000] {taskinstance.py:3924} INFO - 0 downstream tasks scheduled from follow-on schedule check
[2026-03-16T22:14:03.163+0000] {local_task_job_runner.py:245} INFO - ::endgroup::
[2026-03-16T22:40:27.684+0000] {local_task_job_runner.py:123} INFO - ::group::Pre task execution logs
[2026-03-16T22:40:27.777+0000] {taskinstance.py:2631} INFO - Dependencies all met for dep_context=non-requeueable deps ti=<TaskInstance: dag_get_data_from_yf.combine_csv scheduled__2026-03-12T17:00:00+00:00 [queued]>
[2026-03-16T22:40:27.809+0000] {taskinstance.py:2631} INFO - Dependencies all met for dep_context=requeueable deps ti=<TaskInstance: dag_get_data_from_yf.combine_csv scheduled__2026-03-12T17:00:00+00:00 [queued]>
[2026-03-16T22:40:27.809+0000] {taskinstance.py:2884} INFO - Starting attempt 1 of 1
[2026-03-16T22:40:27.836+0000] {taskinstance.py:2907} INFO - Executing <Task(_PythonDecoratedOperator): combine_csv> on 2026-03-12 17:00:00+00:00
[2026-03-16T22:40:27.856+0000] {warnings.py:112} WARNING - /home/***/.local/lib/python3.12/site-packages/***/task/task_runner/standard_task_runner.py:70: DeprecationWarning: This process (pid=316) is multi-threaded, use of fork() may lead to deadlocks in the child.
  pid = os.fork()

[2026-03-16T22:40:27.860+0000] {standard_task_runner.py:72} INFO - Started process 328 to run task
[2026-03-16T22:40:27.863+0000] {standard_task_runner.py:104} INFO - Running: ['***', 'tasks', 'run', 'dag_get_data_from_yf', 'combine_csv', 'scheduled__2026-03-12T17:00:00+00:00', '--job-id', '1681', '--raw', '--subdir', 'DAGS_FOLDER/get_finance_yf_csv.py', '--cfg-path', '/tmp/tmpv4pzjnd6']
[2026-03-16T22:40:27.865+0000] {standard_task_runner.py:105} INFO - Job 1681: Subtask combine_csv
[2026-03-16T22:40:28.006+0000] {task_command.py:467} INFO - Running <TaskInstance: dag_get_data_from_yf.combine_csv scheduled__2026-03-12T17:00:00+00:00 [running]> on host 245fc8f76c1e
[2026-03-16T22:40:28.225+0000] {taskinstance.py:3157} INFO - Exporting env vars: AIRFLOW_CTX_DAG_OWNER='***' AIRFLOW_CTX_DAG_ID='dag_get_data_from_yf' AIRFLOW_CTX_TASK_ID='combine_csv' AIRFLOW_CTX_EXECUTION_DATE='2026-03-12T17:00:00+00:00' AIRFLOW_CTX_TRY_NUMBER='1' AIRFLOW_CTX_DAG_RUN_ID='scheduled__2026-03-12T17:00:00+00:00'
[2026-03-16T22:40:28.228+0000] {logging_mixin.py:190} INFO - Task instance is in running state
[2026-03-16T22:40:28.228+0000] {logging_mixin.py:190} INFO -  Previous state of the Task instance: queued
[2026-03-16T22:40:28.229+0000] {logging_mixin.py:190} INFO - Current task name:combine_csv state:running start_date:2026-03-16 22:40:27.778406+00:00
[2026-03-16T22:40:28.229+0000] {logging_mixin.py:190} INFO - Dag name:dag_get_data_from_yf and current dag run status:running
[2026-03-16T22:40:28.230+0000] {taskinstance.py:740} INFO - ::endgroup::
[2026-03-16T22:40:28.331+0000] {taskinstance.py:3336} ERROR - Task failed with exception
Traceback (most recent call last):
  File "/home/airflow/.local/lib/python3.12/site-packages/airflow/models/taskinstance.py", line 776, in _execute_task
    result = _execute_callable(context=context, **execute_callable_kwargs)
             ^^^^^^^^^^^^^^^^^^^^^^^^^^^^^^^^^^^^^^^^^^^^^^^^^^^^^^^^^^^^^
  File "/home/airflow/.local/lib/python3.12/site-packages/airflow/models/taskinstance.py", line 742, in _execute_callable
    return ExecutionCallableRunner(
           ^^^^^^^^^^^^^^^^^^^^^^^^
  File "/home/airflow/.local/lib/python3.12/site-packages/airflow/utils/operator_helpers.py", line 252, in run
    return self.func(*args, **kwargs)
           ^^^^^^^^^^^^^^^^^^^^^^^^^^
  File "/home/airflow/.local/lib/python3.12/site-packages/airflow/models/baseoperator.py", line 425, in wrapper
    return func(self, *args, **kwargs)
           ^^^^^^^^^^^^^^^^^^^^^^^^^^^
  File "/home/airflow/.local/lib/python3.12/site-packages/airflow/decorators/base.py", line 266, in execute
    return_value = super().execute(context)
                   ^^^^^^^^^^^^^^^^^^^^^^^^
  File "/home/airflow/.local/lib/python3.12/site-packages/airflow/models/baseoperator.py", line 425, in wrapper
    return func(self, *args, **kwargs)
           ^^^^^^^^^^^^^^^^^^^^^^^^^^^
  File "/home/airflow/.local/lib/python3.12/site-packages/airflow/operators/python.py", line 238, in execute
    return_value = self.execute_callable()
                   ^^^^^^^^^^^^^^^^^^^^^^^
  File "/home/airflow/.local/lib/python3.12/site-packages/airflow/operators/python.py", line 256, in execute_callable
    return runner.run(*self.op_args, **self.op_kwargs)
           ^^^^^^^^^^^^^^^^^^^^^^^^^^^^^^^^^^^^^^^^^^^
  File "/home/airflow/.local/lib/python3.12/site-packages/airflow/utils/operator_helpers.py", line 252, in run
    return self.func(*args, **kwargs)
           ^^^^^^^^^^^^^^^^^^^^^^^^^^
  File "/opt/airflow/dags/get_finance_yf_csv.py", line 181, in combine_csv
    raise ValueError(f"Task get_csv_{key} tidak mengirimkan path (None). Cek logs task tersebut!")
ValueError: Task get_csv_open tidak mengirimkan path (None). Cek logs task tersebut!
[2026-03-16T22:40:28.363+0000] {logging_mixin.py:190} INFO - Task instance in failure state
[2026-03-16T22:40:28.364+0000] {logging_mixin.py:190} INFO - Task start:2026-03-16 22:40:27.778406+00:00 end:2026-03-16 22:40:28.363051+00:00 duration:0.584645
[2026-03-16T22:40:28.365+0000] {logging_mixin.py:190} INFO - Task:<Task(_PythonDecoratedOperator): combine_csv> dag:<DAG: dag_get_data_from_yf> dagrun:<DagRun dag_get_data_from_yf @ 2026-03-12 17:00:00+00:00: scheduled__2026-03-12T17:00:00+00:00, state:running, queued_at: 2026-03-16 22:37:41.382444+00:00. externally triggered: False>
[2026-03-16T22:40:28.365+0000] {logging_mixin.py:190} INFO - Failure caused by Task get_csv_open tidak mengirimkan path (None). Cek logs task tersebut!
[2026-03-16T22:40:28.366+0000] {taskinstance.py:1242} INFO - Marking task as FAILED. dag_id=dag_get_data_from_yf, task_id=combine_csv, run_id=scheduled__2026-03-12T17:00:00+00:00, execution_date=20260312T170000, start_date=20260316T224027, end_date=20260316T224028
[2026-03-16T22:40:28.431+0000] {taskinstance.py:349} INFO - ::group::Post task execution logs
[2026-03-16T22:40:28.432+0000] {standard_task_runner.py:124} ERROR - Failed to execute job 1681 for task combine_csv (Task get_csv_open tidak mengirimkan path (None). Cek logs task tersebut!; 328)
Traceback (most recent call last):
  File "/home/airflow/.local/lib/python3.12/site-packages/airflow/task/task_runner/standard_task_runner.py", line 117, in _start_by_fork
    ret = args.func(args, dag=self.dag)
          ^^^^^^^^^^^^^^^^^^^^^^^^^^^^^
  File "/home/airflow/.local/lib/python3.12/site-packages/airflow/cli/cli_config.py", line 49, in command
    return func(*args, **kwargs)
           ^^^^^^^^^^^^^^^^^^^^^
  File "/home/airflow/.local/lib/python3.12/site-packages/airflow/utils/cli.py", line 116, in wrapper
    return f(*args, **kwargs)
           ^^^^^^^^^^^^^^^^^^
  File "/home/airflow/.local/lib/python3.12/site-packages/airflow/cli/commands/task_command.py", line 483, in task_run
    task_return_code = _run_task_by_selected_method(args, _dag, ti)
                       ^^^^^^^^^^^^^^^^^^^^^^^^^^^^^^^^^^^^^^^^^^^^
  File "/home/airflow/.local/lib/python3.12/site-packages/airflow/cli/commands/task_command.py", line 256, in _run_task_by_selected_method
    return _run_raw_task(args, ti)
           ^^^^^^^^^^^^^^^^^^^^^^^
  File "/home/airflow/.local/lib/python3.12/site-packages/airflow/cli/commands/task_command.py", line 341, in _run_raw_task
    return ti._run_raw_task(
           ^^^^^^^^^^^^^^^^^
  File "/home/airflow/.local/lib/python3.12/site-packages/airflow/utils/session.py", line 97, in wrapper
    return func(*args, session=session, **kwargs)
           ^^^^^^^^^^^^^^^^^^^^^^^^^^^^^^^^^^^^^^
  File "/home/airflow/.local/lib/python3.12/site-packages/airflow/models/taskinstance.py", line 3029, in _run_raw_task
    return _run_raw_task(
           ^^^^^^^^^^^^^^
  File "/home/airflow/.local/lib/python3.12/site-packages/airflow/models/taskinstance.py", line 282, in _run_raw_task
    TaskInstance._execute_task_with_callbacks(
  File "/home/airflow/.local/lib/python3.12/site-packages/airflow/models/taskinstance.py", line 3184, in _execute_task_with_callbacks
    result = self._execute_task(context, task_orig)
             ^^^^^^^^^^^^^^^^^^^^^^^^^^^^^^^^^^^^^^
  File "/home/airflow/.local/lib/python3.12/site-packages/airflow/models/taskinstance.py", line 3208, in _execute_task
    return _execute_task(self, context, task_orig)
           ^^^^^^^^^^^^^^^^^^^^^^^^^^^^^^^^^^^^^^^
  File "/home/airflow/.local/lib/python3.12/site-packages/airflow/models/taskinstance.py", line 776, in _execute_task
    result = _execute_callable(context=context, **execute_callable_kwargs)
             ^^^^^^^^^^^^^^^^^^^^^^^^^^^^^^^^^^^^^^^^^^^^^^^^^^^^^^^^^^^^^
  File "/home/airflow/.local/lib/python3.12/site-packages/airflow/models/taskinstance.py", line 742, in _execute_callable
    return ExecutionCallableRunner(
           ^^^^^^^^^^^^^^^^^^^^^^^^
  File "/home/airflow/.local/lib/python3.12/site-packages/airflow/utils/operator_helpers.py", line 252, in run
    return self.func(*args, **kwargs)
           ^^^^^^^^^^^^^^^^^^^^^^^^^^
  File "/home/airflow/.local/lib/python3.12/site-packages/airflow/models/baseoperator.py", line 425, in wrapper
    return func(self, *args, **kwargs)
           ^^^^^^^^^^^^^^^^^^^^^^^^^^^
  File "/home/airflow/.local/lib/python3.12/site-packages/airflow/decorators/base.py", line 266, in execute
    return_value = super().execute(context)
                   ^^^^^^^^^^^^^^^^^^^^^^^^
  File "/home/airflow/.local/lib/python3.12/site-packages/airflow/models/baseoperator.py", line 425, in wrapper
    return func(self, *args, **kwargs)
           ^^^^^^^^^^^^^^^^^^^^^^^^^^^
  File "/home/airflow/.local/lib/python3.12/site-packages/airflow/operators/python.py", line 238, in execute
    return_value = self.execute_callable()
                   ^^^^^^^^^^^^^^^^^^^^^^^
  File "/home/airflow/.local/lib/python3.12/site-packages/airflow/operators/python.py", line 256, in execute_callable
    return runner.run(*self.op_args, **self.op_kwargs)
           ^^^^^^^^^^^^^^^^^^^^^^^^^^^^^^^^^^^^^^^^^^^
  File "/home/airflow/.local/lib/python3.12/site-packages/airflow/utils/operator_helpers.py", line 252, in run
    return self.func(*args, **kwargs)
           ^^^^^^^^^^^^^^^^^^^^^^^^^^
  File "/opt/airflow/dags/get_finance_yf_csv.py", line 181, in combine_csv
    raise ValueError(f"Task get_csv_{key} tidak mengirimkan path (None). Cek logs task tersebut!")
ValueError: Task get_csv_open tidak mengirimkan path (None). Cek logs task tersebut!
[2026-03-16T22:40:28.462+0000] {local_task_job_runner.py:266} INFO - Task exited with return code 1
[2026-03-16T22:40:28.529+0000] {taskinstance.py:3924} INFO - 0 downstream tasks scheduled from follow-on schedule check
[2026-03-16T22:40:28.538+0000] {local_task_job_runner.py:245} INFO - ::endgroup::
[2026-03-16T22:58:35.047+0000] {local_task_job_runner.py:123} INFO - ::group::Pre task execution logs
[2026-03-16T22:58:35.124+0000] {taskinstance.py:2631} INFO - Dependencies all met for dep_context=non-requeueable deps ti=<TaskInstance: dag_get_data_from_yf.combine_csv scheduled__2026-03-12T17:00:00+00:00 [queued]>
[2026-03-16T22:58:35.153+0000] {taskinstance.py:2631} INFO - Dependencies all met for dep_context=requeueable deps ti=<TaskInstance: dag_get_data_from_yf.combine_csv scheduled__2026-03-12T17:00:00+00:00 [queued]>
[2026-03-16T22:58:35.154+0000] {taskinstance.py:2884} INFO - Starting attempt 1 of 1
[2026-03-16T22:58:35.179+0000] {taskinstance.py:2907} INFO - Executing <Task(_PythonDecoratedOperator): combine_csv> on 2026-03-12 17:00:00+00:00
[2026-03-16T22:58:35.198+0000] {warnings.py:112} WARNING - /home/***/.local/lib/python3.12/site-packages/***/task/task_runner/standard_task_runner.py:70: DeprecationWarning: This process (pid=776) is multi-threaded, use of fork() may lead to deadlocks in the child.
  pid = os.fork()

[2026-03-16T22:58:35.200+0000] {standard_task_runner.py:72} INFO - Started process 787 to run task
[2026-03-16T22:58:35.205+0000] {standard_task_runner.py:104} INFO - Running: ['***', 'tasks', 'run', 'dag_get_data_from_yf', 'combine_csv', 'scheduled__2026-03-12T17:00:00+00:00', '--job-id', '1725', '--raw', '--subdir', 'DAGS_FOLDER/get_finance_yf_csv.py', '--cfg-path', '/tmp/tmpgsz_se30']
[2026-03-16T22:58:35.207+0000] {standard_task_runner.py:105} INFO - Job 1725: Subtask combine_csv
[2026-03-16T22:58:35.335+0000] {task_command.py:467} INFO - Running <TaskInstance: dag_get_data_from_yf.combine_csv scheduled__2026-03-12T17:00:00+00:00 [running]> on host 245fc8f76c1e
[2026-03-16T22:58:35.540+0000] {taskinstance.py:3157} INFO - Exporting env vars: AIRFLOW_CTX_DAG_OWNER='***' AIRFLOW_CTX_DAG_ID='dag_get_data_from_yf' AIRFLOW_CTX_TASK_ID='combine_csv' AIRFLOW_CTX_EXECUTION_DATE='2026-03-12T17:00:00+00:00' AIRFLOW_CTX_TRY_NUMBER='1' AIRFLOW_CTX_DAG_RUN_ID='scheduled__2026-03-12T17:00:00+00:00'
[2026-03-16T22:58:35.542+0000] {logging_mixin.py:190} INFO - Task instance is in running state
[2026-03-16T22:58:35.543+0000] {logging_mixin.py:190} INFO -  Previous state of the Task instance: queued
[2026-03-16T22:58:35.543+0000] {logging_mixin.py:190} INFO - Current task name:combine_csv state:running start_date:2026-03-16 22:58:35.125000+00:00
[2026-03-16T22:58:35.544+0000] {logging_mixin.py:190} INFO - Dag name:dag_get_data_from_yf and current dag run status:running
[2026-03-16T22:58:35.544+0000] {taskinstance.py:740} INFO - ::endgroup::
[2026-03-16T22:58:35.638+0000] {taskinstance.py:3336} ERROR - Task failed with exception
Traceback (most recent call last):
  File "/home/airflow/.local/lib/python3.12/site-packages/airflow/models/taskinstance.py", line 776, in _execute_task
    result = _execute_callable(context=context, **execute_callable_kwargs)
             ^^^^^^^^^^^^^^^^^^^^^^^^^^^^^^^^^^^^^^^^^^^^^^^^^^^^^^^^^^^^^
  File "/home/airflow/.local/lib/python3.12/site-packages/airflow/models/taskinstance.py", line 742, in _execute_callable
    return ExecutionCallableRunner(
           ^^^^^^^^^^^^^^^^^^^^^^^^
  File "/home/airflow/.local/lib/python3.12/site-packages/airflow/utils/operator_helpers.py", line 252, in run
    return self.func(*args, **kwargs)
           ^^^^^^^^^^^^^^^^^^^^^^^^^^
  File "/home/airflow/.local/lib/python3.12/site-packages/airflow/models/baseoperator.py", line 425, in wrapper
    return func(self, *args, **kwargs)
           ^^^^^^^^^^^^^^^^^^^^^^^^^^^
  File "/home/airflow/.local/lib/python3.12/site-packages/airflow/decorators/base.py", line 266, in execute
    return_value = super().execute(context)
                   ^^^^^^^^^^^^^^^^^^^^^^^^
  File "/home/airflow/.local/lib/python3.12/site-packages/airflow/models/baseoperator.py", line 425, in wrapper
    return func(self, *args, **kwargs)
           ^^^^^^^^^^^^^^^^^^^^^^^^^^^
  File "/home/airflow/.local/lib/python3.12/site-packages/airflow/operators/python.py", line 238, in execute
    return_value = self.execute_callable()
                   ^^^^^^^^^^^^^^^^^^^^^^^
  File "/home/airflow/.local/lib/python3.12/site-packages/airflow/operators/python.py", line 256, in execute_callable
    return runner.run(*self.op_args, **self.op_kwargs)
           ^^^^^^^^^^^^^^^^^^^^^^^^^^^^^^^^^^^^^^^^^^^
  File "/home/airflow/.local/lib/python3.12/site-packages/airflow/utils/operator_helpers.py", line 252, in run
    return self.func(*args, **kwargs)
           ^^^^^^^^^^^^^^^^^^^^^^^^^^
  File "/opt/airflow/dags/get_finance_yf_csv.py", line 181, in combine_csv
    raise ValueError(f"Task get_csv_{key} tidak mengirimkan path (None). Cek logs task tersebut!")
ValueError: Task get_csv_open tidak mengirimkan path (None). Cek logs task tersebut!
[2026-03-16T22:58:35.670+0000] {logging_mixin.py:190} INFO - Task instance in failure state
[2026-03-16T22:58:35.671+0000] {logging_mixin.py:190} INFO - Task start:2026-03-16 22:58:35.125000+00:00 end:2026-03-16 22:58:35.669967+00:00 duration:0.544967
[2026-03-16T22:58:35.672+0000] {logging_mixin.py:190} INFO - Task:<Task(_PythonDecoratedOperator): combine_csv> dag:<DAG: dag_get_data_from_yf> dagrun:<DagRun dag_get_data_from_yf @ 2026-03-12 17:00:00+00:00: scheduled__2026-03-12T17:00:00+00:00, state:running, queued_at: 2026-03-16 22:53:43.296607+00:00. externally triggered: False>
[2026-03-16T22:58:35.672+0000] {logging_mixin.py:190} INFO - Failure caused by Task get_csv_open tidak mengirimkan path (None). Cek logs task tersebut!
[2026-03-16T22:58:35.673+0000] {taskinstance.py:1242} INFO - Marking task as FAILED. dag_id=dag_get_data_from_yf, task_id=combine_csv, run_id=scheduled__2026-03-12T17:00:00+00:00, execution_date=20260312T170000, start_date=20260316T225835, end_date=20260316T225835
[2026-03-16T22:58:35.740+0000] {taskinstance.py:349} INFO - ::group::Post task execution logs
[2026-03-16T22:58:35.741+0000] {standard_task_runner.py:124} ERROR - Failed to execute job 1725 for task combine_csv (Task get_csv_open tidak mengirimkan path (None). Cek logs task tersebut!; 787)
Traceback (most recent call last):
  File "/home/airflow/.local/lib/python3.12/site-packages/airflow/task/task_runner/standard_task_runner.py", line 117, in _start_by_fork
    ret = args.func(args, dag=self.dag)
          ^^^^^^^^^^^^^^^^^^^^^^^^^^^^^
  File "/home/airflow/.local/lib/python3.12/site-packages/airflow/cli/cli_config.py", line 49, in command
    return func(*args, **kwargs)
           ^^^^^^^^^^^^^^^^^^^^^
  File "/home/airflow/.local/lib/python3.12/site-packages/airflow/utils/cli.py", line 116, in wrapper
    return f(*args, **kwargs)
           ^^^^^^^^^^^^^^^^^^
  File "/home/airflow/.local/lib/python3.12/site-packages/airflow/cli/commands/task_command.py", line 483, in task_run
    task_return_code = _run_task_by_selected_method(args, _dag, ti)
                       ^^^^^^^^^^^^^^^^^^^^^^^^^^^^^^^^^^^^^^^^^^^^
  File "/home/airflow/.local/lib/python3.12/site-packages/airflow/cli/commands/task_command.py", line 256, in _run_task_by_selected_method
    return _run_raw_task(args, ti)
           ^^^^^^^^^^^^^^^^^^^^^^^
  File "/home/airflow/.local/lib/python3.12/site-packages/airflow/cli/commands/task_command.py", line 341, in _run_raw_task
    return ti._run_raw_task(
           ^^^^^^^^^^^^^^^^^
  File "/home/airflow/.local/lib/python3.12/site-packages/airflow/utils/session.py", line 97, in wrapper
    return func(*args, session=session, **kwargs)
           ^^^^^^^^^^^^^^^^^^^^^^^^^^^^^^^^^^^^^^
  File "/home/airflow/.local/lib/python3.12/site-packages/airflow/models/taskinstance.py", line 3029, in _run_raw_task
    return _run_raw_task(
           ^^^^^^^^^^^^^^
  File "/home/airflow/.local/lib/python3.12/site-packages/airflow/models/taskinstance.py", line 282, in _run_raw_task
    TaskInstance._execute_task_with_callbacks(
  File "/home/airflow/.local/lib/python3.12/site-packages/airflow/models/taskinstance.py", line 3184, in _execute_task_with_callbacks
    result = self._execute_task(context, task_orig)
             ^^^^^^^^^^^^^^^^^^^^^^^^^^^^^^^^^^^^^^
  File "/home/airflow/.local/lib/python3.12/site-packages/airflow/models/taskinstance.py", line 3208, in _execute_task
    return _execute_task(self, context, task_orig)
           ^^^^^^^^^^^^^^^^^^^^^^^^^^^^^^^^^^^^^^^
  File "/home/airflow/.local/lib/python3.12/site-packages/airflow/models/taskinstance.py", line 776, in _execute_task
    result = _execute_callable(context=context, **execute_callable_kwargs)
             ^^^^^^^^^^^^^^^^^^^^^^^^^^^^^^^^^^^^^^^^^^^^^^^^^^^^^^^^^^^^^
  File "/home/airflow/.local/lib/python3.12/site-packages/airflow/models/taskinstance.py", line 742, in _execute_callable
    return ExecutionCallableRunner(
           ^^^^^^^^^^^^^^^^^^^^^^^^
  File "/home/airflow/.local/lib/python3.12/site-packages/airflow/utils/operator_helpers.py", line 252, in run
    return self.func(*args, **kwargs)
           ^^^^^^^^^^^^^^^^^^^^^^^^^^
  File "/home/airflow/.local/lib/python3.12/site-packages/airflow/models/baseoperator.py", line 425, in wrapper
    return func(self, *args, **kwargs)
           ^^^^^^^^^^^^^^^^^^^^^^^^^^^
  File "/home/airflow/.local/lib/python3.12/site-packages/airflow/decorators/base.py", line 266, in execute
    return_value = super().execute(context)
                   ^^^^^^^^^^^^^^^^^^^^^^^^
  File "/home/airflow/.local/lib/python3.12/site-packages/airflow/models/baseoperator.py", line 425, in wrapper
    return func(self, *args, **kwargs)
           ^^^^^^^^^^^^^^^^^^^^^^^^^^^
  File "/home/airflow/.local/lib/python3.12/site-packages/airflow/operators/python.py", line 238, in execute
    return_value = self.execute_callable()
                   ^^^^^^^^^^^^^^^^^^^^^^^
  File "/home/airflow/.local/lib/python3.12/site-packages/airflow/operators/python.py", line 256, in execute_callable
    return runner.run(*self.op_args, **self.op_kwargs)
           ^^^^^^^^^^^^^^^^^^^^^^^^^^^^^^^^^^^^^^^^^^^
  File "/home/airflow/.local/lib/python3.12/site-packages/airflow/utils/operator_helpers.py", line 252, in run
    return self.func(*args, **kwargs)
           ^^^^^^^^^^^^^^^^^^^^^^^^^^
  File "/opt/airflow/dags/get_finance_yf_csv.py", line 181, in combine_csv
    raise ValueError(f"Task get_csv_{key} tidak mengirimkan path (None). Cek logs task tersebut!")
ValueError: Task get_csv_open tidak mengirimkan path (None). Cek logs task tersebut!
[2026-03-16T22:58:35.769+0000] {local_task_job_runner.py:266} INFO - Task exited with return code 1
[2026-03-16T22:58:35.822+0000] {taskinstance.py:3924} INFO - 0 downstream tasks scheduled from follow-on schedule check
[2026-03-16T22:58:35.829+0000] {local_task_job_runner.py:245} INFO - ::endgroup::
