[2026-03-15T08:55:13.188+0000] {local_task_job_runner.py:123} INFO - ::group::Pre task execution logs
[2026-03-15T08:55:13.254+0000] {taskinstance.py:2631} INFO - Dependencies all met for dep_context=non-requeueable deps ti=<TaskInstance: dag_get_data_from_yf.query_1 scheduled__2026-03-04T00:00:00+00:00 [queued]>
[2026-03-15T08:55:13.275+0000] {taskinstance.py:2631} INFO - Dependencies all met for dep_context=requeueable deps ti=<TaskInstance: dag_get_data_from_yf.query_1 scheduled__2026-03-04T00:00:00+00:00 [queued]>
[2026-03-15T08:55:13.276+0000] {taskinstance.py:2884} INFO - Starting attempt 1 of 1
[2026-03-15T08:55:13.313+0000] {taskinstance.py:2907} INFO - Executing <Task(_PythonDecoratedOperator): query_1> on 2026-03-04 00:00:00+00:00
[2026-03-15T08:55:13.334+0000] {warnings.py:112} WARNING - /home/***/.local/lib/python3.12/site-packages/***/task/task_runner/standard_task_runner.py:70: DeprecationWarning: This process (pid=396) is multi-threaded, use of fork() may lead to deadlocks in the child.
  pid = os.fork()

[2026-03-15T08:55:13.337+0000] {standard_task_runner.py:72} INFO - Started process 403 to run task
[2026-03-15T08:55:13.340+0000] {standard_task_runner.py:104} INFO - Running: ['***', 'tasks', 'run', 'dag_get_data_from_yf', 'query_1', 'scheduled__2026-03-04T00:00:00+00:00', '--job-id', '14849', '--raw', '--subdir', 'DAGS_FOLDER/get_finance_yf_csv.py', '--cfg-path', '/tmp/tmpb7z4gwr4']
[2026-03-15T08:55:13.343+0000] {standard_task_runner.py:105} INFO - Job 14849: Subtask query_1
[2026-03-15T08:55:13.503+0000] {task_command.py:467} INFO - Running <TaskInstance: dag_get_data_from_yf.query_1 scheduled__2026-03-04T00:00:00+00:00 [running]> on host 547c214a0f76
[2026-03-15T08:55:13.724+0000] {taskinstance.py:3157} INFO - Exporting env vars: AIRFLOW_CTX_DAG_OWNER='***' AIRFLOW_CTX_DAG_ID='dag_get_data_from_yf' AIRFLOW_CTX_TASK_ID='query_1' AIRFLOW_CTX_EXECUTION_DATE='2026-03-04T00:00:00+00:00' AIRFLOW_CTX_TRY_NUMBER='1' AIRFLOW_CTX_DAG_RUN_ID='scheduled__2026-03-04T00:00:00+00:00'
[2026-03-15T08:55:13.727+0000] {logging_mixin.py:190} INFO - Task instance is in running state
[2026-03-15T08:55:13.728+0000] {logging_mixin.py:190} INFO -  Previous state of the Task instance: queued
[2026-03-15T08:55:13.728+0000] {logging_mixin.py:190} INFO - Current task name:query_1 state:running start_date:2026-03-15 08:55:13.254843+00:00
[2026-03-15T08:55:13.729+0000] {logging_mixin.py:190} INFO - Dag name:dag_get_data_from_yf and current dag run status:running
[2026-03-15T08:55:13.730+0000] {taskinstance.py:740} INFO - ::endgroup::
[2026-03-15T08:55:13.731+0000] {python.py:240} INFO - Done. Returned value was: None
[2026-03-15T08:55:13.761+0000] {taskinstance.py:349} INFO - ::group::Post task execution logs
[2026-03-15T08:55:13.762+0000] {taskinstance.py:361} INFO - Marking task as SUCCESS. dag_id=dag_get_data_from_yf, task_id=query_1, run_id=scheduled__2026-03-04T00:00:00+00:00, execution_date=20260304T000000, start_date=20260315T085513, end_date=20260315T085513
[2026-03-15T08:55:13.834+0000] {logging_mixin.py:190} INFO - Task instance in success state
[2026-03-15T08:55:13.835+0000] {logging_mixin.py:190} INFO -  Previous state of the Task instance: running
[2026-03-15T08:55:13.835+0000] {logging_mixin.py:190} INFO - Dag name:dag_get_data_from_yf queued_at:2026-03-15 08:51:08.565001+00:00
[2026-03-15T08:55:13.836+0000] {logging_mixin.py:190} INFO - Task hostname:547c214a0f76 operator:_PythonDecoratedOperator
[2026-03-15T08:55:13.858+0000] {local_task_job_runner.py:266} INFO - Task exited with return code 0
[2026-03-15T08:55:13.930+0000] {taskinstance.py:3924} INFO - 0 downstream tasks scheduled from follow-on schedule check
[2026-03-15T08:55:13.936+0000] {local_task_job_runner.py:245} INFO - ::endgroup::
[2026-03-15T09:55:22.311+0000] {local_task_job_runner.py:123} INFO - ::group::Pre task execution logs
[2026-03-15T09:55:22.506+0000] {taskinstance.py:2631} INFO - Dependencies all met for dep_context=non-requeueable deps ti=<TaskInstance: dag_get_data_from_yf.query_1 scheduled__2026-03-04T00:00:00+00:00 [queued]>
[2026-03-15T09:55:22.686+0000] {taskinstance.py:2631} INFO - Dependencies all met for dep_context=requeueable deps ti=<TaskInstance: dag_get_data_from_yf.query_1 scheduled__2026-03-04T00:00:00+00:00 [queued]>
[2026-03-15T09:55:22.698+0000] {taskinstance.py:2884} INFO - Starting attempt 1 of 1
[2026-03-15T09:55:22.812+0000] {taskinstance.py:2907} INFO - Executing <Task(_PythonDecoratedOperator): query_1> on 2026-03-04 00:00:00+00:00
[2026-03-15T09:55:22.915+0000] {warnings.py:112} WARNING - /home/***/.local/lib/python3.12/site-packages/***/task/task_runner/standard_task_runner.py:70: DeprecationWarning: This process (pid=1181) is multi-threaded, use of fork() may lead to deadlocks in the child.
  pid = os.fork()

[2026-03-15T09:55:22.920+0000] {standard_task_runner.py:104} INFO - Running: ['***', 'tasks', 'run', 'dag_get_data_from_yf', 'query_1', 'scheduled__2026-03-04T00:00:00+00:00', '--job-id', '107', '--raw', '--subdir', 'DAGS_FOLDER/get_finance_yf_csv.py', '--cfg-path', '/tmp/tmpgwfmnk97']
[2026-03-15T09:55:22.922+0000] {standard_task_runner.py:105} INFO - Job 107: Subtask query_1
[2026-03-15T09:55:22.930+0000] {standard_task_runner.py:72} INFO - Started process 1207 to run task
[2026-03-15T09:55:23.444+0000] {task_command.py:467} INFO - Running <TaskInstance: dag_get_data_from_yf.query_1 scheduled__2026-03-04T00:00:00+00:00 [running]> on host 8c556da65e50
[2026-03-15T09:55:24.032+0000] {taskinstance.py:3157} INFO - Exporting env vars: AIRFLOW_CTX_DAG_OWNER='***' AIRFLOW_CTX_DAG_ID='dag_get_data_from_yf' AIRFLOW_CTX_TASK_ID='query_1' AIRFLOW_CTX_EXECUTION_DATE='2026-03-04T00:00:00+00:00' AIRFLOW_CTX_TRY_NUMBER='1' AIRFLOW_CTX_DAG_RUN_ID='scheduled__2026-03-04T00:00:00+00:00'
[2026-03-15T09:55:24.040+0000] {logging_mixin.py:190} INFO - Task instance is in running state
[2026-03-15T09:55:24.041+0000] {logging_mixin.py:190} INFO -  Previous state of the Task instance: queued
[2026-03-15T09:55:24.041+0000] {logging_mixin.py:190} INFO - Current task name:query_1 state:running start_date:2026-03-15 09:55:22.511732+00:00
[2026-03-15T09:55:24.042+0000] {logging_mixin.py:190} INFO - Dag name:dag_get_data_from_yf and current dag run status:running
[2026-03-15T09:55:24.043+0000] {taskinstance.py:740} INFO - ::endgroup::
[2026-03-15T09:55:24.044+0000] {python.py:240} INFO - Done. Returned value was: None
[2026-03-15T09:55:24.169+0000] {taskinstance.py:349} INFO - ::group::Post task execution logs
[2026-03-15T09:55:24.171+0000] {taskinstance.py:361} INFO - Marking task as SUCCESS. dag_id=dag_get_data_from_yf, task_id=query_1, run_id=scheduled__2026-03-04T00:00:00+00:00, execution_date=20260304T000000, start_date=20260315T095522, end_date=20260315T095524
[2026-03-15T09:55:24.570+0000] {logging_mixin.py:190} INFO - Task instance in success state
[2026-03-15T09:55:24.571+0000] {logging_mixin.py:190} INFO -  Previous state of the Task instance: running
[2026-03-15T09:55:24.573+0000] {logging_mixin.py:190} INFO - Dag name:dag_get_data_from_yf queued_at:2026-03-15 09:40:30.267329+00:00
[2026-03-15T09:55:24.575+0000] {logging_mixin.py:190} INFO - Task hostname:8c556da65e50 operator:_PythonDecoratedOperator
[2026-03-15T09:55:24.668+0000] {local_task_job_runner.py:266} INFO - Task exited with return code 0
[2026-03-15T09:55:24.747+0000] {local_task_job_runner.py:245} INFO - ::endgroup::
[2026-03-15T11:40:42.873+0000] {local_task_job_runner.py:123} INFO - ::group::Pre task execution logs
[2026-03-15T11:40:43.034+0000] {taskinstance.py:2631} INFO - Dependencies all met for dep_context=non-requeueable deps ti=<TaskInstance: dag_get_data_from_yf.query_1 scheduled__2026-03-04T00:00:00+00:00 [queued]>
[2026-03-15T11:40:43.096+0000] {taskinstance.py:2631} INFO - Dependencies all met for dep_context=requeueable deps ti=<TaskInstance: dag_get_data_from_yf.query_1 scheduled__2026-03-04T00:00:00+00:00 [queued]>
[2026-03-15T11:40:43.097+0000] {taskinstance.py:2884} INFO - Starting attempt 1 of 1
[2026-03-15T11:40:43.194+0000] {taskinstance.py:2907} INFO - Executing <Task(_PythonDecoratedOperator): query_1> on 2026-03-04 00:00:00+00:00
[2026-03-15T11:40:43.273+0000] {warnings.py:112} WARNING - /home/***/.local/lib/python3.12/site-packages/***/task/task_runner/standard_task_runner.py:70: DeprecationWarning: This process (pid=1188) is multi-threaded, use of fork() may lead to deadlocks in the child.
  pid = os.fork()

[2026-03-15T11:40:43.277+0000] {standard_task_runner.py:72} INFO - Started process 1219 to run task
[2026-03-15T11:40:43.373+0000] {standard_task_runner.py:104} INFO - Running: ['***', 'tasks', 'run', 'dag_get_data_from_yf', 'query_1', 'scheduled__2026-03-04T00:00:00+00:00', '--job-id', '91', '--raw', '--subdir', 'DAGS_FOLDER/get_finance_yf_csv.py', '--cfg-path', '/tmp/tmpicq28tcc']
[2026-03-15T11:40:43.381+0000] {standard_task_runner.py:105} INFO - Job 91: Subtask query_1
[2026-03-15T11:40:43.875+0000] {task_command.py:467} INFO - Running <TaskInstance: dag_get_data_from_yf.query_1 scheduled__2026-03-04T00:00:00+00:00 [running]> on host 0682dd67c20c
[2026-03-15T11:40:44.341+0000] {taskinstance.py:3157} INFO - Exporting env vars: AIRFLOW_CTX_DAG_OWNER='***' AIRFLOW_CTX_DAG_ID='dag_get_data_from_yf' AIRFLOW_CTX_TASK_ID='query_1' AIRFLOW_CTX_EXECUTION_DATE='2026-03-04T00:00:00+00:00' AIRFLOW_CTX_TRY_NUMBER='1' AIRFLOW_CTX_DAG_RUN_ID='scheduled__2026-03-04T00:00:00+00:00'
[2026-03-15T11:40:44.346+0000] {logging_mixin.py:190} INFO - Task instance is in running state
[2026-03-15T11:40:44.347+0000] {logging_mixin.py:190} INFO -  Previous state of the Task instance: queued
[2026-03-15T11:40:44.348+0000] {logging_mixin.py:190} INFO - Current task name:query_1 state:running start_date:2026-03-15 11:40:43.035063+00:00
[2026-03-15T11:40:44.349+0000] {logging_mixin.py:190} INFO - Dag name:dag_get_data_from_yf and current dag run status:running
[2026-03-15T11:40:44.349+0000] {taskinstance.py:740} INFO - ::endgroup::
[2026-03-15T11:40:44.359+0000] {python.py:240} INFO - Done. Returned value was: None
[2026-03-15T11:40:44.427+0000] {taskinstance.py:349} INFO - ::group::Post task execution logs
[2026-03-15T11:40:44.428+0000] {taskinstance.py:361} INFO - Marking task as SUCCESS. dag_id=dag_get_data_from_yf, task_id=query_1, run_id=scheduled__2026-03-04T00:00:00+00:00, execution_date=20260304T000000, start_date=20260315T114043, end_date=20260315T114044
[2026-03-15T11:40:44.577+0000] {logging_mixin.py:190} INFO - Task instance in success state
[2026-03-15T11:40:44.578+0000] {logging_mixin.py:190} INFO -  Previous state of the Task instance: running
[2026-03-15T11:40:44.579+0000] {logging_mixin.py:190} INFO - Dag name:dag_get_data_from_yf queued_at:2026-03-15 11:31:35.654176+00:00
[2026-03-15T11:40:44.579+0000] {logging_mixin.py:190} INFO - Task hostname:0682dd67c20c operator:_PythonDecoratedOperator
[2026-03-15T11:40:44.621+0000] {local_task_job_runner.py:266} INFO - Task exited with return code 0
[2026-03-15T11:40:44.692+0000] {local_task_job_runner.py:245} INFO - ::endgroup::
[2026-03-15T15:27:49.070+0000] {local_task_job_runner.py:123} INFO - ::group::Pre task execution logs
[2026-03-15T15:27:49.280+0000] {taskinstance.py:2631} INFO - Dependencies all met for dep_context=non-requeueable deps ti=<TaskInstance: dag_get_data_from_yf.query_1 scheduled__2026-03-04T00:00:00+00:00 [queued]>
[2026-03-15T15:27:49.337+0000] {taskinstance.py:2631} INFO - Dependencies all met for dep_context=requeueable deps ti=<TaskInstance: dag_get_data_from_yf.query_1 scheduled__2026-03-04T00:00:00+00:00 [queued]>
[2026-03-15T15:27:49.341+0000] {taskinstance.py:2884} INFO - Starting attempt 1 of 1
[2026-03-15T15:27:49.428+0000] {taskinstance.py:2907} INFO - Executing <Task(_PythonDecoratedOperator): query_1> on 2026-03-04 00:00:00+00:00
[2026-03-15T15:27:49.456+0000] {warnings.py:112} WARNING - /home/***/.local/lib/python3.12/site-packages/***/task/task_runner/standard_task_runner.py:70: DeprecationWarning: This process (pid=1317) is multi-threaded, use of fork() may lead to deadlocks in the child.
  pid = os.fork()

[2026-03-15T15:27:49.461+0000] {standard_task_runner.py:72} INFO - Started process 1358 to run task
[2026-03-15T15:27:49.497+0000] {standard_task_runner.py:104} INFO - Running: ['***', 'tasks', 'run', 'dag_get_data_from_yf', 'query_1', 'scheduled__2026-03-04T00:00:00+00:00', '--job-id', '532', '--raw', '--subdir', 'DAGS_FOLDER/get_finance_yf_csv.py', '--cfg-path', '/tmp/tmpep0_7ysj']
[2026-03-15T15:27:49.511+0000] {standard_task_runner.py:105} INFO - Job 532: Subtask query_1
[2026-03-15T15:27:49.874+0000] {task_command.py:467} INFO - Running <TaskInstance: dag_get_data_from_yf.query_1 scheduled__2026-03-04T00:00:00+00:00 [running]> on host c2f7721b6bb3
[2026-03-15T15:27:50.370+0000] {taskinstance.py:3157} INFO - Exporting env vars: AIRFLOW_CTX_DAG_OWNER='***' AIRFLOW_CTX_DAG_ID='dag_get_data_from_yf' AIRFLOW_CTX_TASK_ID='query_1' AIRFLOW_CTX_EXECUTION_DATE='2026-03-04T00:00:00+00:00' AIRFLOW_CTX_TRY_NUMBER='1' AIRFLOW_CTX_DAG_RUN_ID='scheduled__2026-03-04T00:00:00+00:00'
[2026-03-15T15:27:50.373+0000] {logging_mixin.py:190} INFO - Task instance is in running state
[2026-03-15T15:27:50.373+0000] {logging_mixin.py:190} INFO -  Previous state of the Task instance: queued
[2026-03-15T15:27:50.374+0000] {logging_mixin.py:190} INFO - Current task name:query_1 state:running start_date:2026-03-15 15:27:49.281950+00:00
[2026-03-15T15:27:50.374+0000] {logging_mixin.py:190} INFO - Dag name:dag_get_data_from_yf and current dag run status:running
[2026-03-15T15:27:50.375+0000] {taskinstance.py:740} INFO - ::endgroup::
[2026-03-15T15:27:50.384+0000] {python.py:240} INFO - Done. Returned value was: None
[2026-03-15T15:27:50.460+0000] {taskinstance.py:349} INFO - ::group::Post task execution logs
[2026-03-15T15:27:50.462+0000] {taskinstance.py:361} INFO - Marking task as SUCCESS. dag_id=dag_get_data_from_yf, task_id=query_1, run_id=scheduled__2026-03-04T00:00:00+00:00, execution_date=20260304T000000, start_date=20260315T152749, end_date=20260315T152750
[2026-03-15T15:27:50.651+0000] {logging_mixin.py:190} INFO - Task instance in success state
[2026-03-15T15:27:50.652+0000] {logging_mixin.py:190} INFO -  Previous state of the Task instance: running
[2026-03-15T15:27:50.652+0000] {logging_mixin.py:190} INFO - Dag name:dag_get_data_from_yf queued_at:2026-03-15 15:18:37.947303+00:00
[2026-03-15T15:27:50.653+0000] {logging_mixin.py:190} INFO - Task hostname:c2f7721b6bb3 operator:_PythonDecoratedOperator
[2026-03-15T15:27:50.693+0000] {local_task_job_runner.py:266} INFO - Task exited with return code 0
[2026-03-15T15:27:50.756+0000] {taskinstance.py:3924} INFO - 0 downstream tasks scheduled from follow-on schedule check
[2026-03-15T15:27:50.776+0000] {local_task_job_runner.py:245} INFO - ::endgroup::
