[2026-03-25T07:38:02.812+0000] {local_task_job_runner.py:123} INFO - ::group::Pre task execution logs
[2026-03-25T07:38:02.897+0000] {taskinstance.py:2631} INFO - Dependencies all met for dep_context=non-requeueable deps ti=<TaskInstance: dag_get_data_from_yf.olhc_branching.get_csv_low manual__2026-03-25T07:37:14+00:00 [queued]>
[2026-03-25T07:38:02.932+0000] {taskinstance.py:2631} INFO - Dependencies all met for dep_context=requeueable deps ti=<TaskInstance: dag_get_data_from_yf.olhc_branching.get_csv_low manual__2026-03-25T07:37:14+00:00 [queued]>
[2026-03-25T07:38:02.933+0000] {taskinstance.py:2884} INFO - Starting attempt 1 of 1
[2026-03-25T07:38:02.978+0000] {taskinstance.py:2907} INFO - Executing <Task(_PythonDecoratedOperator): olhc_branching.get_csv_low> on 2026-03-25 07:37:14+00:00
[2026-03-25T07:38:03.011+0000] {warnings.py:112} WARNING - /home/***/.local/lib/python3.12/site-packages/***/task/task_runner/standard_task_runner.py:70: DeprecationWarning: This process (pid=583) is multi-threaded, use of fork() may lead to deadlocks in the child.
  pid = os.fork()

[2026-03-25T07:38:03.017+0000] {standard_task_runner.py:72} INFO - Started process 603 to run task
[2026-03-25T07:38:03.027+0000] {standard_task_runner.py:104} INFO - Running: ['***', 'tasks', 'run', 'dag_get_data_from_yf', 'olhc_branching.get_csv_low', 'manual__2026-03-25T07:37:14+00:00', '--job-id', '2921', '--raw', '--subdir', 'DAGS_FOLDER/get_finance_yf_csv.py', '--cfg-path', '/tmp/tmp9l_e57rf']
[2026-03-25T07:38:03.030+0000] {standard_task_runner.py:105} INFO - Job 2921: Subtask olhc_branching.get_csv_low
[2026-03-25T07:38:03.193+0000] {task_command.py:467} INFO - Running <TaskInstance: dag_get_data_from_yf.olhc_branching.get_csv_low manual__2026-03-25T07:37:14+00:00 [running]> on host dc21c86d4397
[2026-03-25T07:38:03.446+0000] {taskinstance.py:3157} INFO - Exporting env vars: AIRFLOW_CTX_DAG_OWNER='***' AIRFLOW_CTX_DAG_ID='dag_get_data_from_yf' AIRFLOW_CTX_TASK_ID='olhc_branching.get_csv_low' AIRFLOW_CTX_EXECUTION_DATE='2026-03-25T07:37:14+00:00' AIRFLOW_CTX_TRY_NUMBER='1' AIRFLOW_CTX_DAG_RUN_ID='manual__2026-03-25T07:37:14+00:00'
[2026-03-25T07:38:03.448+0000] {logging_mixin.py:190} INFO - Task instance is in running state
[2026-03-25T07:38:03.449+0000] {logging_mixin.py:190} INFO -  Previous state of the Task instance: queued
[2026-03-25T07:38:03.450+0000] {logging_mixin.py:190} INFO - Current task name:olhc_branching.get_csv_low state:running start_date:2026-03-25 07:38:02.898778+00:00
[2026-03-25T07:38:03.450+0000] {logging_mixin.py:190} INFO - Dag name:dag_get_data_from_yf and current dag run status:running
[2026-03-25T07:38:03.451+0000] {taskinstance.py:740} INFO - ::endgroup::
[2026-03-25T07:38:03.467+0000] {logging_mixin.py:190} INFO - Data saved to /opt/***/scripts/saham_indonesia_low.csv
[2026-03-25T07:38:03.468+0000] {python.py:240} INFO - Done. Returned value was: /opt/***/scripts/saham_indonesia_low.csv
[2026-03-25T07:38:03.531+0000] {taskinstance.py:349} INFO - ::group::Post task execution logs
[2026-03-25T07:38:03.532+0000] {taskinstance.py:361} INFO - Marking task as SUCCESS. dag_id=dag_get_data_from_yf, task_id=olhc_branching.get_csv_low, run_id=manual__2026-03-25T07:37:14+00:00, execution_date=20260325T073714, start_date=20260325T073802, end_date=20260325T073803
[2026-03-25T07:38:03.591+0000] {logging_mixin.py:190} INFO - Task instance in success state
[2026-03-25T07:38:03.592+0000] {logging_mixin.py:190} INFO -  Previous state of the Task instance: running
[2026-03-25T07:38:03.592+0000] {logging_mixin.py:190} INFO - Dag name:dag_get_data_from_yf queued_at:2026-03-25 07:37:36.318151+00:00
[2026-03-25T07:38:03.593+0000] {logging_mixin.py:190} INFO - Task hostname:dc21c86d4397 operator:_PythonDecoratedOperator
[2026-03-25T07:38:03.610+0000] {local_task_job_runner.py:266} INFO - Task exited with return code 0
[2026-03-25T07:38:03.749+0000] {taskinstance.py:3924} INFO - 1 downstream tasks scheduled from follow-on schedule check
[2026-03-25T07:38:03.752+0000] {local_task_job_runner.py:245} INFO - ::endgroup::
