[2026-03-05T01:15:08.200+0000] {local_task_job_runner.py:123} INFO - ::group::Pre task execution logs
[2026-03-05T01:15:08.227+0000] {taskinstance.py:2631} INFO - Dependencies all met for dep_context=non-requeueable deps ti=<TaskInstance: execute_shell_script.execute_script_second scheduled__2026-03-05T01:14:00+00:00 [queued]>
[2026-03-05T01:15:08.235+0000] {taskinstance.py:2631} INFO - Dependencies all met for dep_context=requeueable deps ti=<TaskInstance: execute_shell_script.execute_script_second scheduled__2026-03-05T01:14:00+00:00 [queued]>
[2026-03-05T01:15:08.235+0000] {taskinstance.py:2884} INFO - Starting attempt 1 of 1
[2026-03-05T01:15:08.251+0000] {taskinstance.py:2907} INFO - Executing <Task(BashOperator): execute_script_second> on 2026-03-05 01:14:00+00:00
[2026-03-05T01:15:08.261+0000] {warnings.py:112} WARNING - /home/***/.local/lib/python3.12/site-packages/***/task/task_runner/standard_task_runner.py:70: DeprecationWarning: This process (pid=2064) is multi-threaded, use of fork() may lead to deadlocks in the child.
  pid = os.fork()

[2026-03-05T01:15:08.262+0000] {standard_task_runner.py:72} INFO - Started process 2066 to run task
[2026-03-05T01:15:08.263+0000] {standard_task_runner.py:104} INFO - Running: ['***', 'tasks', 'run', 'execute_shell_script', 'execute_script_second', 'scheduled__2026-03-05T01:14:00+00:00', '--job-id', '394', '--raw', '--subdir', 'DAGS_FOLDER/executeShellScript.py', '--cfg-path', '/tmp/tmp3sm2skxf']
[2026-03-05T01:15:08.264+0000] {standard_task_runner.py:105} INFO - Job 394: Subtask execute_script_second
[2026-03-05T01:15:08.322+0000] {task_command.py:467} INFO - Running <TaskInstance: execute_shell_script.execute_script_second scheduled__2026-03-05T01:14:00+00:00 [running]> on host 041008e416ba
[2026-03-05T01:15:08.436+0000] {taskinstance.py:3157} INFO - Exporting env vars: AIRFLOW_CTX_DAG_OWNER='***' AIRFLOW_CTX_DAG_ID='execute_shell_script' AIRFLOW_CTX_TASK_ID='execute_script_second' AIRFLOW_CTX_EXECUTION_DATE='2026-03-05T01:14:00+00:00' AIRFLOW_CTX_TRY_NUMBER='1' AIRFLOW_CTX_DAG_RUN_ID='scheduled__2026-03-05T01:14:00+00:00'
[2026-03-05T01:15:08.437+0000] {logging_mixin.py:190} INFO - Task instance is in running state
[2026-03-05T01:15:08.437+0000] {logging_mixin.py:190} INFO -  Previous state of the Task instance: queued
[2026-03-05T01:15:08.438+0000] {logging_mixin.py:190} INFO - Current task name:execute_script_second state:running start_date:2026-03-05 01:15:08.228133+00:00
[2026-03-05T01:15:08.438+0000] {logging_mixin.py:190} INFO - Dag name:execute_shell_script and current dag run status:running
[2026-03-05T01:15:08.438+0000] {taskinstance.py:740} INFO - ::endgroup::
[2026-03-05T01:15:08.439+0000] {subprocess.py:78} INFO - Tmp dir root location: /tmp
[2026-03-05T01:15:08.440+0000] {subprocess.py:88} INFO - Running command: ['/usr/bin/bash', '-c', 'sh /opt/***/scripts/SampleShellScript.sh /opt/***/scripts/task_output2.txt']
[2026-03-05T01:15:08.459+0000] {subprocess.py:99} INFO - Output:
[2026-03-05T01:15:08.461+0000] {subprocess.py:106} INFO - File '/opt/***/scripts/task_output2.txt' dibuat dengan sample text.
[2026-03-05T01:15:08.462+0000] {subprocess.py:110} INFO - Command exited with return code 0
[2026-03-05T01:15:08.496+0000] {taskinstance.py:349} INFO - ::group::Post task execution logs
[2026-03-05T01:15:08.497+0000] {taskinstance.py:361} INFO - Marking task as SUCCESS. dag_id=execute_shell_script, task_id=execute_script_second, run_id=scheduled__2026-03-05T01:14:00+00:00, execution_date=20260305T011400, start_date=20260305T011508, end_date=20260305T011508
[2026-03-05T01:15:08.534+0000] {logging_mixin.py:190} INFO - Task instance in success state
[2026-03-05T01:15:08.534+0000] {logging_mixin.py:190} INFO -  Previous state of the Task instance: running
[2026-03-05T01:15:08.534+0000] {logging_mixin.py:190} INFO - Dag name:execute_shell_script queued_at:2026-03-05 01:15:00.322506+00:00
[2026-03-05T01:15:08.534+0000] {logging_mixin.py:190} INFO - Task hostname:041008e416ba operator:BashOperator
[2026-03-05T01:15:08.549+0000] {local_task_job_runner.py:266} INFO - Task exited with return code 0
[2026-03-05T01:15:08.577+0000] {taskinstance.py:3924} INFO - 0 downstream tasks scheduled from follow-on schedule check
[2026-03-05T01:15:08.581+0000] {local_task_job_runner.py:245} INFO - ::endgroup::
