[2026-03-17T07:43:11.325+0000] {local_task_job_runner.py:123} INFO - ::group::Pre task execution logs
[2026-03-17T07:43:11.438+0000] {taskinstance.py:2631} INFO - Dependencies all met for dep_context=non-requeueable deps ti=<TaskInstance: dag_get_data_from_yf.olhc_branching.get_csv_close manual__2026-03-17T07:42:39+00:00 [queued]>
[2026-03-17T07:43:11.476+0000] {taskinstance.py:2631} INFO - Dependencies all met for dep_context=requeueable deps ti=<TaskInstance: dag_get_data_from_yf.olhc_branching.get_csv_close manual__2026-03-17T07:42:39+00:00 [queued]>
[2026-03-17T07:43:11.476+0000] {taskinstance.py:2884} INFO - Starting attempt 1 of 1
[2026-03-17T07:43:11.533+0000] {taskinstance.py:2907} INFO - Executing <Task(_PythonDecoratedOperator): olhc_branching.get_csv_close> on 2026-03-17 07:42:39+00:00
[2026-03-17T07:43:11.558+0000] {warnings.py:112} WARNING - /home/***/.local/lib/python3.12/site-packages/***/task/task_runner/standard_task_runner.py:70: DeprecationWarning: This process (pid=931) is multi-threaded, use of fork() may lead to deadlocks in the child.
  pid = os.fork()

[2026-03-17T07:43:11.562+0000] {standard_task_runner.py:72} INFO - Started process 943 to run task
[2026-03-17T07:43:11.577+0000] {standard_task_runner.py:104} INFO - Running: ['***', 'tasks', 'run', 'dag_get_data_from_yf', 'olhc_branching.get_csv_close', 'manual__2026-03-17T07:42:39+00:00', '--job-id', '1998', '--raw', '--subdir', 'DAGS_FOLDER/get_finance_yf_csv.py', '--cfg-path', '/tmp/tmpboo_eweo']
[2026-03-17T07:43:11.584+0000] {standard_task_runner.py:105} INFO - Job 1998: Subtask olhc_branching.get_csv_close
[2026-03-17T07:43:11.809+0000] {task_command.py:467} INFO - Running <TaskInstance: dag_get_data_from_yf.olhc_branching.get_csv_close manual__2026-03-17T07:42:39+00:00 [running]> on host e9ef5a9cb8d3
[2026-03-17T07:43:12.204+0000] {taskinstance.py:3157} INFO - Exporting env vars: AIRFLOW_CTX_DAG_OWNER='***' AIRFLOW_CTX_DAG_ID='dag_get_data_from_yf' AIRFLOW_CTX_TASK_ID='olhc_branching.get_csv_close' AIRFLOW_CTX_EXECUTION_DATE='2026-03-17T07:42:39+00:00' AIRFLOW_CTX_TRY_NUMBER='1' AIRFLOW_CTX_DAG_RUN_ID='manual__2026-03-17T07:42:39+00:00'
[2026-03-17T07:43:12.212+0000] {logging_mixin.py:190} INFO - Task instance is in running state
[2026-03-17T07:43:12.212+0000] {logging_mixin.py:190} INFO -  Previous state of the Task instance: queued
[2026-03-17T07:43:12.213+0000] {logging_mixin.py:190} INFO - Current task name:olhc_branching.get_csv_close state:running start_date:2026-03-17 07:43:11.439695+00:00
[2026-03-17T07:43:12.214+0000] {logging_mixin.py:190} INFO - Dag name:dag_get_data_from_yf and current dag run status:running
[2026-03-17T07:43:12.215+0000] {taskinstance.py:740} INFO - ::endgroup::
[2026-03-17T07:43:12.243+0000] {logging_mixin.py:190} INFO - Data saved to /opt/***/scripts/saham_indonesia_close.csv
[2026-03-17T07:43:12.244+0000] {python.py:240} INFO - Done. Returned value was: /opt/***/scripts/saham_indonesia_close.csv
[2026-03-17T07:43:12.425+0000] {taskinstance.py:349} INFO - ::group::Post task execution logs
[2026-03-17T07:43:12.426+0000] {taskinstance.py:361} INFO - Marking task as SUCCESS. dag_id=dag_get_data_from_yf, task_id=olhc_branching.get_csv_close, run_id=manual__2026-03-17T07:42:39+00:00, execution_date=20260317T074239, start_date=20260317T074311, end_date=20260317T074312
[2026-03-17T07:43:12.591+0000] {logging_mixin.py:190} INFO - Task instance in success state
[2026-03-17T07:43:12.593+0000] {logging_mixin.py:190} INFO -  Previous state of the Task instance: running
[2026-03-17T07:43:12.594+0000] {logging_mixin.py:190} INFO - Dag name:dag_get_data_from_yf queued_at:2026-03-17 07:42:47.374894+00:00
[2026-03-17T07:43:12.595+0000] {logging_mixin.py:190} INFO - Task hostname:e9ef5a9cb8d3 operator:_PythonDecoratedOperator
[2026-03-17T07:43:12.634+0000] {local_task_job_runner.py:266} INFO - Task exited with return code 0
[2026-03-17T07:43:12.722+0000] {local_task_job_runner.py:245} INFO - ::endgroup::
