[2026-03-24T02:57:57.416+0000] {local_task_job_runner.py:123} INFO - ::group::Pre task execution logs
[2026-03-24T02:57:57.646+0000] {taskinstance.py:2631} INFO - Dependencies all met for dep_context=non-requeueable deps ti=<TaskInstance: dag_get_data_from_yf.insert_data_task manual__2026-03-24T02:56:29+00:00 map_index=12 [queued]>
[2026-03-24T02:57:57.730+0000] {taskinstance.py:2631} INFO - Dependencies all met for dep_context=requeueable deps ti=<TaskInstance: dag_get_data_from_yf.insert_data_task manual__2026-03-24T02:56:29+00:00 map_index=12 [queued]>
[2026-03-24T02:57:57.752+0000] {taskinstance.py:2884} INFO - Starting attempt 1 of 1
[2026-03-24T02:57:57.970+0000] {taskinstance.py:2907} INFO - Executing <Mapped(SQLExecuteQueryOperator): insert_data_task> on 2026-03-24 02:56:29+00:00
[2026-03-24T02:57:58.018+0000] {warnings.py:112} WARNING - /home/***/.local/lib/python3.12/site-packages/***/task/task_runner/standard_task_runner.py:70: DeprecationWarning: This process (pid=280) is multi-threaded, use of fork() may lead to deadlocks in the child.
  pid = os.fork()

[2026-03-24T02:57:58.031+0000] {standard_task_runner.py:72} INFO - Started process 328 to run task
[2026-03-24T02:57:58.068+0000] {standard_task_runner.py:104} INFO - Running: ['***', 'tasks', 'run', 'dag_get_data_from_yf', 'insert_data_task', 'manual__2026-03-24T02:56:29+00:00', '--job-id', '2519', '--raw', '--subdir', 'DAGS_FOLDER/get_finance_yf_csv.py', '--cfg-path', '/tmp/tmp3im88v2j', '--map-index', '12']
[2026-03-24T02:57:58.072+0000] {standard_task_runner.py:105} INFO - Job 2519: Subtask insert_data_task
[2026-03-24T02:57:58.311+0000] {task_command.py:467} INFO - Running <TaskInstance: dag_get_data_from_yf.insert_data_task manual__2026-03-24T02:56:29+00:00 map_index=12 [running]> on host 23db597e10a6
[2026-03-24T02:57:58.639+0000] {taskinstance.py:3157} INFO - Exporting env vars: AIRFLOW_CTX_DAG_OWNER='***' AIRFLOW_CTX_DAG_ID='dag_get_data_from_yf' AIRFLOW_CTX_TASK_ID='insert_data_task' AIRFLOW_CTX_EXECUTION_DATE='2026-03-24T02:56:29+00:00' AIRFLOW_CTX_TRY_NUMBER='1' AIRFLOW_CTX_DAG_RUN_ID='manual__2026-03-24T02:56:29+00:00'
[2026-03-24T02:57:58.642+0000] {logging_mixin.py:190} INFO - Task instance is in running state
[2026-03-24T02:57:58.643+0000] {logging_mixin.py:190} INFO -  Previous state of the Task instance: queued
[2026-03-24T02:57:58.643+0000] {logging_mixin.py:190} INFO - Current task name:insert_data_task state:running start_date:2026-03-24 02:57:57.646775+00:00
[2026-03-24T02:57:58.644+0000] {logging_mixin.py:190} INFO - Dag name:dag_get_data_from_yf and current dag run status:running
[2026-03-24T02:57:58.644+0000] {taskinstance.py:740} INFO - ::endgroup::
[2026-03-24T02:57:58.645+0000] {sql.py:392} INFO - Executing:  INSERT INTO indonesian_stocks (date, ticker, close, high, low, open, inserted_at_timestamp_wib) 
                VALUES ('2026-03-06', 'BBCA.JK', '7000.0', '7100.0', '7000.0', '7075.0', '2026-03-24 09:56:45' )
                ON CONFLICT (date, ticker) DO NOTHING; 
[2026-03-24T02:57:58.648+0000] {crypto.py:82} WARNING - empty cryptography key - values will not be stored encrypted.
[2026-03-24T02:57:58.649+0000] {base.py:84} INFO - Retrieving connection 'db_custom'
[2026-03-24T02:57:58.662+0000] {base.py:84} INFO - Retrieving connection 'db_custom'
[2026-03-24T02:57:58.682+0000] {sql.py:829} INFO - Running statement:  INSERT INTO indonesian_stocks (date, ticker, close, high, low, open, inserted_at_timestamp_wib) 
                VALUES ('2026-03-06', 'BBCA.JK', '7000.0', '7100.0', '7000.0', '7075.0', '2026-03-24 09:56:45' )
                ON CONFLICT (date, ticker) DO NOTHING; , parameters: None
[2026-03-24T02:57:58.685+0000] {sql.py:841} INFO - Rows affected: 1
[2026-03-24T02:57:58.736+0000] {taskinstance.py:349} INFO - ::group::Post task execution logs
[2026-03-24T02:57:58.738+0000] {taskinstance.py:361} INFO - Marking task as SUCCESS. dag_id=dag_get_data_from_yf, task_id=insert_data_task, run_id=manual__2026-03-24T02:56:29+00:00, map_index=12, execution_date=20260324T025629, start_date=20260324T025757, end_date=20260324T025758
[2026-03-24T02:57:58.850+0000] {logging_mixin.py:190} INFO - Task instance in success state
[2026-03-24T02:57:58.850+0000] {logging_mixin.py:190} INFO -  Previous state of the Task instance: running
[2026-03-24T02:57:58.851+0000] {logging_mixin.py:190} INFO - Dag name:dag_get_data_from_yf queued_at:2026-03-24 02:56:36.455833+00:00
[2026-03-24T02:57:58.851+0000] {logging_mixin.py:190} INFO - Task hostname:23db597e10a6 operator:SQLExecuteQueryOperator
[2026-03-24T02:57:58.876+0000] {local_task_job_runner.py:266} INFO - Task exited with return code 0
[2026-03-24T02:57:58.954+0000] {taskinstance.py:3924} INFO - 1 downstream tasks scheduled from follow-on schedule check
[2026-03-24T02:57:58.959+0000] {local_task_job_runner.py:245} INFO - ::endgroup::
