[2026-03-12T08:58:08.829+0000] {local_task_job_runner.py:123} INFO - ::group::Pre task execution logs
[2026-03-12T08:58:08.864+0000] {taskinstance.py:2631} INFO - Dependencies all met for dep_context=non-requeueable deps ti=<TaskInstance: execute_shell_script.execute_script_second scheduled__2026-03-12T08:57:00+00:00 [queued]>
[2026-03-12T08:58:08.874+0000] {taskinstance.py:2631} INFO - Dependencies all met for dep_context=requeueable deps ti=<TaskInstance: execute_shell_script.execute_script_second scheduled__2026-03-12T08:57:00+00:00 [queued]>
[2026-03-12T08:58:08.874+0000] {taskinstance.py:2884} INFO - Starting attempt 1 of 1
[2026-03-12T08:58:08.889+0000] {taskinstance.py:2907} INFO - Executing <Task(BashOperator): execute_script_second> on 2026-03-12 08:57:00+00:00
[2026-03-12T08:58:08.900+0000] {warnings.py:112} WARNING - /home/***/.local/lib/python3.12/site-packages/***/task/task_runner/standard_task_runner.py:70: DeprecationWarning: This process (pid=6087) is multi-threaded, use of fork() may lead to deadlocks in the child.
  pid = os.fork()

[2026-03-12T08:58:08.903+0000] {standard_task_runner.py:72} INFO - Started process 6089 to run task
[2026-03-12T08:58:08.903+0000] {standard_task_runner.py:104} INFO - Running: ['***', 'tasks', 'run', 'execute_shell_script', 'execute_script_second', 'scheduled__2026-03-12T08:57:00+00:00', '--job-id', '12245', '--raw', '--subdir', 'DAGS_FOLDER/executeShellScript.py', '--cfg-path', '/tmp/tmppz5lnnjy']
[2026-03-12T08:58:08.905+0000] {standard_task_runner.py:105} INFO - Job 12245: Subtask execute_script_second
[2026-03-12T08:58:08.989+0000] {task_command.py:467} INFO - Running <TaskInstance: execute_shell_script.execute_script_second scheduled__2026-03-12T08:57:00+00:00 [running]> on host 80e0d0cbfa54
[2026-03-12T08:58:09.116+0000] {taskinstance.py:3157} INFO - Exporting env vars: AIRFLOW_CTX_DAG_OWNER='***' AIRFLOW_CTX_DAG_ID='execute_shell_script' AIRFLOW_CTX_TASK_ID='execute_script_second' AIRFLOW_CTX_EXECUTION_DATE='2026-03-12T08:57:00+00:00' AIRFLOW_CTX_TRY_NUMBER='1' AIRFLOW_CTX_DAG_RUN_ID='scheduled__2026-03-12T08:57:00+00:00'
[2026-03-12T08:58:09.118+0000] {logging_mixin.py:190} INFO - Task instance is in running state
[2026-03-12T08:58:09.118+0000] {logging_mixin.py:190} INFO -  Previous state of the Task instance: queued
[2026-03-12T08:58:09.118+0000] {logging_mixin.py:190} INFO - Current task name:execute_script_second state:running start_date:2026-03-12 08:58:08.865361+00:00
[2026-03-12T08:58:09.119+0000] {logging_mixin.py:190} INFO - Dag name:execute_shell_script and current dag run status:running
[2026-03-12T08:58:09.119+0000] {taskinstance.py:740} INFO - ::endgroup::
[2026-03-12T08:58:09.120+0000] {subprocess.py:78} INFO - Tmp dir root location: /tmp
[2026-03-12T08:58:09.121+0000] {subprocess.py:88} INFO - Running command: ['/usr/bin/bash', '-c', 'sh /opt/***/scripts/SampleShellScript.sh /opt/***/scripts/task_output2.txt']
[2026-03-12T08:58:09.142+0000] {subprocess.py:99} INFO - Output:
[2026-03-12T08:58:09.146+0000] {subprocess.py:106} INFO - File '/opt/***/scripts/task_output2.txt' dibuat dengan sample text.
[2026-03-12T08:58:09.147+0000] {subprocess.py:110} INFO - Command exited with return code 0
[2026-03-12T08:58:09.479+0000] {taskinstance.py:349} INFO - ::group::Post task execution logs
[2026-03-12T08:58:09.480+0000] {taskinstance.py:361} INFO - Marking task as SUCCESS. dag_id=execute_shell_script, task_id=execute_script_second, run_id=scheduled__2026-03-12T08:57:00+00:00, execution_date=20260312T085700, start_date=20260312T085808, end_date=20260312T085809
[2026-03-12T08:58:09.527+0000] {logging_mixin.py:190} INFO - Task instance in success state
[2026-03-12T08:58:09.528+0000] {logging_mixin.py:190} INFO -  Previous state of the Task instance: running
[2026-03-12T08:58:09.529+0000] {logging_mixin.py:190} INFO - Dag name:execute_shell_script queued_at:2026-03-12 08:58:00.974431+00:00
[2026-03-12T08:58:09.529+0000] {logging_mixin.py:190} INFO - Task hostname:80e0d0cbfa54 operator:BashOperator
[2026-03-12T08:58:09.550+0000] {local_task_job_runner.py:266} INFO - Task exited with return code 0
[2026-03-12T08:58:09.580+0000] {taskinstance.py:3924} INFO - 0 downstream tasks scheduled from follow-on schedule check
[2026-03-12T08:58:09.583+0000] {local_task_job_runner.py:245} INFO - ::endgroup::
