[2026-03-25T07:29:06.905+0000] {local_task_job_runner.py:123} INFO - ::group::Pre task execution logs
[2026-03-25T07:29:07.023+0000] {taskinstance.py:2631} INFO - Dependencies all met for dep_context=non-requeueable deps ti=<TaskInstance: dag_get_data_from_yf.insert_data_task manual__2026-03-25T07:25:58+00:00 map_index=16 [queued]>
[2026-03-25T07:29:07.060+0000] {taskinstance.py:2631} INFO - Dependencies all met for dep_context=requeueable deps ti=<TaskInstance: dag_get_data_from_yf.insert_data_task manual__2026-03-25T07:25:58+00:00 map_index=16 [queued]>
[2026-03-25T07:29:07.061+0000] {taskinstance.py:2884} INFO - Starting attempt 1 of 1
[2026-03-25T07:29:07.090+0000] {taskinstance.py:2907} INFO - Executing <Mapped(SQLExecuteQueryOperator): insert_data_task> on 2026-03-25 07:25:58+00:00
[2026-03-25T07:29:07.109+0000] {warnings.py:112} WARNING - /home/***/.local/lib/python3.12/site-packages/***/task/task_runner/standard_task_runner.py:70: DeprecationWarning: This process (pid=416) is multi-threaded, use of fork() may lead to deadlocks in the child.
  pid = os.fork()

[2026-03-25T07:29:07.113+0000] {standard_task_runner.py:72} INFO - Started process 448 to run task
[2026-03-25T07:29:07.116+0000] {standard_task_runner.py:104} INFO - Running: ['***', 'tasks', 'run', 'dag_get_data_from_yf', 'insert_data_task', 'manual__2026-03-25T07:25:58+00:00', '--job-id', '2912', '--raw', '--subdir', 'DAGS_FOLDER/get_finance_yf_csv.py', '--cfg-path', '/tmp/tmp1lv8jx1w', '--map-index', '16']
[2026-03-25T07:29:07.118+0000] {standard_task_runner.py:105} INFO - Job 2912: Subtask insert_data_task
[2026-03-25T07:29:07.252+0000] {task_command.py:467} INFO - Running <TaskInstance: dag_get_data_from_yf.insert_data_task manual__2026-03-25T07:25:58+00:00 map_index=16 [running]> on host dc21c86d4397
[2026-03-25T07:29:07.500+0000] {taskinstance.py:3157} INFO - Exporting env vars: AIRFLOW_CTX_DAG_OWNER='***' AIRFLOW_CTX_DAG_ID='dag_get_data_from_yf' AIRFLOW_CTX_TASK_ID='insert_data_task' AIRFLOW_CTX_EXECUTION_DATE='2026-03-25T07:25:58+00:00' AIRFLOW_CTX_TRY_NUMBER='1' AIRFLOW_CTX_DAG_RUN_ID='manual__2026-03-25T07:25:58+00:00'
[2026-03-25T07:29:07.502+0000] {logging_mixin.py:190} INFO - Task instance is in running state
[2026-03-25T07:29:07.503+0000] {logging_mixin.py:190} INFO -  Previous state of the Task instance: queued
[2026-03-25T07:29:07.504+0000] {logging_mixin.py:190} INFO - Current task name:insert_data_task state:running start_date:2026-03-25 07:29:07.024649+00:00
[2026-03-25T07:29:07.504+0000] {logging_mixin.py:190} INFO - Dag name:dag_get_data_from_yf and current dag run status:running
[2026-03-25T07:29:07.504+0000] {taskinstance.py:740} INFO - ::endgroup::
[2026-03-25T07:29:07.505+0000] {sql.py:410} INFO - Executing:  INSERT INTO indonesian_stocks (date, ticker, close, high, low, open, inserted_at_timestamp_wib) 
                VALUES ('2026-03-06', 'BBRI.JK', '3670.0', '3750.0', '3670.0', '3750.0', '2026-03-25 14:26:12' )
                ON CONFLICT (date, ticker) DO NOTHING; 
[2026-03-25T07:29:07.507+0000] {crypto.py:82} WARNING - empty cryptography key - values will not be stored encrypted.
[2026-03-25T07:29:07.508+0000] {base.py:84} INFO - Retrieving connection 'db_custom'
[2026-03-25T07:29:07.520+0000] {base.py:84} INFO - Retrieving connection 'db_custom'
[2026-03-25T07:29:07.540+0000] {sql.py:861} INFO - Running statement:  INSERT INTO indonesian_stocks (date, ticker, close, high, low, open, inserted_at_timestamp_wib) 
                VALUES ('2026-03-06', 'BBRI.JK', '3670.0', '3750.0', '3670.0', '3750.0', '2026-03-25 14:26:12' )
                ON CONFLICT (date, ticker) DO NOTHING; , parameters: None
[2026-03-25T07:29:07.549+0000] {sql.py:879} INFO - Rows affected: 1
[2026-03-25T07:29:07.582+0000] {taskinstance.py:349} INFO - ::group::Post task execution logs
[2026-03-25T07:29:07.582+0000] {taskinstance.py:361} INFO - Marking task as SUCCESS. dag_id=dag_get_data_from_yf, task_id=insert_data_task, run_id=manual__2026-03-25T07:25:58+00:00, map_index=16, execution_date=20260325T072558, start_date=20260325T072907, end_date=20260325T072907
[2026-03-25T07:29:07.647+0000] {logging_mixin.py:190} INFO - Task instance in success state
[2026-03-25T07:29:07.648+0000] {logging_mixin.py:190} INFO -  Previous state of the Task instance: running
[2026-03-25T07:29:07.649+0000] {logging_mixin.py:190} INFO - Dag name:dag_get_data_from_yf queued_at:2026-03-25 07:26:04.249967+00:00
[2026-03-25T07:29:07.649+0000] {logging_mixin.py:190} INFO - Task hostname:dc21c86d4397 operator:SQLExecuteQueryOperator
[2026-03-25T07:29:07.674+0000] {local_task_job_runner.py:266} INFO - Task exited with return code 0
[2026-03-25T07:29:07.719+0000] {taskinstance.py:3924} INFO - 0 downstream tasks scheduled from follow-on schedule check
[2026-03-25T07:29:07.722+0000] {local_task_job_runner.py:245} INFO - ::endgroup::
