[2026-03-06T03:34:17.366+0000] {local_task_job_runner.py:123} INFO - ::group::Pre task execution logs
[2026-03-06T03:34:17.414+0000] {taskinstance.py:2631} INFO - Dependencies all met for dep_context=non-requeueable deps ti=<TaskInstance: dag_get_data_from_yf.convert_data_to_csv scheduled__2026-03-06T03:33:00+00:00 [queued]>
[2026-03-06T03:34:17.428+0000] {taskinstance.py:2631} INFO - Dependencies all met for dep_context=requeueable deps ti=<TaskInstance: dag_get_data_from_yf.convert_data_to_csv scheduled__2026-03-06T03:33:00+00:00 [queued]>
[2026-03-06T03:34:17.429+0000] {taskinstance.py:2884} INFO - Starting attempt 1 of 1
[2026-03-06T03:34:17.447+0000] {taskinstance.py:2907} INFO - Executing <Task(_PythonDecoratedOperator): convert_data_to_csv> on 2026-03-06 03:33:00+00:00
[2026-03-06T03:34:17.459+0000] {warnings.py:112} WARNING - /home/***/.local/lib/python3.12/site-packages/***/task/task_runner/standard_task_runner.py:70: DeprecationWarning: This process (pid=882) is multi-threaded, use of fork() may lead to deadlocks in the child.
  pid = os.fork()

[2026-03-06T03:34:17.462+0000] {standard_task_runner.py:72} INFO - Started process 887 to run task
[2026-03-06T03:34:17.464+0000] {standard_task_runner.py:104} INFO - Running: ['***', 'tasks', 'run', 'dag_get_data_from_yf', 'convert_data_to_csv', 'scheduled__2026-03-06T03:33:00+00:00', '--job-id', '1566', '--raw', '--subdir', 'DAGS_FOLDER/get_finance_yf_csv.py', '--cfg-path', '/tmp/tmpwbwgi6pr']
[2026-03-06T03:34:17.465+0000] {standard_task_runner.py:105} INFO - Job 1566: Subtask convert_data_to_csv
[2026-03-06T03:34:17.554+0000] {task_command.py:467} INFO - Running <TaskInstance: dag_get_data_from_yf.convert_data_to_csv scheduled__2026-03-06T03:33:00+00:00 [running]> on host b6e8b48f93dc
[2026-03-06T03:34:17.804+0000] {taskinstance.py:3157} INFO - Exporting env vars: AIRFLOW_CTX_DAG_OWNER='***' AIRFLOW_CTX_DAG_ID='dag_get_data_from_yf' AIRFLOW_CTX_TASK_ID='convert_data_to_csv' AIRFLOW_CTX_EXECUTION_DATE='2026-03-06T03:33:00+00:00' AIRFLOW_CTX_TRY_NUMBER='1' AIRFLOW_CTX_DAG_RUN_ID='scheduled__2026-03-06T03:33:00+00:00'
[2026-03-06T03:34:17.806+0000] {logging_mixin.py:190} INFO - Task instance is in running state
[2026-03-06T03:34:17.806+0000] {logging_mixin.py:190} INFO -  Previous state of the Task instance: queued
[2026-03-06T03:34:17.807+0000] {logging_mixin.py:190} INFO - Current task name:convert_data_to_csv state:running start_date:2026-03-06 03:34:17.415134+00:00
[2026-03-06T03:34:17.807+0000] {logging_mixin.py:190} INFO - Dag name:dag_get_data_from_yf and current dag run status:running
[2026-03-06T03:34:17.808+0000] {taskinstance.py:740} INFO - ::endgroup::
[2026-03-06T03:34:17.817+0000] {python.py:240} INFO - Done. Returned value was: None
[2026-03-06T03:34:17.841+0000] {taskinstance.py:349} INFO - ::group::Post task execution logs
[2026-03-06T03:34:17.842+0000] {taskinstance.py:361} INFO - Marking task as SUCCESS. dag_id=dag_get_data_from_yf, task_id=convert_data_to_csv, run_id=scheduled__2026-03-06T03:33:00+00:00, execution_date=20260306T033300, start_date=20260306T033417, end_date=20260306T033417
[2026-03-06T03:34:17.894+0000] {logging_mixin.py:190} INFO - Task instance in success state
[2026-03-06T03:34:17.894+0000] {logging_mixin.py:190} INFO -  Previous state of the Task instance: running
[2026-03-06T03:34:17.895+0000] {logging_mixin.py:190} INFO - Dag name:dag_get_data_from_yf queued_at:2026-03-06 03:34:00.544443+00:00
[2026-03-06T03:34:17.895+0000] {logging_mixin.py:190} INFO - Task hostname:b6e8b48f93dc operator:_PythonDecoratedOperator
[2026-03-06T03:34:17.913+0000] {local_task_job_runner.py:266} INFO - Task exited with return code 0
[2026-03-06T03:34:17.949+0000] {taskinstance.py:3924} INFO - 0 downstream tasks scheduled from follow-on schedule check
[2026-03-06T03:34:17.953+0000] {local_task_job_runner.py:245} INFO - ::endgroup::
