[2026-03-13T02:02:16.189+0000] {local_task_job_runner.py:123} INFO - ::group::Pre task execution logs
[2026-03-13T02:02:16.250+0000] {taskinstance.py:2631} INFO - Dependencies all met for dep_context=non-requeueable deps ti=<TaskInstance: dag_get_data_from_yf.get_data_from_yf scheduled__2026-03-12T06:58:00+00:00 [queued]>
[2026-03-13T02:02:16.269+0000] {taskinstance.py:2631} INFO - Dependencies all met for dep_context=requeueable deps ti=<TaskInstance: dag_get_data_from_yf.get_data_from_yf scheduled__2026-03-12T06:58:00+00:00 [queued]>
[2026-03-13T02:02:16.270+0000] {taskinstance.py:2884} INFO - Starting attempt 3 of 3
[2026-03-13T02:02:16.309+0000] {taskinstance.py:2907} INFO - Executing <Task(_PythonDecoratedOperator): get_data_from_yf> on 2026-03-12 06:58:00+00:00
[2026-03-13T02:02:16.326+0000] {warnings.py:112} WARNING - /home/***/.local/lib/python3.12/site-packages/***/task/task_runner/standard_task_runner.py:70: DeprecationWarning: This process (pid=612) is multi-threaded, use of fork() may lead to deadlocks in the child.
  pid = os.fork()

[2026-03-13T02:02:16.329+0000] {standard_task_runner.py:72} INFO - Started process 654 to run task
[2026-03-13T02:02:16.340+0000] {standard_task_runner.py:104} INFO - Running: ['***', 'tasks', 'run', 'dag_get_data_from_yf', 'get_data_from_yf', 'scheduled__2026-03-12T06:58:00+00:00', '--job-id', '12774', '--raw', '--subdir', 'DAGS_FOLDER/get_finance_yf_csv.py', '--cfg-path', '/tmp/tmp_scwc2oz']
[2026-03-13T02:02:16.342+0000] {standard_task_runner.py:105} INFO - Job 12774: Subtask get_data_from_yf
[2026-03-13T02:02:16.487+0000] {task_command.py:467} INFO - Running <TaskInstance: dag_get_data_from_yf.get_data_from_yf scheduled__2026-03-12T06:58:00+00:00 [running]> on host da0261867cfd
[2026-03-13T02:02:16.774+0000] {taskinstance.py:3157} INFO - Exporting env vars: AIRFLOW_CTX_DAG_OWNER='***' AIRFLOW_CTX_DAG_ID='dag_get_data_from_yf' AIRFLOW_CTX_TASK_ID='get_data_from_yf' AIRFLOW_CTX_EXECUTION_DATE='2026-03-12T06:58:00+00:00' AIRFLOW_CTX_TRY_NUMBER='3' AIRFLOW_CTX_DAG_RUN_ID='scheduled__2026-03-12T06:58:00+00:00'
[2026-03-13T02:02:16.795+0000] {logging_mixin.py:190} INFO - Task instance is in running state
[2026-03-13T02:02:16.796+0000] {logging_mixin.py:190} INFO -  Previous state of the Task instance: queued
[2026-03-13T02:02:16.797+0000] {logging_mixin.py:190} INFO - Current task name:get_data_from_yf state:running start_date:2026-03-13 02:02:16.250960+00:00
[2026-03-13T02:02:16.798+0000] {logging_mixin.py:190} INFO - Dag name:dag_get_data_from_yf and current dag run status:running
[2026-03-13T02:02:16.798+0000] {taskinstance.py:740} INFO - ::endgroup::
[2026-03-13T02:02:16.800+0000] {logging_mixin.py:190} INFO - Ini tickers user: None
[2026-03-13T02:02:16.801+0000] {logging_mixin.py:190} INFO - Ini start date user: None
[2026-03-13T02:02:16.801+0000] {logging_mixin.py:190} INFO - Ini end date user: None
[2026-03-13T02:02:17.891+0000] {logging_mixin.py:190} WARNING - [                       0%                       ]
[2026-03-13T02:02:18.853+0000] {logging_mixin.py:190} WARNING - [**********************67%*******                ]  2 of 3 completed
[2026-03-13T02:02:18.862+0000] {logging_mixin.py:190} WARNING - [*********************100%***********************]  3 of 3 completed
[2026-03-13T02:02:18.917+0000] {logging_mixin.py:190} INFO - None
[2026-03-13T02:02:18.918+0000] {python.py:240} INFO - Done. Returned value was: Price             Close               ...         Open             
Ticker          BBCA.JK      BBRI.JK  ...      BBRI.JK      BMRI.JK
Date                                  ...                          
2025-03-13  8649.909180  3461.428223  ...  3607.172569  4399.560788
2025-03-14  8433.058594  3415.883057  ...  3415.883057  4132.380983
2025-03-17  8288.492188  3488.755127  ...  3443.210021  4221.440843
2025-03-18  7999.358398  3352.119873  ...  3497.864215  4168.004941
2025-03-19  8023.452637  3379.447021  ...  3379.447021  4034.414983
...                 ...          ...  ...          ...          ...
2026-03-06  7000.000000  3670.000000  ...  3750.000000  5075.000000
2026-03-09  6875.000000  3570.000000  ...  3590.000000  4800.000000
2026-03-10  6975.000000  3560.000000  ...  3600.000000  4920.000000
2026-03-11  6825.000000  3580.000000  ...  3580.000000  4930.000000
2026-03-12  6900.000000  3570.000000  ...  3580.000000  4870.000000

[236 rows x 12 columns]
[2026-03-13T02:02:19.323+0000] {taskinstance.py:349} INFO - ::group::Post task execution logs
[2026-03-13T02:02:19.324+0000] {taskinstance.py:361} INFO - Marking task as SUCCESS. dag_id=dag_get_data_from_yf, task_id=get_data_from_yf, run_id=scheduled__2026-03-12T06:58:00+00:00, execution_date=20260312T065800, start_date=20260313T020216, end_date=20260313T020219
[2026-03-13T02:02:19.513+0000] {logging_mixin.py:190} INFO - Task instance in success state
[2026-03-13T02:02:19.514+0000] {logging_mixin.py:190} INFO -  Previous state of the Task instance: running
[2026-03-13T02:02:19.525+0000] {logging_mixin.py:190} INFO - Dag name:dag_get_data_from_yf queued_at:2026-03-13 02:01:58.764970+00:00
[2026-03-13T02:02:19.535+0000] {logging_mixin.py:190} INFO - Task hostname:da0261867cfd operator:_PythonDecoratedOperator
[2026-03-13T02:02:19.576+0000] {local_task_job_runner.py:266} INFO - Task exited with return code 0
[2026-03-13T02:02:19.730+0000] {taskinstance.py:3924} INFO - 4 downstream tasks scheduled from follow-on schedule check
[2026-03-13T02:02:19.744+0000] {local_task_job_runner.py:245} INFO - ::endgroup::
