[2026-03-25T04:16:13.530+0000] {local_task_job_runner.py:123} INFO - ::group::Pre task execution logs
[2026-03-25T04:16:13.799+0000] {taskinstance.py:2631} INFO - Dependencies all met for dep_context=non-requeueable deps ti=<TaskInstance: dag_get_data_from_yf.insert_data_task manual__2026-03-25T04:14:11+00:00 map_index=2 [queued]>
[2026-03-25T04:16:14.038+0000] {taskinstance.py:2631} INFO - Dependencies all met for dep_context=requeueable deps ti=<TaskInstance: dag_get_data_from_yf.insert_data_task manual__2026-03-25T04:14:11+00:00 map_index=2 [queued]>
[2026-03-25T04:16:14.039+0000] {taskinstance.py:2884} INFO - Starting attempt 1 of 1
[2026-03-25T04:16:14.248+0000] {taskinstance.py:2907} INFO - Executing <Mapped(SQLExecuteQueryOperator): insert_data_task> on 2026-03-25 04:14:11+00:00
[2026-03-25T04:16:14.333+0000] {warnings.py:112} WARNING - /home/***/.local/lib/python3.12/site-packages/***/task/task_runner/standard_task_runner.py:70: DeprecationWarning: This process (pid=307) is multi-threaded, use of fork() may lead to deadlocks in the child.
  pid = os.fork()

[2026-03-25T04:16:14.352+0000] {standard_task_runner.py:72} INFO - Started process 355 to run task
[2026-03-25T04:16:14.362+0000] {standard_task_runner.py:104} INFO - Running: ['***', 'tasks', 'run', 'dag_get_data_from_yf', 'insert_data_task', 'manual__2026-03-25T04:14:11+00:00', '--job-id', '2763', '--raw', '--subdir', 'DAGS_FOLDER/get_finance_yf_csv.py', '--cfg-path', '/tmp/tmpjp7jyeur', '--map-index', '2']
[2026-03-25T04:16:14.365+0000] {standard_task_runner.py:105} INFO - Job 2763: Subtask insert_data_task
[2026-03-25T04:16:14.876+0000] {task_command.py:467} INFO - Running <TaskInstance: dag_get_data_from_yf.insert_data_task manual__2026-03-25T04:14:11+00:00 map_index=2 [running]> on host 709f8f45e3d8
[2026-03-25T04:16:16.395+0000] {taskinstance.py:3157} INFO - Exporting env vars: AIRFLOW_CTX_DAG_OWNER='***' AIRFLOW_CTX_DAG_ID='dag_get_data_from_yf' AIRFLOW_CTX_TASK_ID='insert_data_task' AIRFLOW_CTX_EXECUTION_DATE='2026-03-25T04:14:11+00:00' AIRFLOW_CTX_TRY_NUMBER='1' AIRFLOW_CTX_DAG_RUN_ID='manual__2026-03-25T04:14:11+00:00'
[2026-03-25T04:16:16.411+0000] {logging_mixin.py:190} INFO - Task instance is in running state
[2026-03-25T04:16:16.418+0000] {logging_mixin.py:190} INFO -  Previous state of the Task instance: queued
[2026-03-25T04:16:16.426+0000] {logging_mixin.py:190} INFO - Current task name:insert_data_task state:running start_date:2026-03-25 04:16:13.800436+00:00
[2026-03-25T04:16:16.435+0000] {logging_mixin.py:190} INFO - Dag name:dag_get_data_from_yf and current dag run status:running
[2026-03-25T04:16:16.462+0000] {taskinstance.py:740} INFO - ::endgroup::
[2026-03-25T04:16:16.464+0000] {sql.py:410} INFO - Executing:  INSERT INTO indonesian_stocks (date, ticker, close, high, low, open, inserted_at_timestamp_wib) 
                VALUES ('2026-03-25', 'BMRI.JK', '4800.0', '4830.0', '4650.0', '4650.0', '2026-03-25 11:12:18' )
                ON CONFLICT (date, ticker) DO NOTHING; 
[2026-03-25T04:16:16.466+0000] {crypto.py:82} WARNING - empty cryptography key - values will not be stored encrypted.
[2026-03-25T04:16:16.467+0000] {base.py:84} INFO - Retrieving connection 'db_custom'
[2026-03-25T04:16:16.515+0000] {base.py:84} INFO - Retrieving connection 'db_custom'
[2026-03-25T04:16:16.537+0000] {sql.py:861} INFO - Running statement:  INSERT INTO indonesian_stocks (date, ticker, close, high, low, open, inserted_at_timestamp_wib) 
                VALUES ('2026-03-25', 'BMRI.JK', '4800.0', '4830.0', '4650.0', '4650.0', '2026-03-25 11:12:18' )
                ON CONFLICT (date, ticker) DO NOTHING; , parameters: None
[2026-03-25T04:16:16.547+0000] {sql.py:879} INFO - Rows affected: 0
[2026-03-25T04:16:16.590+0000] {taskinstance.py:349} INFO - ::group::Post task execution logs
[2026-03-25T04:16:16.591+0000] {taskinstance.py:361} INFO - Marking task as SUCCESS. dag_id=dag_get_data_from_yf, task_id=insert_data_task, run_id=manual__2026-03-25T04:14:11+00:00, map_index=2, execution_date=20260325T041411, start_date=20260325T041613, end_date=20260325T041616
[2026-03-25T04:16:16.719+0000] {logging_mixin.py:190} INFO - Task instance in success state
[2026-03-25T04:16:16.720+0000] {logging_mixin.py:190} INFO -  Previous state of the Task instance: running
[2026-03-25T04:16:16.726+0000] {logging_mixin.py:190} INFO - Dag name:dag_get_data_from_yf queued_at:2026-03-25 04:14:18.584383+00:00
[2026-03-25T04:16:16.726+0000] {logging_mixin.py:190} INFO - Task hostname:709f8f45e3d8 operator:SQLExecuteQueryOperator
[2026-03-25T04:16:16.795+0000] {local_task_job_runner.py:266} INFO - Task exited with return code 0
[2026-03-25T04:16:16.838+0000] {local_task_job_runner.py:245} INFO - ::endgroup::
