[2026-03-11T15:16:17.467+0000] {local_task_job_runner.py:123} INFO - ::group::Pre task execution logs
[2026-03-11T15:16:17.510+0000] {taskinstance.py:2631} INFO - Dependencies all met for dep_context=non-requeueable deps ti=<TaskInstance: dag_get_data_from_yf.trigger_load_data_dag manual__2026-03-11T15:15:25+00:00 [queued]>
[2026-03-11T15:16:17.525+0000] {taskinstance.py:2631} INFO - Dependencies all met for dep_context=requeueable deps ti=<TaskInstance: dag_get_data_from_yf.trigger_load_data_dag manual__2026-03-11T15:15:25+00:00 [queued]>
[2026-03-11T15:16:17.526+0000] {taskinstance.py:2884} INFO - Starting attempt 1 of 1
[2026-03-11T15:16:17.551+0000] {taskinstance.py:2907} INFO - Executing <Task(TriggerDagRunOperator): trigger_load_data_dag> on 2026-03-11 15:15:25+00:00
[2026-03-11T15:16:17.565+0000] {warnings.py:112} WARNING - /home/***/.local/lib/python3.12/site-packages/***/task/task_runner/standard_task_runner.py:70: DeprecationWarning: This process (pid=11024) is multi-threaded, use of fork() may lead to deadlocks in the child.
  pid = os.fork()

[2026-03-11T15:16:17.568+0000] {standard_task_runner.py:72} INFO - Started process 11031 to run task
[2026-03-11T15:16:17.570+0000] {standard_task_runner.py:104} INFO - Running: ['***', 'tasks', 'run', 'dag_get_data_from_yf', 'trigger_load_data_dag', 'manual__2026-03-11T15:15:25+00:00', '--job-id', '10985', '--raw', '--subdir', 'DAGS_FOLDER/get_finance_yf_csv.py', '--cfg-path', '/tmp/tmpmztnfu0_']
[2026-03-11T15:16:17.572+0000] {standard_task_runner.py:105} INFO - Job 10985: Subtask trigger_load_data_dag
[2026-03-11T15:16:17.666+0000] {task_command.py:467} INFO - Running <TaskInstance: dag_get_data_from_yf.trigger_load_data_dag manual__2026-03-11T15:15:25+00:00 [running]> on host ea47c22639fa
[2026-03-11T15:16:17.819+0000] {taskinstance.py:3157} INFO - Exporting env vars: AIRFLOW_CTX_DAG_OWNER='***' AIRFLOW_CTX_DAG_ID='dag_get_data_from_yf' AIRFLOW_CTX_TASK_ID='trigger_load_data_dag' AIRFLOW_CTX_EXECUTION_DATE='2026-03-11T15:15:25+00:00' AIRFLOW_CTX_TRY_NUMBER='1' AIRFLOW_CTX_DAG_RUN_ID='manual__2026-03-11T15:15:25+00:00'
[2026-03-11T15:16:17.821+0000] {logging_mixin.py:190} INFO - Task instance is in running state
[2026-03-11T15:16:17.821+0000] {logging_mixin.py:190} INFO -  Previous state of the Task instance: queued
[2026-03-11T15:16:17.821+0000] {logging_mixin.py:190} INFO - Current task name:trigger_load_data_dag state:running start_date:2026-03-11 15:16:17.511483+00:00
[2026-03-11T15:16:17.822+0000] {logging_mixin.py:190} INFO - Dag name:dag_get_data_from_yf and current dag run status:running
[2026-03-11T15:16:17.822+0000] {taskinstance.py:740} INFO - ::endgroup::
[2026-03-11T15:16:17.994+0000] {taskinstance.py:349} INFO - ::group::Post task execution logs
[2026-03-11T15:16:17.994+0000] {taskinstance.py:361} INFO - Marking task as SUCCESS. dag_id=dag_get_data_from_yf, task_id=trigger_load_data_dag, run_id=manual__2026-03-11T15:15:25+00:00, execution_date=20260311T151525, start_date=20260311T151617, end_date=20260311T151617
[2026-03-11T15:16:18.046+0000] {logging_mixin.py:190} INFO - Task instance in success state
[2026-03-11T15:16:18.047+0000] {logging_mixin.py:190} INFO -  Previous state of the Task instance: running
[2026-03-11T15:16:18.047+0000] {logging_mixin.py:190} INFO - Dag name:dag_get_data_from_yf queued_at:2026-03-11 15:15:30.470301+00:00
[2026-03-11T15:16:18.048+0000] {logging_mixin.py:190} INFO - Task hostname:ea47c22639fa operator:TriggerDagRunOperator
[2026-03-11T15:16:18.066+0000] {local_task_job_runner.py:266} INFO - Task exited with return code 0
[2026-03-11T15:16:18.099+0000] {taskinstance.py:3924} INFO - 0 downstream tasks scheduled from follow-on schedule check
[2026-03-11T15:16:18.102+0000] {local_task_job_runner.py:245} INFO - ::endgroup::
