[2026-03-15T09:15:16.797+0000] {local_task_job_runner.py:123} INFO - ::group::Pre task execution logs
[2026-03-15T09:15:17.683+0000] {taskinstance.py:2631} INFO - Dependencies all met for dep_context=non-requeueable deps ti=<TaskInstance: dag_get_data_from_yf.combine_csv scheduled__2026-03-09T00:00:00+00:00 [queued]>
[2026-03-15T09:15:18.000+0000] {taskinstance.py:2631} INFO - Dependencies all met for dep_context=requeueable deps ti=<TaskInstance: dag_get_data_from_yf.combine_csv scheduled__2026-03-09T00:00:00+00:00 [queued]>
[2026-03-15T09:15:18.001+0000] {taskinstance.py:2884} INFO - Starting attempt 1 of 1
[2026-03-15T09:15:18.233+0000] {taskinstance.py:2907} INFO - Executing <Task(_PythonDecoratedOperator): combine_csv> on 2026-03-09 00:00:00+00:00
[2026-03-15T09:15:18.296+0000] {warnings.py:112} WARNING - /home/***/.local/lib/python3.12/site-packages/***/task/task_runner/standard_task_runner.py:70: DeprecationWarning: This process (pid=1744) is multi-threaded, use of fork() may lead to deadlocks in the child.
  pid = os.fork()

[2026-03-15T09:15:18.313+0000] {standard_task_runner.py:72} INFO - Started process 1843 to run task
[2026-03-15T09:15:18.343+0000] {standard_task_runner.py:104} INFO - Running: ['***', 'tasks', 'run', 'dag_get_data_from_yf', 'combine_csv', 'scheduled__2026-03-09T00:00:00+00:00', '--job-id', '14968', '--raw', '--subdir', 'DAGS_FOLDER/get_finance_yf_csv.py', '--cfg-path', '/tmp/tmpiuzxs6qr']
[2026-03-15T09:15:18.345+0000] {standard_task_runner.py:105} INFO - Job 14968: Subtask combine_csv
[2026-03-15T09:15:18.793+0000] {task_command.py:467} INFO - Running <TaskInstance: dag_get_data_from_yf.combine_csv scheduled__2026-03-09T00:00:00+00:00 [running]> on host 547c214a0f76
[2026-03-15T09:15:19.595+0000] {taskinstance.py:3157} INFO - Exporting env vars: AIRFLOW_CTX_DAG_OWNER='***' AIRFLOW_CTX_DAG_ID='dag_get_data_from_yf' AIRFLOW_CTX_TASK_ID='combine_csv' AIRFLOW_CTX_EXECUTION_DATE='2026-03-09T00:00:00+00:00' AIRFLOW_CTX_TRY_NUMBER='1' AIRFLOW_CTX_DAG_RUN_ID='scheduled__2026-03-09T00:00:00+00:00'
[2026-03-15T09:15:19.598+0000] {logging_mixin.py:190} INFO - Task instance is in running state
[2026-03-15T09:15:19.599+0000] {logging_mixin.py:190} INFO -  Previous state of the Task instance: queued
[2026-03-15T09:15:19.599+0000] {logging_mixin.py:190} INFO - Current task name:combine_csv state:running start_date:2026-03-15 09:15:17.684512+00:00
[2026-03-15T09:15:19.600+0000] {logging_mixin.py:190} INFO - Dag name:dag_get_data_from_yf and current dag run status:running
[2026-03-15T09:15:19.602+0000] {taskinstance.py:740} INFO - ::endgroup::
[2026-03-15T09:15:19.893+0000] {logging_mixin.py:190} INFO - None
[2026-03-15T09:15:19.894+0000] {python.py:240} INFO - Done. Returned value was: /opt/***/scripts/saham_indonesia_all.csv
[2026-03-15T09:15:20.118+0000] {taskinstance.py:349} INFO - ::group::Post task execution logs
[2026-03-15T09:15:20.119+0000] {taskinstance.py:361} INFO - Marking task as SUCCESS. dag_id=dag_get_data_from_yf, task_id=combine_csv, run_id=scheduled__2026-03-09T00:00:00+00:00, execution_date=20260309T000000, start_date=20260315T091517, end_date=20260315T091520
[2026-03-15T09:15:20.487+0000] {logging_mixin.py:190} INFO - Task instance in success state
[2026-03-15T09:15:20.487+0000] {logging_mixin.py:190} INFO -  Previous state of the Task instance: running
[2026-03-15T09:15:20.488+0000] {logging_mixin.py:190} INFO - Dag name:dag_get_data_from_yf queued_at:2026-03-15 09:07:49.287430+00:00
[2026-03-15T09:15:20.488+0000] {logging_mixin.py:190} INFO - Task hostname:547c214a0f76 operator:_PythonDecoratedOperator
[2026-03-15T09:15:20.629+0000] {local_task_job_runner.py:266} INFO - Task exited with return code 0
[2026-03-15T09:15:21.173+0000] {taskinstance.py:3924} INFO - 1 downstream tasks scheduled from follow-on schedule check
[2026-03-15T09:15:21.193+0000] {local_task_job_runner.py:245} INFO - ::endgroup::
[2026-03-15T12:02:15.716+0000] {local_task_job_runner.py:123} INFO - ::group::Pre task execution logs
[2026-03-15T12:02:15.844+0000] {taskinstance.py:2631} INFO - Dependencies all met for dep_context=non-requeueable deps ti=<TaskInstance: dag_get_data_from_yf.combine_csv scheduled__2026-03-09T00:00:00+00:00 [queued]>
[2026-03-15T12:02:15.949+0000] {taskinstance.py:2631} INFO - Dependencies all met for dep_context=requeueable deps ti=<TaskInstance: dag_get_data_from_yf.combine_csv scheduled__2026-03-09T00:00:00+00:00 [queued]>
[2026-03-15T12:02:15.969+0000] {taskinstance.py:2884} INFO - Starting attempt 1 of 1
[2026-03-15T12:02:16.035+0000] {taskinstance.py:2907} INFO - Executing <Task(_PythonDecoratedOperator): combine_csv> on 2026-03-09 00:00:00+00:00
[2026-03-15T12:02:16.090+0000] {warnings.py:112} WARNING - /home/***/.local/lib/python3.12/site-packages/***/task/task_runner/standard_task_runner.py:70: DeprecationWarning: This process (pid=2044) is multi-threaded, use of fork() may lead to deadlocks in the child.
  pid = os.fork()

[2026-03-15T12:02:16.110+0000] {standard_task_runner.py:72} INFO - Started process 2089 to run task
[2026-03-15T12:02:16.155+0000] {standard_task_runner.py:104} INFO - Running: ['***', 'tasks', 'run', 'dag_get_data_from_yf', 'combine_csv', 'scheduled__2026-03-09T00:00:00+00:00', '--job-id', '150', '--raw', '--subdir', 'DAGS_FOLDER/get_finance_yf_csv.py', '--cfg-path', '/tmp/tmpp82cwya2']
[2026-03-15T12:02:16.159+0000] {standard_task_runner.py:105} INFO - Job 150: Subtask combine_csv
[2026-03-15T12:02:16.952+0000] {task_command.py:467} INFO - Running <TaskInstance: dag_get_data_from_yf.combine_csv scheduled__2026-03-09T00:00:00+00:00 [running]> on host 0682dd67c20c
[2026-03-15T12:02:18.053+0000] {taskinstance.py:3157} INFO - Exporting env vars: AIRFLOW_CTX_DAG_OWNER='***' AIRFLOW_CTX_DAG_ID='dag_get_data_from_yf' AIRFLOW_CTX_TASK_ID='combine_csv' AIRFLOW_CTX_EXECUTION_DATE='2026-03-09T00:00:00+00:00' AIRFLOW_CTX_TRY_NUMBER='1' AIRFLOW_CTX_DAG_RUN_ID='scheduled__2026-03-09T00:00:00+00:00'
[2026-03-15T12:02:18.057+0000] {logging_mixin.py:190} INFO - Task instance is in running state
[2026-03-15T12:02:18.058+0000] {logging_mixin.py:190} INFO -  Previous state of the Task instance: queued
[2026-03-15T12:02:18.058+0000] {logging_mixin.py:190} INFO - Current task name:combine_csv state:running start_date:2026-03-15 12:02:15.845323+00:00
[2026-03-15T12:02:18.059+0000] {logging_mixin.py:190} INFO - Dag name:dag_get_data_from_yf and current dag run status:running
[2026-03-15T12:02:18.059+0000] {taskinstance.py:740} INFO - ::endgroup::
[2026-03-15T12:02:18.269+0000] {logging_mixin.py:190} INFO - None
[2026-03-15T12:02:18.270+0000] {python.py:240} INFO - Done. Returned value was: /opt/***/scripts/saham_indonesia_all.csv
[2026-03-15T12:02:18.604+0000] {taskinstance.py:349} INFO - ::group::Post task execution logs
[2026-03-15T12:02:18.605+0000] {taskinstance.py:361} INFO - Marking task as SUCCESS. dag_id=dag_get_data_from_yf, task_id=combine_csv, run_id=scheduled__2026-03-09T00:00:00+00:00, execution_date=20260309T000000, start_date=20260315T120215, end_date=20260315T120218
[2026-03-15T12:02:19.139+0000] {logging_mixin.py:190} INFO - Task instance in success state
[2026-03-15T12:02:19.140+0000] {logging_mixin.py:190} INFO -  Previous state of the Task instance: running
[2026-03-15T12:02:19.141+0000] {logging_mixin.py:190} INFO - Dag name:dag_get_data_from_yf queued_at:2026-03-15 11:58:16.409643+00:00
[2026-03-15T12:02:19.141+0000] {logging_mixin.py:190} INFO - Task hostname:0682dd67c20c operator:_PythonDecoratedOperator
[2026-03-15T12:02:19.185+0000] {local_task_job_runner.py:266} INFO - Task exited with return code 0
[2026-03-15T12:02:19.360+0000] {taskinstance.py:3924} INFO - 1 downstream tasks scheduled from follow-on schedule check
[2026-03-15T12:02:19.390+0000] {local_task_job_runner.py:245} INFO - ::endgroup::
[2026-03-15T12:14:13.293+0000] {local_task_job_runner.py:123} INFO - ::group::Pre task execution logs
[2026-03-15T12:14:13.570+0000] {taskinstance.py:2631} INFO - Dependencies all met for dep_context=non-requeueable deps ti=<TaskInstance: dag_get_data_from_yf.combine_csv scheduled__2026-03-09T00:00:00+00:00 [queued]>
[2026-03-15T12:14:13.750+0000] {taskinstance.py:2631} INFO - Dependencies all met for dep_context=requeueable deps ti=<TaskInstance: dag_get_data_from_yf.combine_csv scheduled__2026-03-09T00:00:00+00:00 [queued]>
[2026-03-15T12:14:13.752+0000] {taskinstance.py:2884} INFO - Starting attempt 1 of 1
[2026-03-15T12:14:13.933+0000] {taskinstance.py:2907} INFO - Executing <Task(_PythonDecoratedOperator): combine_csv> on 2026-03-09 00:00:00+00:00
[2026-03-15T12:14:13.984+0000] {warnings.py:112} WARNING - /home/***/.local/lib/python3.12/site-packages/***/task/task_runner/standard_task_runner.py:70: DeprecationWarning: This process (pid=3082) is multi-threaded, use of fork() may lead to deadlocks in the child.
  pid = os.fork()

[2026-03-15T12:14:13.979+0000] {standard_task_runner.py:104} INFO - Running: ['***', 'tasks', 'run', 'dag_get_data_from_yf', 'combine_csv', 'scheduled__2026-03-09T00:00:00+00:00', '--job-id', '244', '--raw', '--subdir', 'DAGS_FOLDER/get_finance_yf_csv.py', '--cfg-path', '/tmp/tmpbyisxea9']
[2026-03-15T12:14:13.990+0000] {standard_task_runner.py:105} INFO - Job 244: Subtask combine_csv
[2026-03-15T12:14:13.992+0000] {standard_task_runner.py:72} INFO - Started process 3164 to run task
[2026-03-15T12:14:14.660+0000] {task_command.py:467} INFO - Running <TaskInstance: dag_get_data_from_yf.combine_csv scheduled__2026-03-09T00:00:00+00:00 [running]> on host 0682dd67c20c
[2026-03-15T12:14:15.626+0000] {taskinstance.py:3157} INFO - Exporting env vars: AIRFLOW_CTX_DAG_OWNER='***' AIRFLOW_CTX_DAG_ID='dag_get_data_from_yf' AIRFLOW_CTX_TASK_ID='combine_csv' AIRFLOW_CTX_EXECUTION_DATE='2026-03-09T00:00:00+00:00' AIRFLOW_CTX_TRY_NUMBER='1' AIRFLOW_CTX_DAG_RUN_ID='scheduled__2026-03-09T00:00:00+00:00'
[2026-03-15T12:14:15.642+0000] {logging_mixin.py:190} INFO - Task instance is in running state
[2026-03-15T12:14:15.654+0000] {logging_mixin.py:190} INFO -  Previous state of the Task instance: queued
[2026-03-15T12:14:15.661+0000] {logging_mixin.py:190} INFO - Current task name:combine_csv state:running start_date:2026-03-15 12:14:13.570964+00:00
[2026-03-15T12:14:15.666+0000] {logging_mixin.py:190} INFO - Dag name:dag_get_data_from_yf and current dag run status:running
[2026-03-15T12:14:15.676+0000] {taskinstance.py:740} INFO - ::endgroup::
[2026-03-15T12:14:16.007+0000] {logging_mixin.py:190} INFO - None
[2026-03-15T12:14:16.012+0000] {python.py:240} INFO - Done. Returned value was: /opt/***/scripts/saham_indonesia_all.csv
[2026-03-15T12:14:16.374+0000] {taskinstance.py:349} INFO - ::group::Post task execution logs
[2026-03-15T12:14:16.378+0000] {taskinstance.py:361} INFO - Marking task as SUCCESS. dag_id=dag_get_data_from_yf, task_id=combine_csv, run_id=scheduled__2026-03-09T00:00:00+00:00, execution_date=20260309T000000, start_date=20260315T121413, end_date=20260315T121416
[2026-03-15T12:14:17.128+0000] {logging_mixin.py:190} INFO - Task instance in success state
[2026-03-15T12:14:17.129+0000] {logging_mixin.py:190} INFO -  Previous state of the Task instance: running
[2026-03-15T12:14:17.130+0000] {logging_mixin.py:190} INFO - Dag name:dag_get_data_from_yf queued_at:2026-03-15 12:05:17.023072+00:00
[2026-03-15T12:14:17.130+0000] {logging_mixin.py:190} INFO - Task hostname:0682dd67c20c operator:_PythonDecoratedOperator
[2026-03-15T12:14:17.191+0000] {local_task_job_runner.py:266} INFO - Task exited with return code 0
[2026-03-15T12:14:17.532+0000] {taskinstance.py:3924} INFO - 1 downstream tasks scheduled from follow-on schedule check
[2026-03-15T12:14:17.544+0000] {local_task_job_runner.py:245} INFO - ::endgroup::
[2026-03-15T15:25:11.985+0000] {local_task_job_runner.py:123} INFO - ::group::Pre task execution logs
[2026-03-15T15:25:12.145+0000] {taskinstance.py:2631} INFO - Dependencies all met for dep_context=non-requeueable deps ti=<TaskInstance: dag_get_data_from_yf.combine_csv scheduled__2026-03-09T00:00:00+00:00 [queued]>
[2026-03-15T15:25:12.244+0000] {taskinstance.py:2631} INFO - Dependencies all met for dep_context=requeueable deps ti=<TaskInstance: dag_get_data_from_yf.combine_csv scheduled__2026-03-09T00:00:00+00:00 [queued]>
[2026-03-15T15:25:12.252+0000] {taskinstance.py:2884} INFO - Starting attempt 1 of 1
[2026-03-15T15:25:12.343+0000] {taskinstance.py:2907} INFO - Executing <Task(_PythonDecoratedOperator): combine_csv> on 2026-03-09 00:00:00+00:00
[2026-03-15T15:25:12.374+0000] {warnings.py:112} WARNING - /home/***/.local/lib/python3.12/site-packages/***/task/task_runner/standard_task_runner.py:70: DeprecationWarning: This process (pid=1053) is multi-threaded, use of fork() may lead to deadlocks in the child.
  pid = os.fork()

[2026-03-15T15:25:12.378+0000] {standard_task_runner.py:72} INFO - Started process 1192 to run task
[2026-03-15T15:25:12.438+0000] {standard_task_runner.py:104} INFO - Running: ['***', 'tasks', 'run', 'dag_get_data_from_yf', 'combine_csv', 'scheduled__2026-03-09T00:00:00+00:00', '--job-id', '493', '--raw', '--subdir', 'DAGS_FOLDER/get_finance_yf_csv.py', '--cfg-path', '/tmp/tmpgw23ym9b']
[2026-03-15T15:25:12.450+0000] {standard_task_runner.py:105} INFO - Job 493: Subtask combine_csv
[2026-03-15T15:25:12.747+0000] {task_command.py:467} INFO - Running <TaskInstance: dag_get_data_from_yf.combine_csv scheduled__2026-03-09T00:00:00+00:00 [running]> on host c2f7721b6bb3
[2026-03-15T15:25:13.226+0000] {taskinstance.py:3157} INFO - Exporting env vars: AIRFLOW_CTX_DAG_OWNER='***' AIRFLOW_CTX_DAG_ID='dag_get_data_from_yf' AIRFLOW_CTX_TASK_ID='combine_csv' AIRFLOW_CTX_EXECUTION_DATE='2026-03-09T00:00:00+00:00' AIRFLOW_CTX_TRY_NUMBER='1' AIRFLOW_CTX_DAG_RUN_ID='scheduled__2026-03-09T00:00:00+00:00'
[2026-03-15T15:25:13.229+0000] {logging_mixin.py:190} INFO - Task instance is in running state
[2026-03-15T15:25:13.230+0000] {logging_mixin.py:190} INFO -  Previous state of the Task instance: queued
[2026-03-15T15:25:13.231+0000] {logging_mixin.py:190} INFO - Current task name:combine_csv state:running start_date:2026-03-15 15:25:12.147121+00:00
[2026-03-15T15:25:13.232+0000] {logging_mixin.py:190} INFO - Dag name:dag_get_data_from_yf and current dag run status:running
[2026-03-15T15:25:13.234+0000] {taskinstance.py:740} INFO - ::endgroup::
[2026-03-15T15:25:13.483+0000] {logging_mixin.py:190} INFO - None
[2026-03-15T15:25:13.493+0000] {python.py:240} INFO - Done. Returned value was: /opt/***/scripts/saham_indonesia_all.csv
[2026-03-15T15:25:13.696+0000] {taskinstance.py:349} INFO - ::group::Post task execution logs
[2026-03-15T15:25:13.696+0000] {taskinstance.py:361} INFO - Marking task as SUCCESS. dag_id=dag_get_data_from_yf, task_id=combine_csv, run_id=scheduled__2026-03-09T00:00:00+00:00, execution_date=20260309T000000, start_date=20260315T152512, end_date=20260315T152513
[2026-03-15T15:25:13.889+0000] {logging_mixin.py:190} INFO - Task instance in success state
[2026-03-15T15:25:13.890+0000] {logging_mixin.py:190} INFO -  Previous state of the Task instance: running
[2026-03-15T15:25:13.890+0000] {logging_mixin.py:190} INFO - Dag name:dag_get_data_from_yf queued_at:2026-03-15 15:18:39.679331+00:00
[2026-03-15T15:25:13.903+0000] {logging_mixin.py:190} INFO - Task hostname:c2f7721b6bb3 operator:_PythonDecoratedOperator
[2026-03-15T15:25:13.959+0000] {local_task_job_runner.py:266} INFO - Task exited with return code 0
[2026-03-15T15:25:14.040+0000] {local_task_job_runner.py:245} INFO - ::endgroup::
[2026-03-15T16:22:36.805+0000] {local_task_job_runner.py:123} INFO - ::group::Pre task execution logs
[2026-03-15T16:22:36.996+0000] {taskinstance.py:2631} INFO - Dependencies all met for dep_context=non-requeueable deps ti=<TaskInstance: dag_get_data_from_yf.combine_csv scheduled__2026-03-09T00:00:00+00:00 [queued]>
[2026-03-15T16:22:37.070+0000] {taskinstance.py:2631} INFO - Dependencies all met for dep_context=requeueable deps ti=<TaskInstance: dag_get_data_from_yf.combine_csv scheduled__2026-03-09T00:00:00+00:00 [queued]>
[2026-03-15T16:22:37.071+0000] {taskinstance.py:2884} INFO - Starting attempt 1 of 1
[2026-03-15T16:22:37.502+0000] {taskinstance.py:2907} INFO - Executing <Task(_PythonDecoratedOperator): combine_csv> on 2026-03-09 00:00:00+00:00
[2026-03-15T16:22:37.653+0000] {warnings.py:112} WARNING - /home/***/.local/lib/python3.12/site-packages/***/task/task_runner/standard_task_runner.py:70: DeprecationWarning: This process (pid=2864) is multi-threaded, use of fork() may lead to deadlocks in the child.
  pid = os.fork()

[2026-03-15T16:22:37.657+0000] {standard_task_runner.py:72} INFO - Started process 2999 to run task
[2026-03-15T16:22:37.665+0000] {standard_task_runner.py:104} INFO - Running: ['***', 'tasks', 'run', 'dag_get_data_from_yf', 'combine_csv', 'scheduled__2026-03-09T00:00:00+00:00', '--job-id', '618', '--raw', '--subdir', 'DAGS_FOLDER/get_finance_yf_csv.py', '--cfg-path', '/tmp/tmpdme7hq4c']
[2026-03-15T16:22:37.704+0000] {standard_task_runner.py:105} INFO - Job 618: Subtask combine_csv
[2026-03-15T16:22:38.225+0000] {task_command.py:467} INFO - Running <TaskInstance: dag_get_data_from_yf.combine_csv scheduled__2026-03-09T00:00:00+00:00 [running]> on host c2f7721b6bb3
[2026-03-15T16:22:39.128+0000] {taskinstance.py:3157} INFO - Exporting env vars: AIRFLOW_CTX_DAG_OWNER='***' AIRFLOW_CTX_DAG_ID='dag_get_data_from_yf' AIRFLOW_CTX_TASK_ID='combine_csv' AIRFLOW_CTX_EXECUTION_DATE='2026-03-09T00:00:00+00:00' AIRFLOW_CTX_TRY_NUMBER='1' AIRFLOW_CTX_DAG_RUN_ID='scheduled__2026-03-09T00:00:00+00:00'
[2026-03-15T16:22:39.155+0000] {logging_mixin.py:190} INFO - Task instance is in running state
[2026-03-15T16:22:39.156+0000] {logging_mixin.py:190} INFO -  Previous state of the Task instance: queued
[2026-03-15T16:22:39.160+0000] {logging_mixin.py:190} INFO - Current task name:combine_csv state:running start_date:2026-03-15 16:22:36.997794+00:00
[2026-03-15T16:22:39.169+0000] {logging_mixin.py:190} INFO - Dag name:dag_get_data_from_yf and current dag run status:running
[2026-03-15T16:22:39.179+0000] {taskinstance.py:740} INFO - ::endgroup::
[2026-03-15T16:22:39.371+0000] {logging_mixin.py:190} INFO - None
[2026-03-15T16:22:39.374+0000] {python.py:240} INFO - Done. Returned value was: /opt/***/scripts/saham_indonesia_all.csv
[2026-03-15T16:22:39.548+0000] {taskinstance.py:349} INFO - ::group::Post task execution logs
[2026-03-15T16:22:39.549+0000] {taskinstance.py:361} INFO - Marking task as SUCCESS. dag_id=dag_get_data_from_yf, task_id=combine_csv, run_id=scheduled__2026-03-09T00:00:00+00:00, execution_date=20260309T000000, start_date=20260315T162236, end_date=20260315T162239
[2026-03-15T16:22:39.766+0000] {logging_mixin.py:190} INFO - Task instance in success state
[2026-03-15T16:22:39.767+0000] {logging_mixin.py:190} INFO -  Previous state of the Task instance: running
[2026-03-15T16:22:39.781+0000] {logging_mixin.py:190} INFO - Dag name:dag_get_data_from_yf queued_at:2026-03-15 16:14:40.688923+00:00
[2026-03-15T16:22:39.782+0000] {logging_mixin.py:190} INFO - Task hostname:c2f7721b6bb3 operator:_PythonDecoratedOperator
[2026-03-15T16:22:39.841+0000] {local_task_job_runner.py:266} INFO - Task exited with return code 0
[2026-03-15T16:22:39.912+0000] {local_task_job_runner.py:245} INFO - ::endgroup::
[2026-03-16T04:35:03.481+0000] {local_task_job_runner.py:123} INFO - ::group::Pre task execution logs
[2026-03-16T04:35:03.698+0000] {taskinstance.py:2631} INFO - Dependencies all met for dep_context=non-requeueable deps ti=<TaskInstance: dag_get_data_from_yf.combine_csv scheduled__2026-03-09T00:00:00+00:00 [queued]>
[2026-03-16T04:35:03.818+0000] {taskinstance.py:2631} INFO - Dependencies all met for dep_context=requeueable deps ti=<TaskInstance: dag_get_data_from_yf.combine_csv scheduled__2026-03-09T00:00:00+00:00 [queued]>
[2026-03-16T04:35:03.819+0000] {taskinstance.py:2884} INFO - Starting attempt 1 of 1
[2026-03-16T04:35:03.937+0000] {taskinstance.py:2907} INFO - Executing <Task(_PythonDecoratedOperator): combine_csv> on 2026-03-09 00:00:00+00:00
[2026-03-16T04:35:03.976+0000] {warnings.py:112} WARNING - /home/***/.local/lib/python3.12/site-packages/***/task/task_runner/standard_task_runner.py:70: DeprecationWarning: This process (pid=1216) is multi-threaded, use of fork() may lead to deadlocks in the child.
  pid = os.fork()

[2026-03-16T04:35:04.004+0000] {standard_task_runner.py:72} INFO - Started process 1346 to run task
[2026-03-16T04:35:04.027+0000] {standard_task_runner.py:104} INFO - Running: ['***', 'tasks', 'run', 'dag_get_data_from_yf', 'combine_csv', 'scheduled__2026-03-09T00:00:00+00:00', '--job-id', '748', '--raw', '--subdir', 'DAGS_FOLDER/get_finance_yf_csv.py', '--cfg-path', '/tmp/tmp_ah9er7w']
[2026-03-16T04:35:04.030+0000] {standard_task_runner.py:105} INFO - Job 748: Subtask combine_csv
[2026-03-16T04:35:04.853+0000] {task_command.py:467} INFO - Running <TaskInstance: dag_get_data_from_yf.combine_csv scheduled__2026-03-09T00:00:00+00:00 [running]> on host 662456f34d26
[2026-03-16T04:35:05.289+0000] {taskinstance.py:3157} INFO - Exporting env vars: AIRFLOW_CTX_DAG_OWNER='***' AIRFLOW_CTX_DAG_ID='dag_get_data_from_yf' AIRFLOW_CTX_TASK_ID='combine_csv' AIRFLOW_CTX_EXECUTION_DATE='2026-03-09T00:00:00+00:00' AIRFLOW_CTX_TRY_NUMBER='1' AIRFLOW_CTX_DAG_RUN_ID='scheduled__2026-03-09T00:00:00+00:00'
[2026-03-16T04:35:05.291+0000] {logging_mixin.py:190} INFO - Task instance is in running state
[2026-03-16T04:35:05.292+0000] {logging_mixin.py:190} INFO -  Previous state of the Task instance: queued
[2026-03-16T04:35:05.292+0000] {logging_mixin.py:190} INFO - Current task name:combine_csv state:running start_date:2026-03-16 04:35:03.698946+00:00
[2026-03-16T04:35:05.293+0000] {logging_mixin.py:190} INFO - Dag name:dag_get_data_from_yf and current dag run status:running
[2026-03-16T04:35:05.293+0000] {taskinstance.py:740} INFO - ::endgroup::
[2026-03-16T04:35:05.536+0000] {taskinstance.py:3336} ERROR - Task failed with exception
Traceback (most recent call last):
  File "/home/airflow/.local/lib/python3.12/site-packages/airflow/models/taskinstance.py", line 776, in _execute_task
    result = _execute_callable(context=context, **execute_callable_kwargs)
             ^^^^^^^^^^^^^^^^^^^^^^^^^^^^^^^^^^^^^^^^^^^^^^^^^^^^^^^^^^^^^
  File "/home/airflow/.local/lib/python3.12/site-packages/airflow/models/taskinstance.py", line 742, in _execute_callable
    return ExecutionCallableRunner(
           ^^^^^^^^^^^^^^^^^^^^^^^^
  File "/home/airflow/.local/lib/python3.12/site-packages/airflow/utils/operator_helpers.py", line 252, in run
    return self.func(*args, **kwargs)
           ^^^^^^^^^^^^^^^^^^^^^^^^^^
  File "/home/airflow/.local/lib/python3.12/site-packages/airflow/models/baseoperator.py", line 425, in wrapper
    return func(self, *args, **kwargs)
           ^^^^^^^^^^^^^^^^^^^^^^^^^^^
  File "/home/airflow/.local/lib/python3.12/site-packages/airflow/decorators/base.py", line 266, in execute
    return_value = super().execute(context)
                   ^^^^^^^^^^^^^^^^^^^^^^^^
  File "/home/airflow/.local/lib/python3.12/site-packages/airflow/models/baseoperator.py", line 425, in wrapper
    return func(self, *args, **kwargs)
           ^^^^^^^^^^^^^^^^^^^^^^^^^^^
  File "/home/airflow/.local/lib/python3.12/site-packages/airflow/operators/python.py", line 238, in execute
    return_value = self.execute_callable()
                   ^^^^^^^^^^^^^^^^^^^^^^^
  File "/home/airflow/.local/lib/python3.12/site-packages/airflow/operators/python.py", line 256, in execute_callable
    return runner.run(*self.op_args, **self.op_kwargs)
           ^^^^^^^^^^^^^^^^^^^^^^^^^^^^^^^^^^^^^^^^^^^
  File "/home/airflow/.local/lib/python3.12/site-packages/airflow/utils/operator_helpers.py", line 252, in run
    return self.func(*args, **kwargs)
           ^^^^^^^^^^^^^^^^^^^^^^^^^^
  File "/opt/airflow/dags/get_finance_yf_csv.py", line 182, in combine_csv
    print("Ini kolom combined_df: ", combined_df.column)
                                   ^^^^^^^^^^^^^^^^^^
  File "/home/airflow/.local/lib/python3.12/site-packages/pandas/core/generic.py", line 6204, in __getattr__
    return object.__getattribute__(self, name)
           ^^^^^^^^^^^^^^^^^^^^^^^^^^^^^^^^^^^
AttributeError: 'DataFrame' object has no attribute 'column'. Did you mean: 'columns'?
[2026-03-16T04:35:05.779+0000] {logging_mixin.py:190} INFO - Task instance in failure state
[2026-03-16T04:35:05.817+0000] {logging_mixin.py:190} INFO - Task start:2026-03-16 04:35:03.698946+00:00 end:2026-03-16 04:35:05.778706+00:00 duration:2.07976
[2026-03-16T04:35:05.818+0000] {logging_mixin.py:190} INFO - Task:<Task(_PythonDecoratedOperator): combine_csv> dag:<DAG: dag_get_data_from_yf> dagrun:<DagRun dag_get_data_from_yf @ 2026-03-09 00:00:00+00:00: scheduled__2026-03-09T00:00:00+00:00, state:running, queued_at: 2026-03-16 04:26:38.932461+00:00. externally triggered: False>
[2026-03-16T04:35:05.819+0000] {logging_mixin.py:190} INFO - Failure caused by 'DataFrame' object has no attribute 'column'
[2026-03-16T04:35:05.820+0000] {taskinstance.py:1242} INFO - Marking task as FAILED. dag_id=dag_get_data_from_yf, task_id=combine_csv, run_id=scheduled__2026-03-09T00:00:00+00:00, execution_date=20260309T000000, start_date=20260316T043503, end_date=20260316T043505
[2026-03-16T04:35:06.205+0000] {taskinstance.py:349} INFO - ::group::Post task execution logs
[2026-03-16T04:35:06.213+0000] {standard_task_runner.py:124} ERROR - Failed to execute job 748 for task combine_csv ('DataFrame' object has no attribute 'column'; 1346)
Traceback (most recent call last):
  File "/home/airflow/.local/lib/python3.12/site-packages/airflow/task/task_runner/standard_task_runner.py", line 117, in _start_by_fork
    ret = args.func(args, dag=self.dag)
          ^^^^^^^^^^^^^^^^^^^^^^^^^^^^^
  File "/home/airflow/.local/lib/python3.12/site-packages/airflow/cli/cli_config.py", line 49, in command
    return func(*args, **kwargs)
           ^^^^^^^^^^^^^^^^^^^^^
  File "/home/airflow/.local/lib/python3.12/site-packages/airflow/utils/cli.py", line 116, in wrapper
    return f(*args, **kwargs)
           ^^^^^^^^^^^^^^^^^^
  File "/home/airflow/.local/lib/python3.12/site-packages/airflow/cli/commands/task_command.py", line 483, in task_run
    task_return_code = _run_task_by_selected_method(args, _dag, ti)
                       ^^^^^^^^^^^^^^^^^^^^^^^^^^^^^^^^^^^^^^^^^^^^
  File "/home/airflow/.local/lib/python3.12/site-packages/airflow/cli/commands/task_command.py", line 256, in _run_task_by_selected_method
    return _run_raw_task(args, ti)
           ^^^^^^^^^^^^^^^^^^^^^^^
  File "/home/airflow/.local/lib/python3.12/site-packages/airflow/cli/commands/task_command.py", line 341, in _run_raw_task
    return ti._run_raw_task(
           ^^^^^^^^^^^^^^^^^
  File "/home/airflow/.local/lib/python3.12/site-packages/airflow/utils/session.py", line 97, in wrapper
    return func(*args, session=session, **kwargs)
           ^^^^^^^^^^^^^^^^^^^^^^^^^^^^^^^^^^^^^^
  File "/home/airflow/.local/lib/python3.12/site-packages/airflow/models/taskinstance.py", line 3029, in _run_raw_task
    return _run_raw_task(
           ^^^^^^^^^^^^^^
  File "/home/airflow/.local/lib/python3.12/site-packages/airflow/models/taskinstance.py", line 282, in _run_raw_task
    TaskInstance._execute_task_with_callbacks(
  File "/home/airflow/.local/lib/python3.12/site-packages/airflow/models/taskinstance.py", line 3184, in _execute_task_with_callbacks
    result = self._execute_task(context, task_orig)
             ^^^^^^^^^^^^^^^^^^^^^^^^^^^^^^^^^^^^^^
  File "/home/airflow/.local/lib/python3.12/site-packages/airflow/models/taskinstance.py", line 3208, in _execute_task
    return _execute_task(self, context, task_orig)
           ^^^^^^^^^^^^^^^^^^^^^^^^^^^^^^^^^^^^^^^
  File "/home/airflow/.local/lib/python3.12/site-packages/airflow/models/taskinstance.py", line 776, in _execute_task
    result = _execute_callable(context=context, **execute_callable_kwargs)
             ^^^^^^^^^^^^^^^^^^^^^^^^^^^^^^^^^^^^^^^^^^^^^^^^^^^^^^^^^^^^^
  File "/home/airflow/.local/lib/python3.12/site-packages/airflow/models/taskinstance.py", line 742, in _execute_callable
    return ExecutionCallableRunner(
           ^^^^^^^^^^^^^^^^^^^^^^^^
  File "/home/airflow/.local/lib/python3.12/site-packages/airflow/utils/operator_helpers.py", line 252, in run
    return self.func(*args, **kwargs)
           ^^^^^^^^^^^^^^^^^^^^^^^^^^
  File "/home/airflow/.local/lib/python3.12/site-packages/airflow/models/baseoperator.py", line 425, in wrapper
    return func(self, *args, **kwargs)
           ^^^^^^^^^^^^^^^^^^^^^^^^^^^
  File "/home/airflow/.local/lib/python3.12/site-packages/airflow/decorators/base.py", line 266, in execute
    return_value = super().execute(context)
                   ^^^^^^^^^^^^^^^^^^^^^^^^
  File "/home/airflow/.local/lib/python3.12/site-packages/airflow/models/baseoperator.py", line 425, in wrapper
    return func(self, *args, **kwargs)
           ^^^^^^^^^^^^^^^^^^^^^^^^^^^
  File "/home/airflow/.local/lib/python3.12/site-packages/airflow/operators/python.py", line 238, in execute
    return_value = self.execute_callable()
                   ^^^^^^^^^^^^^^^^^^^^^^^
  File "/home/airflow/.local/lib/python3.12/site-packages/airflow/operators/python.py", line 256, in execute_callable
    return runner.run(*self.op_args, **self.op_kwargs)
           ^^^^^^^^^^^^^^^^^^^^^^^^^^^^^^^^^^^^^^^^^^^
  File "/home/airflow/.local/lib/python3.12/site-packages/airflow/utils/operator_helpers.py", line 252, in run
    return self.func(*args, **kwargs)
           ^^^^^^^^^^^^^^^^^^^^^^^^^^
  File "/opt/airflow/dags/get_finance_yf_csv.py", line 182, in combine_csv
    print("Ini kolom combined_df: ", combined_df.column)
                                   ^^^^^^^^^^^^^^^^^^
  File "/home/airflow/.local/lib/python3.12/site-packages/pandas/core/generic.py", line 6204, in __getattr__
    return object.__getattribute__(self, name)
           ^^^^^^^^^^^^^^^^^^^^^^^^^^^^^^^^^^^
AttributeError: 'DataFrame' object has no attribute 'column'. Did you mean: 'columns'?
[2026-03-16T04:35:06.308+0000] {local_task_job_runner.py:266} INFO - Task exited with return code 1
[2026-03-16T04:35:06.482+0000] {local_task_job_runner.py:245} INFO - ::endgroup::
[2026-03-16T05:53:46.942+0000] {local_task_job_runner.py:123} INFO - ::group::Pre task execution logs
[2026-03-16T05:53:47.014+0000] {taskinstance.py:2631} INFO - Dependencies all met for dep_context=non-requeueable deps ti=<TaskInstance: dag_get_data_from_yf.combine_csv scheduled__2026-03-09T00:00:00+00:00 [queued]>
[2026-03-16T05:53:47.042+0000] {taskinstance.py:2631} INFO - Dependencies all met for dep_context=requeueable deps ti=<TaskInstance: dag_get_data_from_yf.combine_csv scheduled__2026-03-09T00:00:00+00:00 [queued]>
[2026-03-16T05:53:47.044+0000] {taskinstance.py:2884} INFO - Starting attempt 1 of 1
[2026-03-16T05:53:47.069+0000] {taskinstance.py:2907} INFO - Executing <Task(_PythonDecoratedOperator): combine_csv> on 2026-03-09 00:00:00+00:00
[2026-03-16T05:53:47.088+0000] {warnings.py:112} WARNING - /home/***/.local/lib/python3.12/site-packages/***/task/task_runner/standard_task_runner.py:70: DeprecationWarning: This process (pid=2322) is multi-threaded, use of fork() may lead to deadlocks in the child.
  pid = os.fork()

[2026-03-16T05:53:47.092+0000] {standard_task_runner.py:72} INFO - Started process 2415 to run task
[2026-03-16T05:53:47.094+0000] {standard_task_runner.py:104} INFO - Running: ['***', 'tasks', 'run', 'dag_get_data_from_yf', 'combine_csv', 'scheduled__2026-03-09T00:00:00+00:00', '--job-id', '836', '--raw', '--subdir', 'DAGS_FOLDER/get_finance_yf_csv.py', '--cfg-path', '/tmp/tmp1idvkad7']
[2026-03-16T05:53:47.096+0000] {standard_task_runner.py:105} INFO - Job 836: Subtask combine_csv
[2026-03-16T05:53:47.234+0000] {task_command.py:467} INFO - Running <TaskInstance: dag_get_data_from_yf.combine_csv scheduled__2026-03-09T00:00:00+00:00 [running]> on host 662456f34d26
[2026-03-16T05:53:47.501+0000] {taskinstance.py:3157} INFO - Exporting env vars: AIRFLOW_CTX_DAG_OWNER='***' AIRFLOW_CTX_DAG_ID='dag_get_data_from_yf' AIRFLOW_CTX_TASK_ID='combine_csv' AIRFLOW_CTX_EXECUTION_DATE='2026-03-09T00:00:00+00:00' AIRFLOW_CTX_TRY_NUMBER='1' AIRFLOW_CTX_DAG_RUN_ID='scheduled__2026-03-09T00:00:00+00:00'
[2026-03-16T05:53:47.504+0000] {logging_mixin.py:190} INFO - Task instance is in running state
[2026-03-16T05:53:47.504+0000] {logging_mixin.py:190} INFO -  Previous state of the Task instance: queued
[2026-03-16T05:53:47.505+0000] {logging_mixin.py:190} INFO - Current task name:combine_csv state:running start_date:2026-03-16 05:53:47.015159+00:00
[2026-03-16T05:53:47.505+0000] {logging_mixin.py:190} INFO - Dag name:dag_get_data_from_yf and current dag run status:running
[2026-03-16T05:53:47.506+0000] {taskinstance.py:740} INFO - ::endgroup::
[2026-03-16T05:53:47.574+0000] {logging_mixin.py:190} INFO - Ini kolom combined_df:  Index(['Date', 'Ticker', 'Close', 'High', 'Low', 'Open',
       'Inserted_at_timestamp'],
      dtype='object')
[2026-03-16T05:53:47.586+0000] {logging_mixin.py:190} INFO - Ini csv_string_all:  None
[2026-03-16T05:53:47.587+0000] {python.py:240} INFO - Done. Returned value was: /opt/***/scripts/saham_indonesia_all.csv
[2026-03-16T05:53:47.657+0000] {taskinstance.py:349} INFO - ::group::Post task execution logs
[2026-03-16T05:53:47.659+0000] {taskinstance.py:361} INFO - Marking task as SUCCESS. dag_id=dag_get_data_from_yf, task_id=combine_csv, run_id=scheduled__2026-03-09T00:00:00+00:00, execution_date=20260309T000000, start_date=20260316T055347, end_date=20260316T055347
[2026-03-16T05:53:47.722+0000] {logging_mixin.py:190} INFO - Task instance in success state
[2026-03-16T05:53:47.722+0000] {logging_mixin.py:190} INFO -  Previous state of the Task instance: running
[2026-03-16T05:53:47.723+0000] {logging_mixin.py:190} INFO - Dag name:dag_get_data_from_yf queued_at:2026-03-16 04:41:06.437176+00:00
[2026-03-16T05:53:47.724+0000] {logging_mixin.py:190} INFO - Task hostname:662456f34d26 operator:_PythonDecoratedOperator
[2026-03-16T05:53:47.749+0000] {local_task_job_runner.py:266} INFO - Task exited with return code 0
[2026-03-16T05:53:47.816+0000] {taskinstance.py:3924} INFO - 1 downstream tasks scheduled from follow-on schedule check
[2026-03-16T05:53:47.820+0000] {local_task_job_runner.py:245} INFO - ::endgroup::
[2026-03-16T10:24:45.559+0000] {local_task_job_runner.py:123} INFO - ::group::Pre task execution logs
[2026-03-16T10:24:45.824+0000] {taskinstance.py:2631} INFO - Dependencies all met for dep_context=non-requeueable deps ti=<TaskInstance: dag_get_data_from_yf.combine_csv scheduled__2026-03-09T00:00:00+00:00 [queued]>
[2026-03-16T10:24:46.097+0000] {taskinstance.py:2631} INFO - Dependencies all met for dep_context=requeueable deps ti=<TaskInstance: dag_get_data_from_yf.combine_csv scheduled__2026-03-09T00:00:00+00:00 [queued]>
[2026-03-16T10:24:46.099+0000] {taskinstance.py:2884} INFO - Starting attempt 1 of 1
[2026-03-16T10:24:46.189+0000] {taskinstance.py:2907} INFO - Executing <Task(_PythonDecoratedOperator): combine_csv> on 2026-03-09 00:00:00+00:00
[2026-03-16T10:24:46.255+0000] {warnings.py:112} WARNING - /home/***/.local/lib/python3.12/site-packages/***/task/task_runner/standard_task_runner.py:70: DeprecationWarning: This process (pid=1327) is multi-threaded, use of fork() may lead to deadlocks in the child.
  pid = os.fork()

[2026-03-16T10:24:46.259+0000] {standard_task_runner.py:72} INFO - Started process 1464 to run task
[2026-03-16T10:24:46.297+0000] {standard_task_runner.py:104} INFO - Running: ['***', 'tasks', 'run', 'dag_get_data_from_yf', 'combine_csv', 'scheduled__2026-03-09T00:00:00+00:00', '--job-id', '988', '--raw', '--subdir', 'DAGS_FOLDER/get_finance_yf_csv.py', '--cfg-path', '/tmp/tmp0rrhtn_l']
[2026-03-16T10:24:46.320+0000] {standard_task_runner.py:105} INFO - Job 988: Subtask combine_csv
[2026-03-16T10:24:46.663+0000] {task_command.py:467} INFO - Running <TaskInstance: dag_get_data_from_yf.combine_csv scheduled__2026-03-09T00:00:00+00:00 [running]> on host b3714f9398e4
[2026-03-16T10:24:47.093+0000] {taskinstance.py:3157} INFO - Exporting env vars: AIRFLOW_CTX_DAG_OWNER='***' AIRFLOW_CTX_DAG_ID='dag_get_data_from_yf' AIRFLOW_CTX_TASK_ID='combine_csv' AIRFLOW_CTX_EXECUTION_DATE='2026-03-09T00:00:00+00:00' AIRFLOW_CTX_TRY_NUMBER='1' AIRFLOW_CTX_DAG_RUN_ID='scheduled__2026-03-09T00:00:00+00:00'
[2026-03-16T10:24:47.096+0000] {logging_mixin.py:190} INFO - Task instance is in running state
[2026-03-16T10:24:47.097+0000] {logging_mixin.py:190} INFO -  Previous state of the Task instance: queued
[2026-03-16T10:24:47.097+0000] {logging_mixin.py:190} INFO - Current task name:combine_csv state:running start_date:2026-03-16 10:24:45.853518+00:00
[2026-03-16T10:24:47.098+0000] {logging_mixin.py:190} INFO - Dag name:dag_get_data_from_yf and current dag run status:running
[2026-03-16T10:24:47.099+0000] {taskinstance.py:740} INFO - ::endgroup::
[2026-03-16T10:24:47.355+0000] {logging_mixin.py:190} INFO - Ini kolom combined_df:  Index(['Date', 'Ticker', 'Close', 'High', 'Low', 'Open',
       'Inserted_at_timestamp'],
      dtype='object')
[2026-03-16T10:24:47.596+0000] {logging_mixin.py:190} INFO - Ini csv_string_all:  None
[2026-03-16T10:24:47.597+0000] {python.py:240} INFO - Done. Returned value was: /opt/***/scripts/saham_indonesia_all.csv
[2026-03-16T10:24:47.731+0000] {taskinstance.py:349} INFO - ::group::Post task execution logs
[2026-03-16T10:24:47.734+0000] {taskinstance.py:361} INFO - Marking task as SUCCESS. dag_id=dag_get_data_from_yf, task_id=combine_csv, run_id=scheduled__2026-03-09T00:00:00+00:00, execution_date=20260309T000000, start_date=20260316T102445, end_date=20260316T102447
[2026-03-16T10:24:47.904+0000] {logging_mixin.py:190} INFO - Task instance in success state
[2026-03-16T10:24:47.906+0000] {logging_mixin.py:190} INFO -  Previous state of the Task instance: running
[2026-03-16T10:24:47.906+0000] {logging_mixin.py:190} INFO - Dag name:dag_get_data_from_yf queued_at:2026-03-16 10:15:49.720749+00:00
[2026-03-16T10:24:47.907+0000] {logging_mixin.py:190} INFO - Task hostname:b3714f9398e4 operator:_PythonDecoratedOperator
[2026-03-16T10:24:47.932+0000] {local_task_job_runner.py:266} INFO - Task exited with return code 0
[2026-03-16T10:24:48.005+0000] {taskinstance.py:3924} INFO - 1 downstream tasks scheduled from follow-on schedule check
[2026-03-16T10:24:48.011+0000] {local_task_job_runner.py:245} INFO - ::endgroup::
[2026-03-16T14:17:46.889+0000] {local_task_job_runner.py:123} INFO - ::group::Pre task execution logs
[2026-03-16T14:17:48.125+0000] {taskinstance.py:2631} INFO - Dependencies all met for dep_context=non-requeueable deps ti=<TaskInstance: dag_get_data_from_yf.combine_csv scheduled__2026-03-09T00:00:00+00:00 [queued]>
[2026-03-16T14:17:49.026+0000] {taskinstance.py:2631} INFO - Dependencies all met for dep_context=requeueable deps ti=<TaskInstance: dag_get_data_from_yf.combine_csv scheduled__2026-03-09T00:00:00+00:00 [queued]>
[2026-03-16T14:17:49.051+0000] {taskinstance.py:2884} INFO - Starting attempt 1 of 1
[2026-03-16T14:17:49.636+0000] {taskinstance.py:2907} INFO - Executing <Task(_PythonDecoratedOperator): combine_csv> on 2026-03-09 00:00:00+00:00
[2026-03-16T14:17:49.816+0000] {standard_task_runner.py:104} INFO - Running: ['***', 'tasks', 'run', 'dag_get_data_from_yf', 'combine_csv', 'scheduled__2026-03-09T00:00:00+00:00', '--job-id', '1125', '--raw', '--subdir', 'DAGS_FOLDER/get_finance_yf_csv.py', '--cfg-path', '/tmp/tmp3t1_n3j5']
[2026-03-16T14:17:49.830+0000] {standard_task_runner.py:105} INFO - Job 1125: Subtask combine_csv
[2026-03-16T14:17:49.773+0000] {warnings.py:112} WARNING - /home/***/.local/lib/python3.12/site-packages/***/task/task_runner/standard_task_runner.py:70: DeprecationWarning: This process (pid=1155) is multi-threaded, use of fork() may lead to deadlocks in the child.
  pid = os.fork()

[2026-03-16T14:17:49.884+0000] {standard_task_runner.py:72} INFO - Started process 1254 to run task
[2026-03-16T14:17:50.657+0000] {task_command.py:467} INFO - Running <TaskInstance: dag_get_data_from_yf.combine_csv scheduled__2026-03-09T00:00:00+00:00 [running]> on host 80c99acb76df
[2026-03-16T14:17:51.215+0000] {taskinstance.py:3157} INFO - Exporting env vars: AIRFLOW_CTX_DAG_OWNER='***' AIRFLOW_CTX_DAG_ID='dag_get_data_from_yf' AIRFLOW_CTX_TASK_ID='combine_csv' AIRFLOW_CTX_EXECUTION_DATE='2026-03-09T00:00:00+00:00' AIRFLOW_CTX_TRY_NUMBER='1' AIRFLOW_CTX_DAG_RUN_ID='scheduled__2026-03-09T00:00:00+00:00'
[2026-03-16T14:17:51.217+0000] {logging_mixin.py:190} INFO - Task instance is in running state
[2026-03-16T14:17:51.220+0000] {logging_mixin.py:190} INFO -  Previous state of the Task instance: queued
[2026-03-16T14:17:51.221+0000] {logging_mixin.py:190} INFO - Current task name:combine_csv state:running start_date:2026-03-16 14:17:48.169320+00:00
[2026-03-16T14:17:51.221+0000] {logging_mixin.py:190} INFO - Dag name:dag_get_data_from_yf and current dag run status:running
[2026-03-16T14:17:51.222+0000] {taskinstance.py:740} INFO - ::endgroup::
[2026-03-16T14:17:51.585+0000] {logging_mixin.py:190} INFO - Ini kolom combined_df:  Index(['Date', 'Ticker', 'Close', 'High', 'Low', 'Open',
       'Inserted_at_timestamp'],
      dtype='object')
[2026-03-16T14:17:51.598+0000] {logging_mixin.py:190} INFO - Ini csv_string_all:  None
[2026-03-16T14:17:51.600+0000] {python.py:240} INFO - Done. Returned value was: /opt/***/scripts/saham_indonesia_all.csv
[2026-03-16T14:17:51.795+0000] {taskinstance.py:349} INFO - ::group::Post task execution logs
[2026-03-16T14:17:51.797+0000] {taskinstance.py:361} INFO - Marking task as SUCCESS. dag_id=dag_get_data_from_yf, task_id=combine_csv, run_id=scheduled__2026-03-09T00:00:00+00:00, execution_date=20260309T000000, start_date=20260316T141748, end_date=20260316T141751
[2026-03-16T14:17:52.088+0000] {logging_mixin.py:190} INFO - Task instance in success state
[2026-03-16T14:17:52.107+0000] {logging_mixin.py:190} INFO -  Previous state of the Task instance: running
[2026-03-16T14:17:52.108+0000] {logging_mixin.py:190} INFO - Dag name:dag_get_data_from_yf queued_at:2026-03-16 10:57:53.924368+00:00
[2026-03-16T14:17:52.108+0000] {logging_mixin.py:190} INFO - Task hostname:80c99acb76df operator:_PythonDecoratedOperator
[2026-03-16T14:17:52.201+0000] {local_task_job_runner.py:266} INFO - Task exited with return code 0
[2026-03-16T14:17:52.524+0000] {taskinstance.py:3924} INFO - 1 downstream tasks scheduled from follow-on schedule check
[2026-03-16T14:17:52.530+0000] {local_task_job_runner.py:245} INFO - ::endgroup::
