[2026-03-15T09:54:16.734+0000] {local_task_job_runner.py:123} INFO - ::group::Pre task execution logs
[2026-03-15T09:54:16.933+0000] {taskinstance.py:2631} INFO - Dependencies all met for dep_context=non-requeueable deps ti=<TaskInstance: dag_get_data_from_yf.write_db scheduled__2026-03-03T00:00:00+00:00 [queued]>
[2026-03-15T09:54:16.992+0000] {taskinstance.py:2631} INFO - Dependencies all met for dep_context=requeueable deps ti=<TaskInstance: dag_get_data_from_yf.write_db scheduled__2026-03-03T00:00:00+00:00 [queued]>
[2026-03-15T09:54:16.993+0000] {taskinstance.py:2884} INFO - Starting attempt 1 of 1
[2026-03-15T09:54:17.081+0000] {taskinstance.py:2907} INFO - Executing <Task(_PythonDecoratedOperator): write_db> on 2026-03-03 00:00:00+00:00
[2026-03-15T09:54:17.123+0000] {warnings.py:112} WARNING - /home/***/.local/lib/python3.12/site-packages/***/task/task_runner/standard_task_runner.py:70: DeprecationWarning: This process (pid=1087) is multi-threaded, use of fork() may lead to deadlocks in the child.
  pid = os.fork()

[2026-03-15T09:54:17.128+0000] {standard_task_runner.py:72} INFO - Started process 1115 to run task
[2026-03-15T09:54:17.163+0000] {standard_task_runner.py:104} INFO - Running: ['***', 'tasks', 'run', 'dag_get_data_from_yf', 'write_db', 'scheduled__2026-03-03T00:00:00+00:00', '--job-id', '88', '--raw', '--subdir', 'DAGS_FOLDER/get_finance_yf_csv.py', '--cfg-path', '/tmp/tmpzu4exy_h']
[2026-03-15T09:54:17.195+0000] {standard_task_runner.py:105} INFO - Job 88: Subtask write_db
[2026-03-15T09:54:17.560+0000] {task_command.py:467} INFO - Running <TaskInstance: dag_get_data_from_yf.write_db scheduled__2026-03-03T00:00:00+00:00 [running]> on host 8c556da65e50
[2026-03-15T09:54:18.322+0000] {taskinstance.py:3157} INFO - Exporting env vars: AIRFLOW_CTX_DAG_OWNER='***' AIRFLOW_CTX_DAG_ID='dag_get_data_from_yf' AIRFLOW_CTX_TASK_ID='write_db' AIRFLOW_CTX_EXECUTION_DATE='2026-03-03T00:00:00+00:00' AIRFLOW_CTX_TRY_NUMBER='1' AIRFLOW_CTX_DAG_RUN_ID='scheduled__2026-03-03T00:00:00+00:00'
[2026-03-15T09:54:18.328+0000] {logging_mixin.py:190} INFO - Task instance is in running state
[2026-03-15T09:54:18.339+0000] {logging_mixin.py:190} INFO -  Previous state of the Task instance: queued
[2026-03-15T09:54:18.340+0000] {logging_mixin.py:190} INFO - Current task name:write_db state:running start_date:2026-03-15 09:54:16.934061+00:00
[2026-03-15T09:54:18.341+0000] {logging_mixin.py:190} INFO - Dag name:dag_get_data_from_yf and current dag run status:running
[2026-03-15T09:54:18.342+0000] {taskinstance.py:740} INFO - ::endgroup::
[2026-03-15T09:54:18.343+0000] {python.py:240} INFO - Done. Returned value was: None
[2026-03-15T09:54:18.444+0000] {taskinstance.py:349} INFO - ::group::Post task execution logs
[2026-03-15T09:54:18.445+0000] {taskinstance.py:361} INFO - Marking task as SUCCESS. dag_id=dag_get_data_from_yf, task_id=write_db, run_id=scheduled__2026-03-03T00:00:00+00:00, execution_date=20260303T000000, start_date=20260315T095416, end_date=20260315T095418
[2026-03-15T09:54:18.629+0000] {logging_mixin.py:190} INFO - Task instance in success state
[2026-03-15T09:54:18.630+0000] {logging_mixin.py:190} INFO -  Previous state of the Task instance: running
[2026-03-15T09:54:18.631+0000] {logging_mixin.py:190} INFO - Dag name:dag_get_data_from_yf queued_at:2026-03-15 09:40:30.034864+00:00
[2026-03-15T09:54:18.632+0000] {logging_mixin.py:190} INFO - Task hostname:8c556da65e50 operator:_PythonDecoratedOperator
[2026-03-15T09:54:18.674+0000] {local_task_job_runner.py:266} INFO - Task exited with return code 0
[2026-03-15T09:54:18.775+0000] {taskinstance.py:3924} INFO - 1 downstream tasks scheduled from follow-on schedule check
[2026-03-15T09:54:18.786+0000] {local_task_job_runner.py:245} INFO - ::endgroup::
[2026-03-15T12:02:30.622+0000] {local_task_job_runner.py:123} INFO - ::group::Pre task execution logs
[2026-03-15T12:02:30.877+0000] {taskinstance.py:2631} INFO - Dependencies all met for dep_context=non-requeueable deps ti=<TaskInstance: dag_get_data_from_yf.write_db scheduled__2026-03-03T00:00:00+00:00 [queued]>
[2026-03-15T12:02:30.934+0000] {taskinstance.py:2631} INFO - Dependencies all met for dep_context=requeueable deps ti=<TaskInstance: dag_get_data_from_yf.write_db scheduled__2026-03-03T00:00:00+00:00 [queued]>
[2026-03-15T12:02:30.953+0000] {taskinstance.py:2884} INFO - Starting attempt 1 of 1
[2026-03-15T12:02:31.071+0000] {taskinstance.py:2907} INFO - Executing <Task(_PythonDecoratedOperator): write_db> on 2026-03-03 00:00:00+00:00
[2026-03-15T12:02:31.178+0000] {warnings.py:112} WARNING - /home/***/.local/lib/python3.12/site-packages/***/task/task_runner/standard_task_runner.py:70: DeprecationWarning: This process (pid=2078) is multi-threaded, use of fork() may lead to deadlocks in the child.
  pid = os.fork()

[2026-03-15T12:02:31.198+0000] {standard_task_runner.py:72} INFO - Started process 2109 to run task
[2026-03-15T12:02:31.241+0000] {standard_task_runner.py:104} INFO - Running: ['***', 'tasks', 'run', 'dag_get_data_from_yf', 'write_db', 'scheduled__2026-03-03T00:00:00+00:00', '--job-id', '155', '--raw', '--subdir', 'DAGS_FOLDER/get_finance_yf_csv.py', '--cfg-path', '/tmp/tmp_34qs74q']
[2026-03-15T12:02:31.258+0000] {standard_task_runner.py:105} INFO - Job 155: Subtask write_db
[2026-03-15T12:02:31.729+0000] {task_command.py:467} INFO - Running <TaskInstance: dag_get_data_from_yf.write_db scheduled__2026-03-03T00:00:00+00:00 [running]> on host 0682dd67c20c
[2026-03-15T12:02:32.184+0000] {taskinstance.py:3157} INFO - Exporting env vars: AIRFLOW_CTX_DAG_OWNER='***' AIRFLOW_CTX_DAG_ID='dag_get_data_from_yf' AIRFLOW_CTX_TASK_ID='write_db' AIRFLOW_CTX_EXECUTION_DATE='2026-03-03T00:00:00+00:00' AIRFLOW_CTX_TRY_NUMBER='1' AIRFLOW_CTX_DAG_RUN_ID='scheduled__2026-03-03T00:00:00+00:00'
[2026-03-15T12:02:32.187+0000] {logging_mixin.py:190} INFO - Task instance is in running state
[2026-03-15T12:02:32.187+0000] {logging_mixin.py:190} INFO -  Previous state of the Task instance: queued
[2026-03-15T12:02:32.188+0000] {logging_mixin.py:190} INFO - Current task name:write_db state:running start_date:2026-03-15 12:02:30.878188+00:00
[2026-03-15T12:02:32.188+0000] {logging_mixin.py:190} INFO - Dag name:dag_get_data_from_yf and current dag run status:running
[2026-03-15T12:02:32.188+0000] {taskinstance.py:740} INFO - ::endgroup::
[2026-03-15T12:02:32.190+0000] {python.py:240} INFO - Done. Returned value was: None
[2026-03-15T12:02:32.226+0000] {taskinstance.py:349} INFO - ::group::Post task execution logs
[2026-03-15T12:02:32.227+0000] {taskinstance.py:361} INFO - Marking task as SUCCESS. dag_id=dag_get_data_from_yf, task_id=write_db, run_id=scheduled__2026-03-03T00:00:00+00:00, execution_date=20260303T000000, start_date=20260315T120230, end_date=20260315T120232
[2026-03-15T12:02:32.448+0000] {logging_mixin.py:190} INFO - Task instance in success state
[2026-03-15T12:02:32.449+0000] {logging_mixin.py:190} INFO -  Previous state of the Task instance: running
[2026-03-15T12:02:32.450+0000] {logging_mixin.py:190} INFO - Dag name:dag_get_data_from_yf queued_at:2026-03-15 11:58:14.232441+00:00
[2026-03-15T12:02:32.451+0000] {logging_mixin.py:190} INFO - Task hostname:0682dd67c20c operator:_PythonDecoratedOperator
[2026-03-15T12:02:32.503+0000] {local_task_job_runner.py:266} INFO - Task exited with return code 0
[2026-03-15T12:02:32.723+0000] {taskinstance.py:3924} INFO - 1 downstream tasks scheduled from follow-on schedule check
[2026-03-15T12:02:32.735+0000] {local_task_job_runner.py:245} INFO - ::endgroup::
[2026-03-15T12:15:12.455+0000] {local_task_job_runner.py:123} INFO - ::group::Pre task execution logs
[2026-03-15T12:15:12.922+0000] {taskinstance.py:2631} INFO - Dependencies all met for dep_context=non-requeueable deps ti=<TaskInstance: dag_get_data_from_yf.write_db scheduled__2026-03-03T00:00:00+00:00 [queued]>
[2026-03-15T12:15:13.061+0000] {taskinstance.py:2631} INFO - Dependencies all met for dep_context=requeueable deps ti=<TaskInstance: dag_get_data_from_yf.write_db scheduled__2026-03-03T00:00:00+00:00 [queued]>
[2026-03-15T12:15:13.089+0000] {taskinstance.py:2884} INFO - Starting attempt 1 of 1
[2026-03-15T12:15:13.326+0000] {taskinstance.py:2907} INFO - Executing <Task(_PythonDecoratedOperator): write_db> on 2026-03-03 00:00:00+00:00
[2026-03-15T12:15:13.392+0000] {standard_task_runner.py:104} INFO - Running: ['***', 'tasks', 'run', 'dag_get_data_from_yf', 'write_db', 'scheduled__2026-03-03T00:00:00+00:00', '--job-id', '263', '--raw', '--subdir', 'DAGS_FOLDER/get_finance_yf_csv.py', '--cfg-path', '/tmp/tmpx1hd4f_m']
[2026-03-15T12:15:13.412+0000] {standard_task_runner.py:105} INFO - Job 263: Subtask write_db
[2026-03-15T12:15:13.385+0000] {warnings.py:112} WARNING - /home/***/.local/lib/python3.12/site-packages/***/task/task_runner/standard_task_runner.py:70: DeprecationWarning: This process (pid=3162) is multi-threaded, use of fork() may lead to deadlocks in the child.
  pid = os.fork()

[2026-03-15T12:15:13.415+0000] {standard_task_runner.py:72} INFO - Started process 3250 to run task
[2026-03-15T12:15:13.867+0000] {task_command.py:467} INFO - Running <TaskInstance: dag_get_data_from_yf.write_db scheduled__2026-03-03T00:00:00+00:00 [running]> on host 0682dd67c20c
[2026-03-15T12:15:14.856+0000] {taskinstance.py:3157} INFO - Exporting env vars: AIRFLOW_CTX_DAG_OWNER='***' AIRFLOW_CTX_DAG_ID='dag_get_data_from_yf' AIRFLOW_CTX_TASK_ID='write_db' AIRFLOW_CTX_EXECUTION_DATE='2026-03-03T00:00:00+00:00' AIRFLOW_CTX_TRY_NUMBER='1' AIRFLOW_CTX_DAG_RUN_ID='scheduled__2026-03-03T00:00:00+00:00'
[2026-03-15T12:15:14.858+0000] {logging_mixin.py:190} INFO - Task instance is in running state
[2026-03-15T12:15:14.859+0000] {logging_mixin.py:190} INFO -  Previous state of the Task instance: queued
[2026-03-15T12:15:14.859+0000] {logging_mixin.py:190} INFO - Current task name:write_db state:running start_date:2026-03-15 12:15:12.942056+00:00
[2026-03-15T12:15:14.860+0000] {logging_mixin.py:190} INFO - Dag name:dag_get_data_from_yf and current dag run status:running
[2026-03-15T12:15:14.860+0000] {taskinstance.py:740} INFO - ::endgroup::
[2026-03-15T12:15:14.862+0000] {python.py:240} INFO - Done. Returned value was: None
[2026-03-15T12:15:14.974+0000] {taskinstance.py:349} INFO - ::group::Post task execution logs
[2026-03-15T12:15:14.975+0000] {taskinstance.py:361} INFO - Marking task as SUCCESS. dag_id=dag_get_data_from_yf, task_id=write_db, run_id=scheduled__2026-03-03T00:00:00+00:00, execution_date=20260303T000000, start_date=20260315T121512, end_date=20260315T121514
[2026-03-15T12:15:15.178+0000] {logging_mixin.py:190} INFO - Task instance in success state
[2026-03-15T12:15:15.179+0000] {logging_mixin.py:190} INFO -  Previous state of the Task instance: running
[2026-03-15T12:15:15.180+0000] {logging_mixin.py:190} INFO - Dag name:dag_get_data_from_yf queued_at:2026-03-15 12:05:14.584322+00:00
[2026-03-15T12:15:15.180+0000] {logging_mixin.py:190} INFO - Task hostname:0682dd67c20c operator:_PythonDecoratedOperator
[2026-03-15T12:15:15.210+0000] {local_task_job_runner.py:266} INFO - Task exited with return code 0
[2026-03-15T12:15:15.284+0000] {local_task_job_runner.py:245} INFO - ::endgroup::
[2026-03-15T15:00:01.009+0000] {local_task_job_runner.py:123} INFO - ::group::Pre task execution logs
[2026-03-15T15:00:01.213+0000] {taskinstance.py:2631} INFO - Dependencies all met for dep_context=non-requeueable deps ti=<TaskInstance: dag_get_data_from_yf.write_db scheduled__2026-03-03T00:00:00+00:00 [queued]>
[2026-03-15T15:00:01.280+0000] {taskinstance.py:2631} INFO - Dependencies all met for dep_context=requeueable deps ti=<TaskInstance: dag_get_data_from_yf.write_db scheduled__2026-03-03T00:00:00+00:00 [queued]>
[2026-03-15T15:00:01.281+0000] {taskinstance.py:2884} INFO - Starting attempt 1 of 1
[2026-03-15T15:00:01.341+0000] {taskinstance.py:2907} INFO - Executing <Task(_PythonDecoratedOperator): write_db> on 2026-03-03 00:00:00+00:00
[2026-03-15T15:00:01.366+0000] {warnings.py:112} WARNING - /home/***/.local/lib/python3.12/site-packages/***/task/task_runner/standard_task_runner.py:70: DeprecationWarning: This process (pid=4444) is multi-threaded, use of fork() may lead to deadlocks in the child.
  pid = os.fork()

[2026-03-15T15:00:01.370+0000] {standard_task_runner.py:72} INFO - Started process 4481 to run task
[2026-03-15T15:00:01.392+0000] {standard_task_runner.py:104} INFO - Running: ['***', 'tasks', 'run', 'dag_get_data_from_yf', 'write_db', 'scheduled__2026-03-03T00:00:00+00:00', '--job-id', '362', '--raw', '--subdir', 'DAGS_FOLDER/get_finance_yf_csv.py', '--cfg-path', '/tmp/tmpk_qy98ls']
[2026-03-15T15:00:01.402+0000] {standard_task_runner.py:105} INFO - Job 362: Subtask write_db
[2026-03-15T15:00:01.781+0000] {task_command.py:467} INFO - Running <TaskInstance: dag_get_data_from_yf.write_db scheduled__2026-03-03T00:00:00+00:00 [running]> on host 0682dd67c20c
[2026-03-15T15:00:02.384+0000] {taskinstance.py:3157} INFO - Exporting env vars: AIRFLOW_CTX_DAG_OWNER='***' AIRFLOW_CTX_DAG_ID='dag_get_data_from_yf' AIRFLOW_CTX_TASK_ID='write_db' AIRFLOW_CTX_EXECUTION_DATE='2026-03-03T00:00:00+00:00' AIRFLOW_CTX_TRY_NUMBER='1' AIRFLOW_CTX_DAG_RUN_ID='scheduled__2026-03-03T00:00:00+00:00'
[2026-03-15T15:00:02.387+0000] {logging_mixin.py:190} INFO - Task instance is in running state
[2026-03-15T15:00:02.391+0000] {logging_mixin.py:190} INFO -  Previous state of the Task instance: queued
[2026-03-15T15:00:02.392+0000] {logging_mixin.py:190} INFO - Current task name:write_db state:running start_date:2026-03-15 15:00:01.223002+00:00
[2026-03-15T15:00:02.392+0000] {logging_mixin.py:190} INFO - Dag name:dag_get_data_from_yf and current dag run status:running
[2026-03-15T15:00:02.393+0000] {taskinstance.py:740} INFO - ::endgroup::
[2026-03-15T15:00:02.394+0000] {python.py:240} INFO - Done. Returned value was: None
[2026-03-15T15:00:02.464+0000] {taskinstance.py:349} INFO - ::group::Post task execution logs
[2026-03-15T15:00:02.465+0000] {taskinstance.py:361} INFO - Marking task as SUCCESS. dag_id=dag_get_data_from_yf, task_id=write_db, run_id=scheduled__2026-03-03T00:00:00+00:00, execution_date=20260303T000000, start_date=20260315T150001, end_date=20260315T150002
[2026-03-15T15:00:02.702+0000] {logging_mixin.py:190} INFO - Task instance in success state
[2026-03-15T15:00:02.708+0000] {logging_mixin.py:190} INFO -  Previous state of the Task instance: running
[2026-03-15T15:00:02.710+0000] {logging_mixin.py:190} INFO - Dag name:dag_get_data_from_yf queued_at:2026-03-15 14:51:59.038446+00:00
[2026-03-15T15:00:02.710+0000] {logging_mixin.py:190} INFO - Task hostname:0682dd67c20c operator:_PythonDecoratedOperator
[2026-03-15T15:00:02.737+0000] {local_task_job_runner.py:266} INFO - Task exited with return code 0
[2026-03-15T15:00:03.089+0000] {taskinstance.py:3924} INFO - 1 downstream tasks scheduled from follow-on schedule check
[2026-03-15T15:00:03.132+0000] {local_task_job_runner.py:245} INFO - ::endgroup::
[2026-03-15T15:25:52.200+0000] {local_task_job_runner.py:123} INFO - ::group::Pre task execution logs
[2026-03-15T15:25:52.354+0000] {taskinstance.py:2631} INFO - Dependencies all met for dep_context=non-requeueable deps ti=<TaskInstance: dag_get_data_from_yf.write_db scheduled__2026-03-03T00:00:00+00:00 [queued]>
[2026-03-15T15:25:52.387+0000] {taskinstance.py:2631} INFO - Dependencies all met for dep_context=requeueable deps ti=<TaskInstance: dag_get_data_from_yf.write_db scheduled__2026-03-03T00:00:00+00:00 [queued]>
[2026-03-15T15:25:52.388+0000] {taskinstance.py:2884} INFO - Starting attempt 1 of 1
[2026-03-15T15:25:52.767+0000] {taskinstance.py:2907} INFO - Executing <Task(_PythonDecoratedOperator): write_db> on 2026-03-03 00:00:00+00:00
[2026-03-15T15:25:52.892+0000] {warnings.py:112} WARNING - /home/***/.local/lib/python3.12/site-packages/***/task/task_runner/standard_task_runner.py:70: DeprecationWarning: This process (pid=1173) is multi-threaded, use of fork() may lead to deadlocks in the child.
  pid = os.fork()

[2026-03-15T15:25:52.881+0000] {standard_task_runner.py:104} INFO - Running: ['***', 'tasks', 'run', 'dag_get_data_from_yf', 'write_db', 'scheduled__2026-03-03T00:00:00+00:00', '--job-id', '498', '--raw', '--subdir', 'DAGS_FOLDER/get_finance_yf_csv.py', '--cfg-path', '/tmp/tmp0jn5vaqu']
[2026-03-15T15:25:52.905+0000] {standard_task_runner.py:105} INFO - Job 498: Subtask write_db
[2026-03-15T15:25:52.916+0000] {standard_task_runner.py:72} INFO - Started process 1214 to run task
[2026-03-15T15:25:53.390+0000] {task_command.py:467} INFO - Running <TaskInstance: dag_get_data_from_yf.write_db scheduled__2026-03-03T00:00:00+00:00 [running]> on host c2f7721b6bb3
[2026-03-15T15:25:53.923+0000] {taskinstance.py:3157} INFO - Exporting env vars: AIRFLOW_CTX_DAG_OWNER='***' AIRFLOW_CTX_DAG_ID='dag_get_data_from_yf' AIRFLOW_CTX_TASK_ID='write_db' AIRFLOW_CTX_EXECUTION_DATE='2026-03-03T00:00:00+00:00' AIRFLOW_CTX_TRY_NUMBER='1' AIRFLOW_CTX_DAG_RUN_ID='scheduled__2026-03-03T00:00:00+00:00'
[2026-03-15T15:25:53.961+0000] {logging_mixin.py:190} INFO - Task instance is in running state
[2026-03-15T15:25:53.962+0000] {logging_mixin.py:190} INFO -  Previous state of the Task instance: queued
[2026-03-15T15:25:53.963+0000] {logging_mixin.py:190} INFO - Current task name:write_db state:running start_date:2026-03-15 15:25:52.356032+00:00
[2026-03-15T15:25:53.964+0000] {logging_mixin.py:190} INFO - Dag name:dag_get_data_from_yf and current dag run status:running
[2026-03-15T15:25:53.965+0000] {taskinstance.py:740} INFO - ::endgroup::
[2026-03-15T15:25:53.976+0000] {python.py:240} INFO - Done. Returned value was: None
[2026-03-15T15:25:54.054+0000] {taskinstance.py:349} INFO - ::group::Post task execution logs
[2026-03-15T15:25:54.054+0000] {taskinstance.py:361} INFO - Marking task as SUCCESS. dag_id=dag_get_data_from_yf, task_id=write_db, run_id=scheduled__2026-03-03T00:00:00+00:00, execution_date=20260303T000000, start_date=20260315T152552, end_date=20260315T152554
[2026-03-15T15:25:54.237+0000] {logging_mixin.py:190} INFO - Task instance in success state
[2026-03-15T15:25:54.238+0000] {logging_mixin.py:190} INFO -  Previous state of the Task instance: running
[2026-03-15T15:25:54.239+0000] {logging_mixin.py:190} INFO - Dag name:dag_get_data_from_yf queued_at:2026-03-15 15:18:37.811437+00:00
[2026-03-15T15:25:54.239+0000] {logging_mixin.py:190} INFO - Task hostname:c2f7721b6bb3 operator:_PythonDecoratedOperator
[2026-03-15T15:25:54.269+0000] {local_task_job_runner.py:266} INFO - Task exited with return code 0
[2026-03-15T15:25:54.327+0000] {local_task_job_runner.py:245} INFO - ::endgroup::
[2026-03-15T16:22:57.424+0000] {local_task_job_runner.py:123} INFO - ::group::Pre task execution logs
[2026-03-15T16:22:57.521+0000] {taskinstance.py:2631} INFO - Dependencies all met for dep_context=non-requeueable deps ti=<TaskInstance: dag_get_data_from_yf.write_db scheduled__2026-03-03T00:00:00+00:00 [queued]>
[2026-03-15T16:22:57.553+0000] {taskinstance.py:2631} INFO - Dependencies all met for dep_context=requeueable deps ti=<TaskInstance: dag_get_data_from_yf.write_db scheduled__2026-03-03T00:00:00+00:00 [queued]>
[2026-03-15T16:22:57.554+0000] {taskinstance.py:2884} INFO - Starting attempt 1 of 1
[2026-03-15T16:22:57.628+0000] {taskinstance.py:2907} INFO - Executing <Task(_PythonDecoratedOperator): write_db> on 2026-03-03 00:00:00+00:00
[2026-03-15T16:22:57.904+0000] {warnings.py:112} WARNING - /home/***/.local/lib/python3.12/site-packages/***/task/task_runner/standard_task_runner.py:70: DeprecationWarning: This process (pid=2971) is multi-threaded, use of fork() may lead to deadlocks in the child.
  pid = os.fork()

[2026-03-15T16:22:57.948+0000] {standard_task_runner.py:72} INFO - Started process 3033 to run task
[2026-03-15T16:22:57.951+0000] {standard_task_runner.py:104} INFO - Running: ['***', 'tasks', 'run', 'dag_get_data_from_yf', 'write_db', 'scheduled__2026-03-03T00:00:00+00:00', '--job-id', '624', '--raw', '--subdir', 'DAGS_FOLDER/get_finance_yf_csv.py', '--cfg-path', '/tmp/tmpvq91agxw']
[2026-03-15T16:22:57.954+0000] {standard_task_runner.py:105} INFO - Job 624: Subtask write_db
[2026-03-15T16:22:58.747+0000] {task_command.py:467} INFO - Running <TaskInstance: dag_get_data_from_yf.write_db scheduled__2026-03-03T00:00:00+00:00 [running]> on host c2f7721b6bb3
[2026-03-15T16:22:59.559+0000] {taskinstance.py:3157} INFO - Exporting env vars: AIRFLOW_CTX_DAG_OWNER='***' AIRFLOW_CTX_DAG_ID='dag_get_data_from_yf' AIRFLOW_CTX_TASK_ID='write_db' AIRFLOW_CTX_EXECUTION_DATE='2026-03-03T00:00:00+00:00' AIRFLOW_CTX_TRY_NUMBER='1' AIRFLOW_CTX_DAG_RUN_ID='scheduled__2026-03-03T00:00:00+00:00'
[2026-03-15T16:22:59.563+0000] {logging_mixin.py:190} INFO - Task instance is in running state
[2026-03-15T16:22:59.591+0000] {logging_mixin.py:190} INFO -  Previous state of the Task instance: queued
[2026-03-15T16:22:59.592+0000] {logging_mixin.py:190} INFO - Current task name:write_db state:running start_date:2026-03-15 16:22:57.522056+00:00
[2026-03-15T16:22:59.592+0000] {logging_mixin.py:190} INFO - Dag name:dag_get_data_from_yf and current dag run status:running
[2026-03-15T16:22:59.593+0000] {taskinstance.py:740} INFO - ::endgroup::
[2026-03-15T16:22:59.714+0000] {base.py:84} INFO - Retrieving connection 'db_custom'
[2026-03-15T16:22:59.774+0000] {logging_mixin.py:190} INFO - Transaksi berhasil di-commit.
[2026-03-15T16:22:59.777+0000] {python.py:240} INFO - Done. Returned value was: None
[2026-03-15T16:23:00.038+0000] {taskinstance.py:349} INFO - ::group::Post task execution logs
[2026-03-15T16:23:00.068+0000] {taskinstance.py:361} INFO - Marking task as SUCCESS. dag_id=dag_get_data_from_yf, task_id=write_db, run_id=scheduled__2026-03-03T00:00:00+00:00, execution_date=20260303T000000, start_date=20260315T162257, end_date=20260315T162300
[2026-03-15T16:23:00.301+0000] {logging_mixin.py:190} INFO - Task instance in success state
[2026-03-15T16:23:00.302+0000] {logging_mixin.py:190} INFO -  Previous state of the Task instance: running
[2026-03-15T16:23:00.315+0000] {logging_mixin.py:190} INFO - Dag name:dag_get_data_from_yf queued_at:2026-03-15 16:14:38.426588+00:00
[2026-03-15T16:23:00.315+0000] {logging_mixin.py:190} INFO - Task hostname:c2f7721b6bb3 operator:_PythonDecoratedOperator
[2026-03-15T16:23:00.458+0000] {local_task_job_runner.py:266} INFO - Task exited with return code 0
[2026-03-15T16:23:00.731+0000] {taskinstance.py:3924} INFO - 1 downstream tasks scheduled from follow-on schedule check
[2026-03-15T16:23:00.743+0000] {local_task_job_runner.py:245} INFO - ::endgroup::
[2026-03-16T05:55:38.382+0000] {local_task_job_runner.py:123} INFO - ::group::Pre task execution logs
[2026-03-16T05:55:38.530+0000] {taskinstance.py:2631} INFO - Dependencies all met for dep_context=non-requeueable deps ti=<TaskInstance: dag_get_data_from_yf.write_db scheduled__2026-03-03T00:00:00+00:00 [queued]>
[2026-03-16T05:55:38.603+0000] {taskinstance.py:2631} INFO - Dependencies all met for dep_context=requeueable deps ti=<TaskInstance: dag_get_data_from_yf.write_db scheduled__2026-03-03T00:00:00+00:00 [queued]>
[2026-03-16T05:55:38.604+0000] {taskinstance.py:2884} INFO - Starting attempt 1 of 1
[2026-03-16T05:55:38.672+0000] {taskinstance.py:2907} INFO - Executing <Task(_PythonDecoratedOperator): write_db> on 2026-03-03 00:00:00+00:00
[2026-03-16T05:55:38.690+0000] {warnings.py:112} WARNING - /home/***/.local/lib/python3.12/site-packages/***/task/task_runner/standard_task_runner.py:70: DeprecationWarning: This process (pid=2491) is multi-threaded, use of fork() may lead to deadlocks in the child.
  pid = os.fork()

[2026-03-16T05:55:38.693+0000] {standard_task_runner.py:72} INFO - Started process 2535 to run task
[2026-03-16T05:55:38.717+0000] {standard_task_runner.py:104} INFO - Running: ['***', 'tasks', 'run', 'dag_get_data_from_yf', 'write_db', 'scheduled__2026-03-03T00:00:00+00:00', '--job-id', '862', '--raw', '--subdir', 'DAGS_FOLDER/get_finance_yf_csv.py', '--cfg-path', '/tmp/tmpd3ke5o4_']
[2026-03-16T05:55:38.719+0000] {standard_task_runner.py:105} INFO - Job 862: Subtask write_db
[2026-03-16T05:55:39.001+0000] {task_command.py:467} INFO - Running <TaskInstance: dag_get_data_from_yf.write_db scheduled__2026-03-03T00:00:00+00:00 [running]> on host 662456f34d26
[2026-03-16T05:55:39.370+0000] {taskinstance.py:3157} INFO - Exporting env vars: AIRFLOW_CTX_DAG_OWNER='***' AIRFLOW_CTX_DAG_ID='dag_get_data_from_yf' AIRFLOW_CTX_TASK_ID='write_db' AIRFLOW_CTX_EXECUTION_DATE='2026-03-03T00:00:00+00:00' AIRFLOW_CTX_TRY_NUMBER='1' AIRFLOW_CTX_DAG_RUN_ID='scheduled__2026-03-03T00:00:00+00:00'
[2026-03-16T05:55:39.383+0000] {logging_mixin.py:190} INFO - Task instance is in running state
[2026-03-16T05:55:39.384+0000] {logging_mixin.py:190} INFO -  Previous state of the Task instance: queued
[2026-03-16T05:55:39.385+0000] {logging_mixin.py:190} INFO - Current task name:write_db state:running start_date:2026-03-16 05:55:38.530992+00:00
[2026-03-16T05:55:39.386+0000] {logging_mixin.py:190} INFO - Dag name:dag_get_data_from_yf and current dag run status:running
[2026-03-16T05:55:39.387+0000] {taskinstance.py:740} INFO - ::endgroup::
[2026-03-16T05:55:39.448+0000] {base.py:84} INFO - Retrieving connection 'db_custom'
[2026-03-16T05:55:39.472+0000] {logging_mixin.py:190} INFO - Terjadi kesalahan, transaksi di-rollback: syntax error at or near ")"
LINE 1: ..., high, low, open, inserted_at_timestamp) VALUES (), (), ();...
                                                             ^
[2026-03-16T05:55:39.477+0000] {logging_mixin.py:190} INFO - koneksi ditutup
[2026-03-16T05:55:39.479+0000] {taskinstance.py:3336} ERROR - Task failed with exception
Traceback (most recent call last):
  File "/home/airflow/.local/lib/python3.12/site-packages/airflow/models/taskinstance.py", line 776, in _execute_task
    result = _execute_callable(context=context, **execute_callable_kwargs)
             ^^^^^^^^^^^^^^^^^^^^^^^^^^^^^^^^^^^^^^^^^^^^^^^^^^^^^^^^^^^^^
  File "/home/airflow/.local/lib/python3.12/site-packages/airflow/models/taskinstance.py", line 742, in _execute_callable
    return ExecutionCallableRunner(
           ^^^^^^^^^^^^^^^^^^^^^^^^
  File "/home/airflow/.local/lib/python3.12/site-packages/airflow/utils/operator_helpers.py", line 252, in run
    return self.func(*args, **kwargs)
           ^^^^^^^^^^^^^^^^^^^^^^^^^^
  File "/home/airflow/.local/lib/python3.12/site-packages/airflow/models/baseoperator.py", line 425, in wrapper
    return func(self, *args, **kwargs)
           ^^^^^^^^^^^^^^^^^^^^^^^^^^^
  File "/home/airflow/.local/lib/python3.12/site-packages/airflow/decorators/base.py", line 266, in execute
    return_value = super().execute(context)
                   ^^^^^^^^^^^^^^^^^^^^^^^^
  File "/home/airflow/.local/lib/python3.12/site-packages/airflow/models/baseoperator.py", line 425, in wrapper
    return func(self, *args, **kwargs)
           ^^^^^^^^^^^^^^^^^^^^^^^^^^^
  File "/home/airflow/.local/lib/python3.12/site-packages/airflow/operators/python.py", line 238, in execute
    return_value = self.execute_callable()
                   ^^^^^^^^^^^^^^^^^^^^^^^
  File "/home/airflow/.local/lib/python3.12/site-packages/airflow/operators/python.py", line 256, in execute_callable
    return runner.run(*self.op_args, **self.op_kwargs)
           ^^^^^^^^^^^^^^^^^^^^^^^^^^^^^^^^^^^^^^^^^^^
  File "/home/airflow/.local/lib/python3.12/site-packages/airflow/utils/operator_helpers.py", line 252, in run
    return self.func(*args, **kwargs)
           ^^^^^^^^^^^^^^^^^^^^^^^^^^
  File "/opt/airflow/dags/get_finance_yf_csv.py", line 235, in write_db
    raise e  # lempar error agar task Airflow ditandai 'Failed'
    ^^^^^^^
  File "/opt/airflow/dags/get_finance_yf_csv.py", line 228, in write_db
    cursor.execute(query_insert)
psycopg2.errors.SyntaxError: syntax error at or near ")"
LINE 1: ..., high, low, open, inserted_at_timestamp) VALUES (), (), ();...
                                                             ^

[2026-03-16T05:55:39.533+0000] {logging_mixin.py:190} INFO - Task instance in failure state
[2026-03-16T05:55:39.534+0000] {logging_mixin.py:190} INFO - Task start:2026-03-16 05:55:38.530992+00:00 end:2026-03-16 05:55:39.532490+00:00 duration:1.001498
[2026-03-16T05:55:39.534+0000] {logging_mixin.py:190} INFO - Task:<Task(_PythonDecoratedOperator): write_db> dag:<DAG: dag_get_data_from_yf> dagrun:<DagRun dag_get_data_from_yf @ 2026-03-03 00:00:00+00:00: scheduled__2026-03-03T00:00:00+00:00, state:running, queued_at: 2026-03-16 04:41:04.591219+00:00. externally triggered: False>
[2026-03-16T05:55:39.535+0000] {logging_mixin.py:190} INFO - Failure caused by syntax error at or near ")"
LINE 1: ..., high, low, open, inserted_at_timestamp) VALUES (), (), ();...
                                                             ^
[2026-03-16T05:55:39.535+0000] {taskinstance.py:1242} INFO - Marking task as FAILED. dag_id=dag_get_data_from_yf, task_id=write_db, run_id=scheduled__2026-03-03T00:00:00+00:00, execution_date=20260303T000000, start_date=20260316T055538, end_date=20260316T055539
[2026-03-16T05:55:39.648+0000] {taskinstance.py:349} INFO - ::group::Post task execution logs
[2026-03-16T05:55:39.649+0000] {standard_task_runner.py:124} ERROR - Failed to execute job 862 for task write_db (syntax error at or near ")"
LINE 1: ..., high, low, open, inserted_at_timestamp) VALUES (), (), ();...
                                                             ^
; 2535)
Traceback (most recent call last):
  File "/home/airflow/.local/lib/python3.12/site-packages/airflow/task/task_runner/standard_task_runner.py", line 117, in _start_by_fork
    ret = args.func(args, dag=self.dag)
          ^^^^^^^^^^^^^^^^^^^^^^^^^^^^^
  File "/home/airflow/.local/lib/python3.12/site-packages/airflow/cli/cli_config.py", line 49, in command
    return func(*args, **kwargs)
           ^^^^^^^^^^^^^^^^^^^^^
  File "/home/airflow/.local/lib/python3.12/site-packages/airflow/utils/cli.py", line 116, in wrapper
    return f(*args, **kwargs)
           ^^^^^^^^^^^^^^^^^^
  File "/home/airflow/.local/lib/python3.12/site-packages/airflow/cli/commands/task_command.py", line 483, in task_run
    task_return_code = _run_task_by_selected_method(args, _dag, ti)
                       ^^^^^^^^^^^^^^^^^^^^^^^^^^^^^^^^^^^^^^^^^^^^
  File "/home/airflow/.local/lib/python3.12/site-packages/airflow/cli/commands/task_command.py", line 256, in _run_task_by_selected_method
    return _run_raw_task(args, ti)
           ^^^^^^^^^^^^^^^^^^^^^^^
  File "/home/airflow/.local/lib/python3.12/site-packages/airflow/cli/commands/task_command.py", line 341, in _run_raw_task
    return ti._run_raw_task(
           ^^^^^^^^^^^^^^^^^
  File "/home/airflow/.local/lib/python3.12/site-packages/airflow/utils/session.py", line 97, in wrapper
    return func(*args, session=session, **kwargs)
           ^^^^^^^^^^^^^^^^^^^^^^^^^^^^^^^^^^^^^^
  File "/home/airflow/.local/lib/python3.12/site-packages/airflow/models/taskinstance.py", line 3029, in _run_raw_task
    return _run_raw_task(
           ^^^^^^^^^^^^^^
  File "/home/airflow/.local/lib/python3.12/site-packages/airflow/models/taskinstance.py", line 282, in _run_raw_task
    TaskInstance._execute_task_with_callbacks(
  File "/home/airflow/.local/lib/python3.12/site-packages/airflow/models/taskinstance.py", line 3184, in _execute_task_with_callbacks
    result = self._execute_task(context, task_orig)
             ^^^^^^^^^^^^^^^^^^^^^^^^^^^^^^^^^^^^^^
  File "/home/airflow/.local/lib/python3.12/site-packages/airflow/models/taskinstance.py", line 3208, in _execute_task
    return _execute_task(self, context, task_orig)
           ^^^^^^^^^^^^^^^^^^^^^^^^^^^^^^^^^^^^^^^
  File "/home/airflow/.local/lib/python3.12/site-packages/airflow/models/taskinstance.py", line 776, in _execute_task
    result = _execute_callable(context=context, **execute_callable_kwargs)
             ^^^^^^^^^^^^^^^^^^^^^^^^^^^^^^^^^^^^^^^^^^^^^^^^^^^^^^^^^^^^^
  File "/home/airflow/.local/lib/python3.12/site-packages/airflow/models/taskinstance.py", line 742, in _execute_callable
    return ExecutionCallableRunner(
           ^^^^^^^^^^^^^^^^^^^^^^^^
  File "/home/airflow/.local/lib/python3.12/site-packages/airflow/utils/operator_helpers.py", line 252, in run
    return self.func(*args, **kwargs)
           ^^^^^^^^^^^^^^^^^^^^^^^^^^
  File "/home/airflow/.local/lib/python3.12/site-packages/airflow/models/baseoperator.py", line 425, in wrapper
    return func(self, *args, **kwargs)
           ^^^^^^^^^^^^^^^^^^^^^^^^^^^
  File "/home/airflow/.local/lib/python3.12/site-packages/airflow/decorators/base.py", line 266, in execute
    return_value = super().execute(context)
                   ^^^^^^^^^^^^^^^^^^^^^^^^
  File "/home/airflow/.local/lib/python3.12/site-packages/airflow/models/baseoperator.py", line 425, in wrapper
    return func(self, *args, **kwargs)
           ^^^^^^^^^^^^^^^^^^^^^^^^^^^
  File "/home/airflow/.local/lib/python3.12/site-packages/airflow/operators/python.py", line 238, in execute
    return_value = self.execute_callable()
                   ^^^^^^^^^^^^^^^^^^^^^^^
  File "/home/airflow/.local/lib/python3.12/site-packages/airflow/operators/python.py", line 256, in execute_callable
    return runner.run(*self.op_args, **self.op_kwargs)
           ^^^^^^^^^^^^^^^^^^^^^^^^^^^^^^^^^^^^^^^^^^^
  File "/home/airflow/.local/lib/python3.12/site-packages/airflow/utils/operator_helpers.py", line 252, in run
    return self.func(*args, **kwargs)
           ^^^^^^^^^^^^^^^^^^^^^^^^^^
  File "/opt/airflow/dags/get_finance_yf_csv.py", line 235, in write_db
    raise e  # lempar error agar task Airflow ditandai 'Failed'
    ^^^^^^^
  File "/opt/airflow/dags/get_finance_yf_csv.py", line 228, in write_db
    cursor.execute(query_insert)
psycopg2.errors.SyntaxError: syntax error at or near ")"
LINE 1: ..., high, low, open, inserted_at_timestamp) VALUES (), (), ();...
                                                             ^

[2026-03-16T05:55:39.706+0000] {local_task_job_runner.py:266} INFO - Task exited with return code 1
[2026-03-16T05:55:39.815+0000] {taskinstance.py:3924} INFO - 0 downstream tasks scheduled from follow-on schedule check
[2026-03-16T05:55:39.835+0000] {local_task_job_runner.py:245} INFO - ::endgroup::
[2026-03-16T14:22:49.635+0000] {local_task_job_runner.py:123} INFO - ::group::Pre task execution logs
[2026-03-16T14:22:49.712+0000] {taskinstance.py:2631} INFO - Dependencies all met for dep_context=non-requeueable deps ti=<TaskInstance: dag_get_data_from_yf.write_db scheduled__2026-03-03T00:00:00+00:00 [queued]>
[2026-03-16T14:22:49.727+0000] {taskinstance.py:2631} INFO - Dependencies all met for dep_context=requeueable deps ti=<TaskInstance: dag_get_data_from_yf.write_db scheduled__2026-03-03T00:00:00+00:00 [queued]>
[2026-03-16T14:22:49.728+0000] {taskinstance.py:2884} INFO - Starting attempt 1 of 1
[2026-03-16T14:22:49.754+0000] {taskinstance.py:2907} INFO - Executing <Task(_PythonDecoratedOperator): write_db> on 2026-03-03 00:00:00+00:00
[2026-03-16T14:22:49.789+0000] {warnings.py:112} WARNING - /home/***/.local/lib/python3.12/site-packages/***/task/task_runner/standard_task_runner.py:70: DeprecationWarning: This process (pid=1310) is multi-threaded, use of fork() may lead to deadlocks in the child.
  pid = os.fork()

[2026-03-16T14:22:49.791+0000] {standard_task_runner.py:72} INFO - Started process 1365 to run task
[2026-03-16T14:22:49.795+0000] {standard_task_runner.py:104} INFO - Running: ['***', 'tasks', 'run', 'dag_get_data_from_yf', 'write_db', 'scheduled__2026-03-03T00:00:00+00:00', '--job-id', '1152', '--raw', '--subdir', 'DAGS_FOLDER/get_finance_yf_csv.py', '--cfg-path', '/tmp/tmp03kvxv_r']
[2026-03-16T14:22:49.796+0000] {standard_task_runner.py:105} INFO - Job 1152: Subtask write_db
[2026-03-16T14:22:50.060+0000] {task_command.py:467} INFO - Running <TaskInstance: dag_get_data_from_yf.write_db scheduled__2026-03-03T00:00:00+00:00 [running]> on host 80c99acb76df
[2026-03-16T14:22:50.717+0000] {taskinstance.py:3157} INFO - Exporting env vars: AIRFLOW_CTX_DAG_OWNER='***' AIRFLOW_CTX_DAG_ID='dag_get_data_from_yf' AIRFLOW_CTX_TASK_ID='write_db' AIRFLOW_CTX_EXECUTION_DATE='2026-03-03T00:00:00+00:00' AIRFLOW_CTX_TRY_NUMBER='1' AIRFLOW_CTX_DAG_RUN_ID='scheduled__2026-03-03T00:00:00+00:00'
[2026-03-16T14:22:50.724+0000] {logging_mixin.py:190} INFO - Task instance is in running state
[2026-03-16T14:22:50.725+0000] {logging_mixin.py:190} INFO -  Previous state of the Task instance: queued
[2026-03-16T14:22:50.726+0000] {logging_mixin.py:190} INFO - Current task name:write_db state:running start_date:2026-03-16 14:22:49.713307+00:00
[2026-03-16T14:22:50.727+0000] {logging_mixin.py:190} INFO - Dag name:dag_get_data_from_yf and current dag run status:running
[2026-03-16T14:22:50.728+0000] {taskinstance.py:740} INFO - ::endgroup::
[2026-03-16T14:22:50.797+0000] {base.py:84} INFO - Retrieving connection 'db_custom'
[2026-03-16T14:22:50.847+0000] {logging_mixin.py:190} INFO - Terjadi kesalahan, transaksi di-rollback: name 'df' is not defined
[2026-03-16T14:22:50.848+0000] {logging_mixin.py:190} INFO - koneksi ditutup
[2026-03-16T14:22:50.849+0000] {taskinstance.py:3336} ERROR - Task failed with exception
Traceback (most recent call last):
  File "/home/airflow/.local/lib/python3.12/site-packages/airflow/models/taskinstance.py", line 776, in _execute_task
    result = _execute_callable(context=context, **execute_callable_kwargs)
             ^^^^^^^^^^^^^^^^^^^^^^^^^^^^^^^^^^^^^^^^^^^^^^^^^^^^^^^^^^^^^
  File "/home/airflow/.local/lib/python3.12/site-packages/airflow/models/taskinstance.py", line 742, in _execute_callable
    return ExecutionCallableRunner(
           ^^^^^^^^^^^^^^^^^^^^^^^^
  File "/home/airflow/.local/lib/python3.12/site-packages/airflow/utils/operator_helpers.py", line 252, in run
    return self.func(*args, **kwargs)
           ^^^^^^^^^^^^^^^^^^^^^^^^^^
  File "/home/airflow/.local/lib/python3.12/site-packages/airflow/models/baseoperator.py", line 425, in wrapper
    return func(self, *args, **kwargs)
           ^^^^^^^^^^^^^^^^^^^^^^^^^^^
  File "/home/airflow/.local/lib/python3.12/site-packages/airflow/decorators/base.py", line 266, in execute
    return_value = super().execute(context)
                   ^^^^^^^^^^^^^^^^^^^^^^^^
  File "/home/airflow/.local/lib/python3.12/site-packages/airflow/models/baseoperator.py", line 425, in wrapper
    return func(self, *args, **kwargs)
           ^^^^^^^^^^^^^^^^^^^^^^^^^^^
  File "/home/airflow/.local/lib/python3.12/site-packages/airflow/operators/python.py", line 238, in execute
    return_value = self.execute_callable()
                   ^^^^^^^^^^^^^^^^^^^^^^^
  File "/home/airflow/.local/lib/python3.12/site-packages/airflow/operators/python.py", line 256, in execute_callable
    return runner.run(*self.op_args, **self.op_kwargs)
           ^^^^^^^^^^^^^^^^^^^^^^^^^^^^^^^^^^^^^^^^^^^
  File "/home/airflow/.local/lib/python3.12/site-packages/airflow/utils/operator_helpers.py", line 252, in run
    return self.func(*args, **kwargs)
           ^^^^^^^^^^^^^^^^^^^^^^^^^^
  File "/opt/airflow/dags/get_finance_yf_csv.py", line 234, in write_db
    raise e  # lempar error agar task Airflow ditandai 'Failed'
    ^^^^^^^
  File "/opt/airflow/dags/get_finance_yf_csv.py", line 225, in write_db
    data_to_insert = df[['date', 'ticker', 'close', 'high', 'low', 'open']].values.tolist()
                     ^^
NameError: name 'df' is not defined
[2026-03-16T14:22:50.925+0000] {logging_mixin.py:190} INFO - Task instance in failure state
[2026-03-16T14:22:50.926+0000] {logging_mixin.py:190} INFO - Task start:2026-03-16 14:22:49.713307+00:00 end:2026-03-16 14:22:50.919531+00:00 duration:1.206224
[2026-03-16T14:22:50.926+0000] {logging_mixin.py:190} INFO - Task:<Task(_PythonDecoratedOperator): write_db> dag:<DAG: dag_get_data_from_yf> dagrun:<DagRun dag_get_data_from_yf @ 2026-03-03 00:00:00+00:00: scheduled__2026-03-03T00:00:00+00:00, state:running, queued_at: 2026-03-16 10:57:51.625577+00:00. externally triggered: False>
[2026-03-16T14:22:50.927+0000] {logging_mixin.py:190} INFO - Failure caused by name 'df' is not defined
[2026-03-16T14:22:50.927+0000] {taskinstance.py:1242} INFO - Marking task as FAILED. dag_id=dag_get_data_from_yf, task_id=write_db, run_id=scheduled__2026-03-03T00:00:00+00:00, execution_date=20260303T000000, start_date=20260316T142249, end_date=20260316T142250
[2026-03-16T14:22:51.114+0000] {taskinstance.py:349} INFO - ::group::Post task execution logs
[2026-03-16T14:22:51.115+0000] {standard_task_runner.py:124} ERROR - Failed to execute job 1152 for task write_db (name 'df' is not defined; 1365)
Traceback (most recent call last):
  File "/home/airflow/.local/lib/python3.12/site-packages/airflow/task/task_runner/standard_task_runner.py", line 117, in _start_by_fork
    ret = args.func(args, dag=self.dag)
          ^^^^^^^^^^^^^^^^^^^^^^^^^^^^^
  File "/home/airflow/.local/lib/python3.12/site-packages/airflow/cli/cli_config.py", line 49, in command
    return func(*args, **kwargs)
           ^^^^^^^^^^^^^^^^^^^^^
  File "/home/airflow/.local/lib/python3.12/site-packages/airflow/utils/cli.py", line 116, in wrapper
    return f(*args, **kwargs)
           ^^^^^^^^^^^^^^^^^^
  File "/home/airflow/.local/lib/python3.12/site-packages/airflow/cli/commands/task_command.py", line 483, in task_run
    task_return_code = _run_task_by_selected_method(args, _dag, ti)
                       ^^^^^^^^^^^^^^^^^^^^^^^^^^^^^^^^^^^^^^^^^^^^
  File "/home/airflow/.local/lib/python3.12/site-packages/airflow/cli/commands/task_command.py", line 256, in _run_task_by_selected_method
    return _run_raw_task(args, ti)
           ^^^^^^^^^^^^^^^^^^^^^^^
  File "/home/airflow/.local/lib/python3.12/site-packages/airflow/cli/commands/task_command.py", line 341, in _run_raw_task
    return ti._run_raw_task(
           ^^^^^^^^^^^^^^^^^
  File "/home/airflow/.local/lib/python3.12/site-packages/airflow/utils/session.py", line 97, in wrapper
    return func(*args, session=session, **kwargs)
           ^^^^^^^^^^^^^^^^^^^^^^^^^^^^^^^^^^^^^^
  File "/home/airflow/.local/lib/python3.12/site-packages/airflow/models/taskinstance.py", line 3029, in _run_raw_task
    return _run_raw_task(
           ^^^^^^^^^^^^^^
  File "/home/airflow/.local/lib/python3.12/site-packages/airflow/models/taskinstance.py", line 282, in _run_raw_task
    TaskInstance._execute_task_with_callbacks(
  File "/home/airflow/.local/lib/python3.12/site-packages/airflow/models/taskinstance.py", line 3184, in _execute_task_with_callbacks
    result = self._execute_task(context, task_orig)
             ^^^^^^^^^^^^^^^^^^^^^^^^^^^^^^^^^^^^^^
  File "/home/airflow/.local/lib/python3.12/site-packages/airflow/models/taskinstance.py", line 3208, in _execute_task
    return _execute_task(self, context, task_orig)
           ^^^^^^^^^^^^^^^^^^^^^^^^^^^^^^^^^^^^^^^
  File "/home/airflow/.local/lib/python3.12/site-packages/airflow/models/taskinstance.py", line 776, in _execute_task
    result = _execute_callable(context=context, **execute_callable_kwargs)
             ^^^^^^^^^^^^^^^^^^^^^^^^^^^^^^^^^^^^^^^^^^^^^^^^^^^^^^^^^^^^^
  File "/home/airflow/.local/lib/python3.12/site-packages/airflow/models/taskinstance.py", line 742, in _execute_callable
    return ExecutionCallableRunner(
           ^^^^^^^^^^^^^^^^^^^^^^^^
  File "/home/airflow/.local/lib/python3.12/site-packages/airflow/utils/operator_helpers.py", line 252, in run
    return self.func(*args, **kwargs)
           ^^^^^^^^^^^^^^^^^^^^^^^^^^
  File "/home/airflow/.local/lib/python3.12/site-packages/airflow/models/baseoperator.py", line 425, in wrapper
    return func(self, *args, **kwargs)
           ^^^^^^^^^^^^^^^^^^^^^^^^^^^
  File "/home/airflow/.local/lib/python3.12/site-packages/airflow/decorators/base.py", line 266, in execute
    return_value = super().execute(context)
                   ^^^^^^^^^^^^^^^^^^^^^^^^
  File "/home/airflow/.local/lib/python3.12/site-packages/airflow/models/baseoperator.py", line 425, in wrapper
    return func(self, *args, **kwargs)
           ^^^^^^^^^^^^^^^^^^^^^^^^^^^
  File "/home/airflow/.local/lib/python3.12/site-packages/airflow/operators/python.py", line 238, in execute
    return_value = self.execute_callable()
                   ^^^^^^^^^^^^^^^^^^^^^^^
  File "/home/airflow/.local/lib/python3.12/site-packages/airflow/operators/python.py", line 256, in execute_callable
    return runner.run(*self.op_args, **self.op_kwargs)
           ^^^^^^^^^^^^^^^^^^^^^^^^^^^^^^^^^^^^^^^^^^^
  File "/home/airflow/.local/lib/python3.12/site-packages/airflow/utils/operator_helpers.py", line 252, in run
    return self.func(*args, **kwargs)
           ^^^^^^^^^^^^^^^^^^^^^^^^^^
  File "/opt/airflow/dags/get_finance_yf_csv.py", line 234, in write_db
    raise e  # lempar error agar task Airflow ditandai 'Failed'
    ^^^^^^^
  File "/opt/airflow/dags/get_finance_yf_csv.py", line 225, in write_db
    data_to_insert = df[['date', 'ticker', 'close', 'high', 'low', 'open']].values.tolist()
                     ^^
NameError: name 'df' is not defined
[2026-03-16T14:22:51.187+0000] {local_task_job_runner.py:266} INFO - Task exited with return code 1
[2026-03-16T14:22:51.225+0000] {local_task_job_runner.py:245} INFO - ::endgroup::
