[2026-03-09T04:28:15.792+0000] {local_task_job_runner.py:123} INFO - ::group::Pre task execution logs
[2026-03-09T04:28:15.984+0000] {taskinstance.py:2631} INFO - Dependencies all met for dep_context=non-requeueable deps ti=<TaskInstance: execute_shell_script.execute_script_second scheduled__2026-03-09T04:27:00+00:00 [queued]>
[2026-03-09T04:28:16.038+0000] {taskinstance.py:2631} INFO - Dependencies all met for dep_context=requeueable deps ti=<TaskInstance: execute_shell_script.execute_script_second scheduled__2026-03-09T04:27:00+00:00 [queued]>
[2026-03-09T04:28:16.039+0000] {taskinstance.py:2884} INFO - Starting attempt 1 of 1
[2026-03-09T04:28:16.104+0000] {taskinstance.py:2907} INFO - Executing <Task(BashOperator): execute_script_second> on 2026-03-09 04:27:00+00:00
[2026-03-09T04:28:16.135+0000] {warnings.py:112} WARNING - /home/***/.local/lib/python3.12/site-packages/***/task/task_runner/standard_task_runner.py:70: DeprecationWarning: This process (pid=4760) is multi-threaded, use of fork() may lead to deadlocks in the child.
  pid = os.fork()

[2026-03-09T04:28:16.155+0000] {standard_task_runner.py:72} INFO - Started process 4785 to run task
[2026-03-09T04:28:16.161+0000] {standard_task_runner.py:104} INFO - Running: ['***', 'tasks', 'run', 'execute_shell_script', 'execute_script_second', 'scheduled__2026-03-09T04:27:00+00:00', '--job-id', '6096', '--raw', '--subdir', 'DAGS_FOLDER/executeShellScript.py', '--cfg-path', '/tmp/tmpr9h6wn8j']
[2026-03-09T04:28:16.164+0000] {standard_task_runner.py:105} INFO - Job 6096: Subtask execute_script_second
[2026-03-09T04:28:16.375+0000] {task_command.py:467} INFO - Running <TaskInstance: execute_shell_script.execute_script_second scheduled__2026-03-09T04:27:00+00:00 [running]> on host e96756f86073
[2026-03-09T04:28:16.711+0000] {taskinstance.py:3157} INFO - Exporting env vars: AIRFLOW_CTX_DAG_OWNER='***' AIRFLOW_CTX_DAG_ID='execute_shell_script' AIRFLOW_CTX_TASK_ID='execute_script_second' AIRFLOW_CTX_EXECUTION_DATE='2026-03-09T04:27:00+00:00' AIRFLOW_CTX_TRY_NUMBER='1' AIRFLOW_CTX_DAG_RUN_ID='scheduled__2026-03-09T04:27:00+00:00'
[2026-03-09T04:28:16.715+0000] {logging_mixin.py:190} INFO - Task instance is in running state
[2026-03-09T04:28:16.715+0000] {logging_mixin.py:190} INFO -  Previous state of the Task instance: queued
[2026-03-09T04:28:16.716+0000] {logging_mixin.py:190} INFO - Current task name:execute_script_second state:running start_date:2026-03-09 04:28:15.986189+00:00
[2026-03-09T04:28:16.716+0000] {logging_mixin.py:190} INFO - Dag name:execute_shell_script and current dag run status:running
[2026-03-09T04:28:16.717+0000] {taskinstance.py:740} INFO - ::endgroup::
[2026-03-09T04:28:16.719+0000] {subprocess.py:78} INFO - Tmp dir root location: /tmp
[2026-03-09T04:28:16.726+0000] {subprocess.py:88} INFO - Running command: ['/usr/bin/bash', '-c', 'sh /opt/***/scripts/SampleShellScript.sh /opt/***/scripts/task_output2.txt']
[2026-03-09T04:28:16.767+0000] {subprocess.py:99} INFO - Output:
[2026-03-09T04:28:16.783+0000] {subprocess.py:106} INFO - File '/opt/***/scripts/task_output2.txt' dibuat dengan sample text.
[2026-03-09T04:28:16.785+0000] {subprocess.py:110} INFO - Command exited with return code 0
[2026-03-09T04:28:16.910+0000] {taskinstance.py:349} INFO - ::group::Post task execution logs
[2026-03-09T04:28:16.912+0000] {taskinstance.py:361} INFO - Marking task as SUCCESS. dag_id=execute_shell_script, task_id=execute_script_second, run_id=scheduled__2026-03-09T04:27:00+00:00, execution_date=20260309T042700, start_date=20260309T042815, end_date=20260309T042816
[2026-03-09T04:28:17.024+0000] {logging_mixin.py:190} INFO - Task instance in success state
[2026-03-09T04:28:17.025+0000] {logging_mixin.py:190} INFO -  Previous state of the Task instance: running
[2026-03-09T04:28:17.025+0000] {logging_mixin.py:190} INFO - Dag name:execute_shell_script queued_at:2026-03-09 04:28:00.479566+00:00
[2026-03-09T04:28:17.026+0000] {logging_mixin.py:190} INFO - Task hostname:e96756f86073 operator:BashOperator
[2026-03-09T04:28:17.057+0000] {local_task_job_runner.py:266} INFO - Task exited with return code 0
[2026-03-09T04:28:17.137+0000] {taskinstance.py:3924} INFO - 0 downstream tasks scheduled from follow-on schedule check
[2026-03-09T04:28:17.152+0000] {local_task_job_runner.py:245} INFO - ::endgroup::
