[2026-03-04T02:03:11.982+0000] {local_task_job_runner.py:123} INFO - ::group::Pre task execution logs
[2026-03-04T02:03:12.037+0000] {taskinstance.py:2631} INFO - Dependencies all met for dep_context=non-requeueable deps ti=<TaskInstance: conditional_dataset_and_time_based_timetable.conditional_dataset_and_time_based_timetable scheduled__2026-03-04T01:00:00+00:00 [queued]>
[2026-03-04T02:03:12.050+0000] {taskinstance.py:2631} INFO - Dependencies all met for dep_context=requeueable deps ti=<TaskInstance: conditional_dataset_and_time_based_timetable.conditional_dataset_and_time_based_timetable scheduled__2026-03-04T01:00:00+00:00 [queued]>
[2026-03-04T02:03:12.051+0000] {taskinstance.py:2884} INFO - Starting attempt 1 of 1
[2026-03-04T02:03:12.073+0000] {taskinstance.py:2907} INFO - Executing <Task(BashOperator): conditional_dataset_and_time_based_timetable> on 2026-03-04 01:00:00+00:00
[2026-03-04T02:03:12.093+0000] {warnings.py:112} WARNING - /home/***/.local/lib/python3.12/site-packages/***/task/task_runner/standard_task_runner.py:70: DeprecationWarning: This process (pid=206) is multi-threaded, use of fork() may lead to deadlocks in the child.
  pid = os.fork()

[2026-03-04T02:03:12.104+0000] {standard_task_runner.py:72} INFO - Started process 208 to run task
[2026-03-04T02:03:12.107+0000] {standard_task_runner.py:104} INFO - Running: ['***', 'tasks', 'run', 'conditional_dataset_and_time_based_timetable', 'conditional_dataset_and_time_based_timetable', 'scheduled__2026-03-04T01:00:00+00:00', '--job-id', '3', '--raw', '--subdir', '/home/***/.local/lib/python3.12/site-packages/***/example_dags/example_datasets.py', '--cfg-path', '/tmp/tmp86lqtx1h']
[2026-03-04T02:03:12.109+0000] {standard_task_runner.py:105} INFO - Job 3: Subtask conditional_dataset_and_time_based_timetable
[2026-03-04T02:03:12.298+0000] {task_command.py:467} INFO - Running <TaskInstance: conditional_dataset_and_time_based_timetable.conditional_dataset_and_time_based_timetable scheduled__2026-03-04T01:00:00+00:00 [running]> on host a68b9ce4803c
[2026-03-04T02:03:12.509+0000] {taskinstance.py:3157} INFO - Exporting env vars: AIRFLOW_CTX_DAG_OWNER='***' AIRFLOW_CTX_DAG_ID='conditional_dataset_and_time_based_timetable' AIRFLOW_CTX_TASK_ID='conditional_dataset_and_time_based_timetable' AIRFLOW_CTX_EXECUTION_DATE='2026-03-04T01:00:00+00:00' AIRFLOW_CTX_TRY_NUMBER='1' AIRFLOW_CTX_DAG_RUN_ID='scheduled__2026-03-04T01:00:00+00:00'
[2026-03-04T02:03:12.517+0000] {logging_mixin.py:190} INFO - Task instance is in running state
[2026-03-04T02:03:12.517+0000] {logging_mixin.py:190} INFO -  Previous state of the Task instance: queued
[2026-03-04T02:03:12.518+0000] {logging_mixin.py:190} INFO - Current task name:conditional_dataset_and_time_based_timetable state:running start_date:2026-03-04 02:03:12.037907+00:00
[2026-03-04T02:03:12.518+0000] {logging_mixin.py:190} INFO - Dag name:conditional_dataset_and_time_based_timetable and current dag run status:running
[2026-03-04T02:03:12.518+0000] {taskinstance.py:740} INFO - ::endgroup::
[2026-03-04T02:03:12.522+0000] {subprocess.py:78} INFO - Tmp dir root location: /tmp
[2026-03-04T02:03:12.524+0000] {subprocess.py:88} INFO - Running command: ['/usr/bin/bash', '-c', 'sleep 5']
[2026-03-04T02:03:12.547+0000] {subprocess.py:99} INFO - Output:
[2026-03-04T02:03:17.552+0000] {subprocess.py:110} INFO - Command exited with return code 0
[2026-03-04T02:03:17.659+0000] {taskinstance.py:349} INFO - ::group::Post task execution logs
[2026-03-04T02:03:17.660+0000] {taskinstance.py:361} INFO - Marking task as SUCCESS. dag_id=conditional_dataset_and_time_based_timetable, task_id=conditional_dataset_and_time_based_timetable, run_id=scheduled__2026-03-04T01:00:00+00:00, execution_date=20260304T010000, start_date=20260304T020312, end_date=20260304T020317
[2026-03-04T02:03:17.779+0000] {logging_mixin.py:190} INFO - Task instance in success state
[2026-03-04T02:03:17.780+0000] {logging_mixin.py:190} INFO -  Previous state of the Task instance: running
[2026-03-04T02:03:17.780+0000] {logging_mixin.py:190} INFO - Dag name:conditional_dataset_and_time_based_timetable queued_at:2026-03-04 02:03:02.681413+00:00
[2026-03-04T02:03:17.781+0000] {logging_mixin.py:190} INFO - Task hostname:a68b9ce4803c operator:BashOperator
[2026-03-04T02:03:17.798+0000] {local_task_job_runner.py:266} INFO - Task exited with return code 0
[2026-03-04T02:03:17.835+0000] {taskinstance.py:3924} INFO - 0 downstream tasks scheduled from follow-on schedule check
[2026-03-04T02:03:17.838+0000] {local_task_job_runner.py:245} INFO - ::endgroup::
