[2026-03-15T09:15:55.115+0000] {local_task_job_runner.py:123} INFO - ::group::Pre task execution logs
[2026-03-15T09:15:55.306+0000] {taskinstance.py:2631} INFO - Dependencies all met for dep_context=non-requeueable deps ti=<TaskInstance: dag_get_data_from_yf.write_db scheduled__2026-03-11T00:00:00+00:00 [queued]>
[2026-03-15T09:15:55.363+0000] {taskinstance.py:2631} INFO - Dependencies all met for dep_context=requeueable deps ti=<TaskInstance: dag_get_data_from_yf.write_db scheduled__2026-03-11T00:00:00+00:00 [queued]>
[2026-03-15T09:15:55.364+0000] {taskinstance.py:2884} INFO - Starting attempt 1 of 1
[2026-03-15T09:15:55.465+0000] {taskinstance.py:2907} INFO - Executing <Task(_PythonDecoratedOperator): write_db> on 2026-03-11 00:00:00+00:00
[2026-03-15T09:15:55.506+0000] {warnings.py:112} WARNING - /home/***/.local/lib/python3.12/site-packages/***/task/task_runner/standard_task_runner.py:70: DeprecationWarning: This process (pid=1858) is multi-threaded, use of fork() may lead to deadlocks in the child.
  pid = os.fork()

[2026-03-15T09:15:55.511+0000] {standard_task_runner.py:72} INFO - Started process 1887 to run task
[2026-03-15T09:15:55.536+0000] {standard_task_runner.py:104} INFO - Running: ['***', 'tasks', 'run', 'dag_get_data_from_yf', 'write_db', 'scheduled__2026-03-11T00:00:00+00:00', '--job-id', '14978', '--raw', '--subdir', 'DAGS_FOLDER/get_finance_yf_csv.py', '--cfg-path', '/tmp/tmppeo5jet_']
[2026-03-15T09:15:55.541+0000] {standard_task_runner.py:105} INFO - Job 14978: Subtask write_db
[2026-03-15T09:15:55.956+0000] {task_command.py:467} INFO - Running <TaskInstance: dag_get_data_from_yf.write_db scheduled__2026-03-11T00:00:00+00:00 [running]> on host 547c214a0f76
[2026-03-15T09:15:56.480+0000] {taskinstance.py:3157} INFO - Exporting env vars: AIRFLOW_CTX_DAG_OWNER='***' AIRFLOW_CTX_DAG_ID='dag_get_data_from_yf' AIRFLOW_CTX_TASK_ID='write_db' AIRFLOW_CTX_EXECUTION_DATE='2026-03-11T00:00:00+00:00' AIRFLOW_CTX_TRY_NUMBER='1' AIRFLOW_CTX_DAG_RUN_ID='scheduled__2026-03-11T00:00:00+00:00'
[2026-03-15T09:15:56.484+0000] {logging_mixin.py:190} INFO - Task instance is in running state
[2026-03-15T09:15:56.485+0000] {logging_mixin.py:190} INFO -  Previous state of the Task instance: queued
[2026-03-15T09:15:56.485+0000] {logging_mixin.py:190} INFO - Current task name:write_db state:running start_date:2026-03-15 09:15:55.310236+00:00
[2026-03-15T09:15:56.486+0000] {logging_mixin.py:190} INFO - Dag name:dag_get_data_from_yf and current dag run status:running
[2026-03-15T09:15:56.487+0000] {taskinstance.py:740} INFO - ::endgroup::
[2026-03-15T09:15:56.491+0000] {python.py:240} INFO - Done. Returned value was: None
[2026-03-15T09:15:56.554+0000] {taskinstance.py:349} INFO - ::group::Post task execution logs
[2026-03-15T09:15:56.555+0000] {taskinstance.py:361} INFO - Marking task as SUCCESS. dag_id=dag_get_data_from_yf, task_id=write_db, run_id=scheduled__2026-03-11T00:00:00+00:00, execution_date=20260311T000000, start_date=20260315T091555, end_date=20260315T091556
[2026-03-15T09:15:56.754+0000] {logging_mixin.py:190} INFO - Task instance in success state
[2026-03-15T09:15:56.755+0000] {logging_mixin.py:190} INFO -  Previous state of the Task instance: running
[2026-03-15T09:15:56.755+0000] {logging_mixin.py:190} INFO - Dag name:dag_get_data_from_yf queued_at:2026-03-15 09:07:50.295705+00:00
[2026-03-15T09:15:56.756+0000] {logging_mixin.py:190} INFO - Task hostname:547c214a0f76 operator:_PythonDecoratedOperator
[2026-03-15T09:15:56.860+0000] {local_task_job_runner.py:266} INFO - Task exited with return code 0
[2026-03-15T09:15:57.148+0000] {taskinstance.py:3924} INFO - 1 downstream tasks scheduled from follow-on schedule check
[2026-03-15T09:15:57.166+0000] {local_task_job_runner.py:245} INFO - ::endgroup::
[2026-03-15T11:39:53.445+0000] {local_task_job_runner.py:123} INFO - ::group::Pre task execution logs
[2026-03-15T11:39:53.631+0000] {taskinstance.py:2631} INFO - Dependencies all met for dep_context=non-requeueable deps ti=<TaskInstance: dag_get_data_from_yf.write_db scheduled__2026-03-11T00:00:00+00:00 [queued]>
[2026-03-15T11:39:53.686+0000] {taskinstance.py:2631} INFO - Dependencies all met for dep_context=requeueable deps ti=<TaskInstance: dag_get_data_from_yf.write_db scheduled__2026-03-11T00:00:00+00:00 [queued]>
[2026-03-15T11:39:53.699+0000] {taskinstance.py:2884} INFO - Starting attempt 1 of 1
[2026-03-15T11:39:53.843+0000] {taskinstance.py:2907} INFO - Executing <Task(_PythonDecoratedOperator): write_db> on 2026-03-11 00:00:00+00:00
[2026-03-15T11:39:53.975+0000] {warnings.py:112} WARNING - /home/***/.local/lib/python3.12/site-packages/***/task/task_runner/standard_task_runner.py:70: DeprecationWarning: This process (pid=1124) is multi-threaded, use of fork() may lead to deadlocks in the child.
  pid = os.fork()

[2026-03-15T11:39:54.004+0000] {standard_task_runner.py:72} INFO - Started process 1135 to run task
[2026-03-15T11:39:54.018+0000] {standard_task_runner.py:104} INFO - Running: ['***', 'tasks', 'run', 'dag_get_data_from_yf', 'write_db', 'scheduled__2026-03-11T00:00:00+00:00', '--job-id', '73', '--raw', '--subdir', 'DAGS_FOLDER/get_finance_yf_csv.py', '--cfg-path', '/tmp/tmpe2lphdir']
[2026-03-15T11:39:54.022+0000] {standard_task_runner.py:105} INFO - Job 73: Subtask write_db
[2026-03-15T11:39:54.636+0000] {task_command.py:467} INFO - Running <TaskInstance: dag_get_data_from_yf.write_db scheduled__2026-03-11T00:00:00+00:00 [running]> on host 0682dd67c20c
[2026-03-15T11:39:55.398+0000] {taskinstance.py:3157} INFO - Exporting env vars: AIRFLOW_CTX_DAG_OWNER='***' AIRFLOW_CTX_DAG_ID='dag_get_data_from_yf' AIRFLOW_CTX_TASK_ID='write_db' AIRFLOW_CTX_EXECUTION_DATE='2026-03-11T00:00:00+00:00' AIRFLOW_CTX_TRY_NUMBER='1' AIRFLOW_CTX_DAG_RUN_ID='scheduled__2026-03-11T00:00:00+00:00'
[2026-03-15T11:39:55.402+0000] {logging_mixin.py:190} INFO - Task instance is in running state
[2026-03-15T11:39:55.404+0000] {logging_mixin.py:190} INFO -  Previous state of the Task instance: queued
[2026-03-15T11:39:55.407+0000] {logging_mixin.py:190} INFO - Current task name:write_db state:running start_date:2026-03-15 11:39:53.632386+00:00
[2026-03-15T11:39:55.410+0000] {logging_mixin.py:190} INFO - Dag name:dag_get_data_from_yf and current dag run status:running
[2026-03-15T11:39:55.411+0000] {taskinstance.py:740} INFO - ::endgroup::
[2026-03-15T11:39:55.412+0000] {python.py:240} INFO - Done. Returned value was: None
[2026-03-15T11:39:55.683+0000] {taskinstance.py:349} INFO - ::group::Post task execution logs
[2026-03-15T11:39:55.684+0000] {taskinstance.py:361} INFO - Marking task as SUCCESS. dag_id=dag_get_data_from_yf, task_id=write_db, run_id=scheduled__2026-03-11T00:00:00+00:00, execution_date=20260311T000000, start_date=20260315T113953, end_date=20260315T113955
[2026-03-15T11:39:56.077+0000] {logging_mixin.py:190} INFO - Task instance in success state
[2026-03-15T11:39:56.078+0000] {logging_mixin.py:190} INFO -  Previous state of the Task instance: running
[2026-03-15T11:39:56.079+0000] {logging_mixin.py:190} INFO - Dag name:dag_get_data_from_yf queued_at:2026-03-15 11:31:38.396808+00:00
[2026-03-15T11:39:56.079+0000] {logging_mixin.py:190} INFO - Task hostname:0682dd67c20c operator:_PythonDecoratedOperator
[2026-03-15T11:39:56.284+0000] {local_task_job_runner.py:266} INFO - Task exited with return code 0
[2026-03-15T11:39:56.394+0000] {taskinstance.py:3924} INFO - 1 downstream tasks scheduled from follow-on schedule check
[2026-03-15T11:39:56.403+0000] {local_task_job_runner.py:245} INFO - ::endgroup::
[2026-03-15T12:15:08.634+0000] {local_task_job_runner.py:123} INFO - ::group::Pre task execution logs
[2026-03-15T12:15:08.936+0000] {taskinstance.py:2631} INFO - Dependencies all met for dep_context=non-requeueable deps ti=<TaskInstance: dag_get_data_from_yf.write_db scheduled__2026-03-11T00:00:00+00:00 [queued]>
[2026-03-15T12:15:09.040+0000] {taskinstance.py:2631} INFO - Dependencies all met for dep_context=requeueable deps ti=<TaskInstance: dag_get_data_from_yf.write_db scheduled__2026-03-11T00:00:00+00:00 [queued]>
[2026-03-15T12:15:09.040+0000] {taskinstance.py:2884} INFO - Starting attempt 1 of 1
[2026-03-15T12:15:09.269+0000] {taskinstance.py:2907} INFO - Executing <Task(_PythonDecoratedOperator): write_db> on 2026-03-11 00:00:00+00:00
[2026-03-15T12:15:09.386+0000] {warnings.py:112} WARNING - /home/***/.local/lib/python3.12/site-packages/***/task/task_runner/standard_task_runner.py:70: DeprecationWarning: This process (pid=3184) is multi-threaded, use of fork() may lead to deadlocks in the child.
  pid = os.fork()

[2026-03-15T12:15:09.389+0000] {standard_task_runner.py:72} INFO - Started process 3239 to run task
[2026-03-15T12:15:09.402+0000] {standard_task_runner.py:104} INFO - Running: ['***', 'tasks', 'run', 'dag_get_data_from_yf', 'write_db', 'scheduled__2026-03-11T00:00:00+00:00', '--job-id', '261', '--raw', '--subdir', 'DAGS_FOLDER/get_finance_yf_csv.py', '--cfg-path', '/tmp/tmpsj5te5c3']
[2026-03-15T12:15:09.404+0000] {standard_task_runner.py:105} INFO - Job 261: Subtask write_db
[2026-03-15T12:15:10.172+0000] {task_command.py:467} INFO - Running <TaskInstance: dag_get_data_from_yf.write_db scheduled__2026-03-11T00:00:00+00:00 [running]> on host 0682dd67c20c
[2026-03-15T12:15:10.908+0000] {taskinstance.py:3157} INFO - Exporting env vars: AIRFLOW_CTX_DAG_OWNER='***' AIRFLOW_CTX_DAG_ID='dag_get_data_from_yf' AIRFLOW_CTX_TASK_ID='write_db' AIRFLOW_CTX_EXECUTION_DATE='2026-03-11T00:00:00+00:00' AIRFLOW_CTX_TRY_NUMBER='1' AIRFLOW_CTX_DAG_RUN_ID='scheduled__2026-03-11T00:00:00+00:00'
[2026-03-15T12:15:10.911+0000] {logging_mixin.py:190} INFO - Task instance is in running state
[2026-03-15T12:15:10.911+0000] {logging_mixin.py:190} INFO -  Previous state of the Task instance: queued
[2026-03-15T12:15:10.912+0000] {logging_mixin.py:190} INFO - Current task name:write_db state:running start_date:2026-03-15 12:15:08.937241+00:00
[2026-03-15T12:15:10.912+0000] {logging_mixin.py:190} INFO - Dag name:dag_get_data_from_yf and current dag run status:running
[2026-03-15T12:15:10.924+0000] {taskinstance.py:740} INFO - ::endgroup::
[2026-03-15T12:15:10.926+0000] {python.py:240} INFO - Done. Returned value was: None
[2026-03-15T12:15:11.044+0000] {taskinstance.py:349} INFO - ::group::Post task execution logs
[2026-03-15T12:15:11.045+0000] {taskinstance.py:361} INFO - Marking task as SUCCESS. dag_id=dag_get_data_from_yf, task_id=write_db, run_id=scheduled__2026-03-11T00:00:00+00:00, execution_date=20260311T000000, start_date=20260315T121508, end_date=20260315T121511
[2026-03-15T12:15:11.273+0000] {logging_mixin.py:190} INFO - Task instance in success state
[2026-03-15T12:15:11.274+0000] {logging_mixin.py:190} INFO -  Previous state of the Task instance: running
[2026-03-15T12:15:11.274+0000] {logging_mixin.py:190} INFO - Dag name:dag_get_data_from_yf queued_at:2026-03-15 12:05:19.880112+00:00
[2026-03-15T12:15:11.274+0000] {logging_mixin.py:190} INFO - Task hostname:0682dd67c20c operator:_PythonDecoratedOperator
[2026-03-15T12:15:11.351+0000] {local_task_job_runner.py:266} INFO - Task exited with return code 0
[2026-03-15T12:15:11.428+0000] {local_task_job_runner.py:245} INFO - ::endgroup::
[2026-03-15T15:00:23.004+0000] {local_task_job_runner.py:123} INFO - ::group::Pre task execution logs
[2026-03-15T15:00:23.152+0000] {taskinstance.py:2631} INFO - Dependencies all met for dep_context=non-requeueable deps ti=<TaskInstance: dag_get_data_from_yf.write_db scheduled__2026-03-11T00:00:00+00:00 [queued]>
[2026-03-15T15:00:23.185+0000] {taskinstance.py:2631} INFO - Dependencies all met for dep_context=requeueable deps ti=<TaskInstance: dag_get_data_from_yf.write_db scheduled__2026-03-11T00:00:00+00:00 [queued]>
[2026-03-15T15:00:23.186+0000] {taskinstance.py:2884} INFO - Starting attempt 1 of 1
[2026-03-15T15:00:23.236+0000] {taskinstance.py:2907} INFO - Executing <Task(_PythonDecoratedOperator): write_db> on 2026-03-11 00:00:00+00:00
[2026-03-15T15:00:23.282+0000] {warnings.py:112} WARNING - /home/***/.local/lib/python3.12/site-packages/***/task/task_runner/standard_task_runner.py:70: DeprecationWarning: This process (pid=4470) is multi-threaded, use of fork() may lead to deadlocks in the child.
  pid = os.fork()

[2026-03-15T15:00:23.291+0000] {standard_task_runner.py:72} INFO - Started process 4505 to run task
[2026-03-15T15:00:23.304+0000] {standard_task_runner.py:104} INFO - Running: ['***', 'tasks', 'run', 'dag_get_data_from_yf', 'write_db', 'scheduled__2026-03-11T00:00:00+00:00', '--job-id', '367', '--raw', '--subdir', 'DAGS_FOLDER/get_finance_yf_csv.py', '--cfg-path', '/tmp/tmp1ytwbv_w']
[2026-03-15T15:00:23.316+0000] {standard_task_runner.py:105} INFO - Job 367: Subtask write_db
[2026-03-15T15:00:23.669+0000] {task_command.py:467} INFO - Running <TaskInstance: dag_get_data_from_yf.write_db scheduled__2026-03-11T00:00:00+00:00 [running]> on host 0682dd67c20c
[2026-03-15T15:00:24.321+0000] {taskinstance.py:3157} INFO - Exporting env vars: AIRFLOW_CTX_DAG_OWNER='***' AIRFLOW_CTX_DAG_ID='dag_get_data_from_yf' AIRFLOW_CTX_TASK_ID='write_db' AIRFLOW_CTX_EXECUTION_DATE='2026-03-11T00:00:00+00:00' AIRFLOW_CTX_TRY_NUMBER='1' AIRFLOW_CTX_DAG_RUN_ID='scheduled__2026-03-11T00:00:00+00:00'
[2026-03-15T15:00:24.325+0000] {logging_mixin.py:190} INFO - Task instance is in running state
[2026-03-15T15:00:24.325+0000] {logging_mixin.py:190} INFO -  Previous state of the Task instance: queued
[2026-03-15T15:00:24.326+0000] {logging_mixin.py:190} INFO - Current task name:write_db state:running start_date:2026-03-15 15:00:23.154133+00:00
[2026-03-15T15:00:24.326+0000] {logging_mixin.py:190} INFO - Dag name:dag_get_data_from_yf and current dag run status:running
[2026-03-15T15:00:24.327+0000] {taskinstance.py:740} INFO - ::endgroup::
[2026-03-15T15:00:24.328+0000] {python.py:240} INFO - Done. Returned value was: None
[2026-03-15T15:00:24.396+0000] {taskinstance.py:349} INFO - ::group::Post task execution logs
[2026-03-15T15:00:24.397+0000] {taskinstance.py:361} INFO - Marking task as SUCCESS. dag_id=dag_get_data_from_yf, task_id=write_db, run_id=scheduled__2026-03-11T00:00:00+00:00, execution_date=20260311T000000, start_date=20260315T150023, end_date=20260315T150024
[2026-03-15T15:00:24.612+0000] {logging_mixin.py:190} INFO - Task instance in success state
[2026-03-15T15:00:24.613+0000] {logging_mixin.py:190} INFO -  Previous state of the Task instance: running
[2026-03-15T15:00:24.614+0000] {logging_mixin.py:190} INFO - Dag name:dag_get_data_from_yf queued_at:2026-03-15 14:52:02.179155+00:00
[2026-03-15T15:00:24.615+0000] {logging_mixin.py:190} INFO - Task hostname:0682dd67c20c operator:_PythonDecoratedOperator
[2026-03-15T15:00:24.689+0000] {local_task_job_runner.py:266} INFO - Task exited with return code 0
[2026-03-15T15:00:24.896+0000] {taskinstance.py:3924} INFO - 1 downstream tasks scheduled from follow-on schedule check
[2026-03-15T15:00:24.926+0000] {local_task_job_runner.py:245} INFO - ::endgroup::
[2026-03-15T15:26:18.619+0000] {local_task_job_runner.py:123} INFO - ::group::Pre task execution logs
[2026-03-15T15:26:18.880+0000] {taskinstance.py:2631} INFO - Dependencies all met for dep_context=non-requeueable deps ti=<TaskInstance: dag_get_data_from_yf.write_db scheduled__2026-03-11T00:00:00+00:00 [queued]>
[2026-03-15T15:26:18.931+0000] {taskinstance.py:2631} INFO - Dependencies all met for dep_context=requeueable deps ti=<TaskInstance: dag_get_data_from_yf.write_db scheduled__2026-03-11T00:00:00+00:00 [queued]>
[2026-03-15T15:26:18.932+0000] {taskinstance.py:2884} INFO - Starting attempt 1 of 1
[2026-03-15T15:26:19.027+0000] {taskinstance.py:2907} INFO - Executing <Task(_PythonDecoratedOperator): write_db> on 2026-03-11 00:00:00+00:00
[2026-03-15T15:26:19.112+0000] {warnings.py:112} WARNING - /home/***/.local/lib/python3.12/site-packages/***/task/task_runner/standard_task_runner.py:70: DeprecationWarning: This process (pid=1196) is multi-threaded, use of fork() may lead to deadlocks in the child.
  pid = os.fork()

[2026-03-15T15:26:19.112+0000] {standard_task_runner.py:104} INFO - Running: ['***', 'tasks', 'run', 'dag_get_data_from_yf', 'write_db', 'scheduled__2026-03-11T00:00:00+00:00', '--job-id', '507', '--raw', '--subdir', 'DAGS_FOLDER/get_finance_yf_csv.py', '--cfg-path', '/tmp/tmpqjq438hd']
[2026-03-15T15:26:19.115+0000] {standard_task_runner.py:105} INFO - Job 507: Subtask write_db
[2026-03-15T15:26:19.115+0000] {standard_task_runner.py:72} INFO - Started process 1258 to run task
[2026-03-15T15:26:19.513+0000] {task_command.py:467} INFO - Running <TaskInstance: dag_get_data_from_yf.write_db scheduled__2026-03-11T00:00:00+00:00 [running]> on host c2f7721b6bb3
[2026-03-15T15:26:20.940+0000] {taskinstance.py:3157} INFO - Exporting env vars: AIRFLOW_CTX_DAG_OWNER='***' AIRFLOW_CTX_DAG_ID='dag_get_data_from_yf' AIRFLOW_CTX_TASK_ID='write_db' AIRFLOW_CTX_EXECUTION_DATE='2026-03-11T00:00:00+00:00' AIRFLOW_CTX_TRY_NUMBER='1' AIRFLOW_CTX_DAG_RUN_ID='scheduled__2026-03-11T00:00:00+00:00'
[2026-03-15T15:26:20.943+0000] {logging_mixin.py:190} INFO - Task instance is in running state
[2026-03-15T15:26:20.944+0000] {logging_mixin.py:190} INFO -  Previous state of the Task instance: queued
[2026-03-15T15:26:20.944+0000] {logging_mixin.py:190} INFO - Current task name:write_db state:running start_date:2026-03-15 15:26:18.902166+00:00
[2026-03-15T15:26:20.945+0000] {logging_mixin.py:190} INFO - Dag name:dag_get_data_from_yf and current dag run status:running
[2026-03-15T15:26:20.945+0000] {taskinstance.py:740} INFO - ::endgroup::
[2026-03-15T15:26:20.947+0000] {python.py:240} INFO - Done. Returned value was: None
[2026-03-15T15:26:21.023+0000] {taskinstance.py:349} INFO - ::group::Post task execution logs
[2026-03-15T15:26:21.024+0000] {taskinstance.py:361} INFO - Marking task as SUCCESS. dag_id=dag_get_data_from_yf, task_id=write_db, run_id=scheduled__2026-03-11T00:00:00+00:00, execution_date=20260311T000000, start_date=20260315T152618, end_date=20260315T152621
[2026-03-15T15:26:21.133+0000] {logging_mixin.py:190} INFO - Task instance in success state
[2026-03-15T15:26:21.134+0000] {logging_mixin.py:190} INFO -  Previous state of the Task instance: running
[2026-03-15T15:26:21.135+0000] {logging_mixin.py:190} INFO - Dag name:dag_get_data_from_yf queued_at:2026-03-15 15:18:41.226416+00:00
[2026-03-15T15:26:21.136+0000] {logging_mixin.py:190} INFO - Task hostname:c2f7721b6bb3 operator:_PythonDecoratedOperator
[2026-03-15T15:26:21.182+0000] {local_task_job_runner.py:266} INFO - Task exited with return code 0
[2026-03-15T15:26:21.305+0000] {taskinstance.py:3924} INFO - 1 downstream tasks scheduled from follow-on schedule check
[2026-03-15T15:26:21.323+0000] {local_task_job_runner.py:245} INFO - ::endgroup::
[2026-03-15T16:23:18.251+0000] {local_task_job_runner.py:123} INFO - ::group::Pre task execution logs
[2026-03-15T16:23:18.614+0000] {taskinstance.py:2631} INFO - Dependencies all met for dep_context=non-requeueable deps ti=<TaskInstance: dag_get_data_from_yf.write_db scheduled__2026-03-11T00:00:00+00:00 [queued]>
[2026-03-15T16:23:18.655+0000] {taskinstance.py:2631} INFO - Dependencies all met for dep_context=requeueable deps ti=<TaskInstance: dag_get_data_from_yf.write_db scheduled__2026-03-11T00:00:00+00:00 [queued]>
[2026-03-15T16:23:18.657+0000] {taskinstance.py:2884} INFO - Starting attempt 1 of 1
[2026-03-15T16:23:18.703+0000] {taskinstance.py:2907} INFO - Executing <Task(_PythonDecoratedOperator): write_db> on 2026-03-11 00:00:00+00:00
[2026-03-15T16:23:18.751+0000] {warnings.py:112} WARNING - /home/***/.local/lib/python3.12/site-packages/***/task/task_runner/standard_task_runner.py:70: DeprecationWarning: This process (pid=3012) is multi-threaded, use of fork() may lead to deadlocks in the child.
  pid = os.fork()

[2026-03-15T16:23:18.761+0000] {standard_task_runner.py:72} INFO - Started process 3059 to run task
[2026-03-15T16:23:18.797+0000] {standard_task_runner.py:104} INFO - Running: ['***', 'tasks', 'run', 'dag_get_data_from_yf', 'write_db', 'scheduled__2026-03-11T00:00:00+00:00', '--job-id', '631', '--raw', '--subdir', 'DAGS_FOLDER/get_finance_yf_csv.py', '--cfg-path', '/tmp/tmpi8c_cntd']
[2026-03-15T16:23:18.868+0000] {standard_task_runner.py:105} INFO - Job 631: Subtask write_db
[2026-03-15T16:23:19.541+0000] {task_command.py:467} INFO - Running <TaskInstance: dag_get_data_from_yf.write_db scheduled__2026-03-11T00:00:00+00:00 [running]> on host c2f7721b6bb3
[2026-03-15T16:23:20.180+0000] {taskinstance.py:3157} INFO - Exporting env vars: AIRFLOW_CTX_DAG_OWNER='***' AIRFLOW_CTX_DAG_ID='dag_get_data_from_yf' AIRFLOW_CTX_TASK_ID='write_db' AIRFLOW_CTX_EXECUTION_DATE='2026-03-11T00:00:00+00:00' AIRFLOW_CTX_TRY_NUMBER='1' AIRFLOW_CTX_DAG_RUN_ID='scheduled__2026-03-11T00:00:00+00:00'
[2026-03-15T16:23:20.182+0000] {logging_mixin.py:190} INFO - Task instance is in running state
[2026-03-15T16:23:20.183+0000] {logging_mixin.py:190} INFO -  Previous state of the Task instance: queued
[2026-03-15T16:23:20.183+0000] {logging_mixin.py:190} INFO - Current task name:write_db state:running start_date:2026-03-15 16:23:18.618095+00:00
[2026-03-15T16:23:20.185+0000] {logging_mixin.py:190} INFO - Dag name:dag_get_data_from_yf and current dag run status:running
[2026-03-15T16:23:20.186+0000] {taskinstance.py:740} INFO - ::endgroup::
[2026-03-15T16:23:20.260+0000] {base.py:84} INFO - Retrieving connection 'db_custom'
[2026-03-15T16:23:20.293+0000] {logging_mixin.py:190} INFO - Transaksi berhasil di-commit.
[2026-03-15T16:23:20.298+0000] {python.py:240} INFO - Done. Returned value was: None
[2026-03-15T16:23:20.384+0000] {taskinstance.py:349} INFO - ::group::Post task execution logs
[2026-03-15T16:23:20.405+0000] {taskinstance.py:361} INFO - Marking task as SUCCESS. dag_id=dag_get_data_from_yf, task_id=write_db, run_id=scheduled__2026-03-11T00:00:00+00:00, execution_date=20260311T000000, start_date=20260315T162318, end_date=20260315T162320
[2026-03-15T16:23:20.657+0000] {logging_mixin.py:190} INFO - Task instance in success state
[2026-03-15T16:23:20.658+0000] {logging_mixin.py:190} INFO -  Previous state of the Task instance: running
[2026-03-15T16:23:20.659+0000] {logging_mixin.py:190} INFO - Dag name:dag_get_data_from_yf queued_at:2026-03-15 16:14:42.454580+00:00
[2026-03-15T16:23:20.660+0000] {logging_mixin.py:190} INFO - Task hostname:c2f7721b6bb3 operator:_PythonDecoratedOperator
[2026-03-15T16:23:20.835+0000] {local_task_job_runner.py:266} INFO - Task exited with return code 0
[2026-03-15T16:23:20.892+0000] {local_task_job_runner.py:245} INFO - ::endgroup::
[2026-03-16T05:55:49.246+0000] {local_task_job_runner.py:123} INFO - ::group::Pre task execution logs
[2026-03-16T05:55:49.343+0000] {taskinstance.py:2631} INFO - Dependencies all met for dep_context=non-requeueable deps ti=<TaskInstance: dag_get_data_from_yf.write_db scheduled__2026-03-11T00:00:00+00:00 [queued]>
[2026-03-16T05:55:49.370+0000] {taskinstance.py:2631} INFO - Dependencies all met for dep_context=requeueable deps ti=<TaskInstance: dag_get_data_from_yf.write_db scheduled__2026-03-11T00:00:00+00:00 [queued]>
[2026-03-16T05:55:49.372+0000] {taskinstance.py:2884} INFO - Starting attempt 1 of 1
[2026-03-16T05:55:49.409+0000] {taskinstance.py:2907} INFO - Executing <Task(_PythonDecoratedOperator): write_db> on 2026-03-11 00:00:00+00:00
[2026-03-16T05:55:49.432+0000] {warnings.py:112} WARNING - /home/***/.local/lib/python3.12/site-packages/***/task/task_runner/standard_task_runner.py:70: DeprecationWarning: This process (pid=2531) is multi-threaded, use of fork() may lead to deadlocks in the child.
  pid = os.fork()

[2026-03-16T05:55:49.436+0000] {standard_task_runner.py:72} INFO - Started process 2545 to run task
[2026-03-16T05:55:49.449+0000] {standard_task_runner.py:104} INFO - Running: ['***', 'tasks', 'run', 'dag_get_data_from_yf', 'write_db', 'scheduled__2026-03-11T00:00:00+00:00', '--job-id', '864', '--raw', '--subdir', 'DAGS_FOLDER/get_finance_yf_csv.py', '--cfg-path', '/tmp/tmpbxu1gp_u']
[2026-03-16T05:55:49.451+0000] {standard_task_runner.py:105} INFO - Job 864: Subtask write_db
[2026-03-16T05:55:49.655+0000] {task_command.py:467} INFO - Running <TaskInstance: dag_get_data_from_yf.write_db scheduled__2026-03-11T00:00:00+00:00 [running]> on host 662456f34d26
[2026-03-16T05:55:49.911+0000] {taskinstance.py:3157} INFO - Exporting env vars: AIRFLOW_CTX_DAG_OWNER='***' AIRFLOW_CTX_DAG_ID='dag_get_data_from_yf' AIRFLOW_CTX_TASK_ID='write_db' AIRFLOW_CTX_EXECUTION_DATE='2026-03-11T00:00:00+00:00' AIRFLOW_CTX_TRY_NUMBER='1' AIRFLOW_CTX_DAG_RUN_ID='scheduled__2026-03-11T00:00:00+00:00'
[2026-03-16T05:55:49.914+0000] {logging_mixin.py:190} INFO - Task instance is in running state
[2026-03-16T05:55:49.914+0000] {logging_mixin.py:190} INFO -  Previous state of the Task instance: queued
[2026-03-16T05:55:49.915+0000] {logging_mixin.py:190} INFO - Current task name:write_db state:running start_date:2026-03-16 05:55:49.344387+00:00
[2026-03-16T05:55:49.916+0000] {logging_mixin.py:190} INFO - Dag name:dag_get_data_from_yf and current dag run status:running
[2026-03-16T05:55:49.916+0000] {taskinstance.py:740} INFO - ::endgroup::
[2026-03-16T05:55:49.945+0000] {base.py:84} INFO - Retrieving connection 'db_custom'
[2026-03-16T05:55:49.962+0000] {logging_mixin.py:190} INFO - Terjadi kesalahan, transaksi di-rollback: syntax error at or near ")"
LINE 1: ..., high, low, open, inserted_at_timestamp) VALUES (), (), ();...
                                                             ^
[2026-03-16T05:55:49.966+0000] {logging_mixin.py:190} INFO - koneksi ditutup
[2026-03-16T05:55:49.967+0000] {taskinstance.py:3336} ERROR - Task failed with exception
Traceback (most recent call last):
  File "/home/airflow/.local/lib/python3.12/site-packages/airflow/models/taskinstance.py", line 776, in _execute_task
    result = _execute_callable(context=context, **execute_callable_kwargs)
             ^^^^^^^^^^^^^^^^^^^^^^^^^^^^^^^^^^^^^^^^^^^^^^^^^^^^^^^^^^^^^
  File "/home/airflow/.local/lib/python3.12/site-packages/airflow/models/taskinstance.py", line 742, in _execute_callable
    return ExecutionCallableRunner(
           ^^^^^^^^^^^^^^^^^^^^^^^^
  File "/home/airflow/.local/lib/python3.12/site-packages/airflow/utils/operator_helpers.py", line 252, in run
    return self.func(*args, **kwargs)
           ^^^^^^^^^^^^^^^^^^^^^^^^^^
  File "/home/airflow/.local/lib/python3.12/site-packages/airflow/models/baseoperator.py", line 425, in wrapper
    return func(self, *args, **kwargs)
           ^^^^^^^^^^^^^^^^^^^^^^^^^^^
  File "/home/airflow/.local/lib/python3.12/site-packages/airflow/decorators/base.py", line 266, in execute
    return_value = super().execute(context)
                   ^^^^^^^^^^^^^^^^^^^^^^^^
  File "/home/airflow/.local/lib/python3.12/site-packages/airflow/models/baseoperator.py", line 425, in wrapper
    return func(self, *args, **kwargs)
           ^^^^^^^^^^^^^^^^^^^^^^^^^^^
  File "/home/airflow/.local/lib/python3.12/site-packages/airflow/operators/python.py", line 238, in execute
    return_value = self.execute_callable()
                   ^^^^^^^^^^^^^^^^^^^^^^^
  File "/home/airflow/.local/lib/python3.12/site-packages/airflow/operators/python.py", line 256, in execute_callable
    return runner.run(*self.op_args, **self.op_kwargs)
           ^^^^^^^^^^^^^^^^^^^^^^^^^^^^^^^^^^^^^^^^^^^
  File "/home/airflow/.local/lib/python3.12/site-packages/airflow/utils/operator_helpers.py", line 252, in run
    return self.func(*args, **kwargs)
           ^^^^^^^^^^^^^^^^^^^^^^^^^^
  File "/opt/airflow/dags/get_finance_yf_csv.py", line 235, in write_db
    raise e  # lempar error agar task Airflow ditandai 'Failed'
    ^^^^^^^
  File "/opt/airflow/dags/get_finance_yf_csv.py", line 228, in write_db
    cursor.execute(query_insert)
psycopg2.errors.SyntaxError: syntax error at or near ")"
LINE 1: ..., high, low, open, inserted_at_timestamp) VALUES (), (), ();...
                                                             ^

[2026-03-16T05:55:49.996+0000] {logging_mixin.py:190} INFO - Task instance in failure state
[2026-03-16T05:55:49.997+0000] {logging_mixin.py:190} INFO - Task start:2026-03-16 05:55:49.344387+00:00 end:2026-03-16 05:55:49.995740+00:00 duration:0.651353
[2026-03-16T05:55:49.998+0000] {logging_mixin.py:190} INFO - Task:<Task(_PythonDecoratedOperator): write_db> dag:<DAG: dag_get_data_from_yf> dagrun:<DagRun dag_get_data_from_yf @ 2026-03-11 00:00:00+00:00: scheduled__2026-03-11T00:00:00+00:00, state:running, queued_at: 2026-03-16 04:41:07.656617+00:00. externally triggered: False>
[2026-03-16T05:55:49.998+0000] {logging_mixin.py:190} INFO - Failure caused by syntax error at or near ")"
LINE 1: ..., high, low, open, inserted_at_timestamp) VALUES (), (), ();...
                                                             ^
[2026-03-16T05:55:49.999+0000] {taskinstance.py:1242} INFO - Marking task as FAILED. dag_id=dag_get_data_from_yf, task_id=write_db, run_id=scheduled__2026-03-11T00:00:00+00:00, execution_date=20260311T000000, start_date=20260316T055549, end_date=20260316T055549
[2026-03-16T05:55:50.087+0000] {taskinstance.py:349} INFO - ::group::Post task execution logs
[2026-03-16T05:55:50.088+0000] {standard_task_runner.py:124} ERROR - Failed to execute job 864 for task write_db (syntax error at or near ")"
LINE 1: ..., high, low, open, inserted_at_timestamp) VALUES (), (), ();...
                                                             ^
; 2545)
Traceback (most recent call last):
  File "/home/airflow/.local/lib/python3.12/site-packages/airflow/task/task_runner/standard_task_runner.py", line 117, in _start_by_fork
    ret = args.func(args, dag=self.dag)
          ^^^^^^^^^^^^^^^^^^^^^^^^^^^^^
  File "/home/airflow/.local/lib/python3.12/site-packages/airflow/cli/cli_config.py", line 49, in command
    return func(*args, **kwargs)
           ^^^^^^^^^^^^^^^^^^^^^
  File "/home/airflow/.local/lib/python3.12/site-packages/airflow/utils/cli.py", line 116, in wrapper
    return f(*args, **kwargs)
           ^^^^^^^^^^^^^^^^^^
  File "/home/airflow/.local/lib/python3.12/site-packages/airflow/cli/commands/task_command.py", line 483, in task_run
    task_return_code = _run_task_by_selected_method(args, _dag, ti)
                       ^^^^^^^^^^^^^^^^^^^^^^^^^^^^^^^^^^^^^^^^^^^^
  File "/home/airflow/.local/lib/python3.12/site-packages/airflow/cli/commands/task_command.py", line 256, in _run_task_by_selected_method
    return _run_raw_task(args, ti)
           ^^^^^^^^^^^^^^^^^^^^^^^
  File "/home/airflow/.local/lib/python3.12/site-packages/airflow/cli/commands/task_command.py", line 341, in _run_raw_task
    return ti._run_raw_task(
           ^^^^^^^^^^^^^^^^^
  File "/home/airflow/.local/lib/python3.12/site-packages/airflow/utils/session.py", line 97, in wrapper
    return func(*args, session=session, **kwargs)
           ^^^^^^^^^^^^^^^^^^^^^^^^^^^^^^^^^^^^^^
  File "/home/airflow/.local/lib/python3.12/site-packages/airflow/models/taskinstance.py", line 3029, in _run_raw_task
    return _run_raw_task(
           ^^^^^^^^^^^^^^
  File "/home/airflow/.local/lib/python3.12/site-packages/airflow/models/taskinstance.py", line 282, in _run_raw_task
    TaskInstance._execute_task_with_callbacks(
  File "/home/airflow/.local/lib/python3.12/site-packages/airflow/models/taskinstance.py", line 3184, in _execute_task_with_callbacks
    result = self._execute_task(context, task_orig)
             ^^^^^^^^^^^^^^^^^^^^^^^^^^^^^^^^^^^^^^
  File "/home/airflow/.local/lib/python3.12/site-packages/airflow/models/taskinstance.py", line 3208, in _execute_task
    return _execute_task(self, context, task_orig)
           ^^^^^^^^^^^^^^^^^^^^^^^^^^^^^^^^^^^^^^^
  File "/home/airflow/.local/lib/python3.12/site-packages/airflow/models/taskinstance.py", line 776, in _execute_task
    result = _execute_callable(context=context, **execute_callable_kwargs)
             ^^^^^^^^^^^^^^^^^^^^^^^^^^^^^^^^^^^^^^^^^^^^^^^^^^^^^^^^^^^^^
  File "/home/airflow/.local/lib/python3.12/site-packages/airflow/models/taskinstance.py", line 742, in _execute_callable
    return ExecutionCallableRunner(
           ^^^^^^^^^^^^^^^^^^^^^^^^
  File "/home/airflow/.local/lib/python3.12/site-packages/airflow/utils/operator_helpers.py", line 252, in run
    return self.func(*args, **kwargs)
           ^^^^^^^^^^^^^^^^^^^^^^^^^^
  File "/home/airflow/.local/lib/python3.12/site-packages/airflow/models/baseoperator.py", line 425, in wrapper
    return func(self, *args, **kwargs)
           ^^^^^^^^^^^^^^^^^^^^^^^^^^^
  File "/home/airflow/.local/lib/python3.12/site-packages/airflow/decorators/base.py", line 266, in execute
    return_value = super().execute(context)
                   ^^^^^^^^^^^^^^^^^^^^^^^^
  File "/home/airflow/.local/lib/python3.12/site-packages/airflow/models/baseoperator.py", line 425, in wrapper
    return func(self, *args, **kwargs)
           ^^^^^^^^^^^^^^^^^^^^^^^^^^^
  File "/home/airflow/.local/lib/python3.12/site-packages/airflow/operators/python.py", line 238, in execute
    return_value = self.execute_callable()
                   ^^^^^^^^^^^^^^^^^^^^^^^
  File "/home/airflow/.local/lib/python3.12/site-packages/airflow/operators/python.py", line 256, in execute_callable
    return runner.run(*self.op_args, **self.op_kwargs)
           ^^^^^^^^^^^^^^^^^^^^^^^^^^^^^^^^^^^^^^^^^^^
  File "/home/airflow/.local/lib/python3.12/site-packages/airflow/utils/operator_helpers.py", line 252, in run
    return self.func(*args, **kwargs)
           ^^^^^^^^^^^^^^^^^^^^^^^^^^
  File "/opt/airflow/dags/get_finance_yf_csv.py", line 235, in write_db
    raise e  # lempar error agar task Airflow ditandai 'Failed'
    ^^^^^^^
  File "/opt/airflow/dags/get_finance_yf_csv.py", line 228, in write_db
    cursor.execute(query_insert)
psycopg2.errors.SyntaxError: syntax error at or near ")"
LINE 1: ..., high, low, open, inserted_at_timestamp) VALUES (), (), ();...
                                                             ^

[2026-03-16T05:55:50.114+0000] {local_task_job_runner.py:266} INFO - Task exited with return code 1
[2026-03-16T05:55:50.178+0000] {taskinstance.py:3924} INFO - 0 downstream tasks scheduled from follow-on schedule check
[2026-03-16T05:55:50.193+0000] {local_task_job_runner.py:245} INFO - ::endgroup::
[2026-03-16T14:22:54.356+0000] {local_task_job_runner.py:123} INFO - ::group::Pre task execution logs
[2026-03-16T14:22:54.432+0000] {taskinstance.py:2631} INFO - Dependencies all met for dep_context=non-requeueable deps ti=<TaskInstance: dag_get_data_from_yf.write_db scheduled__2026-03-11T00:00:00+00:00 [queued]>
[2026-03-16T14:22:54.452+0000] {taskinstance.py:2631} INFO - Dependencies all met for dep_context=requeueable deps ti=<TaskInstance: dag_get_data_from_yf.write_db scheduled__2026-03-11T00:00:00+00:00 [queued]>
[2026-03-16T14:22:54.453+0000] {taskinstance.py:2884} INFO - Starting attempt 1 of 1
[2026-03-16T14:22:54.477+0000] {taskinstance.py:2907} INFO - Executing <Task(_PythonDecoratedOperator): write_db> on 2026-03-11 00:00:00+00:00
[2026-03-16T14:22:54.497+0000] {warnings.py:112} WARNING - /home/***/.local/lib/python3.12/site-packages/***/task/task_runner/standard_task_runner.py:70: DeprecationWarning: This process (pid=1334) is multi-threaded, use of fork() may lead to deadlocks in the child.
  pid = os.fork()

[2026-03-16T14:22:54.501+0000] {standard_task_runner.py:72} INFO - Started process 1373 to run task
[2026-03-16T14:22:54.503+0000] {standard_task_runner.py:104} INFO - Running: ['***', 'tasks', 'run', 'dag_get_data_from_yf', 'write_db', 'scheduled__2026-03-11T00:00:00+00:00', '--job-id', '1156', '--raw', '--subdir', 'DAGS_FOLDER/get_finance_yf_csv.py', '--cfg-path', '/tmp/tmpai7tn8hb']
[2026-03-16T14:22:54.504+0000] {standard_task_runner.py:105} INFO - Job 1156: Subtask write_db
[2026-03-16T14:22:54.658+0000] {task_command.py:467} INFO - Running <TaskInstance: dag_get_data_from_yf.write_db scheduled__2026-03-11T00:00:00+00:00 [running]> on host 80c99acb76df
[2026-03-16T14:22:54.935+0000] {taskinstance.py:3157} INFO - Exporting env vars: AIRFLOW_CTX_DAG_OWNER='***' AIRFLOW_CTX_DAG_ID='dag_get_data_from_yf' AIRFLOW_CTX_TASK_ID='write_db' AIRFLOW_CTX_EXECUTION_DATE='2026-03-11T00:00:00+00:00' AIRFLOW_CTX_TRY_NUMBER='1' AIRFLOW_CTX_DAG_RUN_ID='scheduled__2026-03-11T00:00:00+00:00'
[2026-03-16T14:22:54.938+0000] {logging_mixin.py:190} INFO - Task instance is in running state
[2026-03-16T14:22:54.939+0000] {logging_mixin.py:190} INFO -  Previous state of the Task instance: queued
[2026-03-16T14:22:54.939+0000] {logging_mixin.py:190} INFO - Current task name:write_db state:running start_date:2026-03-16 14:22:54.432967+00:00
[2026-03-16T14:22:54.940+0000] {logging_mixin.py:190} INFO - Dag name:dag_get_data_from_yf and current dag run status:running
[2026-03-16T14:22:54.940+0000] {taskinstance.py:740} INFO - ::endgroup::
[2026-03-16T14:22:54.973+0000] {base.py:84} INFO - Retrieving connection 'db_custom'
[2026-03-16T14:22:54.989+0000] {logging_mixin.py:190} INFO - Terjadi kesalahan, transaksi di-rollback: name 'df' is not defined
[2026-03-16T14:22:54.993+0000] {logging_mixin.py:190} INFO - koneksi ditutup
[2026-03-16T14:22:54.994+0000] {taskinstance.py:3336} ERROR - Task failed with exception
Traceback (most recent call last):
  File "/home/airflow/.local/lib/python3.12/site-packages/airflow/models/taskinstance.py", line 776, in _execute_task
    result = _execute_callable(context=context, **execute_callable_kwargs)
             ^^^^^^^^^^^^^^^^^^^^^^^^^^^^^^^^^^^^^^^^^^^^^^^^^^^^^^^^^^^^^
  File "/home/airflow/.local/lib/python3.12/site-packages/airflow/models/taskinstance.py", line 742, in _execute_callable
    return ExecutionCallableRunner(
           ^^^^^^^^^^^^^^^^^^^^^^^^
  File "/home/airflow/.local/lib/python3.12/site-packages/airflow/utils/operator_helpers.py", line 252, in run
    return self.func(*args, **kwargs)
           ^^^^^^^^^^^^^^^^^^^^^^^^^^
  File "/home/airflow/.local/lib/python3.12/site-packages/airflow/models/baseoperator.py", line 425, in wrapper
    return func(self, *args, **kwargs)
           ^^^^^^^^^^^^^^^^^^^^^^^^^^^
  File "/home/airflow/.local/lib/python3.12/site-packages/airflow/decorators/base.py", line 266, in execute
    return_value = super().execute(context)
                   ^^^^^^^^^^^^^^^^^^^^^^^^
  File "/home/airflow/.local/lib/python3.12/site-packages/airflow/models/baseoperator.py", line 425, in wrapper
    return func(self, *args, **kwargs)
           ^^^^^^^^^^^^^^^^^^^^^^^^^^^
  File "/home/airflow/.local/lib/python3.12/site-packages/airflow/operators/python.py", line 238, in execute
    return_value = self.execute_callable()
                   ^^^^^^^^^^^^^^^^^^^^^^^
  File "/home/airflow/.local/lib/python3.12/site-packages/airflow/operators/python.py", line 256, in execute_callable
    return runner.run(*self.op_args, **self.op_kwargs)
           ^^^^^^^^^^^^^^^^^^^^^^^^^^^^^^^^^^^^^^^^^^^
  File "/home/airflow/.local/lib/python3.12/site-packages/airflow/utils/operator_helpers.py", line 252, in run
    return self.func(*args, **kwargs)
           ^^^^^^^^^^^^^^^^^^^^^^^^^^
  File "/opt/airflow/dags/get_finance_yf_csv.py", line 234, in write_db
    raise e  # lempar error agar task Airflow ditandai 'Failed'
    ^^^^^^^
  File "/opt/airflow/dags/get_finance_yf_csv.py", line 225, in write_db
    data_to_insert = df[['date', 'ticker', 'close', 'high', 'low', 'open']].values.tolist()
                     ^^
NameError: name 'df' is not defined
[2026-03-16T14:22:55.028+0000] {logging_mixin.py:190} INFO - Task instance in failure state
[2026-03-16T14:22:55.028+0000] {logging_mixin.py:190} INFO - Task start:2026-03-16 14:22:54.432967+00:00 end:2026-03-16 14:22:55.027355+00:00 duration:0.594388
[2026-03-16T14:22:55.029+0000] {logging_mixin.py:190} INFO - Task:<Task(_PythonDecoratedOperator): write_db> dag:<DAG: dag_get_data_from_yf> dagrun:<DagRun dag_get_data_from_yf @ 2026-03-11 00:00:00+00:00: scheduled__2026-03-11T00:00:00+00:00, state:running, queued_at: 2026-03-16 10:57:55.216769+00:00. externally triggered: False>
[2026-03-16T14:22:55.030+0000] {logging_mixin.py:190} INFO - Failure caused by name 'df' is not defined
[2026-03-16T14:22:55.030+0000] {taskinstance.py:1242} INFO - Marking task as FAILED. dag_id=dag_get_data_from_yf, task_id=write_db, run_id=scheduled__2026-03-11T00:00:00+00:00, execution_date=20260311T000000, start_date=20260316T142254, end_date=20260316T142255
[2026-03-16T14:22:55.104+0000] {taskinstance.py:349} INFO - ::group::Post task execution logs
[2026-03-16T14:22:55.105+0000] {standard_task_runner.py:124} ERROR - Failed to execute job 1156 for task write_db (name 'df' is not defined; 1373)
Traceback (most recent call last):
  File "/home/airflow/.local/lib/python3.12/site-packages/airflow/task/task_runner/standard_task_runner.py", line 117, in _start_by_fork
    ret = args.func(args, dag=self.dag)
          ^^^^^^^^^^^^^^^^^^^^^^^^^^^^^
  File "/home/airflow/.local/lib/python3.12/site-packages/airflow/cli/cli_config.py", line 49, in command
    return func(*args, **kwargs)
           ^^^^^^^^^^^^^^^^^^^^^
  File "/home/airflow/.local/lib/python3.12/site-packages/airflow/utils/cli.py", line 116, in wrapper
    return f(*args, **kwargs)
           ^^^^^^^^^^^^^^^^^^
  File "/home/airflow/.local/lib/python3.12/site-packages/airflow/cli/commands/task_command.py", line 483, in task_run
    task_return_code = _run_task_by_selected_method(args, _dag, ti)
                       ^^^^^^^^^^^^^^^^^^^^^^^^^^^^^^^^^^^^^^^^^^^^
  File "/home/airflow/.local/lib/python3.12/site-packages/airflow/cli/commands/task_command.py", line 256, in _run_task_by_selected_method
    return _run_raw_task(args, ti)
           ^^^^^^^^^^^^^^^^^^^^^^^
  File "/home/airflow/.local/lib/python3.12/site-packages/airflow/cli/commands/task_command.py", line 341, in _run_raw_task
    return ti._run_raw_task(
           ^^^^^^^^^^^^^^^^^
  File "/home/airflow/.local/lib/python3.12/site-packages/airflow/utils/session.py", line 97, in wrapper
    return func(*args, session=session, **kwargs)
           ^^^^^^^^^^^^^^^^^^^^^^^^^^^^^^^^^^^^^^
  File "/home/airflow/.local/lib/python3.12/site-packages/airflow/models/taskinstance.py", line 3029, in _run_raw_task
    return _run_raw_task(
           ^^^^^^^^^^^^^^
  File "/home/airflow/.local/lib/python3.12/site-packages/airflow/models/taskinstance.py", line 282, in _run_raw_task
    TaskInstance._execute_task_with_callbacks(
  File "/home/airflow/.local/lib/python3.12/site-packages/airflow/models/taskinstance.py", line 3184, in _execute_task_with_callbacks
    result = self._execute_task(context, task_orig)
             ^^^^^^^^^^^^^^^^^^^^^^^^^^^^^^^^^^^^^^
  File "/home/airflow/.local/lib/python3.12/site-packages/airflow/models/taskinstance.py", line 3208, in _execute_task
    return _execute_task(self, context, task_orig)
           ^^^^^^^^^^^^^^^^^^^^^^^^^^^^^^^^^^^^^^^
  File "/home/airflow/.local/lib/python3.12/site-packages/airflow/models/taskinstance.py", line 776, in _execute_task
    result = _execute_callable(context=context, **execute_callable_kwargs)
             ^^^^^^^^^^^^^^^^^^^^^^^^^^^^^^^^^^^^^^^^^^^^^^^^^^^^^^^^^^^^^
  File "/home/airflow/.local/lib/python3.12/site-packages/airflow/models/taskinstance.py", line 742, in _execute_callable
    return ExecutionCallableRunner(
           ^^^^^^^^^^^^^^^^^^^^^^^^
  File "/home/airflow/.local/lib/python3.12/site-packages/airflow/utils/operator_helpers.py", line 252, in run
    return self.func(*args, **kwargs)
           ^^^^^^^^^^^^^^^^^^^^^^^^^^
  File "/home/airflow/.local/lib/python3.12/site-packages/airflow/models/baseoperator.py", line 425, in wrapper
    return func(self, *args, **kwargs)
           ^^^^^^^^^^^^^^^^^^^^^^^^^^^
  File "/home/airflow/.local/lib/python3.12/site-packages/airflow/decorators/base.py", line 266, in execute
    return_value = super().execute(context)
                   ^^^^^^^^^^^^^^^^^^^^^^^^
  File "/home/airflow/.local/lib/python3.12/site-packages/airflow/models/baseoperator.py", line 425, in wrapper
    return func(self, *args, **kwargs)
           ^^^^^^^^^^^^^^^^^^^^^^^^^^^
  File "/home/airflow/.local/lib/python3.12/site-packages/airflow/operators/python.py", line 238, in execute
    return_value = self.execute_callable()
                   ^^^^^^^^^^^^^^^^^^^^^^^
  File "/home/airflow/.local/lib/python3.12/site-packages/airflow/operators/python.py", line 256, in execute_callable
    return runner.run(*self.op_args, **self.op_kwargs)
           ^^^^^^^^^^^^^^^^^^^^^^^^^^^^^^^^^^^^^^^^^^^
  File "/home/airflow/.local/lib/python3.12/site-packages/airflow/utils/operator_helpers.py", line 252, in run
    return self.func(*args, **kwargs)
           ^^^^^^^^^^^^^^^^^^^^^^^^^^
  File "/opt/airflow/dags/get_finance_yf_csv.py", line 234, in write_db
    raise e  # lempar error agar task Airflow ditandai 'Failed'
    ^^^^^^^
  File "/opt/airflow/dags/get_finance_yf_csv.py", line 225, in write_db
    data_to_insert = df[['date', 'ticker', 'close', 'high', 'low', 'open']].values.tolist()
                     ^^
NameError: name 'df' is not defined
[2026-03-16T14:22:55.138+0000] {local_task_job_runner.py:266} INFO - Task exited with return code 1
[2026-03-16T14:22:55.204+0000] {taskinstance.py:3924} INFO - 0 downstream tasks scheduled from follow-on schedule check
[2026-03-16T14:22:55.236+0000] {local_task_job_runner.py:245} INFO - ::endgroup::
