[2026-03-10T06:21:37.748+0000] {local_task_job_runner.py:123} INFO - ::group::Pre task execution logs
[2026-03-10T06:21:37.778+0000] {taskinstance.py:2631} INFO - Dependencies all met for dep_context=non-requeueable deps ti=<TaskInstance: dag_get_data_from_yf.trigger_load_data_dag scheduled__2026-03-10T06:20:00+00:00 [queued]>
[2026-03-10T06:21:37.787+0000] {taskinstance.py:2631} INFO - Dependencies all met for dep_context=requeueable deps ti=<TaskInstance: dag_get_data_from_yf.trigger_load_data_dag scheduled__2026-03-10T06:20:00+00:00 [queued]>
[2026-03-10T06:21:37.787+0000] {taskinstance.py:2884} INFO - Starting attempt 1 of 1
[2026-03-10T06:21:37.801+0000] {taskinstance.py:2907} INFO - Executing <Task(TriggerDagRunOperator): trigger_load_data_dag> on 2026-03-10 06:20:00+00:00
[2026-03-10T06:21:37.813+0000] {warnings.py:112} WARNING - /home/***/.local/lib/python3.12/site-packages/***/task/task_runner/standard_task_runner.py:70: DeprecationWarning: This process (pid=14670) is multi-threaded, use of fork() may lead to deadlocks in the child.
  pid = os.fork()

[2026-03-10T06:21:37.815+0000] {standard_task_runner.py:72} INFO - Started process 14672 to run task
[2026-03-10T06:21:37.816+0000] {standard_task_runner.py:104} INFO - Running: ['***', 'tasks', 'run', 'dag_get_data_from_yf', 'trigger_load_data_dag', 'scheduled__2026-03-10T06:20:00+00:00', '--job-id', '9288', '--raw', '--subdir', 'DAGS_FOLDER/get_finance_yf_csv.py', '--cfg-path', '/tmp/tmpceax9nv5']
[2026-03-10T06:21:37.817+0000] {standard_task_runner.py:105} INFO - Job 9288: Subtask trigger_load_data_dag
[2026-03-10T06:21:37.886+0000] {task_command.py:467} INFO - Running <TaskInstance: dag_get_data_from_yf.trigger_load_data_dag scheduled__2026-03-10T06:20:00+00:00 [running]> on host 50d997f0c294
[2026-03-10T06:21:38.001+0000] {taskinstance.py:3157} INFO - Exporting env vars: AIRFLOW_CTX_DAG_OWNER='***' AIRFLOW_CTX_DAG_ID='dag_get_data_from_yf' AIRFLOW_CTX_TASK_ID='trigger_load_data_dag' AIRFLOW_CTX_EXECUTION_DATE='2026-03-10T06:20:00+00:00' AIRFLOW_CTX_TRY_NUMBER='1' AIRFLOW_CTX_DAG_RUN_ID='scheduled__2026-03-10T06:20:00+00:00'
[2026-03-10T06:21:38.002+0000] {logging_mixin.py:190} INFO - Task instance is in running state
[2026-03-10T06:21:38.003+0000] {logging_mixin.py:190} INFO -  Previous state of the Task instance: queued
[2026-03-10T06:21:38.003+0000] {logging_mixin.py:190} INFO - Current task name:trigger_load_data_dag state:running start_date:2026-03-10 06:21:37.778649+00:00
[2026-03-10T06:21:38.004+0000] {logging_mixin.py:190} INFO - Dag name:dag_get_data_from_yf and current dag run status:running
[2026-03-10T06:21:38.004+0000] {taskinstance.py:740} INFO - ::endgroup::
[2026-03-10T06:21:38.137+0000] {taskinstance.py:349} INFO - ::group::Post task execution logs
[2026-03-10T06:21:38.137+0000] {taskinstance.py:361} INFO - Marking task as SUCCESS. dag_id=dag_get_data_from_yf, task_id=trigger_load_data_dag, run_id=scheduled__2026-03-10T06:20:00+00:00, execution_date=20260310T062000, start_date=20260310T062137, end_date=20260310T062138
[2026-03-10T06:21:38.182+0000] {logging_mixin.py:190} INFO - Task instance in success state
[2026-03-10T06:21:38.183+0000] {logging_mixin.py:190} INFO -  Previous state of the Task instance: running
[2026-03-10T06:21:38.183+0000] {logging_mixin.py:190} INFO - Dag name:dag_get_data_from_yf queued_at:2026-03-10 06:21:00.418227+00:00
[2026-03-10T06:21:38.183+0000] {logging_mixin.py:190} INFO - Task hostname:50d997f0c294 operator:TriggerDagRunOperator
[2026-03-10T06:21:38.197+0000] {local_task_job_runner.py:266} INFO - Task exited with return code 0
[2026-03-10T06:21:38.227+0000] {taskinstance.py:3924} INFO - 0 downstream tasks scheduled from follow-on schedule check
[2026-03-10T06:21:38.230+0000] {local_task_job_runner.py:245} INFO - ::endgroup::
