[2026-03-09T03:47:21.794+0000] {local_task_job_runner.py:123} INFO - ::group::Pre task execution logs
[2026-03-09T03:47:22.050+0000] {taskinstance.py:2631} INFO - Dependencies all met for dep_context=non-requeueable deps ti=<TaskInstance: dag_get_data_from_yf.combine_csv scheduled__2026-03-09T03:45:00+00:00 [queued]>
[2026-03-09T03:47:22.094+0000] {taskinstance.py:2631} INFO - Dependencies all met for dep_context=requeueable deps ti=<TaskInstance: dag_get_data_from_yf.combine_csv scheduled__2026-03-09T03:45:00+00:00 [queued]>
[2026-03-09T03:47:22.095+0000] {taskinstance.py:2884} INFO - Starting attempt 1 of 1
[2026-03-09T03:47:22.132+0000] {taskinstance.py:2907} INFO - Executing <Task(_PythonDecoratedOperator): combine_csv> on 2026-03-09 03:45:00+00:00
[2026-03-09T03:47:22.156+0000] {warnings.py:112} WARNING - /home/***/.local/lib/python3.12/site-packages/***/task/task_runner/standard_task_runner.py:70: DeprecationWarning: This process (pid=395) is multi-threaded, use of fork() may lead to deadlocks in the child.
  pid = os.fork()

[2026-03-09T03:47:22.162+0000] {standard_task_runner.py:72} INFO - Started process 415 to run task
[2026-03-09T03:47:22.161+0000] {standard_task_runner.py:104} INFO - Running: ['***', 'tasks', 'run', 'dag_get_data_from_yf', 'combine_csv', 'scheduled__2026-03-09T03:45:00+00:00', '--job-id', '5689', '--raw', '--subdir', 'DAGS_FOLDER/get_finance_yf_csv.py', '--cfg-path', '/tmp/tmpj3hms96o']
[2026-03-09T03:47:22.173+0000] {standard_task_runner.py:105} INFO - Job 5689: Subtask combine_csv
[2026-03-09T03:47:22.453+0000] {task_command.py:467} INFO - Running <TaskInstance: dag_get_data_from_yf.combine_csv scheduled__2026-03-09T03:45:00+00:00 [running]> on host e96756f86073
[2026-03-09T03:47:22.950+0000] {taskinstance.py:3157} INFO - Exporting env vars: AIRFLOW_CTX_DAG_OWNER='***' AIRFLOW_CTX_DAG_ID='dag_get_data_from_yf' AIRFLOW_CTX_TASK_ID='combine_csv' AIRFLOW_CTX_EXECUTION_DATE='2026-03-09T03:45:00+00:00' AIRFLOW_CTX_TRY_NUMBER='1' AIRFLOW_CTX_DAG_RUN_ID='scheduled__2026-03-09T03:45:00+00:00'
[2026-03-09T03:47:22.952+0000] {logging_mixin.py:190} INFO - Task instance is in running state
[2026-03-09T03:47:22.952+0000] {logging_mixin.py:190} INFO -  Previous state of the Task instance: queued
[2026-03-09T03:47:22.953+0000] {logging_mixin.py:190} INFO - Current task name:combine_csv state:running start_date:2026-03-09 03:47:22.051736+00:00
[2026-03-09T03:47:22.953+0000] {logging_mixin.py:190} INFO - Dag name:dag_get_data_from_yf and current dag run status:running
[2026-03-09T03:47:22.954+0000] {taskinstance.py:740} INFO - ::endgroup::
[2026-03-09T03:47:22.988+0000] {logging_mixin.py:190} INFO - a:  Empty DataFrame
Columns: []
Index: []
[2026-03-09T03:47:22.994+0000] {logging_mixin.py:190} INFO - b:  None
[2026-03-09T03:47:22.998+0000] {python.py:240} INFO - Done. Returned value was: /opt/***/scripts/saham_indonesia_all.csv
[2026-03-09T03:47:23.123+0000] {taskinstance.py:349} INFO - ::group::Post task execution logs
[2026-03-09T03:47:23.124+0000] {taskinstance.py:361} INFO - Marking task as SUCCESS. dag_id=dag_get_data_from_yf, task_id=combine_csv, run_id=scheduled__2026-03-09T03:45:00+00:00, execution_date=20260309T034500, start_date=20260309T034722, end_date=20260309T034723
[2026-03-09T03:47:23.260+0000] {logging_mixin.py:190} INFO - Task instance in success state
[2026-03-09T03:47:23.260+0000] {logging_mixin.py:190} INFO -  Previous state of the Task instance: running
[2026-03-09T03:47:23.261+0000] {logging_mixin.py:190} INFO - Dag name:dag_get_data_from_yf queued_at:2026-03-09 03:46:00.867566+00:00
[2026-03-09T03:47:23.262+0000] {logging_mixin.py:190} INFO - Task hostname:e96756f86073 operator:_PythonDecoratedOperator
[2026-03-09T03:47:23.291+0000] {local_task_job_runner.py:266} INFO - Task exited with return code 0
[2026-03-09T03:47:23.376+0000] {taskinstance.py:3924} INFO - 1 downstream tasks scheduled from follow-on schedule check
[2026-03-09T03:47:23.382+0000] {local_task_job_runner.py:245} INFO - ::endgroup::
