[2026-03-12T09:52:00.065+0000] {local_task_job_runner.py:123} INFO - ::group::Pre task execution logs
[2026-03-12T09:52:00.227+0000] {taskinstance.py:2631} INFO - Dependencies all met for dep_context=non-requeueable deps ti=<TaskInstance: dag_get_data_from_yf.get_csv_high manual__2026-03-12T09:51:05+00:00 [queued]>
[2026-03-12T09:52:00.257+0000] {taskinstance.py:2631} INFO - Dependencies all met for dep_context=requeueable deps ti=<TaskInstance: dag_get_data_from_yf.get_csv_high manual__2026-03-12T09:51:05+00:00 [queued]>
[2026-03-12T09:52:00.259+0000] {taskinstance.py:2884} INFO - Starting attempt 1 of 1
[2026-03-12T09:52:00.309+0000] {taskinstance.py:2907} INFO - Executing <Task(_PythonDecoratedOperator): get_csv_high> on 2026-03-12 09:51:05+00:00
[2026-03-12T09:52:00.358+0000] {standard_task_runner.py:104} INFO - Running: ['***', 'tasks', 'run', 'dag_get_data_from_yf', 'get_csv_high', 'manual__2026-03-12T09:51:05+00:00', '--job-id', '12347', '--raw', '--subdir', 'DAGS_FOLDER/get_finance_yf_csv.py', '--cfg-path', '/tmp/tmpagwy57tp']
[2026-03-12T09:52:00.366+0000] {standard_task_runner.py:105} INFO - Job 12347: Subtask get_csv_high
[2026-03-12T09:52:00.376+0000] {warnings.py:112} WARNING - /home/***/.local/lib/python3.12/site-packages/***/task/task_runner/standard_task_runner.py:70: DeprecationWarning: This process (pid=7168) is multi-threaded, use of fork() may lead to deadlocks in the child.
  pid = os.fork()

[2026-03-12T09:52:00.386+0000] {standard_task_runner.py:72} INFO - Started process 7176 to run task
[2026-03-12T09:52:00.914+0000] {task_command.py:467} INFO - Running <TaskInstance: dag_get_data_from_yf.get_csv_high manual__2026-03-12T09:51:05+00:00 [running]> on host 80e0d0cbfa54
[2026-03-12T09:52:02.009+0000] {taskinstance.py:3157} INFO - Exporting env vars: AIRFLOW_CTX_DAG_OWNER='***' AIRFLOW_CTX_DAG_ID='dag_get_data_from_yf' AIRFLOW_CTX_TASK_ID='get_csv_high' AIRFLOW_CTX_EXECUTION_DATE='2026-03-12T09:51:05+00:00' AIRFLOW_CTX_TRY_NUMBER='1' AIRFLOW_CTX_DAG_RUN_ID='manual__2026-03-12T09:51:05+00:00'
[2026-03-12T09:52:02.015+0000] {logging_mixin.py:190} INFO - Task instance is in running state
[2026-03-12T09:52:02.016+0000] {logging_mixin.py:190} INFO -  Previous state of the Task instance: queued
[2026-03-12T09:52:02.018+0000] {logging_mixin.py:190} INFO - Current task name:get_csv_high state:running start_date:2026-03-12 09:52:00.228187+00:00
[2026-03-12T09:52:02.019+0000] {logging_mixin.py:190} INFO - Dag name:dag_get_data_from_yf and current dag run status:running
[2026-03-12T09:52:02.019+0000] {taskinstance.py:740} INFO - ::endgroup::
[2026-03-12T09:52:02.037+0000] {logging_mixin.py:190} INFO - None
[2026-03-12T09:52:02.037+0000] {python.py:240} INFO - Done. Returned value was: /opt/***/scripts/saham_indonesia_high.csv
[2026-03-12T09:52:02.133+0000] {taskinstance.py:349} INFO - ::group::Post task execution logs
[2026-03-12T09:52:02.135+0000] {taskinstance.py:361} INFO - Marking task as SUCCESS. dag_id=dag_get_data_from_yf, task_id=get_csv_high, run_id=manual__2026-03-12T09:51:05+00:00, execution_date=20260312T095105, start_date=20260312T095200, end_date=20260312T095202
[2026-03-12T09:52:02.235+0000] {logging_mixin.py:190} INFO - Task instance in success state
[2026-03-12T09:52:02.236+0000] {logging_mixin.py:190} INFO -  Previous state of the Task instance: running
[2026-03-12T09:52:02.237+0000] {logging_mixin.py:190} INFO - Dag name:dag_get_data_from_yf queued_at:2026-03-12 09:51:38.056267+00:00
[2026-03-12T09:52:02.238+0000] {logging_mixin.py:190} INFO - Task hostname:80e0d0cbfa54 operator:_PythonDecoratedOperator
[2026-03-12T09:52:02.314+0000] {local_task_job_runner.py:266} INFO - Task exited with return code 0
[2026-03-12T09:52:02.394+0000] {taskinstance.py:3924} INFO - 0 downstream tasks scheduled from follow-on schedule check
[2026-03-12T09:52:02.398+0000] {local_task_job_runner.py:245} INFO - ::endgroup::
