[2026-03-26T10:29:35.624+0000] {local_task_job_runner.py:123} INFO - ::group::Pre task execution logs
[2026-03-26T10:29:35.655+0000] {taskinstance.py:2631} INFO - Dependencies all met for dep_context=non-requeueable deps ti=<TaskInstance: dag_get_data_from_yf.create_table_task manual__2026-03-26T10:29:17+00:00 [queued]>
[2026-03-26T10:29:35.665+0000] {taskinstance.py:2631} INFO - Dependencies all met for dep_context=requeueable deps ti=<TaskInstance: dag_get_data_from_yf.create_table_task manual__2026-03-26T10:29:17+00:00 [queued]>
[2026-03-26T10:29:35.666+0000] {taskinstance.py:2884} INFO - Starting attempt 1 of 1
[2026-03-26T10:29:35.684+0000] {taskinstance.py:2907} INFO - Executing <Task(SQLExecuteQueryOperator): create_table_task> on 2026-03-26 10:29:17+00:00
[2026-03-26T10:29:35.703+0000] {standard_task_runner.py:104} INFO - Running: ['***', 'tasks', 'run', 'dag_get_data_from_yf', 'create_table_task', 'manual__2026-03-26T10:29:17+00:00', '--job-id', '156', '--raw', '--subdir', 'DAGS_FOLDER/get_finance_yf_csv.py', '--cfg-path', '/tmp/tmppv4063u0']
[2026-03-26T10:29:35.703+0000] {logging_mixin.py:190} WARNING - /home/***/.local/lib/python3.12/site-packages/***/task/task_runner/standard_task_runner.py:70 DeprecationWarning: This process (pid=955) is multi-threaded, use of fork() may lead to deadlocks in the child.
[2026-03-26T10:29:35.705+0000] {standard_task_runner.py:105} INFO - Job 156: Subtask create_table_task
[2026-03-26T10:29:35.705+0000] {standard_task_runner.py:72} INFO - Started process 972 to run task
[2026-03-26T10:29:35.809+0000] {task_command.py:467} INFO - Running <TaskInstance: dag_get_data_from_yf.create_table_task manual__2026-03-26T10:29:17+00:00 [running]> on host 10c63b58d04d
[2026-03-26T10:29:35.974+0000] {taskinstance.py:3157} INFO - Exporting env vars: AIRFLOW_CTX_DAG_OWNER='***' AIRFLOW_CTX_DAG_ID='dag_get_data_from_yf' AIRFLOW_CTX_TASK_ID='create_table_task' AIRFLOW_CTX_EXECUTION_DATE='2026-03-26T10:29:17+00:00' AIRFLOW_CTX_TRY_NUMBER='1' AIRFLOW_CTX_DAG_RUN_ID='manual__2026-03-26T10:29:17+00:00'
[2026-03-26T10:29:35.976+0000] {taskinstance.py:740} INFO - ::endgroup::
[2026-03-26T10:29:35.978+0000] {sql.py:410} INFO - Executing:  CREATE TABLE IF NOT EXISTS indonesian_stocks (
                date DATE,
                ticker VARCHAR(7),
                close FLOAT,
                high FLOAT,
                low FLOAT,
                open FLOAT,
                inserted_at_timestamp_wib TIMESTAMP,
                PRIMARY KEY (date, ticker)
            ); 
[2026-03-26T10:29:35.980+0000] {crypto.py:82} WARNING - empty cryptography key - values will not be stored encrypted.
[2026-03-26T10:29:35.980+0000] {base.py:84} INFO - Retrieving connection 'db_custom'
[2026-03-26T10:29:35.988+0000] {base.py:84} INFO - Retrieving connection 'db_custom'
[2026-03-26T10:29:36.003+0000] {sql.py:861} INFO - Running statement:  CREATE TABLE IF NOT EXISTS indonesian_stocks (
                date DATE,
                ticker VARCHAR(7),
                close FLOAT,
                high FLOAT,
                low FLOAT,
                open FLOAT,
                inserted_at_timestamp_wib TIMESTAMP,
                PRIMARY KEY (date, ticker)
            ); , parameters: None
[2026-03-26T10:29:36.035+0000] {taskinstance.py:349} INFO - ::group::Post task execution logs
[2026-03-26T10:29:36.036+0000] {taskinstance.py:361} INFO - Marking task as SUCCESS. dag_id=dag_get_data_from_yf, task_id=create_table_task, run_id=manual__2026-03-26T10:29:17+00:00, execution_date=20260326T102917, start_date=20260326T102935, end_date=20260326T102936
[2026-03-26T10:29:36.104+0000] {local_task_job_runner.py:266} INFO - Task exited with return code 0
[2026-03-26T10:29:36.180+0000] {taskinstance.py:3924} INFO - 18 downstream tasks scheduled from follow-on schedule check
[2026-03-26T10:29:36.182+0000] {local_task_job_runner.py:245} INFO - ::endgroup::
