[2026-03-09T03:25:16.133+0000] {local_task_job_runner.py:123} INFO - ::group::Pre task execution logs
[2026-03-09T03:25:16.245+0000] {taskinstance.py:2631} INFO - Dependencies all met for dep_context=non-requeueable deps ti=<TaskInstance: execute_shell_script.execute_script_second scheduled__2026-03-09T03:24:00+00:00 [queued]>
[2026-03-09T03:25:16.275+0000] {taskinstance.py:2631} INFO - Dependencies all met for dep_context=requeueable deps ti=<TaskInstance: execute_shell_script.execute_script_second scheduled__2026-03-09T03:24:00+00:00 [queued]>
[2026-03-09T03:25:16.277+0000] {taskinstance.py:2884} INFO - Starting attempt 1 of 1
[2026-03-09T03:25:16.401+0000] {taskinstance.py:2907} INFO - Executing <Task(BashOperator): execute_script_second> on 2026-03-09 03:24:00+00:00
[2026-03-09T03:25:16.436+0000] {warnings.py:112} WARNING - /home/***/.local/lib/python3.12/site-packages/***/task/task_runner/standard_task_runner.py:70: DeprecationWarning: This process (pid=8932) is multi-threaded, use of fork() may lead to deadlocks in the child.
  pid = os.fork()

[2026-03-09T03:25:16.439+0000] {standard_task_runner.py:72} INFO - Started process 8955 to run task
[2026-03-09T03:25:16.470+0000] {standard_task_runner.py:104} INFO - Running: ['***', 'tasks', 'run', 'execute_shell_script', 'execute_script_second', 'scheduled__2026-03-09T03:24:00+00:00', '--job-id', '5470', '--raw', '--subdir', 'DAGS_FOLDER/executeShellScript.py', '--cfg-path', '/tmp/tmpex4k_w4p']
[2026-03-09T03:25:16.472+0000] {standard_task_runner.py:105} INFO - Job 5470: Subtask execute_script_second
[2026-03-09T03:25:16.622+0000] {task_command.py:467} INFO - Running <TaskInstance: execute_shell_script.execute_script_second scheduled__2026-03-09T03:24:00+00:00 [running]> on host 0b29540d368e
[2026-03-09T03:25:16.910+0000] {taskinstance.py:3157} INFO - Exporting env vars: AIRFLOW_CTX_DAG_OWNER='***' AIRFLOW_CTX_DAG_ID='execute_shell_script' AIRFLOW_CTX_TASK_ID='execute_script_second' AIRFLOW_CTX_EXECUTION_DATE='2026-03-09T03:24:00+00:00' AIRFLOW_CTX_TRY_NUMBER='1' AIRFLOW_CTX_DAG_RUN_ID='scheduled__2026-03-09T03:24:00+00:00'
[2026-03-09T03:25:16.918+0000] {logging_mixin.py:190} INFO - Task instance is in running state
[2026-03-09T03:25:16.919+0000] {logging_mixin.py:190} INFO -  Previous state of the Task instance: queued
[2026-03-09T03:25:16.920+0000] {logging_mixin.py:190} INFO - Current task name:execute_script_second state:running start_date:2026-03-09 03:25:16.247651+00:00
[2026-03-09T03:25:16.921+0000] {logging_mixin.py:190} INFO - Dag name:execute_shell_script and current dag run status:running
[2026-03-09T03:25:16.922+0000] {taskinstance.py:740} INFO - ::endgroup::
[2026-03-09T03:25:16.925+0000] {subprocess.py:78} INFO - Tmp dir root location: /tmp
[2026-03-09T03:25:16.927+0000] {subprocess.py:88} INFO - Running command: ['/usr/bin/bash', '-c', 'sh /opt/***/scripts/SampleShellScript.sh /opt/***/scripts/task_output2.txt']
[2026-03-09T03:25:16.958+0000] {subprocess.py:99} INFO - Output:
[2026-03-09T03:25:16.964+0000] {subprocess.py:106} INFO - File '/opt/***/scripts/task_output2.txt' dibuat dengan sample text.
[2026-03-09T03:25:16.966+0000] {subprocess.py:110} INFO - Command exited with return code 0
[2026-03-09T03:25:17.651+0000] {taskinstance.py:349} INFO - ::group::Post task execution logs
[2026-03-09T03:25:17.652+0000] {taskinstance.py:361} INFO - Marking task as SUCCESS. dag_id=execute_shell_script, task_id=execute_script_second, run_id=scheduled__2026-03-09T03:24:00+00:00, execution_date=20260309T032400, start_date=20260309T032516, end_date=20260309T032517
[2026-03-09T03:25:17.722+0000] {logging_mixin.py:190} INFO - Task instance in success state
[2026-03-09T03:25:17.723+0000] {logging_mixin.py:190} INFO -  Previous state of the Task instance: running
[2026-03-09T03:25:17.724+0000] {logging_mixin.py:190} INFO - Dag name:execute_shell_script queued_at:2026-03-09 03:25:00.198079+00:00
[2026-03-09T03:25:17.724+0000] {logging_mixin.py:190} INFO - Task hostname:0b29540d368e operator:BashOperator
[2026-03-09T03:25:17.750+0000] {local_task_job_runner.py:266} INFO - Task exited with return code 0
[2026-03-09T03:25:17.792+0000] {taskinstance.py:3924} INFO - 0 downstream tasks scheduled from follow-on schedule check
[2026-03-09T03:25:17.795+0000] {local_task_job_runner.py:245} INFO - ::endgroup::
