[2026-03-26T10:33:36.948+0000] {local_task_job_runner.py:123} INFO - ::group::Pre task execution logs
[2026-03-26T10:33:37.130+0000] {taskinstance.py:2631} INFO - Dependencies all met for dep_context=non-requeueable deps ti=<TaskInstance: dag_get_data_from_yf.insert_data_task manual__2026-03-26T10:33:03+00:00 map_index=5 [queued]>
[2026-03-26T10:33:37.177+0000] {taskinstance.py:2631} INFO - Dependencies all met for dep_context=requeueable deps ti=<TaskInstance: dag_get_data_from_yf.insert_data_task manual__2026-03-26T10:33:03+00:00 map_index=5 [queued]>
[2026-03-26T10:33:37.178+0000] {taskinstance.py:2884} INFO - Starting attempt 1 of 1
[2026-03-26T10:33:37.235+0000] {taskinstance.py:2907} INFO - Executing <Mapped(SQLExecuteQueryOperator): insert_data_task> on 2026-03-26 10:33:03+00:00
[2026-03-26T10:33:37.327+0000] {logging_mixin.py:190} WARNING - /home/***/.local/lib/python3.12/site-packages/***/task/task_runner/standard_task_runner.py:70 DeprecationWarning: This process (pid=1678) is multi-threaded, use of fork() may lead to deadlocks in the child.
[2026-03-26T10:33:37.356+0000] {standard_task_runner.py:72} INFO - Started process 1963 to run task
[2026-03-26T10:33:37.342+0000] {standard_task_runner.py:104} INFO - Running: ['***', 'tasks', 'run', 'dag_get_data_from_yf', 'insert_data_task', 'manual__2026-03-26T10:33:03+00:00', '--job-id', '194', '--raw', '--subdir', 'DAGS_FOLDER/get_finance_yf_csv.py', '--cfg-path', '/tmp/tmp5na2xrf_', '--map-index', '5']
[2026-03-26T10:33:37.370+0000] {standard_task_runner.py:105} INFO - Job 194: Subtask insert_data_task
[2026-03-26T10:33:37.717+0000] {task_command.py:467} INFO - Running <TaskInstance: dag_get_data_from_yf.insert_data_task manual__2026-03-26T10:33:03+00:00 map_index=5 [running]> on host 10c63b58d04d
[2026-03-26T10:33:38.604+0000] {taskinstance.py:3157} INFO - Exporting env vars: AIRFLOW_CTX_DAG_OWNER='***' AIRFLOW_CTX_DAG_ID='dag_get_data_from_yf' AIRFLOW_CTX_TASK_ID='insert_data_task' AIRFLOW_CTX_EXECUTION_DATE='2026-03-26T10:33:03+00:00' AIRFLOW_CTX_TRY_NUMBER='1' AIRFLOW_CTX_DAG_RUN_ID='manual__2026-03-26T10:33:03+00:00'
[2026-03-26T10:33:38.607+0000] {taskinstance.py:740} INFO - ::endgroup::
[2026-03-26T10:33:38.617+0000] {sql.py:410} INFO - Executing:  INSERT INTO indonesian_stocks (date, ticker, close, high, low, open, inserted_at_timestamp_wib) 
                VALUES ('2026-03-02', 'BMRI.JK', '5075.0', '5175.0', '5050.0', '5125.0', '2026-03-26 10:29:27' )
                ON CONFLICT (date, ticker) DO NOTHING; 
[2026-03-26T10:33:38.620+0000] {crypto.py:82} WARNING - empty cryptography key - values will not be stored encrypted.
[2026-03-26T10:33:38.620+0000] {base.py:84} INFO - Retrieving connection 'db_custom'
[2026-03-26T10:33:38.672+0000] {base.py:84} INFO - Retrieving connection 'db_custom'
[2026-03-26T10:33:38.703+0000] {sql.py:861} INFO - Running statement:  INSERT INTO indonesian_stocks (date, ticker, close, high, low, open, inserted_at_timestamp_wib) 
                VALUES ('2026-03-02', 'BMRI.JK', '5075.0', '5175.0', '5050.0', '5125.0', '2026-03-26 10:29:27' )
                ON CONFLICT (date, ticker) DO NOTHING; , parameters: None
[2026-03-26T10:33:38.747+0000] {sql.py:879} INFO - Rows affected: 0
[2026-03-26T10:33:38.813+0000] {taskinstance.py:349} INFO - ::group::Post task execution logs
[2026-03-26T10:33:38.814+0000] {taskinstance.py:361} INFO - Marking task as SUCCESS. dag_id=dag_get_data_from_yf, task_id=insert_data_task, run_id=manual__2026-03-26T10:33:03+00:00, map_index=5, execution_date=20260326T103303, start_date=20260326T103337, end_date=20260326T103338
[2026-03-26T10:33:39.095+0000] {local_task_job_runner.py:266} INFO - Task exited with return code 0
[2026-03-26T10:33:39.164+0000] {local_task_job_runner.py:245} INFO - ::endgroup::
