[2026-03-12T16:27:56.421+0000] {local_task_job_runner.py:123} INFO - ::group::Pre task execution logs
[2026-03-12T16:27:56.502+0000] {taskinstance.py:2631} INFO - Dependencies all met for dep_context=non-requeueable deps ti=<TaskInstance: dag_get_data_from_yf.get_csv_open manual__2026-03-12T09:51:05+00:00 [queued]>
[2026-03-12T16:27:56.528+0000] {taskinstance.py:2631} INFO - Dependencies all met for dep_context=requeueable deps ti=<TaskInstance: dag_get_data_from_yf.get_csv_open manual__2026-03-12T09:51:05+00:00 [queued]>
[2026-03-12T16:27:56.529+0000] {taskinstance.py:2884} INFO - Starting attempt 2 of 2
[2026-03-12T16:27:56.584+0000] {taskinstance.py:2907} INFO - Executing <Task(_PythonDecoratedOperator): get_csv_open> on 2026-03-12 09:51:05+00:00
[2026-03-12T16:27:56.611+0000] {warnings.py:112} WARNING - /home/***/.local/lib/python3.12/site-packages/***/task/task_runner/standard_task_runner.py:70: DeprecationWarning: This process (pid=9816) is multi-threaded, use of fork() may lead to deadlocks in the child.
  pid = os.fork()

[2026-03-12T16:27:56.635+0000] {standard_task_runner.py:72} INFO - Started process 9907 to run task
[2026-03-12T16:27:56.643+0000] {standard_task_runner.py:104} INFO - Running: ['***', 'tasks', 'run', 'dag_get_data_from_yf', 'get_csv_open', 'manual__2026-03-12T09:51:05+00:00', '--job-id', '12591', '--raw', '--subdir', 'DAGS_FOLDER/get_finance_yf_csv.py', '--cfg-path', '/tmp/tmp9oawk7wm']
[2026-03-12T16:27:56.686+0000] {standard_task_runner.py:105} INFO - Job 12591: Subtask get_csv_open
[2026-03-12T16:27:57.214+0000] {task_command.py:467} INFO - Running <TaskInstance: dag_get_data_from_yf.get_csv_open manual__2026-03-12T09:51:05+00:00 [running]> on host 80e0d0cbfa54
[2026-03-12T16:28:00.120+0000] {taskinstance.py:3157} INFO - Exporting env vars: AIRFLOW_CTX_DAG_OWNER='***' AIRFLOW_CTX_DAG_ID='dag_get_data_from_yf' AIRFLOW_CTX_TASK_ID='get_csv_open' AIRFLOW_CTX_EXECUTION_DATE='2026-03-12T09:51:05+00:00' AIRFLOW_CTX_TRY_NUMBER='2' AIRFLOW_CTX_DAG_RUN_ID='manual__2026-03-12T09:51:05+00:00'
[2026-03-12T16:28:00.148+0000] {logging_mixin.py:190} INFO - Task instance is in running state
[2026-03-12T16:28:00.155+0000] {logging_mixin.py:190} INFO -  Previous state of the Task instance: queued
[2026-03-12T16:28:00.160+0000] {logging_mixin.py:190} INFO - Current task name:get_csv_open state:running start_date:2026-03-12 16:27:56.503484+00:00
[2026-03-12T16:28:00.161+0000] {logging_mixin.py:190} INFO - Dag name:dag_get_data_from_yf and current dag run status:running
[2026-03-12T16:28:00.165+0000] {taskinstance.py:740} INFO - ::endgroup::
[2026-03-12T16:28:00.207+0000] {logging_mixin.py:190} INFO - None
[2026-03-12T16:28:00.208+0000] {python.py:240} INFO - Done. Returned value was: /opt/***/scripts/saham_indonesia_open.csv
[2026-03-12T16:28:00.474+0000] {taskinstance.py:349} INFO - ::group::Post task execution logs
[2026-03-12T16:28:00.475+0000] {taskinstance.py:361} INFO - Marking task as SUCCESS. dag_id=dag_get_data_from_yf, task_id=get_csv_open, run_id=manual__2026-03-12T09:51:05+00:00, execution_date=20260312T095105, start_date=20260312T162756, end_date=20260312T162800
[2026-03-12T16:28:00.878+0000] {logging_mixin.py:190} INFO - Task instance in success state
[2026-03-12T16:28:00.882+0000] {logging_mixin.py:190} INFO -  Previous state of the Task instance: running
[2026-03-12T16:28:00.883+0000] {logging_mixin.py:190} INFO - Dag name:dag_get_data_from_yf queued_at:2026-03-12 16:25:43.746564+00:00
[2026-03-12T16:28:00.883+0000] {logging_mixin.py:190} INFO - Task hostname:80e0d0cbfa54 operator:_PythonDecoratedOperator
[2026-03-12T16:28:01.129+0000] {local_task_job_runner.py:266} INFO - Task exited with return code 0
[2026-03-12T16:28:01.206+0000] {taskinstance.py:3924} INFO - 0 downstream tasks scheduled from follow-on schedule check
[2026-03-12T16:28:01.217+0000] {local_task_job_runner.py:245} INFO - ::endgroup::
