[2026-03-10T04:22:40.832+0000] {local_task_job_runner.py:123} INFO - ::group::Pre task execution logs
[2026-03-10T04:22:40.917+0000] {taskinstance.py:2631} INFO - Dependencies all met for dep_context=non-requeueable deps ti=<TaskInstance: dag_get_data_from_yf.get_csv_low scheduled__2026-03-10T04:21:00+00:00 [queued]>
[2026-03-10T04:22:40.943+0000] {taskinstance.py:2631} INFO - Dependencies all met for dep_context=requeueable deps ti=<TaskInstance: dag_get_data_from_yf.get_csv_low scheduled__2026-03-10T04:21:00+00:00 [queued]>
[2026-03-10T04:22:40.944+0000] {taskinstance.py:2884} INFO - Starting attempt 1 of 1
[2026-03-10T04:22:40.996+0000] {taskinstance.py:2907} INFO - Executing <Task(_PythonDecoratedOperator): get_csv_low> on 2026-03-10 04:21:00+00:00
[2026-03-10T04:22:41.034+0000] {warnings.py:112} WARNING - /home/***/.local/lib/python3.12/site-packages/***/task/task_runner/standard_task_runner.py:70: DeprecationWarning: This process (pid=10332) is multi-threaded, use of fork() may lead to deadlocks in the child.
  pid = os.fork()

[2026-03-10T04:22:41.040+0000] {standard_task_runner.py:72} INFO - Started process 10368 to run task
[2026-03-10T04:22:41.085+0000] {standard_task_runner.py:104} INFO - Running: ['***', 'tasks', 'run', 'dag_get_data_from_yf', 'get_csv_low', 'scheduled__2026-03-10T04:21:00+00:00', '--job-id', '8840', '--raw', '--subdir', 'DAGS_FOLDER/get_finance_yf_csv.py', '--cfg-path', '/tmp/tmpba5n89gw']
[2026-03-10T04:22:41.087+0000] {standard_task_runner.py:105} INFO - Job 8840: Subtask get_csv_low
[2026-03-10T04:22:41.323+0000] {task_command.py:467} INFO - Running <TaskInstance: dag_get_data_from_yf.get_csv_low scheduled__2026-03-10T04:21:00+00:00 [running]> on host 50d997f0c294
[2026-03-10T04:22:42.499+0000] {taskinstance.py:3157} INFO - Exporting env vars: AIRFLOW_CTX_DAG_OWNER='***' AIRFLOW_CTX_DAG_ID='dag_get_data_from_yf' AIRFLOW_CTX_TASK_ID='get_csv_low' AIRFLOW_CTX_EXECUTION_DATE='2026-03-10T04:21:00+00:00' AIRFLOW_CTX_TRY_NUMBER='1' AIRFLOW_CTX_DAG_RUN_ID='scheduled__2026-03-10T04:21:00+00:00'
[2026-03-10T04:22:42.503+0000] {logging_mixin.py:190} INFO - Task instance is in running state
[2026-03-10T04:22:42.503+0000] {logging_mixin.py:190} INFO -  Previous state of the Task instance: queued
[2026-03-10T04:22:42.504+0000] {logging_mixin.py:190} INFO - Current task name:get_csv_low state:running start_date:2026-03-10 04:22:40.918316+00:00
[2026-03-10T04:22:42.504+0000] {logging_mixin.py:190} INFO - Dag name:dag_get_data_from_yf and current dag run status:running
[2026-03-10T04:22:42.507+0000] {taskinstance.py:740} INFO - ::endgroup::
[2026-03-10T04:22:42.542+0000] {logging_mixin.py:190} INFO - None
[2026-03-10T04:22:42.543+0000] {python.py:240} INFO - Done. Returned value was: /opt/***/scripts/saham_indonesia_low.csv
[2026-03-10T04:22:42.660+0000] {taskinstance.py:349} INFO - ::group::Post task execution logs
[2026-03-10T04:22:42.661+0000] {taskinstance.py:361} INFO - Marking task as SUCCESS. dag_id=dag_get_data_from_yf, task_id=get_csv_low, run_id=scheduled__2026-03-10T04:21:00+00:00, execution_date=20260310T042100, start_date=20260310T042240, end_date=20260310T042242
[2026-03-10T04:22:42.790+0000] {logging_mixin.py:190} INFO - Task instance in success state
[2026-03-10T04:22:42.791+0000] {logging_mixin.py:190} INFO -  Previous state of the Task instance: running
[2026-03-10T04:22:42.791+0000] {logging_mixin.py:190} INFO - Dag name:dag_get_data_from_yf queued_at:2026-03-10 04:22:01.023724+00:00
[2026-03-10T04:22:42.791+0000] {logging_mixin.py:190} INFO - Task hostname:50d997f0c294 operator:_PythonDecoratedOperator
[2026-03-10T04:22:42.824+0000] {local_task_job_runner.py:266} INFO - Task exited with return code 0
[2026-03-10T04:22:42.895+0000] {taskinstance.py:3924} INFO - 0 downstream tasks scheduled from follow-on schedule check
[2026-03-10T04:22:42.905+0000] {local_task_job_runner.py:245} INFO - ::endgroup::
