[2026-03-26T04:19:06.148+0000] {local_task_job_runner.py:123} INFO - ::group::Pre task execution logs
[2026-03-26T04:19:06.493+0000] {taskinstance.py:2631} INFO - Dependencies all met for dep_context=non-requeueable deps ti=<TaskInstance: dag_get_data_from_yf.insert_data_task manual__2026-03-26T04:18:17+00:00 map_index=31 [queued]>
[2026-03-26T04:19:06.639+0000] {taskinstance.py:2631} INFO - Dependencies all met for dep_context=requeueable deps ti=<TaskInstance: dag_get_data_from_yf.insert_data_task manual__2026-03-26T04:18:17+00:00 map_index=31 [queued]>
[2026-03-26T04:19:06.640+0000] {taskinstance.py:2884} INFO - Starting attempt 1 of 1
[2026-03-26T04:19:06.965+0000] {taskinstance.py:2907} INFO - Executing <Mapped(SQLExecuteQueryOperator): insert_data_task> on 2026-03-26 04:18:17+00:00
[2026-03-26T04:19:07.137+0000] {logging_mixin.py:190} WARNING - /home/***/.local/lib/python3.12/site-packages/***/task/task_runner/standard_task_runner.py:70 DeprecationWarning: This process (pid=3576) is multi-threaded, use of fork() may lead to deadlocks in the child.
[2026-03-26T04:19:07.144+0000] {standard_task_runner.py:72} INFO - Started process 3796 to run task
[2026-03-26T04:19:07.152+0000] {standard_task_runner.py:104} INFO - Running: ['***', 'tasks', 'run', 'dag_get_data_from_yf', 'insert_data_task', 'manual__2026-03-26T04:18:17+00:00', '--job-id', '124', '--raw', '--subdir', 'DAGS_FOLDER/get_finance_yf_csv.py', '--cfg-path', '/tmp/tmp8nj6wjdm', '--map-index', '31']
[2026-03-26T04:19:07.158+0000] {standard_task_runner.py:105} INFO - Job 124: Subtask insert_data_task
[2026-03-26T04:19:07.656+0000] {task_command.py:467} INFO - Running <TaskInstance: dag_get_data_from_yf.insert_data_task manual__2026-03-26T04:18:17+00:00 map_index=31 [running]> on host f77800151ff9
[2026-03-26T04:19:08.052+0000] {taskinstance.py:3157} INFO - Exporting env vars: AIRFLOW_CTX_DAG_OWNER='***' AIRFLOW_CTX_DAG_ID='dag_get_data_from_yf' AIRFLOW_CTX_TASK_ID='insert_data_task' AIRFLOW_CTX_EXECUTION_DATE='2026-03-26T04:18:17+00:00' AIRFLOW_CTX_TRY_NUMBER='1' AIRFLOW_CTX_DAG_RUN_ID='manual__2026-03-26T04:18:17+00:00'
[2026-03-26T04:19:08.055+0000] {taskinstance.py:740} INFO - ::endgroup::
[2026-03-26T04:19:08.062+0000] {sql.py:410} INFO - Executing:  INSERT INTO indonesian_stocks (date, ticker, close, high, low, open, inserted_at_timestamp_wib) 
                VALUES ('2026-03-13', 'BBRI.JK', '3510.0', '3590.0', '3510.0', '3560.0', '2026-03-26 11:15:37' )
                ON CONFLICT (date, ticker) DO NOTHING; 
[2026-03-26T04:19:08.068+0000] {crypto.py:82} WARNING - empty cryptography key - values will not be stored encrypted.
[2026-03-26T04:19:08.071+0000] {base.py:84} INFO - Retrieving connection 'db_custom'
[2026-03-26T04:19:08.091+0000] {base.py:84} INFO - Retrieving connection 'db_custom'
[2026-03-26T04:19:08.125+0000] {sql.py:861} INFO - Running statement:  INSERT INTO indonesian_stocks (date, ticker, close, high, low, open, inserted_at_timestamp_wib) 
                VALUES ('2026-03-13', 'BBRI.JK', '3510.0', '3590.0', '3510.0', '3560.0', '2026-03-26 11:15:37' )
                ON CONFLICT (date, ticker) DO NOTHING; , parameters: None
[2026-03-26T04:19:08.135+0000] {sql.py:879} INFO - Rows affected: 0
[2026-03-26T04:19:08.188+0000] {taskinstance.py:349} INFO - ::group::Post task execution logs
[2026-03-26T04:19:08.190+0000] {taskinstance.py:361} INFO - Marking task as SUCCESS. dag_id=dag_get_data_from_yf, task_id=insert_data_task, run_id=manual__2026-03-26T04:18:17+00:00, map_index=31, execution_date=20260326T041817, start_date=20260326T041906, end_date=20260326T041908
[2026-03-26T04:19:08.308+0000] {local_task_job_runner.py:266} INFO - Task exited with return code 0
[2026-03-26T04:19:08.402+0000] {taskinstance.py:3924} INFO - 0 downstream tasks scheduled from follow-on schedule check
[2026-03-26T04:19:08.415+0000] {local_task_job_runner.py:245} INFO - ::endgroup::
