[2026-03-16T15:31:58.728+0000] {local_task_job_runner.py:123} INFO - ::group::Pre task execution logs
[2026-03-16T15:31:58.899+0000] {taskinstance.py:2631} INFO - Dependencies all met for dep_context=non-requeueable deps ti=<TaskInstance: dag_get_data_from_yf.olhc_branching.get_csv_open scheduled__2026-03-04T17:00:00+00:00 [queued]>
[2026-03-16T15:31:58.929+0000] {taskinstance.py:2631} INFO - Dependencies all met for dep_context=requeueable deps ti=<TaskInstance: dag_get_data_from_yf.olhc_branching.get_csv_open scheduled__2026-03-04T17:00:00+00:00 [queued]>
[2026-03-16T15:31:58.930+0000] {taskinstance.py:2884} INFO - Starting attempt 1 of 1
[2026-03-16T15:31:59.257+0000] {taskinstance.py:2907} INFO - Executing <Task(_PythonDecoratedOperator): olhc_branching.get_csv_open> on 2026-03-04 17:00:00+00:00
[2026-03-16T15:31:59.431+0000] {warnings.py:112} WARNING - /home/***/.local/lib/python3.12/site-packages/***/task/task_runner/standard_task_runner.py:70: DeprecationWarning: This process (pid=1310) is multi-threaded, use of fork() may lead to deadlocks in the child.
  pid = os.fork()

[2026-03-16T15:31:59.452+0000] {standard_task_runner.py:72} INFO - Started process 1439 to run task
[2026-03-16T15:31:59.463+0000] {standard_task_runner.py:104} INFO - Running: ['***', 'tasks', 'run', 'dag_get_data_from_yf', 'olhc_branching.get_csv_open', 'scheduled__2026-03-04T17:00:00+00:00', '--job-id', '1253', '--raw', '--subdir', 'DAGS_FOLDER/get_finance_yf_csv.py', '--cfg-path', '/tmp/tmpppaozrz2']
[2026-03-16T15:31:59.515+0000] {standard_task_runner.py:105} INFO - Job 1253: Subtask olhc_branching.get_csv_open
[2026-03-16T15:32:00.603+0000] {task_command.py:467} INFO - Running <TaskInstance: dag_get_data_from_yf.olhc_branching.get_csv_open scheduled__2026-03-04T17:00:00+00:00 [running]> on host 82763a516181
[2026-03-16T15:32:02.346+0000] {taskinstance.py:3157} INFO - Exporting env vars: AIRFLOW_CTX_DAG_OWNER='***' AIRFLOW_CTX_DAG_ID='dag_get_data_from_yf' AIRFLOW_CTX_TASK_ID='olhc_branching.get_csv_open' AIRFLOW_CTX_EXECUTION_DATE='2026-03-04T17:00:00+00:00' AIRFLOW_CTX_TRY_NUMBER='1' AIRFLOW_CTX_DAG_RUN_ID='scheduled__2026-03-04T17:00:00+00:00'
[2026-03-16T15:32:02.351+0000] {logging_mixin.py:190} INFO - Task instance is in running state
[2026-03-16T15:32:02.352+0000] {logging_mixin.py:190} INFO -  Previous state of the Task instance: queued
[2026-03-16T15:32:02.374+0000] {logging_mixin.py:190} INFO - Current task name:olhc_branching.get_csv_open state:running start_date:2026-03-16 15:31:58.900951+00:00
[2026-03-16T15:32:02.376+0000] {logging_mixin.py:190} INFO - Dag name:dag_get_data_from_yf and current dag run status:running
[2026-03-16T15:32:02.377+0000] {taskinstance.py:740} INFO - ::endgroup::
[2026-03-16T15:32:02.389+0000] {logging_mixin.py:190} INFO - Ini csv_string_open:  None
[2026-03-16T15:32:02.390+0000] {python.py:240} INFO - Done. Returned value was: /opt/***/scripts/saham_indonesia_open.csv
[2026-03-16T15:32:02.556+0000] {taskinstance.py:349} INFO - ::group::Post task execution logs
[2026-03-16T15:32:02.558+0000] {taskinstance.py:361} INFO - Marking task as SUCCESS. dag_id=dag_get_data_from_yf, task_id=olhc_branching.get_csv_open, run_id=scheduled__2026-03-04T17:00:00+00:00, execution_date=20260304T170000, start_date=20260316T153158, end_date=20260316T153202
[2026-03-16T15:32:03.104+0000] {logging_mixin.py:190} INFO - Task instance in success state
[2026-03-16T15:32:03.106+0000] {logging_mixin.py:190} INFO -  Previous state of the Task instance: running
[2026-03-16T15:32:03.106+0000] {logging_mixin.py:190} INFO - Dag name:dag_get_data_from_yf queued_at:2026-03-16 15:29:59.515982+00:00
[2026-03-16T15:32:03.108+0000] {logging_mixin.py:190} INFO - Task hostname:82763a516181 operator:_PythonDecoratedOperator
[2026-03-16T15:32:03.180+0000] {local_task_job_runner.py:266} INFO - Task exited with return code 0
[2026-03-16T15:32:03.550+0000] {taskinstance.py:3924} INFO - 1 downstream tasks scheduled from follow-on schedule check
[2026-03-16T15:32:03.561+0000] {local_task_job_runner.py:245} INFO - ::endgroup::
[2026-03-16T16:01:33.587+0000] {local_task_job_runner.py:123} INFO - ::group::Pre task execution logs
[2026-03-16T16:01:33.943+0000] {taskinstance.py:2631} INFO - Dependencies all met for dep_context=non-requeueable deps ti=<TaskInstance: dag_get_data_from_yf.olhc_branching.get_csv_open scheduled__2026-03-04T17:00:00+00:00 [queued]>
[2026-03-16T16:01:34.101+0000] {taskinstance.py:2631} INFO - Dependencies all met for dep_context=requeueable deps ti=<TaskInstance: dag_get_data_from_yf.olhc_branching.get_csv_open scheduled__2026-03-04T17:00:00+00:00 [queued]>
[2026-03-16T16:01:34.102+0000] {taskinstance.py:2884} INFO - Starting attempt 1 of 1
[2026-03-16T16:01:34.408+0000] {taskinstance.py:2907} INFO - Executing <Task(_PythonDecoratedOperator): olhc_branching.get_csv_open> on 2026-03-04 17:00:00+00:00
[2026-03-16T16:01:34.679+0000] {standard_task_runner.py:104} INFO - Running: ['***', 'tasks', 'run', 'dag_get_data_from_yf', 'olhc_branching.get_csv_open', 'scheduled__2026-03-04T17:00:00+00:00', '--job-id', '1324', '--raw', '--subdir', 'DAGS_FOLDER/get_finance_yf_csv.py', '--cfg-path', '/tmp/tmppt1w8zj8']
[2026-03-16T16:01:34.683+0000] {standard_task_runner.py:105} INFO - Job 1324: Subtask olhc_branching.get_csv_open
[2026-03-16T16:01:34.772+0000] {warnings.py:112} WARNING - /home/***/.local/lib/python3.12/site-packages/***/task/task_runner/standard_task_runner.py:70: DeprecationWarning: This process (pid=361) is multi-threaded, use of fork() may lead to deadlocks in the child.
  pid = os.fork()

[2026-03-16T16:01:34.774+0000] {standard_task_runner.py:72} INFO - Started process 413 to run task
[2026-03-16T16:01:35.663+0000] {task_command.py:467} INFO - Running <TaskInstance: dag_get_data_from_yf.olhc_branching.get_csv_open scheduled__2026-03-04T17:00:00+00:00 [running]> on host 957a712a5251
[2026-03-16T16:01:48.780+0000] {standard_task_runner.py:124} ERROR - Failed to execute job 1324 for task olhc_branching.get_csv_open ((psycopg2.OperationalError) could not translate host name "postgres" to address: Temporary failure in name resolution

(Background on this error at: https://sqlalche.me/e/14/e3q8); 413)
Traceback (most recent call last):
  File "/home/airflow/.local/lib/python3.12/site-packages/sqlalchemy/engine/base.py", line 3371, in _wrap_pool_connect
    return fn()
           ^^^^
  File "/home/airflow/.local/lib/python3.12/site-packages/sqlalchemy/pool/base.py", line 327, in connect
    return _ConnectionFairy._checkout(self)
           ^^^^^^^^^^^^^^^^^^^^^^^^^^^^^^^^
  File "/home/airflow/.local/lib/python3.12/site-packages/sqlalchemy/pool/base.py", line 894, in _checkout
    fairy = _ConnectionRecord.checkout(pool)
            ^^^^^^^^^^^^^^^^^^^^^^^^^^^^^^^^
  File "/home/airflow/.local/lib/python3.12/site-packages/sqlalchemy/pool/base.py", line 493, in checkout
    rec = pool._do_get()
          ^^^^^^^^^^^^^^
  File "/home/airflow/.local/lib/python3.12/site-packages/sqlalchemy/pool/impl.py", line 256, in _do_get
    return self._create_connection()
           ^^^^^^^^^^^^^^^^^^^^^^^^^
  File "/home/airflow/.local/lib/python3.12/site-packages/sqlalchemy/pool/base.py", line 273, in _create_connection
    return _ConnectionRecord(self)
           ^^^^^^^^^^^^^^^^^^^^^^^
  File "/home/airflow/.local/lib/python3.12/site-packages/sqlalchemy/pool/base.py", line 388, in __init__
    self.__connect()
  File "/home/airflow/.local/lib/python3.12/site-packages/sqlalchemy/pool/base.py", line 690, in __connect
    with util.safe_reraise():
         ^^^^^^^^^^^^^^^^^^^
  File "/home/airflow/.local/lib/python3.12/site-packages/sqlalchemy/util/langhelpers.py", line 70, in __exit__
    compat.raise_(
  File "/home/airflow/.local/lib/python3.12/site-packages/sqlalchemy/util/compat.py", line 211, in raise_
    raise exception
  File "/home/airflow/.local/lib/python3.12/site-packages/sqlalchemy/pool/base.py", line 686, in __connect
    self.dbapi_connection = connection = pool._invoke_creator(self)
                                         ^^^^^^^^^^^^^^^^^^^^^^^^^^
  File "/home/airflow/.local/lib/python3.12/site-packages/sqlalchemy/engine/create.py", line 574, in connect
    return dialect.connect(*cargs, **cparams)
           ^^^^^^^^^^^^^^^^^^^^^^^^^^^^^^^^^^
  File "/home/airflow/.local/lib/python3.12/site-packages/sqlalchemy/engine/default.py", line 598, in connect
    return self.dbapi.connect(*cargs, **cparams)
           ^^^^^^^^^^^^^^^^^^^^^^^^^^^^^^^^^^^^^
  File "/home/airflow/.local/lib/python3.12/site-packages/psycopg2/__init__.py", line 122, in connect
    conn = _connect(dsn, connection_factory=connection_factory, **kwasync)
           ^^^^^^^^^^^^^^^^^^^^^^^^^^^^^^^^^^^^^^^^^^^^^^^^^^^^^^^^^^^^^^^
psycopg2.OperationalError: could not translate host name "postgres" to address: Temporary failure in name resolution


The above exception was the direct cause of the following exception:

Traceback (most recent call last):
  File "/home/airflow/.local/lib/python3.12/site-packages/airflow/task/task_runner/standard_task_runner.py", line 117, in _start_by_fork
    ret = args.func(args, dag=self.dag)
          ^^^^^^^^^^^^^^^^^^^^^^^^^^^^^
  File "/home/airflow/.local/lib/python3.12/site-packages/airflow/cli/cli_config.py", line 49, in command
    return func(*args, **kwargs)
           ^^^^^^^^^^^^^^^^^^^^^
  File "/home/airflow/.local/lib/python3.12/site-packages/airflow/utils/cli.py", line 116, in wrapper
    return f(*args, **kwargs)
           ^^^^^^^^^^^^^^^^^^
  File "/home/airflow/.local/lib/python3.12/site-packages/airflow/cli/commands/task_command.py", line 483, in task_run
    task_return_code = _run_task_by_selected_method(args, _dag, ti)
                       ^^^^^^^^^^^^^^^^^^^^^^^^^^^^^^^^^^^^^^^^^^^^
  File "/home/airflow/.local/lib/python3.12/site-packages/airflow/cli/commands/task_command.py", line 256, in _run_task_by_selected_method
    return _run_raw_task(args, ti)
           ^^^^^^^^^^^^^^^^^^^^^^^
  File "/home/airflow/.local/lib/python3.12/site-packages/airflow/cli/commands/task_command.py", line 341, in _run_raw_task
    return ti._run_raw_task(
           ^^^^^^^^^^^^^^^^^
  File "/home/airflow/.local/lib/python3.12/site-packages/airflow/utils/session.py", line 97, in wrapper
    return func(*args, session=session, **kwargs)
           ^^^^^^^^^^^^^^^^^^^^^^^^^^^^^^^^^^^^^^
  File "/home/airflow/.local/lib/python3.12/site-packages/airflow/models/taskinstance.py", line 3029, in _run_raw_task
    return _run_raw_task(
           ^^^^^^^^^^^^^^
  File "/home/airflow/.local/lib/python3.12/site-packages/airflow/models/taskinstance.py", line 278, in _run_raw_task
    context = ti.get_template_context(ignore_param_exceptions=False, session=session)
              ^^^^^^^^^^^^^^^^^^^^^^^^^^^^^^^^^^^^^^^^^^^^^^^^^^^^^^^^^^^^^^^^^^^^^^^
  File "/home/airflow/.local/lib/python3.12/site-packages/airflow/models/taskinstance.py", line 3485, in get_template_context
    return _get_template_context(
           ^^^^^^^^^^^^^^^^^^^^^^
  File "/home/airflow/.local/lib/python3.12/site-packages/airflow/api_internal/internal_api_call.py", line 166, in wrapper
    return func(*args, **kwargs)
           ^^^^^^^^^^^^^^^^^^^^^
  File "/home/airflow/.local/lib/python3.12/site-packages/airflow/models/taskinstance.py", line 1147, in _get_template_context
    "prev_data_interval_start_success": get_prev_data_interval_start_success(),
                                        ^^^^^^^^^^^^^^^^^^^^^^^^^^^^^^^^^^^^^^
  File "/home/airflow/.local/lib/python3.12/site-packages/airflow/models/taskinstance.py", line 1010, in get_prev_data_interval_start_success
    data_interval = _get_previous_dagrun_data_interval_success()
                    ^^^^^^^^^^^^^^^^^^^^^^^^^^^^^^^^^^^^^^^^^^^^
  File "/home/airflow/.local/lib/python3.12/site-packages/airflow/models/taskinstance.py", line 1004, in _get_previous_dagrun_data_interval_success
    dagrun = _get_previous_dagrun_success()
             ^^^^^^^^^^^^^^^^^^^^^^^^^^^^^^
  File "/home/airflow/.local/lib/python3.12/site-packages/airflow/models/taskinstance.py", line 1001, in _get_previous_dagrun_success
    return task_instance.get_previous_dagrun(state=DagRunState.SUCCESS, session=session)
           ^^^^^^^^^^^^^^^^^^^^^^^^^^^^^^^^^^^^^^^^^^^^^^^^^^^^^^^^^^^^^^^^^^^^^^^^^^^^^
  File "/home/airflow/.local/lib/python3.12/site-packages/airflow/utils/session.py", line 94, in wrapper
    return func(*args, **kwargs)
           ^^^^^^^^^^^^^^^^^^^^^
  File "/home/airflow/.local/lib/python3.12/site-packages/airflow/models/taskinstance.py", line 2509, in get_previous_dagrun
    return _get_previous_dagrun(task_instance=self, state=state, session=session)
           ^^^^^^^^^^^^^^^^^^^^^^^^^^^^^^^^^^^^^^^^^^^^^^^^^^^^^^^^^^^^^^^^^^^^^^
  File "/home/airflow/.local/lib/python3.12/site-packages/airflow/models/taskinstance.py", line 1396, in _get_previous_dagrun
    last_dagrun = DagRun.get_previous_dagrun(dag_run=dr, session=session, state=state)
                  ^^^^^^^^^^^^^^^^^^^^^^^^^^^^^^^^^^^^^^^^^^^^^^^^^^^^^^^^^^^^^^^^^^^^
  File "/home/airflow/.local/lib/python3.12/site-packages/airflow/api_internal/internal_api_call.py", line 166, in wrapper
    return func(*args, **kwargs)
           ^^^^^^^^^^^^^^^^^^^^^
  File "/home/airflow/.local/lib/python3.12/site-packages/airflow/utils/session.py", line 94, in wrapper
    return func(*args, **kwargs)
           ^^^^^^^^^^^^^^^^^^^^^
  File "/home/airflow/.local/lib/python3.12/site-packages/airflow/models/dagrun.py", line 707, in get_previous_dagrun
    return session.scalar(select(DagRun).where(*filters).order_by(DagRun.execution_date.desc()).limit(1))
           ^^^^^^^^^^^^^^^^^^^^^^^^^^^^^^^^^^^^^^^^^^^^^^^^^^^^^^^^^^^^^^^^^^^^^^^^^^^^^^^^^^^^^^^^^^^^^^
  File "/home/airflow/.local/lib/python3.12/site-packages/sqlalchemy/orm/session.py", line 1747, in scalar
    return self.execute(
           ^^^^^^^^^^^^^
  File "/home/airflow/.local/lib/python3.12/site-packages/sqlalchemy/orm/session.py", line 1716, in execute
    conn = self._connection_for_bind(bind)
           ^^^^^^^^^^^^^^^^^^^^^^^^^^^^^^^
  File "/home/airflow/.local/lib/python3.12/site-packages/sqlalchemy/orm/session.py", line 1555, in _connection_for_bind
    return self._transaction._connection_for_bind(
           ^^^^^^^^^^^^^^^^^^^^^^^^^^^^^^^^^^^^^^^
  File "/home/airflow/.local/lib/python3.12/site-packages/sqlalchemy/orm/session.py", line 750, in _connection_for_bind
    conn = bind.connect()
           ^^^^^^^^^^^^^^
  File "/home/airflow/.local/lib/python3.12/site-packages/sqlalchemy/future/engine.py", line 412, in connect
    return super(Engine, self).connect()
           ^^^^^^^^^^^^^^^^^^^^^^^^^^^^^
  File "/home/airflow/.local/lib/python3.12/site-packages/sqlalchemy/engine/base.py", line 3325, in connect
    return self._connection_cls(self, close_with_result=close_with_result)
           ^^^^^^^^^^^^^^^^^^^^^^^^^^^^^^^^^^^^^^^^^^^^^^^^^^^^^^^^^^^^^^^
  File "/home/airflow/.local/lib/python3.12/site-packages/sqlalchemy/engine/base.py", line 96, in __init__
    else engine.raw_connection()
         ^^^^^^^^^^^^^^^^^^^^^^^
  File "/home/airflow/.local/lib/python3.12/site-packages/sqlalchemy/engine/base.py", line 3404, in raw_connection
    return self._wrap_pool_connect(self.pool.connect, _connection)
           ^^^^^^^^^^^^^^^^^^^^^^^^^^^^^^^^^^^^^^^^^^^^^^^^^^^^^^^
  File "/home/airflow/.local/lib/python3.12/site-packages/sqlalchemy/engine/base.py", line 3374, in _wrap_pool_connect
    Connection._handle_dbapi_exception_noconnection(
  File "/home/airflow/.local/lib/python3.12/site-packages/sqlalchemy/engine/base.py", line 2208, in _handle_dbapi_exception_noconnection
    util.raise_(
  File "/home/airflow/.local/lib/python3.12/site-packages/sqlalchemy/util/compat.py", line 211, in raise_
    raise exception
  File "/home/airflow/.local/lib/python3.12/site-packages/sqlalchemy/engine/base.py", line 3371, in _wrap_pool_connect
    return fn()
           ^^^^
  File "/home/airflow/.local/lib/python3.12/site-packages/sqlalchemy/pool/base.py", line 327, in connect
    return _ConnectionFairy._checkout(self)
           ^^^^^^^^^^^^^^^^^^^^^^^^^^^^^^^^
  File "/home/airflow/.local/lib/python3.12/site-packages/sqlalchemy/pool/base.py", line 894, in _checkout
    fairy = _ConnectionRecord.checkout(pool)
            ^^^^^^^^^^^^^^^^^^^^^^^^^^^^^^^^
  File "/home/airflow/.local/lib/python3.12/site-packages/sqlalchemy/pool/base.py", line 493, in checkout
    rec = pool._do_get()
          ^^^^^^^^^^^^^^
  File "/home/airflow/.local/lib/python3.12/site-packages/sqlalchemy/pool/impl.py", line 256, in _do_get
    return self._create_connection()
           ^^^^^^^^^^^^^^^^^^^^^^^^^
  File "/home/airflow/.local/lib/python3.12/site-packages/sqlalchemy/pool/base.py", line 273, in _create_connection
    return _ConnectionRecord(self)
           ^^^^^^^^^^^^^^^^^^^^^^^
  File "/home/airflow/.local/lib/python3.12/site-packages/sqlalchemy/pool/base.py", line 388, in __init__
    self.__connect()
  File "/home/airflow/.local/lib/python3.12/site-packages/sqlalchemy/pool/base.py", line 690, in __connect
    with util.safe_reraise():
         ^^^^^^^^^^^^^^^^^^^
  File "/home/airflow/.local/lib/python3.12/site-packages/sqlalchemy/util/langhelpers.py", line 70, in __exit__
    compat.raise_(
  File "/home/airflow/.local/lib/python3.12/site-packages/sqlalchemy/util/compat.py", line 211, in raise_
    raise exception
  File "/home/airflow/.local/lib/python3.12/site-packages/sqlalchemy/pool/base.py", line 686, in __connect
    self.dbapi_connection = connection = pool._invoke_creator(self)
                                         ^^^^^^^^^^^^^^^^^^^^^^^^^^
  File "/home/airflow/.local/lib/python3.12/site-packages/sqlalchemy/engine/create.py", line 574, in connect
    return dialect.connect(*cargs, **cparams)
           ^^^^^^^^^^^^^^^^^^^^^^^^^^^^^^^^^^
  File "/home/airflow/.local/lib/python3.12/site-packages/sqlalchemy/engine/default.py", line 598, in connect
    return self.dbapi.connect(*cargs, **cparams)
           ^^^^^^^^^^^^^^^^^^^^^^^^^^^^^^^^^^^^^
  File "/home/airflow/.local/lib/python3.12/site-packages/psycopg2/__init__.py", line 122, in connect
    conn = _connect(dsn, connection_factory=connection_factory, **kwasync)
           ^^^^^^^^^^^^^^^^^^^^^^^^^^^^^^^^^^^^^^^^^^^^^^^^^^^^^^^^^^^^^^^
sqlalchemy.exc.OperationalError: (psycopg2.OperationalError) could not translate host name "postgres" to address: Temporary failure in name resolution

(Background on this error at: https://sqlalche.me/e/14/e3q8)
[2026-03-16T16:01:49.896+0000] {job.py:229} INFO - Heartbeat recovered after 16.64 seconds
[2026-03-16T16:01:50.068+0000] {local_task_job_runner.py:266} INFO - Task exited with return code 1
[2026-03-16T16:01:50.584+0000] {taskinstance.py:3924} INFO - 0 downstream tasks scheduled from follow-on schedule check
[2026-03-16T16:01:50.598+0000] {local_task_job_runner.py:245} INFO - ::endgroup::
[2026-03-16T17:17:41.641+0000] {local_task_job_runner.py:123} INFO - ::group::Pre task execution logs
[2026-03-16T17:17:41.719+0000] {taskinstance.py:2631} INFO - Dependencies all met for dep_context=non-requeueable deps ti=<TaskInstance: dag_get_data_from_yf.olhc_branching.get_csv_open scheduled__2026-03-04T17:00:00+00:00 [queued]>
[2026-03-16T17:17:41.743+0000] {taskinstance.py:2631} INFO - Dependencies all met for dep_context=requeueable deps ti=<TaskInstance: dag_get_data_from_yf.olhc_branching.get_csv_open scheduled__2026-03-04T17:00:00+00:00 [queued]>
[2026-03-16T17:17:41.744+0000] {taskinstance.py:2884} INFO - Starting attempt 1 of 1
[2026-03-16T17:17:41.772+0000] {taskinstance.py:2907} INFO - Executing <Task(_PythonDecoratedOperator): olhc_branching.get_csv_open> on 2026-03-04 17:00:00+00:00
[2026-03-16T17:17:41.792+0000] {warnings.py:112} WARNING - /home/***/.local/lib/python3.12/site-packages/***/task/task_runner/standard_task_runner.py:70: DeprecationWarning: This process (pid=1937) is multi-threaded, use of fork() may lead to deadlocks in the child.
  pid = os.fork()

[2026-03-16T17:17:41.796+0000] {standard_task_runner.py:72} INFO - Started process 1990 to run task
[2026-03-16T17:17:41.798+0000] {standard_task_runner.py:104} INFO - Running: ['***', 'tasks', 'run', 'dag_get_data_from_yf', 'olhc_branching.get_csv_open', 'scheduled__2026-03-04T17:00:00+00:00', '--job-id', '1405', '--raw', '--subdir', 'DAGS_FOLDER/get_finance_yf_csv.py', '--cfg-path', '/tmp/tmp3a71nmd2']
[2026-03-16T17:17:41.803+0000] {standard_task_runner.py:105} INFO - Job 1405: Subtask olhc_branching.get_csv_open
[2026-03-16T17:17:41.945+0000] {task_command.py:467} INFO - Running <TaskInstance: dag_get_data_from_yf.olhc_branching.get_csv_open scheduled__2026-03-04T17:00:00+00:00 [running]> on host 957a712a5251
[2026-03-16T17:17:42.178+0000] {taskinstance.py:3157} INFO - Exporting env vars: AIRFLOW_CTX_DAG_OWNER='***' AIRFLOW_CTX_DAG_ID='dag_get_data_from_yf' AIRFLOW_CTX_TASK_ID='olhc_branching.get_csv_open' AIRFLOW_CTX_EXECUTION_DATE='2026-03-04T17:00:00+00:00' AIRFLOW_CTX_TRY_NUMBER='1' AIRFLOW_CTX_DAG_RUN_ID='scheduled__2026-03-04T17:00:00+00:00'
[2026-03-16T17:17:42.180+0000] {logging_mixin.py:190} INFO - Task instance is in running state
[2026-03-16T17:17:42.181+0000] {logging_mixin.py:190} INFO -  Previous state of the Task instance: queued
[2026-03-16T17:17:42.182+0000] {logging_mixin.py:190} INFO - Current task name:olhc_branching.get_csv_open state:running start_date:2026-03-16 17:17:41.719849+00:00
[2026-03-16T17:17:42.182+0000] {logging_mixin.py:190} INFO - Dag name:dag_get_data_from_yf and current dag run status:running
[2026-03-16T17:17:42.183+0000] {taskinstance.py:740} INFO - ::endgroup::
[2026-03-16T17:17:42.197+0000] {logging_mixin.py:190} INFO - Data saved to /opt/***/scripts/saham_indonesia_open.csv
[2026-03-16T17:17:42.198+0000] {python.py:240} INFO - Done. Returned value was: /opt/***/scripts/saham_indonesia_open.csv
[2026-03-16T17:17:42.261+0000] {taskinstance.py:349} INFO - ::group::Post task execution logs
[2026-03-16T17:17:42.262+0000] {taskinstance.py:361} INFO - Marking task as SUCCESS. dag_id=dag_get_data_from_yf, task_id=olhc_branching.get_csv_open, run_id=scheduled__2026-03-04T17:00:00+00:00, execution_date=20260304T170000, start_date=20260316T171741, end_date=20260316T171742
[2026-03-16T17:17:42.335+0000] {logging_mixin.py:190} INFO - Task instance in success state
[2026-03-16T17:17:42.336+0000] {logging_mixin.py:190} INFO -  Previous state of the Task instance: running
[2026-03-16T17:17:42.337+0000] {logging_mixin.py:190} INFO - Dag name:dag_get_data_from_yf queued_at:2026-03-16 17:15:19.829302+00:00
[2026-03-16T17:17:42.337+0000] {logging_mixin.py:190} INFO - Task hostname:957a712a5251 operator:_PythonDecoratedOperator
[2026-03-16T17:17:42.360+0000] {local_task_job_runner.py:266} INFO - Task exited with return code 0
[2026-03-16T17:17:42.462+0000] {taskinstance.py:3924} INFO - 1 downstream tasks scheduled from follow-on schedule check
[2026-03-16T17:17:42.466+0000] {local_task_job_runner.py:245} INFO - ::endgroup::
[2026-03-16T17:26:23.114+0000] {local_task_job_runner.py:123} INFO - ::group::Pre task execution logs
[2026-03-16T17:26:23.299+0000] {taskinstance.py:2631} INFO - Dependencies all met for dep_context=non-requeueable deps ti=<TaskInstance: dag_get_data_from_yf.olhc_branching.get_csv_open scheduled__2026-03-04T17:00:00+00:00 [queued]>
[2026-03-16T17:26:23.328+0000] {taskinstance.py:2631} INFO - Dependencies all met for dep_context=requeueable deps ti=<TaskInstance: dag_get_data_from_yf.olhc_branching.get_csv_open scheduled__2026-03-04T17:00:00+00:00 [queued]>
[2026-03-16T17:26:23.329+0000] {taskinstance.py:2884} INFO - Starting attempt 1 of 1
[2026-03-16T17:26:23.437+0000] {taskinstance.py:2907} INFO - Executing <Task(_PythonDecoratedOperator): olhc_branching.get_csv_open> on 2026-03-04 17:00:00+00:00
[2026-03-16T17:26:23.461+0000] {warnings.py:112} WARNING - /home/***/.local/lib/python3.12/site-packages/***/task/task_runner/standard_task_runner.py:70: DeprecationWarning: This process (pid=252) is multi-threaded, use of fork() may lead to deadlocks in the child.
  pid = os.fork()

[2026-03-16T17:26:23.465+0000] {standard_task_runner.py:72} INFO - Started process 309 to run task
[2026-03-16T17:26:23.513+0000] {standard_task_runner.py:104} INFO - Running: ['***', 'tasks', 'run', 'dag_get_data_from_yf', 'olhc_branching.get_csv_open', 'scheduled__2026-03-04T17:00:00+00:00', '--job-id', '1430', '--raw', '--subdir', 'DAGS_FOLDER/get_finance_yf_csv.py', '--cfg-path', '/tmp/tmp3l7bfv6v']
[2026-03-16T17:26:23.553+0000] {standard_task_runner.py:105} INFO - Job 1430: Subtask olhc_branching.get_csv_open
[2026-03-16T17:26:23.895+0000] {task_command.py:467} INFO - Running <TaskInstance: dag_get_data_from_yf.olhc_branching.get_csv_open scheduled__2026-03-04T17:00:00+00:00 [running]> on host 27461aedc806
[2026-03-16T17:26:24.768+0000] {taskinstance.py:3157} INFO - Exporting env vars: AIRFLOW_CTX_DAG_OWNER='***' AIRFLOW_CTX_DAG_ID='dag_get_data_from_yf' AIRFLOW_CTX_TASK_ID='olhc_branching.get_csv_open' AIRFLOW_CTX_EXECUTION_DATE='2026-03-04T17:00:00+00:00' AIRFLOW_CTX_TRY_NUMBER='1' AIRFLOW_CTX_DAG_RUN_ID='scheduled__2026-03-04T17:00:00+00:00'
[2026-03-16T17:26:24.774+0000] {logging_mixin.py:190} INFO - Task instance is in running state
[2026-03-16T17:26:24.789+0000] {logging_mixin.py:190} INFO -  Previous state of the Task instance: queued
[2026-03-16T17:26:24.792+0000] {logging_mixin.py:190} INFO - Current task name:olhc_branching.get_csv_open state:running start_date:2026-03-16 17:26:23.300621+00:00
[2026-03-16T17:26:24.794+0000] {logging_mixin.py:190} INFO - Dag name:dag_get_data_from_yf and current dag run status:running
[2026-03-16T17:26:24.795+0000] {taskinstance.py:740} INFO - ::endgroup::
[2026-03-16T17:26:24.860+0000] {logging_mixin.py:190} INFO - Data saved to /opt/***/scripts/saham_indonesia_open.csv
[2026-03-16T17:26:24.862+0000] {python.py:240} INFO - Done. Returned value was: /opt/***/scripts/saham_indonesia_open.csv
[2026-03-16T17:26:25.046+0000] {taskinstance.py:349} INFO - ::group::Post task execution logs
[2026-03-16T17:26:25.047+0000] {taskinstance.py:361} INFO - Marking task as SUCCESS. dag_id=dag_get_data_from_yf, task_id=olhc_branching.get_csv_open, run_id=scheduled__2026-03-04T17:00:00+00:00, execution_date=20260304T170000, start_date=20260316T172623, end_date=20260316T172625
[2026-03-16T17:26:25.422+0000] {logging_mixin.py:190} INFO - Task instance in success state
[2026-03-16T17:26:25.423+0000] {logging_mixin.py:190} INFO -  Previous state of the Task instance: running
[2026-03-16T17:26:25.424+0000] {logging_mixin.py:190} INFO - Dag name:dag_get_data_from_yf queued_at:2026-03-16 17:24:19.574688+00:00
[2026-03-16T17:26:25.424+0000] {logging_mixin.py:190} INFO - Task hostname:27461aedc806 operator:_PythonDecoratedOperator
[2026-03-16T17:26:25.603+0000] {local_task_job_runner.py:266} INFO - Task exited with return code 0
[2026-03-16T17:26:25.770+0000] {taskinstance.py:3924} INFO - 0 downstream tasks scheduled from follow-on schedule check
[2026-03-16T17:26:25.781+0000] {local_task_job_runner.py:245} INFO - ::endgroup::
[2026-03-16T21:47:27.084+0000] {local_task_job_runner.py:123} INFO - ::group::Pre task execution logs
[2026-03-16T21:47:27.205+0000] {taskinstance.py:2631} INFO - Dependencies all met for dep_context=non-requeueable deps ti=<TaskInstance: dag_get_data_from_yf.olhc_branching.get_csv_open scheduled__2026-03-04T17:00:00+00:00 [queued]>
[2026-03-16T21:47:27.227+0000] {taskinstance.py:2631} INFO - Dependencies all met for dep_context=requeueable deps ti=<TaskInstance: dag_get_data_from_yf.olhc_branching.get_csv_open scheduled__2026-03-04T17:00:00+00:00 [queued]>
[2026-03-16T21:47:27.228+0000] {taskinstance.py:2884} INFO - Starting attempt 1 of 1
[2026-03-16T21:47:27.269+0000] {taskinstance.py:2907} INFO - Executing <Task(_PythonDecoratedOperator): olhc_branching.get_csv_open> on 2026-03-04 17:00:00+00:00
[2026-03-16T21:47:27.299+0000] {warnings.py:112} WARNING - /home/***/.local/lib/python3.12/site-packages/***/task/task_runner/standard_task_runner.py:70: DeprecationWarning: This process (pid=1119) is multi-threaded, use of fork() may lead to deadlocks in the child.
  pid = os.fork()

[2026-03-16T21:47:27.302+0000] {standard_task_runner.py:72} INFO - Started process 1179 to run task
[2026-03-16T21:47:27.306+0000] {standard_task_runner.py:104} INFO - Running: ['***', 'tasks', 'run', 'dag_get_data_from_yf', 'olhc_branching.get_csv_open', 'scheduled__2026-03-04T17:00:00+00:00', '--job-id', '1499', '--raw', '--subdir', 'DAGS_FOLDER/get_finance_yf_csv.py', '--cfg-path', '/tmp/tmpzgue__3l']
[2026-03-16T21:47:27.314+0000] {standard_task_runner.py:105} INFO - Job 1499: Subtask olhc_branching.get_csv_open
[2026-03-16T21:47:27.589+0000] {task_command.py:467} INFO - Running <TaskInstance: dag_get_data_from_yf.olhc_branching.get_csv_open scheduled__2026-03-04T17:00:00+00:00 [running]> on host 27461aedc806
[2026-03-16T21:47:27.895+0000] {taskinstance.py:3157} INFO - Exporting env vars: AIRFLOW_CTX_DAG_OWNER='***' AIRFLOW_CTX_DAG_ID='dag_get_data_from_yf' AIRFLOW_CTX_TASK_ID='olhc_branching.get_csv_open' AIRFLOW_CTX_EXECUTION_DATE='2026-03-04T17:00:00+00:00' AIRFLOW_CTX_TRY_NUMBER='1' AIRFLOW_CTX_DAG_RUN_ID='scheduled__2026-03-04T17:00:00+00:00'
[2026-03-16T21:47:27.901+0000] {logging_mixin.py:190} INFO - Task instance is in running state
[2026-03-16T21:47:27.901+0000] {logging_mixin.py:190} INFO -  Previous state of the Task instance: queued
[2026-03-16T21:47:27.902+0000] {logging_mixin.py:190} INFO - Current task name:olhc_branching.get_csv_open state:running start_date:2026-03-16 21:47:27.205882+00:00
[2026-03-16T21:47:27.902+0000] {logging_mixin.py:190} INFO - Dag name:dag_get_data_from_yf and current dag run status:running
[2026-03-16T21:47:27.903+0000] {taskinstance.py:740} INFO - ::endgroup::
[2026-03-16T21:47:27.924+0000] {logging_mixin.py:190} INFO - Data saved to /opt/***/scripts/saham_indonesia_open.csv
[2026-03-16T21:47:27.925+0000] {python.py:240} INFO - Done. Returned value was: /opt/***/scripts/saham_indonesia_open.csv
[2026-03-16T21:47:28.045+0000] {taskinstance.py:349} INFO - ::group::Post task execution logs
[2026-03-16T21:47:28.046+0000] {taskinstance.py:361} INFO - Marking task as SUCCESS. dag_id=dag_get_data_from_yf, task_id=olhc_branching.get_csv_open, run_id=scheduled__2026-03-04T17:00:00+00:00, execution_date=20260304T170000, start_date=20260316T214727, end_date=20260316T214728
[2026-03-16T21:47:28.133+0000] {logging_mixin.py:190} INFO - Task instance in success state
[2026-03-16T21:47:28.134+0000] {logging_mixin.py:190} INFO -  Previous state of the Task instance: running
[2026-03-16T21:47:28.134+0000] {logging_mixin.py:190} INFO - Dag name:dag_get_data_from_yf queued_at:2026-03-16 21:43:47.396911+00:00
[2026-03-16T21:47:28.135+0000] {logging_mixin.py:190} INFO - Task hostname:27461aedc806 operator:_PythonDecoratedOperator
[2026-03-16T21:47:28.161+0000] {local_task_job_runner.py:266} INFO - Task exited with return code 0
[2026-03-16T21:47:28.253+0000] {taskinstance.py:3924} INFO - 1 downstream tasks scheduled from follow-on schedule check
[2026-03-16T21:47:28.257+0000] {local_task_job_runner.py:245} INFO - ::endgroup::
[2026-03-16T22:07:53.026+0000] {local_task_job_runner.py:123} INFO - ::group::Pre task execution logs
[2026-03-16T22:07:53.365+0000] {taskinstance.py:2631} INFO - Dependencies all met for dep_context=non-requeueable deps ti=<TaskInstance: dag_get_data_from_yf.olhc_branching.get_csv_open scheduled__2026-03-04T17:00:00+00:00 [queued]>
[2026-03-16T22:07:53.435+0000] {taskinstance.py:2631} INFO - Dependencies all met for dep_context=requeueable deps ti=<TaskInstance: dag_get_data_from_yf.olhc_branching.get_csv_open scheduled__2026-03-04T17:00:00+00:00 [queued]>
[2026-03-16T22:07:53.436+0000] {taskinstance.py:2884} INFO - Starting attempt 1 of 1
[2026-03-16T22:07:53.511+0000] {taskinstance.py:2907} INFO - Executing <Task(_PythonDecoratedOperator): olhc_branching.get_csv_open> on 2026-03-04 17:00:00+00:00
[2026-03-16T22:07:53.626+0000] {warnings.py:112} WARNING - /home/***/.local/lib/python3.12/site-packages/***/task/task_runner/standard_task_runner.py:70: DeprecationWarning: This process (pid=1587) is multi-threaded, use of fork() may lead to deadlocks in the child.
  pid = os.fork()

[2026-03-16T22:07:53.644+0000] {standard_task_runner.py:72} INFO - Started process 1677 to run task
[2026-03-16T22:07:53.677+0000] {standard_task_runner.py:104} INFO - Running: ['***', 'tasks', 'run', 'dag_get_data_from_yf', 'olhc_branching.get_csv_open', 'scheduled__2026-03-04T17:00:00+00:00', '--job-id', '1544', '--raw', '--subdir', 'DAGS_FOLDER/get_finance_yf_csv.py', '--cfg-path', '/tmp/tmp1dkt_6r9']
[2026-03-16T22:07:53.690+0000] {standard_task_runner.py:105} INFO - Job 1544: Subtask olhc_branching.get_csv_open
[2026-03-16T22:07:54.673+0000] {task_command.py:467} INFO - Running <TaskInstance: dag_get_data_from_yf.olhc_branching.get_csv_open scheduled__2026-03-04T17:00:00+00:00 [running]> on host 27461aedc806
[2026-03-16T22:07:55.763+0000] {taskinstance.py:3157} INFO - Exporting env vars: AIRFLOW_CTX_DAG_OWNER='***' AIRFLOW_CTX_DAG_ID='dag_get_data_from_yf' AIRFLOW_CTX_TASK_ID='olhc_branching.get_csv_open' AIRFLOW_CTX_EXECUTION_DATE='2026-03-04T17:00:00+00:00' AIRFLOW_CTX_TRY_NUMBER='1' AIRFLOW_CTX_DAG_RUN_ID='scheduled__2026-03-04T17:00:00+00:00'
[2026-03-16T22:07:55.766+0000] {logging_mixin.py:190} INFO - Task instance is in running state
[2026-03-16T22:07:55.768+0000] {logging_mixin.py:190} INFO -  Previous state of the Task instance: queued
[2026-03-16T22:07:55.769+0000] {logging_mixin.py:190} INFO - Current task name:olhc_branching.get_csv_open state:running start_date:2026-03-16 22:07:53.375994+00:00
[2026-03-16T22:07:55.770+0000] {logging_mixin.py:190} INFO - Dag name:dag_get_data_from_yf and current dag run status:running
[2026-03-16T22:07:55.772+0000] {taskinstance.py:740} INFO - ::endgroup::
[2026-03-16T22:07:55.796+0000] {logging_mixin.py:190} INFO - Data saved to /opt/***/scripts/saham_indonesia_open.csv
[2026-03-16T22:07:55.798+0000] {python.py:240} INFO - Done. Returned value was: /opt/***/scripts/saham_indonesia_open.csv
[2026-03-16T22:07:56.192+0000] {taskinstance.py:349} INFO - ::group::Post task execution logs
[2026-03-16T22:07:56.215+0000] {taskinstance.py:361} INFO - Marking task as SUCCESS. dag_id=dag_get_data_from_yf, task_id=olhc_branching.get_csv_open, run_id=scheduled__2026-03-04T17:00:00+00:00, execution_date=20260304T170000, start_date=20260316T220753, end_date=20260316T220756
[2026-03-16T22:07:56.459+0000] {logging_mixin.py:190} INFO - Task instance in success state
[2026-03-16T22:07:56.461+0000] {logging_mixin.py:190} INFO -  Previous state of the Task instance: running
[2026-03-16T22:07:56.465+0000] {logging_mixin.py:190} INFO - Dag name:dag_get_data_from_yf queued_at:2026-03-16 22:05:07.841867+00:00
[2026-03-16T22:07:56.471+0000] {logging_mixin.py:190} INFO - Task hostname:27461aedc806 operator:_PythonDecoratedOperator
[2026-03-16T22:07:56.567+0000] {local_task_job_runner.py:266} INFO - Task exited with return code 0
[2026-03-16T22:07:56.989+0000] {taskinstance.py:3924} INFO - 0 downstream tasks scheduled from follow-on schedule check
[2026-03-16T22:07:57.001+0000] {local_task_job_runner.py:245} INFO - ::endgroup::
[2026-03-16T22:25:08.604+0000] {local_task_job_runner.py:123} INFO - ::group::Pre task execution logs
[2026-03-16T22:25:08.842+0000] {taskinstance.py:2631} INFO - Dependencies all met for dep_context=non-requeueable deps ti=<TaskInstance: dag_get_data_from_yf.olhc_branching.get_csv_open scheduled__2026-03-04T17:00:00+00:00 [queued]>
[2026-03-16T22:25:08.947+0000] {taskinstance.py:2631} INFO - Dependencies all met for dep_context=requeueable deps ti=<TaskInstance: dag_get_data_from_yf.olhc_branching.get_csv_open scheduled__2026-03-04T17:00:00+00:00 [queued]>
[2026-03-16T22:25:08.949+0000] {taskinstance.py:2884} INFO - Starting attempt 1 of 1
[2026-03-16T22:25:09.083+0000] {taskinstance.py:2907} INFO - Executing <Task(_PythonDecoratedOperator): olhc_branching.get_csv_open> on 2026-03-04 17:00:00+00:00
[2026-03-16T22:25:09.175+0000] {warnings.py:112} WARNING - /home/***/.local/lib/python3.12/site-packages/***/task/task_runner/standard_task_runner.py:70: DeprecationWarning: This process (pid=2180) is multi-threaded, use of fork() may lead to deadlocks in the child.
  pid = os.fork()

[2026-03-16T22:25:09.229+0000] {standard_task_runner.py:104} INFO - Running: ['***', 'tasks', 'run', 'dag_get_data_from_yf', 'olhc_branching.get_csv_open', 'scheduled__2026-03-04T17:00:00+00:00', '--job-id', '1626', '--raw', '--subdir', 'DAGS_FOLDER/get_finance_yf_csv.py', '--cfg-path', '/tmp/tmpb9qmwtvr']
[2026-03-16T22:25:09.249+0000] {standard_task_runner.py:105} INFO - Job 1626: Subtask olhc_branching.get_csv_open
[2026-03-16T22:25:09.250+0000] {standard_task_runner.py:72} INFO - Started process 2231 to run task
[2026-03-16T22:25:09.696+0000] {task_command.py:467} INFO - Running <TaskInstance: dag_get_data_from_yf.olhc_branching.get_csv_open scheduled__2026-03-04T17:00:00+00:00 [running]> on host 27461aedc806
[2026-03-16T22:25:10.234+0000] {taskinstance.py:3157} INFO - Exporting env vars: AIRFLOW_CTX_DAG_OWNER='***' AIRFLOW_CTX_DAG_ID='dag_get_data_from_yf' AIRFLOW_CTX_TASK_ID='olhc_branching.get_csv_open' AIRFLOW_CTX_EXECUTION_DATE='2026-03-04T17:00:00+00:00' AIRFLOW_CTX_TRY_NUMBER='1' AIRFLOW_CTX_DAG_RUN_ID='scheduled__2026-03-04T17:00:00+00:00'
[2026-03-16T22:25:10.236+0000] {logging_mixin.py:190} INFO - Task instance is in running state
[2026-03-16T22:25:10.238+0000] {logging_mixin.py:190} INFO -  Previous state of the Task instance: queued
[2026-03-16T22:25:10.239+0000] {logging_mixin.py:190} INFO - Current task name:olhc_branching.get_csv_open state:running start_date:2026-03-16 22:25:08.853959+00:00
[2026-03-16T22:25:10.239+0000] {logging_mixin.py:190} INFO - Dag name:dag_get_data_from_yf and current dag run status:running
[2026-03-16T22:25:10.240+0000] {taskinstance.py:740} INFO - ::endgroup::
[2026-03-16T22:25:10.272+0000] {logging_mixin.py:190} INFO - Data saved to /opt/***/scripts/saham_indonesia_open.csv
[2026-03-16T22:25:10.273+0000] {python.py:240} INFO - Done. Returned value was: /opt/***/scripts/saham_indonesia_open.csv
[2026-03-16T22:25:10.354+0000] {taskinstance.py:349} INFO - ::group::Post task execution logs
[2026-03-16T22:25:10.355+0000] {taskinstance.py:361} INFO - Marking task as SUCCESS. dag_id=dag_get_data_from_yf, task_id=olhc_branching.get_csv_open, run_id=scheduled__2026-03-04T17:00:00+00:00, execution_date=20260304T170000, start_date=20260316T222508, end_date=20260316T222510
[2026-03-16T22:25:10.443+0000] {logging_mixin.py:190} INFO - Task instance in success state
[2026-03-16T22:25:10.443+0000] {logging_mixin.py:190} INFO -  Previous state of the Task instance: running
[2026-03-16T22:25:10.445+0000] {logging_mixin.py:190} INFO - Dag name:dag_get_data_from_yf queued_at:2026-03-16 22:21:29.077089+00:00
[2026-03-16T22:25:10.445+0000] {logging_mixin.py:190} INFO - Task hostname:27461aedc806 operator:_PythonDecoratedOperator
[2026-03-16T22:25:10.472+0000] {local_task_job_runner.py:266} INFO - Task exited with return code 0
[2026-03-16T22:25:10.547+0000] {taskinstance.py:3924} INFO - 0 downstream tasks scheduled from follow-on schedule check
[2026-03-16T22:25:10.550+0000] {local_task_job_runner.py:245} INFO - ::endgroup::
[2026-03-16T22:55:44.451+0000] {local_task_job_runner.py:123} INFO - ::group::Pre task execution logs
[2026-03-16T22:55:44.626+0000] {taskinstance.py:2631} INFO - Dependencies all met for dep_context=non-requeueable deps ti=<TaskInstance: dag_get_data_from_yf.olhc_branching.get_csv_open scheduled__2026-03-04T17:00:00+00:00 [queued]>
[2026-03-16T22:55:44.660+0000] {taskinstance.py:2631} INFO - Dependencies all met for dep_context=requeueable deps ti=<TaskInstance: dag_get_data_from_yf.olhc_branching.get_csv_open scheduled__2026-03-04T17:00:00+00:00 [queued]>
[2026-03-16T22:55:44.660+0000] {taskinstance.py:2884} INFO - Starting attempt 1 of 1
[2026-03-16T22:55:44.720+0000] {taskinstance.py:2907} INFO - Executing <Task(_PythonDecoratedOperator): olhc_branching.get_csv_open> on 2026-03-04 17:00:00+00:00
[2026-03-16T22:55:44.830+0000] {warnings.py:112} WARNING - /home/***/.local/lib/python3.12/site-packages/***/task/task_runner/standard_task_runner.py:70: DeprecationWarning: This process (pid=544) is multi-threaded, use of fork() may lead to deadlocks in the child.
  pid = os.fork()

[2026-03-16T22:55:44.834+0000] {standard_task_runner.py:72} INFO - Started process 659 to run task
[2026-03-16T22:55:44.847+0000] {standard_task_runner.py:104} INFO - Running: ['***', 'tasks', 'run', 'dag_get_data_from_yf', 'olhc_branching.get_csv_open', 'scheduled__2026-03-04T17:00:00+00:00', '--job-id', '1700', '--raw', '--subdir', 'DAGS_FOLDER/get_finance_yf_csv.py', '--cfg-path', '/tmp/tmpsik_wvl0']
[2026-03-16T22:55:44.878+0000] {standard_task_runner.py:105} INFO - Job 1700: Subtask olhc_branching.get_csv_open
[2026-03-16T22:55:45.147+0000] {task_command.py:467} INFO - Running <TaskInstance: dag_get_data_from_yf.olhc_branching.get_csv_open scheduled__2026-03-04T17:00:00+00:00 [running]> on host 245fc8f76c1e
[2026-03-16T22:55:45.698+0000] {taskinstance.py:3157} INFO - Exporting env vars: AIRFLOW_CTX_DAG_OWNER='***' AIRFLOW_CTX_DAG_ID='dag_get_data_from_yf' AIRFLOW_CTX_TASK_ID='olhc_branching.get_csv_open' AIRFLOW_CTX_EXECUTION_DATE='2026-03-04T17:00:00+00:00' AIRFLOW_CTX_TRY_NUMBER='1' AIRFLOW_CTX_DAG_RUN_ID='scheduled__2026-03-04T17:00:00+00:00'
[2026-03-16T22:55:45.701+0000] {logging_mixin.py:190} INFO - Task instance is in running state
[2026-03-16T22:55:45.702+0000] {logging_mixin.py:190} INFO -  Previous state of the Task instance: queued
[2026-03-16T22:55:45.702+0000] {logging_mixin.py:190} INFO - Current task name:olhc_branching.get_csv_open state:running start_date:2026-03-16 22:55:44.627704+00:00
[2026-03-16T22:55:45.703+0000] {logging_mixin.py:190} INFO - Dag name:dag_get_data_from_yf and current dag run status:running
[2026-03-16T22:55:45.703+0000] {taskinstance.py:740} INFO - ::endgroup::
[2026-03-16T22:55:45.730+0000] {logging_mixin.py:190} INFO - Data saved to /opt/***/scripts/saham_indonesia_open.csv
[2026-03-16T22:55:45.732+0000] {python.py:240} INFO - Done. Returned value was: /opt/***/scripts/saham_indonesia_open.csv
[2026-03-16T22:55:45.871+0000] {taskinstance.py:349} INFO - ::group::Post task execution logs
[2026-03-16T22:55:45.874+0000] {taskinstance.py:361} INFO - Marking task as SUCCESS. dag_id=dag_get_data_from_yf, task_id=olhc_branching.get_csv_open, run_id=scheduled__2026-03-04T17:00:00+00:00, execution_date=20260304T170000, start_date=20260316T225544, end_date=20260316T225545
[2026-03-16T22:55:46.033+0000] {logging_mixin.py:190} INFO - Task instance in success state
[2026-03-16T22:55:46.034+0000] {logging_mixin.py:190} INFO -  Previous state of the Task instance: running
[2026-03-16T22:55:46.034+0000] {logging_mixin.py:190} INFO - Dag name:dag_get_data_from_yf queued_at:2026-03-16 22:53:38.693455+00:00
[2026-03-16T22:55:46.035+0000] {logging_mixin.py:190} INFO - Task hostname:245fc8f76c1e operator:_PythonDecoratedOperator
[2026-03-16T22:55:46.074+0000] {local_task_job_runner.py:266} INFO - Task exited with return code 0
[2026-03-16T22:55:46.225+0000] {taskinstance.py:3924} INFO - 1 downstream tasks scheduled from follow-on schedule check
[2026-03-16T22:55:46.241+0000] {local_task_job_runner.py:245} INFO - ::endgroup::
