[2026-03-16T10:25:41.939+0000] {local_task_job_runner.py:123} INFO - ::group::Pre task execution logs
[2026-03-16T10:25:42.048+0000] {taskinstance.py:2631} INFO - Dependencies all met for dep_context=non-requeueable deps ti=<TaskInstance: dag_get_data_from_yf.create_table_db scheduled__2026-03-14T00:00:00+00:00 [queued]>
[2026-03-16T10:25:42.071+0000] {taskinstance.py:2631} INFO - Dependencies all met for dep_context=requeueable deps ti=<TaskInstance: dag_get_data_from_yf.create_table_db scheduled__2026-03-14T00:00:00+00:00 [queued]>
[2026-03-16T10:25:42.072+0000] {taskinstance.py:2884} INFO - Starting attempt 1 of 1
[2026-03-16T10:25:42.125+0000] {taskinstance.py:2907} INFO - Executing <Task(_PythonDecoratedOperator): create_table_db> on 2026-03-14 00:00:00+00:00
[2026-03-16T10:25:42.168+0000] {warnings.py:112} WARNING - /home/***/.local/lib/python3.12/site-packages/***/task/task_runner/standard_task_runner.py:70: DeprecationWarning: This process (pid=1503) is multi-threaded, use of fork() may lead to deadlocks in the child.
  pid = os.fork()

[2026-03-16T10:25:42.172+0000] {standard_task_runner.py:72} INFO - Started process 1529 to run task
[2026-03-16T10:25:42.221+0000] {standard_task_runner.py:104} INFO - Running: ['***', 'tasks', 'run', 'dag_get_data_from_yf', 'create_table_db', 'scheduled__2026-03-14T00:00:00+00:00', '--job-id', '1003', '--raw', '--subdir', 'DAGS_FOLDER/get_finance_yf_csv.py', '--cfg-path', '/tmp/tmpvzej5ts4']
[2026-03-16T10:25:42.228+0000] {standard_task_runner.py:105} INFO - Job 1003: Subtask create_table_db
[2026-03-16T10:25:42.579+0000] {task_command.py:467} INFO - Running <TaskInstance: dag_get_data_from_yf.create_table_db scheduled__2026-03-14T00:00:00+00:00 [running]> on host b3714f9398e4
[2026-03-16T10:25:42.907+0000] {taskinstance.py:3157} INFO - Exporting env vars: AIRFLOW_CTX_DAG_OWNER='***' AIRFLOW_CTX_DAG_ID='dag_get_data_from_yf' AIRFLOW_CTX_TASK_ID='create_table_db' AIRFLOW_CTX_EXECUTION_DATE='2026-03-14T00:00:00+00:00' AIRFLOW_CTX_TRY_NUMBER='1' AIRFLOW_CTX_DAG_RUN_ID='scheduled__2026-03-14T00:00:00+00:00'
[2026-03-16T10:25:42.910+0000] {logging_mixin.py:190} INFO - Task instance is in running state
[2026-03-16T10:25:42.910+0000] {logging_mixin.py:190} INFO -  Previous state of the Task instance: queued
[2026-03-16T10:25:42.911+0000] {logging_mixin.py:190} INFO - Current task name:create_table_db state:running start_date:2026-03-16 10:25:42.049329+00:00
[2026-03-16T10:25:42.912+0000] {logging_mixin.py:190} INFO - Dag name:dag_get_data_from_yf and current dag run status:running
[2026-03-16T10:25:42.913+0000] {taskinstance.py:740} INFO - ::endgroup::
[2026-03-16T10:25:42.946+0000] {base.py:84} INFO - Retrieving connection 'db_custom'
[2026-03-16T10:25:42.973+0000] {logging_mixin.py:190} INFO - Table indonesia_stocks_table sudah ada: type "datetime" does not exist
LINE 8:                         inserted_at_timestamp DATETIME,
                                                      ^
[2026-03-16T10:25:42.974+0000] {logging_mixin.py:190} INFO - koneksi ditutup
[2026-03-16T10:25:42.975+0000] {python.py:240} INFO - Done. Returned value was: None
[2026-03-16T10:25:43.015+0000] {taskinstance.py:349} INFO - ::group::Post task execution logs
[2026-03-16T10:25:43.016+0000] {taskinstance.py:361} INFO - Marking task as SUCCESS. dag_id=dag_get_data_from_yf, task_id=create_table_db, run_id=scheduled__2026-03-14T00:00:00+00:00, execution_date=20260314T000000, start_date=20260316T102542, end_date=20260316T102543
[2026-03-16T10:25:43.200+0000] {logging_mixin.py:190} INFO - Task instance in success state
[2026-03-16T10:25:43.201+0000] {logging_mixin.py:190} INFO -  Previous state of the Task instance: running
[2026-03-16T10:25:43.201+0000] {logging_mixin.py:190} INFO - Dag name:dag_get_data_from_yf queued_at:2026-03-16 10:15:54.378419+00:00
[2026-03-16T10:25:43.206+0000] {logging_mixin.py:190} INFO - Task hostname:b3714f9398e4 operator:_PythonDecoratedOperator
[2026-03-16T10:25:43.253+0000] {local_task_job_runner.py:266} INFO - Task exited with return code 0
[2026-03-16T10:25:43.451+0000] {taskinstance.py:3924} INFO - 1 downstream tasks scheduled from follow-on schedule check
[2026-03-16T10:25:43.490+0000] {local_task_job_runner.py:245} INFO - ::endgroup::
[2026-03-16T14:18:36.745+0000] {local_task_job_runner.py:123} INFO - ::group::Pre task execution logs
[2026-03-16T14:18:37.133+0000] {taskinstance.py:2631} INFO - Dependencies all met for dep_context=non-requeueable deps ti=<TaskInstance: dag_get_data_from_yf.create_table_db scheduled__2026-03-14T00:00:00+00:00 [queued]>
[2026-03-16T14:18:37.305+0000] {taskinstance.py:2631} INFO - Dependencies all met for dep_context=requeueable deps ti=<TaskInstance: dag_get_data_from_yf.create_table_db scheduled__2026-03-14T00:00:00+00:00 [queued]>
[2026-03-16T14:18:37.306+0000] {taskinstance.py:2884} INFO - Starting attempt 1 of 1
[2026-03-16T14:18:37.372+0000] {taskinstance.py:2907} INFO - Executing <Task(_PythonDecoratedOperator): create_table_db> on 2026-03-14 00:00:00+00:00
[2026-03-16T14:18:37.457+0000] {standard_task_runner.py:104} INFO - Running: ['***', 'tasks', 'run', 'dag_get_data_from_yf', 'create_table_db', 'scheduled__2026-03-14T00:00:00+00:00', '--job-id', '1137', '--raw', '--subdir', 'DAGS_FOLDER/get_finance_yf_csv.py', '--cfg-path', '/tmp/tmpamw4o_65']
[2026-03-16T14:18:37.472+0000] {standard_task_runner.py:105} INFO - Job 1137: Subtask create_table_db
[2026-03-16T14:18:37.480+0000] {warnings.py:112} WARNING - /home/***/.local/lib/python3.12/site-packages/***/task/task_runner/standard_task_runner.py:70: DeprecationWarning: This process (pid=1261) is multi-threaded, use of fork() may lead to deadlocks in the child.
  pid = os.fork()

[2026-03-16T14:18:37.488+0000] {standard_task_runner.py:72} INFO - Started process 1312 to run task
[2026-03-16T14:18:37.873+0000] {task_command.py:467} INFO - Running <TaskInstance: dag_get_data_from_yf.create_table_db scheduled__2026-03-14T00:00:00+00:00 [running]> on host 80c99acb76df
[2026-03-16T14:18:38.654+0000] {taskinstance.py:3157} INFO - Exporting env vars: AIRFLOW_CTX_DAG_OWNER='***' AIRFLOW_CTX_DAG_ID='dag_get_data_from_yf' AIRFLOW_CTX_TASK_ID='create_table_db' AIRFLOW_CTX_EXECUTION_DATE='2026-03-14T00:00:00+00:00' AIRFLOW_CTX_TRY_NUMBER='1' AIRFLOW_CTX_DAG_RUN_ID='scheduled__2026-03-14T00:00:00+00:00'
[2026-03-16T14:18:38.656+0000] {logging_mixin.py:190} INFO - Task instance is in running state
[2026-03-16T14:18:38.657+0000] {logging_mixin.py:190} INFO -  Previous state of the Task instance: queued
[2026-03-16T14:18:38.657+0000] {logging_mixin.py:190} INFO - Current task name:create_table_db state:running start_date:2026-03-16 14:18:37.133821+00:00
[2026-03-16T14:18:38.658+0000] {logging_mixin.py:190} INFO - Dag name:dag_get_data_from_yf and current dag run status:running
[2026-03-16T14:18:38.658+0000] {taskinstance.py:740} INFO - ::endgroup::
[2026-03-16T14:18:38.762+0000] {base.py:84} INFO - Retrieving connection 'db_custom'
[2026-03-16T14:18:38.804+0000] {logging_mixin.py:190} INFO - Table indonesia_stocks_table sudah ada: type "datetime" does not exist
LINE 8:                         inserted_at_timestamp DATETIME,
                                                      ^
[2026-03-16T14:18:38.805+0000] {logging_mixin.py:190} INFO - koneksi ditutup
[2026-03-16T14:18:38.806+0000] {python.py:240} INFO - Done. Returned value was: None
[2026-03-16T14:18:38.883+0000] {taskinstance.py:349} INFO - ::group::Post task execution logs
[2026-03-16T14:18:38.885+0000] {taskinstance.py:361} INFO - Marking task as SUCCESS. dag_id=dag_get_data_from_yf, task_id=create_table_db, run_id=scheduled__2026-03-14T00:00:00+00:00, execution_date=20260314T000000, start_date=20260316T141837, end_date=20260316T141838
[2026-03-16T14:18:39.295+0000] {logging_mixin.py:190} INFO - Task instance in success state
[2026-03-16T14:18:39.296+0000] {logging_mixin.py:190} INFO -  Previous state of the Task instance: running
[2026-03-16T14:18:39.296+0000] {logging_mixin.py:190} INFO - Dag name:dag_get_data_from_yf queued_at:2026-03-16 10:57:58.778744+00:00
[2026-03-16T14:18:39.296+0000] {logging_mixin.py:190} INFO - Task hostname:80c99acb76df operator:_PythonDecoratedOperator
[2026-03-16T14:18:39.428+0000] {local_task_job_runner.py:266} INFO - Task exited with return code 0
[2026-03-16T14:18:39.531+0000] {taskinstance.py:3924} INFO - 1 downstream tasks scheduled from follow-on schedule check
[2026-03-16T14:18:39.578+0000] {local_task_job_runner.py:245} INFO - ::endgroup::
