[2026-03-15T08:29:20.903+0000] {local_task_job_runner.py:123} INFO - ::group::Pre task execution logs
[2026-03-15T08:29:21.099+0000] {taskinstance.py:2631} INFO - Dependencies all met for dep_context=non-requeueable deps ti=<TaskInstance: dag_get_data_from_yf.olhc_branching.get_csv_open scheduled__2025-01-09T00:00:00+00:00 [queued]>
[2026-03-15T08:29:21.151+0000] {taskinstance.py:2631} INFO - Dependencies all met for dep_context=requeueable deps ti=<TaskInstance: dag_get_data_from_yf.olhc_branching.get_csv_open scheduled__2025-01-09T00:00:00+00:00 [queued]>
[2026-03-15T08:29:21.157+0000] {taskinstance.py:2884} INFO - Starting attempt 1 of 1
[2026-03-15T08:29:21.461+0000] {taskinstance.py:2907} INFO - Executing <Task(_PythonDecoratedOperator): olhc_branching.get_csv_open> on 2025-01-09 00:00:00+00:00
[2026-03-15T08:29:21.543+0000] {standard_task_runner.py:104} INFO - Running: ['***', 'tasks', 'run', 'dag_get_data_from_yf', 'olhc_branching.get_csv_open', 'scheduled__2025-01-09T00:00:00+00:00', '--job-id', '14757', '--raw', '--subdir', 'DAGS_FOLDER/get_finance_yf_csv.py', '--cfg-path', '/tmp/tmpb3gmyp6g']
[2026-03-15T08:29:21.547+0000] {standard_task_runner.py:105} INFO - Job 14757: Subtask olhc_branching.get_csv_open
[2026-03-15T08:29:21.530+0000] {warnings.py:112} WARNING - /home/***/.local/lib/python3.12/site-packages/***/task/task_runner/standard_task_runner.py:70: DeprecationWarning: This process (pid=570) is multi-threaded, use of fork() may lead to deadlocks in the child.
  pid = os.fork()

[2026-03-15T08:29:21.551+0000] {standard_task_runner.py:72} INFO - Started process 656 to run task
[2026-03-15T08:29:21.998+0000] {task_command.py:467} INFO - Running <TaskInstance: dag_get_data_from_yf.olhc_branching.get_csv_open scheduled__2025-01-09T00:00:00+00:00 [running]> on host 3f4a416140d9
[2026-03-15T08:29:23.203+0000] {taskinstance.py:3157} INFO - Exporting env vars: AIRFLOW_CTX_DAG_OWNER='***' AIRFLOW_CTX_DAG_ID='dag_get_data_from_yf' AIRFLOW_CTX_TASK_ID='olhc_branching.get_csv_open' AIRFLOW_CTX_EXECUTION_DATE='2025-01-09T00:00:00+00:00' AIRFLOW_CTX_TRY_NUMBER='1' AIRFLOW_CTX_DAG_RUN_ID='scheduled__2025-01-09T00:00:00+00:00'
[2026-03-15T08:29:23.206+0000] {logging_mixin.py:190} INFO - Task instance is in running state
[2026-03-15T08:29:23.207+0000] {logging_mixin.py:190} INFO -  Previous state of the Task instance: queued
[2026-03-15T08:29:23.208+0000] {logging_mixin.py:190} INFO - Current task name:olhc_branching.get_csv_open state:running start_date:2026-03-15 08:29:21.100825+00:00
[2026-03-15T08:29:23.208+0000] {logging_mixin.py:190} INFO - Dag name:dag_get_data_from_yf and current dag run status:running
[2026-03-15T08:29:23.229+0000] {taskinstance.py:740} INFO - ::endgroup::
[2026-03-15T08:29:23.247+0000] {logging_mixin.py:190} INFO - None
[2026-03-15T08:29:23.248+0000] {python.py:240} INFO - Done. Returned value was: /opt/***/scripts/saham_indonesia_open.csv
[2026-03-15T08:29:23.415+0000] {taskinstance.py:349} INFO - ::group::Post task execution logs
[2026-03-15T08:29:23.416+0000] {taskinstance.py:361} INFO - Marking task as SUCCESS. dag_id=dag_get_data_from_yf, task_id=olhc_branching.get_csv_open, run_id=scheduled__2025-01-09T00:00:00+00:00, execution_date=20250109T000000, start_date=20260315T082921, end_date=20260315T082923
[2026-03-15T08:29:23.723+0000] {logging_mixin.py:190} INFO - Task instance in success state
[2026-03-15T08:29:23.725+0000] {logging_mixin.py:190} INFO -  Previous state of the Task instance: running
[2026-03-15T08:29:23.725+0000] {logging_mixin.py:190} INFO - Dag name:dag_get_data_from_yf queued_at:2026-03-15 08:25:37.935062+00:00
[2026-03-15T08:29:23.726+0000] {logging_mixin.py:190} INFO - Task hostname:3f4a416140d9 operator:_PythonDecoratedOperator
[2026-03-15T08:29:23.855+0000] {local_task_job_runner.py:266} INFO - Task exited with return code 0
[2026-03-15T08:29:24.040+0000] {local_task_job_runner.py:245} INFO - ::endgroup::
