[2026-03-15T07:59:16.463+0000] {local_task_job_runner.py:123} INFO - ::group::Pre task execution logs
[2026-03-15T07:59:16.623+0000] {taskinstance.py:2631} INFO - Dependencies all met for dep_context=non-requeueable deps ti=<TaskInstance: dag_get_data_from_yf.start backfill__2026-01-12T00:00:00+00:00 [queued]>
[2026-03-15T07:59:16.677+0000] {taskinstance.py:2631} INFO - Dependencies all met for dep_context=requeueable deps ti=<TaskInstance: dag_get_data_from_yf.start backfill__2026-01-12T00:00:00+00:00 [queued]>
[2026-03-15T07:59:16.678+0000] {taskinstance.py:2884} INFO - Starting attempt 1 of 1
[2026-03-15T07:59:16.781+0000] {taskinstance.py:2907} INFO - Executing <Task(EmptyOperator): start> on 2026-01-12 00:00:00+00:00
[2026-03-15T07:59:16.811+0000] {warnings.py:112} WARNING - /home/***/.local/lib/python3.12/site-packages/***/task/task_runner/standard_task_runner.py:70: DeprecationWarning: This process (pid=394) is multi-threaded, use of fork() may lead to deadlocks in the child.
  pid = os.fork()

[2026-03-15T07:59:16.823+0000] {standard_task_runner.py:72} INFO - Started process 441 to run task
[2026-03-15T07:59:16.845+0000] {standard_task_runner.py:104} INFO - Running: ['***', 'tasks', 'run', 'dag_get_data_from_yf', 'start', 'backfill__2026-01-12T00:00:00+00:00', '--job-id', '14634', '--pool', 'default_pool', '--raw', '--subdir', 'DAGS_FOLDER/get_finance_yf_csv.py', '--cfg-path', '/tmp/tmp7xsvtl1r']
[2026-03-15T07:59:16.855+0000] {standard_task_runner.py:105} INFO - Job 14634: Subtask start
[2026-03-15T07:59:17.166+0000] {task_command.py:467} INFO - Running <TaskInstance: dag_get_data_from_yf.start backfill__2026-01-12T00:00:00+00:00 [running]> on host 0835cc90ed9d
[2026-03-15T07:59:17.501+0000] {taskinstance.py:3157} INFO - Exporting env vars: AIRFLOW_CTX_DAG_OWNER='***' AIRFLOW_CTX_DAG_ID='dag_get_data_from_yf' AIRFLOW_CTX_TASK_ID='start' AIRFLOW_CTX_EXECUTION_DATE='2026-01-12T00:00:00+00:00' AIRFLOW_CTX_TRY_NUMBER='1' AIRFLOW_CTX_DAG_RUN_ID='backfill__2026-01-12T00:00:00+00:00'
[2026-03-15T07:59:17.506+0000] {logging_mixin.py:190} INFO - Task instance is in running state
[2026-03-15T07:59:17.508+0000] {logging_mixin.py:190} INFO -  Previous state of the Task instance: queued
[2026-03-15T07:59:17.509+0000] {logging_mixin.py:190} INFO - Current task name:start state:running start_date:2026-03-15 07:59:16.624285+00:00
[2026-03-15T07:59:17.510+0000] {logging_mixin.py:190} INFO - Dag name:dag_get_data_from_yf and current dag run status:running
[2026-03-15T07:59:17.511+0000] {taskinstance.py:740} INFO - ::endgroup::
[2026-03-15T07:59:17.556+0000] {taskinstance.py:349} INFO - ::group::Post task execution logs
[2026-03-15T07:59:17.558+0000] {taskinstance.py:361} INFO - Marking task as SUCCESS. dag_id=dag_get_data_from_yf, task_id=start, run_id=backfill__2026-01-12T00:00:00+00:00, execution_date=20260112T000000, start_date=20260315T075916, end_date=20260315T075917
[2026-03-15T07:59:17.771+0000] {logging_mixin.py:190} INFO - Task instance in success state
[2026-03-15T07:59:17.773+0000] {logging_mixin.py:190} INFO -  Previous state of the Task instance: running
[2026-03-15T07:59:17.773+0000] {logging_mixin.py:190} INFO - Dag name:dag_get_data_from_yf queued_at:None
[2026-03-15T07:59:17.774+0000] {logging_mixin.py:190} INFO - Task hostname:0835cc90ed9d operator:EmptyOperator
[2026-03-15T07:59:17.838+0000] {local_task_job_runner.py:266} INFO - Task exited with return code 0
[2026-03-15T07:59:18.079+0000] {taskinstance.py:3924} INFO - 1 downstream tasks scheduled from follow-on schedule check
[2026-03-15T07:59:18.088+0000] {local_task_job_runner.py:245} INFO - ::endgroup::
[2026-03-15T08:03:59.484+0000] {local_task_job_runner.py:123} INFO - ::group::Pre task execution logs
[2026-03-15T08:03:59.606+0000] {taskinstance.py:2631} INFO - Dependencies all met for dep_context=non-requeueable deps ti=<TaskInstance: dag_get_data_from_yf.start backfill__2026-01-12T00:00:00+00:00 [queued]>
[2026-03-15T08:03:59.667+0000] {taskinstance.py:2631} INFO - Dependencies all met for dep_context=requeueable deps ti=<TaskInstance: dag_get_data_from_yf.start backfill__2026-01-12T00:00:00+00:00 [queued]>
[2026-03-15T08:03:59.668+0000] {taskinstance.py:2884} INFO - Starting attempt 1 of 1
[2026-03-15T08:03:59.772+0000] {taskinstance.py:2907} INFO - Executing <Task(EmptyOperator): start> on 2026-01-12 00:00:00+00:00
[2026-03-15T08:03:59.823+0000] {warnings.py:112} WARNING - /home/***/.local/lib/python3.12/site-packages/***/task/task_runner/standard_task_runner.py:70: DeprecationWarning: This process (pid=567) is multi-threaded, use of fork() may lead to deadlocks in the child.
  pid = os.fork()

[2026-03-15T08:03:59.850+0000] {standard_task_runner.py:72} INFO - Started process 631 to run task
[2026-03-15T08:03:59.840+0000] {standard_task_runner.py:104} INFO - Running: ['***', 'tasks', 'run', 'dag_get_data_from_yf', 'start', 'backfill__2026-01-12T00:00:00+00:00', '--job-id', '14661', '--pool', 'default_pool', '--raw', '--subdir', 'DAGS_FOLDER/get_finance_yf_csv.py', '--cfg-path', '/tmp/tmpljekexds']
[2026-03-15T08:03:59.851+0000] {standard_task_runner.py:105} INFO - Job 14661: Subtask start
[2026-03-15T08:04:00.189+0000] {task_command.py:467} INFO - Running <TaskInstance: dag_get_data_from_yf.start backfill__2026-01-12T00:00:00+00:00 [running]> on host 0835cc90ed9d
[2026-03-15T08:04:00.782+0000] {taskinstance.py:3157} INFO - Exporting env vars: AIRFLOW_CTX_DAG_OWNER='***' AIRFLOW_CTX_DAG_ID='dag_get_data_from_yf' AIRFLOW_CTX_TASK_ID='start' AIRFLOW_CTX_EXECUTION_DATE='2026-01-12T00:00:00+00:00' AIRFLOW_CTX_TRY_NUMBER='1' AIRFLOW_CTX_DAG_RUN_ID='backfill__2026-01-12T00:00:00+00:00'
[2026-03-15T08:04:00.786+0000] {logging_mixin.py:190} INFO - Task instance is in running state
[2026-03-15T08:04:00.793+0000] {logging_mixin.py:190} INFO -  Previous state of the Task instance: queued
[2026-03-15T08:04:00.794+0000] {logging_mixin.py:190} INFO - Current task name:start state:running start_date:2026-03-15 08:03:59.606764+00:00
[2026-03-15T08:04:00.794+0000] {logging_mixin.py:190} INFO - Dag name:dag_get_data_from_yf and current dag run status:running
[2026-03-15T08:04:00.795+0000] {taskinstance.py:740} INFO - ::endgroup::
[2026-03-15T08:04:00.837+0000] {taskinstance.py:349} INFO - ::group::Post task execution logs
[2026-03-15T08:04:00.837+0000] {taskinstance.py:361} INFO - Marking task as SUCCESS. dag_id=dag_get_data_from_yf, task_id=start, run_id=backfill__2026-01-12T00:00:00+00:00, execution_date=20260112T000000, start_date=20260315T080359, end_date=20260315T080400
[2026-03-15T08:04:00.963+0000] {logging_mixin.py:190} INFO - Task instance in success state
[2026-03-15T08:04:00.965+0000] {logging_mixin.py:190} INFO -  Previous state of the Task instance: running
[2026-03-15T08:04:00.966+0000] {logging_mixin.py:190} INFO - Dag name:dag_get_data_from_yf queued_at:None
[2026-03-15T08:04:00.976+0000] {logging_mixin.py:190} INFO - Task hostname:0835cc90ed9d operator:EmptyOperator
[2026-03-15T08:04:01.035+0000] {local_task_job_runner.py:266} INFO - Task exited with return code 0
[2026-03-15T08:04:01.347+0000] {taskinstance.py:3924} INFO - 1 downstream tasks scheduled from follow-on schedule check
[2026-03-15T08:04:01.357+0000] {local_task_job_runner.py:245} INFO - ::endgroup::
[2026-03-15T08:13:15.937+0000] {local_task_job_runner.py:123} INFO - ::group::Pre task execution logs
[2026-03-15T08:13:16.004+0000] {taskinstance.py:2631} INFO - Dependencies all met for dep_context=non-requeueable deps ti=<TaskInstance: dag_get_data_from_yf.start backfill__2026-01-12T00:00:00+00:00 [queued]>
[2026-03-15T08:13:16.027+0000] {taskinstance.py:2631} INFO - Dependencies all met for dep_context=requeueable deps ti=<TaskInstance: dag_get_data_from_yf.start backfill__2026-01-12T00:00:00+00:00 [queued]>
[2026-03-15T08:13:16.028+0000] {taskinstance.py:2884} INFO - Starting attempt 1 of 1
[2026-03-15T08:13:16.071+0000] {taskinstance.py:2907} INFO - Executing <Task(EmptyOperator): start> on 2026-01-12 00:00:00+00:00
[2026-03-15T08:13:16.100+0000] {warnings.py:112} WARNING - /home/***/.local/lib/python3.12/site-packages/***/task/task_runner/standard_task_runner.py:70: DeprecationWarning: This process (pid=847) is multi-threaded, use of fork() may lead to deadlocks in the child.
  pid = os.fork()

[2026-03-15T08:13:16.103+0000] {standard_task_runner.py:72} INFO - Started process 895 to run task
[2026-03-15T08:13:16.112+0000] {standard_task_runner.py:104} INFO - Running: ['***', 'tasks', 'run', 'dag_get_data_from_yf', 'start', 'backfill__2026-01-12T00:00:00+00:00', '--job-id', '14699', '--pool', 'default_pool', '--raw', '--subdir', 'DAGS_FOLDER/get_finance_yf_csv.py', '--cfg-path', '/tmp/tmpzh5v063g']
[2026-03-15T08:13:16.116+0000] {standard_task_runner.py:105} INFO - Job 14699: Subtask start
[2026-03-15T08:13:16.315+0000] {task_command.py:467} INFO - Running <TaskInstance: dag_get_data_from_yf.start backfill__2026-01-12T00:00:00+00:00 [running]> on host 0835cc90ed9d
[2026-03-15T08:13:16.656+0000] {taskinstance.py:3157} INFO - Exporting env vars: AIRFLOW_CTX_DAG_OWNER='***' AIRFLOW_CTX_DAG_ID='dag_get_data_from_yf' AIRFLOW_CTX_TASK_ID='start' AIRFLOW_CTX_EXECUTION_DATE='2026-01-12T00:00:00+00:00' AIRFLOW_CTX_TRY_NUMBER='1' AIRFLOW_CTX_DAG_RUN_ID='backfill__2026-01-12T00:00:00+00:00'
[2026-03-15T08:13:16.660+0000] {logging_mixin.py:190} INFO - Task instance is in running state
[2026-03-15T08:13:16.662+0000] {logging_mixin.py:190} INFO -  Previous state of the Task instance: queued
[2026-03-15T08:13:16.662+0000] {logging_mixin.py:190} INFO - Current task name:start state:running start_date:2026-03-15 08:13:16.007229+00:00
[2026-03-15T08:13:16.663+0000] {logging_mixin.py:190} INFO - Dag name:dag_get_data_from_yf and current dag run status:running
[2026-03-15T08:13:16.664+0000] {taskinstance.py:740} INFO - ::endgroup::
[2026-03-15T08:13:16.718+0000] {taskinstance.py:349} INFO - ::group::Post task execution logs
[2026-03-15T08:13:16.720+0000] {taskinstance.py:361} INFO - Marking task as SUCCESS. dag_id=dag_get_data_from_yf, task_id=start, run_id=backfill__2026-01-12T00:00:00+00:00, execution_date=20260112T000000, start_date=20260315T081316, end_date=20260315T081316
[2026-03-15T08:13:16.837+0000] {logging_mixin.py:190} INFO - Task instance in success state
[2026-03-15T08:13:16.838+0000] {logging_mixin.py:190} INFO -  Previous state of the Task instance: running
[2026-03-15T08:13:16.838+0000] {logging_mixin.py:190} INFO - Dag name:dag_get_data_from_yf queued_at:None
[2026-03-15T08:13:16.839+0000] {logging_mixin.py:190} INFO - Task hostname:0835cc90ed9d operator:EmptyOperator
[2026-03-15T08:13:16.872+0000] {local_task_job_runner.py:266} INFO - Task exited with return code 0
[2026-03-15T08:13:16.956+0000] {taskinstance.py:3924} INFO - 1 downstream tasks scheduled from follow-on schedule check
[2026-03-15T08:13:16.964+0000] {local_task_job_runner.py:245} INFO - ::endgroup::
