[2026-03-09T02:33:22.863+0000] {local_task_job_runner.py:123} INFO - ::group::Pre task execution logs
[2026-03-09T02:33:22.919+0000] {taskinstance.py:2631} INFO - Dependencies all met for dep_context=non-requeueable deps ti=<TaskInstance: dag_get_data_from_yf.get_csv_low scheduled__2026-03-09T02:32:00+00:00 [queued]>
[2026-03-09T02:33:22.938+0000] {taskinstance.py:2631} INFO - Dependencies all met for dep_context=requeueable deps ti=<TaskInstance: dag_get_data_from_yf.get_csv_low scheduled__2026-03-09T02:32:00+00:00 [queued]>
[2026-03-09T02:33:22.939+0000] {taskinstance.py:2884} INFO - Starting attempt 1 of 1
[2026-03-09T02:33:22.966+0000] {taskinstance.py:2907} INFO - Executing <Task(_PythonDecoratedOperator): get_csv_low> on 2026-03-09 02:32:00+00:00
[2026-03-09T02:33:22.981+0000] {warnings.py:112} WARNING - /home/***/.local/lib/python3.12/site-packages/***/task/task_runner/standard_task_runner.py:70: DeprecationWarning: This process (pid=3791) is multi-threaded, use of fork() may lead to deadlocks in the child.
  pid = os.fork()

[2026-03-09T02:33:22.984+0000] {standard_task_runner.py:72} INFO - Started process 3806 to run task
[2026-03-09T02:33:22.987+0000] {standard_task_runner.py:104} INFO - Running: ['***', 'tasks', 'run', 'dag_get_data_from_yf', 'get_csv_low', 'scheduled__2026-03-09T02:32:00+00:00', '--job-id', '4977', '--raw', '--subdir', 'DAGS_FOLDER/get_finance_yf_csv.py', '--cfg-path', '/tmp/tmpyjtle3fn']
[2026-03-09T02:33:22.989+0000] {standard_task_runner.py:105} INFO - Job 4977: Subtask get_csv_low
[2026-03-09T02:33:23.105+0000] {task_command.py:467} INFO - Running <TaskInstance: dag_get_data_from_yf.get_csv_low scheduled__2026-03-09T02:32:00+00:00 [running]> on host 0b29540d368e
[2026-03-09T02:33:23.555+0000] {taskinstance.py:3157} INFO - Exporting env vars: AIRFLOW_CTX_DAG_OWNER='***' AIRFLOW_CTX_DAG_ID='dag_get_data_from_yf' AIRFLOW_CTX_TASK_ID='get_csv_low' AIRFLOW_CTX_EXECUTION_DATE='2026-03-09T02:32:00+00:00' AIRFLOW_CTX_TRY_NUMBER='1' AIRFLOW_CTX_DAG_RUN_ID='scheduled__2026-03-09T02:32:00+00:00'
[2026-03-09T02:33:23.558+0000] {logging_mixin.py:190} INFO - Task instance is in running state
[2026-03-09T02:33:23.558+0000] {logging_mixin.py:190} INFO -  Previous state of the Task instance: queued
[2026-03-09T02:33:23.559+0000] {logging_mixin.py:190} INFO - Current task name:get_csv_low state:running start_date:2026-03-09 02:33:22.920431+00:00
[2026-03-09T02:33:23.559+0000] {logging_mixin.py:190} INFO - Dag name:dag_get_data_from_yf and current dag run status:running
[2026-03-09T02:33:23.560+0000] {taskinstance.py:740} INFO - ::endgroup::
[2026-03-09T02:33:23.573+0000] {logging_mixin.py:190} INFO - None
[2026-03-09T02:33:23.574+0000] {python.py:240} INFO - Done. Returned value was: /opt/***/scripts/saham_indonesia_low.csv
[2026-03-09T02:33:23.641+0000] {taskinstance.py:349} INFO - ::group::Post task execution logs
[2026-03-09T02:33:23.642+0000] {taskinstance.py:361} INFO - Marking task as SUCCESS. dag_id=dag_get_data_from_yf, task_id=get_csv_low, run_id=scheduled__2026-03-09T02:32:00+00:00, execution_date=20260309T023200, start_date=20260309T023322, end_date=20260309T023323
[2026-03-09T02:33:23.718+0000] {logging_mixin.py:190} INFO - Task instance in success state
[2026-03-09T02:33:23.719+0000] {logging_mixin.py:190} INFO -  Previous state of the Task instance: running
[2026-03-09T02:33:23.719+0000] {logging_mixin.py:190} INFO - Dag name:dag_get_data_from_yf queued_at:2026-03-09 02:33:00.921436+00:00
[2026-03-09T02:33:23.719+0000] {logging_mixin.py:190} INFO - Task hostname:0b29540d368e operator:_PythonDecoratedOperator
[2026-03-09T02:33:23.749+0000] {local_task_job_runner.py:266} INFO - Task exited with return code 0
[2026-03-09T02:33:23.845+0000] {taskinstance.py:3924} INFO - 1 downstream tasks scheduled from follow-on schedule check
[2026-03-09T02:33:23.849+0000] {local_task_job_runner.py:245} INFO - ::endgroup::
