[2026-03-07T10:07:42.436+0000] {local_task_job_runner.py:123} INFO - ::group::Pre task execution logs
[2026-03-07T10:07:42.535+0000] {taskinstance.py:2631} INFO - Dependencies all met for dep_context=non-requeueable deps ti=<TaskInstance: dag_get_data_from_yf.get_csv_open scheduled__2026-03-07T10:06:00+00:00 [queued]>
[2026-03-07T10:07:42.569+0000] {taskinstance.py:2631} INFO - Dependencies all met for dep_context=requeueable deps ti=<TaskInstance: dag_get_data_from_yf.get_csv_open scheduled__2026-03-07T10:06:00+00:00 [queued]>
[2026-03-07T10:07:42.570+0000] {taskinstance.py:2884} INFO - Starting attempt 1 of 1
[2026-03-07T10:07:42.619+0000] {taskinstance.py:2907} INFO - Executing <Task(_PythonDecoratedOperator): get_csv_open> on 2026-03-07 10:06:00+00:00
[2026-03-07T10:07:42.651+0000] {warnings.py:112} WARNING - /home/***/.local/lib/python3.12/site-packages/***/task/task_runner/standard_task_runner.py:70: DeprecationWarning: This process (pid=1901) is multi-threaded, use of fork() may lead to deadlocks in the child.
  pid = os.fork()

[2026-03-07T10:07:42.658+0000] {standard_task_runner.py:72} INFO - Started process 1942 to run task
[2026-03-07T10:07:42.667+0000] {standard_task_runner.py:104} INFO - Running: ['***', 'tasks', 'run', 'dag_get_data_from_yf', 'get_csv_open', 'scheduled__2026-03-07T10:06:00+00:00', '--job-id', '4015', '--raw', '--subdir', 'DAGS_FOLDER/get_finance_yf_csv.py', '--cfg-path', '/tmp/tmpt07xkns4']
[2026-03-07T10:07:42.671+0000] {standard_task_runner.py:105} INFO - Job 4015: Subtask get_csv_open
[2026-03-07T10:07:42.894+0000] {task_command.py:467} INFO - Running <TaskInstance: dag_get_data_from_yf.get_csv_open scheduled__2026-03-07T10:06:00+00:00 [running]> on host c25336bb1107
[2026-03-07T10:07:43.569+0000] {taskinstance.py:3157} INFO - Exporting env vars: AIRFLOW_CTX_DAG_OWNER='***' AIRFLOW_CTX_DAG_ID='dag_get_data_from_yf' AIRFLOW_CTX_TASK_ID='get_csv_open' AIRFLOW_CTX_EXECUTION_DATE='2026-03-07T10:06:00+00:00' AIRFLOW_CTX_TRY_NUMBER='1' AIRFLOW_CTX_DAG_RUN_ID='scheduled__2026-03-07T10:06:00+00:00'
[2026-03-07T10:07:43.582+0000] {logging_mixin.py:190} INFO - Task instance is in running state
[2026-03-07T10:07:43.583+0000] {logging_mixin.py:190} INFO -  Previous state of the Task instance: queued
[2026-03-07T10:07:43.583+0000] {logging_mixin.py:190} INFO - Current task name:get_csv_open state:running start_date:2026-03-07 10:07:42.536367+00:00
[2026-03-07T10:07:43.584+0000] {logging_mixin.py:190} INFO - Dag name:dag_get_data_from_yf and current dag run status:running
[2026-03-07T10:07:43.584+0000] {taskinstance.py:740} INFO - ::endgroup::
[2026-03-07T10:07:43.600+0000] {python.py:240} INFO - Done. Returned value was: None
[2026-03-07T10:07:43.647+0000] {taskinstance.py:349} INFO - ::group::Post task execution logs
[2026-03-07T10:07:43.648+0000] {taskinstance.py:361} INFO - Marking task as SUCCESS. dag_id=dag_get_data_from_yf, task_id=get_csv_open, run_id=scheduled__2026-03-07T10:06:00+00:00, execution_date=20260307T100600, start_date=20260307T100742, end_date=20260307T100743
[2026-03-07T10:07:43.728+0000] {logging_mixin.py:190} INFO - Task instance in success state
[2026-03-07T10:07:43.729+0000] {logging_mixin.py:190} INFO -  Previous state of the Task instance: running
[2026-03-07T10:07:43.729+0000] {logging_mixin.py:190} INFO - Dag name:dag_get_data_from_yf queued_at:2026-03-07 10:07:00.673453+00:00
[2026-03-07T10:07:43.729+0000] {logging_mixin.py:190} INFO - Task hostname:c25336bb1107 operator:_PythonDecoratedOperator
[2026-03-07T10:07:43.758+0000] {local_task_job_runner.py:266} INFO - Task exited with return code 0
[2026-03-07T10:07:43.854+0000] {taskinstance.py:3924} INFO - 1 downstream tasks scheduled from follow-on schedule check
[2026-03-07T10:07:43.858+0000] {local_task_job_runner.py:245} INFO - ::endgroup::
