[2026-03-26T10:26:23.575+0000] {local_task_job_runner.py:123} INFO - ::group::Pre task execution logs
[2026-03-26T10:26:23.614+0000] {taskinstance.py:2631} INFO - Dependencies all met for dep_context=non-requeueable deps ti=<TaskInstance: dag_get_data_from_yf.select_data_task scheduled__2026-03-25T10:00:00+00:00 [queued]>
[2026-03-26T10:26:23.628+0000] {taskinstance.py:2631} INFO - Dependencies all met for dep_context=requeueable deps ti=<TaskInstance: dag_get_data_from_yf.select_data_task scheduled__2026-03-25T10:00:00+00:00 [queued]>
[2026-03-26T10:26:23.628+0000] {taskinstance.py:2884} INFO - Starting attempt 1 of 1
[2026-03-26T10:26:23.643+0000] {taskinstance.py:2907} INFO - Executing <Task(SQLExecuteQueryOperator): select_data_task> on 2026-03-25 10:00:00+00:00
[2026-03-26T10:26:23.658+0000] {standard_task_runner.py:104} INFO - Running: ['***', 'tasks', 'run', 'dag_get_data_from_yf', 'select_data_task', 'scheduled__2026-03-25T10:00:00+00:00', '--job-id', '149', '--raw', '--subdir', 'DAGS_FOLDER/get_finance_yf_csv.py', '--cfg-path', '/tmp/tmpamhayc_d']
[2026-03-26T10:26:23.660+0000] {standard_task_runner.py:105} INFO - Job 149: Subtask select_data_task
[2026-03-26T10:26:23.660+0000] {logging_mixin.py:190} WARNING - /home/***/.local/lib/python3.12/site-packages/***/task/task_runner/standard_task_runner.py:70 DeprecationWarning: This process (pid=654) is multi-threaded, use of fork() may lead to deadlocks in the child.
[2026-03-26T10:26:23.661+0000] {standard_task_runner.py:72} INFO - Started process 671 to run task
[2026-03-26T10:26:23.741+0000] {task_command.py:467} INFO - Running <TaskInstance: dag_get_data_from_yf.select_data_task scheduled__2026-03-25T10:00:00+00:00 [running]> on host 10c63b58d04d
[2026-03-26T10:26:23.890+0000] {taskinstance.py:3157} INFO - Exporting env vars: AIRFLOW_CTX_DAG_OWNER='***' AIRFLOW_CTX_DAG_ID='dag_get_data_from_yf' AIRFLOW_CTX_TASK_ID='select_data_task' AIRFLOW_CTX_EXECUTION_DATE='2026-03-25T10:00:00+00:00' AIRFLOW_CTX_TRY_NUMBER='1' AIRFLOW_CTX_DAG_RUN_ID='scheduled__2026-03-25T10:00:00+00:00'
[2026-03-26T10:26:23.892+0000] {taskinstance.py:740} INFO - ::endgroup::
[2026-03-26T10:26:23.896+0000] {sql.py:410} INFO - Executing:  SELECT * FROM indonesian_stocks; 
[2026-03-26T10:26:23.898+0000] {crypto.py:82} WARNING - empty cryptography key - values will not be stored encrypted.
[2026-03-26T10:26:23.899+0000] {base.py:84} INFO - Retrieving connection 'db_custom'
[2026-03-26T10:26:23.908+0000] {base.py:84} INFO - Retrieving connection 'db_custom'
[2026-03-26T10:26:23.924+0000] {sql.py:861} INFO - Running statement:  SELECT * FROM indonesian_stocks; , parameters: None
[2026-03-26T10:26:23.933+0000] {sql.py:879} INFO - Rows affected: 3
[2026-03-26T10:26:23.996+0000] {taskinstance.py:349} INFO - ::group::Post task execution logs
[2026-03-26T10:26:23.997+0000] {taskinstance.py:361} INFO - Marking task as SUCCESS. dag_id=dag_get_data_from_yf, task_id=select_data_task, run_id=scheduled__2026-03-25T10:00:00+00:00, execution_date=20260325T100000, start_date=20260326T102623, end_date=20260326T102623
[2026-03-26T10:26:24.065+0000] {local_task_job_runner.py:266} INFO - Task exited with return code 0
[2026-03-26T10:26:24.103+0000] {taskinstance.py:3924} INFO - 0 downstream tasks scheduled from follow-on schedule check
[2026-03-26T10:26:24.106+0000] {local_task_job_runner.py:245} INFO - ::endgroup::
[2026-03-26T11:01:14.430+0000] {local_task_job_runner.py:123} INFO - ::group::Pre task execution logs
[2026-03-26T11:01:14.468+0000] {taskinstance.py:2631} INFO - Dependencies all met for dep_context=non-requeueable deps ti=<TaskInstance: dag_get_data_from_yf.select_data_task scheduled__2026-03-25T10:00:00+00:00 [queued]>
[2026-03-26T11:01:14.480+0000] {taskinstance.py:2631} INFO - Dependencies all met for dep_context=requeueable deps ti=<TaskInstance: dag_get_data_from_yf.select_data_task scheduled__2026-03-25T10:00:00+00:00 [queued]>
[2026-03-26T11:01:14.480+0000] {taskinstance.py:2884} INFO - Starting attempt 1 of 1
[2026-03-26T11:01:14.497+0000] {taskinstance.py:2907} INFO - Executing <Task(SQLExecuteQueryOperator): select_data_task> on 2026-03-25 10:00:00+00:00
[2026-03-26T11:01:14.515+0000] {standard_task_runner.py:104} INFO - Running: ['***', 'tasks', 'run', 'dag_get_data_from_yf', 'select_data_task', 'scheduled__2026-03-25T10:00:00+00:00', '--job-id', '276', '--raw', '--subdir', 'DAGS_FOLDER/get_finance_yf_csv.py', '--cfg-path', '/tmp/tmp5zqdtdao']
[2026-03-26T11:01:14.515+0000] {logging_mixin.py:190} WARNING - /home/***/.local/lib/python3.12/site-packages/***/task/task_runner/standard_task_runner.py:70 DeprecationWarning: This process (pid=607) is multi-threaded, use of fork() may lead to deadlocks in the child.
[2026-03-26T11:01:14.517+0000] {standard_task_runner.py:105} INFO - Job 276: Subtask select_data_task
[2026-03-26T11:01:14.518+0000] {standard_task_runner.py:72} INFO - Started process 624 to run task
[2026-03-26T11:01:14.671+0000] {task_command.py:467} INFO - Running <TaskInstance: dag_get_data_from_yf.select_data_task scheduled__2026-03-25T10:00:00+00:00 [running]> on host da2f344ed645
[2026-03-26T11:01:14.818+0000] {taskinstance.py:3157} INFO - Exporting env vars: AIRFLOW_CTX_DAG_OWNER='***' AIRFLOW_CTX_DAG_ID='dag_get_data_from_yf' AIRFLOW_CTX_TASK_ID='select_data_task' AIRFLOW_CTX_EXECUTION_DATE='2026-03-25T10:00:00+00:00' AIRFLOW_CTX_TRY_NUMBER='1' AIRFLOW_CTX_DAG_RUN_ID='scheduled__2026-03-25T10:00:00+00:00'
[2026-03-26T11:01:14.819+0000] {taskinstance.py:740} INFO - ::endgroup::
[2026-03-26T11:01:14.822+0000] {sql.py:410} INFO - Executing:  SELECT * FROM indonesian_stocks; 
[2026-03-26T11:01:14.823+0000] {crypto.py:82} WARNING - empty cryptography key - values will not be stored encrypted.
[2026-03-26T11:01:14.824+0000] {base.py:84} INFO - Retrieving connection 'db_custom'
[2026-03-26T11:01:14.830+0000] {base.py:84} INFO - Retrieving connection 'db_custom'
[2026-03-26T11:01:14.841+0000] {sql.py:861} INFO - Running statement:  SELECT * FROM indonesian_stocks; , parameters: None
[2026-03-26T11:01:14.848+0000] {sql.py:879} INFO - Rows affected: 3
[2026-03-26T11:01:14.891+0000] {taskinstance.py:349} INFO - ::group::Post task execution logs
[2026-03-26T11:01:14.891+0000] {taskinstance.py:361} INFO - Marking task as SUCCESS. dag_id=dag_get_data_from_yf, task_id=select_data_task, run_id=scheduled__2026-03-25T10:00:00+00:00, execution_date=20260325T100000, start_date=20260326T110114, end_date=20260326T110114
[2026-03-26T11:01:14.947+0000] {local_task_job_runner.py:266} INFO - Task exited with return code 0
[2026-03-26T11:01:14.979+0000] {taskinstance.py:3924} INFO - 0 downstream tasks scheduled from follow-on schedule check
[2026-03-26T11:01:14.982+0000] {local_task_job_runner.py:245} INFO - ::endgroup::
[2026-03-27T00:42:16.340+0000] {local_task_job_runner.py:123} INFO - ::group::Pre task execution logs
[2026-03-27T00:42:16.391+0000] {taskinstance.py:2631} INFO - Dependencies all met for dep_context=non-requeueable deps ti=<TaskInstance: dag_get_data_from_yf.select_data_task scheduled__2026-03-25T10:00:00+00:00 [queued]>
[2026-03-27T00:42:16.404+0000] {taskinstance.py:2631} INFO - Dependencies all met for dep_context=requeueable deps ti=<TaskInstance: dag_get_data_from_yf.select_data_task scheduled__2026-03-25T10:00:00+00:00 [queued]>
[2026-03-27T00:42:16.405+0000] {taskinstance.py:2884} INFO - Starting attempt 1 of 1
[2026-03-27T00:42:16.419+0000] {taskinstance.py:2907} INFO - Executing <Task(SQLExecuteQueryOperator): select_data_task> on 2026-03-25 10:00:00+00:00
[2026-03-27T00:42:16.438+0000] {logging_mixin.py:190} WARNING - /home/***/.local/lib/python3.12/site-packages/***/task/task_runner/standard_task_runner.py:70 DeprecationWarning: This process (pid=452) is multi-threaded, use of fork() may lead to deadlocks in the child.
[2026-03-27T00:42:16.438+0000] {standard_task_runner.py:104} INFO - Running: ['***', 'tasks', 'run', 'dag_get_data_from_yf', 'select_data_task', 'scheduled__2026-03-25T10:00:00+00:00', '--job-id', '288', '--raw', '--subdir', 'DAGS_FOLDER/get_finance_yf_csv.py', '--cfg-path', '/tmp/tmpq45p19zr']
[2026-03-27T00:42:16.440+0000] {standard_task_runner.py:72} INFO - Started process 469 to run task
[2026-03-27T00:42:16.440+0000] {standard_task_runner.py:105} INFO - Job 288: Subtask select_data_task
[2026-03-27T00:42:16.532+0000] {task_command.py:467} INFO - Running <TaskInstance: dag_get_data_from_yf.select_data_task scheduled__2026-03-25T10:00:00+00:00 [running]> on host 8dc7f22fc1d2
[2026-03-27T00:42:16.658+0000] {taskinstance.py:3157} INFO - Exporting env vars: AIRFLOW_CTX_DAG_OWNER='***' AIRFLOW_CTX_DAG_ID='dag_get_data_from_yf' AIRFLOW_CTX_TASK_ID='select_data_task' AIRFLOW_CTX_EXECUTION_DATE='2026-03-25T10:00:00+00:00' AIRFLOW_CTX_TRY_NUMBER='1' AIRFLOW_CTX_DAG_RUN_ID='scheduled__2026-03-25T10:00:00+00:00'
[2026-03-27T00:42:16.659+0000] {taskinstance.py:740} INFO - ::endgroup::
[2026-03-27T00:42:16.662+0000] {sql.py:410} INFO - Executing:  SELECT * FROM indonesian_stocks; 
[2026-03-27T00:42:16.663+0000] {crypto.py:82} WARNING - empty cryptography key - values will not be stored encrypted.
[2026-03-27T00:42:16.663+0000] {base.py:84} INFO - Retrieving connection 'db_custom'
[2026-03-27T00:42:16.670+0000] {base.py:84} INFO - Retrieving connection 'db_custom'
[2026-03-27T00:42:16.682+0000] {sql.py:861} INFO - Running statement:  SELECT * FROM indonesian_stocks; , parameters: None
[2026-03-27T00:42:16.693+0000] {sql.py:879} INFO - Rows affected: 3
[2026-03-27T00:42:16.736+0000] {taskinstance.py:349} INFO - ::group::Post task execution logs
[2026-03-27T00:42:16.736+0000] {taskinstance.py:361} INFO - Marking task as SUCCESS. dag_id=dag_get_data_from_yf, task_id=select_data_task, run_id=scheduled__2026-03-25T10:00:00+00:00, execution_date=20260325T100000, start_date=20260327T004216, end_date=20260327T004216
[2026-03-27T00:42:16.798+0000] {local_task_job_runner.py:266} INFO - Task exited with return code 0
[2026-03-27T00:42:16.839+0000] {taskinstance.py:3924} INFO - 0 downstream tasks scheduled from follow-on schedule check
[2026-03-27T00:42:16.843+0000] {local_task_job_runner.py:245} INFO - ::endgroup::
[2026-03-27T01:14:47.851+0000] {local_task_job_runner.py:123} INFO - ::group::Pre task execution logs
[2026-03-27T01:14:47.891+0000] {taskinstance.py:2631} INFO - Dependencies all met for dep_context=non-requeueable deps ti=<TaskInstance: dag_get_data_from_yf.select_data_task scheduled__2026-03-25T10:00:00+00:00 [queued]>
[2026-03-27T01:14:47.902+0000] {taskinstance.py:2631} INFO - Dependencies all met for dep_context=requeueable deps ti=<TaskInstance: dag_get_data_from_yf.select_data_task scheduled__2026-03-25T10:00:00+00:00 [queued]>
[2026-03-27T01:14:47.902+0000] {taskinstance.py:2884} INFO - Starting attempt 1 of 1
[2026-03-27T01:14:47.917+0000] {taskinstance.py:2907} INFO - Executing <Task(SQLExecuteQueryOperator): select_data_task> on 2026-03-25 10:00:00+00:00
[2026-03-27T01:14:47.935+0000] {logging_mixin.py:190} WARNING - /home/***/.local/lib/python3.12/site-packages/***/task/task_runner/standard_task_runner.py:70 DeprecationWarning: This process (pid=525) is multi-threaded, use of fork() may lead to deadlocks in the child.
[2026-03-27T01:14:47.937+0000] {standard_task_runner.py:72} INFO - Started process 542 to run task
[2026-03-27T01:14:47.935+0000] {standard_task_runner.py:104} INFO - Running: ['***', 'tasks', 'run', 'dag_get_data_from_yf', 'select_data_task', 'scheduled__2026-03-25T10:00:00+00:00', '--job-id', '303', '--raw', '--subdir', 'DAGS_FOLDER/get_finance_yf_csv.py', '--cfg-path', '/tmp/tmpmq115757']
[2026-03-27T01:14:47.938+0000] {standard_task_runner.py:105} INFO - Job 303: Subtask select_data_task
[2026-03-27T01:14:48.021+0000] {task_command.py:467} INFO - Running <TaskInstance: dag_get_data_from_yf.select_data_task scheduled__2026-03-25T10:00:00+00:00 [running]> on host 1f539bb0369f
[2026-03-27T01:14:48.167+0000] {taskinstance.py:3157} INFO - Exporting env vars: AIRFLOW_CTX_DAG_OWNER='***' AIRFLOW_CTX_DAG_ID='dag_get_data_from_yf' AIRFLOW_CTX_TASK_ID='select_data_task' AIRFLOW_CTX_EXECUTION_DATE='2026-03-25T10:00:00+00:00' AIRFLOW_CTX_TRY_NUMBER='1' AIRFLOW_CTX_DAG_RUN_ID='scheduled__2026-03-25T10:00:00+00:00'
[2026-03-27T01:14:48.169+0000] {taskinstance.py:740} INFO - ::endgroup::
[2026-03-27T01:14:48.174+0000] {sql.py:410} INFO - Executing:  SELECT * FROM indonesian_stocks; 
[2026-03-27T01:14:48.176+0000] {crypto.py:82} WARNING - empty cryptography key - values will not be stored encrypted.
[2026-03-27T01:14:48.176+0000] {base.py:84} INFO - Retrieving connection 'db_custom'
[2026-03-27T01:14:48.182+0000] {base.py:84} INFO - Retrieving connection 'db_custom'
[2026-03-27T01:14:48.194+0000] {sql.py:861} INFO - Running statement:  SELECT * FROM indonesian_stocks; , parameters: None
[2026-03-27T01:14:48.199+0000] {sql.py:879} INFO - Rows affected: 3
[2026-03-27T01:14:48.246+0000] {taskinstance.py:349} INFO - ::group::Post task execution logs
[2026-03-27T01:14:48.247+0000] {taskinstance.py:361} INFO - Marking task as SUCCESS. dag_id=dag_get_data_from_yf, task_id=select_data_task, run_id=scheduled__2026-03-25T10:00:00+00:00, execution_date=20260325T100000, start_date=20260327T011447, end_date=20260327T011448
[2026-03-27T01:14:48.302+0000] {local_task_job_runner.py:266} INFO - Task exited with return code 0
[2026-03-27T01:14:48.340+0000] {taskinstance.py:3924} INFO - 0 downstream tasks scheduled from follow-on schedule check
[2026-03-27T01:14:48.343+0000] {local_task_job_runner.py:245} INFO - ::endgroup::
[2026-03-27T07:30:31.056+0000] {local_task_job_runner.py:123} INFO - ::group::Pre task execution logs
[2026-03-27T07:30:31.118+0000] {taskinstance.py:2631} INFO - Dependencies all met for dep_context=non-requeueable deps ti=<TaskInstance: dag_get_data_from_yf.select_data_task scheduled__2026-03-25T10:00:00+00:00 [queued]>
[2026-03-27T07:30:31.138+0000] {taskinstance.py:2631} INFO - Dependencies all met for dep_context=requeueable deps ti=<TaskInstance: dag_get_data_from_yf.select_data_task scheduled__2026-03-25T10:00:00+00:00 [queued]>
[2026-03-27T07:30:31.139+0000] {taskinstance.py:2884} INFO - Starting attempt 1 of 1
[2026-03-27T07:30:31.160+0000] {taskinstance.py:2907} INFO - Executing <Task(SQLExecuteQueryOperator): select_data_task> on 2026-03-25 10:00:00+00:00
[2026-03-27T07:30:31.181+0000] {logging_mixin.py:190} WARNING - /home/***/.local/lib/python3.12/site-packages/***/task/task_runner/standard_task_runner.py:70 DeprecationWarning: This process (pid=1479) is multi-threaded, use of fork() may lead to deadlocks in the child.
[2026-03-27T07:30:31.181+0000] {standard_task_runner.py:104} INFO - Running: ['***', 'tasks', 'run', 'dag_get_data_from_yf', 'select_data_task', 'scheduled__2026-03-25T10:00:00+00:00', '--job-id', '494', '--raw', '--subdir', 'DAGS_FOLDER/get_finance_yf_csv.py', '--cfg-path', '/tmp/tmpbd62qhyx']
[2026-03-27T07:30:31.183+0000] {standard_task_runner.py:105} INFO - Job 494: Subtask select_data_task
[2026-03-27T07:30:31.183+0000] {standard_task_runner.py:72} INFO - Started process 1496 to run task
[2026-03-27T07:30:31.286+0000] {task_command.py:467} INFO - Running <TaskInstance: dag_get_data_from_yf.select_data_task scheduled__2026-03-25T10:00:00+00:00 [running]> on host 917994eaae4b
[2026-03-27T07:30:31.452+0000] {taskinstance.py:3157} INFO - Exporting env vars: AIRFLOW_CTX_DAG_OWNER='***' AIRFLOW_CTX_DAG_ID='dag_get_data_from_yf' AIRFLOW_CTX_TASK_ID='select_data_task' AIRFLOW_CTX_EXECUTION_DATE='2026-03-25T10:00:00+00:00' AIRFLOW_CTX_TRY_NUMBER='1' AIRFLOW_CTX_DAG_RUN_ID='scheduled__2026-03-25T10:00:00+00:00'
[2026-03-27T07:30:31.454+0000] {taskinstance.py:740} INFO - ::endgroup::
[2026-03-27T07:30:31.458+0000] {sql.py:410} INFO - Executing:  SELECT * FROM indonesian_stocks; 
[2026-03-27T07:30:31.460+0000] {crypto.py:82} WARNING - empty cryptography key - values will not be stored encrypted.
[2026-03-27T07:30:31.462+0000] {base.py:84} INFO - Retrieving connection 'db_custom'
[2026-03-27T07:30:31.471+0000] {base.py:84} INFO - Retrieving connection 'db_custom'
[2026-03-27T07:30:31.484+0000] {sql.py:861} INFO - Running statement:  SELECT * FROM indonesian_stocks; , parameters: None
[2026-03-27T07:30:31.491+0000] {sql.py:879} INFO - Rows affected: 3
[2026-03-27T07:30:31.536+0000] {taskinstance.py:349} INFO - ::group::Post task execution logs
[2026-03-27T07:30:31.537+0000] {taskinstance.py:361} INFO - Marking task as SUCCESS. dag_id=dag_get_data_from_yf, task_id=select_data_task, run_id=scheduled__2026-03-25T10:00:00+00:00, execution_date=20260325T100000, start_date=20260327T073031, end_date=20260327T073031
[2026-03-27T07:30:31.603+0000] {local_task_job_runner.py:266} INFO - Task exited with return code 0
[2026-03-27T07:30:31.647+0000] {taskinstance.py:3924} INFO - 0 downstream tasks scheduled from follow-on schedule check
[2026-03-27T07:30:31.651+0000] {local_task_job_runner.py:245} INFO - ::endgroup::
[2026-03-27T08:49:12.499+0000] {local_task_job_runner.py:123} INFO - ::group::Pre task execution logs
[2026-03-27T08:49:12.547+0000] {taskinstance.py:2631} INFO - Dependencies all met for dep_context=non-requeueable deps ti=<TaskInstance: dag_get_data_from_yf.select_data_task scheduled__2026-03-25T10:00:00+00:00 [queued]>
[2026-03-27T08:49:12.563+0000] {taskinstance.py:2631} INFO - Dependencies all met for dep_context=requeueable deps ti=<TaskInstance: dag_get_data_from_yf.select_data_task scheduled__2026-03-25T10:00:00+00:00 [queued]>
[2026-03-27T08:49:12.563+0000] {taskinstance.py:2884} INFO - Starting attempt 1 of 1
[2026-03-27T08:49:12.583+0000] {taskinstance.py:2907} INFO - Executing <Task(SQLExecuteQueryOperator): select_data_task> on 2026-03-25 10:00:00+00:00
[2026-03-27T08:49:12.605+0000] {logging_mixin.py:190} WARNING - /home/***/.local/lib/python3.12/site-packages/***/task/task_runner/standard_task_runner.py:70 DeprecationWarning: This process (pid=1309) is multi-threaded, use of fork() may lead to deadlocks in the child.
[2026-03-27T08:49:12.604+0000] {standard_task_runner.py:104} INFO - Running: ['***', 'tasks', 'run', 'dag_get_data_from_yf', 'select_data_task', 'scheduled__2026-03-25T10:00:00+00:00', '--job-id', '575', '--raw', '--subdir', 'DAGS_FOLDER/get_finance_yf_csv.py', '--cfg-path', '/tmp/tmpk3_13t5y']
[2026-03-27T08:49:12.606+0000] {standard_task_runner.py:105} INFO - Job 575: Subtask select_data_task
[2026-03-27T08:49:12.606+0000] {standard_task_runner.py:72} INFO - Started process 1326 to run task
[2026-03-27T08:49:12.701+0000] {task_command.py:467} INFO - Running <TaskInstance: dag_get_data_from_yf.select_data_task scheduled__2026-03-25T10:00:00+00:00 [running]> on host 1794ed5e7c77
[2026-03-27T08:49:12.838+0000] {taskinstance.py:3157} INFO - Exporting env vars: AIRFLOW_CTX_DAG_OWNER='***' AIRFLOW_CTX_DAG_ID='dag_get_data_from_yf' AIRFLOW_CTX_TASK_ID='select_data_task' AIRFLOW_CTX_EXECUTION_DATE='2026-03-25T10:00:00+00:00' AIRFLOW_CTX_TRY_NUMBER='1' AIRFLOW_CTX_DAG_RUN_ID='scheduled__2026-03-25T10:00:00+00:00'
[2026-03-27T08:49:12.839+0000] {taskinstance.py:740} INFO - ::endgroup::
[2026-03-27T08:49:12.842+0000] {sql.py:410} INFO - Executing: SELECT * FROM indonesian_stocks;
[2026-03-27T08:49:12.843+0000] {crypto.py:82} WARNING - empty cryptography key - values will not be stored encrypted.
[2026-03-27T08:49:12.844+0000] {base.py:84} INFO - Retrieving connection 'db_custom'
[2026-03-27T08:49:12.850+0000] {base.py:84} INFO - Retrieving connection 'db_custom'
[2026-03-27T08:49:12.861+0000] {sql.py:861} INFO - Running statement: SELECT * FROM indonesian_stocks;, parameters: None
[2026-03-27T08:49:12.868+0000] {sql.py:879} INFO - Rows affected: 3
[2026-03-27T08:49:12.920+0000] {taskinstance.py:349} INFO - ::group::Post task execution logs
[2026-03-27T08:49:12.920+0000] {taskinstance.py:361} INFO - Marking task as SUCCESS. dag_id=dag_get_data_from_yf, task_id=select_data_task, run_id=scheduled__2026-03-25T10:00:00+00:00, execution_date=20260325T100000, start_date=20260327T084912, end_date=20260327T084912
[2026-03-27T08:49:12.989+0000] {local_task_job_runner.py:266} INFO - Task exited with return code 0
[2026-03-27T08:49:13.025+0000] {taskinstance.py:3924} INFO - 0 downstream tasks scheduled from follow-on schedule check
[2026-03-27T08:49:13.028+0000] {local_task_job_runner.py:245} INFO - ::endgroup::
[2026-03-27T09:25:32.698+0000] {local_task_job_runner.py:123} INFO - ::group::Pre task execution logs
[2026-03-27T09:25:32.743+0000] {taskinstance.py:2631} INFO - Dependencies all met for dep_context=non-requeueable deps ti=<TaskInstance: dag_get_data_from_yf.select_data_task scheduled__2026-03-25T10:00:00+00:00 [queued]>
[2026-03-27T09:25:32.758+0000] {taskinstance.py:2631} INFO - Dependencies all met for dep_context=requeueable deps ti=<TaskInstance: dag_get_data_from_yf.select_data_task scheduled__2026-03-25T10:00:00+00:00 [queued]>
[2026-03-27T09:25:32.759+0000] {taskinstance.py:2884} INFO - Starting attempt 1 of 1
[2026-03-27T09:25:32.773+0000] {taskinstance.py:2907} INFO - Executing <Task(SQLExecuteQueryOperator): select_data_task> on 2026-03-25 10:00:00+00:00
[2026-03-27T09:25:32.796+0000] {standard_task_runner.py:104} INFO - Running: ['***', 'tasks', 'run', 'dag_get_data_from_yf', 'select_data_task', 'scheduled__2026-03-25T10:00:00+00:00', '--job-id', '642', '--raw', '--subdir', 'DAGS_FOLDER/get_finance_yf_csv.py', '--cfg-path', '/tmp/tmprf5uivm5']
[2026-03-27T09:25:32.797+0000] {logging_mixin.py:190} WARNING - /home/***/.local/lib/python3.12/site-packages/***/task/task_runner/standard_task_runner.py:70 DeprecationWarning: This process (pid=990) is multi-threaded, use of fork() may lead to deadlocks in the child.
[2026-03-27T09:25:32.798+0000] {standard_task_runner.py:105} INFO - Job 642: Subtask select_data_task
[2026-03-27T09:25:32.798+0000] {standard_task_runner.py:72} INFO - Started process 1007 to run task
[2026-03-27T09:25:32.900+0000] {task_command.py:467} INFO - Running <TaskInstance: dag_get_data_from_yf.select_data_task scheduled__2026-03-25T10:00:00+00:00 [running]> on host 715ba069c189
[2026-03-27T09:25:33.054+0000] {taskinstance.py:3157} INFO - Exporting env vars: AIRFLOW_CTX_DAG_OWNER='***' AIRFLOW_CTX_DAG_ID='dag_get_data_from_yf' AIRFLOW_CTX_TASK_ID='select_data_task' AIRFLOW_CTX_EXECUTION_DATE='2026-03-25T10:00:00+00:00' AIRFLOW_CTX_TRY_NUMBER='1' AIRFLOW_CTX_DAG_RUN_ID='scheduled__2026-03-25T10:00:00+00:00'
[2026-03-27T09:25:33.056+0000] {taskinstance.py:740} INFO - ::endgroup::
[2026-03-27T09:25:33.059+0000] {sql.py:410} INFO - Executing: SELECT * FROM indonesian_stocks;
[2026-03-27T09:25:33.060+0000] {crypto.py:82} WARNING - empty cryptography key - values will not be stored encrypted.
[2026-03-27T09:25:33.060+0000] {base.py:84} INFO - Retrieving connection 'db_custom'
[2026-03-27T09:25:33.072+0000] {base.py:84} INFO - Retrieving connection 'db_custom'
[2026-03-27T09:25:33.086+0000] {sql.py:861} INFO - Running statement: SELECT * FROM indonesian_stocks;, parameters: None
[2026-03-27T09:25:33.095+0000] {sql.py:879} INFO - Rows affected: 3
[2026-03-27T09:25:33.149+0000] {taskinstance.py:349} INFO - ::group::Post task execution logs
[2026-03-27T09:25:33.149+0000] {taskinstance.py:361} INFO - Marking task as SUCCESS. dag_id=dag_get_data_from_yf, task_id=select_data_task, run_id=scheduled__2026-03-25T10:00:00+00:00, execution_date=20260325T100000, start_date=20260327T092532, end_date=20260327T092533
[2026-03-27T09:25:33.232+0000] {local_task_job_runner.py:266} INFO - Task exited with return code 0
[2026-03-27T09:25:33.265+0000] {taskinstance.py:3924} INFO - 0 downstream tasks scheduled from follow-on schedule check
[2026-03-27T09:25:33.268+0000] {local_task_job_runner.py:245} INFO - ::endgroup::
[2026-03-27T09:50:56.919+0000] {local_task_job_runner.py:123} INFO - ::group::Pre task execution logs
[2026-03-27T09:50:56.974+0000] {taskinstance.py:2631} INFO - Dependencies all met for dep_context=non-requeueable deps ti=<TaskInstance: dag_get_data_from_yf.select_data_task scheduled__2026-03-25T10:00:00+00:00 [queued]>
[2026-03-27T09:50:56.995+0000] {taskinstance.py:2631} INFO - Dependencies all met for dep_context=requeueable deps ti=<TaskInstance: dag_get_data_from_yf.select_data_task scheduled__2026-03-25T10:00:00+00:00 [queued]>
[2026-03-27T09:50:56.996+0000] {taskinstance.py:2884} INFO - Starting attempt 1 of 1
[2026-03-27T09:50:57.034+0000] {taskinstance.py:2907} INFO - Executing <Task(SQLExecuteQueryOperator): select_data_task> on 2026-03-25 10:00:00+00:00
[2026-03-27T09:50:57.066+0000] {logging_mixin.py:190} WARNING - /home/***/.local/lib/python3.12/site-packages/***/task/task_runner/standard_task_runner.py:70 DeprecationWarning: This process (pid=472) is multi-threaded, use of fork() may lead to deadlocks in the child.
[2026-03-27T09:50:57.070+0000] {standard_task_runner.py:72} INFO - Started process 489 to run task
[2026-03-27T09:50:57.068+0000] {standard_task_runner.py:104} INFO - Running: ['***', 'tasks', 'run', 'dag_get_data_from_yf', 'select_data_task', 'scheduled__2026-03-25T10:00:00+00:00', '--job-id', '702', '--raw', '--subdir', 'DAGS_FOLDER/get_finance_yf_csv.py', '--cfg-path', '/tmp/tmp4a40_dza']
[2026-03-27T09:50:57.071+0000] {standard_task_runner.py:105} INFO - Job 702: Subtask select_data_task
[2026-03-27T09:50:57.212+0000] {task_command.py:467} INFO - Running <TaskInstance: dag_get_data_from_yf.select_data_task scheduled__2026-03-25T10:00:00+00:00 [running]> on host 7a865275eb00
[2026-03-27T09:50:57.383+0000] {taskinstance.py:3157} INFO - Exporting env vars: AIRFLOW_CTX_DAG_OWNER='***' AIRFLOW_CTX_DAG_ID='dag_get_data_from_yf' AIRFLOW_CTX_TASK_ID='select_data_task' AIRFLOW_CTX_EXECUTION_DATE='2026-03-25T10:00:00+00:00' AIRFLOW_CTX_TRY_NUMBER='1' AIRFLOW_CTX_DAG_RUN_ID='scheduled__2026-03-25T10:00:00+00:00'
[2026-03-27T09:50:57.385+0000] {taskinstance.py:740} INFO - ::endgroup::
[2026-03-27T09:50:57.387+0000] {sql.py:410} INFO - Executing: SELECT * FROM indonesian_stocks;
[2026-03-27T09:50:57.389+0000] {crypto.py:82} WARNING - empty cryptography key - values will not be stored encrypted.
[2026-03-27T09:50:57.389+0000] {base.py:84} INFO - Retrieving connection 'db_custom'
[2026-03-27T09:50:57.396+0000] {base.py:84} INFO - Retrieving connection 'db_custom'
[2026-03-27T09:50:57.409+0000] {sql.py:861} INFO - Running statement: SELECT * FROM indonesian_stocks;, parameters: None
[2026-03-27T09:50:57.414+0000] {sql.py:879} INFO - Rows affected: 3
[2026-03-27T09:50:57.467+0000] {taskinstance.py:349} INFO - ::group::Post task execution logs
[2026-03-27T09:50:57.467+0000] {taskinstance.py:361} INFO - Marking task as SUCCESS. dag_id=dag_get_data_from_yf, task_id=select_data_task, run_id=scheduled__2026-03-25T10:00:00+00:00, execution_date=20260325T100000, start_date=20260327T095056, end_date=20260327T095057
[2026-03-27T09:50:57.523+0000] {local_task_job_runner.py:266} INFO - Task exited with return code 0
[2026-03-27T09:50:57.562+0000] {taskinstance.py:3924} INFO - 0 downstream tasks scheduled from follow-on schedule check
[2026-03-27T09:50:57.565+0000] {local_task_job_runner.py:245} INFO - ::endgroup::
