[2026-03-09T01:59:22.229+0000] {local_task_job_runner.py:123} INFO - ::group::Pre task execution logs
[2026-03-09T01:59:22.466+0000] {taskinstance.py:2631} INFO - Dependencies all met for dep_context=non-requeueable deps ti=<TaskInstance: dag_get_data_from_yf.get_csv_high scheduled__2026-03-09T01:55:00+00:00 [queued]>
[2026-03-09T01:59:22.588+0000] {taskinstance.py:2631} INFO - Dependencies all met for dep_context=requeueable deps ti=<TaskInstance: dag_get_data_from_yf.get_csv_high scheduled__2026-03-09T01:55:00+00:00 [queued]>
[2026-03-09T01:59:22.589+0000] {taskinstance.py:2884} INFO - Starting attempt 1 of 1
[2026-03-09T01:59:22.760+0000] {taskinstance.py:2907} INFO - Executing <Task(_PythonDecoratedOperator): get_csv_high> on 2026-03-09 01:55:00+00:00
[2026-03-09T01:59:22.794+0000] {warnings.py:112} WARNING - /home/***/.local/lib/python3.12/site-packages/***/task/task_runner/standard_task_runner.py:70: DeprecationWarning: This process (pid=164) is multi-threaded, use of fork() may lead to deadlocks in the child.
  pid = os.fork()

[2026-03-09T01:59:22.799+0000] {standard_task_runner.py:72} INFO - Started process 195 to run task
[2026-03-09T01:59:22.847+0000] {standard_task_runner.py:104} INFO - Running: ['***', 'tasks', 'run', 'dag_get_data_from_yf', 'get_csv_high', 'scheduled__2026-03-09T01:55:00+00:00', '--job-id', '4612', '--raw', '--subdir', 'DAGS_FOLDER/get_finance_yf_csv.py', '--cfg-path', '/tmp/tmpwqtpw_ep']
[2026-03-09T01:59:22.853+0000] {standard_task_runner.py:105} INFO - Job 4612: Subtask get_csv_high
[2026-03-09T01:59:23.325+0000] {task_command.py:467} INFO - Running <TaskInstance: dag_get_data_from_yf.get_csv_high scheduled__2026-03-09T01:55:00+00:00 [running]> on host 0b29540d368e
[2026-03-09T01:59:25.495+0000] {taskinstance.py:3157} INFO - Exporting env vars: AIRFLOW_CTX_DAG_OWNER='***' AIRFLOW_CTX_DAG_ID='dag_get_data_from_yf' AIRFLOW_CTX_TASK_ID='get_csv_high' AIRFLOW_CTX_EXECUTION_DATE='2026-03-09T01:55:00+00:00' AIRFLOW_CTX_TRY_NUMBER='1' AIRFLOW_CTX_DAG_RUN_ID='scheduled__2026-03-09T01:55:00+00:00'
[2026-03-09T01:59:25.505+0000] {logging_mixin.py:190} INFO - Task instance is in running state
[2026-03-09T01:59:25.505+0000] {logging_mixin.py:190} INFO -  Previous state of the Task instance: queued
[2026-03-09T01:59:25.506+0000] {logging_mixin.py:190} INFO - Current task name:get_csv_high state:running start_date:2026-03-09 01:59:22.467425+00:00
[2026-03-09T01:59:25.509+0000] {logging_mixin.py:190} INFO - Dag name:dag_get_data_from_yf and current dag run status:running
[2026-03-09T01:59:25.510+0000] {taskinstance.py:740} INFO - ::endgroup::
[2026-03-09T01:59:25.633+0000] {logging_mixin.py:190} INFO - None
[2026-03-09T01:59:25.634+0000] {python.py:240} INFO - Done. Returned value was: /opt/***/scripts/saham_indonesia_high.csv
[2026-03-09T01:59:25.868+0000] {taskinstance.py:349} INFO - ::group::Post task execution logs
[2026-03-09T01:59:25.868+0000] {taskinstance.py:361} INFO - Marking task as SUCCESS. dag_id=dag_get_data_from_yf, task_id=get_csv_high, run_id=scheduled__2026-03-09T01:55:00+00:00, execution_date=20260309T015500, start_date=20260309T015922, end_date=20260309T015925
[2026-03-09T01:59:26.061+0000] {logging_mixin.py:190} INFO - Task instance in success state
[2026-03-09T01:59:26.062+0000] {logging_mixin.py:190} INFO -  Previous state of the Task instance: running
[2026-03-09T01:59:26.065+0000] {logging_mixin.py:190} INFO - Dag name:dag_get_data_from_yf queued_at:2026-03-09 01:58:34.760392+00:00
[2026-03-09T01:59:26.066+0000] {logging_mixin.py:190} INFO - Task hostname:0b29540d368e operator:_PythonDecoratedOperator
[2026-03-09T01:59:26.198+0000] {local_task_job_runner.py:266} INFO - Task exited with return code 0
[2026-03-09T01:59:26.256+0000] {local_task_job_runner.py:245} INFO - ::endgroup::
