[2026-03-15T09:54:20.915+0000] {local_task_job_runner.py:123} INFO - ::group::Pre task execution logs
[2026-03-15T09:54:21.056+0000] {taskinstance.py:2631} INFO - Dependencies all met for dep_context=non-requeueable deps ti=<TaskInstance: dag_get_data_from_yf.write_db scheduled__2026-03-05T00:00:00+00:00 [queued]>
[2026-03-15T09:54:21.098+0000] {taskinstance.py:2631} INFO - Dependencies all met for dep_context=requeueable deps ti=<TaskInstance: dag_get_data_from_yf.write_db scheduled__2026-03-05T00:00:00+00:00 [queued]>
[2026-03-15T09:54:21.099+0000] {taskinstance.py:2884} INFO - Starting attempt 1 of 1
[2026-03-15T09:54:21.165+0000] {taskinstance.py:2907} INFO - Executing <Task(_PythonDecoratedOperator): write_db> on 2026-03-05 00:00:00+00:00
[2026-03-15T09:54:21.192+0000] {warnings.py:112} WARNING - /home/***/.local/lib/python3.12/site-packages/***/task/task_runner/standard_task_runner.py:70: DeprecationWarning: This process (pid=1091) is multi-threaded, use of fork() may lead to deadlocks in the child.
  pid = os.fork()

[2026-03-15T09:54:21.206+0000] {standard_task_runner.py:72} INFO - Started process 1129 to run task
[2026-03-15T09:54:21.217+0000] {standard_task_runner.py:104} INFO - Running: ['***', 'tasks', 'run', 'dag_get_data_from_yf', 'write_db', 'scheduled__2026-03-05T00:00:00+00:00', '--job-id', '90', '--raw', '--subdir', 'DAGS_FOLDER/get_finance_yf_csv.py', '--cfg-path', '/tmp/tmpy1_w_rph']
[2026-03-15T09:54:21.219+0000] {standard_task_runner.py:105} INFO - Job 90: Subtask write_db
[2026-03-15T09:54:21.636+0000] {task_command.py:467} INFO - Running <TaskInstance: dag_get_data_from_yf.write_db scheduled__2026-03-05T00:00:00+00:00 [running]> on host 8c556da65e50
[2026-03-15T09:54:22.604+0000] {taskinstance.py:3157} INFO - Exporting env vars: AIRFLOW_CTX_DAG_OWNER='***' AIRFLOW_CTX_DAG_ID='dag_get_data_from_yf' AIRFLOW_CTX_TASK_ID='write_db' AIRFLOW_CTX_EXECUTION_DATE='2026-03-05T00:00:00+00:00' AIRFLOW_CTX_TRY_NUMBER='1' AIRFLOW_CTX_DAG_RUN_ID='scheduled__2026-03-05T00:00:00+00:00'
[2026-03-15T09:54:22.607+0000] {logging_mixin.py:190} INFO - Task instance is in running state
[2026-03-15T09:54:22.608+0000] {logging_mixin.py:190} INFO -  Previous state of the Task instance: queued
[2026-03-15T09:54:22.609+0000] {logging_mixin.py:190} INFO - Current task name:write_db state:running start_date:2026-03-15 09:54:21.059489+00:00
[2026-03-15T09:54:22.609+0000] {logging_mixin.py:190} INFO - Dag name:dag_get_data_from_yf and current dag run status:running
[2026-03-15T09:54:22.611+0000] {taskinstance.py:740} INFO - ::endgroup::
[2026-03-15T09:54:22.613+0000] {python.py:240} INFO - Done. Returned value was: None
[2026-03-15T09:54:22.707+0000] {taskinstance.py:349} INFO - ::group::Post task execution logs
[2026-03-15T09:54:22.709+0000] {taskinstance.py:361} INFO - Marking task as SUCCESS. dag_id=dag_get_data_from_yf, task_id=write_db, run_id=scheduled__2026-03-05T00:00:00+00:00, execution_date=20260305T000000, start_date=20260315T095421, end_date=20260315T095422
[2026-03-15T09:54:22.927+0000] {logging_mixin.py:190} INFO - Task instance in success state
[2026-03-15T09:54:22.927+0000] {logging_mixin.py:190} INFO -  Previous state of the Task instance: running
[2026-03-15T09:54:22.928+0000] {logging_mixin.py:190} INFO - Dag name:dag_get_data_from_yf queued_at:2026-03-15 09:40:30.521600+00:00
[2026-03-15T09:54:22.928+0000] {logging_mixin.py:190} INFO - Task hostname:8c556da65e50 operator:_PythonDecoratedOperator
[2026-03-15T09:54:23.012+0000] {local_task_job_runner.py:266} INFO - Task exited with return code 0
[2026-03-15T09:54:23.342+0000] {taskinstance.py:3924} INFO - 1 downstream tasks scheduled from follow-on schedule check
[2026-03-15T09:54:23.377+0000] {local_task_job_runner.py:245} INFO - ::endgroup::
[2026-03-15T12:02:49.182+0000] {local_task_job_runner.py:123} INFO - ::group::Pre task execution logs
[2026-03-15T12:02:49.249+0000] {taskinstance.py:2631} INFO - Dependencies all met for dep_context=non-requeueable deps ti=<TaskInstance: dag_get_data_from_yf.write_db scheduled__2026-03-05T00:00:00+00:00 [queued]>
[2026-03-15T12:02:49.276+0000] {taskinstance.py:2631} INFO - Dependencies all met for dep_context=requeueable deps ti=<TaskInstance: dag_get_data_from_yf.write_db scheduled__2026-03-05T00:00:00+00:00 [queued]>
[2026-03-15T12:02:49.276+0000] {taskinstance.py:2884} INFO - Starting attempt 1 of 1
[2026-03-15T12:02:49.311+0000] {taskinstance.py:2907} INFO - Executing <Task(_PythonDecoratedOperator): write_db> on 2026-03-05 00:00:00+00:00
[2026-03-15T12:02:49.359+0000] {warnings.py:112} WARNING - /home/***/.local/lib/python3.12/site-packages/***/task/task_runner/standard_task_runner.py:70: DeprecationWarning: This process (pid=2099) is multi-threaded, use of fork() may lead to deadlocks in the child.
  pid = os.fork()

[2026-03-15T12:02:49.363+0000] {standard_task_runner.py:72} INFO - Started process 2113 to run task
[2026-03-15T12:02:49.367+0000] {standard_task_runner.py:104} INFO - Running: ['***', 'tasks', 'run', 'dag_get_data_from_yf', 'write_db', 'scheduled__2026-03-05T00:00:00+00:00', '--job-id', '156', '--raw', '--subdir', 'DAGS_FOLDER/get_finance_yf_csv.py', '--cfg-path', '/tmp/tmp_vixx8lg']
[2026-03-15T12:02:49.384+0000] {standard_task_runner.py:105} INFO - Job 156: Subtask write_db
[2026-03-15T12:02:49.596+0000] {task_command.py:467} INFO - Running <TaskInstance: dag_get_data_from_yf.write_db scheduled__2026-03-05T00:00:00+00:00 [running]> on host 0682dd67c20c
[2026-03-15T12:02:50.094+0000] {taskinstance.py:3157} INFO - Exporting env vars: AIRFLOW_CTX_DAG_OWNER='***' AIRFLOW_CTX_DAG_ID='dag_get_data_from_yf' AIRFLOW_CTX_TASK_ID='write_db' AIRFLOW_CTX_EXECUTION_DATE='2026-03-05T00:00:00+00:00' AIRFLOW_CTX_TRY_NUMBER='1' AIRFLOW_CTX_DAG_RUN_ID='scheduled__2026-03-05T00:00:00+00:00'
[2026-03-15T12:02:50.104+0000] {logging_mixin.py:190} INFO - Task instance is in running state
[2026-03-15T12:02:50.108+0000] {logging_mixin.py:190} INFO -  Previous state of the Task instance: queued
[2026-03-15T12:02:50.114+0000] {logging_mixin.py:190} INFO - Current task name:write_db state:running start_date:2026-03-15 12:02:49.250182+00:00
[2026-03-15T12:02:50.115+0000] {logging_mixin.py:190} INFO - Dag name:dag_get_data_from_yf and current dag run status:running
[2026-03-15T12:02:50.115+0000] {taskinstance.py:740} INFO - ::endgroup::
[2026-03-15T12:02:50.135+0000] {python.py:240} INFO - Done. Returned value was: None
[2026-03-15T12:02:50.234+0000] {taskinstance.py:349} INFO - ::group::Post task execution logs
[2026-03-15T12:02:50.235+0000] {taskinstance.py:361} INFO - Marking task as SUCCESS. dag_id=dag_get_data_from_yf, task_id=write_db, run_id=scheduled__2026-03-05T00:00:00+00:00, execution_date=20260305T000000, start_date=20260315T120249, end_date=20260315T120250
[2026-03-15T12:02:50.365+0000] {logging_mixin.py:190} INFO - Task instance in success state
[2026-03-15T12:02:50.366+0000] {logging_mixin.py:190} INFO -  Previous state of the Task instance: running
[2026-03-15T12:02:50.367+0000] {logging_mixin.py:190} INFO - Dag name:dag_get_data_from_yf queued_at:2026-03-15 11:58:14.684915+00:00
[2026-03-15T12:02:50.367+0000] {logging_mixin.py:190} INFO - Task hostname:0682dd67c20c operator:_PythonDecoratedOperator
[2026-03-15T12:02:50.393+0000] {local_task_job_runner.py:266} INFO - Task exited with return code 0
[2026-03-15T12:02:50.517+0000] {taskinstance.py:3924} INFO - 1 downstream tasks scheduled from follow-on schedule check
[2026-03-15T12:02:50.522+0000] {local_task_job_runner.py:245} INFO - ::endgroup::
[2026-03-15T12:14:49.812+0000] {local_task_job_runner.py:123} INFO - ::group::Pre task execution logs
[2026-03-15T12:14:49.964+0000] {taskinstance.py:2631} INFO - Dependencies all met for dep_context=non-requeueable deps ti=<TaskInstance: dag_get_data_from_yf.write_db scheduled__2026-03-05T00:00:00+00:00 [queued]>
[2026-03-15T12:14:49.989+0000] {taskinstance.py:2631} INFO - Dependencies all met for dep_context=requeueable deps ti=<TaskInstance: dag_get_data_from_yf.write_db scheduled__2026-03-05T00:00:00+00:00 [queued]>
[2026-03-15T12:14:49.990+0000] {taskinstance.py:2884} INFO - Starting attempt 1 of 1
[2026-03-15T12:14:50.023+0000] {taskinstance.py:2907} INFO - Executing <Task(_PythonDecoratedOperator): write_db> on 2026-03-05 00:00:00+00:00
[2026-03-15T12:14:50.074+0000] {warnings.py:112} WARNING - /home/***/.local/lib/python3.12/site-packages/***/task/task_runner/standard_task_runner.py:70: DeprecationWarning: This process (pid=3157) is multi-threaded, use of fork() may lead to deadlocks in the child.
  pid = os.fork()

[2026-03-15T12:14:50.078+0000] {standard_task_runner.py:72} INFO - Started process 3211 to run task
[2026-03-15T12:14:50.154+0000] {standard_task_runner.py:104} INFO - Running: ['***', 'tasks', 'run', 'dag_get_data_from_yf', 'write_db', 'scheduled__2026-03-05T00:00:00+00:00', '--job-id', '253', '--raw', '--subdir', 'DAGS_FOLDER/get_finance_yf_csv.py', '--cfg-path', '/tmp/tmpb1eg05vg']
[2026-03-15T12:14:50.187+0000] {standard_task_runner.py:105} INFO - Job 253: Subtask write_db
[2026-03-15T12:14:50.688+0000] {task_command.py:467} INFO - Running <TaskInstance: dag_get_data_from_yf.write_db scheduled__2026-03-05T00:00:00+00:00 [running]> on host 0682dd67c20c
[2026-03-15T12:14:52.045+0000] {taskinstance.py:3157} INFO - Exporting env vars: AIRFLOW_CTX_DAG_OWNER='***' AIRFLOW_CTX_DAG_ID='dag_get_data_from_yf' AIRFLOW_CTX_TASK_ID='write_db' AIRFLOW_CTX_EXECUTION_DATE='2026-03-05T00:00:00+00:00' AIRFLOW_CTX_TRY_NUMBER='1' AIRFLOW_CTX_DAG_RUN_ID='scheduled__2026-03-05T00:00:00+00:00'
[2026-03-15T12:14:52.049+0000] {logging_mixin.py:190} INFO - Task instance is in running state
[2026-03-15T12:14:52.060+0000] {logging_mixin.py:190} INFO -  Previous state of the Task instance: queued
[2026-03-15T12:14:52.061+0000] {logging_mixin.py:190} INFO - Current task name:write_db state:running start_date:2026-03-15 12:14:49.965138+00:00
[2026-03-15T12:14:52.062+0000] {logging_mixin.py:190} INFO - Dag name:dag_get_data_from_yf and current dag run status:running
[2026-03-15T12:14:52.063+0000] {taskinstance.py:740} INFO - ::endgroup::
[2026-03-15T12:14:52.066+0000] {python.py:240} INFO - Done. Returned value was: None
[2026-03-15T12:14:52.199+0000] {taskinstance.py:349} INFO - ::group::Post task execution logs
[2026-03-15T12:14:52.201+0000] {taskinstance.py:361} INFO - Marking task as SUCCESS. dag_id=dag_get_data_from_yf, task_id=write_db, run_id=scheduled__2026-03-05T00:00:00+00:00, execution_date=20260305T000000, start_date=20260315T121449, end_date=20260315T121452
[2026-03-15T12:14:52.343+0000] {logging_mixin.py:190} INFO - Task instance in success state
[2026-03-15T12:14:52.350+0000] {logging_mixin.py:190} INFO -  Previous state of the Task instance: running
[2026-03-15T12:14:52.356+0000] {logging_mixin.py:190} INFO - Dag name:dag_get_data_from_yf queued_at:2026-03-15 12:05:14.994359+00:00
[2026-03-15T12:14:52.360+0000] {logging_mixin.py:190} INFO - Task hostname:0682dd67c20c operator:_PythonDecoratedOperator
[2026-03-15T12:14:52.399+0000] {local_task_job_runner.py:266} INFO - Task exited with return code 0
[2026-03-15T12:14:52.631+0000] {taskinstance.py:3924} INFO - 1 downstream tasks scheduled from follow-on schedule check
[2026-03-15T12:14:52.639+0000] {local_task_job_runner.py:245} INFO - ::endgroup::
[2026-03-15T15:25:52.289+0000] {local_task_job_runner.py:123} INFO - ::group::Pre task execution logs
[2026-03-15T15:25:52.686+0000] {taskinstance.py:2631} INFO - Dependencies all met for dep_context=non-requeueable deps ti=<TaskInstance: dag_get_data_from_yf.write_db scheduled__2026-03-05T00:00:00+00:00 [queued]>
[2026-03-15T15:25:52.833+0000] {taskinstance.py:2631} INFO - Dependencies all met for dep_context=requeueable deps ti=<TaskInstance: dag_get_data_from_yf.write_db scheduled__2026-03-05T00:00:00+00:00 [queued]>
[2026-03-15T15:25:52.853+0000] {taskinstance.py:2884} INFO - Starting attempt 1 of 1
[2026-03-15T15:25:52.966+0000] {taskinstance.py:2907} INFO - Executing <Task(_PythonDecoratedOperator): write_db> on 2026-03-05 00:00:00+00:00
[2026-03-15T15:25:53.164+0000] {standard_task_runner.py:104} INFO - Running: ['***', 'tasks', 'run', 'dag_get_data_from_yf', 'write_db', 'scheduled__2026-03-05T00:00:00+00:00', '--job-id', '499', '--raw', '--subdir', 'DAGS_FOLDER/get_finance_yf_csv.py', '--cfg-path', '/tmp/tmpwgsu4r7s']
[2026-03-15T15:25:53.167+0000] {standard_task_runner.py:105} INFO - Job 499: Subtask write_db
[2026-03-15T15:25:53.119+0000] {warnings.py:112} WARNING - /home/***/.local/lib/python3.12/site-packages/***/task/task_runner/standard_task_runner.py:70: DeprecationWarning: This process (pid=1161) is multi-threaded, use of fork() may lead to deadlocks in the child.
  pid = os.fork()

[2026-03-15T15:25:53.233+0000] {standard_task_runner.py:72} INFO - Started process 1218 to run task
[2026-03-15T15:25:53.637+0000] {task_command.py:467} INFO - Running <TaskInstance: dag_get_data_from_yf.write_db scheduled__2026-03-05T00:00:00+00:00 [running]> on host c2f7721b6bb3
[2026-03-15T15:25:54.445+0000] {taskinstance.py:3157} INFO - Exporting env vars: AIRFLOW_CTX_DAG_OWNER='***' AIRFLOW_CTX_DAG_ID='dag_get_data_from_yf' AIRFLOW_CTX_TASK_ID='write_db' AIRFLOW_CTX_EXECUTION_DATE='2026-03-05T00:00:00+00:00' AIRFLOW_CTX_TRY_NUMBER='1' AIRFLOW_CTX_DAG_RUN_ID='scheduled__2026-03-05T00:00:00+00:00'
[2026-03-15T15:25:54.449+0000] {logging_mixin.py:190} INFO - Task instance is in running state
[2026-03-15T15:25:54.450+0000] {logging_mixin.py:190} INFO -  Previous state of the Task instance: queued
[2026-03-15T15:25:54.450+0000] {logging_mixin.py:190} INFO - Current task name:write_db state:running start_date:2026-03-15 15:25:52.688278+00:00
[2026-03-15T15:25:54.451+0000] {logging_mixin.py:190} INFO - Dag name:dag_get_data_from_yf and current dag run status:running
[2026-03-15T15:25:54.451+0000] {taskinstance.py:740} INFO - ::endgroup::
[2026-03-15T15:25:54.465+0000] {python.py:240} INFO - Done. Returned value was: None
[2026-03-15T15:25:54.580+0000] {taskinstance.py:349} INFO - ::group::Post task execution logs
[2026-03-15T15:25:54.581+0000] {taskinstance.py:361} INFO - Marking task as SUCCESS. dag_id=dag_get_data_from_yf, task_id=write_db, run_id=scheduled__2026-03-05T00:00:00+00:00, execution_date=20260305T000000, start_date=20260315T152552, end_date=20260315T152554
[2026-03-15T15:25:54.842+0000] {logging_mixin.py:190} INFO - Task instance in success state
[2026-03-15T15:25:54.843+0000] {logging_mixin.py:190} INFO -  Previous state of the Task instance: running
[2026-03-15T15:25:54.844+0000] {logging_mixin.py:190} INFO - Dag name:dag_get_data_from_yf queued_at:2026-03-15 15:18:38.123695+00:00
[2026-03-15T15:25:54.844+0000] {logging_mixin.py:190} INFO - Task hostname:c2f7721b6bb3 operator:_PythonDecoratedOperator
[2026-03-15T15:25:54.901+0000] {local_task_job_runner.py:266} INFO - Task exited with return code 0
[2026-03-15T15:25:54.991+0000] {local_task_job_runner.py:245} INFO - ::endgroup::
[2026-03-15T16:23:03.567+0000] {local_task_job_runner.py:123} INFO - ::group::Pre task execution logs
[2026-03-15T16:23:03.683+0000] {taskinstance.py:2631} INFO - Dependencies all met for dep_context=non-requeueable deps ti=<TaskInstance: dag_get_data_from_yf.write_db scheduled__2026-03-05T00:00:00+00:00 [queued]>
[2026-03-15T16:23:03.717+0000] {taskinstance.py:2631} INFO - Dependencies all met for dep_context=requeueable deps ti=<TaskInstance: dag_get_data_from_yf.write_db scheduled__2026-03-05T00:00:00+00:00 [queued]>
[2026-03-15T16:23:03.718+0000] {taskinstance.py:2884} INFO - Starting attempt 1 of 1
[2026-03-15T16:23:03.786+0000] {taskinstance.py:2907} INFO - Executing <Task(_PythonDecoratedOperator): write_db> on 2026-03-05 00:00:00+00:00
[2026-03-15T16:23:03.812+0000] {warnings.py:112} WARNING - /home/***/.local/lib/python3.12/site-packages/***/task/task_runner/standard_task_runner.py:70: DeprecationWarning: This process (pid=2982) is multi-threaded, use of fork() may lead to deadlocks in the child.
  pid = os.fork()

[2026-03-15T16:23:03.817+0000] {standard_task_runner.py:72} INFO - Started process 3039 to run task
[2026-03-15T16:23:03.832+0000] {standard_task_runner.py:104} INFO - Running: ['***', 'tasks', 'run', 'dag_get_data_from_yf', 'write_db', 'scheduled__2026-03-05T00:00:00+00:00', '--job-id', '626', '--raw', '--subdir', 'DAGS_FOLDER/get_finance_yf_csv.py', '--cfg-path', '/tmp/tmptb41hqm9']
[2026-03-15T16:23:03.836+0000] {standard_task_runner.py:105} INFO - Job 626: Subtask write_db
[2026-03-15T16:23:04.660+0000] {task_command.py:467} INFO - Running <TaskInstance: dag_get_data_from_yf.write_db scheduled__2026-03-05T00:00:00+00:00 [running]> on host c2f7721b6bb3
[2026-03-15T16:23:05.695+0000] {taskinstance.py:3157} INFO - Exporting env vars: AIRFLOW_CTX_DAG_OWNER='***' AIRFLOW_CTX_DAG_ID='dag_get_data_from_yf' AIRFLOW_CTX_TASK_ID='write_db' AIRFLOW_CTX_EXECUTION_DATE='2026-03-05T00:00:00+00:00' AIRFLOW_CTX_TRY_NUMBER='1' AIRFLOW_CTX_DAG_RUN_ID='scheduled__2026-03-05T00:00:00+00:00'
[2026-03-15T16:23:05.698+0000] {logging_mixin.py:190} INFO - Task instance is in running state
[2026-03-15T16:23:05.699+0000] {logging_mixin.py:190} INFO -  Previous state of the Task instance: queued
[2026-03-15T16:23:05.708+0000] {logging_mixin.py:190} INFO - Current task name:write_db state:running start_date:2026-03-15 16:23:03.684350+00:00
[2026-03-15T16:23:05.718+0000] {logging_mixin.py:190} INFO - Dag name:dag_get_data_from_yf and current dag run status:running
[2026-03-15T16:23:05.719+0000] {taskinstance.py:740} INFO - ::endgroup::
[2026-03-15T16:23:05.893+0000] {base.py:84} INFO - Retrieving connection 'db_custom'
[2026-03-15T16:23:06.004+0000] {logging_mixin.py:190} INFO - Transaksi berhasil di-commit.
[2026-03-15T16:23:06.010+0000] {python.py:240} INFO - Done. Returned value was: None
[2026-03-15T16:23:06.114+0000] {taskinstance.py:349} INFO - ::group::Post task execution logs
[2026-03-15T16:23:06.115+0000] {taskinstance.py:361} INFO - Marking task as SUCCESS. dag_id=dag_get_data_from_yf, task_id=write_db, run_id=scheduled__2026-03-05T00:00:00+00:00, execution_date=20260305T000000, start_date=20260315T162303, end_date=20260315T162306
[2026-03-15T16:23:06.262+0000] {logging_mixin.py:190} INFO - Task instance in success state
[2026-03-15T16:23:06.264+0000] {logging_mixin.py:190} INFO -  Previous state of the Task instance: running
[2026-03-15T16:23:06.273+0000] {logging_mixin.py:190} INFO - Dag name:dag_get_data_from_yf queued_at:2026-03-15 16:14:38.820677+00:00
[2026-03-15T16:23:06.274+0000] {logging_mixin.py:190} INFO - Task hostname:c2f7721b6bb3 operator:_PythonDecoratedOperator
[2026-03-15T16:23:06.414+0000] {local_task_job_runner.py:266} INFO - Task exited with return code 0
[2026-03-15T16:23:06.506+0000] {local_task_job_runner.py:245} INFO - ::endgroup::
[2026-03-16T05:55:37.922+0000] {local_task_job_runner.py:123} INFO - ::group::Pre task execution logs
[2026-03-16T05:55:38.127+0000] {taskinstance.py:2631} INFO - Dependencies all met for dep_context=non-requeueable deps ti=<TaskInstance: dag_get_data_from_yf.write_db scheduled__2026-03-05T00:00:00+00:00 [queued]>
[2026-03-16T05:55:38.188+0000] {taskinstance.py:2631} INFO - Dependencies all met for dep_context=requeueable deps ti=<TaskInstance: dag_get_data_from_yf.write_db scheduled__2026-03-05T00:00:00+00:00 [queued]>
[2026-03-16T05:55:38.213+0000] {taskinstance.py:2884} INFO - Starting attempt 1 of 1
[2026-03-16T05:55:38.632+0000] {taskinstance.py:2907} INFO - Executing <Task(_PythonDecoratedOperator): write_db> on 2026-03-05 00:00:00+00:00
[2026-03-16T05:55:38.665+0000] {warnings.py:112} WARNING - /home/***/.local/lib/python3.12/site-packages/***/task/task_runner/standard_task_runner.py:70: DeprecationWarning: This process (pid=2496) is multi-threaded, use of fork() may lead to deadlocks in the child.
  pid = os.fork()

[2026-03-16T05:55:38.669+0000] {standard_task_runner.py:72} INFO - Started process 2533 to run task
[2026-03-16T05:55:38.681+0000] {standard_task_runner.py:104} INFO - Running: ['***', 'tasks', 'run', 'dag_get_data_from_yf', 'write_db', 'scheduled__2026-03-05T00:00:00+00:00', '--job-id', '861', '--raw', '--subdir', 'DAGS_FOLDER/get_finance_yf_csv.py', '--cfg-path', '/tmp/tmpoi5rjwg1']
[2026-03-16T05:55:38.683+0000] {standard_task_runner.py:105} INFO - Job 861: Subtask write_db
[2026-03-16T05:55:38.961+0000] {task_command.py:467} INFO - Running <TaskInstance: dag_get_data_from_yf.write_db scheduled__2026-03-05T00:00:00+00:00 [running]> on host 662456f34d26
[2026-03-16T05:55:39.257+0000] {taskinstance.py:3157} INFO - Exporting env vars: AIRFLOW_CTX_DAG_OWNER='***' AIRFLOW_CTX_DAG_ID='dag_get_data_from_yf' AIRFLOW_CTX_TASK_ID='write_db' AIRFLOW_CTX_EXECUTION_DATE='2026-03-05T00:00:00+00:00' AIRFLOW_CTX_TRY_NUMBER='1' AIRFLOW_CTX_DAG_RUN_ID='scheduled__2026-03-05T00:00:00+00:00'
[2026-03-16T05:55:39.265+0000] {logging_mixin.py:190} INFO - Task instance is in running state
[2026-03-16T05:55:39.269+0000] {logging_mixin.py:190} INFO -  Previous state of the Task instance: queued
[2026-03-16T05:55:39.282+0000] {logging_mixin.py:190} INFO - Current task name:write_db state:running start_date:2026-03-16 05:55:38.135933+00:00
[2026-03-16T05:55:39.288+0000] {logging_mixin.py:190} INFO - Dag name:dag_get_data_from_yf and current dag run status:running
[2026-03-16T05:55:39.292+0000] {taskinstance.py:740} INFO - ::endgroup::
[2026-03-16T05:55:39.330+0000] {base.py:84} INFO - Retrieving connection 'db_custom'
[2026-03-16T05:55:39.352+0000] {logging_mixin.py:190} INFO - Terjadi kesalahan, transaksi di-rollback: syntax error at or near ")"
LINE 1: ..., high, low, open, inserted_at_timestamp) VALUES (), (), ();...
                                                             ^
[2026-03-16T05:55:39.359+0000] {logging_mixin.py:190} INFO - koneksi ditutup
[2026-03-16T05:55:39.360+0000] {taskinstance.py:3336} ERROR - Task failed with exception
Traceback (most recent call last):
  File "/home/airflow/.local/lib/python3.12/site-packages/airflow/models/taskinstance.py", line 776, in _execute_task
    result = _execute_callable(context=context, **execute_callable_kwargs)
             ^^^^^^^^^^^^^^^^^^^^^^^^^^^^^^^^^^^^^^^^^^^^^^^^^^^^^^^^^^^^^
  File "/home/airflow/.local/lib/python3.12/site-packages/airflow/models/taskinstance.py", line 742, in _execute_callable
    return ExecutionCallableRunner(
           ^^^^^^^^^^^^^^^^^^^^^^^^
  File "/home/airflow/.local/lib/python3.12/site-packages/airflow/utils/operator_helpers.py", line 252, in run
    return self.func(*args, **kwargs)
           ^^^^^^^^^^^^^^^^^^^^^^^^^^
  File "/home/airflow/.local/lib/python3.12/site-packages/airflow/models/baseoperator.py", line 425, in wrapper
    return func(self, *args, **kwargs)
           ^^^^^^^^^^^^^^^^^^^^^^^^^^^
  File "/home/airflow/.local/lib/python3.12/site-packages/airflow/decorators/base.py", line 266, in execute
    return_value = super().execute(context)
                   ^^^^^^^^^^^^^^^^^^^^^^^^
  File "/home/airflow/.local/lib/python3.12/site-packages/airflow/models/baseoperator.py", line 425, in wrapper
    return func(self, *args, **kwargs)
           ^^^^^^^^^^^^^^^^^^^^^^^^^^^
  File "/home/airflow/.local/lib/python3.12/site-packages/airflow/operators/python.py", line 238, in execute
    return_value = self.execute_callable()
                   ^^^^^^^^^^^^^^^^^^^^^^^
  File "/home/airflow/.local/lib/python3.12/site-packages/airflow/operators/python.py", line 256, in execute_callable
    return runner.run(*self.op_args, **self.op_kwargs)
           ^^^^^^^^^^^^^^^^^^^^^^^^^^^^^^^^^^^^^^^^^^^
  File "/home/airflow/.local/lib/python3.12/site-packages/airflow/utils/operator_helpers.py", line 252, in run
    return self.func(*args, **kwargs)
           ^^^^^^^^^^^^^^^^^^^^^^^^^^
  File "/opt/airflow/dags/get_finance_yf_csv.py", line 235, in write_db
    raise e  # lempar error agar task Airflow ditandai 'Failed'
    ^^^^^^^
  File "/opt/airflow/dags/get_finance_yf_csv.py", line 228, in write_db
    cursor.execute(query_insert)
psycopg2.errors.SyntaxError: syntax error at or near ")"
LINE 1: ..., high, low, open, inserted_at_timestamp) VALUES (), (), ();...
                                                             ^

[2026-03-16T05:55:39.397+0000] {logging_mixin.py:190} INFO - Task instance in failure state
[2026-03-16T05:55:39.397+0000] {logging_mixin.py:190} INFO - Task start:2026-03-16 05:55:38.135933+00:00 end:2026-03-16 05:55:39.396140+00:00 duration:1.260207
[2026-03-16T05:55:39.398+0000] {logging_mixin.py:190} INFO - Task:<Task(_PythonDecoratedOperator): write_db> dag:<DAG: dag_get_data_from_yf> dagrun:<DagRun dag_get_data_from_yf @ 2026-03-05 00:00:00+00:00: scheduled__2026-03-05T00:00:00+00:00, state:running, queued_at: 2026-03-16 04:41:04.955155+00:00. externally triggered: False>
[2026-03-16T05:55:39.398+0000] {logging_mixin.py:190} INFO - Failure caused by syntax error at or near ")"
LINE 1: ..., high, low, open, inserted_at_timestamp) VALUES (), (), ();...
                                                             ^
[2026-03-16T05:55:39.399+0000] {taskinstance.py:1242} INFO - Marking task as FAILED. dag_id=dag_get_data_from_yf, task_id=write_db, run_id=scheduled__2026-03-05T00:00:00+00:00, execution_date=20260305T000000, start_date=20260316T055538, end_date=20260316T055539
[2026-03-16T05:55:39.521+0000] {taskinstance.py:349} INFO - ::group::Post task execution logs
[2026-03-16T05:55:39.546+0000] {standard_task_runner.py:124} ERROR - Failed to execute job 861 for task write_db (syntax error at or near ")"
LINE 1: ..., high, low, open, inserted_at_timestamp) VALUES (), (), ();...
                                                             ^
; 2533)
Traceback (most recent call last):
  File "/home/airflow/.local/lib/python3.12/site-packages/airflow/task/task_runner/standard_task_runner.py", line 117, in _start_by_fork
    ret = args.func(args, dag=self.dag)
          ^^^^^^^^^^^^^^^^^^^^^^^^^^^^^
  File "/home/airflow/.local/lib/python3.12/site-packages/airflow/cli/cli_config.py", line 49, in command
    return func(*args, **kwargs)
           ^^^^^^^^^^^^^^^^^^^^^
  File "/home/airflow/.local/lib/python3.12/site-packages/airflow/utils/cli.py", line 116, in wrapper
    return f(*args, **kwargs)
           ^^^^^^^^^^^^^^^^^^
  File "/home/airflow/.local/lib/python3.12/site-packages/airflow/cli/commands/task_command.py", line 483, in task_run
    task_return_code = _run_task_by_selected_method(args, _dag, ti)
                       ^^^^^^^^^^^^^^^^^^^^^^^^^^^^^^^^^^^^^^^^^^^^
  File "/home/airflow/.local/lib/python3.12/site-packages/airflow/cli/commands/task_command.py", line 256, in _run_task_by_selected_method
    return _run_raw_task(args, ti)
           ^^^^^^^^^^^^^^^^^^^^^^^
  File "/home/airflow/.local/lib/python3.12/site-packages/airflow/cli/commands/task_command.py", line 341, in _run_raw_task
    return ti._run_raw_task(
           ^^^^^^^^^^^^^^^^^
  File "/home/airflow/.local/lib/python3.12/site-packages/airflow/utils/session.py", line 97, in wrapper
    return func(*args, session=session, **kwargs)
           ^^^^^^^^^^^^^^^^^^^^^^^^^^^^^^^^^^^^^^
  File "/home/airflow/.local/lib/python3.12/site-packages/airflow/models/taskinstance.py", line 3029, in _run_raw_task
    return _run_raw_task(
           ^^^^^^^^^^^^^^
  File "/home/airflow/.local/lib/python3.12/site-packages/airflow/models/taskinstance.py", line 282, in _run_raw_task
    TaskInstance._execute_task_with_callbacks(
  File "/home/airflow/.local/lib/python3.12/site-packages/airflow/models/taskinstance.py", line 3184, in _execute_task_with_callbacks
    result = self._execute_task(context, task_orig)
             ^^^^^^^^^^^^^^^^^^^^^^^^^^^^^^^^^^^^^^
  File "/home/airflow/.local/lib/python3.12/site-packages/airflow/models/taskinstance.py", line 3208, in _execute_task
    return _execute_task(self, context, task_orig)
           ^^^^^^^^^^^^^^^^^^^^^^^^^^^^^^^^^^^^^^^
  File "/home/airflow/.local/lib/python3.12/site-packages/airflow/models/taskinstance.py", line 776, in _execute_task
    result = _execute_callable(context=context, **execute_callable_kwargs)
             ^^^^^^^^^^^^^^^^^^^^^^^^^^^^^^^^^^^^^^^^^^^^^^^^^^^^^^^^^^^^^
  File "/home/airflow/.local/lib/python3.12/site-packages/airflow/models/taskinstance.py", line 742, in _execute_callable
    return ExecutionCallableRunner(
           ^^^^^^^^^^^^^^^^^^^^^^^^
  File "/home/airflow/.local/lib/python3.12/site-packages/airflow/utils/operator_helpers.py", line 252, in run
    return self.func(*args, **kwargs)
           ^^^^^^^^^^^^^^^^^^^^^^^^^^
  File "/home/airflow/.local/lib/python3.12/site-packages/airflow/models/baseoperator.py", line 425, in wrapper
    return func(self, *args, **kwargs)
           ^^^^^^^^^^^^^^^^^^^^^^^^^^^
  File "/home/airflow/.local/lib/python3.12/site-packages/airflow/decorators/base.py", line 266, in execute
    return_value = super().execute(context)
                   ^^^^^^^^^^^^^^^^^^^^^^^^
  File "/home/airflow/.local/lib/python3.12/site-packages/airflow/models/baseoperator.py", line 425, in wrapper
    return func(self, *args, **kwargs)
           ^^^^^^^^^^^^^^^^^^^^^^^^^^^
  File "/home/airflow/.local/lib/python3.12/site-packages/airflow/operators/python.py", line 238, in execute
    return_value = self.execute_callable()
                   ^^^^^^^^^^^^^^^^^^^^^^^
  File "/home/airflow/.local/lib/python3.12/site-packages/airflow/operators/python.py", line 256, in execute_callable
    return runner.run(*self.op_args, **self.op_kwargs)
           ^^^^^^^^^^^^^^^^^^^^^^^^^^^^^^^^^^^^^^^^^^^
  File "/home/airflow/.local/lib/python3.12/site-packages/airflow/utils/operator_helpers.py", line 252, in run
    return self.func(*args, **kwargs)
           ^^^^^^^^^^^^^^^^^^^^^^^^^^
  File "/opt/airflow/dags/get_finance_yf_csv.py", line 235, in write_db
    raise e  # lempar error agar task Airflow ditandai 'Failed'
    ^^^^^^^
  File "/opt/airflow/dags/get_finance_yf_csv.py", line 228, in write_db
    cursor.execute(query_insert)
psycopg2.errors.SyntaxError: syntax error at or near ")"
LINE 1: ..., high, low, open, inserted_at_timestamp) VALUES (), (), ();...
                                                             ^

[2026-03-16T05:55:39.576+0000] {local_task_job_runner.py:266} INFO - Task exited with return code 1
[2026-03-16T05:55:39.656+0000] {taskinstance.py:3924} INFO - 0 downstream tasks scheduled from follow-on schedule check
[2026-03-16T05:55:39.670+0000] {local_task_job_runner.py:245} INFO - ::endgroup::
[2026-03-16T10:25:43.042+0000] {local_task_job_runner.py:123} INFO - ::group::Pre task execution logs
[2026-03-16T10:25:43.271+0000] {taskinstance.py:2631} INFO - Dependencies all met for dep_context=non-requeueable deps ti=<TaskInstance: dag_get_data_from_yf.write_db scheduled__2026-03-05T00:00:00+00:00 [queued]>
[2026-03-16T10:25:43.295+0000] {taskinstance.py:2631} INFO - Dependencies all met for dep_context=requeueable deps ti=<TaskInstance: dag_get_data_from_yf.write_db scheduled__2026-03-05T00:00:00+00:00 [queued]>
[2026-03-16T10:25:43.296+0000] {taskinstance.py:2884} INFO - Starting attempt 1 of 1
[2026-03-16T10:25:43.340+0000] {taskinstance.py:2907} INFO - Executing <Task(_PythonDecoratedOperator): write_db> on 2026-03-05 00:00:00+00:00
[2026-03-16T10:25:43.360+0000] {warnings.py:112} WARNING - /home/***/.local/lib/python3.12/site-packages/***/task/task_runner/standard_task_runner.py:70: DeprecationWarning: This process (pid=1515) is multi-threaded, use of fork() may lead to deadlocks in the child.
  pid = os.fork()

[2026-03-16T10:25:43.364+0000] {standard_task_runner.py:72} INFO - Started process 1534 to run task
[2026-03-16T10:25:43.398+0000] {standard_task_runner.py:104} INFO - Running: ['***', 'tasks', 'run', 'dag_get_data_from_yf', 'write_db', 'scheduled__2026-03-05T00:00:00+00:00', '--job-id', '1005', '--raw', '--subdir', 'DAGS_FOLDER/get_finance_yf_csv.py', '--cfg-path', '/tmp/tmparyj811y']
[2026-03-16T10:25:43.401+0000] {standard_task_runner.py:105} INFO - Job 1005: Subtask write_db
[2026-03-16T10:25:43.717+0000] {task_command.py:467} INFO - Running <TaskInstance: dag_get_data_from_yf.write_db scheduled__2026-03-05T00:00:00+00:00 [running]> on host b3714f9398e4
[2026-03-16T10:25:44.066+0000] {taskinstance.py:3157} INFO - Exporting env vars: AIRFLOW_CTX_DAG_OWNER='***' AIRFLOW_CTX_DAG_ID='dag_get_data_from_yf' AIRFLOW_CTX_TASK_ID='write_db' AIRFLOW_CTX_EXECUTION_DATE='2026-03-05T00:00:00+00:00' AIRFLOW_CTX_TRY_NUMBER='1' AIRFLOW_CTX_DAG_RUN_ID='scheduled__2026-03-05T00:00:00+00:00'
[2026-03-16T10:25:44.069+0000] {logging_mixin.py:190} INFO - Task instance is in running state
[2026-03-16T10:25:44.075+0000] {logging_mixin.py:190} INFO -  Previous state of the Task instance: queued
[2026-03-16T10:25:44.076+0000] {logging_mixin.py:190} INFO - Current task name:write_db state:running start_date:2026-03-16 10:25:43.272150+00:00
[2026-03-16T10:25:44.077+0000] {logging_mixin.py:190} INFO - Dag name:dag_get_data_from_yf and current dag run status:running
[2026-03-16T10:25:44.078+0000] {taskinstance.py:740} INFO - ::endgroup::
[2026-03-16T10:25:44.118+0000] {base.py:84} INFO - Retrieving connection 'db_custom'
[2026-03-16T10:25:44.137+0000] {logging_mixin.py:190} INFO - Terjadi kesalahan, transaksi di-rollback: name 'df' is not defined
[2026-03-16T10:25:44.142+0000] {logging_mixin.py:190} INFO - koneksi ditutup
[2026-03-16T10:25:44.143+0000] {taskinstance.py:3336} ERROR - Task failed with exception
Traceback (most recent call last):
  File "/home/airflow/.local/lib/python3.12/site-packages/airflow/models/taskinstance.py", line 776, in _execute_task
    result = _execute_callable(context=context, **execute_callable_kwargs)
             ^^^^^^^^^^^^^^^^^^^^^^^^^^^^^^^^^^^^^^^^^^^^^^^^^^^^^^^^^^^^^
  File "/home/airflow/.local/lib/python3.12/site-packages/airflow/models/taskinstance.py", line 742, in _execute_callable
    return ExecutionCallableRunner(
           ^^^^^^^^^^^^^^^^^^^^^^^^
  File "/home/airflow/.local/lib/python3.12/site-packages/airflow/utils/operator_helpers.py", line 252, in run
    return self.func(*args, **kwargs)
           ^^^^^^^^^^^^^^^^^^^^^^^^^^
  File "/home/airflow/.local/lib/python3.12/site-packages/airflow/models/baseoperator.py", line 425, in wrapper
    return func(self, *args, **kwargs)
           ^^^^^^^^^^^^^^^^^^^^^^^^^^^
  File "/home/airflow/.local/lib/python3.12/site-packages/airflow/decorators/base.py", line 266, in execute
    return_value = super().execute(context)
                   ^^^^^^^^^^^^^^^^^^^^^^^^
  File "/home/airflow/.local/lib/python3.12/site-packages/airflow/models/baseoperator.py", line 425, in wrapper
    return func(self, *args, **kwargs)
           ^^^^^^^^^^^^^^^^^^^^^^^^^^^
  File "/home/airflow/.local/lib/python3.12/site-packages/airflow/operators/python.py", line 238, in execute
    return_value = self.execute_callable()
                   ^^^^^^^^^^^^^^^^^^^^^^^
  File "/home/airflow/.local/lib/python3.12/site-packages/airflow/operators/python.py", line 256, in execute_callable
    return runner.run(*self.op_args, **self.op_kwargs)
           ^^^^^^^^^^^^^^^^^^^^^^^^^^^^^^^^^^^^^^^^^^^
  File "/home/airflow/.local/lib/python3.12/site-packages/airflow/utils/operator_helpers.py", line 252, in run
    return self.func(*args, **kwargs)
           ^^^^^^^^^^^^^^^^^^^^^^^^^^
  File "/opt/airflow/dags/get_finance_yf_csv.py", line 274, in write_db
    raise e  # lempar error agar task Airflow ditandai 'Failed'
    ^^^^^^^
  File "/opt/airflow/dags/get_finance_yf_csv.py", line 265, in write_db
    data_to_insert = df[['date', 'ticker', 'close', 'high', 'low', 'open']].values.tolist()
                     ^^
NameError: name 'df' is not defined
[2026-03-16T10:25:44.197+0000] {logging_mixin.py:190} INFO - Task instance in failure state
[2026-03-16T10:25:44.198+0000] {logging_mixin.py:190} INFO - Task start:2026-03-16 10:25:43.272150+00:00 end:2026-03-16 10:25:44.195931+00:00 duration:0.923781
[2026-03-16T10:25:44.199+0000] {logging_mixin.py:190} INFO - Task:<Task(_PythonDecoratedOperator): write_db> dag:<DAG: dag_get_data_from_yf> dagrun:<DagRun dag_get_data_from_yf @ 2026-03-05 00:00:00+00:00: scheduled__2026-03-05T00:00:00+00:00, state:running, queued_at: 2026-03-16 10:15:48.377062+00:00. externally triggered: False>
[2026-03-16T10:25:44.200+0000] {logging_mixin.py:190} INFO - Failure caused by name 'df' is not defined
[2026-03-16T10:25:44.201+0000] {taskinstance.py:1242} INFO - Marking task as FAILED. dag_id=dag_get_data_from_yf, task_id=write_db, run_id=scheduled__2026-03-05T00:00:00+00:00, execution_date=20260305T000000, start_date=20260316T102543, end_date=20260316T102544
[2026-03-16T10:25:44.325+0000] {taskinstance.py:349} INFO - ::group::Post task execution logs
[2026-03-16T10:25:44.328+0000] {standard_task_runner.py:124} ERROR - Failed to execute job 1005 for task write_db (name 'df' is not defined; 1534)
Traceback (most recent call last):
  File "/home/airflow/.local/lib/python3.12/site-packages/airflow/task/task_runner/standard_task_runner.py", line 117, in _start_by_fork
    ret = args.func(args, dag=self.dag)
          ^^^^^^^^^^^^^^^^^^^^^^^^^^^^^
  File "/home/airflow/.local/lib/python3.12/site-packages/airflow/cli/cli_config.py", line 49, in command
    return func(*args, **kwargs)
           ^^^^^^^^^^^^^^^^^^^^^
  File "/home/airflow/.local/lib/python3.12/site-packages/airflow/utils/cli.py", line 116, in wrapper
    return f(*args, **kwargs)
           ^^^^^^^^^^^^^^^^^^
  File "/home/airflow/.local/lib/python3.12/site-packages/airflow/cli/commands/task_command.py", line 483, in task_run
    task_return_code = _run_task_by_selected_method(args, _dag, ti)
                       ^^^^^^^^^^^^^^^^^^^^^^^^^^^^^^^^^^^^^^^^^^^^
  File "/home/airflow/.local/lib/python3.12/site-packages/airflow/cli/commands/task_command.py", line 256, in _run_task_by_selected_method
    return _run_raw_task(args, ti)
           ^^^^^^^^^^^^^^^^^^^^^^^
  File "/home/airflow/.local/lib/python3.12/site-packages/airflow/cli/commands/task_command.py", line 341, in _run_raw_task
    return ti._run_raw_task(
           ^^^^^^^^^^^^^^^^^
  File "/home/airflow/.local/lib/python3.12/site-packages/airflow/utils/session.py", line 97, in wrapper
    return func(*args, session=session, **kwargs)
           ^^^^^^^^^^^^^^^^^^^^^^^^^^^^^^^^^^^^^^
  File "/home/airflow/.local/lib/python3.12/site-packages/airflow/models/taskinstance.py", line 3029, in _run_raw_task
    return _run_raw_task(
           ^^^^^^^^^^^^^^
  File "/home/airflow/.local/lib/python3.12/site-packages/airflow/models/taskinstance.py", line 282, in _run_raw_task
    TaskInstance._execute_task_with_callbacks(
  File "/home/airflow/.local/lib/python3.12/site-packages/airflow/models/taskinstance.py", line 3184, in _execute_task_with_callbacks
    result = self._execute_task(context, task_orig)
             ^^^^^^^^^^^^^^^^^^^^^^^^^^^^^^^^^^^^^^
  File "/home/airflow/.local/lib/python3.12/site-packages/airflow/models/taskinstance.py", line 3208, in _execute_task
    return _execute_task(self, context, task_orig)
           ^^^^^^^^^^^^^^^^^^^^^^^^^^^^^^^^^^^^^^^
  File "/home/airflow/.local/lib/python3.12/site-packages/airflow/models/taskinstance.py", line 776, in _execute_task
    result = _execute_callable(context=context, **execute_callable_kwargs)
             ^^^^^^^^^^^^^^^^^^^^^^^^^^^^^^^^^^^^^^^^^^^^^^^^^^^^^^^^^^^^^
  File "/home/airflow/.local/lib/python3.12/site-packages/airflow/models/taskinstance.py", line 742, in _execute_callable
    return ExecutionCallableRunner(
           ^^^^^^^^^^^^^^^^^^^^^^^^
  File "/home/airflow/.local/lib/python3.12/site-packages/airflow/utils/operator_helpers.py", line 252, in run
    return self.func(*args, **kwargs)
           ^^^^^^^^^^^^^^^^^^^^^^^^^^
  File "/home/airflow/.local/lib/python3.12/site-packages/airflow/models/baseoperator.py", line 425, in wrapper
    return func(self, *args, **kwargs)
           ^^^^^^^^^^^^^^^^^^^^^^^^^^^
  File "/home/airflow/.local/lib/python3.12/site-packages/airflow/decorators/base.py", line 266, in execute
    return_value = super().execute(context)
                   ^^^^^^^^^^^^^^^^^^^^^^^^
  File "/home/airflow/.local/lib/python3.12/site-packages/airflow/models/baseoperator.py", line 425, in wrapper
    return func(self, *args, **kwargs)
           ^^^^^^^^^^^^^^^^^^^^^^^^^^^
  File "/home/airflow/.local/lib/python3.12/site-packages/airflow/operators/python.py", line 238, in execute
    return_value = self.execute_callable()
                   ^^^^^^^^^^^^^^^^^^^^^^^
  File "/home/airflow/.local/lib/python3.12/site-packages/airflow/operators/python.py", line 256, in execute_callable
    return runner.run(*self.op_args, **self.op_kwargs)
           ^^^^^^^^^^^^^^^^^^^^^^^^^^^^^^^^^^^^^^^^^^^
  File "/home/airflow/.local/lib/python3.12/site-packages/airflow/utils/operator_helpers.py", line 252, in run
    return self.func(*args, **kwargs)
           ^^^^^^^^^^^^^^^^^^^^^^^^^^
  File "/opt/airflow/dags/get_finance_yf_csv.py", line 274, in write_db
    raise e  # lempar error agar task Airflow ditandai 'Failed'
    ^^^^^^^
  File "/opt/airflow/dags/get_finance_yf_csv.py", line 265, in write_db
    data_to_insert = df[['date', 'ticker', 'close', 'high', 'low', 'open']].values.tolist()
                     ^^
NameError: name 'df' is not defined
[2026-03-16T10:25:44.372+0000] {local_task_job_runner.py:266} INFO - Task exited with return code 1
[2026-03-16T10:25:44.520+0000] {taskinstance.py:3924} INFO - 0 downstream tasks scheduled from follow-on schedule check
[2026-03-16T10:25:44.537+0000] {local_task_job_runner.py:245} INFO - ::endgroup::
[2026-03-16T14:22:46.807+0000] {local_task_job_runner.py:123} INFO - ::group::Pre task execution logs
[2026-03-16T14:22:46.867+0000] {taskinstance.py:2631} INFO - Dependencies all met for dep_context=non-requeueable deps ti=<TaskInstance: dag_get_data_from_yf.write_db scheduled__2026-03-05T00:00:00+00:00 [queued]>
[2026-03-16T14:22:46.892+0000] {taskinstance.py:2631} INFO - Dependencies all met for dep_context=requeueable deps ti=<TaskInstance: dag_get_data_from_yf.write_db scheduled__2026-03-05T00:00:00+00:00 [queued]>
[2026-03-16T14:22:46.893+0000] {taskinstance.py:2884} INFO - Starting attempt 1 of 1
[2026-03-16T14:22:46.948+0000] {taskinstance.py:2907} INFO - Executing <Task(_PythonDecoratedOperator): write_db> on 2026-03-05 00:00:00+00:00
[2026-03-16T14:22:46.967+0000] {warnings.py:112} WARNING - /home/***/.local/lib/python3.12/site-packages/***/task/task_runner/standard_task_runner.py:70: DeprecationWarning: This process (pid=1306) is multi-threaded, use of fork() may lead to deadlocks in the child.
  pid = os.fork()

[2026-03-16T14:22:46.969+0000] {standard_task_runner.py:72} INFO - Started process 1359 to run task
[2026-03-16T14:22:46.990+0000] {standard_task_runner.py:104} INFO - Running: ['***', 'tasks', 'run', 'dag_get_data_from_yf', 'write_db', 'scheduled__2026-03-05T00:00:00+00:00', '--job-id', '1149', '--raw', '--subdir', 'DAGS_FOLDER/get_finance_yf_csv.py', '--cfg-path', '/tmp/tmp_bucwx9w']
[2026-03-16T14:22:46.991+0000] {standard_task_runner.py:105} INFO - Job 1149: Subtask write_db
[2026-03-16T14:22:47.251+0000] {task_command.py:467} INFO - Running <TaskInstance: dag_get_data_from_yf.write_db scheduled__2026-03-05T00:00:00+00:00 [running]> on host 80c99acb76df
[2026-03-16T14:22:47.492+0000] {taskinstance.py:3157} INFO - Exporting env vars: AIRFLOW_CTX_DAG_OWNER='***' AIRFLOW_CTX_DAG_ID='dag_get_data_from_yf' AIRFLOW_CTX_TASK_ID='write_db' AIRFLOW_CTX_EXECUTION_DATE='2026-03-05T00:00:00+00:00' AIRFLOW_CTX_TRY_NUMBER='1' AIRFLOW_CTX_DAG_RUN_ID='scheduled__2026-03-05T00:00:00+00:00'
[2026-03-16T14:22:47.493+0000] {logging_mixin.py:190} INFO - Task instance is in running state
[2026-03-16T14:22:47.494+0000] {logging_mixin.py:190} INFO -  Previous state of the Task instance: queued
[2026-03-16T14:22:47.495+0000] {logging_mixin.py:190} INFO - Current task name:write_db state:running start_date:2026-03-16 14:22:46.868538+00:00
[2026-03-16T14:22:47.495+0000] {logging_mixin.py:190} INFO - Dag name:dag_get_data_from_yf and current dag run status:running
[2026-03-16T14:22:47.496+0000] {taskinstance.py:740} INFO - ::endgroup::
[2026-03-16T14:22:47.545+0000] {base.py:84} INFO - Retrieving connection 'db_custom'
[2026-03-16T14:22:47.607+0000] {logging_mixin.py:190} INFO - Terjadi kesalahan, transaksi di-rollback: name 'df' is not defined
[2026-03-16T14:22:47.610+0000] {logging_mixin.py:190} INFO - koneksi ditutup
[2026-03-16T14:22:47.610+0000] {taskinstance.py:3336} ERROR - Task failed with exception
Traceback (most recent call last):
  File "/home/airflow/.local/lib/python3.12/site-packages/airflow/models/taskinstance.py", line 776, in _execute_task
    result = _execute_callable(context=context, **execute_callable_kwargs)
             ^^^^^^^^^^^^^^^^^^^^^^^^^^^^^^^^^^^^^^^^^^^^^^^^^^^^^^^^^^^^^
  File "/home/airflow/.local/lib/python3.12/site-packages/airflow/models/taskinstance.py", line 742, in _execute_callable
    return ExecutionCallableRunner(
           ^^^^^^^^^^^^^^^^^^^^^^^^
  File "/home/airflow/.local/lib/python3.12/site-packages/airflow/utils/operator_helpers.py", line 252, in run
    return self.func(*args, **kwargs)
           ^^^^^^^^^^^^^^^^^^^^^^^^^^
  File "/home/airflow/.local/lib/python3.12/site-packages/airflow/models/baseoperator.py", line 425, in wrapper
    return func(self, *args, **kwargs)
           ^^^^^^^^^^^^^^^^^^^^^^^^^^^
  File "/home/airflow/.local/lib/python3.12/site-packages/airflow/decorators/base.py", line 266, in execute
    return_value = super().execute(context)
                   ^^^^^^^^^^^^^^^^^^^^^^^^
  File "/home/airflow/.local/lib/python3.12/site-packages/airflow/models/baseoperator.py", line 425, in wrapper
    return func(self, *args, **kwargs)
           ^^^^^^^^^^^^^^^^^^^^^^^^^^^
  File "/home/airflow/.local/lib/python3.12/site-packages/airflow/operators/python.py", line 238, in execute
    return_value = self.execute_callable()
                   ^^^^^^^^^^^^^^^^^^^^^^^
  File "/home/airflow/.local/lib/python3.12/site-packages/airflow/operators/python.py", line 256, in execute_callable
    return runner.run(*self.op_args, **self.op_kwargs)
           ^^^^^^^^^^^^^^^^^^^^^^^^^^^^^^^^^^^^^^^^^^^
  File "/home/airflow/.local/lib/python3.12/site-packages/airflow/utils/operator_helpers.py", line 252, in run
    return self.func(*args, **kwargs)
           ^^^^^^^^^^^^^^^^^^^^^^^^^^
  File "/opt/airflow/dags/get_finance_yf_csv.py", line 234, in write_db
    raise e  # lempar error agar task Airflow ditandai 'Failed'
    ^^^^^^^
  File "/opt/airflow/dags/get_finance_yf_csv.py", line 225, in write_db
    data_to_insert = df[['date', 'ticker', 'close', 'high', 'low', 'open']].values.tolist()
                     ^^
NameError: name 'df' is not defined
[2026-03-16T14:22:47.687+0000] {logging_mixin.py:190} INFO - Task instance in failure state
[2026-03-16T14:22:47.687+0000] {logging_mixin.py:190} INFO - Task start:2026-03-16 14:22:46.868538+00:00 end:2026-03-16 14:22:47.686757+00:00 duration:0.818219
[2026-03-16T14:22:47.688+0000] {logging_mixin.py:190} INFO - Task:<Task(_PythonDecoratedOperator): write_db> dag:<DAG: dag_get_data_from_yf> dagrun:<DagRun dag_get_data_from_yf @ 2026-03-05 00:00:00+00:00: scheduled__2026-03-05T00:00:00+00:00, state:running, queued_at: 2026-03-16 10:57:52.042726+00:00. externally triggered: False>
[2026-03-16T14:22:47.688+0000] {logging_mixin.py:190} INFO - Failure caused by name 'df' is not defined
[2026-03-16T14:22:47.688+0000] {taskinstance.py:1242} INFO - Marking task as FAILED. dag_id=dag_get_data_from_yf, task_id=write_db, run_id=scheduled__2026-03-05T00:00:00+00:00, execution_date=20260305T000000, start_date=20260316T142246, end_date=20260316T142247
[2026-03-16T14:22:47.834+0000] {taskinstance.py:349} INFO - ::group::Post task execution logs
[2026-03-16T14:22:47.835+0000] {standard_task_runner.py:124} ERROR - Failed to execute job 1149 for task write_db (name 'df' is not defined; 1359)
Traceback (most recent call last):
  File "/home/airflow/.local/lib/python3.12/site-packages/airflow/task/task_runner/standard_task_runner.py", line 117, in _start_by_fork
    ret = args.func(args, dag=self.dag)
          ^^^^^^^^^^^^^^^^^^^^^^^^^^^^^
  File "/home/airflow/.local/lib/python3.12/site-packages/airflow/cli/cli_config.py", line 49, in command
    return func(*args, **kwargs)
           ^^^^^^^^^^^^^^^^^^^^^
  File "/home/airflow/.local/lib/python3.12/site-packages/airflow/utils/cli.py", line 116, in wrapper
    return f(*args, **kwargs)
           ^^^^^^^^^^^^^^^^^^
  File "/home/airflow/.local/lib/python3.12/site-packages/airflow/cli/commands/task_command.py", line 483, in task_run
    task_return_code = _run_task_by_selected_method(args, _dag, ti)
                       ^^^^^^^^^^^^^^^^^^^^^^^^^^^^^^^^^^^^^^^^^^^^
  File "/home/airflow/.local/lib/python3.12/site-packages/airflow/cli/commands/task_command.py", line 256, in _run_task_by_selected_method
    return _run_raw_task(args, ti)
           ^^^^^^^^^^^^^^^^^^^^^^^
  File "/home/airflow/.local/lib/python3.12/site-packages/airflow/cli/commands/task_command.py", line 341, in _run_raw_task
    return ti._run_raw_task(
           ^^^^^^^^^^^^^^^^^
  File "/home/airflow/.local/lib/python3.12/site-packages/airflow/utils/session.py", line 97, in wrapper
    return func(*args, session=session, **kwargs)
           ^^^^^^^^^^^^^^^^^^^^^^^^^^^^^^^^^^^^^^
  File "/home/airflow/.local/lib/python3.12/site-packages/airflow/models/taskinstance.py", line 3029, in _run_raw_task
    return _run_raw_task(
           ^^^^^^^^^^^^^^
  File "/home/airflow/.local/lib/python3.12/site-packages/airflow/models/taskinstance.py", line 282, in _run_raw_task
    TaskInstance._execute_task_with_callbacks(
  File "/home/airflow/.local/lib/python3.12/site-packages/airflow/models/taskinstance.py", line 3184, in _execute_task_with_callbacks
    result = self._execute_task(context, task_orig)
             ^^^^^^^^^^^^^^^^^^^^^^^^^^^^^^^^^^^^^^
  File "/home/airflow/.local/lib/python3.12/site-packages/airflow/models/taskinstance.py", line 3208, in _execute_task
    return _execute_task(self, context, task_orig)
           ^^^^^^^^^^^^^^^^^^^^^^^^^^^^^^^^^^^^^^^
  File "/home/airflow/.local/lib/python3.12/site-packages/airflow/models/taskinstance.py", line 776, in _execute_task
    result = _execute_callable(context=context, **execute_callable_kwargs)
             ^^^^^^^^^^^^^^^^^^^^^^^^^^^^^^^^^^^^^^^^^^^^^^^^^^^^^^^^^^^^^
  File "/home/airflow/.local/lib/python3.12/site-packages/airflow/models/taskinstance.py", line 742, in _execute_callable
    return ExecutionCallableRunner(
           ^^^^^^^^^^^^^^^^^^^^^^^^
  File "/home/airflow/.local/lib/python3.12/site-packages/airflow/utils/operator_helpers.py", line 252, in run
    return self.func(*args, **kwargs)
           ^^^^^^^^^^^^^^^^^^^^^^^^^^
  File "/home/airflow/.local/lib/python3.12/site-packages/airflow/models/baseoperator.py", line 425, in wrapper
    return func(self, *args, **kwargs)
           ^^^^^^^^^^^^^^^^^^^^^^^^^^^
  File "/home/airflow/.local/lib/python3.12/site-packages/airflow/decorators/base.py", line 266, in execute
    return_value = super().execute(context)
                   ^^^^^^^^^^^^^^^^^^^^^^^^
  File "/home/airflow/.local/lib/python3.12/site-packages/airflow/models/baseoperator.py", line 425, in wrapper
    return func(self, *args, **kwargs)
           ^^^^^^^^^^^^^^^^^^^^^^^^^^^
  File "/home/airflow/.local/lib/python3.12/site-packages/airflow/operators/python.py", line 238, in execute
    return_value = self.execute_callable()
                   ^^^^^^^^^^^^^^^^^^^^^^^
  File "/home/airflow/.local/lib/python3.12/site-packages/airflow/operators/python.py", line 256, in execute_callable
    return runner.run(*self.op_args, **self.op_kwargs)
           ^^^^^^^^^^^^^^^^^^^^^^^^^^^^^^^^^^^^^^^^^^^
  File "/home/airflow/.local/lib/python3.12/site-packages/airflow/utils/operator_helpers.py", line 252, in run
    return self.func(*args, **kwargs)
           ^^^^^^^^^^^^^^^^^^^^^^^^^^
  File "/opt/airflow/dags/get_finance_yf_csv.py", line 234, in write_db
    raise e  # lempar error agar task Airflow ditandai 'Failed'
    ^^^^^^^
  File "/opt/airflow/dags/get_finance_yf_csv.py", line 225, in write_db
    data_to_insert = df[['date', 'ticker', 'close', 'high', 'low', 'open']].values.tolist()
                     ^^
NameError: name 'df' is not defined
[2026-03-16T14:22:48.034+0000] {local_task_job_runner.py:266} INFO - Task exited with return code 1
[2026-03-16T14:22:48.085+0000] {taskinstance.py:3924} INFO - 0 downstream tasks scheduled from follow-on schedule check
[2026-03-16T14:22:48.093+0000] {local_task_job_runner.py:245} INFO - ::endgroup::
