[2026-03-15T09:13:30.281+0000] {local_task_job_runner.py:123} INFO - ::group::Pre task execution logs
[2026-03-15T09:13:30.473+0000] {taskinstance.py:2631} INFO - Dependencies all met for dep_context=non-requeueable deps ti=<TaskInstance: dag_get_data_from_yf.olhc_branching.get_csv_open scheduled__2026-03-10T00:00:00+00:00 [queued]>
[2026-03-15T09:13:30.497+0000] {taskinstance.py:2631} INFO - Dependencies all met for dep_context=requeueable deps ti=<TaskInstance: dag_get_data_from_yf.olhc_branching.get_csv_open scheduled__2026-03-10T00:00:00+00:00 [queued]>
[2026-03-15T09:13:30.498+0000] {taskinstance.py:2884} INFO - Starting attempt 1 of 1
[2026-03-15T09:13:30.547+0000] {taskinstance.py:2907} INFO - Executing <Task(_PythonDecoratedOperator): olhc_branching.get_csv_open> on 2026-03-10 00:00:00+00:00
[2026-03-15T09:13:30.612+0000] {warnings.py:112} WARNING - /home/***/.local/lib/python3.12/site-packages/***/task/task_runner/standard_task_runner.py:70: DeprecationWarning: This process (pid=1385) is multi-threaded, use of fork() may lead to deadlocks in the child.
  pid = os.fork()

[2026-03-15T09:13:30.617+0000] {standard_task_runner.py:72} INFO - Started process 1445 to run task
[2026-03-15T09:13:30.653+0000] {standard_task_runner.py:104} INFO - Running: ['***', 'tasks', 'run', 'dag_get_data_from_yf', 'olhc_branching.get_csv_open', 'scheduled__2026-03-10T00:00:00+00:00', '--job-id', '14934', '--raw', '--subdir', 'DAGS_FOLDER/get_finance_yf_csv.py', '--cfg-path', '/tmp/tmpp6kh93uf']
[2026-03-15T09:13:30.655+0000] {standard_task_runner.py:105} INFO - Job 14934: Subtask olhc_branching.get_csv_open
[2026-03-15T09:13:30.979+0000] {task_command.py:467} INFO - Running <TaskInstance: dag_get_data_from_yf.olhc_branching.get_csv_open scheduled__2026-03-10T00:00:00+00:00 [running]> on host 547c214a0f76
[2026-03-15T09:13:31.711+0000] {taskinstance.py:3157} INFO - Exporting env vars: AIRFLOW_CTX_DAG_OWNER='***' AIRFLOW_CTX_DAG_ID='dag_get_data_from_yf' AIRFLOW_CTX_TASK_ID='olhc_branching.get_csv_open' AIRFLOW_CTX_EXECUTION_DATE='2026-03-10T00:00:00+00:00' AIRFLOW_CTX_TRY_NUMBER='1' AIRFLOW_CTX_DAG_RUN_ID='scheduled__2026-03-10T00:00:00+00:00'
[2026-03-15T09:13:31.714+0000] {logging_mixin.py:190} INFO - Task instance is in running state
[2026-03-15T09:13:31.715+0000] {logging_mixin.py:190} INFO -  Previous state of the Task instance: queued
[2026-03-15T09:13:31.717+0000] {logging_mixin.py:190} INFO - Current task name:olhc_branching.get_csv_open state:running start_date:2026-03-15 09:13:30.474688+00:00
[2026-03-15T09:13:31.718+0000] {logging_mixin.py:190} INFO - Dag name:dag_get_data_from_yf and current dag run status:running
[2026-03-15T09:13:31.719+0000] {taskinstance.py:740} INFO - ::endgroup::
[2026-03-15T09:13:31.751+0000] {logging_mixin.py:190} INFO - None
[2026-03-15T09:13:31.752+0000] {python.py:240} INFO - Done. Returned value was: /opt/***/scripts/saham_indonesia_open.csv
[2026-03-15T09:13:31.891+0000] {taskinstance.py:349} INFO - ::group::Post task execution logs
[2026-03-15T09:13:31.892+0000] {taskinstance.py:361} INFO - Marking task as SUCCESS. dag_id=dag_get_data_from_yf, task_id=olhc_branching.get_csv_open, run_id=scheduled__2026-03-10T00:00:00+00:00, execution_date=20260310T000000, start_date=20260315T091330, end_date=20260315T091331
[2026-03-15T09:13:32.042+0000] {logging_mixin.py:190} INFO - Task instance in success state
[2026-03-15T09:13:32.043+0000] {logging_mixin.py:190} INFO -  Previous state of the Task instance: running
[2026-03-15T09:13:32.044+0000] {logging_mixin.py:190} INFO - Dag name:dag_get_data_from_yf queued_at:2026-03-15 09:07:49.849117+00:00
[2026-03-15T09:13:32.044+0000] {logging_mixin.py:190} INFO - Task hostname:547c214a0f76 operator:_PythonDecoratedOperator
[2026-03-15T09:13:32.120+0000] {local_task_job_runner.py:266} INFO - Task exited with return code 0
[2026-03-15T09:13:32.259+0000] {taskinstance.py:3924} INFO - 0 downstream tasks scheduled from follow-on schedule check
[2026-03-15T09:13:32.288+0000] {local_task_job_runner.py:245} INFO - ::endgroup::
[2026-03-15T09:51:16.112+0000] {local_task_job_runner.py:123} INFO - ::group::Pre task execution logs
[2026-03-15T09:51:16.691+0000] {taskinstance.py:2631} INFO - Dependencies all met for dep_context=non-requeueable deps ti=<TaskInstance: dag_get_data_from_yf.olhc_branching.get_csv_open scheduled__2026-03-10T00:00:00+00:00 [queued]>
[2026-03-15T09:51:16.852+0000] {taskinstance.py:2631} INFO - Dependencies all met for dep_context=requeueable deps ti=<TaskInstance: dag_get_data_from_yf.olhc_branching.get_csv_open scheduled__2026-03-10T00:00:00+00:00 [queued]>
[2026-03-15T09:51:16.853+0000] {taskinstance.py:2884} INFO - Starting attempt 1 of 1
[2026-03-15T09:51:16.985+0000] {taskinstance.py:2907} INFO - Executing <Task(_PythonDecoratedOperator): olhc_branching.get_csv_open> on 2026-03-10 00:00:00+00:00
[2026-03-15T09:51:17.042+0000] {warnings.py:112} WARNING - /home/***/.local/lib/python3.12/site-packages/***/task/task_runner/standard_task_runner.py:70: DeprecationWarning: This process (pid=825) is multi-threaded, use of fork() may lead to deadlocks in the child.
  pid = os.fork()

[2026-03-15T09:51:17.048+0000] {standard_task_runner.py:72} INFO - Started process 883 to run task
[2026-03-15T09:51:17.187+0000] {standard_task_runner.py:104} INFO - Running: ['***', 'tasks', 'run', 'dag_get_data_from_yf', 'olhc_branching.get_csv_open', 'scheduled__2026-03-10T00:00:00+00:00', '--job-id', '63', '--raw', '--subdir', 'DAGS_FOLDER/get_finance_yf_csv.py', '--cfg-path', '/tmp/tmppw37ql65']
[2026-03-15T09:51:17.282+0000] {standard_task_runner.py:105} INFO - Job 63: Subtask olhc_branching.get_csv_open
[2026-03-15T09:52:28.407+0000] {cli_action_loggers.py:177} WARNING - Failed to log action (psycopg2.OperationalError) could not translate host name "postgres" to address: Temporary failure in name resolution

(Background on this error at: https://sqlalche.me/e/14/e3q8)
[2026-03-15T09:52:29.717+0000] {job.py:229} INFO - Heartbeat recovered after 74.33 seconds
[2026-03-15T09:52:30.234+0000] {task_command.py:467} INFO - Running <TaskInstance: dag_get_data_from_yf.olhc_branching.get_csv_open scheduled__2026-03-10T00:00:00+00:00 [running]> on host 8c556da65e50
[2026-03-15T09:52:32.376+0000] {taskinstance.py:3157} INFO - Exporting env vars: AIRFLOW_CTX_DAG_OWNER='***' AIRFLOW_CTX_DAG_ID='dag_get_data_from_yf' AIRFLOW_CTX_TASK_ID='olhc_branching.get_csv_open' AIRFLOW_CTX_EXECUTION_DATE='2026-03-10T00:00:00+00:00' AIRFLOW_CTX_TRY_NUMBER='1' AIRFLOW_CTX_DAG_RUN_ID='scheduled__2026-03-10T00:00:00+00:00'
[2026-03-15T09:52:32.379+0000] {logging_mixin.py:190} INFO - Task instance is in running state
[2026-03-15T09:52:32.380+0000] {logging_mixin.py:190} INFO -  Previous state of the Task instance: queued
[2026-03-15T09:52:32.381+0000] {logging_mixin.py:190} INFO - Current task name:olhc_branching.get_csv_open state:running start_date:2026-03-15 09:51:16.693286+00:00
[2026-03-15T09:52:32.381+0000] {logging_mixin.py:190} INFO - Dag name:dag_get_data_from_yf and current dag run status:running
[2026-03-15T09:52:32.382+0000] {taskinstance.py:740} INFO - ::endgroup::
[2026-03-15T09:52:32.397+0000] {logging_mixin.py:190} INFO - None
[2026-03-15T09:52:32.398+0000] {python.py:240} INFO - Done. Returned value was: /opt/***/scripts/saham_indonesia_open.csv
[2026-03-15T09:52:32.484+0000] {taskinstance.py:349} INFO - ::group::Post task execution logs
[2026-03-15T09:52:32.485+0000] {taskinstance.py:361} INFO - Marking task as SUCCESS. dag_id=dag_get_data_from_yf, task_id=olhc_branching.get_csv_open, run_id=scheduled__2026-03-10T00:00:00+00:00, execution_date=20260310T000000, start_date=20260315T095116, end_date=20260315T095232
[2026-03-15T09:52:32.580+0000] {logging_mixin.py:190} INFO - Task instance in success state
[2026-03-15T09:52:32.581+0000] {logging_mixin.py:190} INFO -  Previous state of the Task instance: running
[2026-03-15T09:52:32.582+0000] {logging_mixin.py:190} INFO - Dag name:dag_get_data_from_yf queued_at:2026-03-15 09:40:34.157327+00:00
[2026-03-15T09:52:32.583+0000] {logging_mixin.py:190} INFO - Task hostname:8c556da65e50 operator:_PythonDecoratedOperator
[2026-03-15T09:52:32.624+0000] {local_task_job_runner.py:266} INFO - Task exited with return code 0
[2026-03-15T09:52:32.709+0000] {taskinstance.py:3924} INFO - 0 downstream tasks scheduled from follow-on schedule check
[2026-03-15T09:52:32.713+0000] {local_task_job_runner.py:245} INFO - ::endgroup::
[2026-03-15T11:37:54.582+0000] {local_task_job_runner.py:123} INFO - ::group::Pre task execution logs
[2026-03-15T11:37:54.840+0000] {taskinstance.py:2631} INFO - Dependencies all met for dep_context=non-requeueable deps ti=<TaskInstance: dag_get_data_from_yf.olhc_branching.get_csv_open scheduled__2026-03-10T00:00:00+00:00 [queued]>
[2026-03-15T11:37:54.905+0000] {taskinstance.py:2631} INFO - Dependencies all met for dep_context=requeueable deps ti=<TaskInstance: dag_get_data_from_yf.olhc_branching.get_csv_open scheduled__2026-03-10T00:00:00+00:00 [queued]>
[2026-03-15T11:37:54.906+0000] {taskinstance.py:2884} INFO - Starting attempt 1 of 1
[2026-03-15T11:37:54.954+0000] {taskinstance.py:2907} INFO - Executing <Task(_PythonDecoratedOperator): olhc_branching.get_csv_open> on 2026-03-10 00:00:00+00:00
[2026-03-15T11:37:54.975+0000] {warnings.py:112} WARNING - /home/***/.local/lib/python3.12/site-packages/***/task/task_runner/standard_task_runner.py:70: DeprecationWarning: This process (pid=697) is multi-threaded, use of fork() may lead to deadlocks in the child.
  pid = os.fork()

[2026-03-15T11:37:54.979+0000] {standard_task_runner.py:72} INFO - Started process 872 to run task
[2026-03-15T11:37:55.006+0000] {standard_task_runner.py:104} INFO - Running: ['***', 'tasks', 'run', 'dag_get_data_from_yf', 'olhc_branching.get_csv_open', 'scheduled__2026-03-10T00:00:00+00:00', '--job-id', '47', '--raw', '--subdir', 'DAGS_FOLDER/get_finance_yf_csv.py', '--cfg-path', '/tmp/tmpbb3bry4_']
[2026-03-15T11:37:55.008+0000] {standard_task_runner.py:105} INFO - Job 47: Subtask olhc_branching.get_csv_open
[2026-03-15T11:37:55.278+0000] {task_command.py:467} INFO - Running <TaskInstance: dag_get_data_from_yf.olhc_branching.get_csv_open scheduled__2026-03-10T00:00:00+00:00 [running]> on host 0682dd67c20c
[2026-03-15T11:37:56.884+0000] {taskinstance.py:3157} INFO - Exporting env vars: AIRFLOW_CTX_DAG_OWNER='***' AIRFLOW_CTX_DAG_ID='dag_get_data_from_yf' AIRFLOW_CTX_TASK_ID='olhc_branching.get_csv_open' AIRFLOW_CTX_EXECUTION_DATE='2026-03-10T00:00:00+00:00' AIRFLOW_CTX_TRY_NUMBER='1' AIRFLOW_CTX_DAG_RUN_ID='scheduled__2026-03-10T00:00:00+00:00'
[2026-03-15T11:37:56.890+0000] {logging_mixin.py:190} INFO - Task instance is in running state
[2026-03-15T11:37:56.892+0000] {logging_mixin.py:190} INFO -  Previous state of the Task instance: queued
[2026-03-15T11:37:56.893+0000] {logging_mixin.py:190} INFO - Current task name:olhc_branching.get_csv_open state:running start_date:2026-03-15 11:37:54.841147+00:00
[2026-03-15T11:37:56.899+0000] {logging_mixin.py:190} INFO - Dag name:dag_get_data_from_yf and current dag run status:running
[2026-03-15T11:37:56.900+0000] {taskinstance.py:740} INFO - ::endgroup::
[2026-03-15T11:37:57.008+0000] {logging_mixin.py:190} INFO - None
[2026-03-15T11:37:57.010+0000] {python.py:240} INFO - Done. Returned value was: /opt/***/scripts/saham_indonesia_open.csv
[2026-03-15T11:37:57.200+0000] {taskinstance.py:349} INFO - ::group::Post task execution logs
[2026-03-15T11:37:57.202+0000] {taskinstance.py:361} INFO - Marking task as SUCCESS. dag_id=dag_get_data_from_yf, task_id=olhc_branching.get_csv_open, run_id=scheduled__2026-03-10T00:00:00+00:00, execution_date=20260310T000000, start_date=20260315T113754, end_date=20260315T113757
[2026-03-15T11:37:57.445+0000] {logging_mixin.py:190} INFO - Task instance in success state
[2026-03-15T11:37:57.446+0000] {logging_mixin.py:190} INFO -  Previous state of the Task instance: running
[2026-03-15T11:37:57.447+0000] {logging_mixin.py:190} INFO - Dag name:dag_get_data_from_yf queued_at:2026-03-15 11:31:37.416035+00:00
[2026-03-15T11:37:57.448+0000] {logging_mixin.py:190} INFO - Task hostname:0682dd67c20c operator:_PythonDecoratedOperator
[2026-03-15T11:37:57.640+0000] {local_task_job_runner.py:266} INFO - Task exited with return code 0
[2026-03-15T11:37:57.838+0000] {taskinstance.py:3924} INFO - 0 downstream tasks scheduled from follow-on schedule check
[2026-03-15T11:37:57.853+0000] {local_task_job_runner.py:245} INFO - ::endgroup::
[2026-03-15T12:11:49.156+0000] {local_task_job_runner.py:123} INFO - ::group::Pre task execution logs
[2026-03-15T12:11:49.538+0000] {taskinstance.py:2631} INFO - Dependencies all met for dep_context=non-requeueable deps ti=<TaskInstance: dag_get_data_from_yf.olhc_branching.get_csv_open scheduled__2026-03-10T00:00:00+00:00 [queued]>
[2026-03-15T12:11:49.691+0000] {taskinstance.py:2631} INFO - Dependencies all met for dep_context=requeueable deps ti=<TaskInstance: dag_get_data_from_yf.olhc_branching.get_csv_open scheduled__2026-03-10T00:00:00+00:00 [queued]>
[2026-03-15T12:11:49.692+0000] {taskinstance.py:2884} INFO - Starting attempt 1 of 1
[2026-03-15T12:11:49.849+0000] {taskinstance.py:2907} INFO - Executing <Task(_PythonDecoratedOperator): olhc_branching.get_csv_open> on 2026-03-10 00:00:00+00:00
[2026-03-15T12:11:49.896+0000] {warnings.py:112} WARNING - /home/***/.local/lib/python3.12/site-packages/***/task/task_runner/standard_task_runner.py:70: DeprecationWarning: This process (pid=2670) is multi-threaded, use of fork() may lead to deadlocks in the child.
  pid = os.fork()

[2026-03-15T12:11:49.901+0000] {standard_task_runner.py:72} INFO - Started process 2809 to run task
[2026-03-15T12:11:49.960+0000] {standard_task_runner.py:104} INFO - Running: ['***', 'tasks', 'run', 'dag_get_data_from_yf', 'olhc_branching.get_csv_open', 'scheduled__2026-03-10T00:00:00+00:00', '--job-id', '217', '--raw', '--subdir', 'DAGS_FOLDER/get_finance_yf_csv.py', '--cfg-path', '/tmp/tmp8w6qhhtj']
[2026-03-15T12:11:49.963+0000] {standard_task_runner.py:105} INFO - Job 217: Subtask olhc_branching.get_csv_open
[2026-03-15T12:11:50.290+0000] {task_command.py:467} INFO - Running <TaskInstance: dag_get_data_from_yf.olhc_branching.get_csv_open scheduled__2026-03-10T00:00:00+00:00 [running]> on host 0682dd67c20c
[2026-03-15T12:11:51.461+0000] {taskinstance.py:3157} INFO - Exporting env vars: AIRFLOW_CTX_DAG_OWNER='***' AIRFLOW_CTX_DAG_ID='dag_get_data_from_yf' AIRFLOW_CTX_TASK_ID='olhc_branching.get_csv_open' AIRFLOW_CTX_EXECUTION_DATE='2026-03-10T00:00:00+00:00' AIRFLOW_CTX_TRY_NUMBER='1' AIRFLOW_CTX_DAG_RUN_ID='scheduled__2026-03-10T00:00:00+00:00'
[2026-03-15T12:11:51.516+0000] {logging_mixin.py:190} INFO - Task instance is in running state
[2026-03-15T12:11:51.517+0000] {logging_mixin.py:190} INFO -  Previous state of the Task instance: queued
[2026-03-15T12:11:51.517+0000] {logging_mixin.py:190} INFO - Current task name:olhc_branching.get_csv_open state:running start_date:2026-03-15 12:11:49.559361+00:00
[2026-03-15T12:11:51.518+0000] {logging_mixin.py:190} INFO - Dag name:dag_get_data_from_yf and current dag run status:running
[2026-03-15T12:11:51.518+0000] {taskinstance.py:740} INFO - ::endgroup::
[2026-03-15T12:11:51.565+0000] {logging_mixin.py:190} INFO - None
[2026-03-15T12:11:51.568+0000] {python.py:240} INFO - Done. Returned value was: /opt/***/scripts/saham_indonesia_open.csv
[2026-03-15T12:11:52.025+0000] {taskinstance.py:349} INFO - ::group::Post task execution logs
[2026-03-15T12:11:52.027+0000] {taskinstance.py:361} INFO - Marking task as SUCCESS. dag_id=dag_get_data_from_yf, task_id=olhc_branching.get_csv_open, run_id=scheduled__2026-03-10T00:00:00+00:00, execution_date=20260310T000000, start_date=20260315T121149, end_date=20260315T121152
[2026-03-15T12:11:52.350+0000] {logging_mixin.py:190} INFO - Task instance in success state
[2026-03-15T12:11:52.358+0000] {logging_mixin.py:190} INFO -  Previous state of the Task instance: running
[2026-03-15T12:11:52.363+0000] {logging_mixin.py:190} INFO - Dag name:dag_get_data_from_yf queued_at:2026-03-15 12:05:18.286073+00:00
[2026-03-15T12:11:52.377+0000] {logging_mixin.py:190} INFO - Task hostname:0682dd67c20c operator:_PythonDecoratedOperator
[2026-03-15T12:11:52.457+0000] {local_task_job_runner.py:266} INFO - Task exited with return code 0
[2026-03-15T12:11:52.538+0000] {local_task_job_runner.py:245} INFO - ::endgroup::
[2026-03-15T14:56:40.031+0000] {local_task_job_runner.py:123} INFO - ::group::Pre task execution logs
[2026-03-15T14:56:40.885+0000] {taskinstance.py:2631} INFO - Dependencies all met for dep_context=non-requeueable deps ti=<TaskInstance: dag_get_data_from_yf.olhc_branching.get_csv_open scheduled__2026-03-10T00:00:00+00:00 [queued]>
[2026-03-15T14:56:40.938+0000] {taskinstance.py:2631} INFO - Dependencies all met for dep_context=requeueable deps ti=<TaskInstance: dag_get_data_from_yf.olhc_branching.get_csv_open scheduled__2026-03-10T00:00:00+00:00 [queued]>
[2026-03-15T14:56:40.939+0000] {taskinstance.py:2884} INFO - Starting attempt 1 of 1
[2026-03-15T14:56:41.102+0000] {taskinstance.py:2907} INFO - Executing <Task(_PythonDecoratedOperator): olhc_branching.get_csv_open> on 2026-03-10 00:00:00+00:00
[2026-03-15T14:56:41.133+0000] {warnings.py:112} WARNING - /home/***/.local/lib/python3.12/site-packages/***/task/task_runner/standard_task_runner.py:70: DeprecationWarning: This process (pid=4000) is multi-threaded, use of fork() may lead to deadlocks in the child.
  pid = os.fork()

[2026-03-15T14:56:41.137+0000] {standard_task_runner.py:72} INFO - Started process 4125 to run task
[2026-03-15T14:56:41.151+0000] {standard_task_runner.py:104} INFO - Running: ['***', 'tasks', 'run', 'dag_get_data_from_yf', 'olhc_branching.get_csv_open', 'scheduled__2026-03-10T00:00:00+00:00', '--job-id', '327', '--raw', '--subdir', 'DAGS_FOLDER/get_finance_yf_csv.py', '--cfg-path', '/tmp/tmpht4q6i_5']
[2026-03-15T14:56:41.164+0000] {standard_task_runner.py:105} INFO - Job 327: Subtask olhc_branching.get_csv_open
[2026-03-15T14:56:41.518+0000] {task_command.py:467} INFO - Running <TaskInstance: dag_get_data_from_yf.olhc_branching.get_csv_open scheduled__2026-03-10T00:00:00+00:00 [running]> on host 0682dd67c20c
[2026-03-15T14:56:47.994+0000] {taskinstance.py:3157} INFO - Exporting env vars: AIRFLOW_CTX_DAG_OWNER='***' AIRFLOW_CTX_DAG_ID='dag_get_data_from_yf' AIRFLOW_CTX_TASK_ID='olhc_branching.get_csv_open' AIRFLOW_CTX_EXECUTION_DATE='2026-03-10T00:00:00+00:00' AIRFLOW_CTX_TRY_NUMBER='1' AIRFLOW_CTX_DAG_RUN_ID='scheduled__2026-03-10T00:00:00+00:00'
[2026-03-15T14:56:47.999+0000] {logging_mixin.py:190} INFO - Task instance is in running state
[2026-03-15T14:56:48.000+0000] {logging_mixin.py:190} INFO -  Previous state of the Task instance: queued
[2026-03-15T14:56:48.005+0000] {logging_mixin.py:190} INFO - Current task name:olhc_branching.get_csv_open state:running start_date:2026-03-15 14:56:40.903638+00:00
[2026-03-15T14:56:48.006+0000] {logging_mixin.py:190} INFO - Dag name:dag_get_data_from_yf and current dag run status:running
[2026-03-15T14:56:48.007+0000] {taskinstance.py:740} INFO - ::endgroup::
[2026-03-15T14:56:48.300+0000] {logging_mixin.py:190} INFO - None
[2026-03-15T14:56:48.305+0000] {python.py:240} INFO - Done. Returned value was: /opt/***/scripts/saham_indonesia_open.csv
[2026-03-15T14:56:58.864+0000] {taskinstance.py:3336} ERROR - Task failed with exception
Traceback (most recent call last):
  File "/home/airflow/.local/lib/python3.12/site-packages/sqlalchemy/engine/base.py", line 3371, in _wrap_pool_connect
    return fn()
           ^^^^
  File "/home/airflow/.local/lib/python3.12/site-packages/sqlalchemy/pool/base.py", line 327, in connect
    return _ConnectionFairy._checkout(self)
           ^^^^^^^^^^^^^^^^^^^^^^^^^^^^^^^^
  File "/home/airflow/.local/lib/python3.12/site-packages/sqlalchemy/pool/base.py", line 894, in _checkout
    fairy = _ConnectionRecord.checkout(pool)
            ^^^^^^^^^^^^^^^^^^^^^^^^^^^^^^^^
  File "/home/airflow/.local/lib/python3.12/site-packages/sqlalchemy/pool/base.py", line 493, in checkout
    rec = pool._do_get()
          ^^^^^^^^^^^^^^
  File "/home/airflow/.local/lib/python3.12/site-packages/sqlalchemy/pool/impl.py", line 256, in _do_get
    return self._create_connection()
           ^^^^^^^^^^^^^^^^^^^^^^^^^
  File "/home/airflow/.local/lib/python3.12/site-packages/sqlalchemy/pool/base.py", line 273, in _create_connection
    return _ConnectionRecord(self)
           ^^^^^^^^^^^^^^^^^^^^^^^
  File "/home/airflow/.local/lib/python3.12/site-packages/sqlalchemy/pool/base.py", line 388, in __init__
    self.__connect()
  File "/home/airflow/.local/lib/python3.12/site-packages/sqlalchemy/pool/base.py", line 690, in __connect
    with util.safe_reraise():
         ^^^^^^^^^^^^^^^^^^^
  File "/home/airflow/.local/lib/python3.12/site-packages/sqlalchemy/util/langhelpers.py", line 70, in __exit__
    compat.raise_(
  File "/home/airflow/.local/lib/python3.12/site-packages/sqlalchemy/util/compat.py", line 211, in raise_
    raise exception
  File "/home/airflow/.local/lib/python3.12/site-packages/sqlalchemy/pool/base.py", line 686, in __connect
    self.dbapi_connection = connection = pool._invoke_creator(self)
                                         ^^^^^^^^^^^^^^^^^^^^^^^^^^
  File "/home/airflow/.local/lib/python3.12/site-packages/sqlalchemy/engine/create.py", line 574, in connect
    return dialect.connect(*cargs, **cparams)
           ^^^^^^^^^^^^^^^^^^^^^^^^^^^^^^^^^^
  File "/home/airflow/.local/lib/python3.12/site-packages/sqlalchemy/engine/default.py", line 598, in connect
    return self.dbapi.connect(*cargs, **cparams)
           ^^^^^^^^^^^^^^^^^^^^^^^^^^^^^^^^^^^^^
  File "/home/airflow/.local/lib/python3.12/site-packages/psycopg2/__init__.py", line 122, in connect
    conn = _connect(dsn, connection_factory=connection_factory, **kwasync)
           ^^^^^^^^^^^^^^^^^^^^^^^^^^^^^^^^^^^^^^^^^^^^^^^^^^^^^^^^^^^^^^^
psycopg2.OperationalError: could not translate host name "postgres" to address: Temporary failure in name resolution


The above exception was the direct cause of the following exception:

Traceback (most recent call last):
  File "/home/airflow/.local/lib/python3.12/site-packages/airflow/models/taskinstance.py", line 798, in _execute_task
    task_instance.xcom_push(key=XCOM_RETURN_KEY, value=xcom_value, session=session_or_null)
  File "/home/airflow/.local/lib/python3.12/site-packages/airflow/utils/session.py", line 94, in wrapper
    return func(*args, **kwargs)
           ^^^^^^^^^^^^^^^^^^^^^
  File "/home/airflow/.local/lib/python3.12/site-packages/airflow/models/taskinstance.py", line 3668, in xcom_push
    XCom.set(
  File "/home/airflow/.local/lib/python3.12/site-packages/airflow/api_internal/internal_api_call.py", line 166, in wrapper
    return func(*args, **kwargs)
           ^^^^^^^^^^^^^^^^^^^^^
  File "/home/airflow/.local/lib/python3.12/site-packages/airflow/utils/session.py", line 94, in wrapper
    return func(*args, **kwargs)
           ^^^^^^^^^^^^^^^^^^^^^
  File "/home/airflow/.local/lib/python3.12/site-packages/airflow/models/xcom.py", line 225, in set
    dag_run_id = session.query(DagRun.id).filter_by(dag_id=dag_id, run_id=run_id).scalar()
                 ^^^^^^^^^^^^^^^^^^^^^^^^^^^^^^^^^^^^^^^^^^^^^^^^^^^^^^^^^^^^^^^^^^^^^^^^^
  File "/home/airflow/.local/lib/python3.12/site-packages/sqlalchemy/orm/query.py", line 2893, in scalar
    ret = self.one()
          ^^^^^^^^^^
  File "/home/airflow/.local/lib/python3.12/site-packages/sqlalchemy/orm/query.py", line 2870, in one
    return self._iter().one()
           ^^^^^^^^^^^^
  File "/home/airflow/.local/lib/python3.12/site-packages/sqlalchemy/orm/query.py", line 2916, in _iter
    result = self.session.execute(
             ^^^^^^^^^^^^^^^^^^^^^
  File "/home/airflow/.local/lib/python3.12/site-packages/sqlalchemy/orm/session.py", line 1716, in execute
    conn = self._connection_for_bind(bind)
           ^^^^^^^^^^^^^^^^^^^^^^^^^^^^^^^
  File "/home/airflow/.local/lib/python3.12/site-packages/sqlalchemy/orm/session.py", line 1555, in _connection_for_bind
    return self._transaction._connection_for_bind(
           ^^^^^^^^^^^^^^^^^^^^^^^^^^^^^^^^^^^^^^^
  File "/home/airflow/.local/lib/python3.12/site-packages/sqlalchemy/orm/session.py", line 750, in _connection_for_bind
    conn = bind.connect()
           ^^^^^^^^^^^^^^
  File "/home/airflow/.local/lib/python3.12/site-packages/sqlalchemy/future/engine.py", line 412, in connect
    return super(Engine, self).connect()
           ^^^^^^^^^^^^^^^^^^^^^^^^^^^^^
  File "/home/airflow/.local/lib/python3.12/site-packages/sqlalchemy/engine/base.py", line 3325, in connect
    return self._connection_cls(self, close_with_result=close_with_result)
           ^^^^^^^^^^^^^^^^^^^^^^^^^^^^^^^^^^^^^^^^^^^^^^^^^^^^^^^^^^^^^^^
  File "/home/airflow/.local/lib/python3.12/site-packages/sqlalchemy/engine/base.py", line 96, in __init__
    else engine.raw_connection()
         ^^^^^^^^^^^^^^^^^^^^^^^
  File "/home/airflow/.local/lib/python3.12/site-packages/sqlalchemy/engine/base.py", line 3404, in raw_connection
    return self._wrap_pool_connect(self.pool.connect, _connection)
           ^^^^^^^^^^^^^^^^^^^^^^^^^^^^^^^^^^^^^^^^^^^^^^^^^^^^^^^
  File "/home/airflow/.local/lib/python3.12/site-packages/sqlalchemy/engine/base.py", line 3374, in _wrap_pool_connect
    Connection._handle_dbapi_exception_noconnection(
  File "/home/airflow/.local/lib/python3.12/site-packages/sqlalchemy/engine/base.py", line 2208, in _handle_dbapi_exception_noconnection
    util.raise_(
  File "/home/airflow/.local/lib/python3.12/site-packages/sqlalchemy/util/compat.py", line 211, in raise_
    raise exception
  File "/home/airflow/.local/lib/python3.12/site-packages/sqlalchemy/engine/base.py", line 3371, in _wrap_pool_connect
    return fn()
           ^^^^
  File "/home/airflow/.local/lib/python3.12/site-packages/sqlalchemy/pool/base.py", line 327, in connect
    return _ConnectionFairy._checkout(self)
           ^^^^^^^^^^^^^^^^^^^^^^^^^^^^^^^^
  File "/home/airflow/.local/lib/python3.12/site-packages/sqlalchemy/pool/base.py", line 894, in _checkout
    fairy = _ConnectionRecord.checkout(pool)
            ^^^^^^^^^^^^^^^^^^^^^^^^^^^^^^^^
  File "/home/airflow/.local/lib/python3.12/site-packages/sqlalchemy/pool/base.py", line 493, in checkout
    rec = pool._do_get()
          ^^^^^^^^^^^^^^
  File "/home/airflow/.local/lib/python3.12/site-packages/sqlalchemy/pool/impl.py", line 256, in _do_get
    return self._create_connection()
           ^^^^^^^^^^^^^^^^^^^^^^^^^
  File "/home/airflow/.local/lib/python3.12/site-packages/sqlalchemy/pool/base.py", line 273, in _create_connection
    return _ConnectionRecord(self)
           ^^^^^^^^^^^^^^^^^^^^^^^
  File "/home/airflow/.local/lib/python3.12/site-packages/sqlalchemy/pool/base.py", line 388, in __init__
    self.__connect()
  File "/home/airflow/.local/lib/python3.12/site-packages/sqlalchemy/pool/base.py", line 690, in __connect
    with util.safe_reraise():
         ^^^^^^^^^^^^^^^^^^^
  File "/home/airflow/.local/lib/python3.12/site-packages/sqlalchemy/util/langhelpers.py", line 70, in __exit__
    compat.raise_(
  File "/home/airflow/.local/lib/python3.12/site-packages/sqlalchemy/util/compat.py", line 211, in raise_
    raise exception
  File "/home/airflow/.local/lib/python3.12/site-packages/sqlalchemy/pool/base.py", line 686, in __connect
    self.dbapi_connection = connection = pool._invoke_creator(self)
                                         ^^^^^^^^^^^^^^^^^^^^^^^^^^
  File "/home/airflow/.local/lib/python3.12/site-packages/sqlalchemy/engine/create.py", line 574, in connect
    return dialect.connect(*cargs, **cparams)
           ^^^^^^^^^^^^^^^^^^^^^^^^^^^^^^^^^^
  File "/home/airflow/.local/lib/python3.12/site-packages/sqlalchemy/engine/default.py", line 598, in connect
    return self.dbapi.connect(*cargs, **cparams)
           ^^^^^^^^^^^^^^^^^^^^^^^^^^^^^^^^^^^^^
  File "/home/airflow/.local/lib/python3.12/site-packages/psycopg2/__init__.py", line 122, in connect
    conn = _connect(dsn, connection_factory=connection_factory, **kwasync)
           ^^^^^^^^^^^^^^^^^^^^^^^^^^^^^^^^^^^^^^^^^^^^^^^^^^^^^^^^^^^^^^^
sqlalchemy.exc.OperationalError: (psycopg2.OperationalError) could not translate host name "postgres" to address: Temporary failure in name resolution

(Background on this error at: https://sqlalche.me/e/14/e3q8)
[2026-03-15T14:57:11.116+0000] {job.py:229} INFO - Heartbeat recovered after 34.60 seconds
[2026-03-15T14:57:11.161+0000] {logging_mixin.py:190} INFO - Task instance in failure state
[2026-03-15T14:57:11.162+0000] {logging_mixin.py:190} INFO - Task start:2026-03-15 14:56:40.903638+00:00 end:2026-03-15 14:57:11.159595+00:00 duration:30.255957
[2026-03-15T14:57:11.176+0000] {logging_mixin.py:190} INFO - Task:<Task(_PythonDecoratedOperator): olhc_branching.get_csv_open> dag:<DAG: dag_get_data_from_yf> dagrun:<DagRun dag_get_data_from_yf @ 2026-03-10 00:00:00+00:00: scheduled__2026-03-10T00:00:00+00:00, state:running, queued_at: 2026-03-15 14:52:01.621929+00:00. externally triggered: False>
[2026-03-15T14:57:11.234+0000] {logging_mixin.py:190} INFO - Failure caused by (psycopg2.OperationalError) could not translate host name "postgres" to address: Temporary failure in name resolution

(Background on this error at: https://sqlalche.me/e/14/e3q8)
[2026-03-15T14:57:11.255+0000] {taskinstance.py:1242} INFO - Marking task as FAILED. dag_id=dag_get_data_from_yf, task_id=olhc_branching.get_csv_open, run_id=scheduled__2026-03-10T00:00:00+00:00, execution_date=20260310T000000, start_date=20260315T145640, end_date=20260315T145711
[2026-03-15T14:57:12.032+0000] {taskinstance.py:349} INFO - ::group::Post task execution logs
[2026-03-15T14:57:12.082+0000] {standard_task_runner.py:124} ERROR - Failed to execute job 327 for task olhc_branching.get_csv_open ((psycopg2.OperationalError) could not translate host name "postgres" to address: Temporary failure in name resolution

(Background on this error at: https://sqlalche.me/e/14/e3q8); 4125)
Traceback (most recent call last):
  File "/home/airflow/.local/lib/python3.12/site-packages/sqlalchemy/engine/base.py", line 3371, in _wrap_pool_connect
    return fn()
           ^^^^
  File "/home/airflow/.local/lib/python3.12/site-packages/sqlalchemy/pool/base.py", line 327, in connect
    return _ConnectionFairy._checkout(self)
           ^^^^^^^^^^^^^^^^^^^^^^^^^^^^^^^^
  File "/home/airflow/.local/lib/python3.12/site-packages/sqlalchemy/pool/base.py", line 894, in _checkout
    fairy = _ConnectionRecord.checkout(pool)
            ^^^^^^^^^^^^^^^^^^^^^^^^^^^^^^^^
  File "/home/airflow/.local/lib/python3.12/site-packages/sqlalchemy/pool/base.py", line 493, in checkout
    rec = pool._do_get()
          ^^^^^^^^^^^^^^
  File "/home/airflow/.local/lib/python3.12/site-packages/sqlalchemy/pool/impl.py", line 256, in _do_get
    return self._create_connection()
           ^^^^^^^^^^^^^^^^^^^^^^^^^
  File "/home/airflow/.local/lib/python3.12/site-packages/sqlalchemy/pool/base.py", line 273, in _create_connection
    return _ConnectionRecord(self)
           ^^^^^^^^^^^^^^^^^^^^^^^
  File "/home/airflow/.local/lib/python3.12/site-packages/sqlalchemy/pool/base.py", line 388, in __init__
    self.__connect()
  File "/home/airflow/.local/lib/python3.12/site-packages/sqlalchemy/pool/base.py", line 690, in __connect
    with util.safe_reraise():
         ^^^^^^^^^^^^^^^^^^^
  File "/home/airflow/.local/lib/python3.12/site-packages/sqlalchemy/util/langhelpers.py", line 70, in __exit__
    compat.raise_(
  File "/home/airflow/.local/lib/python3.12/site-packages/sqlalchemy/util/compat.py", line 211, in raise_
    raise exception
  File "/home/airflow/.local/lib/python3.12/site-packages/sqlalchemy/pool/base.py", line 686, in __connect
    self.dbapi_connection = connection = pool._invoke_creator(self)
                                         ^^^^^^^^^^^^^^^^^^^^^^^^^^
  File "/home/airflow/.local/lib/python3.12/site-packages/sqlalchemy/engine/create.py", line 574, in connect
    return dialect.connect(*cargs, **cparams)
           ^^^^^^^^^^^^^^^^^^^^^^^^^^^^^^^^^^
  File "/home/airflow/.local/lib/python3.12/site-packages/sqlalchemy/engine/default.py", line 598, in connect
    return self.dbapi.connect(*cargs, **cparams)
           ^^^^^^^^^^^^^^^^^^^^^^^^^^^^^^^^^^^^^
  File "/home/airflow/.local/lib/python3.12/site-packages/psycopg2/__init__.py", line 122, in connect
    conn = _connect(dsn, connection_factory=connection_factory, **kwasync)
           ^^^^^^^^^^^^^^^^^^^^^^^^^^^^^^^^^^^^^^^^^^^^^^^^^^^^^^^^^^^^^^^
psycopg2.OperationalError: could not translate host name "postgres" to address: Temporary failure in name resolution


The above exception was the direct cause of the following exception:

Traceback (most recent call last):
  File "/home/airflow/.local/lib/python3.12/site-packages/airflow/task/task_runner/standard_task_runner.py", line 117, in _start_by_fork
    ret = args.func(args, dag=self.dag)
          ^^^^^^^^^^^^^^^^^^^^^^^^^^^^^
  File "/home/airflow/.local/lib/python3.12/site-packages/airflow/cli/cli_config.py", line 49, in command
    return func(*args, **kwargs)
           ^^^^^^^^^^^^^^^^^^^^^
  File "/home/airflow/.local/lib/python3.12/site-packages/airflow/utils/cli.py", line 116, in wrapper
    return f(*args, **kwargs)
           ^^^^^^^^^^^^^^^^^^
  File "/home/airflow/.local/lib/python3.12/site-packages/airflow/cli/commands/task_command.py", line 483, in task_run
    task_return_code = _run_task_by_selected_method(args, _dag, ti)
                       ^^^^^^^^^^^^^^^^^^^^^^^^^^^^^^^^^^^^^^^^^^^^
  File "/home/airflow/.local/lib/python3.12/site-packages/airflow/cli/commands/task_command.py", line 256, in _run_task_by_selected_method
    return _run_raw_task(args, ti)
           ^^^^^^^^^^^^^^^^^^^^^^^
  File "/home/airflow/.local/lib/python3.12/site-packages/airflow/cli/commands/task_command.py", line 341, in _run_raw_task
    return ti._run_raw_task(
           ^^^^^^^^^^^^^^^^^
  File "/home/airflow/.local/lib/python3.12/site-packages/airflow/utils/session.py", line 97, in wrapper
    return func(*args, session=session, **kwargs)
           ^^^^^^^^^^^^^^^^^^^^^^^^^^^^^^^^^^^^^^
  File "/home/airflow/.local/lib/python3.12/site-packages/airflow/models/taskinstance.py", line 3029, in _run_raw_task
    return _run_raw_task(
           ^^^^^^^^^^^^^^
  File "/home/airflow/.local/lib/python3.12/site-packages/airflow/models/taskinstance.py", line 282, in _run_raw_task
    TaskInstance._execute_task_with_callbacks(
  File "/home/airflow/.local/lib/python3.12/site-packages/airflow/models/taskinstance.py", line 3184, in _execute_task_with_callbacks
    result = self._execute_task(context, task_orig)
             ^^^^^^^^^^^^^^^^^^^^^^^^^^^^^^^^^^^^^^
  File "/home/airflow/.local/lib/python3.12/site-packages/airflow/models/taskinstance.py", line 3208, in _execute_task
    return _execute_task(self, context, task_orig)
           ^^^^^^^^^^^^^^^^^^^^^^^^^^^^^^^^^^^^^^^
  File "/home/airflow/.local/lib/python3.12/site-packages/airflow/models/taskinstance.py", line 798, in _execute_task
    task_instance.xcom_push(key=XCOM_RETURN_KEY, value=xcom_value, session=session_or_null)
  File "/home/airflow/.local/lib/python3.12/site-packages/airflow/utils/session.py", line 94, in wrapper
    return func(*args, **kwargs)
           ^^^^^^^^^^^^^^^^^^^^^
  File "/home/airflow/.local/lib/python3.12/site-packages/airflow/models/taskinstance.py", line 3668, in xcom_push
    XCom.set(
  File "/home/airflow/.local/lib/python3.12/site-packages/airflow/api_internal/internal_api_call.py", line 166, in wrapper
    return func(*args, **kwargs)
           ^^^^^^^^^^^^^^^^^^^^^
  File "/home/airflow/.local/lib/python3.12/site-packages/airflow/utils/session.py", line 94, in wrapper
    return func(*args, **kwargs)
           ^^^^^^^^^^^^^^^^^^^^^
  File "/home/airflow/.local/lib/python3.12/site-packages/airflow/models/xcom.py", line 225, in set
    dag_run_id = session.query(DagRun.id).filter_by(dag_id=dag_id, run_id=run_id).scalar()
                 ^^^^^^^^^^^^^^^^^^^^^^^^^^^^^^^^^^^^^^^^^^^^^^^^^^^^^^^^^^^^^^^^^^^^^^^^^
  File "/home/airflow/.local/lib/python3.12/site-packages/sqlalchemy/orm/query.py", line 2893, in scalar
    ret = self.one()
          ^^^^^^^^^^
  File "/home/airflow/.local/lib/python3.12/site-packages/sqlalchemy/orm/query.py", line 2870, in one
    return self._iter().one()
           ^^^^^^^^^^^^
  File "/home/airflow/.local/lib/python3.12/site-packages/sqlalchemy/orm/query.py", line 2916, in _iter
    result = self.session.execute(
             ^^^^^^^^^^^^^^^^^^^^^
  File "/home/airflow/.local/lib/python3.12/site-packages/sqlalchemy/orm/session.py", line 1716, in execute
    conn = self._connection_for_bind(bind)
           ^^^^^^^^^^^^^^^^^^^^^^^^^^^^^^^
  File "/home/airflow/.local/lib/python3.12/site-packages/sqlalchemy/orm/session.py", line 1555, in _connection_for_bind
    return self._transaction._connection_for_bind(
           ^^^^^^^^^^^^^^^^^^^^^^^^^^^^^^^^^^^^^^^
  File "/home/airflow/.local/lib/python3.12/site-packages/sqlalchemy/orm/session.py", line 750, in _connection_for_bind
    conn = bind.connect()
           ^^^^^^^^^^^^^^
  File "/home/airflow/.local/lib/python3.12/site-packages/sqlalchemy/future/engine.py", line 412, in connect
    return super(Engine, self).connect()
           ^^^^^^^^^^^^^^^^^^^^^^^^^^^^^
  File "/home/airflow/.local/lib/python3.12/site-packages/sqlalchemy/engine/base.py", line 3325, in connect
    return self._connection_cls(self, close_with_result=close_with_result)
           ^^^^^^^^^^^^^^^^^^^^^^^^^^^^^^^^^^^^^^^^^^^^^^^^^^^^^^^^^^^^^^^
  File "/home/airflow/.local/lib/python3.12/site-packages/sqlalchemy/engine/base.py", line 96, in __init__
    else engine.raw_connection()
         ^^^^^^^^^^^^^^^^^^^^^^^
  File "/home/airflow/.local/lib/python3.12/site-packages/sqlalchemy/engine/base.py", line 3404, in raw_connection
    return self._wrap_pool_connect(self.pool.connect, _connection)
           ^^^^^^^^^^^^^^^^^^^^^^^^^^^^^^^^^^^^^^^^^^^^^^^^^^^^^^^
  File "/home/airflow/.local/lib/python3.12/site-packages/sqlalchemy/engine/base.py", line 3374, in _wrap_pool_connect
    Connection._handle_dbapi_exception_noconnection(
  File "/home/airflow/.local/lib/python3.12/site-packages/sqlalchemy/engine/base.py", line 2208, in _handle_dbapi_exception_noconnection
    util.raise_(
  File "/home/airflow/.local/lib/python3.12/site-packages/sqlalchemy/util/compat.py", line 211, in raise_
    raise exception
  File "/home/airflow/.local/lib/python3.12/site-packages/sqlalchemy/engine/base.py", line 3371, in _wrap_pool_connect
    return fn()
           ^^^^
  File "/home/airflow/.local/lib/python3.12/site-packages/sqlalchemy/pool/base.py", line 327, in connect
    return _ConnectionFairy._checkout(self)
           ^^^^^^^^^^^^^^^^^^^^^^^^^^^^^^^^
  File "/home/airflow/.local/lib/python3.12/site-packages/sqlalchemy/pool/base.py", line 894, in _checkout
    fairy = _ConnectionRecord.checkout(pool)
            ^^^^^^^^^^^^^^^^^^^^^^^^^^^^^^^^
  File "/home/airflow/.local/lib/python3.12/site-packages/sqlalchemy/pool/base.py", line 493, in checkout
    rec = pool._do_get()
          ^^^^^^^^^^^^^^
  File "/home/airflow/.local/lib/python3.12/site-packages/sqlalchemy/pool/impl.py", line 256, in _do_get
    return self._create_connection()
           ^^^^^^^^^^^^^^^^^^^^^^^^^
  File "/home/airflow/.local/lib/python3.12/site-packages/sqlalchemy/pool/base.py", line 273, in _create_connection
    return _ConnectionRecord(self)
           ^^^^^^^^^^^^^^^^^^^^^^^
  File "/home/airflow/.local/lib/python3.12/site-packages/sqlalchemy/pool/base.py", line 388, in __init__
    self.__connect()
  File "/home/airflow/.local/lib/python3.12/site-packages/sqlalchemy/pool/base.py", line 690, in __connect
    with util.safe_reraise():
         ^^^^^^^^^^^^^^^^^^^
  File "/home/airflow/.local/lib/python3.12/site-packages/sqlalchemy/util/langhelpers.py", line 70, in __exit__
    compat.raise_(
  File "/home/airflow/.local/lib/python3.12/site-packages/sqlalchemy/util/compat.py", line 211, in raise_
    raise exception
  File "/home/airflow/.local/lib/python3.12/site-packages/sqlalchemy/pool/base.py", line 686, in __connect
    self.dbapi_connection = connection = pool._invoke_creator(self)
                                         ^^^^^^^^^^^^^^^^^^^^^^^^^^
  File "/home/airflow/.local/lib/python3.12/site-packages/sqlalchemy/engine/create.py", line 574, in connect
    return dialect.connect(*cargs, **cparams)
           ^^^^^^^^^^^^^^^^^^^^^^^^^^^^^^^^^^
  File "/home/airflow/.local/lib/python3.12/site-packages/sqlalchemy/engine/default.py", line 598, in connect
    return self.dbapi.connect(*cargs, **cparams)
           ^^^^^^^^^^^^^^^^^^^^^^^^^^^^^^^^^^^^^
  File "/home/airflow/.local/lib/python3.12/site-packages/psycopg2/__init__.py", line 122, in connect
    conn = _connect(dsn, connection_factory=connection_factory, **kwasync)
           ^^^^^^^^^^^^^^^^^^^^^^^^^^^^^^^^^^^^^^^^^^^^^^^^^^^^^^^^^^^^^^^
sqlalchemy.exc.OperationalError: (psycopg2.OperationalError) could not translate host name "postgres" to address: Temporary failure in name resolution

(Background on this error at: https://sqlalche.me/e/14/e3q8)
[2026-03-15T14:57:12.412+0000] {local_task_job_runner.py:266} INFO - Task exited with return code 1
[2026-03-15T14:57:12.914+0000] {local_task_job_runner.py:245} INFO - ::endgroup::
[2026-03-15T15:23:27.415+0000] {local_task_job_runner.py:123} INFO - ::group::Pre task execution logs
[2026-03-15T15:23:27.690+0000] {taskinstance.py:2631} INFO - Dependencies all met for dep_context=non-requeueable deps ti=<TaskInstance: dag_get_data_from_yf.olhc_branching.get_csv_open scheduled__2026-03-10T00:00:00+00:00 [queued]>
[2026-03-15T15:23:27.820+0000] {taskinstance.py:2631} INFO - Dependencies all met for dep_context=requeueable deps ti=<TaskInstance: dag_get_data_from_yf.olhc_branching.get_csv_open scheduled__2026-03-10T00:00:00+00:00 [queued]>
[2026-03-15T15:23:27.821+0000] {taskinstance.py:2884} INFO - Starting attempt 1 of 1
[2026-03-15T15:23:27.989+0000] {taskinstance.py:2907} INFO - Executing <Task(_PythonDecoratedOperator): olhc_branching.get_csv_open> on 2026-03-10 00:00:00+00:00
[2026-03-15T15:23:28.072+0000] {warnings.py:112} WARNING - /home/***/.local/lib/python3.12/site-packages/***/task/task_runner/standard_task_runner.py:70: DeprecationWarning: This process (pid=705) is multi-threaded, use of fork() may lead to deadlocks in the child.
  pid = os.fork()

[2026-03-15T15:23:28.091+0000] {standard_task_runner.py:72} INFO - Started process 894 to run task
[2026-03-15T15:23:28.092+0000] {standard_task_runner.py:104} INFO - Running: ['***', 'tasks', 'run', 'dag_get_data_from_yf', 'olhc_branching.get_csv_open', 'scheduled__2026-03-10T00:00:00+00:00', '--job-id', '466', '--raw', '--subdir', 'DAGS_FOLDER/get_finance_yf_csv.py', '--cfg-path', '/tmp/tmpww0plxqe']
[2026-03-15T15:23:28.114+0000] {standard_task_runner.py:105} INFO - Job 466: Subtask olhc_branching.get_csv_open
[2026-03-15T15:23:28.737+0000] {task_command.py:467} INFO - Running <TaskInstance: dag_get_data_from_yf.olhc_branching.get_csv_open scheduled__2026-03-10T00:00:00+00:00 [running]> on host c2f7721b6bb3
[2026-03-15T15:23:30.083+0000] {taskinstance.py:3157} INFO - Exporting env vars: AIRFLOW_CTX_DAG_OWNER='***' AIRFLOW_CTX_DAG_ID='dag_get_data_from_yf' AIRFLOW_CTX_TASK_ID='olhc_branching.get_csv_open' AIRFLOW_CTX_EXECUTION_DATE='2026-03-10T00:00:00+00:00' AIRFLOW_CTX_TRY_NUMBER='1' AIRFLOW_CTX_DAG_RUN_ID='scheduled__2026-03-10T00:00:00+00:00'
[2026-03-15T15:23:30.100+0000] {logging_mixin.py:190} INFO - Task instance is in running state
[2026-03-15T15:23:30.118+0000] {logging_mixin.py:190} INFO -  Previous state of the Task instance: queued
[2026-03-15T15:23:30.121+0000] {logging_mixin.py:190} INFO - Current task name:olhc_branching.get_csv_open state:running start_date:2026-03-15 15:23:27.704115+00:00
[2026-03-15T15:23:30.123+0000] {logging_mixin.py:190} INFO - Dag name:dag_get_data_from_yf and current dag run status:running
[2026-03-15T15:23:30.125+0000] {taskinstance.py:740} INFO - ::endgroup::
[2026-03-15T15:23:30.300+0000] {logging_mixin.py:190} INFO - None
[2026-03-15T15:23:30.302+0000] {python.py:240} INFO - Done. Returned value was: /opt/***/scripts/saham_indonesia_open.csv
[2026-03-15T15:23:30.572+0000] {taskinstance.py:349} INFO - ::group::Post task execution logs
[2026-03-15T15:23:30.573+0000] {taskinstance.py:361} INFO - Marking task as SUCCESS. dag_id=dag_get_data_from_yf, task_id=olhc_branching.get_csv_open, run_id=scheduled__2026-03-10T00:00:00+00:00, execution_date=20260310T000000, start_date=20260315T152327, end_date=20260315T152330
[2026-03-15T15:23:30.715+0000] {logging_mixin.py:190} INFO - Task instance in success state
[2026-03-15T15:23:30.716+0000] {logging_mixin.py:190} INFO -  Previous state of the Task instance: running
[2026-03-15T15:23:30.717+0000] {logging_mixin.py:190} INFO - Dag name:dag_get_data_from_yf queued_at:2026-03-15 15:18:40.438706+00:00
[2026-03-15T15:23:30.717+0000] {logging_mixin.py:190} INFO - Task hostname:c2f7721b6bb3 operator:_PythonDecoratedOperator
[2026-03-15T15:23:30.850+0000] {local_task_job_runner.py:266} INFO - Task exited with return code 0
[2026-03-15T15:23:30.907+0000] {local_task_job_runner.py:245} INFO - ::endgroup::
[2026-03-15T16:20:26.986+0000] {local_task_job_runner.py:123} INFO - ::group::Pre task execution logs
[2026-03-15T16:20:27.337+0000] {taskinstance.py:2631} INFO - Dependencies all met for dep_context=non-requeueable deps ti=<TaskInstance: dag_get_data_from_yf.olhc_branching.get_csv_open scheduled__2026-03-10T00:00:00+00:00 [queued]>
[2026-03-15T16:20:27.420+0000] {taskinstance.py:2631} INFO - Dependencies all met for dep_context=requeueable deps ti=<TaskInstance: dag_get_data_from_yf.olhc_branching.get_csv_open scheduled__2026-03-10T00:00:00+00:00 [queued]>
[2026-03-15T16:20:27.424+0000] {taskinstance.py:2884} INFO - Starting attempt 1 of 1
[2026-03-15T16:20:27.618+0000] {taskinstance.py:2907} INFO - Executing <Task(_PythonDecoratedOperator): olhc_branching.get_csv_open> on 2026-03-10 00:00:00+00:00
[2026-03-15T16:20:27.730+0000] {warnings.py:112} WARNING - /home/***/.local/lib/python3.12/site-packages/***/task/task_runner/standard_task_runner.py:70: DeprecationWarning: This process (pid=2509) is multi-threaded, use of fork() may lead to deadlocks in the child.
  pid = os.fork()

[2026-03-15T16:20:27.767+0000] {standard_task_runner.py:72} INFO - Started process 2637 to run task
[2026-03-15T16:20:27.765+0000] {standard_task_runner.py:104} INFO - Running: ['***', 'tasks', 'run', 'dag_get_data_from_yf', 'olhc_branching.get_csv_open', 'scheduled__2026-03-10T00:00:00+00:00', '--job-id', '585', '--raw', '--subdir', 'DAGS_FOLDER/get_finance_yf_csv.py', '--cfg-path', '/tmp/tmpb99jj0as']
[2026-03-15T16:20:27.769+0000] {standard_task_runner.py:105} INFO - Job 585: Subtask olhc_branching.get_csv_open
[2026-03-15T16:20:28.171+0000] {task_command.py:467} INFO - Running <TaskInstance: dag_get_data_from_yf.olhc_branching.get_csv_open scheduled__2026-03-10T00:00:00+00:00 [running]> on host c2f7721b6bb3
[2026-03-15T16:20:29.730+0000] {taskinstance.py:3157} INFO - Exporting env vars: AIRFLOW_CTX_DAG_OWNER='***' AIRFLOW_CTX_DAG_ID='dag_get_data_from_yf' AIRFLOW_CTX_TASK_ID='olhc_branching.get_csv_open' AIRFLOW_CTX_EXECUTION_DATE='2026-03-10T00:00:00+00:00' AIRFLOW_CTX_TRY_NUMBER='1' AIRFLOW_CTX_DAG_RUN_ID='scheduled__2026-03-10T00:00:00+00:00'
[2026-03-15T16:20:29.733+0000] {logging_mixin.py:190} INFO - Task instance is in running state
[2026-03-15T16:20:29.735+0000] {logging_mixin.py:190} INFO -  Previous state of the Task instance: queued
[2026-03-15T16:20:29.736+0000] {logging_mixin.py:190} INFO - Current task name:olhc_branching.get_csv_open state:running start_date:2026-03-15 16:20:27.338842+00:00
[2026-03-15T16:20:29.737+0000] {logging_mixin.py:190} INFO - Dag name:dag_get_data_from_yf and current dag run status:running
[2026-03-15T16:20:29.738+0000] {taskinstance.py:740} INFO - ::endgroup::
[2026-03-15T16:20:29.754+0000] {logging_mixin.py:190} INFO - None
[2026-03-15T16:20:29.755+0000] {python.py:240} INFO - Done. Returned value was: /opt/***/scripts/saham_indonesia_open.csv
[2026-03-15T16:20:29.961+0000] {taskinstance.py:349} INFO - ::group::Post task execution logs
[2026-03-15T16:20:29.962+0000] {taskinstance.py:361} INFO - Marking task as SUCCESS. dag_id=dag_get_data_from_yf, task_id=olhc_branching.get_csv_open, run_id=scheduled__2026-03-10T00:00:00+00:00, execution_date=20260310T000000, start_date=20260315T162027, end_date=20260315T162029
[2026-03-15T16:20:30.152+0000] {logging_mixin.py:190} INFO - Task instance in success state
[2026-03-15T16:20:30.153+0000] {logging_mixin.py:190} INFO -  Previous state of the Task instance: running
[2026-03-15T16:20:30.153+0000] {logging_mixin.py:190} INFO - Dag name:dag_get_data_from_yf queued_at:2026-03-15 16:14:41.481894+00:00
[2026-03-15T16:20:30.154+0000] {logging_mixin.py:190} INFO - Task hostname:c2f7721b6bb3 operator:_PythonDecoratedOperator
[2026-03-15T16:20:30.277+0000] {local_task_job_runner.py:266} INFO - Task exited with return code 0
[2026-03-15T16:20:30.437+0000] {taskinstance.py:3924} INFO - 0 downstream tasks scheduled from follow-on schedule check
[2026-03-15T16:20:30.497+0000] {local_task_job_runner.py:245} INFO - ::endgroup::
[2026-03-16T04:33:13.552+0000] {local_task_job_runner.py:123} INFO - ::group::Pre task execution logs
[2026-03-16T04:33:14.111+0000] {taskinstance.py:2631} INFO - Dependencies all met for dep_context=non-requeueable deps ti=<TaskInstance: dag_get_data_from_yf.olhc_branching.get_csv_open scheduled__2026-03-10T00:00:00+00:00 [queued]>
[2026-03-16T04:33:14.197+0000] {taskinstance.py:2631} INFO - Dependencies all met for dep_context=requeueable deps ti=<TaskInstance: dag_get_data_from_yf.olhc_branching.get_csv_open scheduled__2026-03-10T00:00:00+00:00 [queued]>
[2026-03-16T04:33:14.212+0000] {taskinstance.py:2884} INFO - Starting attempt 1 of 1
[2026-03-16T04:33:14.894+0000] {taskinstance.py:2907} INFO - Executing <Task(_PythonDecoratedOperator): olhc_branching.get_csv_open> on 2026-03-10 00:00:00+00:00
[2026-03-16T04:33:14.963+0000] {warnings.py:112} WARNING - /home/***/.local/lib/python3.12/site-packages/***/task/task_runner/standard_task_runner.py:70: DeprecationWarning: This process (pid=883) is multi-threaded, use of fork() may lead to deadlocks in the child.
  pid = os.fork()

[2026-03-16T04:33:14.975+0000] {standard_task_runner.py:72} INFO - Started process 1059 to run task
[2026-03-16T04:33:15.103+0000] {standard_task_runner.py:104} INFO - Running: ['***', 'tasks', 'run', 'dag_get_data_from_yf', 'olhc_branching.get_csv_open', 'scheduled__2026-03-10T00:00:00+00:00', '--job-id', '726', '--raw', '--subdir', 'DAGS_FOLDER/get_finance_yf_csv.py', '--cfg-path', '/tmp/tmp6pzx5qqs']
[2026-03-16T04:33:15.124+0000] {standard_task_runner.py:105} INFO - Job 726: Subtask olhc_branching.get_csv_open
[2026-03-16T04:33:15.697+0000] {task_command.py:467} INFO - Running <TaskInstance: dag_get_data_from_yf.olhc_branching.get_csv_open scheduled__2026-03-10T00:00:00+00:00 [running]> on host 662456f34d26
[2026-03-16T04:33:17.280+0000] {taskinstance.py:3157} INFO - Exporting env vars: AIRFLOW_CTX_DAG_OWNER='***' AIRFLOW_CTX_DAG_ID='dag_get_data_from_yf' AIRFLOW_CTX_TASK_ID='olhc_branching.get_csv_open' AIRFLOW_CTX_EXECUTION_DATE='2026-03-10T00:00:00+00:00' AIRFLOW_CTX_TRY_NUMBER='1' AIRFLOW_CTX_DAG_RUN_ID='scheduled__2026-03-10T00:00:00+00:00'
[2026-03-16T04:33:17.291+0000] {logging_mixin.py:190} INFO - Task instance is in running state
[2026-03-16T04:33:17.305+0000] {logging_mixin.py:190} INFO -  Previous state of the Task instance: queued
[2026-03-16T04:33:17.306+0000] {logging_mixin.py:190} INFO - Current task name:olhc_branching.get_csv_open state:running start_date:2026-03-16 04:33:14.112541+00:00
[2026-03-16T04:33:17.308+0000] {logging_mixin.py:190} INFO - Dag name:dag_get_data_from_yf and current dag run status:running
[2026-03-16T04:33:17.309+0000] {taskinstance.py:740} INFO - ::endgroup::
[2026-03-16T04:33:17.356+0000] {logging_mixin.py:190} INFO - Ini csv_string_open:  None
[2026-03-16T04:33:17.358+0000] {python.py:240} INFO - Done. Returned value was: /opt/***/scripts/saham_indonesia_open.csv
[2026-03-16T04:33:17.494+0000] {taskinstance.py:349} INFO - ::group::Post task execution logs
[2026-03-16T04:33:17.500+0000] {taskinstance.py:361} INFO - Marking task as SUCCESS. dag_id=dag_get_data_from_yf, task_id=olhc_branching.get_csv_open, run_id=scheduled__2026-03-10T00:00:00+00:00, execution_date=20260310T000000, start_date=20260316T043314, end_date=20260316T043317
[2026-03-16T04:33:17.656+0000] {logging_mixin.py:190} INFO - Task instance in success state
[2026-03-16T04:33:17.656+0000] {logging_mixin.py:190} INFO -  Previous state of the Task instance: running
[2026-03-16T04:33:17.657+0000] {logging_mixin.py:190} INFO - Dag name:dag_get_data_from_yf queued_at:2026-03-16 04:26:39.586073+00:00
[2026-03-16T04:33:17.657+0000] {logging_mixin.py:190} INFO - Task hostname:662456f34d26 operator:_PythonDecoratedOperator
[2026-03-16T04:33:17.705+0000] {local_task_job_runner.py:266} INFO - Task exited with return code 0
[2026-03-16T04:33:17.989+0000] {taskinstance.py:3924} INFO - 0 downstream tasks scheduled from follow-on schedule check
[2026-03-16T04:33:17.999+0000] {local_task_job_runner.py:245} INFO - ::endgroup::
[2026-03-16T04:47:42.892+0000] {local_task_job_runner.py:123} INFO - ::group::Pre task execution logs
[2026-03-16T04:47:43.128+0000] {taskinstance.py:2631} INFO - Dependencies all met for dep_context=non-requeueable deps ti=<TaskInstance: dag_get_data_from_yf.olhc_branching.get_csv_open scheduled__2026-03-10T00:00:00+00:00 [queued]>
[2026-03-16T04:47:43.232+0000] {taskinstance.py:2631} INFO - Dependencies all met for dep_context=requeueable deps ti=<TaskInstance: dag_get_data_from_yf.olhc_branching.get_csv_open scheduled__2026-03-10T00:00:00+00:00 [queued]>
[2026-03-16T04:47:43.233+0000] {taskinstance.py:2884} INFO - Starting attempt 1 of 1
[2026-03-16T04:47:43.434+0000] {taskinstance.py:2907} INFO - Executing <Task(_PythonDecoratedOperator): olhc_branching.get_csv_open> on 2026-03-10 00:00:00+00:00
[2026-03-16T04:47:43.631+0000] {warnings.py:112} WARNING - /home/***/.local/lib/python3.12/site-packages/***/task/task_runner/standard_task_runner.py:70: DeprecationWarning: This process (pid=1895) is multi-threaded, use of fork() may lead to deadlocks in the child.
  pid = os.fork()

[2026-03-16T04:47:43.657+0000] {standard_task_runner.py:104} INFO - Running: ['***', 'tasks', 'run', 'dag_get_data_from_yf', 'olhc_branching.get_csv_open', 'scheduled__2026-03-10T00:00:00+00:00', '--job-id', '807', '--raw', '--subdir', 'DAGS_FOLDER/get_finance_yf_csv.py', '--cfg-path', '/tmp/tmphyvzrr_k']
[2026-03-16T04:47:43.671+0000] {standard_task_runner.py:105} INFO - Job 807: Subtask olhc_branching.get_csv_open
[2026-03-16T04:47:43.682+0000] {standard_task_runner.py:72} INFO - Started process 2108 to run task
[2026-03-16T04:47:44.314+0000] {task_command.py:467} INFO - Running <TaskInstance: dag_get_data_from_yf.olhc_branching.get_csv_open scheduled__2026-03-10T00:00:00+00:00 [running]> on host 662456f34d26
[2026-03-16T04:47:49.395+0000] {taskinstance.py:3157} INFO - Exporting env vars: AIRFLOW_CTX_DAG_OWNER='***' AIRFLOW_CTX_DAG_ID='dag_get_data_from_yf' AIRFLOW_CTX_TASK_ID='olhc_branching.get_csv_open' AIRFLOW_CTX_EXECUTION_DATE='2026-03-10T00:00:00+00:00' AIRFLOW_CTX_TRY_NUMBER='1' AIRFLOW_CTX_DAG_RUN_ID='scheduled__2026-03-10T00:00:00+00:00'
[2026-03-16T04:47:49.434+0000] {logging_mixin.py:190} INFO - Task instance is in running state
[2026-03-16T04:47:49.435+0000] {logging_mixin.py:190} INFO -  Previous state of the Task instance: queued
[2026-03-16T04:47:49.436+0000] {logging_mixin.py:190} INFO - Current task name:olhc_branching.get_csv_open state:running start_date:2026-03-16 04:47:43.129398+00:00
[2026-03-16T04:47:49.437+0000] {logging_mixin.py:190} INFO - Dag name:dag_get_data_from_yf and current dag run status:running
[2026-03-16T04:47:49.437+0000] {taskinstance.py:740} INFO - ::endgroup::
[2026-03-16T04:47:49.742+0000] {logging_mixin.py:190} INFO - Ini csv_string_open:  None
[2026-03-16T04:47:49.743+0000] {python.py:240} INFO - Done. Returned value was: /opt/***/scripts/saham_indonesia_open.csv
[2026-03-16T04:47:50.130+0000] {taskinstance.py:349} INFO - ::group::Post task execution logs
[2026-03-16T04:47:50.131+0000] {taskinstance.py:361} INFO - Marking task as SUCCESS. dag_id=dag_get_data_from_yf, task_id=olhc_branching.get_csv_open, run_id=scheduled__2026-03-10T00:00:00+00:00, execution_date=20260310T000000, start_date=20260316T044743, end_date=20260316T044750
[2026-03-16T04:47:50.716+0000] {logging_mixin.py:190} INFO - Task instance in success state
[2026-03-16T04:47:50.717+0000] {logging_mixin.py:190} INFO -  Previous state of the Task instance: running
[2026-03-16T04:47:50.718+0000] {logging_mixin.py:190} INFO - Dag name:dag_get_data_from_yf queued_at:2026-03-16 04:41:07.065433+00:00
[2026-03-16T04:47:50.719+0000] {logging_mixin.py:190} INFO - Task hostname:662456f34d26 operator:_PythonDecoratedOperator
[2026-03-16T04:47:50.963+0000] {local_task_job_runner.py:266} INFO - Task exited with return code 0
[2026-03-16T04:47:51.090+0000] {local_task_job_runner.py:245} INFO - ::endgroup::
[2026-03-16T10:24:04.497+0000] {local_task_job_runner.py:123} INFO - ::group::Pre task execution logs
[2026-03-16T10:24:04.769+0000] {taskinstance.py:2631} INFO - Dependencies all met for dep_context=non-requeueable deps ti=<TaskInstance: dag_get_data_from_yf.olhc_branching.get_csv_open scheduled__2026-03-10T00:00:00+00:00 [queued]>
[2026-03-16T10:24:04.826+0000] {taskinstance.py:2631} INFO - Dependencies all met for dep_context=requeueable deps ti=<TaskInstance: dag_get_data_from_yf.olhc_branching.get_csv_open scheduled__2026-03-10T00:00:00+00:00 [queued]>
[2026-03-16T10:24:04.829+0000] {taskinstance.py:2884} INFO - Starting attempt 1 of 1
[2026-03-16T10:24:04.889+0000] {taskinstance.py:2907} INFO - Executing <Task(_PythonDecoratedOperator): olhc_branching.get_csv_open> on 2026-03-10 00:00:00+00:00
[2026-03-16T10:24:05.061+0000] {warnings.py:112} WARNING - /home/***/.local/lib/python3.12/site-packages/***/task/task_runner/standard_task_runner.py:70: DeprecationWarning: This process (pid=1139) is multi-threaded, use of fork() may lead to deadlocks in the child.
  pid = os.fork()

[2026-03-16T10:24:05.128+0000] {standard_task_runner.py:104} INFO - Running: ['***', 'tasks', 'run', 'dag_get_data_from_yf', 'olhc_branching.get_csv_open', 'scheduled__2026-03-10T00:00:00+00:00', '--job-id', '975', '--raw', '--subdir', 'DAGS_FOLDER/get_finance_yf_csv.py', '--cfg-path', '/tmp/tmpb090bqqn']
[2026-03-16T10:24:05.064+0000] {standard_task_runner.py:72} INFO - Started process 1331 to run task
[2026-03-16T10:24:05.173+0000] {standard_task_runner.py:105} INFO - Job 975: Subtask olhc_branching.get_csv_open
[2026-03-16T10:24:06.592+0000] {task_command.py:467} INFO - Running <TaskInstance: dag_get_data_from_yf.olhc_branching.get_csv_open scheduled__2026-03-10T00:00:00+00:00 [running]> on host b3714f9398e4
[2026-03-16T10:24:08.043+0000] {taskinstance.py:3157} INFO - Exporting env vars: AIRFLOW_CTX_DAG_OWNER='***' AIRFLOW_CTX_DAG_ID='dag_get_data_from_yf' AIRFLOW_CTX_TASK_ID='olhc_branching.get_csv_open' AIRFLOW_CTX_EXECUTION_DATE='2026-03-10T00:00:00+00:00' AIRFLOW_CTX_TRY_NUMBER='1' AIRFLOW_CTX_DAG_RUN_ID='scheduled__2026-03-10T00:00:00+00:00'
[2026-03-16T10:24:08.046+0000] {logging_mixin.py:190} INFO - Task instance is in running state
[2026-03-16T10:24:08.046+0000] {logging_mixin.py:190} INFO -  Previous state of the Task instance: queued
[2026-03-16T10:24:08.047+0000] {logging_mixin.py:190} INFO - Current task name:olhc_branching.get_csv_open state:running start_date:2026-03-16 10:24:04.770477+00:00
[2026-03-16T10:24:08.047+0000] {logging_mixin.py:190} INFO - Dag name:dag_get_data_from_yf and current dag run status:running
[2026-03-16T10:24:08.048+0000] {taskinstance.py:740} INFO - ::endgroup::
[2026-03-16T10:24:08.090+0000] {logging_mixin.py:190} INFO - Ini csv_string_open:  None
[2026-03-16T10:24:08.094+0000] {python.py:240} INFO - Done. Returned value was: /opt/***/scripts/saham_indonesia_open.csv
[2026-03-16T10:24:08.350+0000] {taskinstance.py:349} INFO - ::group::Post task execution logs
[2026-03-16T10:24:08.353+0000] {taskinstance.py:361} INFO - Marking task as SUCCESS. dag_id=dag_get_data_from_yf, task_id=olhc_branching.get_csv_open, run_id=scheduled__2026-03-10T00:00:00+00:00, execution_date=20260310T000000, start_date=20260316T102404, end_date=20260316T102408
[2026-03-16T10:24:08.761+0000] {logging_mixin.py:190} INFO - Task instance in success state
[2026-03-16T10:24:08.763+0000] {logging_mixin.py:190} INFO -  Previous state of the Task instance: running
[2026-03-16T10:24:08.764+0000] {logging_mixin.py:190} INFO - Dag name:dag_get_data_from_yf queued_at:2026-03-16 10:15:50.370035+00:00
[2026-03-16T10:24:08.765+0000] {logging_mixin.py:190} INFO - Task hostname:b3714f9398e4 operator:_PythonDecoratedOperator
[2026-03-16T10:24:08.846+0000] {local_task_job_runner.py:266} INFO - Task exited with return code 0
[2026-03-16T10:24:08.936+0000] {taskinstance.py:3924} INFO - 0 downstream tasks scheduled from follow-on schedule check
[2026-03-16T10:24:08.977+0000] {local_task_job_runner.py:245} INFO - ::endgroup::
[2026-03-16T14:15:36.977+0000] {local_task_job_runner.py:123} INFO - ::group::Pre task execution logs
[2026-03-16T14:15:37.220+0000] {taskinstance.py:2621} INFO - Dependencies not met for <TaskInstance: dag_get_data_from_yf.olhc_branching.get_csv_open scheduled__2026-03-10T00:00:00+00:00 [scheduled]>, dependency 'Task Instance State' FAILED: Task is in the 'scheduled' state.
[2026-03-16T14:15:37.241+0000] {local_task_job_runner.py:166} INFO - Task is not able to be run
[2026-03-16T14:16:44.603+0000] {local_task_job_runner.py:123} INFO - ::group::Pre task execution logs
[2026-03-16T14:16:44.725+0000] {taskinstance.py:2631} INFO - Dependencies all met for dep_context=non-requeueable deps ti=<TaskInstance: dag_get_data_from_yf.olhc_branching.get_csv_open scheduled__2026-03-10T00:00:00+00:00 [queued]>
[2026-03-16T14:16:44.775+0000] {taskinstance.py:2631} INFO - Dependencies all met for dep_context=requeueable deps ti=<TaskInstance: dag_get_data_from_yf.olhc_branching.get_csv_open scheduled__2026-03-10T00:00:00+00:00 [queued]>
[2026-03-16T14:16:44.776+0000] {taskinstance.py:2884} INFO - Starting attempt 1 of 1
[2026-03-16T14:16:45.094+0000] {taskinstance.py:2907} INFO - Executing <Task(_PythonDecoratedOperator): olhc_branching.get_csv_open> on 2026-03-10 00:00:00+00:00
[2026-03-16T14:16:45.191+0000] {warnings.py:112} WARNING - /home/***/.local/lib/python3.12/site-packages/***/task/task_runner/standard_task_runner.py:70: DeprecationWarning: This process (pid=992) is multi-threaded, use of fork() may lead to deadlocks in the child.
  pid = os.fork()

[2026-03-16T14:16:45.203+0000] {standard_task_runner.py:104} INFO - Running: ['***', 'tasks', 'run', 'dag_get_data_from_yf', 'olhc_branching.get_csv_open', 'scheduled__2026-03-10T00:00:00+00:00', '--job-id', '1114', '--raw', '--subdir', 'DAGS_FOLDER/get_finance_yf_csv.py', '--cfg-path', '/tmp/tmpj1gsnc5a']
[2026-03-16T14:16:45.206+0000] {standard_task_runner.py:105} INFO - Job 1114: Subtask olhc_branching.get_csv_open
[2026-03-16T14:16:45.214+0000] {standard_task_runner.py:72} INFO - Started process 1165 to run task
[2026-03-16T14:16:45.763+0000] {task_command.py:467} INFO - Running <TaskInstance: dag_get_data_from_yf.olhc_branching.get_csv_open scheduled__2026-03-10T00:00:00+00:00 [running]> on host 80c99acb76df
[2026-03-16T14:16:46.535+0000] {taskinstance.py:3157} INFO - Exporting env vars: AIRFLOW_CTX_DAG_OWNER='***' AIRFLOW_CTX_DAG_ID='dag_get_data_from_yf' AIRFLOW_CTX_TASK_ID='olhc_branching.get_csv_open' AIRFLOW_CTX_EXECUTION_DATE='2026-03-10T00:00:00+00:00' AIRFLOW_CTX_TRY_NUMBER='1' AIRFLOW_CTX_DAG_RUN_ID='scheduled__2026-03-10T00:00:00+00:00'
[2026-03-16T14:16:46.543+0000] {logging_mixin.py:190} INFO - Task instance is in running state
[2026-03-16T14:16:46.552+0000] {logging_mixin.py:190} INFO -  Previous state of the Task instance: queued
[2026-03-16T14:16:46.553+0000] {logging_mixin.py:190} INFO - Current task name:olhc_branching.get_csv_open state:running start_date:2026-03-16 14:16:44.726716+00:00
[2026-03-16T14:16:46.553+0000] {logging_mixin.py:190} INFO - Dag name:dag_get_data_from_yf and current dag run status:running
[2026-03-16T14:16:46.554+0000] {taskinstance.py:740} INFO - ::endgroup::
[2026-03-16T14:16:46.582+0000] {logging_mixin.py:190} INFO - Ini csv_string_open:  None
[2026-03-16T14:16:46.582+0000] {python.py:240} INFO - Done. Returned value was: /opt/***/scripts/saham_indonesia_open.csv
[2026-03-16T14:16:46.780+0000] {taskinstance.py:349} INFO - ::group::Post task execution logs
[2026-03-16T14:16:46.781+0000] {taskinstance.py:361} INFO - Marking task as SUCCESS. dag_id=dag_get_data_from_yf, task_id=olhc_branching.get_csv_open, run_id=scheduled__2026-03-10T00:00:00+00:00, execution_date=20260310T000000, start_date=20260316T141644, end_date=20260316T141646
[2026-03-16T14:16:46.901+0000] {logging_mixin.py:190} INFO - Task instance in success state
[2026-03-16T14:16:46.902+0000] {logging_mixin.py:190} INFO -  Previous state of the Task instance: running
[2026-03-16T14:16:46.903+0000] {logging_mixin.py:190} INFO - Dag name:dag_get_data_from_yf queued_at:2026-03-16 10:57:54.535745+00:00
[2026-03-16T14:16:46.903+0000] {logging_mixin.py:190} INFO - Task hostname:80c99acb76df operator:_PythonDecoratedOperator
[2026-03-16T14:16:47.012+0000] {local_task_job_runner.py:266} INFO - Task exited with return code 0
[2026-03-16T14:16:47.115+0000] {local_task_job_runner.py:245} INFO - ::endgroup::
[2026-03-16T15:12:42.566+0000] {local_task_job_runner.py:123} INFO - ::group::Pre task execution logs
[2026-03-16T15:12:42.737+0000] {taskinstance.py:2631} INFO - Dependencies all met for dep_context=non-requeueable deps ti=<TaskInstance: dag_get_data_from_yf.olhc_branching.get_csv_open scheduled__2026-03-10T00:00:00+00:00 [queued]>
[2026-03-16T15:12:42.763+0000] {taskinstance.py:2631} INFO - Dependencies all met for dep_context=requeueable deps ti=<TaskInstance: dag_get_data_from_yf.olhc_branching.get_csv_open scheduled__2026-03-10T00:00:00+00:00 [queued]>
[2026-03-16T15:12:42.764+0000] {taskinstance.py:2884} INFO - Starting attempt 1 of 1
[2026-03-16T15:12:42.802+0000] {taskinstance.py:2907} INFO - Executing <Task(_PythonDecoratedOperator): olhc_branching.get_csv_open> on 2026-03-10 00:00:00+00:00
[2026-03-16T15:12:42.841+0000] {warnings.py:112} WARNING - /home/***/.local/lib/python3.12/site-packages/***/task/task_runner/standard_task_runner.py:70: DeprecationWarning: This process (pid=761) is multi-threaded, use of fork() may lead to deadlocks in the child.
  pid = os.fork()

[2026-03-16T15:12:42.903+0000] {standard_task_runner.py:72} INFO - Started process 916 to run task
[2026-03-16T15:12:42.900+0000] {standard_task_runner.py:104} INFO - Running: ['***', 'tasks', 'run', 'dag_get_data_from_yf', 'olhc_branching.get_csv_open', 'scheduled__2026-03-10T00:00:00+00:00', '--job-id', '1224', '--raw', '--subdir', 'DAGS_FOLDER/get_finance_yf_csv.py', '--cfg-path', '/tmp/tmp61x01eyt']
[2026-03-16T15:12:42.918+0000] {standard_task_runner.py:105} INFO - Job 1224: Subtask olhc_branching.get_csv_open
[2026-03-16T15:12:43.432+0000] {task_command.py:467} INFO - Running <TaskInstance: dag_get_data_from_yf.olhc_branching.get_csv_open scheduled__2026-03-10T00:00:00+00:00 [running]> on host 82763a516181
[2026-03-16T15:12:44.225+0000] {taskinstance.py:3157} INFO - Exporting env vars: AIRFLOW_CTX_DAG_OWNER='***' AIRFLOW_CTX_DAG_ID='dag_get_data_from_yf' AIRFLOW_CTX_TASK_ID='olhc_branching.get_csv_open' AIRFLOW_CTX_EXECUTION_DATE='2026-03-10T00:00:00+00:00' AIRFLOW_CTX_TRY_NUMBER='1' AIRFLOW_CTX_DAG_RUN_ID='scheduled__2026-03-10T00:00:00+00:00'
[2026-03-16T15:12:44.230+0000] {logging_mixin.py:190} INFO - Task instance is in running state
[2026-03-16T15:12:44.231+0000] {logging_mixin.py:190} INFO -  Previous state of the Task instance: queued
[2026-03-16T15:12:44.232+0000] {logging_mixin.py:190} INFO - Current task name:olhc_branching.get_csv_open state:running start_date:2026-03-16 15:12:42.738601+00:00
[2026-03-16T15:12:44.232+0000] {logging_mixin.py:190} INFO - Dag name:dag_get_data_from_yf and current dag run status:running
[2026-03-16T15:12:44.233+0000] {taskinstance.py:740} INFO - ::endgroup::
[2026-03-16T15:12:44.248+0000] {logging_mixin.py:190} INFO - Ini csv_string_open:  None
[2026-03-16T15:12:44.249+0000] {python.py:240} INFO - Done. Returned value was: /opt/***/scripts/saham_indonesia_open.csv
[2026-03-16T15:12:44.336+0000] {taskinstance.py:349} INFO - ::group::Post task execution logs
[2026-03-16T15:12:44.337+0000] {taskinstance.py:361} INFO - Marking task as SUCCESS. dag_id=dag_get_data_from_yf, task_id=olhc_branching.get_csv_open, run_id=scheduled__2026-03-10T00:00:00+00:00, execution_date=20260310T000000, start_date=20260316T151242, end_date=20260316T151244
[2026-03-16T15:12:44.425+0000] {logging_mixin.py:190} INFO - Task instance in success state
[2026-03-16T15:12:44.426+0000] {logging_mixin.py:190} INFO -  Previous state of the Task instance: running
[2026-03-16T15:12:44.426+0000] {logging_mixin.py:190} INFO - Dag name:dag_get_data_from_yf queued_at:2026-03-16 15:04:45.771228+00:00
[2026-03-16T15:12:44.427+0000] {logging_mixin.py:190} INFO - Task hostname:82763a516181 operator:_PythonDecoratedOperator
[2026-03-16T15:12:44.461+0000] {local_task_job_runner.py:266} INFO - Task exited with return code 0
[2026-03-16T15:12:44.578+0000] {taskinstance.py:3924} INFO - 1 downstream tasks scheduled from follow-on schedule check
[2026-03-16T15:12:44.582+0000] {local_task_job_runner.py:245} INFO - ::endgroup::
