[2026-03-10T03:27:06.893+0000] {local_task_job_runner.py:123} INFO - ::group::Pre task execution logs
[2026-03-10T03:27:06.929+0000] {taskinstance.py:2631} INFO - Dependencies all met for dep_context=non-requeueable deps ti=<TaskInstance: execute_shell_script.execute_script_first scheduled__2026-03-10T03:26:00+00:00 [queued]>
[2026-03-10T03:27:06.941+0000] {taskinstance.py:2631} INFO - Dependencies all met for dep_context=requeueable deps ti=<TaskInstance: execute_shell_script.execute_script_first scheduled__2026-03-10T03:26:00+00:00 [queued]>
[2026-03-10T03:27:06.941+0000] {taskinstance.py:2884} INFO - Starting attempt 1 of 1
[2026-03-10T03:27:06.965+0000] {taskinstance.py:2907} INFO - Executing <Task(BashOperator): execute_script_first> on 2026-03-10 03:26:00+00:00
[2026-03-10T03:27:06.978+0000] {warnings.py:112} WARNING - /home/***/.local/lib/python3.12/site-packages/***/task/task_runner/standard_task_runner.py:70: DeprecationWarning: This process (pid=7054) is multi-threaded, use of fork() may lead to deadlocks in the child.
  pid = os.fork()

[2026-03-10T03:27:06.982+0000] {standard_task_runner.py:72} INFO - Started process 7058 to run task
[2026-03-10T03:27:06.983+0000] {standard_task_runner.py:104} INFO - Running: ['***', 'tasks', 'run', 'execute_shell_script', 'execute_script_first', 'scheduled__2026-03-10T03:26:00+00:00', '--job-id', '8516', '--raw', '--subdir', 'DAGS_FOLDER/executeShellScript.py', '--cfg-path', '/tmp/tmps_kkbfyc']
[2026-03-10T03:27:06.984+0000] {standard_task_runner.py:105} INFO - Job 8516: Subtask execute_script_first
[2026-03-10T03:27:07.083+0000] {task_command.py:467} INFO - Running <TaskInstance: execute_shell_script.execute_script_first scheduled__2026-03-10T03:26:00+00:00 [running]> on host 50d997f0c294
[2026-03-10T03:27:07.223+0000] {taskinstance.py:3157} INFO - Exporting env vars: AIRFLOW_CTX_DAG_OWNER='***' AIRFLOW_CTX_DAG_ID='execute_shell_script' AIRFLOW_CTX_TASK_ID='execute_script_first' AIRFLOW_CTX_EXECUTION_DATE='2026-03-10T03:26:00+00:00' AIRFLOW_CTX_TRY_NUMBER='1' AIRFLOW_CTX_DAG_RUN_ID='scheduled__2026-03-10T03:26:00+00:00'
[2026-03-10T03:27:07.225+0000] {logging_mixin.py:190} INFO - Task instance is in running state
[2026-03-10T03:27:07.225+0000] {logging_mixin.py:190} INFO -  Previous state of the Task instance: queued
[2026-03-10T03:27:07.226+0000] {logging_mixin.py:190} INFO - Current task name:execute_script_first state:running start_date:2026-03-10 03:27:06.929550+00:00
[2026-03-10T03:27:07.226+0000] {logging_mixin.py:190} INFO - Dag name:execute_shell_script and current dag run status:running
[2026-03-10T03:27:07.226+0000] {taskinstance.py:740} INFO - ::endgroup::
[2026-03-10T03:27:07.228+0000] {subprocess.py:78} INFO - Tmp dir root location: /tmp
[2026-03-10T03:27:07.229+0000] {subprocess.py:88} INFO - Running command: ['/usr/bin/bash', '-c', 'sh /opt/***/scripts/SampleShellScript.sh /opt/***/scripts/task_output1.txt']
[2026-03-10T03:27:07.250+0000] {subprocess.py:99} INFO - Output:
[2026-03-10T03:27:07.253+0000] {subprocess.py:106} INFO - File '/opt/***/scripts/task_output1.txt' dibuat dengan sample text.
[2026-03-10T03:27:07.254+0000] {subprocess.py:110} INFO - Command exited with return code 0
[2026-03-10T03:27:07.297+0000] {taskinstance.py:349} INFO - ::group::Post task execution logs
[2026-03-10T03:27:07.298+0000] {taskinstance.py:361} INFO - Marking task as SUCCESS. dag_id=execute_shell_script, task_id=execute_script_first, run_id=scheduled__2026-03-10T03:26:00+00:00, execution_date=20260310T032600, start_date=20260310T032706, end_date=20260310T032707
[2026-03-10T03:27:07.345+0000] {logging_mixin.py:190} INFO - Task instance in success state
[2026-03-10T03:27:07.345+0000] {logging_mixin.py:190} INFO -  Previous state of the Task instance: running
[2026-03-10T03:27:07.346+0000] {logging_mixin.py:190} INFO - Dag name:execute_shell_script queued_at:2026-03-10 03:27:00.270409+00:00
[2026-03-10T03:27:07.346+0000] {logging_mixin.py:190} INFO - Task hostname:50d997f0c294 operator:BashOperator
[2026-03-10T03:27:07.358+0000] {local_task_job_runner.py:266} INFO - Task exited with return code 0
[2026-03-10T03:27:07.397+0000] {taskinstance.py:3924} INFO - 1 downstream tasks scheduled from follow-on schedule check
[2026-03-10T03:27:07.400+0000] {local_task_job_runner.py:245} INFO - ::endgroup::
