[2026-03-09T01:33:40.512+0000] {local_task_job_runner.py:123} INFO - ::group::Pre task execution logs
[2026-03-09T01:33:40.618+0000] {taskinstance.py:2631} INFO - Dependencies all met for dep_context=non-requeueable deps ti=<TaskInstance: execute_shell_script.execute_script_first scheduled__2026-03-09T01:32:00+00:00 [queued]>
[2026-03-09T01:33:40.663+0000] {taskinstance.py:2631} INFO - Dependencies all met for dep_context=requeueable deps ti=<TaskInstance: execute_shell_script.execute_script_first scheduled__2026-03-09T01:32:00+00:00 [queued]>
[2026-03-09T01:33:40.664+0000] {taskinstance.py:2884} INFO - Starting attempt 1 of 1
[2026-03-09T01:33:40.740+0000] {taskinstance.py:2907} INFO - Executing <Task(BashOperator): execute_script_first> on 2026-03-09 01:32:00+00:00
[2026-03-09T01:33:40.758+0000] {warnings.py:112} WARNING - /home/***/.local/lib/python3.12/site-packages/***/task/task_runner/standard_task_runner.py:70: DeprecationWarning: This process (pid=659) is multi-threaded, use of fork() may lead to deadlocks in the child.
  pid = os.fork()

[2026-03-09T01:33:40.770+0000] {standard_task_runner.py:72} INFO - Started process 724 to run task
[2026-03-09T01:33:40.782+0000] {standard_task_runner.py:104} INFO - Running: ['***', 'tasks', 'run', 'execute_shell_script', 'execute_script_first', 'scheduled__2026-03-09T01:32:00+00:00', '--job-id', '4368', '--raw', '--subdir', 'DAGS_FOLDER/executeShellScript.py', '--cfg-path', '/tmp/tmp5pt2psug']
[2026-03-09T01:33:40.785+0000] {standard_task_runner.py:105} INFO - Job 4368: Subtask execute_script_first
[2026-03-09T01:33:41.165+0000] {task_command.py:467} INFO - Running <TaskInstance: execute_shell_script.execute_script_first scheduled__2026-03-09T01:32:00+00:00 [running]> on host 784953a7315d
[2026-03-09T01:33:41.683+0000] {taskinstance.py:3157} INFO - Exporting env vars: AIRFLOW_CTX_DAG_OWNER='***' AIRFLOW_CTX_DAG_ID='execute_shell_script' AIRFLOW_CTX_TASK_ID='execute_script_first' AIRFLOW_CTX_EXECUTION_DATE='2026-03-09T01:32:00+00:00' AIRFLOW_CTX_TRY_NUMBER='1' AIRFLOW_CTX_DAG_RUN_ID='scheduled__2026-03-09T01:32:00+00:00'
[2026-03-09T01:33:41.698+0000] {logging_mixin.py:190} INFO - Task instance is in running state
[2026-03-09T01:33:41.712+0000] {logging_mixin.py:190} INFO -  Previous state of the Task instance: queued
[2026-03-09T01:33:41.719+0000] {logging_mixin.py:190} INFO - Current task name:execute_script_first state:running start_date:2026-03-09 01:33:40.619828+00:00
[2026-03-09T01:33:41.720+0000] {logging_mixin.py:190} INFO - Dag name:execute_shell_script and current dag run status:running
[2026-03-09T01:33:41.725+0000] {taskinstance.py:740} INFO - ::endgroup::
[2026-03-09T01:33:41.729+0000] {subprocess.py:78} INFO - Tmp dir root location: /tmp
[2026-03-09T01:33:41.738+0000] {subprocess.py:88} INFO - Running command: ['/usr/bin/bash', '-c', 'sh /opt/***/scripts/SampleShellScript.sh /opt/***/scripts/task_output1.txt']
[2026-03-09T01:33:41.816+0000] {subprocess.py:99} INFO - Output:
[2026-03-09T01:33:41.817+0000] {subprocess.py:106} INFO - File '/opt/***/scripts/task_output1.txt' dibuat dengan sample text.
[2026-03-09T01:33:41.819+0000] {subprocess.py:110} INFO - Command exited with return code 0
[2026-03-09T01:33:41.919+0000] {taskinstance.py:349} INFO - ::group::Post task execution logs
[2026-03-09T01:33:41.920+0000] {taskinstance.py:361} INFO - Marking task as SUCCESS. dag_id=execute_shell_script, task_id=execute_script_first, run_id=scheduled__2026-03-09T01:32:00+00:00, execution_date=20260309T013200, start_date=20260309T013340, end_date=20260309T013341
[2026-03-09T01:33:42.147+0000] {logging_mixin.py:190} INFO - Task instance in success state
[2026-03-09T01:33:42.148+0000] {logging_mixin.py:190} INFO -  Previous state of the Task instance: running
[2026-03-09T01:33:42.148+0000] {logging_mixin.py:190} INFO - Dag name:execute_shell_script queued_at:2026-03-09 01:33:21.819116+00:00
[2026-03-09T01:33:42.149+0000] {logging_mixin.py:190} INFO - Task hostname:784953a7315d operator:BashOperator
[2026-03-09T01:33:42.187+0000] {local_task_job_runner.py:266} INFO - Task exited with return code 0
[2026-03-09T01:33:42.313+0000] {taskinstance.py:3924} INFO - 1 downstream tasks scheduled from follow-on schedule check
[2026-03-09T01:33:42.322+0000] {local_task_job_runner.py:245} INFO - ::endgroup::
