[2026-03-25T04:22:09.903+0000] {local_task_job_runner.py:123} INFO - ::group::Pre task execution logs
[2026-03-25T04:22:10.224+0000] {taskinstance.py:2631} INFO - Dependencies all met for dep_context=non-requeueable deps ti=<TaskInstance: dag_get_data_from_yf.insert_data_task manual__2026-03-25T04:18:40+00:00 map_index=28 [queued]>
[2026-03-25T04:22:10.380+0000] {taskinstance.py:2631} INFO - Dependencies all met for dep_context=requeueable deps ti=<TaskInstance: dag_get_data_from_yf.insert_data_task manual__2026-03-25T04:18:40+00:00 map_index=28 [queued]>
[2026-03-25T04:22:10.381+0000] {taskinstance.py:2884} INFO - Starting attempt 1 of 1
[2026-03-25T04:22:10.441+0000] {taskinstance.py:2907} INFO - Executing <Mapped(SQLExecuteQueryOperator): insert_data_task> on 2026-03-25 04:18:40+00:00
[2026-03-25T04:22:10.526+0000] {standard_task_runner.py:104} INFO - Running: ['***', 'tasks', 'run', 'dag_get_data_from_yf', 'insert_data_task', 'manual__2026-03-25T04:18:40+00:00', '--job-id', '2808', '--raw', '--subdir', 'DAGS_FOLDER/get_finance_yf_csv.py', '--cfg-path', '/tmp/tmpryyqz5ez', '--map-index', '28']
[2026-03-25T04:22:10.529+0000] {standard_task_runner.py:105} INFO - Job 2808: Subtask insert_data_task
[2026-03-25T04:22:10.510+0000] {warnings.py:112} WARNING - /home/***/.local/lib/python3.12/site-packages/***/task/task_runner/standard_task_runner.py:70: DeprecationWarning: This process (pid=545) is multi-threaded, use of fork() may lead to deadlocks in the child.
  pid = os.fork()

[2026-03-25T04:22:10.531+0000] {standard_task_runner.py:72} INFO - Started process 597 to run task
[2026-03-25T04:22:10.917+0000] {task_command.py:467} INFO - Running <TaskInstance: dag_get_data_from_yf.insert_data_task manual__2026-03-25T04:18:40+00:00 map_index=28 [running]> on host 709f8f45e3d8
[2026-03-25T04:22:11.821+0000] {taskinstance.py:3157} INFO - Exporting env vars: AIRFLOW_CTX_DAG_OWNER='***' AIRFLOW_CTX_DAG_ID='dag_get_data_from_yf' AIRFLOW_CTX_TASK_ID='insert_data_task' AIRFLOW_CTX_EXECUTION_DATE='2026-03-25T04:18:40+00:00' AIRFLOW_CTX_TRY_NUMBER='1' AIRFLOW_CTX_DAG_RUN_ID='manual__2026-03-25T04:18:40+00:00'
[2026-03-25T04:22:11.838+0000] {logging_mixin.py:190} INFO - Task instance is in running state
[2026-03-25T04:22:11.873+0000] {logging_mixin.py:190} INFO -  Previous state of the Task instance: queued
[2026-03-25T04:22:11.875+0000] {logging_mixin.py:190} INFO - Current task name:insert_data_task state:running start_date:2026-03-25 04:22:10.307341+00:00
[2026-03-25T04:22:11.876+0000] {logging_mixin.py:190} INFO - Dag name:dag_get_data_from_yf and current dag run status:running
[2026-03-25T04:22:11.888+0000] {taskinstance.py:740} INFO - ::endgroup::
[2026-03-25T04:22:11.891+0000] {sql.py:410} INFO - Executing:  INSERT INTO indonesian_stocks (date, ticker, close, high, low, open, inserted_at_timestamp_wib) 
                VALUES ('2026-03-12', 'BBRI.JK', '3570.0', '3610.0', '3570.0', '3580.0', '2026-03-25 11:18:55' )
                ON CONFLICT (date, ticker) DO NOTHING; 
[2026-03-25T04:22:11.895+0000] {crypto.py:82} WARNING - empty cryptography key - values will not be stored encrypted.
[2026-03-25T04:22:11.903+0000] {base.py:84} INFO - Retrieving connection 'db_custom'
[2026-03-25T04:22:11.936+0000] {base.py:84} INFO - Retrieving connection 'db_custom'
[2026-03-25T04:22:11.985+0000] {sql.py:861} INFO - Running statement:  INSERT INTO indonesian_stocks (date, ticker, close, high, low, open, inserted_at_timestamp_wib) 
                VALUES ('2026-03-12', 'BBRI.JK', '3570.0', '3610.0', '3570.0', '3580.0', '2026-03-25 11:18:55' )
                ON CONFLICT (date, ticker) DO NOTHING; , parameters: None
[2026-03-25T04:22:12.015+0000] {sql.py:879} INFO - Rows affected: 1
[2026-03-25T04:22:12.092+0000] {taskinstance.py:349} INFO - ::group::Post task execution logs
[2026-03-25T04:22:12.093+0000] {taskinstance.py:361} INFO - Marking task as SUCCESS. dag_id=dag_get_data_from_yf, task_id=insert_data_task, run_id=manual__2026-03-25T04:18:40+00:00, map_index=28, execution_date=20260325T041840, start_date=20260325T042210, end_date=20260325T042212
[2026-03-25T04:22:12.300+0000] {logging_mixin.py:190} INFO - Task instance in success state
[2026-03-25T04:22:12.305+0000] {logging_mixin.py:190} INFO -  Previous state of the Task instance: running
[2026-03-25T04:22:12.306+0000] {logging_mixin.py:190} INFO - Dag name:dag_get_data_from_yf queued_at:2026-03-25 04:18:48.439319+00:00
[2026-03-25T04:22:12.306+0000] {logging_mixin.py:190} INFO - Task hostname:709f8f45e3d8 operator:SQLExecuteQueryOperator
[2026-03-25T04:22:12.463+0000] {local_task_job_runner.py:266} INFO - Task exited with return code 0
[2026-03-25T04:22:12.508+0000] {local_task_job_runner.py:245} INFO - ::endgroup::
