[2026-03-09T04:28:23.015+0000] {local_task_job_runner.py:123} INFO - ::group::Pre task execution logs
[2026-03-09T04:28:23.082+0000] {taskinstance.py:2631} INFO - Dependencies all met for dep_context=non-requeueable deps ti=<TaskInstance: dag_get_data_from_yf.get_csv_low scheduled__2026-03-09T04:27:00+00:00 [queued]>
[2026-03-09T04:28:23.104+0000] {taskinstance.py:2631} INFO - Dependencies all met for dep_context=requeueable deps ti=<TaskInstance: dag_get_data_from_yf.get_csv_low scheduled__2026-03-09T04:27:00+00:00 [queued]>
[2026-03-09T04:28:23.105+0000] {taskinstance.py:2884} INFO - Starting attempt 1 of 1
[2026-03-09T04:28:23.156+0000] {taskinstance.py:2907} INFO - Executing <Task(_PythonDecoratedOperator): get_csv_low> on 2026-03-09 04:27:00+00:00
[2026-03-09T04:28:23.181+0000] {warnings.py:112} WARNING - /home/***/.local/lib/python3.12/site-packages/***/task/task_runner/standard_task_runner.py:70: DeprecationWarning: This process (pid=4777) is multi-threaded, use of fork() may lead to deadlocks in the child.
  pid = os.fork()

[2026-03-09T04:28:23.184+0000] {standard_task_runner.py:72} INFO - Started process 4793 to run task
[2026-03-09T04:28:23.209+0000] {standard_task_runner.py:104} INFO - Running: ['***', 'tasks', 'run', 'dag_get_data_from_yf', 'get_csv_low', 'scheduled__2026-03-09T04:27:00+00:00', '--job-id', '6100', '--raw', '--subdir', 'DAGS_FOLDER/get_finance_yf_csv.py', '--cfg-path', '/tmp/tmptfw8xmw1']
[2026-03-09T04:28:23.214+0000] {standard_task_runner.py:105} INFO - Job 6100: Subtask get_csv_low
[2026-03-09T04:28:23.352+0000] {task_command.py:467} INFO - Running <TaskInstance: dag_get_data_from_yf.get_csv_low scheduled__2026-03-09T04:27:00+00:00 [running]> on host e96756f86073
[2026-03-09T04:28:24.085+0000] {taskinstance.py:3157} INFO - Exporting env vars: AIRFLOW_CTX_DAG_OWNER='***' AIRFLOW_CTX_DAG_ID='dag_get_data_from_yf' AIRFLOW_CTX_TASK_ID='get_csv_low' AIRFLOW_CTX_EXECUTION_DATE='2026-03-09T04:27:00+00:00' AIRFLOW_CTX_TRY_NUMBER='1' AIRFLOW_CTX_DAG_RUN_ID='scheduled__2026-03-09T04:27:00+00:00'
[2026-03-09T04:28:24.092+0000] {logging_mixin.py:190} INFO - Task instance is in running state
[2026-03-09T04:28:24.093+0000] {logging_mixin.py:190} INFO -  Previous state of the Task instance: queued
[2026-03-09T04:28:24.094+0000] {logging_mixin.py:190} INFO - Current task name:get_csv_low state:running start_date:2026-03-09 04:28:23.083722+00:00
[2026-03-09T04:28:24.094+0000] {logging_mixin.py:190} INFO - Dag name:dag_get_data_from_yf and current dag run status:running
[2026-03-09T04:28:24.095+0000] {taskinstance.py:740} INFO - ::endgroup::
[2026-03-09T04:28:24.108+0000] {logging_mixin.py:190} INFO - None
[2026-03-09T04:28:24.109+0000] {python.py:240} INFO - Done. Returned value was: /opt/***/scripts/saham_indonesia_low.csv
[2026-03-09T04:28:24.212+0000] {taskinstance.py:349} INFO - ::group::Post task execution logs
[2026-03-09T04:28:24.217+0000] {taskinstance.py:361} INFO - Marking task as SUCCESS. dag_id=dag_get_data_from_yf, task_id=get_csv_low, run_id=scheduled__2026-03-09T04:27:00+00:00, execution_date=20260309T042700, start_date=20260309T042823, end_date=20260309T042824
[2026-03-09T04:28:24.311+0000] {logging_mixin.py:190} INFO - Task instance in success state
[2026-03-09T04:28:24.312+0000] {logging_mixin.py:190} INFO -  Previous state of the Task instance: running
[2026-03-09T04:28:24.313+0000] {logging_mixin.py:190} INFO - Dag name:dag_get_data_from_yf queued_at:2026-03-09 04:28:00.467311+00:00
[2026-03-09T04:28:24.314+0000] {logging_mixin.py:190} INFO - Task hostname:e96756f86073 operator:_PythonDecoratedOperator
[2026-03-09T04:28:24.342+0000] {local_task_job_runner.py:266} INFO - Task exited with return code 0
[2026-03-09T04:28:24.375+0000] {local_task_job_runner.py:245} INFO - ::endgroup::
