[2026-03-25T07:31:31.287+0000] {local_task_job_runner.py:123} INFO - ::group::Pre task execution logs
[2026-03-25T07:31:31.353+0000] {taskinstance.py:2631} INFO - Dependencies all met for dep_context=non-requeueable deps ti=<TaskInstance: dag_get_data_from_yf.select_data_task manual__2026-03-25T07:25:58+00:00 [queued]>
[2026-03-25T07:31:31.384+0000] {taskinstance.py:2631} INFO - Dependencies all met for dep_context=requeueable deps ti=<TaskInstance: dag_get_data_from_yf.select_data_task manual__2026-03-25T07:25:58+00:00 [queued]>
[2026-03-25T07:31:31.384+0000] {taskinstance.py:2884} INFO - Starting attempt 1 of 1
[2026-03-25T07:31:31.421+0000] {taskinstance.py:2907} INFO - Executing <Task(SQLExecuteQueryOperator): select_data_task> on 2026-03-25 07:25:58+00:00
[2026-03-25T07:31:31.438+0000] {warnings.py:112} WARNING - /home/***/.local/lib/python3.12/site-packages/***/task/task_runner/standard_task_runner.py:70: DeprecationWarning: This process (pid=489) is multi-threaded, use of fork() may lead to deadlocks in the child.
  pid = os.fork()

[2026-03-25T07:31:31.441+0000] {standard_task_runner.py:72} INFO - Started process 491 to run task
[2026-03-25T07:31:31.442+0000] {standard_task_runner.py:104} INFO - Running: ['***', 'tasks', 'run', 'dag_get_data_from_yf', 'select_data_task', 'manual__2026-03-25T07:25:58+00:00', '--job-id', '2916', '--raw', '--subdir', 'DAGS_FOLDER/get_finance_yf_csv.py', '--cfg-path', '/tmp/tmpbahd73uy']
[2026-03-25T07:31:31.445+0000] {standard_task_runner.py:105} INFO - Job 2916: Subtask select_data_task
[2026-03-25T07:31:31.569+0000] {task_command.py:467} INFO - Running <TaskInstance: dag_get_data_from_yf.select_data_task manual__2026-03-25T07:25:58+00:00 [running]> on host dc21c86d4397
[2026-03-25T07:31:31.815+0000] {taskinstance.py:3157} INFO - Exporting env vars: AIRFLOW_CTX_DAG_OWNER='***' AIRFLOW_CTX_DAG_ID='dag_get_data_from_yf' AIRFLOW_CTX_TASK_ID='select_data_task' AIRFLOW_CTX_EXECUTION_DATE='2026-03-25T07:25:58+00:00' AIRFLOW_CTX_TRY_NUMBER='1' AIRFLOW_CTX_DAG_RUN_ID='manual__2026-03-25T07:25:58+00:00'
[2026-03-25T07:31:31.818+0000] {logging_mixin.py:190} INFO - Task instance is in running state
[2026-03-25T07:31:31.818+0000] {logging_mixin.py:190} INFO -  Previous state of the Task instance: queued
[2026-03-25T07:31:31.819+0000] {logging_mixin.py:190} INFO - Current task name:select_data_task state:running start_date:2026-03-25 07:31:31.354189+00:00
[2026-03-25T07:31:31.819+0000] {logging_mixin.py:190} INFO - Dag name:dag_get_data_from_yf and current dag run status:running
[2026-03-25T07:31:31.820+0000] {taskinstance.py:740} INFO - ::endgroup::
[2026-03-25T07:31:31.821+0000] {sql.py:410} INFO - Executing:  SELECT * FROM indonesian_stocks; 
[2026-03-25T07:31:31.823+0000] {crypto.py:82} WARNING - empty cryptography key - values will not be stored encrypted.
[2026-03-25T07:31:31.825+0000] {base.py:84} INFO - Retrieving connection 'db_custom'
[2026-03-25T07:31:31.836+0000] {base.py:84} INFO - Retrieving connection 'db_custom'
[2026-03-25T07:31:31.854+0000] {sql.py:861} INFO - Running statement:  SELECT * FROM indonesian_stocks; , parameters: None
[2026-03-25T07:31:31.862+0000] {sql.py:879} INFO - Rows affected: 18
[2026-03-25T07:31:31.957+0000] {taskinstance.py:349} INFO - ::group::Post task execution logs
[2026-03-25T07:31:31.958+0000] {taskinstance.py:361} INFO - Marking task as SUCCESS. dag_id=dag_get_data_from_yf, task_id=select_data_task, run_id=manual__2026-03-25T07:25:58+00:00, execution_date=20260325T072558, start_date=20260325T073131, end_date=20260325T073131
[2026-03-25T07:31:32.053+0000] {logging_mixin.py:190} INFO - Task instance in success state
[2026-03-25T07:31:32.055+0000] {logging_mixin.py:190} INFO -  Previous state of the Task instance: running
[2026-03-25T07:31:32.055+0000] {logging_mixin.py:190} INFO - Dag name:dag_get_data_from_yf queued_at:2026-03-25 07:31:17.045285+00:00
[2026-03-25T07:31:32.056+0000] {logging_mixin.py:190} INFO - Task hostname:dc21c86d4397 operator:SQLExecuteQueryOperator
[2026-03-25T07:31:32.078+0000] {local_task_job_runner.py:266} INFO - Task exited with return code 0
[2026-03-25T07:31:32.136+0000] {taskinstance.py:3924} INFO - 0 downstream tasks scheduled from follow-on schedule check
[2026-03-25T07:31:32.140+0000] {local_task_job_runner.py:245} INFO - ::endgroup::
