[2026-03-25T07:31:23.398+0000] {local_task_job_runner.py:123} INFO - ::group::Pre task execution logs
[2026-03-25T07:31:23.446+0000] {taskinstance.py:2631} INFO - Dependencies all met for dep_context=non-requeueable deps ti=<TaskInstance: dag_get_data_from_yf.insert_data_task manual__2026-03-25T07:25:58+00:00 map_index=6 [queued]>
[2026-03-25T07:31:23.465+0000] {taskinstance.py:2631} INFO - Dependencies all met for dep_context=requeueable deps ti=<TaskInstance: dag_get_data_from_yf.insert_data_task manual__2026-03-25T07:25:58+00:00 map_index=6 [queued]>
[2026-03-25T07:31:23.465+0000] {taskinstance.py:2884} INFO - Starting attempt 2 of 2
[2026-03-25T07:31:23.485+0000] {taskinstance.py:2907} INFO - Executing <Mapped(SQLExecuteQueryOperator): insert_data_task> on 2026-03-25 07:25:58+00:00
[2026-03-25T07:31:23.502+0000] {warnings.py:112} WARNING - /home/***/.local/lib/python3.12/site-packages/***/task/task_runner/standard_task_runner.py:70: DeprecationWarning: This process (pid=481) is multi-threaded, use of fork() may lead to deadlocks in the child.
  pid = os.fork()

[2026-03-25T07:31:23.504+0000] {standard_task_runner.py:72} INFO - Started process 485 to run task
[2026-03-25T07:31:23.506+0000] {standard_task_runner.py:104} INFO - Running: ['***', 'tasks', 'run', 'dag_get_data_from_yf', 'insert_data_task', 'manual__2026-03-25T07:25:58+00:00', '--job-id', '2914', '--raw', '--subdir', 'DAGS_FOLDER/get_finance_yf_csv.py', '--cfg-path', '/tmp/tmp689nia4f', '--map-index', '6']
[2026-03-25T07:31:23.508+0000] {standard_task_runner.py:105} INFO - Job 2914: Subtask insert_data_task
[2026-03-25T07:31:23.601+0000] {task_command.py:467} INFO - Running <TaskInstance: dag_get_data_from_yf.insert_data_task manual__2026-03-25T07:25:58+00:00 map_index=6 [running]> on host dc21c86d4397
[2026-03-25T07:31:23.740+0000] {taskinstance.py:3157} INFO - Exporting env vars: AIRFLOW_CTX_DAG_OWNER='***' AIRFLOW_CTX_DAG_ID='dag_get_data_from_yf' AIRFLOW_CTX_TASK_ID='insert_data_task' AIRFLOW_CTX_EXECUTION_DATE='2026-03-25T07:25:58+00:00' AIRFLOW_CTX_TRY_NUMBER='2' AIRFLOW_CTX_DAG_RUN_ID='manual__2026-03-25T07:25:58+00:00'
[2026-03-25T07:31:23.741+0000] {logging_mixin.py:190} INFO - Task instance is in running state
[2026-03-25T07:31:23.741+0000] {logging_mixin.py:190} INFO -  Previous state of the Task instance: queued
[2026-03-25T07:31:23.742+0000] {logging_mixin.py:190} INFO - Current task name:insert_data_task state:running start_date:2026-03-25 07:31:23.446830+00:00
[2026-03-25T07:31:23.742+0000] {logging_mixin.py:190} INFO - Dag name:dag_get_data_from_yf and current dag run status:running
[2026-03-25T07:31:23.742+0000] {taskinstance.py:740} INFO - ::endgroup::
[2026-03-25T07:31:23.743+0000] {sql.py:410} INFO - Executing:  INSERT INTO indonesian_stocks (date, ticker, close, high, low, open, inserted_at_timestamp_wib) 
                VALUES ('2026-03-03', 'BBCA.JK', '7075.0', '7125.0', '7025.0', '7075.0', '2026-03-25 14:26:12' )
                ON CONFLICT (date, ticker) DO NOTHING; 
[2026-03-25T07:31:23.744+0000] {crypto.py:82} WARNING - empty cryptography key - values will not be stored encrypted.
[2026-03-25T07:31:23.744+0000] {base.py:84} INFO - Retrieving connection 'db_custom'
[2026-03-25T07:31:23.750+0000] {base.py:84} INFO - Retrieving connection 'db_custom'
[2026-03-25T07:31:23.760+0000] {sql.py:861} INFO - Running statement:  INSERT INTO indonesian_stocks (date, ticker, close, high, low, open, inserted_at_timestamp_wib) 
                VALUES ('2026-03-03', 'BBCA.JK', '7075.0', '7125.0', '7025.0', '7075.0', '2026-03-25 14:26:12' )
                ON CONFLICT (date, ticker) DO NOTHING; , parameters: None
[2026-03-25T07:31:23.764+0000] {sql.py:879} INFO - Rows affected: 1
[2026-03-25T07:31:23.789+0000] {taskinstance.py:349} INFO - ::group::Post task execution logs
[2026-03-25T07:31:23.790+0000] {taskinstance.py:361} INFO - Marking task as SUCCESS. dag_id=dag_get_data_from_yf, task_id=insert_data_task, run_id=manual__2026-03-25T07:25:58+00:00, map_index=6, execution_date=20260325T072558, start_date=20260325T073123, end_date=20260325T073123
[2026-03-25T07:31:23.841+0000] {logging_mixin.py:190} INFO - Task instance in success state
[2026-03-25T07:31:23.842+0000] {logging_mixin.py:190} INFO -  Previous state of the Task instance: running
[2026-03-25T07:31:23.842+0000] {logging_mixin.py:190} INFO - Dag name:dag_get_data_from_yf queued_at:2026-03-25 07:31:17.045285+00:00
[2026-03-25T07:31:23.842+0000] {logging_mixin.py:190} INFO - Task hostname:dc21c86d4397 operator:SQLExecuteQueryOperator
[2026-03-25T07:31:23.856+0000] {local_task_job_runner.py:266} INFO - Task exited with return code 0
[2026-03-25T07:31:23.935+0000] {taskinstance.py:3924} INFO - 0 downstream tasks scheduled from follow-on schedule check
[2026-03-25T07:31:23.958+0000] {local_task_job_runner.py:245} INFO - ::endgroup::
