[2026-03-15T08:27:11.066+0000] {local_task_job_runner.py:123} INFO - ::group::Pre task execution logs
[2026-03-15T08:27:11.152+0000] {taskinstance.py:2631} INFO - Dependencies all met for dep_context=non-requeueable deps ti=<TaskInstance: dag_get_data_from_yf.get_data_from_yf scheduled__2025-01-03T00:00:00+00:00 [queued]>
[2026-03-15T08:27:11.176+0000] {taskinstance.py:2631} INFO - Dependencies all met for dep_context=requeueable deps ti=<TaskInstance: dag_get_data_from_yf.get_data_from_yf scheduled__2025-01-03T00:00:00+00:00 [queued]>
[2026-03-15T08:27:11.177+0000] {taskinstance.py:2884} INFO - Starting attempt 1 of 1
[2026-03-15T08:27:11.204+0000] {taskinstance.py:2907} INFO - Executing <Task(_PythonDecoratedOperator): get_data_from_yf> on 2025-01-03 00:00:00+00:00
[2026-03-15T08:27:11.224+0000] {warnings.py:112} WARNING - /home/***/.local/lib/python3.12/site-packages/***/task/task_runner/standard_task_runner.py:70: DeprecationWarning: This process (pid=208) is multi-threaded, use of fork() may lead to deadlocks in the child.
  pid = os.fork()

[2026-03-15T08:27:11.227+0000] {standard_task_runner.py:72} INFO - Started process 362 to run task
[2026-03-15T08:27:11.230+0000] {standard_task_runner.py:104} INFO - Running: ['***', 'tasks', 'run', 'dag_get_data_from_yf', 'get_data_from_yf', 'scheduled__2025-01-03T00:00:00+00:00', '--job-id', '14735', '--raw', '--subdir', 'DAGS_FOLDER/get_finance_yf_csv.py', '--cfg-path', '/tmp/tmpd952yt0f']
[2026-03-15T08:27:11.239+0000] {standard_task_runner.py:105} INFO - Job 14735: Subtask get_data_from_yf
[2026-03-15T08:27:11.412+0000] {task_command.py:467} INFO - Running <TaskInstance: dag_get_data_from_yf.get_data_from_yf scheduled__2025-01-03T00:00:00+00:00 [running]> on host 3f4a416140d9
[2026-03-15T08:27:11.740+0000] {taskinstance.py:3157} INFO - Exporting env vars: AIRFLOW_CTX_DAG_OWNER='***' AIRFLOW_CTX_DAG_ID='dag_get_data_from_yf' AIRFLOW_CTX_TASK_ID='get_data_from_yf' AIRFLOW_CTX_EXECUTION_DATE='2025-01-03T00:00:00+00:00' AIRFLOW_CTX_TRY_NUMBER='1' AIRFLOW_CTX_DAG_RUN_ID='scheduled__2025-01-03T00:00:00+00:00'
[2026-03-15T08:27:11.743+0000] {logging_mixin.py:190} INFO - Task instance is in running state
[2026-03-15T08:27:11.744+0000] {logging_mixin.py:190} INFO -  Previous state of the Task instance: queued
[2026-03-15T08:27:11.745+0000] {logging_mixin.py:190} INFO - Current task name:get_data_from_yf state:running start_date:2026-03-15 08:27:11.153894+00:00
[2026-03-15T08:27:11.745+0000] {logging_mixin.py:190} INFO - Dag name:dag_get_data_from_yf and current dag run status:running
[2026-03-15T08:27:11.746+0000] {taskinstance.py:740} INFO - ::endgroup::
[2026-03-15T08:27:11.748+0000] {logging_mixin.py:190} INFO - Ini tickers user: None
[2026-03-15T08:27:11.749+0000] {logging_mixin.py:190} INFO - Ini start date user: None
[2026-03-15T08:27:11.749+0000] {logging_mixin.py:190} INFO - Ini end date user: None
[2026-03-15T08:27:16.079+0000] {logging_mixin.py:190} WARNING - [                       0%                       ]
[2026-03-15T08:27:16.110+0000] {logging_mixin.py:190} WARNING - [**********************67%*******                ]  2 of 3 completed
[2026-03-15T08:27:16.116+0000] {logging_mixin.py:190} WARNING - [*********************100%***********************]  3 of 3 completed
[2026-03-15T08:27:16.167+0000] {logging_mixin.py:190} INFO - Price       Date   Ticker        Close         High          Low         Open
0     2025-03-13  BBCA.JK  8649.909180  8842.664816  8649.909180  8818.570361
1     2025-03-13  BBRI.JK  3461.428223  3616.281591  3461.428223  3607.172569
2     2025-03-13  BMRI.JK  4221.440918  4399.560788  4194.722937  4399.560788
3     2025-03-14  BBCA.JK  8433.058594  8601.719766  8433.058594  8481.247500
4     2025-03-14  BBRI.JK  3415.883057  3497.864250  3415.883057  3415.883057
..           ...      ...          ...          ...          ...          ...
706   2026-03-12  BBRI.JK  3570.000000  3610.000000  3570.000000  3580.000000
707   2026-03-12  BMRI.JK  4960.000000  4980.000000  4870.000000  4870.000000
708   2026-03-13  BBCA.JK  6875.000000  7025.000000  6850.000000  6850.000000
709   2026-03-13  BBRI.JK  3510.000000  3590.000000  3510.000000  3560.000000
710   2026-03-13  BMRI.JK  4750.000000  4920.000000  4750.000000  4900.000000

[711 rows x 6 columns]
[2026-03-15T08:27:16.168+0000] {logging_mixin.py:190} INFO - Ini isi data_long column:  Index(['Date', 'Ticker', 'Close', 'High', 'Low', 'Open'], dtype='object', name='Price')
[2026-03-15T08:27:16.181+0000] {logging_mixin.py:190} INFO - None
[2026-03-15T08:27:16.181+0000] {python.py:240} INFO - Done. Returned value was:           Date   Ticker  ...         Open  Inserted_at_timestamp
0   2025-03-13  BBCA.JK  ...  8818.570361    2025-01-03 00:00:00
1   2025-03-13  BBRI.JK  ...  3607.172569    2025-01-03 00:00:00
2   2025-03-13  BMRI.JK  ...  4399.560788    2025-01-03 00:00:00
3   2025-03-14  BBCA.JK  ...  8481.247500    2025-01-03 00:00:00
4   2025-03-14  BBRI.JK  ...  3415.883057    2025-01-03 00:00:00
..         ...      ...  ...          ...                    ...
706 2026-03-12  BBRI.JK  ...  3580.000000    2025-01-03 00:00:00
707 2026-03-12  BMRI.JK  ...  4870.000000    2025-01-03 00:00:00
708 2026-03-13  BBCA.JK  ...  6850.000000    2025-01-03 00:00:00
709 2026-03-13  BBRI.JK  ...  3560.000000    2025-01-03 00:00:00
710 2026-03-13  BMRI.JK  ...  4900.000000    2025-01-03 00:00:00

[711 rows x 7 columns]
[2026-03-15T08:27:16.291+0000] {taskinstance.py:349} INFO - ::group::Post task execution logs
[2026-03-15T08:27:16.292+0000] {taskinstance.py:361} INFO - Marking task as SUCCESS. dag_id=dag_get_data_from_yf, task_id=get_data_from_yf, run_id=scheduled__2025-01-03T00:00:00+00:00, execution_date=20250103T000000, start_date=20260315T082711, end_date=20260315T082716
[2026-03-15T08:27:16.338+0000] {logging_mixin.py:190} INFO - Task instance in success state
[2026-03-15T08:27:16.338+0000] {logging_mixin.py:190} INFO -  Previous state of the Task instance: running
[2026-03-15T08:27:16.339+0000] {logging_mixin.py:190} INFO - Dag name:dag_get_data_from_yf queued_at:2026-03-15 08:25:35.389749+00:00
[2026-03-15T08:27:16.339+0000] {logging_mixin.py:190} INFO - Task hostname:3f4a416140d9 operator:_PythonDecoratedOperator
[2026-03-15T08:27:16.360+0000] {local_task_job_runner.py:266} INFO - Task exited with return code 0
[2026-03-15T08:27:16.416+0000] {taskinstance.py:3924} INFO - 4 downstream tasks scheduled from follow-on schedule check
[2026-03-15T08:27:16.420+0000] {local_task_job_runner.py:245} INFO - ::endgroup::
