[2026-03-25T03:09:38.491+0000] {local_task_job_runner.py:123} INFO - ::group::Pre task execution logs
[2026-03-25T03:09:38.658+0000] {taskinstance.py:2631} INFO - Dependencies all met for dep_context=non-requeueable deps ti=<TaskInstance: dag_get_data_from_yf.insert_data_task manual__2026-03-25T03:05:53+00:00 map_index=29 [queued]>
[2026-03-25T03:09:38.697+0000] {taskinstance.py:2631} INFO - Dependencies all met for dep_context=requeueable deps ti=<TaskInstance: dag_get_data_from_yf.insert_data_task manual__2026-03-25T03:05:53+00:00 map_index=29 [queued]>
[2026-03-25T03:09:38.699+0000] {taskinstance.py:2884} INFO - Starting attempt 1 of 1
[2026-03-25T03:09:38.792+0000] {taskinstance.py:2907} INFO - Executing <Mapped(SQLExecuteQueryOperator): insert_data_task> on 2026-03-25 03:05:53+00:00
[2026-03-25T03:09:38.826+0000] {warnings.py:112} WARNING - /home/***/.local/lib/python3.12/site-packages/***/task/task_runner/standard_task_runner.py:70: DeprecationWarning: This process (pid=649) is multi-threaded, use of fork() may lead to deadlocks in the child.
  pid = os.fork()

[2026-03-25T03:09:38.829+0000] {standard_task_runner.py:72} INFO - Started process 701 to run task
[2026-03-25T03:09:38.858+0000] {standard_task_runner.py:104} INFO - Running: ['***', 'tasks', 'run', 'dag_get_data_from_yf', 'insert_data_task', 'manual__2026-03-25T03:05:53+00:00', '--job-id', '2725', '--raw', '--subdir', 'DAGS_FOLDER/get_finance_yf_csv.py', '--cfg-path', '/tmp/tmpdtjvov4u', '--map-index', '29']
[2026-03-25T03:09:38.864+0000] {standard_task_runner.py:105} INFO - Job 2725: Subtask insert_data_task
[2026-03-25T03:09:39.290+0000] {task_command.py:467} INFO - Running <TaskInstance: dag_get_data_from_yf.insert_data_task manual__2026-03-25T03:05:53+00:00 map_index=29 [running]> on host 2cd601aaa810
[2026-03-25T03:09:40.470+0000] {taskinstance.py:3157} INFO - Exporting env vars: AIRFLOW_CTX_DAG_OWNER='***' AIRFLOW_CTX_DAG_ID='dag_get_data_from_yf' AIRFLOW_CTX_TASK_ID='insert_data_task' AIRFLOW_CTX_EXECUTION_DATE='2026-03-25T03:05:53+00:00' AIRFLOW_CTX_TRY_NUMBER='1' AIRFLOW_CTX_DAG_RUN_ID='manual__2026-03-25T03:05:53+00:00'
[2026-03-25T03:09:40.477+0000] {logging_mixin.py:190} INFO - Task instance is in running state
[2026-03-25T03:09:40.478+0000] {logging_mixin.py:190} INFO -  Previous state of the Task instance: queued
[2026-03-25T03:09:40.483+0000] {logging_mixin.py:190} INFO - Current task name:insert_data_task state:running start_date:2026-03-25 03:09:38.659344+00:00
[2026-03-25T03:09:40.484+0000] {logging_mixin.py:190} INFO - Dag name:dag_get_data_from_yf and current dag run status:running
[2026-03-25T03:09:40.486+0000] {taskinstance.py:740} INFO - ::endgroup::
[2026-03-25T03:09:40.488+0000] {sql.py:410} INFO - Executing:  INSERT INTO indonesian_stocks (date, ticker, close, high, low, open, inserted_at_timestamp_wib) 
                VALUES ('2026-03-12', 'BMRI.JK', '4960.0', '4980.0', '4870.0', '4870.0', '2026-03-25 09:56:07' )
                ON CONFLICT (date, ticker) DO NOTHING; 
[2026-03-25T03:09:40.492+0000] {crypto.py:82} WARNING - empty cryptography key - values will not be stored encrypted.
[2026-03-25T03:09:40.495+0000] {base.py:84} INFO - Retrieving connection 'db_custom'
[2026-03-25T03:09:40.529+0000] {base.py:84} INFO - Retrieving connection 'db_custom'
[2026-03-25T03:09:40.587+0000] {sql.py:861} INFO - Running statement:  INSERT INTO indonesian_stocks (date, ticker, close, high, low, open, inserted_at_timestamp_wib) 
                VALUES ('2026-03-12', 'BMRI.JK', '4960.0', '4980.0', '4870.0', '4870.0', '2026-03-25 09:56:07' )
                ON CONFLICT (date, ticker) DO NOTHING; , parameters: None
[2026-03-25T03:09:40.601+0000] {sql.py:879} INFO - Rows affected: 1
[2026-03-25T03:09:40.699+0000] {taskinstance.py:349} INFO - ::group::Post task execution logs
[2026-03-25T03:09:40.700+0000] {taskinstance.py:361} INFO - Marking task as SUCCESS. dag_id=dag_get_data_from_yf, task_id=insert_data_task, run_id=manual__2026-03-25T03:05:53+00:00, map_index=29, execution_date=20260325T030553, start_date=20260325T030938, end_date=20260325T030940
[2026-03-25T03:09:40.899+0000] {logging_mixin.py:190} INFO - Task instance in success state
[2026-03-25T03:09:40.901+0000] {logging_mixin.py:190} INFO -  Previous state of the Task instance: running
[2026-03-25T03:09:40.902+0000] {logging_mixin.py:190} INFO - Dag name:dag_get_data_from_yf queued_at:2026-03-25 03:06:04.300731+00:00
[2026-03-25T03:09:40.907+0000] {logging_mixin.py:190} INFO - Task hostname:2cd601aaa810 operator:SQLExecuteQueryOperator
[2026-03-25T03:09:40.967+0000] {local_task_job_runner.py:266} INFO - Task exited with return code 0
[2026-03-25T03:09:41.059+0000] {local_task_job_runner.py:245} INFO - ::endgroup::
