[2026-03-12T01:33:02.018+0000] {processor.py:186} INFO - Started process (PID=51190) to work on /home/airflow/.local/lib/python3.12/site-packages/airflow/example_dags/example_branch_operator_decorator.py
[2026-03-12T01:33:02.019+0000] {processor.py:914} INFO - Processing file /home/airflow/.local/lib/python3.12/site-packages/airflow/example_dags/example_branch_operator_decorator.py for tasks to queue
[2026-03-12T01:33:02.020+0000] {logging_mixin.py:190} INFO - [2026-03-12T01:33:02.020+0000] {dagbag.py:588} INFO - Filling up the DagBag from /home/airflow/.local/lib/python3.12/site-packages/airflow/example_dags/example_branch_operator_decorator.py
[2026-03-12T01:33:02.062+0000] {processor.py:925} INFO - DAG(s) 'example_branch_python_operator_decorator' retrieved from /home/airflow/.local/lib/python3.12/site-packages/airflow/example_dags/example_branch_operator_decorator.py
[2026-03-12T01:33:02.116+0000] {logging_mixin.py:190} INFO - [2026-03-12T01:33:02.116+0000] {dag.py:3239} INFO - Sync 1 DAGs
[2026-03-12T01:33:02.152+0000] {logging_mixin.py:190} INFO - [2026-03-12T01:33:02.152+0000] {dag.py:4180} INFO - Setting next_dagrun for example_branch_python_operator_decorator to 2026-03-11 00:00:00+00:00, run_after=2026-03-12 00:00:00+00:00
[2026-03-12T01:33:02.183+0000] {processor.py:208} INFO - Processing /home/airflow/.local/lib/python3.12/site-packages/airflow/example_dags/example_branch_operator_decorator.py took 0.173 seconds
[2026-03-12T01:33:59.794+0000] {processor.py:186} INFO - Started process (PID=51259) to work on /home/airflow/.local/lib/python3.12/site-packages/airflow/example_dags/example_branch_operator_decorator.py
[2026-03-12T01:33:59.795+0000] {processor.py:914} INFO - Processing file /home/airflow/.local/lib/python3.12/site-packages/airflow/example_dags/example_branch_operator_decorator.py for tasks to queue
[2026-03-12T01:33:59.797+0000] {logging_mixin.py:190} INFO - [2026-03-12T01:33:59.796+0000] {dagbag.py:588} INFO - Filling up the DagBag from /home/airflow/.local/lib/python3.12/site-packages/airflow/example_dags/example_branch_operator_decorator.py
[2026-03-12T01:33:59.824+0000] {processor.py:925} INFO - DAG(s) 'example_branch_python_operator_decorator' retrieved from /home/airflow/.local/lib/python3.12/site-packages/airflow/example_dags/example_branch_operator_decorator.py
[2026-03-12T01:33:59.866+0000] {logging_mixin.py:190} INFO - [2026-03-12T01:33:59.866+0000] {dag.py:3239} INFO - Sync 1 DAGs
[2026-03-12T01:33:59.896+0000] {logging_mixin.py:190} INFO - [2026-03-12T01:33:59.896+0000] {dag.py:4180} INFO - Setting next_dagrun for example_branch_python_operator_decorator to 2026-03-11 00:00:00+00:00, run_after=2026-03-12 00:00:00+00:00
[2026-03-12T01:33:59.934+0000] {processor.py:208} INFO - Processing /home/airflow/.local/lib/python3.12/site-packages/airflow/example_dags/example_branch_operator_decorator.py took 0.147 seconds
[2026-03-12T01:34:37.585+0000] {processor.py:186} INFO - Started process (PID=51341) to work on /home/airflow/.local/lib/python3.12/site-packages/airflow/example_dags/example_branch_operator_decorator.py
[2026-03-12T01:34:37.588+0000] {processor.py:914} INFO - Processing file /home/airflow/.local/lib/python3.12/site-packages/airflow/example_dags/example_branch_operator_decorator.py for tasks to queue
[2026-03-12T01:34:37.590+0000] {logging_mixin.py:190} INFO - [2026-03-12T01:34:37.590+0000] {dagbag.py:588} INFO - Filling up the DagBag from /home/airflow/.local/lib/python3.12/site-packages/airflow/example_dags/example_branch_operator_decorator.py
[2026-03-12T01:34:37.701+0000] {processor.py:925} INFO - DAG(s) 'example_branch_python_operator_decorator' retrieved from /home/airflow/.local/lib/python3.12/site-packages/airflow/example_dags/example_branch_operator_decorator.py
[2026-03-12T01:34:37.843+0000] {logging_mixin.py:190} INFO - [2026-03-12T01:34:37.842+0000] {dag.py:3239} INFO - Sync 1 DAGs
[2026-03-12T01:34:37.907+0000] {logging_mixin.py:190} INFO - [2026-03-12T01:34:37.907+0000] {dag.py:4180} INFO - Setting next_dagrun for example_branch_python_operator_decorator to 2026-03-11 00:00:00+00:00, run_after=2026-03-12 00:00:00+00:00
[2026-03-12T01:34:37.942+0000] {processor.py:208} INFO - Processing /home/airflow/.local/lib/python3.12/site-packages/airflow/example_dags/example_branch_operator_decorator.py took 0.374 seconds
[2026-03-12T01:35:17.343+0000] {processor.py:186} INFO - Started process (PID=51434) to work on /home/airflow/.local/lib/python3.12/site-packages/airflow/example_dags/example_branch_operator_decorator.py
[2026-03-12T01:35:17.345+0000] {processor.py:914} INFO - Processing file /home/airflow/.local/lib/python3.12/site-packages/airflow/example_dags/example_branch_operator_decorator.py for tasks to queue
[2026-03-12T01:35:17.347+0000] {logging_mixin.py:190} INFO - [2026-03-12T01:35:17.346+0000] {dagbag.py:588} INFO - Filling up the DagBag from /home/airflow/.local/lib/python3.12/site-packages/airflow/example_dags/example_branch_operator_decorator.py
[2026-03-12T01:35:17.379+0000] {processor.py:925} INFO - DAG(s) 'example_branch_python_operator_decorator' retrieved from /home/airflow/.local/lib/python3.12/site-packages/airflow/example_dags/example_branch_operator_decorator.py
[2026-03-12T01:35:17.424+0000] {logging_mixin.py:190} INFO - [2026-03-12T01:35:17.423+0000] {dag.py:3239} INFO - Sync 1 DAGs
[2026-03-12T01:35:17.457+0000] {logging_mixin.py:190} INFO - [2026-03-12T01:35:17.457+0000] {dag.py:4180} INFO - Setting next_dagrun for example_branch_python_operator_decorator to 2026-03-11 00:00:00+00:00, run_after=2026-03-12 00:00:00+00:00
[2026-03-12T01:35:17.484+0000] {processor.py:208} INFO - Processing /home/airflow/.local/lib/python3.12/site-packages/airflow/example_dags/example_branch_operator_decorator.py took 0.150 seconds
[2026-03-12T01:35:52.845+0000] {processor.py:186} INFO - Started process (PID=51503) to work on /home/airflow/.local/lib/python3.12/site-packages/airflow/example_dags/example_branch_operator_decorator.py
[2026-03-12T01:35:52.847+0000] {processor.py:914} INFO - Processing file /home/airflow/.local/lib/python3.12/site-packages/airflow/example_dags/example_branch_operator_decorator.py for tasks to queue
[2026-03-12T01:35:52.849+0000] {logging_mixin.py:190} INFO - [2026-03-12T01:35:52.848+0000] {dagbag.py:588} INFO - Filling up the DagBag from /home/airflow/.local/lib/python3.12/site-packages/airflow/example_dags/example_branch_operator_decorator.py
[2026-03-12T01:35:52.882+0000] {processor.py:925} INFO - DAG(s) 'example_branch_python_operator_decorator' retrieved from /home/airflow/.local/lib/python3.12/site-packages/airflow/example_dags/example_branch_operator_decorator.py
[2026-03-12T01:35:52.936+0000] {logging_mixin.py:190} INFO - [2026-03-12T01:35:52.935+0000] {dag.py:3239} INFO - Sync 1 DAGs
[2026-03-12T01:35:52.976+0000] {logging_mixin.py:190} INFO - [2026-03-12T01:35:52.975+0000] {dag.py:4180} INFO - Setting next_dagrun for example_branch_python_operator_decorator to 2026-03-11 00:00:00+00:00, run_after=2026-03-12 00:00:00+00:00
[2026-03-12T01:35:53.003+0000] {processor.py:208} INFO - Processing /home/airflow/.local/lib/python3.12/site-packages/airflow/example_dags/example_branch_operator_decorator.py took 0.168 seconds
[2026-03-12T01:36:28.673+0000] {processor.py:186} INFO - Started process (PID=51575) to work on /home/airflow/.local/lib/python3.12/site-packages/airflow/example_dags/example_branch_operator_decorator.py
[2026-03-12T01:36:28.675+0000] {processor.py:914} INFO - Processing file /home/airflow/.local/lib/python3.12/site-packages/airflow/example_dags/example_branch_operator_decorator.py for tasks to queue
[2026-03-12T01:36:28.677+0000] {logging_mixin.py:190} INFO - [2026-03-12T01:36:28.676+0000] {dagbag.py:588} INFO - Filling up the DagBag from /home/airflow/.local/lib/python3.12/site-packages/airflow/example_dags/example_branch_operator_decorator.py
[2026-03-12T01:36:28.711+0000] {processor.py:925} INFO - DAG(s) 'example_branch_python_operator_decorator' retrieved from /home/airflow/.local/lib/python3.12/site-packages/airflow/example_dags/example_branch_operator_decorator.py
[2026-03-12T01:36:28.766+0000] {logging_mixin.py:190} INFO - [2026-03-12T01:36:28.765+0000] {dag.py:3239} INFO - Sync 1 DAGs
[2026-03-12T01:36:28.810+0000] {logging_mixin.py:190} INFO - [2026-03-12T01:36:28.809+0000] {dag.py:4180} INFO - Setting next_dagrun for example_branch_python_operator_decorator to 2026-03-11 00:00:00+00:00, run_after=2026-03-12 00:00:00+00:00
[2026-03-12T01:36:28.843+0000] {processor.py:208} INFO - Processing /home/airflow/.local/lib/python3.12/site-packages/airflow/example_dags/example_branch_operator_decorator.py took 0.180 seconds
[2026-03-12T01:37:05.246+0000] {processor.py:186} INFO - Started process (PID=51650) to work on /home/airflow/.local/lib/python3.12/site-packages/airflow/example_dags/example_branch_operator_decorator.py
[2026-03-12T01:37:05.248+0000] {processor.py:914} INFO - Processing file /home/airflow/.local/lib/python3.12/site-packages/airflow/example_dags/example_branch_operator_decorator.py for tasks to queue
[2026-03-12T01:37:05.250+0000] {logging_mixin.py:190} INFO - [2026-03-12T01:37:05.250+0000] {dagbag.py:588} INFO - Filling up the DagBag from /home/airflow/.local/lib/python3.12/site-packages/airflow/example_dags/example_branch_operator_decorator.py
[2026-03-12T01:37:05.292+0000] {processor.py:925} INFO - DAG(s) 'example_branch_python_operator_decorator' retrieved from /home/airflow/.local/lib/python3.12/site-packages/airflow/example_dags/example_branch_operator_decorator.py
[2026-03-12T01:37:05.352+0000] {logging_mixin.py:190} INFO - [2026-03-12T01:37:05.352+0000] {dag.py:3239} INFO - Sync 1 DAGs
[2026-03-12T01:37:05.401+0000] {logging_mixin.py:190} INFO - [2026-03-12T01:37:05.401+0000] {dag.py:4180} INFO - Setting next_dagrun for example_branch_python_operator_decorator to 2026-03-11 00:00:00+00:00, run_after=2026-03-12 00:00:00+00:00
[2026-03-12T01:37:05.433+0000] {processor.py:208} INFO - Processing /home/airflow/.local/lib/python3.12/site-packages/airflow/example_dags/example_branch_operator_decorator.py took 0.201 seconds
[2026-03-12T01:37:44.128+0000] {processor.py:186} INFO - Started process (PID=51722) to work on /home/airflow/.local/lib/python3.12/site-packages/airflow/example_dags/example_branch_operator_decorator.py
[2026-03-12T01:37:44.129+0000] {processor.py:914} INFO - Processing file /home/airflow/.local/lib/python3.12/site-packages/airflow/example_dags/example_branch_operator_decorator.py for tasks to queue
[2026-03-12T01:37:44.132+0000] {logging_mixin.py:190} INFO - [2026-03-12T01:37:44.131+0000] {dagbag.py:588} INFO - Filling up the DagBag from /home/airflow/.local/lib/python3.12/site-packages/airflow/example_dags/example_branch_operator_decorator.py
[2026-03-12T01:37:44.174+0000] {processor.py:925} INFO - DAG(s) 'example_branch_python_operator_decorator' retrieved from /home/airflow/.local/lib/python3.12/site-packages/airflow/example_dags/example_branch_operator_decorator.py
[2026-03-12T01:37:44.237+0000] {logging_mixin.py:190} INFO - [2026-03-12T01:37:44.236+0000] {dag.py:3239} INFO - Sync 1 DAGs
[2026-03-12T01:37:44.284+0000] {logging_mixin.py:190} INFO - [2026-03-12T01:37:44.283+0000] {dag.py:4180} INFO - Setting next_dagrun for example_branch_python_operator_decorator to 2026-03-11 00:00:00+00:00, run_after=2026-03-12 00:00:00+00:00
[2026-03-12T01:37:44.316+0000] {processor.py:208} INFO - Processing /home/airflow/.local/lib/python3.12/site-packages/airflow/example_dags/example_branch_operator_decorator.py took 0.198 seconds
[2026-03-12T01:38:15.206+0000] {processor.py:186} INFO - Started process (PID=51790) to work on /home/airflow/.local/lib/python3.12/site-packages/airflow/example_dags/example_branch_operator_decorator.py
[2026-03-12T01:38:15.207+0000] {processor.py:914} INFO - Processing file /home/airflow/.local/lib/python3.12/site-packages/airflow/example_dags/example_branch_operator_decorator.py for tasks to queue
[2026-03-12T01:38:15.209+0000] {logging_mixin.py:190} INFO - [2026-03-12T01:38:15.208+0000] {dagbag.py:588} INFO - Filling up the DagBag from /home/airflow/.local/lib/python3.12/site-packages/airflow/example_dags/example_branch_operator_decorator.py
[2026-03-12T01:38:15.235+0000] {processor.py:925} INFO - DAG(s) 'example_branch_python_operator_decorator' retrieved from /home/airflow/.local/lib/python3.12/site-packages/airflow/example_dags/example_branch_operator_decorator.py
[2026-03-12T01:38:15.272+0000] {logging_mixin.py:190} INFO - [2026-03-12T01:38:15.272+0000] {dag.py:3239} INFO - Sync 1 DAGs
[2026-03-12T01:38:15.298+0000] {logging_mixin.py:190} INFO - [2026-03-12T01:38:15.298+0000] {dag.py:4180} INFO - Setting next_dagrun for example_branch_python_operator_decorator to 2026-03-11 00:00:00+00:00, run_after=2026-03-12 00:00:00+00:00
[2026-03-12T01:38:15.319+0000] {processor.py:208} INFO - Processing /home/airflow/.local/lib/python3.12/site-packages/airflow/example_dags/example_branch_operator_decorator.py took 0.120 seconds
[2026-03-12T01:38:45.396+0000] {processor.py:186} INFO - Started process (PID=51859) to work on /home/airflow/.local/lib/python3.12/site-packages/airflow/example_dags/example_branch_operator_decorator.py
[2026-03-12T01:38:45.398+0000] {processor.py:914} INFO - Processing file /home/airflow/.local/lib/python3.12/site-packages/airflow/example_dags/example_branch_operator_decorator.py for tasks to queue
[2026-03-12T01:38:45.400+0000] {logging_mixin.py:190} INFO - [2026-03-12T01:38:45.399+0000] {dagbag.py:588} INFO - Filling up the DagBag from /home/airflow/.local/lib/python3.12/site-packages/airflow/example_dags/example_branch_operator_decorator.py
[2026-03-12T01:38:45.422+0000] {processor.py:925} INFO - DAG(s) 'example_branch_python_operator_decorator' retrieved from /home/airflow/.local/lib/python3.12/site-packages/airflow/example_dags/example_branch_operator_decorator.py
[2026-03-12T01:38:45.454+0000] {logging_mixin.py:190} INFO - [2026-03-12T01:38:45.454+0000] {dag.py:3239} INFO - Sync 1 DAGs
[2026-03-12T01:38:45.478+0000] {logging_mixin.py:190} INFO - [2026-03-12T01:38:45.478+0000] {dag.py:4180} INFO - Setting next_dagrun for example_branch_python_operator_decorator to 2026-03-11 00:00:00+00:00, run_after=2026-03-12 00:00:00+00:00
[2026-03-12T01:38:45.496+0000] {processor.py:208} INFO - Processing /home/airflow/.local/lib/python3.12/site-packages/airflow/example_dags/example_branch_operator_decorator.py took 0.105 seconds
[2026-03-12T01:39:19.327+0000] {processor.py:186} INFO - Started process (PID=51928) to work on /home/airflow/.local/lib/python3.12/site-packages/airflow/example_dags/example_branch_operator_decorator.py
[2026-03-12T01:39:19.329+0000] {processor.py:914} INFO - Processing file /home/airflow/.local/lib/python3.12/site-packages/airflow/example_dags/example_branch_operator_decorator.py for tasks to queue
[2026-03-12T01:39:19.332+0000] {logging_mixin.py:190} INFO - [2026-03-12T01:39:19.331+0000] {dagbag.py:588} INFO - Filling up the DagBag from /home/airflow/.local/lib/python3.12/site-packages/airflow/example_dags/example_branch_operator_decorator.py
[2026-03-12T01:39:19.380+0000] {processor.py:925} INFO - DAG(s) 'example_branch_python_operator_decorator' retrieved from /home/airflow/.local/lib/python3.12/site-packages/airflow/example_dags/example_branch_operator_decorator.py
[2026-03-12T01:39:19.459+0000] {logging_mixin.py:190} INFO - [2026-03-12T01:39:19.458+0000] {dag.py:3239} INFO - Sync 1 DAGs
[2026-03-12T01:39:19.527+0000] {logging_mixin.py:190} INFO - [2026-03-12T01:39:19.526+0000] {dag.py:4180} INFO - Setting next_dagrun for example_branch_python_operator_decorator to 2026-03-11 00:00:00+00:00, run_after=2026-03-12 00:00:00+00:00
[2026-03-12T01:39:19.570+0000] {processor.py:208} INFO - Processing /home/airflow/.local/lib/python3.12/site-packages/airflow/example_dags/example_branch_operator_decorator.py took 0.258 seconds
[2026-03-12T01:39:50.280+0000] {processor.py:186} INFO - Started process (PID=51996) to work on /home/airflow/.local/lib/python3.12/site-packages/airflow/example_dags/example_branch_operator_decorator.py
[2026-03-12T01:39:50.281+0000] {processor.py:914} INFO - Processing file /home/airflow/.local/lib/python3.12/site-packages/airflow/example_dags/example_branch_operator_decorator.py for tasks to queue
[2026-03-12T01:39:50.283+0000] {logging_mixin.py:190} INFO - [2026-03-12T01:39:50.282+0000] {dagbag.py:588} INFO - Filling up the DagBag from /home/airflow/.local/lib/python3.12/site-packages/airflow/example_dags/example_branch_operator_decorator.py
[2026-03-12T01:39:50.306+0000] {processor.py:925} INFO - DAG(s) 'example_branch_python_operator_decorator' retrieved from /home/airflow/.local/lib/python3.12/site-packages/airflow/example_dags/example_branch_operator_decorator.py
[2026-03-12T01:39:50.348+0000] {logging_mixin.py:190} INFO - [2026-03-12T01:39:50.348+0000] {dag.py:3239} INFO - Sync 1 DAGs
[2026-03-12T01:39:50.377+0000] {logging_mixin.py:190} INFO - [2026-03-12T01:39:50.377+0000] {dag.py:4180} INFO - Setting next_dagrun for example_branch_python_operator_decorator to 2026-03-11 00:00:00+00:00, run_after=2026-03-12 00:00:00+00:00
[2026-03-12T01:39:50.398+0000] {processor.py:208} INFO - Processing /home/airflow/.local/lib/python3.12/site-packages/airflow/example_dags/example_branch_operator_decorator.py took 0.125 seconds
[2026-03-12T01:40:24.424+0000] {processor.py:186} INFO - Started process (PID=52065) to work on /home/airflow/.local/lib/python3.12/site-packages/airflow/example_dags/example_branch_operator_decorator.py
[2026-03-12T01:40:24.426+0000] {processor.py:914} INFO - Processing file /home/airflow/.local/lib/python3.12/site-packages/airflow/example_dags/example_branch_operator_decorator.py for tasks to queue
[2026-03-12T01:40:24.429+0000] {logging_mixin.py:190} INFO - [2026-03-12T01:40:24.428+0000] {dagbag.py:588} INFO - Filling up the DagBag from /home/airflow/.local/lib/python3.12/site-packages/airflow/example_dags/example_branch_operator_decorator.py
[2026-03-12T01:40:24.472+0000] {processor.py:925} INFO - DAG(s) 'example_branch_python_operator_decorator' retrieved from /home/airflow/.local/lib/python3.12/site-packages/airflow/example_dags/example_branch_operator_decorator.py
[2026-03-12T01:40:24.553+0000] {logging_mixin.py:190} INFO - [2026-03-12T01:40:24.552+0000] {dag.py:3239} INFO - Sync 1 DAGs
[2026-03-12T01:40:24.620+0000] {logging_mixin.py:190} INFO - [2026-03-12T01:40:24.619+0000] {dag.py:4180} INFO - Setting next_dagrun for example_branch_python_operator_decorator to 2026-03-11 00:00:00+00:00, run_after=2026-03-12 00:00:00+00:00
[2026-03-12T01:40:24.683+0000] {processor.py:208} INFO - Processing /home/airflow/.local/lib/python3.12/site-packages/airflow/example_dags/example_branch_operator_decorator.py took 0.268 seconds
[2026-03-12T01:41:00.195+0000] {processor.py:186} INFO - Started process (PID=52142) to work on /home/airflow/.local/lib/python3.12/site-packages/airflow/example_dags/example_branch_operator_decorator.py
[2026-03-12T01:41:00.197+0000] {processor.py:914} INFO - Processing file /home/airflow/.local/lib/python3.12/site-packages/airflow/example_dags/example_branch_operator_decorator.py for tasks to queue
[2026-03-12T01:41:00.199+0000] {logging_mixin.py:190} INFO - [2026-03-12T01:41:00.198+0000] {dagbag.py:588} INFO - Filling up the DagBag from /home/airflow/.local/lib/python3.12/site-packages/airflow/example_dags/example_branch_operator_decorator.py
[2026-03-12T01:41:00.232+0000] {processor.py:925} INFO - DAG(s) 'example_branch_python_operator_decorator' retrieved from /home/airflow/.local/lib/python3.12/site-packages/airflow/example_dags/example_branch_operator_decorator.py
[2026-03-12T01:41:00.275+0000] {logging_mixin.py:190} INFO - [2026-03-12T01:41:00.274+0000] {dag.py:3239} INFO - Sync 1 DAGs
[2026-03-12T01:41:00.308+0000] {logging_mixin.py:190} INFO - [2026-03-12T01:41:00.308+0000] {dag.py:4180} INFO - Setting next_dagrun for example_branch_python_operator_decorator to 2026-03-11 00:00:00+00:00, run_after=2026-03-12 00:00:00+00:00
[2026-03-12T01:41:00.332+0000] {processor.py:208} INFO - Processing /home/airflow/.local/lib/python3.12/site-packages/airflow/example_dags/example_branch_operator_decorator.py took 0.149 seconds
[2026-03-12T01:41:36.452+0000] {processor.py:186} INFO - Started process (PID=52217) to work on /home/airflow/.local/lib/python3.12/site-packages/airflow/example_dags/example_branch_operator_decorator.py
[2026-03-12T01:41:36.454+0000] {processor.py:914} INFO - Processing file /home/airflow/.local/lib/python3.12/site-packages/airflow/example_dags/example_branch_operator_decorator.py for tasks to queue
[2026-03-12T01:41:36.455+0000] {logging_mixin.py:190} INFO - [2026-03-12T01:41:36.455+0000] {dagbag.py:588} INFO - Filling up the DagBag from /home/airflow/.local/lib/python3.12/site-packages/airflow/example_dags/example_branch_operator_decorator.py
[2026-03-12T01:41:36.479+0000] {processor.py:925} INFO - DAG(s) 'example_branch_python_operator_decorator' retrieved from /home/airflow/.local/lib/python3.12/site-packages/airflow/example_dags/example_branch_operator_decorator.py
[2026-03-12T01:41:36.517+0000] {logging_mixin.py:190} INFO - [2026-03-12T01:41:36.517+0000] {dag.py:3239} INFO - Sync 1 DAGs
[2026-03-12T01:41:36.543+0000] {logging_mixin.py:190} INFO - [2026-03-12T01:41:36.543+0000] {dag.py:4180} INFO - Setting next_dagrun for example_branch_python_operator_decorator to 2026-03-11 00:00:00+00:00, run_after=2026-03-12 00:00:00+00:00
[2026-03-12T01:41:36.563+0000] {processor.py:208} INFO - Processing /home/airflow/.local/lib/python3.12/site-packages/airflow/example_dags/example_branch_operator_decorator.py took 0.116 seconds
[2026-03-12T01:42:18.945+0000] {processor.py:186} INFO - Started process (PID=52302) to work on /home/airflow/.local/lib/python3.12/site-packages/airflow/example_dags/example_branch_operator_decorator.py
[2026-03-12T01:42:18.947+0000] {processor.py:914} INFO - Processing file /home/airflow/.local/lib/python3.12/site-packages/airflow/example_dags/example_branch_operator_decorator.py for tasks to queue
[2026-03-12T01:42:18.949+0000] {logging_mixin.py:190} INFO - [2026-03-12T01:42:18.948+0000] {dagbag.py:588} INFO - Filling up the DagBag from /home/airflow/.local/lib/python3.12/site-packages/airflow/example_dags/example_branch_operator_decorator.py
[2026-03-12T01:42:18.980+0000] {processor.py:925} INFO - DAG(s) 'example_branch_python_operator_decorator' retrieved from /home/airflow/.local/lib/python3.12/site-packages/airflow/example_dags/example_branch_operator_decorator.py
[2026-03-12T01:42:19.026+0000] {logging_mixin.py:190} INFO - [2026-03-12T01:42:19.025+0000] {dag.py:3239} INFO - Sync 1 DAGs
[2026-03-12T01:42:19.058+0000] {logging_mixin.py:190} INFO - [2026-03-12T01:42:19.058+0000] {dag.py:4180} INFO - Setting next_dagrun for example_branch_python_operator_decorator to 2026-03-11 00:00:00+00:00, run_after=2026-03-12 00:00:00+00:00
[2026-03-12T01:42:19.086+0000] {processor.py:208} INFO - Processing /home/airflow/.local/lib/python3.12/site-packages/airflow/example_dags/example_branch_operator_decorator.py took 0.149 seconds
[2026-03-12T01:42:55.062+0000] {processor.py:186} INFO - Started process (PID=52378) to work on /home/airflow/.local/lib/python3.12/site-packages/airflow/example_dags/example_branch_operator_decorator.py
[2026-03-12T01:42:55.063+0000] {processor.py:914} INFO - Processing file /home/airflow/.local/lib/python3.12/site-packages/airflow/example_dags/example_branch_operator_decorator.py for tasks to queue
[2026-03-12T01:42:55.064+0000] {logging_mixin.py:190} INFO - [2026-03-12T01:42:55.064+0000] {dagbag.py:588} INFO - Filling up the DagBag from /home/airflow/.local/lib/python3.12/site-packages/airflow/example_dags/example_branch_operator_decorator.py
[2026-03-12T01:42:55.087+0000] {processor.py:925} INFO - DAG(s) 'example_branch_python_operator_decorator' retrieved from /home/airflow/.local/lib/python3.12/site-packages/airflow/example_dags/example_branch_operator_decorator.py
[2026-03-12T01:42:55.123+0000] {logging_mixin.py:190} INFO - [2026-03-12T01:42:55.123+0000] {dag.py:3239} INFO - Sync 1 DAGs
[2026-03-12T01:42:55.150+0000] {logging_mixin.py:190} INFO - [2026-03-12T01:42:55.149+0000] {dag.py:4180} INFO - Setting next_dagrun for example_branch_python_operator_decorator to 2026-03-11 00:00:00+00:00, run_after=2026-03-12 00:00:00+00:00
[2026-03-12T01:42:55.171+0000] {processor.py:208} INFO - Processing /home/airflow/.local/lib/python3.12/site-packages/airflow/example_dags/example_branch_operator_decorator.py took 0.116 seconds
[2026-03-12T01:43:26.812+0000] {processor.py:186} INFO - Started process (PID=52447) to work on /home/airflow/.local/lib/python3.12/site-packages/airflow/example_dags/example_branch_operator_decorator.py
[2026-03-12T01:43:26.814+0000] {processor.py:914} INFO - Processing file /home/airflow/.local/lib/python3.12/site-packages/airflow/example_dags/example_branch_operator_decorator.py for tasks to queue
[2026-03-12T01:43:26.815+0000] {logging_mixin.py:190} INFO - [2026-03-12T01:43:26.815+0000] {dagbag.py:588} INFO - Filling up the DagBag from /home/airflow/.local/lib/python3.12/site-packages/airflow/example_dags/example_branch_operator_decorator.py
[2026-03-12T01:43:26.837+0000] {processor.py:925} INFO - DAG(s) 'example_branch_python_operator_decorator' retrieved from /home/airflow/.local/lib/python3.12/site-packages/airflow/example_dags/example_branch_operator_decorator.py
[2026-03-12T01:43:26.872+0000] {logging_mixin.py:190} INFO - [2026-03-12T01:43:26.871+0000] {dag.py:3239} INFO - Sync 1 DAGs
[2026-03-12T01:43:26.900+0000] {logging_mixin.py:190} INFO - [2026-03-12T01:43:26.899+0000] {dag.py:4180} INFO - Setting next_dagrun for example_branch_python_operator_decorator to 2026-03-11 00:00:00+00:00, run_after=2026-03-12 00:00:00+00:00
[2026-03-12T01:43:26.918+0000] {processor.py:208} INFO - Processing /home/airflow/.local/lib/python3.12/site-packages/airflow/example_dags/example_branch_operator_decorator.py took 0.112 seconds
[2026-03-12T01:43:57.765+0000] {processor.py:186} INFO - Started process (PID=52515) to work on /home/airflow/.local/lib/python3.12/site-packages/airflow/example_dags/example_branch_operator_decorator.py
[2026-03-12T01:43:57.766+0000] {processor.py:914} INFO - Processing file /home/airflow/.local/lib/python3.12/site-packages/airflow/example_dags/example_branch_operator_decorator.py for tasks to queue
[2026-03-12T01:43:57.767+0000] {logging_mixin.py:190} INFO - [2026-03-12T01:43:57.767+0000] {dagbag.py:588} INFO - Filling up the DagBag from /home/airflow/.local/lib/python3.12/site-packages/airflow/example_dags/example_branch_operator_decorator.py
[2026-03-12T01:43:57.803+0000] {processor.py:925} INFO - DAG(s) 'example_branch_python_operator_decorator' retrieved from /home/airflow/.local/lib/python3.12/site-packages/airflow/example_dags/example_branch_operator_decorator.py
[2026-03-12T01:43:57.859+0000] {logging_mixin.py:190} INFO - [2026-03-12T01:43:57.859+0000] {dag.py:3239} INFO - Sync 1 DAGs
[2026-03-12T01:43:57.881+0000] {logging_mixin.py:190} INFO - [2026-03-12T01:43:57.881+0000] {dag.py:4180} INFO - Setting next_dagrun for example_branch_python_operator_decorator to 2026-03-11 00:00:00+00:00, run_after=2026-03-12 00:00:00+00:00
[2026-03-12T01:43:57.903+0000] {processor.py:208} INFO - Processing /home/airflow/.local/lib/python3.12/site-packages/airflow/example_dags/example_branch_operator_decorator.py took 0.145 seconds
[2026-03-12T01:44:27.969+0000] {processor.py:186} INFO - Started process (PID=52583) to work on /home/airflow/.local/lib/python3.12/site-packages/airflow/example_dags/example_branch_operator_decorator.py
[2026-03-12T01:44:27.971+0000] {processor.py:914} INFO - Processing file /home/airflow/.local/lib/python3.12/site-packages/airflow/example_dags/example_branch_operator_decorator.py for tasks to queue
[2026-03-12T01:44:27.972+0000] {logging_mixin.py:190} INFO - [2026-03-12T01:44:27.971+0000] {dagbag.py:588} INFO - Filling up the DagBag from /home/airflow/.local/lib/python3.12/site-packages/airflow/example_dags/example_branch_operator_decorator.py
[2026-03-12T01:44:27.990+0000] {processor.py:925} INFO - DAG(s) 'example_branch_python_operator_decorator' retrieved from /home/airflow/.local/lib/python3.12/site-packages/airflow/example_dags/example_branch_operator_decorator.py
[2026-03-12T01:44:28.018+0000] {logging_mixin.py:190} INFO - [2026-03-12T01:44:28.018+0000] {dag.py:3239} INFO - Sync 1 DAGs
[2026-03-12T01:44:28.039+0000] {logging_mixin.py:190} INFO - [2026-03-12T01:44:28.039+0000] {dag.py:4180} INFO - Setting next_dagrun for example_branch_python_operator_decorator to 2026-03-11 00:00:00+00:00, run_after=2026-03-12 00:00:00+00:00
[2026-03-12T01:44:28.058+0000] {processor.py:208} INFO - Processing /home/airflow/.local/lib/python3.12/site-packages/airflow/example_dags/example_branch_operator_decorator.py took 0.095 seconds
[2026-03-12T01:44:59.427+0000] {processor.py:186} INFO - Started process (PID=52652) to work on /home/airflow/.local/lib/python3.12/site-packages/airflow/example_dags/example_branch_operator_decorator.py
[2026-03-12T01:44:59.428+0000] {processor.py:914} INFO - Processing file /home/airflow/.local/lib/python3.12/site-packages/airflow/example_dags/example_branch_operator_decorator.py for tasks to queue
[2026-03-12T01:44:59.430+0000] {logging_mixin.py:190} INFO - [2026-03-12T01:44:59.430+0000] {dagbag.py:588} INFO - Filling up the DagBag from /home/airflow/.local/lib/python3.12/site-packages/airflow/example_dags/example_branch_operator_decorator.py
[2026-03-12T01:44:59.457+0000] {processor.py:925} INFO - DAG(s) 'example_branch_python_operator_decorator' retrieved from /home/airflow/.local/lib/python3.12/site-packages/airflow/example_dags/example_branch_operator_decorator.py
[2026-03-12T01:44:59.494+0000] {logging_mixin.py:190} INFO - [2026-03-12T01:44:59.493+0000] {dag.py:3239} INFO - Sync 1 DAGs
[2026-03-12T01:44:59.521+0000] {logging_mixin.py:190} INFO - [2026-03-12T01:44:59.520+0000] {dag.py:4180} INFO - Setting next_dagrun for example_branch_python_operator_decorator to 2026-03-11 00:00:00+00:00, run_after=2026-03-12 00:00:00+00:00
[2026-03-12T01:44:59.543+0000] {processor.py:208} INFO - Processing /home/airflow/.local/lib/python3.12/site-packages/airflow/example_dags/example_branch_operator_decorator.py took 0.123 seconds
[2026-03-12T01:45:31.631+0000] {processor.py:186} INFO - Started process (PID=52723) to work on /home/airflow/.local/lib/python3.12/site-packages/airflow/example_dags/example_branch_operator_decorator.py
[2026-03-12T01:45:31.633+0000] {processor.py:914} INFO - Processing file /home/airflow/.local/lib/python3.12/site-packages/airflow/example_dags/example_branch_operator_decorator.py for tasks to queue
[2026-03-12T01:45:31.635+0000] {logging_mixin.py:190} INFO - [2026-03-12T01:45:31.634+0000] {dagbag.py:588} INFO - Filling up the DagBag from /home/airflow/.local/lib/python3.12/site-packages/airflow/example_dags/example_branch_operator_decorator.py
[2026-03-12T01:45:31.664+0000] {processor.py:925} INFO - DAG(s) 'example_branch_python_operator_decorator' retrieved from /home/airflow/.local/lib/python3.12/site-packages/airflow/example_dags/example_branch_operator_decorator.py
[2026-03-12T01:45:31.711+0000] {logging_mixin.py:190} INFO - [2026-03-12T01:45:31.711+0000] {dag.py:3239} INFO - Sync 1 DAGs
[2026-03-12T01:45:31.742+0000] {logging_mixin.py:190} INFO - [2026-03-12T01:45:31.742+0000] {dag.py:4180} INFO - Setting next_dagrun for example_branch_python_operator_decorator to 2026-03-11 00:00:00+00:00, run_after=2026-03-12 00:00:00+00:00
[2026-03-12T01:45:31.765+0000] {processor.py:208} INFO - Processing /home/airflow/.local/lib/python3.12/site-packages/airflow/example_dags/example_branch_operator_decorator.py took 0.142 seconds
[2026-03-12T01:46:04.146+0000] {processor.py:186} INFO - Started process (PID=52794) to work on /home/airflow/.local/lib/python3.12/site-packages/airflow/example_dags/example_branch_operator_decorator.py
[2026-03-12T01:46:04.147+0000] {processor.py:914} INFO - Processing file /home/airflow/.local/lib/python3.12/site-packages/airflow/example_dags/example_branch_operator_decorator.py for tasks to queue
[2026-03-12T01:46:04.148+0000] {logging_mixin.py:190} INFO - [2026-03-12T01:46:04.148+0000] {dagbag.py:588} INFO - Filling up the DagBag from /home/airflow/.local/lib/python3.12/site-packages/airflow/example_dags/example_branch_operator_decorator.py
[2026-03-12T01:46:04.177+0000] {processor.py:925} INFO - DAG(s) 'example_branch_python_operator_decorator' retrieved from /home/airflow/.local/lib/python3.12/site-packages/airflow/example_dags/example_branch_operator_decorator.py
[2026-03-12T01:46:04.218+0000] {logging_mixin.py:190} INFO - [2026-03-12T01:46:04.218+0000] {dag.py:3239} INFO - Sync 1 DAGs
[2026-03-12T01:46:04.252+0000] {logging_mixin.py:190} INFO - [2026-03-12T01:46:04.252+0000] {dag.py:4180} INFO - Setting next_dagrun for example_branch_python_operator_decorator to 2026-03-11 00:00:00+00:00, run_after=2026-03-12 00:00:00+00:00
[2026-03-12T01:46:04.277+0000] {processor.py:208} INFO - Processing /home/airflow/.local/lib/python3.12/site-packages/airflow/example_dags/example_branch_operator_decorator.py took 0.140 seconds
[2026-03-12T01:46:35.333+0000] {processor.py:186} INFO - Started process (PID=52862) to work on /home/airflow/.local/lib/python3.12/site-packages/airflow/example_dags/example_branch_operator_decorator.py
[2026-03-12T01:46:35.334+0000] {processor.py:914} INFO - Processing file /home/airflow/.local/lib/python3.12/site-packages/airflow/example_dags/example_branch_operator_decorator.py for tasks to queue
[2026-03-12T01:46:35.336+0000] {logging_mixin.py:190} INFO - [2026-03-12T01:46:35.335+0000] {dagbag.py:588} INFO - Filling up the DagBag from /home/airflow/.local/lib/python3.12/site-packages/airflow/example_dags/example_branch_operator_decorator.py
[2026-03-12T01:46:35.362+0000] {processor.py:925} INFO - DAG(s) 'example_branch_python_operator_decorator' retrieved from /home/airflow/.local/lib/python3.12/site-packages/airflow/example_dags/example_branch_operator_decorator.py
[2026-03-12T01:46:35.398+0000] {logging_mixin.py:190} INFO - [2026-03-12T01:46:35.398+0000] {dag.py:3239} INFO - Sync 1 DAGs
[2026-03-12T01:46:35.424+0000] {logging_mixin.py:190} INFO - [2026-03-12T01:46:35.424+0000] {dag.py:4180} INFO - Setting next_dagrun for example_branch_python_operator_decorator to 2026-03-11 00:00:00+00:00, run_after=2026-03-12 00:00:00+00:00
[2026-03-12T01:46:35.443+0000] {processor.py:208} INFO - Processing /home/airflow/.local/lib/python3.12/site-packages/airflow/example_dags/example_branch_operator_decorator.py took 0.116 seconds
[2026-03-12T01:47:05.631+0000] {processor.py:186} INFO - Started process (PID=52930) to work on /home/airflow/.local/lib/python3.12/site-packages/airflow/example_dags/example_branch_operator_decorator.py
[2026-03-12T01:47:05.633+0000] {processor.py:914} INFO - Processing file /home/airflow/.local/lib/python3.12/site-packages/airflow/example_dags/example_branch_operator_decorator.py for tasks to queue
[2026-03-12T01:47:05.635+0000] {logging_mixin.py:190} INFO - [2026-03-12T01:47:05.634+0000] {dagbag.py:588} INFO - Filling up the DagBag from /home/airflow/.local/lib/python3.12/site-packages/airflow/example_dags/example_branch_operator_decorator.py
[2026-03-12T01:47:05.662+0000] {processor.py:925} INFO - DAG(s) 'example_branch_python_operator_decorator' retrieved from /home/airflow/.local/lib/python3.12/site-packages/airflow/example_dags/example_branch_operator_decorator.py
[2026-03-12T01:47:05.711+0000] {logging_mixin.py:190} INFO - [2026-03-12T01:47:05.711+0000] {dag.py:3239} INFO - Sync 1 DAGs
[2026-03-12T01:47:05.748+0000] {logging_mixin.py:190} INFO - [2026-03-12T01:47:05.748+0000] {dag.py:4180} INFO - Setting next_dagrun for example_branch_python_operator_decorator to 2026-03-11 00:00:00+00:00, run_after=2026-03-12 00:00:00+00:00
[2026-03-12T01:47:05.769+0000] {processor.py:208} INFO - Processing /home/airflow/.local/lib/python3.12/site-packages/airflow/example_dags/example_branch_operator_decorator.py took 0.148 seconds
[2026-03-12T01:47:37.259+0000] {processor.py:186} INFO - Started process (PID=53005) to work on /home/airflow/.local/lib/python3.12/site-packages/airflow/example_dags/example_branch_operator_decorator.py
[2026-03-12T01:47:37.260+0000] {processor.py:914} INFO - Processing file /home/airflow/.local/lib/python3.12/site-packages/airflow/example_dags/example_branch_operator_decorator.py for tasks to queue
[2026-03-12T01:47:37.261+0000] {logging_mixin.py:190} INFO - [2026-03-12T01:47:37.261+0000] {dagbag.py:588} INFO - Filling up the DagBag from /home/airflow/.local/lib/python3.12/site-packages/airflow/example_dags/example_branch_operator_decorator.py
[2026-03-12T01:47:37.287+0000] {processor.py:925} INFO - DAG(s) 'example_branch_python_operator_decorator' retrieved from /home/airflow/.local/lib/python3.12/site-packages/airflow/example_dags/example_branch_operator_decorator.py
[2026-03-12T01:47:37.322+0000] {logging_mixin.py:190} INFO - [2026-03-12T01:47:37.322+0000] {dag.py:3239} INFO - Sync 1 DAGs
[2026-03-12T01:47:37.352+0000] {logging_mixin.py:190} INFO - [2026-03-12T01:47:37.351+0000] {dag.py:4180} INFO - Setting next_dagrun for example_branch_python_operator_decorator to 2026-03-11 00:00:00+00:00, run_after=2026-03-12 00:00:00+00:00
[2026-03-12T01:47:37.370+0000] {processor.py:208} INFO - Processing /home/airflow/.local/lib/python3.12/site-packages/airflow/example_dags/example_branch_operator_decorator.py took 0.118 seconds
[2026-03-12T01:48:08.323+0000] {processor.py:186} INFO - Started process (PID=53073) to work on /home/airflow/.local/lib/python3.12/site-packages/airflow/example_dags/example_branch_operator_decorator.py
[2026-03-12T01:48:08.325+0000] {processor.py:914} INFO - Processing file /home/airflow/.local/lib/python3.12/site-packages/airflow/example_dags/example_branch_operator_decorator.py for tasks to queue
[2026-03-12T01:48:08.327+0000] {logging_mixin.py:190} INFO - [2026-03-12T01:48:08.326+0000] {dagbag.py:588} INFO - Filling up the DagBag from /home/airflow/.local/lib/python3.12/site-packages/airflow/example_dags/example_branch_operator_decorator.py
[2026-03-12T01:48:08.357+0000] {processor.py:925} INFO - DAG(s) 'example_branch_python_operator_decorator' retrieved from /home/airflow/.local/lib/python3.12/site-packages/airflow/example_dags/example_branch_operator_decorator.py
[2026-03-12T01:48:08.412+0000] {logging_mixin.py:190} INFO - [2026-03-12T01:48:08.412+0000] {dag.py:3239} INFO - Sync 1 DAGs
[2026-03-12T01:48:08.452+0000] {logging_mixin.py:190} INFO - [2026-03-12T01:48:08.452+0000] {dag.py:4180} INFO - Setting next_dagrun for example_branch_python_operator_decorator to 2026-03-11 00:00:00+00:00, run_after=2026-03-12 00:00:00+00:00
[2026-03-12T01:48:08.481+0000] {processor.py:208} INFO - Processing /home/airflow/.local/lib/python3.12/site-packages/airflow/example_dags/example_branch_operator_decorator.py took 0.168 seconds
[2026-03-12T01:48:39.061+0000] {processor.py:186} INFO - Started process (PID=53142) to work on /home/airflow/.local/lib/python3.12/site-packages/airflow/example_dags/example_branch_operator_decorator.py
[2026-03-12T01:48:39.062+0000] {processor.py:914} INFO - Processing file /home/airflow/.local/lib/python3.12/site-packages/airflow/example_dags/example_branch_operator_decorator.py for tasks to queue
[2026-03-12T01:48:39.064+0000] {logging_mixin.py:190} INFO - [2026-03-12T01:48:39.063+0000] {dagbag.py:588} INFO - Filling up the DagBag from /home/airflow/.local/lib/python3.12/site-packages/airflow/example_dags/example_branch_operator_decorator.py
[2026-03-12T01:48:39.088+0000] {processor.py:925} INFO - DAG(s) 'example_branch_python_operator_decorator' retrieved from /home/airflow/.local/lib/python3.12/site-packages/airflow/example_dags/example_branch_operator_decorator.py
[2026-03-12T01:48:39.124+0000] {logging_mixin.py:190} INFO - [2026-03-12T01:48:39.124+0000] {dag.py:3239} INFO - Sync 1 DAGs
[2026-03-12T01:48:39.149+0000] {logging_mixin.py:190} INFO - [2026-03-12T01:48:39.148+0000] {dag.py:4180} INFO - Setting next_dagrun for example_branch_python_operator_decorator to 2026-03-11 00:00:00+00:00, run_after=2026-03-12 00:00:00+00:00
[2026-03-12T01:48:39.168+0000] {processor.py:208} INFO - Processing /home/airflow/.local/lib/python3.12/site-packages/airflow/example_dags/example_branch_operator_decorator.py took 0.113 seconds
[2026-03-12T01:49:10.855+0000] {processor.py:186} INFO - Started process (PID=53210) to work on /home/airflow/.local/lib/python3.12/site-packages/airflow/example_dags/example_branch_operator_decorator.py
[2026-03-12T01:49:10.857+0000] {processor.py:914} INFO - Processing file /home/airflow/.local/lib/python3.12/site-packages/airflow/example_dags/example_branch_operator_decorator.py for tasks to queue
[2026-03-12T01:49:10.860+0000] {logging_mixin.py:190} INFO - [2026-03-12T01:49:10.859+0000] {dagbag.py:588} INFO - Filling up the DagBag from /home/airflow/.local/lib/python3.12/site-packages/airflow/example_dags/example_branch_operator_decorator.py
[2026-03-12T01:49:10.901+0000] {processor.py:925} INFO - DAG(s) 'example_branch_python_operator_decorator' retrieved from /home/airflow/.local/lib/python3.12/site-packages/airflow/example_dags/example_branch_operator_decorator.py
[2026-03-12T01:49:10.965+0000] {logging_mixin.py:190} INFO - [2026-03-12T01:49:10.964+0000] {dag.py:3239} INFO - Sync 1 DAGs
[2026-03-12T01:49:11.001+0000] {logging_mixin.py:190} INFO - [2026-03-12T01:49:11.000+0000] {dag.py:4180} INFO - Setting next_dagrun for example_branch_python_operator_decorator to 2026-03-11 00:00:00+00:00, run_after=2026-03-12 00:00:00+00:00
[2026-03-12T01:49:11.030+0000] {processor.py:208} INFO - Processing /home/airflow/.local/lib/python3.12/site-packages/airflow/example_dags/example_branch_operator_decorator.py took 0.184 seconds
[2026-03-12T01:49:43.985+0000] {processor.py:186} INFO - Started process (PID=53280) to work on /home/airflow/.local/lib/python3.12/site-packages/airflow/example_dags/example_branch_operator_decorator.py
[2026-03-12T01:49:43.987+0000] {processor.py:914} INFO - Processing file /home/airflow/.local/lib/python3.12/site-packages/airflow/example_dags/example_branch_operator_decorator.py for tasks to queue
[2026-03-12T01:49:43.988+0000] {logging_mixin.py:190} INFO - [2026-03-12T01:49:43.988+0000] {dagbag.py:588} INFO - Filling up the DagBag from /home/airflow/.local/lib/python3.12/site-packages/airflow/example_dags/example_branch_operator_decorator.py
[2026-03-12T01:49:44.011+0000] {processor.py:925} INFO - DAG(s) 'example_branch_python_operator_decorator' retrieved from /home/airflow/.local/lib/python3.12/site-packages/airflow/example_dags/example_branch_operator_decorator.py
[2026-03-12T01:49:44.045+0000] {logging_mixin.py:190} INFO - [2026-03-12T01:49:44.045+0000] {dag.py:3239} INFO - Sync 1 DAGs
[2026-03-12T01:49:44.069+0000] {logging_mixin.py:190} INFO - [2026-03-12T01:49:44.068+0000] {dag.py:4180} INFO - Setting next_dagrun for example_branch_python_operator_decorator to 2026-03-11 00:00:00+00:00, run_after=2026-03-12 00:00:00+00:00
[2026-03-12T01:49:44.087+0000] {processor.py:208} INFO - Processing /home/airflow/.local/lib/python3.12/site-packages/airflow/example_dags/example_branch_operator_decorator.py took 0.111 seconds
[2026-03-12T01:50:14.728+0000] {processor.py:186} INFO - Started process (PID=53348) to work on /home/airflow/.local/lib/python3.12/site-packages/airflow/example_dags/example_branch_operator_decorator.py
[2026-03-12T01:50:14.729+0000] {processor.py:914} INFO - Processing file /home/airflow/.local/lib/python3.12/site-packages/airflow/example_dags/example_branch_operator_decorator.py for tasks to queue
[2026-03-12T01:50:14.730+0000] {logging_mixin.py:190} INFO - [2026-03-12T01:50:14.730+0000] {dagbag.py:588} INFO - Filling up the DagBag from /home/airflow/.local/lib/python3.12/site-packages/airflow/example_dags/example_branch_operator_decorator.py
[2026-03-12T01:50:14.767+0000] {processor.py:925} INFO - DAG(s) 'example_branch_python_operator_decorator' retrieved from /home/airflow/.local/lib/python3.12/site-packages/airflow/example_dags/example_branch_operator_decorator.py
[2026-03-12T01:50:14.818+0000] {logging_mixin.py:190} INFO - [2026-03-12T01:50:14.817+0000] {dag.py:3239} INFO - Sync 1 DAGs
[2026-03-12T01:50:14.860+0000] {logging_mixin.py:190} INFO - [2026-03-12T01:50:14.859+0000] {dag.py:4180} INFO - Setting next_dagrun for example_branch_python_operator_decorator to 2026-03-11 00:00:00+00:00, run_after=2026-03-12 00:00:00+00:00
[2026-03-12T01:50:14.889+0000] {processor.py:208} INFO - Processing /home/airflow/.local/lib/python3.12/site-packages/airflow/example_dags/example_branch_operator_decorator.py took 0.170 seconds
[2026-03-12T01:50:45.114+0000] {processor.py:186} INFO - Started process (PID=53416) to work on /home/airflow/.local/lib/python3.12/site-packages/airflow/example_dags/example_branch_operator_decorator.py
[2026-03-12T01:50:45.115+0000] {processor.py:914} INFO - Processing file /home/airflow/.local/lib/python3.12/site-packages/airflow/example_dags/example_branch_operator_decorator.py for tasks to queue
[2026-03-12T01:50:45.117+0000] {logging_mixin.py:190} INFO - [2026-03-12T01:50:45.116+0000] {dagbag.py:588} INFO - Filling up the DagBag from /home/airflow/.local/lib/python3.12/site-packages/airflow/example_dags/example_branch_operator_decorator.py
[2026-03-12T01:50:45.152+0000] {processor.py:925} INFO - DAG(s) 'example_branch_python_operator_decorator' retrieved from /home/airflow/.local/lib/python3.12/site-packages/airflow/example_dags/example_branch_operator_decorator.py
[2026-03-12T01:50:45.217+0000] {logging_mixin.py:190} INFO - [2026-03-12T01:50:45.216+0000] {dag.py:3239} INFO - Sync 1 DAGs
[2026-03-12T01:50:45.260+0000] {logging_mixin.py:190} INFO - [2026-03-12T01:50:45.259+0000] {dag.py:4180} INFO - Setting next_dagrun for example_branch_python_operator_decorator to 2026-03-11 00:00:00+00:00, run_after=2026-03-12 00:00:00+00:00
[2026-03-12T01:50:45.287+0000] {processor.py:208} INFO - Processing /home/airflow/.local/lib/python3.12/site-packages/airflow/example_dags/example_branch_operator_decorator.py took 0.183 seconds
[2026-03-12T01:51:16.262+0000] {processor.py:186} INFO - Started process (PID=53486) to work on /home/airflow/.local/lib/python3.12/site-packages/airflow/example_dags/example_branch_operator_decorator.py
[2026-03-12T01:51:16.263+0000] {processor.py:914} INFO - Processing file /home/airflow/.local/lib/python3.12/site-packages/airflow/example_dags/example_branch_operator_decorator.py for tasks to queue
[2026-03-12T01:51:16.264+0000] {logging_mixin.py:190} INFO - [2026-03-12T01:51:16.264+0000] {dagbag.py:588} INFO - Filling up the DagBag from /home/airflow/.local/lib/python3.12/site-packages/airflow/example_dags/example_branch_operator_decorator.py
[2026-03-12T01:51:16.292+0000] {processor.py:925} INFO - DAG(s) 'example_branch_python_operator_decorator' retrieved from /home/airflow/.local/lib/python3.12/site-packages/airflow/example_dags/example_branch_operator_decorator.py
[2026-03-12T01:51:16.329+0000] {logging_mixin.py:190} INFO - [2026-03-12T01:51:16.329+0000] {dag.py:3239} INFO - Sync 1 DAGs
[2026-03-12T01:51:16.362+0000] {logging_mixin.py:190} INFO - [2026-03-12T01:51:16.362+0000] {dag.py:4180} INFO - Setting next_dagrun for example_branch_python_operator_decorator to 2026-03-11 00:00:00+00:00, run_after=2026-03-12 00:00:00+00:00
[2026-03-12T01:51:16.386+0000] {processor.py:208} INFO - Processing /home/airflow/.local/lib/python3.12/site-packages/airflow/example_dags/example_branch_operator_decorator.py took 0.134 seconds
[2026-03-12T01:51:51.113+0000] {processor.py:186} INFO - Started process (PID=53555) to work on /home/airflow/.local/lib/python3.12/site-packages/airflow/example_dags/example_branch_operator_decorator.py
[2026-03-12T01:51:51.115+0000] {processor.py:914} INFO - Processing file /home/airflow/.local/lib/python3.12/site-packages/airflow/example_dags/example_branch_operator_decorator.py for tasks to queue
[2026-03-12T01:51:51.117+0000] {logging_mixin.py:190} INFO - [2026-03-12T01:51:51.116+0000] {dagbag.py:588} INFO - Filling up the DagBag from /home/airflow/.local/lib/python3.12/site-packages/airflow/example_dags/example_branch_operator_decorator.py
[2026-03-12T01:51:51.143+0000] {processor.py:925} INFO - DAG(s) 'example_branch_python_operator_decorator' retrieved from /home/airflow/.local/lib/python3.12/site-packages/airflow/example_dags/example_branch_operator_decorator.py
[2026-03-12T01:51:51.182+0000] {logging_mixin.py:190} INFO - [2026-03-12T01:51:51.182+0000] {dag.py:3239} INFO - Sync 1 DAGs
[2026-03-12T01:51:51.210+0000] {logging_mixin.py:190} INFO - [2026-03-12T01:51:51.209+0000] {dag.py:4180} INFO - Setting next_dagrun for example_branch_python_operator_decorator to 2026-03-11 00:00:00+00:00, run_after=2026-03-12 00:00:00+00:00
[2026-03-12T01:51:51.230+0000] {processor.py:208} INFO - Processing /home/airflow/.local/lib/python3.12/site-packages/airflow/example_dags/example_branch_operator_decorator.py took 0.126 seconds
[2026-03-12T01:52:27.395+0000] {processor.py:186} INFO - Started process (PID=53629) to work on /home/airflow/.local/lib/python3.12/site-packages/airflow/example_dags/example_branch_operator_decorator.py
[2026-03-12T01:52:27.396+0000] {processor.py:914} INFO - Processing file /home/airflow/.local/lib/python3.12/site-packages/airflow/example_dags/example_branch_operator_decorator.py for tasks to queue
[2026-03-12T01:52:27.399+0000] {logging_mixin.py:190} INFO - [2026-03-12T01:52:27.398+0000] {dagbag.py:588} INFO - Filling up the DagBag from /home/airflow/.local/lib/python3.12/site-packages/airflow/example_dags/example_branch_operator_decorator.py
[2026-03-12T01:52:27.441+0000] {processor.py:925} INFO - DAG(s) 'example_branch_python_operator_decorator' retrieved from /home/airflow/.local/lib/python3.12/site-packages/airflow/example_dags/example_branch_operator_decorator.py
[2026-03-12T01:52:27.499+0000] {logging_mixin.py:190} INFO - [2026-03-12T01:52:27.498+0000] {dag.py:3239} INFO - Sync 1 DAGs
[2026-03-12T01:52:27.535+0000] {logging_mixin.py:190} INFO - [2026-03-12T01:52:27.534+0000] {dag.py:4180} INFO - Setting next_dagrun for example_branch_python_operator_decorator to 2026-03-11 00:00:00+00:00, run_after=2026-03-12 00:00:00+00:00
[2026-03-12T01:52:27.563+0000] {processor.py:208} INFO - Processing /home/airflow/.local/lib/python3.12/site-packages/airflow/example_dags/example_branch_operator_decorator.py took 0.177 seconds
[2026-03-12T01:52:58.332+0000] {processor.py:186} INFO - Started process (PID=53697) to work on /home/airflow/.local/lib/python3.12/site-packages/airflow/example_dags/example_branch_operator_decorator.py
[2026-03-12T01:52:58.334+0000] {processor.py:914} INFO - Processing file /home/airflow/.local/lib/python3.12/site-packages/airflow/example_dags/example_branch_operator_decorator.py for tasks to queue
[2026-03-12T01:52:58.335+0000] {logging_mixin.py:190} INFO - [2026-03-12T01:52:58.335+0000] {dagbag.py:588} INFO - Filling up the DagBag from /home/airflow/.local/lib/python3.12/site-packages/airflow/example_dags/example_branch_operator_decorator.py
[2026-03-12T01:52:58.356+0000] {processor.py:925} INFO - DAG(s) 'example_branch_python_operator_decorator' retrieved from /home/airflow/.local/lib/python3.12/site-packages/airflow/example_dags/example_branch_operator_decorator.py
[2026-03-12T01:52:58.386+0000] {logging_mixin.py:190} INFO - [2026-03-12T01:52:58.386+0000] {dag.py:3239} INFO - Sync 1 DAGs
[2026-03-12T01:52:58.411+0000] {logging_mixin.py:190} INFO - [2026-03-12T01:52:58.411+0000] {dag.py:4180} INFO - Setting next_dagrun for example_branch_python_operator_decorator to 2026-03-11 00:00:00+00:00, run_after=2026-03-12 00:00:00+00:00
[2026-03-12T01:52:58.427+0000] {processor.py:208} INFO - Processing /home/airflow/.local/lib/python3.12/site-packages/airflow/example_dags/example_branch_operator_decorator.py took 0.102 seconds
[2026-03-12T01:53:29.768+0000] {processor.py:186} INFO - Started process (PID=53766) to work on /home/airflow/.local/lib/python3.12/site-packages/airflow/example_dags/example_branch_operator_decorator.py
[2026-03-12T01:53:29.770+0000] {processor.py:914} INFO - Processing file /home/airflow/.local/lib/python3.12/site-packages/airflow/example_dags/example_branch_operator_decorator.py for tasks to queue
[2026-03-12T01:53:29.772+0000] {logging_mixin.py:190} INFO - [2026-03-12T01:53:29.772+0000] {dagbag.py:588} INFO - Filling up the DagBag from /home/airflow/.local/lib/python3.12/site-packages/airflow/example_dags/example_branch_operator_decorator.py
[2026-03-12T01:53:29.827+0000] {processor.py:925} INFO - DAG(s) 'example_branch_python_operator_decorator' retrieved from /home/airflow/.local/lib/python3.12/site-packages/airflow/example_dags/example_branch_operator_decorator.py
[2026-03-12T01:53:29.901+0000] {logging_mixin.py:190} INFO - [2026-03-12T01:53:29.901+0000] {dag.py:3239} INFO - Sync 1 DAGs
[2026-03-12T01:53:29.961+0000] {logging_mixin.py:190} INFO - [2026-03-12T01:53:29.960+0000] {dag.py:4180} INFO - Setting next_dagrun for example_branch_python_operator_decorator to 2026-03-11 00:00:00+00:00, run_after=2026-03-12 00:00:00+00:00
[2026-03-12T01:53:30.010+0000] {processor.py:208} INFO - Processing /home/airflow/.local/lib/python3.12/site-packages/airflow/example_dags/example_branch_operator_decorator.py took 0.256 seconds
[2026-03-12T01:54:00.511+0000] {processor.py:186} INFO - Started process (PID=53834) to work on /home/airflow/.local/lib/python3.12/site-packages/airflow/example_dags/example_branch_operator_decorator.py
[2026-03-12T01:54:00.513+0000] {processor.py:914} INFO - Processing file /home/airflow/.local/lib/python3.12/site-packages/airflow/example_dags/example_branch_operator_decorator.py for tasks to queue
[2026-03-12T01:54:00.514+0000] {logging_mixin.py:190} INFO - [2026-03-12T01:54:00.514+0000] {dagbag.py:588} INFO - Filling up the DagBag from /home/airflow/.local/lib/python3.12/site-packages/airflow/example_dags/example_branch_operator_decorator.py
[2026-03-12T01:54:00.543+0000] {processor.py:925} INFO - DAG(s) 'example_branch_python_operator_decorator' retrieved from /home/airflow/.local/lib/python3.12/site-packages/airflow/example_dags/example_branch_operator_decorator.py
[2026-03-12T01:54:00.588+0000] {logging_mixin.py:190} INFO - [2026-03-12T01:54:00.587+0000] {dag.py:3239} INFO - Sync 1 DAGs
[2026-03-12T01:54:00.620+0000] {logging_mixin.py:190} INFO - [2026-03-12T01:54:00.619+0000] {dag.py:4180} INFO - Setting next_dagrun for example_branch_python_operator_decorator to 2026-03-11 00:00:00+00:00, run_after=2026-03-12 00:00:00+00:00
[2026-03-12T01:54:00.647+0000] {processor.py:208} INFO - Processing /home/airflow/.local/lib/python3.12/site-packages/airflow/example_dags/example_branch_operator_decorator.py took 0.146 seconds
[2026-03-12T01:54:30.780+0000] {processor.py:186} INFO - Started process (PID=53903) to work on /home/airflow/.local/lib/python3.12/site-packages/airflow/example_dags/example_branch_operator_decorator.py
[2026-03-12T01:54:30.781+0000] {processor.py:914} INFO - Processing file /home/airflow/.local/lib/python3.12/site-packages/airflow/example_dags/example_branch_operator_decorator.py for tasks to queue
[2026-03-12T01:54:30.783+0000] {logging_mixin.py:190} INFO - [2026-03-12T01:54:30.783+0000] {dagbag.py:588} INFO - Filling up the DagBag from /home/airflow/.local/lib/python3.12/site-packages/airflow/example_dags/example_branch_operator_decorator.py
[2026-03-12T01:54:30.807+0000] {processor.py:925} INFO - DAG(s) 'example_branch_python_operator_decorator' retrieved from /home/airflow/.local/lib/python3.12/site-packages/airflow/example_dags/example_branch_operator_decorator.py
[2026-03-12T01:54:30.847+0000] {logging_mixin.py:190} INFO - [2026-03-12T01:54:30.846+0000] {dag.py:3239} INFO - Sync 1 DAGs
[2026-03-12T01:54:30.873+0000] {logging_mixin.py:190} INFO - [2026-03-12T01:54:30.872+0000] {dag.py:4180} INFO - Setting next_dagrun for example_branch_python_operator_decorator to 2026-03-11 00:00:00+00:00, run_after=2026-03-12 00:00:00+00:00
[2026-03-12T01:54:30.895+0000] {processor.py:208} INFO - Processing /home/airflow/.local/lib/python3.12/site-packages/airflow/example_dags/example_branch_operator_decorator.py took 0.121 seconds
[2026-03-12T01:55:01.058+0000] {processor.py:186} INFO - Started process (PID=53971) to work on /home/airflow/.local/lib/python3.12/site-packages/airflow/example_dags/example_branch_operator_decorator.py
[2026-03-12T01:55:01.059+0000] {processor.py:914} INFO - Processing file /home/airflow/.local/lib/python3.12/site-packages/airflow/example_dags/example_branch_operator_decorator.py for tasks to queue
[2026-03-12T01:55:01.061+0000] {logging_mixin.py:190} INFO - [2026-03-12T01:55:01.060+0000] {dagbag.py:588} INFO - Filling up the DagBag from /home/airflow/.local/lib/python3.12/site-packages/airflow/example_dags/example_branch_operator_decorator.py
[2026-03-12T01:55:01.093+0000] {processor.py:925} INFO - DAG(s) 'example_branch_python_operator_decorator' retrieved from /home/airflow/.local/lib/python3.12/site-packages/airflow/example_dags/example_branch_operator_decorator.py
[2026-03-12T01:55:01.140+0000] {logging_mixin.py:190} INFO - [2026-03-12T01:55:01.140+0000] {dag.py:3239} INFO - Sync 1 DAGs
[2026-03-12T01:55:01.179+0000] {logging_mixin.py:190} INFO - [2026-03-12T01:55:01.179+0000] {dag.py:4180} INFO - Setting next_dagrun for example_branch_python_operator_decorator to 2026-03-11 00:00:00+00:00, run_after=2026-03-12 00:00:00+00:00
[2026-03-12T01:55:01.204+0000] {processor.py:208} INFO - Processing /home/airflow/.local/lib/python3.12/site-packages/airflow/example_dags/example_branch_operator_decorator.py took 0.154 seconds
[2026-03-12T01:55:36.739+0000] {processor.py:186} INFO - Started process (PID=54042) to work on /home/airflow/.local/lib/python3.12/site-packages/airflow/example_dags/example_branch_operator_decorator.py
[2026-03-12T01:55:36.741+0000] {processor.py:914} INFO - Processing file /home/airflow/.local/lib/python3.12/site-packages/airflow/example_dags/example_branch_operator_decorator.py for tasks to queue
[2026-03-12T01:55:36.742+0000] {logging_mixin.py:190} INFO - [2026-03-12T01:55:36.742+0000] {dagbag.py:588} INFO - Filling up the DagBag from /home/airflow/.local/lib/python3.12/site-packages/airflow/example_dags/example_branch_operator_decorator.py
[2026-03-12T01:55:36.766+0000] {processor.py:925} INFO - DAG(s) 'example_branch_python_operator_decorator' retrieved from /home/airflow/.local/lib/python3.12/site-packages/airflow/example_dags/example_branch_operator_decorator.py
[2026-03-12T01:55:36.804+0000] {logging_mixin.py:190} INFO - [2026-03-12T01:55:36.804+0000] {dag.py:3239} INFO - Sync 1 DAGs
[2026-03-12T01:55:36.832+0000] {logging_mixin.py:190} INFO - [2026-03-12T01:55:36.832+0000] {dag.py:4180} INFO - Setting next_dagrun for example_branch_python_operator_decorator to 2026-03-11 00:00:00+00:00, run_after=2026-03-12 00:00:00+00:00
[2026-03-12T01:55:36.854+0000] {processor.py:208} INFO - Processing /home/airflow/.local/lib/python3.12/site-packages/airflow/example_dags/example_branch_operator_decorator.py took 0.123 seconds
[2026-03-12T01:56:12.394+0000] {processor.py:186} INFO - Started process (PID=54117) to work on /home/airflow/.local/lib/python3.12/site-packages/airflow/example_dags/example_branch_operator_decorator.py
[2026-03-12T01:56:12.395+0000] {processor.py:914} INFO - Processing file /home/airflow/.local/lib/python3.12/site-packages/airflow/example_dags/example_branch_operator_decorator.py for tasks to queue
[2026-03-12T01:56:12.397+0000] {logging_mixin.py:190} INFO - [2026-03-12T01:56:12.396+0000] {dagbag.py:588} INFO - Filling up the DagBag from /home/airflow/.local/lib/python3.12/site-packages/airflow/example_dags/example_branch_operator_decorator.py
[2026-03-12T01:56:12.432+0000] {processor.py:925} INFO - DAG(s) 'example_branch_python_operator_decorator' retrieved from /home/airflow/.local/lib/python3.12/site-packages/airflow/example_dags/example_branch_operator_decorator.py
[2026-03-12T01:56:12.488+0000] {logging_mixin.py:190} INFO - [2026-03-12T01:56:12.487+0000] {dag.py:3239} INFO - Sync 1 DAGs
[2026-03-12T01:56:12.521+0000] {logging_mixin.py:190} INFO - [2026-03-12T01:56:12.521+0000] {dag.py:4180} INFO - Setting next_dagrun for example_branch_python_operator_decorator to 2026-03-11 00:00:00+00:00, run_after=2026-03-12 00:00:00+00:00
[2026-03-12T01:56:12.547+0000] {processor.py:208} INFO - Processing /home/airflow/.local/lib/python3.12/site-packages/airflow/example_dags/example_branch_operator_decorator.py took 0.161 seconds
[2026-03-12T01:56:47.187+0000] {processor.py:186} INFO - Started process (PID=54185) to work on /home/airflow/.local/lib/python3.12/site-packages/airflow/example_dags/example_branch_operator_decorator.py
[2026-03-12T01:56:47.189+0000] {processor.py:914} INFO - Processing file /home/airflow/.local/lib/python3.12/site-packages/airflow/example_dags/example_branch_operator_decorator.py for tasks to queue
[2026-03-12T01:56:47.190+0000] {logging_mixin.py:190} INFO - [2026-03-12T01:56:47.189+0000] {dagbag.py:588} INFO - Filling up the DagBag from /home/airflow/.local/lib/python3.12/site-packages/airflow/example_dags/example_branch_operator_decorator.py
[2026-03-12T01:56:47.215+0000] {processor.py:925} INFO - DAG(s) 'example_branch_python_operator_decorator' retrieved from /home/airflow/.local/lib/python3.12/site-packages/airflow/example_dags/example_branch_operator_decorator.py
[2026-03-12T01:56:47.254+0000] {logging_mixin.py:190} INFO - [2026-03-12T01:56:47.254+0000] {dag.py:3239} INFO - Sync 1 DAGs
[2026-03-12T01:56:47.283+0000] {logging_mixin.py:190} INFO - [2026-03-12T01:56:47.283+0000] {dag.py:4180} INFO - Setting next_dagrun for example_branch_python_operator_decorator to 2026-03-11 00:00:00+00:00, run_after=2026-03-12 00:00:00+00:00
[2026-03-12T01:56:47.307+0000] {processor.py:208} INFO - Processing /home/airflow/.local/lib/python3.12/site-packages/airflow/example_dags/example_branch_operator_decorator.py took 0.128 seconds
[2026-03-12T01:57:18.281+0000] {processor.py:186} INFO - Started process (PID=54253) to work on /home/airflow/.local/lib/python3.12/site-packages/airflow/example_dags/example_branch_operator_decorator.py
[2026-03-12T01:57:18.282+0000] {processor.py:914} INFO - Processing file /home/airflow/.local/lib/python3.12/site-packages/airflow/example_dags/example_branch_operator_decorator.py for tasks to queue
[2026-03-12T01:57:18.285+0000] {logging_mixin.py:190} INFO - [2026-03-12T01:57:18.283+0000] {dagbag.py:588} INFO - Filling up the DagBag from /home/airflow/.local/lib/python3.12/site-packages/airflow/example_dags/example_branch_operator_decorator.py
[2026-03-12T01:57:18.312+0000] {processor.py:925} INFO - DAG(s) 'example_branch_python_operator_decorator' retrieved from /home/airflow/.local/lib/python3.12/site-packages/airflow/example_dags/example_branch_operator_decorator.py
[2026-03-12T01:57:18.347+0000] {logging_mixin.py:190} INFO - [2026-03-12T01:57:18.347+0000] {dag.py:3239} INFO - Sync 1 DAGs
[2026-03-12T01:57:18.374+0000] {logging_mixin.py:190} INFO - [2026-03-12T01:57:18.374+0000] {dag.py:4180} INFO - Setting next_dagrun for example_branch_python_operator_decorator to 2026-03-11 00:00:00+00:00, run_after=2026-03-12 00:00:00+00:00
[2026-03-12T01:57:18.396+0000] {processor.py:208} INFO - Processing /home/airflow/.local/lib/python3.12/site-packages/airflow/example_dags/example_branch_operator_decorator.py took 0.121 seconds
[2026-03-12T01:57:48.534+0000] {processor.py:186} INFO - Started process (PID=54321) to work on /home/airflow/.local/lib/python3.12/site-packages/airflow/example_dags/example_branch_operator_decorator.py
[2026-03-12T01:57:48.535+0000] {processor.py:914} INFO - Processing file /home/airflow/.local/lib/python3.12/site-packages/airflow/example_dags/example_branch_operator_decorator.py for tasks to queue
[2026-03-12T01:57:48.536+0000] {logging_mixin.py:190} INFO - [2026-03-12T01:57:48.536+0000] {dagbag.py:588} INFO - Filling up the DagBag from /home/airflow/.local/lib/python3.12/site-packages/airflow/example_dags/example_branch_operator_decorator.py
[2026-03-12T01:57:48.561+0000] {processor.py:925} INFO - DAG(s) 'example_branch_python_operator_decorator' retrieved from /home/airflow/.local/lib/python3.12/site-packages/airflow/example_dags/example_branch_operator_decorator.py
[2026-03-12T01:57:48.597+0000] {logging_mixin.py:190} INFO - [2026-03-12T01:57:48.597+0000] {dag.py:3239} INFO - Sync 1 DAGs
[2026-03-12T01:57:48.623+0000] {logging_mixin.py:190} INFO - [2026-03-12T01:57:48.622+0000] {dag.py:4180} INFO - Setting next_dagrun for example_branch_python_operator_decorator to 2026-03-11 00:00:00+00:00, run_after=2026-03-12 00:00:00+00:00
[2026-03-12T01:57:48.646+0000] {processor.py:208} INFO - Processing /home/airflow/.local/lib/python3.12/site-packages/airflow/example_dags/example_branch_operator_decorator.py took 0.119 seconds
[2026-03-12T01:58:18.753+0000] {processor.py:186} INFO - Started process (PID=54389) to work on /home/airflow/.local/lib/python3.12/site-packages/airflow/example_dags/example_branch_operator_decorator.py
[2026-03-12T01:58:18.754+0000] {processor.py:914} INFO - Processing file /home/airflow/.local/lib/python3.12/site-packages/airflow/example_dags/example_branch_operator_decorator.py for tasks to queue
[2026-03-12T01:58:18.756+0000] {logging_mixin.py:190} INFO - [2026-03-12T01:58:18.755+0000] {dagbag.py:588} INFO - Filling up the DagBag from /home/airflow/.local/lib/python3.12/site-packages/airflow/example_dags/example_branch_operator_decorator.py
[2026-03-12T01:58:18.786+0000] {processor.py:925} INFO - DAG(s) 'example_branch_python_operator_decorator' retrieved from /home/airflow/.local/lib/python3.12/site-packages/airflow/example_dags/example_branch_operator_decorator.py
[2026-03-12T01:58:18.832+0000] {logging_mixin.py:190} INFO - [2026-03-12T01:58:18.831+0000] {dag.py:3239} INFO - Sync 1 DAGs
[2026-03-12T01:58:18.871+0000] {logging_mixin.py:190} INFO - [2026-03-12T01:58:18.871+0000] {dag.py:4180} INFO - Setting next_dagrun for example_branch_python_operator_decorator to 2026-03-11 00:00:00+00:00, run_after=2026-03-12 00:00:00+00:00
[2026-03-12T01:58:18.900+0000] {processor.py:208} INFO - Processing /home/airflow/.local/lib/python3.12/site-packages/airflow/example_dags/example_branch_operator_decorator.py took 0.157 seconds
[2026-03-12T01:58:49.256+0000] {processor.py:186} INFO - Started process (PID=54458) to work on /home/airflow/.local/lib/python3.12/site-packages/airflow/example_dags/example_branch_operator_decorator.py
[2026-03-12T01:58:49.258+0000] {processor.py:914} INFO - Processing file /home/airflow/.local/lib/python3.12/site-packages/airflow/example_dags/example_branch_operator_decorator.py for tasks to queue
[2026-03-12T01:58:49.260+0000] {logging_mixin.py:190} INFO - [2026-03-12T01:58:49.259+0000] {dagbag.py:588} INFO - Filling up the DagBag from /home/airflow/.local/lib/python3.12/site-packages/airflow/example_dags/example_branch_operator_decorator.py
[2026-03-12T01:58:49.289+0000] {processor.py:925} INFO - DAG(s) 'example_branch_python_operator_decorator' retrieved from /home/airflow/.local/lib/python3.12/site-packages/airflow/example_dags/example_branch_operator_decorator.py
[2026-03-12T01:58:49.329+0000] {logging_mixin.py:190} INFO - [2026-03-12T01:58:49.328+0000] {dag.py:3239} INFO - Sync 1 DAGs
[2026-03-12T01:58:49.354+0000] {logging_mixin.py:190} INFO - [2026-03-12T01:58:49.354+0000] {dag.py:4180} INFO - Setting next_dagrun for example_branch_python_operator_decorator to 2026-03-11 00:00:00+00:00, run_after=2026-03-12 00:00:00+00:00
[2026-03-12T01:58:49.376+0000] {processor.py:208} INFO - Processing /home/airflow/.local/lib/python3.12/site-packages/airflow/example_dags/example_branch_operator_decorator.py took 0.128 seconds
[2026-03-12T01:59:20.110+0000] {processor.py:186} INFO - Started process (PID=54526) to work on /home/airflow/.local/lib/python3.12/site-packages/airflow/example_dags/example_branch_operator_decorator.py
[2026-03-12T01:59:20.112+0000] {processor.py:914} INFO - Processing file /home/airflow/.local/lib/python3.12/site-packages/airflow/example_dags/example_branch_operator_decorator.py for tasks to queue
[2026-03-12T01:59:20.113+0000] {logging_mixin.py:190} INFO - [2026-03-12T01:59:20.113+0000] {dagbag.py:588} INFO - Filling up the DagBag from /home/airflow/.local/lib/python3.12/site-packages/airflow/example_dags/example_branch_operator_decorator.py
[2026-03-12T01:59:20.140+0000] {processor.py:925} INFO - DAG(s) 'example_branch_python_operator_decorator' retrieved from /home/airflow/.local/lib/python3.12/site-packages/airflow/example_dags/example_branch_operator_decorator.py
[2026-03-12T01:59:20.184+0000] {logging_mixin.py:190} INFO - [2026-03-12T01:59:20.183+0000] {dag.py:3239} INFO - Sync 1 DAGs
[2026-03-12T01:59:20.217+0000] {logging_mixin.py:190} INFO - [2026-03-12T01:59:20.217+0000] {dag.py:4180} INFO - Setting next_dagrun for example_branch_python_operator_decorator to 2026-03-11 00:00:00+00:00, run_after=2026-03-12 00:00:00+00:00
[2026-03-12T01:59:20.245+0000] {processor.py:208} INFO - Processing /home/airflow/.local/lib/python3.12/site-packages/airflow/example_dags/example_branch_operator_decorator.py took 0.144 seconds
[2026-03-12T01:59:55.441+0000] {processor.py:186} INFO - Started process (PID=54595) to work on /home/airflow/.local/lib/python3.12/site-packages/airflow/example_dags/example_branch_operator_decorator.py
[2026-03-12T01:59:55.442+0000] {processor.py:914} INFO - Processing file /home/airflow/.local/lib/python3.12/site-packages/airflow/example_dags/example_branch_operator_decorator.py for tasks to queue
[2026-03-12T01:59:55.444+0000] {logging_mixin.py:190} INFO - [2026-03-12T01:59:55.443+0000] {dagbag.py:588} INFO - Filling up the DagBag from /home/airflow/.local/lib/python3.12/site-packages/airflow/example_dags/example_branch_operator_decorator.py
[2026-03-12T01:59:55.476+0000] {processor.py:925} INFO - DAG(s) 'example_branch_python_operator_decorator' retrieved from /home/airflow/.local/lib/python3.12/site-packages/airflow/example_dags/example_branch_operator_decorator.py
[2026-03-12T01:59:55.522+0000] {logging_mixin.py:190} INFO - [2026-03-12T01:59:55.522+0000] {dag.py:3239} INFO - Sync 1 DAGs
[2026-03-12T01:59:55.562+0000] {logging_mixin.py:190} INFO - [2026-03-12T01:59:55.561+0000] {dag.py:4180} INFO - Setting next_dagrun for example_branch_python_operator_decorator to 2026-03-11 00:00:00+00:00, run_after=2026-03-12 00:00:00+00:00
[2026-03-12T01:59:55.591+0000] {processor.py:208} INFO - Processing /home/airflow/.local/lib/python3.12/site-packages/airflow/example_dags/example_branch_operator_decorator.py took 0.161 seconds
[2026-03-12T02:00:31.890+0000] {processor.py:186} INFO - Started process (PID=54668) to work on /home/airflow/.local/lib/python3.12/site-packages/airflow/example_dags/example_branch_operator_decorator.py
[2026-03-12T02:00:31.892+0000] {processor.py:914} INFO - Processing file /home/airflow/.local/lib/python3.12/site-packages/airflow/example_dags/example_branch_operator_decorator.py for tasks to queue
[2026-03-12T02:00:31.894+0000] {logging_mixin.py:190} INFO - [2026-03-12T02:00:31.893+0000] {dagbag.py:588} INFO - Filling up the DagBag from /home/airflow/.local/lib/python3.12/site-packages/airflow/example_dags/example_branch_operator_decorator.py
[2026-03-12T02:00:31.933+0000] {processor.py:925} INFO - DAG(s) 'example_branch_python_operator_decorator' retrieved from /home/airflow/.local/lib/python3.12/site-packages/airflow/example_dags/example_branch_operator_decorator.py
[2026-03-12T02:00:31.990+0000] {logging_mixin.py:190} INFO - [2026-03-12T02:00:31.989+0000] {dag.py:3239} INFO - Sync 1 DAGs
[2026-03-12T02:00:32.024+0000] {logging_mixin.py:190} INFO - [2026-03-12T02:00:32.024+0000] {dag.py:4180} INFO - Setting next_dagrun for example_branch_python_operator_decorator to 2026-03-11 00:00:00+00:00, run_after=2026-03-12 00:00:00+00:00
[2026-03-12T02:00:32.050+0000] {processor.py:208} INFO - Processing /home/airflow/.local/lib/python3.12/site-packages/airflow/example_dags/example_branch_operator_decorator.py took 0.169 seconds
[2026-03-12T02:01:09.301+0000] {processor.py:186} INFO - Started process (PID=54750) to work on /home/airflow/.local/lib/python3.12/site-packages/airflow/example_dags/example_branch_operator_decorator.py
[2026-03-12T02:01:09.303+0000] {processor.py:914} INFO - Processing file /home/airflow/.local/lib/python3.12/site-packages/airflow/example_dags/example_branch_operator_decorator.py for tasks to queue
[2026-03-12T02:01:09.304+0000] {logging_mixin.py:190} INFO - [2026-03-12T02:01:09.304+0000] {dagbag.py:588} INFO - Filling up the DagBag from /home/airflow/.local/lib/python3.12/site-packages/airflow/example_dags/example_branch_operator_decorator.py
[2026-03-12T02:01:09.333+0000] {processor.py:925} INFO - DAG(s) 'example_branch_python_operator_decorator' retrieved from /home/airflow/.local/lib/python3.12/site-packages/airflow/example_dags/example_branch_operator_decorator.py
[2026-03-12T02:01:09.380+0000] {logging_mixin.py:190} INFO - [2026-03-12T02:01:09.380+0000] {dag.py:3239} INFO - Sync 1 DAGs
[2026-03-12T02:01:09.416+0000] {logging_mixin.py:190} INFO - [2026-03-12T02:01:09.415+0000] {dag.py:4180} INFO - Setting next_dagrun for example_branch_python_operator_decorator to 2026-03-11 00:00:00+00:00, run_after=2026-03-12 00:00:00+00:00
[2026-03-12T02:01:09.442+0000] {processor.py:208} INFO - Processing /home/airflow/.local/lib/python3.12/site-packages/airflow/example_dags/example_branch_operator_decorator.py took 0.150 seconds
[2026-03-12T02:01:45.119+0000] {processor.py:186} INFO - Started process (PID=54819) to work on /home/airflow/.local/lib/python3.12/site-packages/airflow/example_dags/example_branch_operator_decorator.py
[2026-03-12T02:01:45.120+0000] {processor.py:914} INFO - Processing file /home/airflow/.local/lib/python3.12/site-packages/airflow/example_dags/example_branch_operator_decorator.py for tasks to queue
[2026-03-12T02:01:45.122+0000] {logging_mixin.py:190} INFO - [2026-03-12T02:01:45.122+0000] {dagbag.py:588} INFO - Filling up the DagBag from /home/airflow/.local/lib/python3.12/site-packages/airflow/example_dags/example_branch_operator_decorator.py
[2026-03-12T02:01:45.161+0000] {processor.py:925} INFO - DAG(s) 'example_branch_python_operator_decorator' retrieved from /home/airflow/.local/lib/python3.12/site-packages/airflow/example_dags/example_branch_operator_decorator.py
[2026-03-12T02:01:45.205+0000] {logging_mixin.py:190} INFO - [2026-03-12T02:01:45.204+0000] {dag.py:3239} INFO - Sync 1 DAGs
[2026-03-12T02:01:45.236+0000] {logging_mixin.py:190} INFO - [2026-03-12T02:01:45.235+0000] {dag.py:4180} INFO - Setting next_dagrun for example_branch_python_operator_decorator to 2026-03-11 00:00:00+00:00, run_after=2026-03-12 00:00:00+00:00
[2026-03-12T02:01:45.263+0000] {processor.py:208} INFO - Processing /home/airflow/.local/lib/python3.12/site-packages/airflow/example_dags/example_branch_operator_decorator.py took 0.152 seconds
[2026-03-12T02:02:18.288+0000] {processor.py:186} INFO - Started process (PID=54891) to work on /home/airflow/.local/lib/python3.12/site-packages/airflow/example_dags/example_branch_operator_decorator.py
[2026-03-12T02:02:18.289+0000] {processor.py:914} INFO - Processing file /home/airflow/.local/lib/python3.12/site-packages/airflow/example_dags/example_branch_operator_decorator.py for tasks to queue
[2026-03-12T02:02:18.290+0000] {logging_mixin.py:190} INFO - [2026-03-12T02:02:18.290+0000] {dagbag.py:588} INFO - Filling up the DagBag from /home/airflow/.local/lib/python3.12/site-packages/airflow/example_dags/example_branch_operator_decorator.py
[2026-03-12T02:02:18.318+0000] {processor.py:925} INFO - DAG(s) 'example_branch_python_operator_decorator' retrieved from /home/airflow/.local/lib/python3.12/site-packages/airflow/example_dags/example_branch_operator_decorator.py
[2026-03-12T02:02:18.361+0000] {logging_mixin.py:190} INFO - [2026-03-12T02:02:18.360+0000] {dag.py:3239} INFO - Sync 1 DAGs
[2026-03-12T02:02:18.392+0000] {logging_mixin.py:190} INFO - [2026-03-12T02:02:18.392+0000] {dag.py:4180} INFO - Setting next_dagrun for example_branch_python_operator_decorator to 2026-03-11 00:00:00+00:00, run_after=2026-03-12 00:00:00+00:00
[2026-03-12T02:02:18.412+0000] {processor.py:208} INFO - Processing /home/airflow/.local/lib/python3.12/site-packages/airflow/example_dags/example_branch_operator_decorator.py took 0.131 seconds
[2026-03-12T02:02:48.720+0000] {processor.py:186} INFO - Started process (PID=54958) to work on /home/airflow/.local/lib/python3.12/site-packages/airflow/example_dags/example_branch_operator_decorator.py
[2026-03-12T02:02:48.721+0000] {processor.py:914} INFO - Processing file /home/airflow/.local/lib/python3.12/site-packages/airflow/example_dags/example_branch_operator_decorator.py for tasks to queue
[2026-03-12T02:02:48.722+0000] {logging_mixin.py:190} INFO - [2026-03-12T02:02:48.722+0000] {dagbag.py:588} INFO - Filling up the DagBag from /home/airflow/.local/lib/python3.12/site-packages/airflow/example_dags/example_branch_operator_decorator.py
[2026-03-12T02:02:48.745+0000] {processor.py:925} INFO - DAG(s) 'example_branch_python_operator_decorator' retrieved from /home/airflow/.local/lib/python3.12/site-packages/airflow/example_dags/example_branch_operator_decorator.py
[2026-03-12T02:02:48.781+0000] {logging_mixin.py:190} INFO - [2026-03-12T02:02:48.780+0000] {dag.py:3239} INFO - Sync 1 DAGs
[2026-03-12T02:02:48.806+0000] {logging_mixin.py:190} INFO - [2026-03-12T02:02:48.806+0000] {dag.py:4180} INFO - Setting next_dagrun for example_branch_python_operator_decorator to 2026-03-11 00:00:00+00:00, run_after=2026-03-12 00:00:00+00:00
[2026-03-12T02:02:48.826+0000] {processor.py:208} INFO - Processing /home/airflow/.local/lib/python3.12/site-packages/airflow/example_dags/example_branch_operator_decorator.py took 0.112 seconds
[2026-03-12T02:03:19.660+0000] {processor.py:186} INFO - Started process (PID=55027) to work on /home/airflow/.local/lib/python3.12/site-packages/airflow/example_dags/example_branch_operator_decorator.py
[2026-03-12T02:03:19.661+0000] {processor.py:914} INFO - Processing file /home/airflow/.local/lib/python3.12/site-packages/airflow/example_dags/example_branch_operator_decorator.py for tasks to queue
[2026-03-12T02:03:19.663+0000] {logging_mixin.py:190} INFO - [2026-03-12T02:03:19.662+0000] {dagbag.py:588} INFO - Filling up the DagBag from /home/airflow/.local/lib/python3.12/site-packages/airflow/example_dags/example_branch_operator_decorator.py
[2026-03-12T02:03:19.687+0000] {processor.py:925} INFO - DAG(s) 'example_branch_python_operator_decorator' retrieved from /home/airflow/.local/lib/python3.12/site-packages/airflow/example_dags/example_branch_operator_decorator.py
[2026-03-12T02:03:19.723+0000] {logging_mixin.py:190} INFO - [2026-03-12T02:03:19.723+0000] {dag.py:3239} INFO - Sync 1 DAGs
[2026-03-12T02:03:19.751+0000] {logging_mixin.py:190} INFO - [2026-03-12T02:03:19.751+0000] {dag.py:4180} INFO - Setting next_dagrun for example_branch_python_operator_decorator to 2026-03-11 00:00:00+00:00, run_after=2026-03-12 00:00:00+00:00
[2026-03-12T02:03:19.768+0000] {processor.py:208} INFO - Processing /home/airflow/.local/lib/python3.12/site-packages/airflow/example_dags/example_branch_operator_decorator.py took 0.115 seconds
[2026-03-12T02:03:50.294+0000] {processor.py:186} INFO - Started process (PID=55095) to work on /home/airflow/.local/lib/python3.12/site-packages/airflow/example_dags/example_branch_operator_decorator.py
[2026-03-12T02:03:50.296+0000] {processor.py:914} INFO - Processing file /home/airflow/.local/lib/python3.12/site-packages/airflow/example_dags/example_branch_operator_decorator.py for tasks to queue
[2026-03-12T02:03:50.298+0000] {logging_mixin.py:190} INFO - [2026-03-12T02:03:50.297+0000] {dagbag.py:588} INFO - Filling up the DagBag from /home/airflow/.local/lib/python3.12/site-packages/airflow/example_dags/example_branch_operator_decorator.py
[2026-03-12T02:03:50.330+0000] {processor.py:925} INFO - DAG(s) 'example_branch_python_operator_decorator' retrieved from /home/airflow/.local/lib/python3.12/site-packages/airflow/example_dags/example_branch_operator_decorator.py
[2026-03-12T02:03:50.379+0000] {logging_mixin.py:190} INFO - [2026-03-12T02:03:50.378+0000] {dag.py:3239} INFO - Sync 1 DAGs
[2026-03-12T02:03:50.431+0000] {logging_mixin.py:190} INFO - [2026-03-12T02:03:50.430+0000] {dag.py:4180} INFO - Setting next_dagrun for example_branch_python_operator_decorator to 2026-03-11 00:00:00+00:00, run_after=2026-03-12 00:00:00+00:00
[2026-03-12T02:03:50.490+0000] {processor.py:208} INFO - Processing /home/airflow/.local/lib/python3.12/site-packages/airflow/example_dags/example_branch_operator_decorator.py took 0.205 seconds
[2026-03-12T02:04:21.209+0000] {processor.py:186} INFO - Started process (PID=55164) to work on /home/airflow/.local/lib/python3.12/site-packages/airflow/example_dags/example_branch_operator_decorator.py
[2026-03-12T02:04:21.210+0000] {processor.py:914} INFO - Processing file /home/airflow/.local/lib/python3.12/site-packages/airflow/example_dags/example_branch_operator_decorator.py for tasks to queue
[2026-03-12T02:04:21.211+0000] {logging_mixin.py:190} INFO - [2026-03-12T02:04:21.211+0000] {dagbag.py:588} INFO - Filling up the DagBag from /home/airflow/.local/lib/python3.12/site-packages/airflow/example_dags/example_branch_operator_decorator.py
[2026-03-12T02:04:21.236+0000] {processor.py:925} INFO - DAG(s) 'example_branch_python_operator_decorator' retrieved from /home/airflow/.local/lib/python3.12/site-packages/airflow/example_dags/example_branch_operator_decorator.py
[2026-03-12T02:04:21.275+0000] {logging_mixin.py:190} INFO - [2026-03-12T02:04:21.275+0000] {dag.py:3239} INFO - Sync 1 DAGs
[2026-03-12T02:04:21.306+0000] {logging_mixin.py:190} INFO - [2026-03-12T02:04:21.305+0000] {dag.py:4180} INFO - Setting next_dagrun for example_branch_python_operator_decorator to 2026-03-11 00:00:00+00:00, run_after=2026-03-12 00:00:00+00:00
[2026-03-12T02:04:21.330+0000] {processor.py:208} INFO - Processing /home/airflow/.local/lib/python3.12/site-packages/airflow/example_dags/example_branch_operator_decorator.py took 0.129 seconds
[2026-03-12T02:04:54.532+0000] {processor.py:186} INFO - Started process (PID=55234) to work on /home/airflow/.local/lib/python3.12/site-packages/airflow/example_dags/example_branch_operator_decorator.py
[2026-03-12T02:04:54.533+0000] {processor.py:914} INFO - Processing file /home/airflow/.local/lib/python3.12/site-packages/airflow/example_dags/example_branch_operator_decorator.py for tasks to queue
[2026-03-12T02:04:54.535+0000] {logging_mixin.py:190} INFO - [2026-03-12T02:04:54.534+0000] {dagbag.py:588} INFO - Filling up the DagBag from /home/airflow/.local/lib/python3.12/site-packages/airflow/example_dags/example_branch_operator_decorator.py
[2026-03-12T02:04:54.558+0000] {processor.py:925} INFO - DAG(s) 'example_branch_python_operator_decorator' retrieved from /home/airflow/.local/lib/python3.12/site-packages/airflow/example_dags/example_branch_operator_decorator.py
[2026-03-12T02:04:54.595+0000] {logging_mixin.py:190} INFO - [2026-03-12T02:04:54.595+0000] {dag.py:3239} INFO - Sync 1 DAGs
[2026-03-12T02:04:54.625+0000] {logging_mixin.py:190} INFO - [2026-03-12T02:04:54.625+0000] {dag.py:4180} INFO - Setting next_dagrun for example_branch_python_operator_decorator to 2026-03-11 00:00:00+00:00, run_after=2026-03-12 00:00:00+00:00
[2026-03-12T02:04:54.647+0000] {processor.py:208} INFO - Processing /home/airflow/.local/lib/python3.12/site-packages/airflow/example_dags/example_branch_operator_decorator.py took 0.123 seconds
[2026-03-12T02:05:28.401+0000] {processor.py:186} INFO - Started process (PID=55303) to work on /home/airflow/.local/lib/python3.12/site-packages/airflow/example_dags/example_branch_operator_decorator.py
[2026-03-12T02:05:28.403+0000] {processor.py:914} INFO - Processing file /home/airflow/.local/lib/python3.12/site-packages/airflow/example_dags/example_branch_operator_decorator.py for tasks to queue
[2026-03-12T02:05:28.404+0000] {logging_mixin.py:190} INFO - [2026-03-12T02:05:28.404+0000] {dagbag.py:588} INFO - Filling up the DagBag from /home/airflow/.local/lib/python3.12/site-packages/airflow/example_dags/example_branch_operator_decorator.py
[2026-03-12T02:05:28.445+0000] {processor.py:925} INFO - DAG(s) 'example_branch_python_operator_decorator' retrieved from /home/airflow/.local/lib/python3.12/site-packages/airflow/example_dags/example_branch_operator_decorator.py
[2026-03-12T02:05:28.492+0000] {logging_mixin.py:190} INFO - [2026-03-12T02:05:28.492+0000] {dag.py:3239} INFO - Sync 1 DAGs
[2026-03-12T02:05:28.525+0000] {logging_mixin.py:190} INFO - [2026-03-12T02:05:28.524+0000] {dag.py:4180} INFO - Setting next_dagrun for example_branch_python_operator_decorator to 2026-03-11 00:00:00+00:00, run_after=2026-03-12 00:00:00+00:00
[2026-03-12T02:05:28.548+0000] {processor.py:208} INFO - Processing /home/airflow/.local/lib/python3.12/site-packages/airflow/example_dags/example_branch_operator_decorator.py took 0.155 seconds
[2026-03-12T02:05:59.665+0000] {processor.py:186} INFO - Started process (PID=55373) to work on /home/airflow/.local/lib/python3.12/site-packages/airflow/example_dags/example_branch_operator_decorator.py
[2026-03-12T02:05:59.667+0000] {processor.py:914} INFO - Processing file /home/airflow/.local/lib/python3.12/site-packages/airflow/example_dags/example_branch_operator_decorator.py for tasks to queue
[2026-03-12T02:05:59.669+0000] {logging_mixin.py:190} INFO - [2026-03-12T02:05:59.668+0000] {dagbag.py:588} INFO - Filling up the DagBag from /home/airflow/.local/lib/python3.12/site-packages/airflow/example_dags/example_branch_operator_decorator.py
[2026-03-12T02:05:59.696+0000] {processor.py:925} INFO - DAG(s) 'example_branch_python_operator_decorator' retrieved from /home/airflow/.local/lib/python3.12/site-packages/airflow/example_dags/example_branch_operator_decorator.py
[2026-03-12T02:05:59.739+0000] {logging_mixin.py:190} INFO - [2026-03-12T02:05:59.739+0000] {dag.py:3239} INFO - Sync 1 DAGs
[2026-03-12T02:05:59.772+0000] {logging_mixin.py:190} INFO - [2026-03-12T02:05:59.771+0000] {dag.py:4180} INFO - Setting next_dagrun for example_branch_python_operator_decorator to 2026-03-11 00:00:00+00:00, run_after=2026-03-12 00:00:00+00:00
[2026-03-12T02:05:59.800+0000] {processor.py:208} INFO - Processing /home/airflow/.local/lib/python3.12/site-packages/airflow/example_dags/example_branch_operator_decorator.py took 0.143 seconds
[2026-03-12T02:06:31.184+0000] {processor.py:186} INFO - Started process (PID=55441) to work on /home/airflow/.local/lib/python3.12/site-packages/airflow/example_dags/example_branch_operator_decorator.py
[2026-03-12T02:06:31.186+0000] {processor.py:914} INFO - Processing file /home/airflow/.local/lib/python3.12/site-packages/airflow/example_dags/example_branch_operator_decorator.py for tasks to queue
[2026-03-12T02:06:31.188+0000] {logging_mixin.py:190} INFO - [2026-03-12T02:06:31.187+0000] {dagbag.py:588} INFO - Filling up the DagBag from /home/airflow/.local/lib/python3.12/site-packages/airflow/example_dags/example_branch_operator_decorator.py
[2026-03-12T02:06:31.228+0000] {processor.py:925} INFO - DAG(s) 'example_branch_python_operator_decorator' retrieved from /home/airflow/.local/lib/python3.12/site-packages/airflow/example_dags/example_branch_operator_decorator.py
[2026-03-12T02:06:31.278+0000] {logging_mixin.py:190} INFO - [2026-03-12T02:06:31.277+0000] {dag.py:3239} INFO - Sync 1 DAGs
[2026-03-12T02:06:31.317+0000] {logging_mixin.py:190} INFO - [2026-03-12T02:06:31.317+0000] {dag.py:4180} INFO - Setting next_dagrun for example_branch_python_operator_decorator to 2026-03-11 00:00:00+00:00, run_after=2026-03-12 00:00:00+00:00
[2026-03-12T02:06:31.346+0000] {processor.py:208} INFO - Processing /home/airflow/.local/lib/python3.12/site-packages/airflow/example_dags/example_branch_operator_decorator.py took 0.175 seconds
[2026-03-12T02:07:06.816+0000] {processor.py:186} INFO - Started process (PID=55510) to work on /home/airflow/.local/lib/python3.12/site-packages/airflow/example_dags/example_branch_operator_decorator.py
[2026-03-12T02:07:06.817+0000] {processor.py:914} INFO - Processing file /home/airflow/.local/lib/python3.12/site-packages/airflow/example_dags/example_branch_operator_decorator.py for tasks to queue
[2026-03-12T02:07:06.819+0000] {logging_mixin.py:190} INFO - [2026-03-12T02:07:06.818+0000] {dagbag.py:588} INFO - Filling up the DagBag from /home/airflow/.local/lib/python3.12/site-packages/airflow/example_dags/example_branch_operator_decorator.py
[2026-03-12T02:07:06.844+0000] {processor.py:925} INFO - DAG(s) 'example_branch_python_operator_decorator' retrieved from /home/airflow/.local/lib/python3.12/site-packages/airflow/example_dags/example_branch_operator_decorator.py
[2026-03-12T02:07:06.887+0000] {logging_mixin.py:190} INFO - [2026-03-12T02:07:06.887+0000] {dag.py:3239} INFO - Sync 1 DAGs
[2026-03-12T02:07:06.927+0000] {logging_mixin.py:190} INFO - [2026-03-12T02:07:06.927+0000] {dag.py:4180} INFO - Setting next_dagrun for example_branch_python_operator_decorator to 2026-03-11 00:00:00+00:00, run_after=2026-03-12 00:00:00+00:00
[2026-03-12T02:07:06.951+0000] {processor.py:208} INFO - Processing /home/airflow/.local/lib/python3.12/site-packages/airflow/example_dags/example_branch_operator_decorator.py took 0.143 seconds
[2026-03-12T02:07:39.062+0000] {processor.py:186} INFO - Started process (PID=55588) to work on /home/airflow/.local/lib/python3.12/site-packages/airflow/example_dags/example_branch_operator_decorator.py
[2026-03-12T02:07:39.063+0000] {processor.py:914} INFO - Processing file /home/airflow/.local/lib/python3.12/site-packages/airflow/example_dags/example_branch_operator_decorator.py for tasks to queue
[2026-03-12T02:07:39.064+0000] {logging_mixin.py:190} INFO - [2026-03-12T02:07:39.064+0000] {dagbag.py:588} INFO - Filling up the DagBag from /home/airflow/.local/lib/python3.12/site-packages/airflow/example_dags/example_branch_operator_decorator.py
[2026-03-12T02:07:39.086+0000] {processor.py:925} INFO - DAG(s) 'example_branch_python_operator_decorator' retrieved from /home/airflow/.local/lib/python3.12/site-packages/airflow/example_dags/example_branch_operator_decorator.py
[2026-03-12T02:07:39.119+0000] {logging_mixin.py:190} INFO - [2026-03-12T02:07:39.119+0000] {dag.py:3239} INFO - Sync 1 DAGs
[2026-03-12T02:07:39.144+0000] {logging_mixin.py:190} INFO - [2026-03-12T02:07:39.144+0000] {dag.py:4180} INFO - Setting next_dagrun for example_branch_python_operator_decorator to 2026-03-11 00:00:00+00:00, run_after=2026-03-12 00:00:00+00:00
[2026-03-12T02:07:39.164+0000] {processor.py:208} INFO - Processing /home/airflow/.local/lib/python3.12/site-packages/airflow/example_dags/example_branch_operator_decorator.py took 0.109 seconds
[2026-03-12T02:08:09.553+0000] {processor.py:186} INFO - Started process (PID=55656) to work on /home/airflow/.local/lib/python3.12/site-packages/airflow/example_dags/example_branch_operator_decorator.py
[2026-03-12T02:08:09.555+0000] {processor.py:914} INFO - Processing file /home/airflow/.local/lib/python3.12/site-packages/airflow/example_dags/example_branch_operator_decorator.py for tasks to queue
[2026-03-12T02:08:09.556+0000] {logging_mixin.py:190} INFO - [2026-03-12T02:08:09.556+0000] {dagbag.py:588} INFO - Filling up the DagBag from /home/airflow/.local/lib/python3.12/site-packages/airflow/example_dags/example_branch_operator_decorator.py
[2026-03-12T02:08:09.585+0000] {processor.py:925} INFO - DAG(s) 'example_branch_python_operator_decorator' retrieved from /home/airflow/.local/lib/python3.12/site-packages/airflow/example_dags/example_branch_operator_decorator.py
[2026-03-12T02:08:09.628+0000] {logging_mixin.py:190} INFO - [2026-03-12T02:08:09.628+0000] {dag.py:3239} INFO - Sync 1 DAGs
[2026-03-12T02:08:09.658+0000] {logging_mixin.py:190} INFO - [2026-03-12T02:08:09.658+0000] {dag.py:4180} INFO - Setting next_dagrun for example_branch_python_operator_decorator to 2026-03-11 00:00:00+00:00, run_after=2026-03-12 00:00:00+00:00
[2026-03-12T02:08:09.681+0000] {processor.py:208} INFO - Processing /home/airflow/.local/lib/python3.12/site-packages/airflow/example_dags/example_branch_operator_decorator.py took 0.137 seconds
[2026-03-12T02:08:40.585+0000] {processor.py:186} INFO - Started process (PID=55725) to work on /home/airflow/.local/lib/python3.12/site-packages/airflow/example_dags/example_branch_operator_decorator.py
[2026-03-12T02:08:40.588+0000] {processor.py:914} INFO - Processing file /home/airflow/.local/lib/python3.12/site-packages/airflow/example_dags/example_branch_operator_decorator.py for tasks to queue
[2026-03-12T02:08:40.591+0000] {logging_mixin.py:190} INFO - [2026-03-12T02:08:40.591+0000] {dagbag.py:588} INFO - Filling up the DagBag from /home/airflow/.local/lib/python3.12/site-packages/airflow/example_dags/example_branch_operator_decorator.py
[2026-03-12T02:08:40.652+0000] {processor.py:925} INFO - DAG(s) 'example_branch_python_operator_decorator' retrieved from /home/airflow/.local/lib/python3.12/site-packages/airflow/example_dags/example_branch_operator_decorator.py
[2026-03-12T02:08:40.729+0000] {logging_mixin.py:190} INFO - [2026-03-12T02:08:40.728+0000] {dag.py:3239} INFO - Sync 1 DAGs
[2026-03-12T02:08:40.790+0000] {logging_mixin.py:190} INFO - [2026-03-12T02:08:40.790+0000] {dag.py:4180} INFO - Setting next_dagrun for example_branch_python_operator_decorator to 2026-03-11 00:00:00+00:00, run_after=2026-03-12 00:00:00+00:00
[2026-03-12T02:08:40.829+0000] {processor.py:208} INFO - Processing /home/airflow/.local/lib/python3.12/site-packages/airflow/example_dags/example_branch_operator_decorator.py took 0.265 seconds
[2026-03-12T02:09:11.453+0000] {processor.py:186} INFO - Started process (PID=55794) to work on /home/airflow/.local/lib/python3.12/site-packages/airflow/example_dags/example_branch_operator_decorator.py
[2026-03-12T02:09:11.454+0000] {processor.py:914} INFO - Processing file /home/airflow/.local/lib/python3.12/site-packages/airflow/example_dags/example_branch_operator_decorator.py for tasks to queue
[2026-03-12T02:09:11.455+0000] {logging_mixin.py:190} INFO - [2026-03-12T02:09:11.455+0000] {dagbag.py:588} INFO - Filling up the DagBag from /home/airflow/.local/lib/python3.12/site-packages/airflow/example_dags/example_branch_operator_decorator.py
[2026-03-12T02:09:11.482+0000] {processor.py:925} INFO - DAG(s) 'example_branch_python_operator_decorator' retrieved from /home/airflow/.local/lib/python3.12/site-packages/airflow/example_dags/example_branch_operator_decorator.py
[2026-03-12T02:09:11.520+0000] {logging_mixin.py:190} INFO - [2026-03-12T02:09:11.520+0000] {dag.py:3239} INFO - Sync 1 DAGs
[2026-03-12T02:09:11.546+0000] {logging_mixin.py:190} INFO - [2026-03-12T02:09:11.545+0000] {dag.py:4180} INFO - Setting next_dagrun for example_branch_python_operator_decorator to 2026-03-11 00:00:00+00:00, run_after=2026-03-12 00:00:00+00:00
[2026-03-12T02:09:11.566+0000] {processor.py:208} INFO - Processing /home/airflow/.local/lib/python3.12/site-packages/airflow/example_dags/example_branch_operator_decorator.py took 0.120 seconds
[2026-03-12T02:09:41.654+0000] {processor.py:186} INFO - Started process (PID=55863) to work on /home/airflow/.local/lib/python3.12/site-packages/airflow/example_dags/example_branch_operator_decorator.py
[2026-03-12T02:09:41.655+0000] {processor.py:914} INFO - Processing file /home/airflow/.local/lib/python3.12/site-packages/airflow/example_dags/example_branch_operator_decorator.py for tasks to queue
[2026-03-12T02:09:41.657+0000] {logging_mixin.py:190} INFO - [2026-03-12T02:09:41.657+0000] {dagbag.py:588} INFO - Filling up the DagBag from /home/airflow/.local/lib/python3.12/site-packages/airflow/example_dags/example_branch_operator_decorator.py
[2026-03-12T02:09:41.689+0000] {processor.py:925} INFO - DAG(s) 'example_branch_python_operator_decorator' retrieved from /home/airflow/.local/lib/python3.12/site-packages/airflow/example_dags/example_branch_operator_decorator.py
[2026-03-12T02:09:41.739+0000] {logging_mixin.py:190} INFO - [2026-03-12T02:09:41.739+0000] {dag.py:3239} INFO - Sync 1 DAGs
[2026-03-12T02:09:41.779+0000] {logging_mixin.py:190} INFO - [2026-03-12T02:09:41.779+0000] {dag.py:4180} INFO - Setting next_dagrun for example_branch_python_operator_decorator to 2026-03-11 00:00:00+00:00, run_after=2026-03-12 00:00:00+00:00
[2026-03-12T02:09:41.810+0000] {processor.py:208} INFO - Processing /home/airflow/.local/lib/python3.12/site-packages/airflow/example_dags/example_branch_operator_decorator.py took 0.164 seconds
[2026-03-12T02:10:14.291+0000] {processor.py:186} INFO - Started process (PID=55931) to work on /home/airflow/.local/lib/python3.12/site-packages/airflow/example_dags/example_branch_operator_decorator.py
[2026-03-12T02:10:14.293+0000] {processor.py:914} INFO - Processing file /home/airflow/.local/lib/python3.12/site-packages/airflow/example_dags/example_branch_operator_decorator.py for tasks to queue
[2026-03-12T02:10:14.294+0000] {logging_mixin.py:190} INFO - [2026-03-12T02:10:14.294+0000] {dagbag.py:588} INFO - Filling up the DagBag from /home/airflow/.local/lib/python3.12/site-packages/airflow/example_dags/example_branch_operator_decorator.py
[2026-03-12T02:10:14.322+0000] {processor.py:925} INFO - DAG(s) 'example_branch_python_operator_decorator' retrieved from /home/airflow/.local/lib/python3.12/site-packages/airflow/example_dags/example_branch_operator_decorator.py
[2026-03-12T02:10:14.364+0000] {logging_mixin.py:190} INFO - [2026-03-12T02:10:14.364+0000] {dag.py:3239} INFO - Sync 1 DAGs
[2026-03-12T02:10:14.398+0000] {logging_mixin.py:190} INFO - [2026-03-12T02:10:14.398+0000] {dag.py:4180} INFO - Setting next_dagrun for example_branch_python_operator_decorator to 2026-03-11 00:00:00+00:00, run_after=2026-03-12 00:00:00+00:00
[2026-03-12T02:10:14.423+0000] {processor.py:208} INFO - Processing /home/airflow/.local/lib/python3.12/site-packages/airflow/example_dags/example_branch_operator_decorator.py took 0.140 seconds
[2026-03-12T02:10:49.413+0000] {processor.py:186} INFO - Started process (PID=56000) to work on /home/airflow/.local/lib/python3.12/site-packages/airflow/example_dags/example_branch_operator_decorator.py
[2026-03-12T02:10:49.415+0000] {processor.py:914} INFO - Processing file /home/airflow/.local/lib/python3.12/site-packages/airflow/example_dags/example_branch_operator_decorator.py for tasks to queue
[2026-03-12T02:10:49.417+0000] {logging_mixin.py:190} INFO - [2026-03-12T02:10:49.416+0000] {dagbag.py:588} INFO - Filling up the DagBag from /home/airflow/.local/lib/python3.12/site-packages/airflow/example_dags/example_branch_operator_decorator.py
[2026-03-12T02:10:49.451+0000] {processor.py:925} INFO - DAG(s) 'example_branch_python_operator_decorator' retrieved from /home/airflow/.local/lib/python3.12/site-packages/airflow/example_dags/example_branch_operator_decorator.py
[2026-03-12T02:10:49.496+0000] {logging_mixin.py:190} INFO - [2026-03-12T02:10:49.496+0000] {dag.py:3239} INFO - Sync 1 DAGs
[2026-03-12T02:10:49.528+0000] {logging_mixin.py:190} INFO - [2026-03-12T02:10:49.528+0000] {dag.py:4180} INFO - Setting next_dagrun for example_branch_python_operator_decorator to 2026-03-11 00:00:00+00:00, run_after=2026-03-12 00:00:00+00:00
[2026-03-12T02:10:49.551+0000] {processor.py:208} INFO - Processing /home/airflow/.local/lib/python3.12/site-packages/airflow/example_dags/example_branch_operator_decorator.py took 0.146 seconds
