[2026-03-12T01:33:02.595+0000] {processor.py:186} INFO - Started process (PID=51193) to work on /home/airflow/.local/lib/python3.12/site-packages/airflow/example_dags/example_local_kubernetes_executor.py
[2026-03-12T01:33:02.596+0000] {processor.py:914} INFO - Processing file /home/airflow/.local/lib/python3.12/site-packages/airflow/example_dags/example_local_kubernetes_executor.py for tasks to queue
[2026-03-12T01:33:02.599+0000] {logging_mixin.py:190} INFO - [2026-03-12T01:33:02.598+0000] {dagbag.py:588} INFO - Filling up the DagBag from /home/airflow/.local/lib/python3.12/site-packages/airflow/example_dags/example_local_kubernetes_executor.py
[2026-03-12T01:33:02.616+0000] {processor.py:925} INFO - DAG(s) 'example_local_kubernetes_executor' retrieved from /home/airflow/.local/lib/python3.12/site-packages/airflow/example_dags/example_local_kubernetes_executor.py
[2026-03-12T01:33:02.657+0000] {logging_mixin.py:190} INFO - [2026-03-12T01:33:02.657+0000] {dag.py:3239} INFO - Sync 1 DAGs
[2026-03-12T01:33:02.681+0000] {logging_mixin.py:190} INFO - [2026-03-12T01:33:02.680+0000] {dag.py:4180} INFO - Setting next_dagrun for example_local_kubernetes_executor to None, run_after=None
[2026-03-12T01:33:02.709+0000] {processor.py:208} INFO - Processing /home/airflow/.local/lib/python3.12/site-packages/airflow/example_dags/example_local_kubernetes_executor.py took 0.122 seconds
[2026-03-12T01:34:00.016+0000] {processor.py:186} INFO - Started process (PID=51262) to work on /home/airflow/.local/lib/python3.12/site-packages/airflow/example_dags/example_local_kubernetes_executor.py
[2026-03-12T01:34:00.017+0000] {processor.py:914} INFO - Processing file /home/airflow/.local/lib/python3.12/site-packages/airflow/example_dags/example_local_kubernetes_executor.py for tasks to queue
[2026-03-12T01:34:00.019+0000] {logging_mixin.py:190} INFO - [2026-03-12T01:34:00.018+0000] {dagbag.py:588} INFO - Filling up the DagBag from /home/airflow/.local/lib/python3.12/site-packages/airflow/example_dags/example_local_kubernetes_executor.py
[2026-03-12T01:34:00.030+0000] {processor.py:925} INFO - DAG(s) 'example_local_kubernetes_executor' retrieved from /home/airflow/.local/lib/python3.12/site-packages/airflow/example_dags/example_local_kubernetes_executor.py
[2026-03-12T01:34:00.059+0000] {logging_mixin.py:190} INFO - [2026-03-12T01:34:00.058+0000] {dag.py:3239} INFO - Sync 1 DAGs
[2026-03-12T01:34:00.076+0000] {logging_mixin.py:190} INFO - [2026-03-12T01:34:00.075+0000] {dag.py:4180} INFO - Setting next_dagrun for example_local_kubernetes_executor to None, run_after=None
[2026-03-12T01:34:00.096+0000] {processor.py:208} INFO - Processing /home/airflow/.local/lib/python3.12/site-packages/airflow/example_dags/example_local_kubernetes_executor.py took 0.087 seconds
[2026-03-12T01:34:38.004+0000] {processor.py:186} INFO - Started process (PID=51344) to work on /home/airflow/.local/lib/python3.12/site-packages/airflow/example_dags/example_local_kubernetes_executor.py
[2026-03-12T01:34:38.006+0000] {processor.py:914} INFO - Processing file /home/airflow/.local/lib/python3.12/site-packages/airflow/example_dags/example_local_kubernetes_executor.py for tasks to queue
[2026-03-12T01:34:38.008+0000] {logging_mixin.py:190} INFO - [2026-03-12T01:34:38.007+0000] {dagbag.py:588} INFO - Filling up the DagBag from /home/airflow/.local/lib/python3.12/site-packages/airflow/example_dags/example_local_kubernetes_executor.py
[2026-03-12T01:34:38.026+0000] {processor.py:925} INFO - DAG(s) 'example_local_kubernetes_executor' retrieved from /home/airflow/.local/lib/python3.12/site-packages/airflow/example_dags/example_local_kubernetes_executor.py
[2026-03-12T01:34:38.080+0000] {logging_mixin.py:190} INFO - [2026-03-12T01:34:38.079+0000] {dag.py:3239} INFO - Sync 1 DAGs
[2026-03-12T01:34:38.116+0000] {logging_mixin.py:190} INFO - [2026-03-12T01:34:38.115+0000] {dag.py:4180} INFO - Setting next_dagrun for example_local_kubernetes_executor to None, run_after=None
[2026-03-12T01:34:38.153+0000] {processor.py:208} INFO - Processing /home/airflow/.local/lib/python3.12/site-packages/airflow/example_dags/example_local_kubernetes_executor.py took 0.163 seconds
[2026-03-12T01:35:17.698+0000] {processor.py:186} INFO - Started process (PID=51437) to work on /home/airflow/.local/lib/python3.12/site-packages/airflow/example_dags/example_local_kubernetes_executor.py
[2026-03-12T01:35:17.700+0000] {processor.py:914} INFO - Processing file /home/airflow/.local/lib/python3.12/site-packages/airflow/example_dags/example_local_kubernetes_executor.py for tasks to queue
[2026-03-12T01:35:17.702+0000] {logging_mixin.py:190} INFO - [2026-03-12T01:35:17.701+0000] {dagbag.py:588} INFO - Filling up the DagBag from /home/airflow/.local/lib/python3.12/site-packages/airflow/example_dags/example_local_kubernetes_executor.py
[2026-03-12T01:35:17.723+0000] {processor.py:925} INFO - DAG(s) 'example_local_kubernetes_executor' retrieved from /home/airflow/.local/lib/python3.12/site-packages/airflow/example_dags/example_local_kubernetes_executor.py
[2026-03-12T01:35:17.781+0000] {logging_mixin.py:190} INFO - [2026-03-12T01:35:17.780+0000] {dag.py:3239} INFO - Sync 1 DAGs
[2026-03-12T01:35:17.813+0000] {logging_mixin.py:190} INFO - [2026-03-12T01:35:17.813+0000] {dag.py:4180} INFO - Setting next_dagrun for example_local_kubernetes_executor to None, run_after=None
[2026-03-12T01:35:17.846+0000] {processor.py:208} INFO - Processing /home/airflow/.local/lib/python3.12/site-packages/airflow/example_dags/example_local_kubernetes_executor.py took 0.166 seconds
[2026-03-12T01:35:53.101+0000] {processor.py:186} INFO - Started process (PID=51506) to work on /home/airflow/.local/lib/python3.12/site-packages/airflow/example_dags/example_local_kubernetes_executor.py
[2026-03-12T01:35:53.102+0000] {processor.py:914} INFO - Processing file /home/airflow/.local/lib/python3.12/site-packages/airflow/example_dags/example_local_kubernetes_executor.py for tasks to queue
[2026-03-12T01:35:53.106+0000] {logging_mixin.py:190} INFO - [2026-03-12T01:35:53.104+0000] {dagbag.py:588} INFO - Filling up the DagBag from /home/airflow/.local/lib/python3.12/site-packages/airflow/example_dags/example_local_kubernetes_executor.py
[2026-03-12T01:35:53.122+0000] {processor.py:925} INFO - DAG(s) 'example_local_kubernetes_executor' retrieved from /home/airflow/.local/lib/python3.12/site-packages/airflow/example_dags/example_local_kubernetes_executor.py
[2026-03-12T01:35:53.164+0000] {logging_mixin.py:190} INFO - [2026-03-12T01:35:53.163+0000] {dag.py:3239} INFO - Sync 1 DAGs
[2026-03-12T01:35:53.186+0000] {logging_mixin.py:190} INFO - [2026-03-12T01:35:53.186+0000] {dag.py:4180} INFO - Setting next_dagrun for example_local_kubernetes_executor to None, run_after=None
[2026-03-12T01:35:53.214+0000] {processor.py:208} INFO - Processing /home/airflow/.local/lib/python3.12/site-packages/airflow/example_dags/example_local_kubernetes_executor.py took 0.122 seconds
[2026-03-12T01:36:28.965+0000] {processor.py:186} INFO - Started process (PID=51578) to work on /home/airflow/.local/lib/python3.12/site-packages/airflow/example_dags/example_local_kubernetes_executor.py
[2026-03-12T01:36:28.966+0000] {processor.py:914} INFO - Processing file /home/airflow/.local/lib/python3.12/site-packages/airflow/example_dags/example_local_kubernetes_executor.py for tasks to queue
[2026-03-12T01:36:28.969+0000] {logging_mixin.py:190} INFO - [2026-03-12T01:36:28.968+0000] {dagbag.py:588} INFO - Filling up the DagBag from /home/airflow/.local/lib/python3.12/site-packages/airflow/example_dags/example_local_kubernetes_executor.py
[2026-03-12T01:36:28.980+0000] {processor.py:925} INFO - DAG(s) 'example_local_kubernetes_executor' retrieved from /home/airflow/.local/lib/python3.12/site-packages/airflow/example_dags/example_local_kubernetes_executor.py
[2026-03-12T01:36:29.006+0000] {logging_mixin.py:190} INFO - [2026-03-12T01:36:29.006+0000] {dag.py:3239} INFO - Sync 1 DAGs
[2026-03-12T01:36:29.031+0000] {logging_mixin.py:190} INFO - [2026-03-12T01:36:29.031+0000] {dag.py:4180} INFO - Setting next_dagrun for example_local_kubernetes_executor to None, run_after=None
[2026-03-12T01:36:29.050+0000] {processor.py:208} INFO - Processing /home/airflow/.local/lib/python3.12/site-packages/airflow/example_dags/example_local_kubernetes_executor.py took 0.092 seconds
[2026-03-12T01:37:05.629+0000] {processor.py:186} INFO - Started process (PID=51653) to work on /home/airflow/.local/lib/python3.12/site-packages/airflow/example_dags/example_local_kubernetes_executor.py
[2026-03-12T01:37:05.631+0000] {processor.py:914} INFO - Processing file /home/airflow/.local/lib/python3.12/site-packages/airflow/example_dags/example_local_kubernetes_executor.py for tasks to queue
[2026-03-12T01:37:05.633+0000] {logging_mixin.py:190} INFO - [2026-03-12T01:37:05.632+0000] {dagbag.py:588} INFO - Filling up the DagBag from /home/airflow/.local/lib/python3.12/site-packages/airflow/example_dags/example_local_kubernetes_executor.py
[2026-03-12T01:37:05.650+0000] {processor.py:925} INFO - DAG(s) 'example_local_kubernetes_executor' retrieved from /home/airflow/.local/lib/python3.12/site-packages/airflow/example_dags/example_local_kubernetes_executor.py
[2026-03-12T01:37:05.696+0000] {logging_mixin.py:190} INFO - [2026-03-12T01:37:05.695+0000] {dag.py:3239} INFO - Sync 1 DAGs
[2026-03-12T01:37:05.721+0000] {logging_mixin.py:190} INFO - [2026-03-12T01:37:05.720+0000] {dag.py:4180} INFO - Setting next_dagrun for example_local_kubernetes_executor to None, run_after=None
[2026-03-12T01:37:05.749+0000] {processor.py:208} INFO - Processing /home/airflow/.local/lib/python3.12/site-packages/airflow/example_dags/example_local_kubernetes_executor.py took 0.132 seconds
[2026-03-12T01:37:44.710+0000] {processor.py:186} INFO - Started process (PID=51725) to work on /home/airflow/.local/lib/python3.12/site-packages/airflow/example_dags/example_local_kubernetes_executor.py
[2026-03-12T01:37:44.712+0000] {processor.py:914} INFO - Processing file /home/airflow/.local/lib/python3.12/site-packages/airflow/example_dags/example_local_kubernetes_executor.py for tasks to queue
[2026-03-12T01:37:44.713+0000] {logging_mixin.py:190} INFO - [2026-03-12T01:37:44.713+0000] {dagbag.py:588} INFO - Filling up the DagBag from /home/airflow/.local/lib/python3.12/site-packages/airflow/example_dags/example_local_kubernetes_executor.py
[2026-03-12T01:37:44.728+0000] {processor.py:925} INFO - DAG(s) 'example_local_kubernetes_executor' retrieved from /home/airflow/.local/lib/python3.12/site-packages/airflow/example_dags/example_local_kubernetes_executor.py
[2026-03-12T01:37:44.771+0000] {logging_mixin.py:190} INFO - [2026-03-12T01:37:44.771+0000] {dag.py:3239} INFO - Sync 1 DAGs
[2026-03-12T01:37:44.796+0000] {logging_mixin.py:190} INFO - [2026-03-12T01:37:44.796+0000] {dag.py:4180} INFO - Setting next_dagrun for example_local_kubernetes_executor to None, run_after=None
[2026-03-12T01:37:44.826+0000] {processor.py:208} INFO - Processing /home/airflow/.local/lib/python3.12/site-packages/airflow/example_dags/example_local_kubernetes_executor.py took 0.128 seconds
[2026-03-12T01:38:15.621+0000] {processor.py:186} INFO - Started process (PID=51793) to work on /home/airflow/.local/lib/python3.12/site-packages/airflow/example_dags/example_local_kubernetes_executor.py
[2026-03-12T01:38:15.622+0000] {processor.py:914} INFO - Processing file /home/airflow/.local/lib/python3.12/site-packages/airflow/example_dags/example_local_kubernetes_executor.py for tasks to queue
[2026-03-12T01:38:15.623+0000] {logging_mixin.py:190} INFO - [2026-03-12T01:38:15.623+0000] {dagbag.py:588} INFO - Filling up the DagBag from /home/airflow/.local/lib/python3.12/site-packages/airflow/example_dags/example_local_kubernetes_executor.py
[2026-03-12T01:38:15.635+0000] {processor.py:925} INFO - DAG(s) 'example_local_kubernetes_executor' retrieved from /home/airflow/.local/lib/python3.12/site-packages/airflow/example_dags/example_local_kubernetes_executor.py
[2026-03-12T01:38:15.663+0000] {logging_mixin.py:190} INFO - [2026-03-12T01:38:15.663+0000] {dag.py:3239} INFO - Sync 1 DAGs
[2026-03-12T01:38:15.680+0000] {logging_mixin.py:190} INFO - [2026-03-12T01:38:15.680+0000] {dag.py:4180} INFO - Setting next_dagrun for example_local_kubernetes_executor to None, run_after=None
[2026-03-12T01:38:15.703+0000] {processor.py:208} INFO - Processing /home/airflow/.local/lib/python3.12/site-packages/airflow/example_dags/example_local_kubernetes_executor.py took 0.089 seconds
[2026-03-12T01:38:45.745+0000] {processor.py:186} INFO - Started process (PID=51862) to work on /home/airflow/.local/lib/python3.12/site-packages/airflow/example_dags/example_local_kubernetes_executor.py
[2026-03-12T01:38:45.746+0000] {processor.py:914} INFO - Processing file /home/airflow/.local/lib/python3.12/site-packages/airflow/example_dags/example_local_kubernetes_executor.py for tasks to queue
[2026-03-12T01:38:45.747+0000] {logging_mixin.py:190} INFO - [2026-03-12T01:38:45.747+0000] {dagbag.py:588} INFO - Filling up the DagBag from /home/airflow/.local/lib/python3.12/site-packages/airflow/example_dags/example_local_kubernetes_executor.py
[2026-03-12T01:38:45.756+0000] {processor.py:925} INFO - DAG(s) 'example_local_kubernetes_executor' retrieved from /home/airflow/.local/lib/python3.12/site-packages/airflow/example_dags/example_local_kubernetes_executor.py
[2026-03-12T01:38:45.780+0000] {logging_mixin.py:190} INFO - [2026-03-12T01:38:45.779+0000] {dag.py:3239} INFO - Sync 1 DAGs
[2026-03-12T01:38:45.794+0000] {logging_mixin.py:190} INFO - [2026-03-12T01:38:45.794+0000] {dag.py:4180} INFO - Setting next_dagrun for example_local_kubernetes_executor to None, run_after=None
[2026-03-12T01:38:45.814+0000] {processor.py:208} INFO - Processing /home/airflow/.local/lib/python3.12/site-packages/airflow/example_dags/example_local_kubernetes_executor.py took 0.075 seconds
[2026-03-12T01:39:20.264+0000] {processor.py:186} INFO - Started process (PID=51931) to work on /home/airflow/.local/lib/python3.12/site-packages/airflow/example_dags/example_local_kubernetes_executor.py
[2026-03-12T01:39:20.266+0000] {processor.py:914} INFO - Processing file /home/airflow/.local/lib/python3.12/site-packages/airflow/example_dags/example_local_kubernetes_executor.py for tasks to queue
[2026-03-12T01:39:20.268+0000] {logging_mixin.py:190} INFO - [2026-03-12T01:39:20.268+0000] {dagbag.py:588} INFO - Filling up the DagBag from /home/airflow/.local/lib/python3.12/site-packages/airflow/example_dags/example_local_kubernetes_executor.py
[2026-03-12T01:39:20.292+0000] {processor.py:925} INFO - DAG(s) 'example_local_kubernetes_executor' retrieved from /home/airflow/.local/lib/python3.12/site-packages/airflow/example_dags/example_local_kubernetes_executor.py
[2026-03-12T01:39:20.349+0000] {logging_mixin.py:190} INFO - [2026-03-12T01:39:20.349+0000] {dag.py:3239} INFO - Sync 1 DAGs
[2026-03-12T01:39:20.385+0000] {logging_mixin.py:190} INFO - [2026-03-12T01:39:20.385+0000] {dag.py:4180} INFO - Setting next_dagrun for example_local_kubernetes_executor to None, run_after=None
[2026-03-12T01:39:20.436+0000] {processor.py:208} INFO - Processing /home/airflow/.local/lib/python3.12/site-packages/airflow/example_dags/example_local_kubernetes_executor.py took 0.190 seconds
[2026-03-12T01:39:50.633+0000] {processor.py:186} INFO - Started process (PID=51999) to work on /home/airflow/.local/lib/python3.12/site-packages/airflow/example_dags/example_local_kubernetes_executor.py
[2026-03-12T01:39:50.634+0000] {processor.py:914} INFO - Processing file /home/airflow/.local/lib/python3.12/site-packages/airflow/example_dags/example_local_kubernetes_executor.py for tasks to queue
[2026-03-12T01:39:50.636+0000] {logging_mixin.py:190} INFO - [2026-03-12T01:39:50.635+0000] {dagbag.py:588} INFO - Filling up the DagBag from /home/airflow/.local/lib/python3.12/site-packages/airflow/example_dags/example_local_kubernetes_executor.py
[2026-03-12T01:39:50.649+0000] {processor.py:925} INFO - DAG(s) 'example_local_kubernetes_executor' retrieved from /home/airflow/.local/lib/python3.12/site-packages/airflow/example_dags/example_local_kubernetes_executor.py
[2026-03-12T01:39:50.683+0000] {logging_mixin.py:190} INFO - [2026-03-12T01:39:50.682+0000] {dag.py:3239} INFO - Sync 1 DAGs
[2026-03-12T01:39:50.700+0000] {logging_mixin.py:190} INFO - [2026-03-12T01:39:50.700+0000] {dag.py:4180} INFO - Setting next_dagrun for example_local_kubernetes_executor to None, run_after=None
[2026-03-12T01:39:50.722+0000] {processor.py:208} INFO - Processing /home/airflow/.local/lib/python3.12/site-packages/airflow/example_dags/example_local_kubernetes_executor.py took 0.098 seconds
[2026-03-12T01:40:25.101+0000] {processor.py:186} INFO - Started process (PID=52068) to work on /home/airflow/.local/lib/python3.12/site-packages/airflow/example_dags/example_local_kubernetes_executor.py
[2026-03-12T01:40:25.102+0000] {processor.py:914} INFO - Processing file /home/airflow/.local/lib/python3.12/site-packages/airflow/example_dags/example_local_kubernetes_executor.py for tasks to queue
[2026-03-12T01:40:25.104+0000] {logging_mixin.py:190} INFO - [2026-03-12T01:40:25.104+0000] {dagbag.py:588} INFO - Filling up the DagBag from /home/airflow/.local/lib/python3.12/site-packages/airflow/example_dags/example_local_kubernetes_executor.py
[2026-03-12T01:40:25.119+0000] {processor.py:925} INFO - DAG(s) 'example_local_kubernetes_executor' retrieved from /home/airflow/.local/lib/python3.12/site-packages/airflow/example_dags/example_local_kubernetes_executor.py
[2026-03-12T01:40:25.160+0000] {logging_mixin.py:190} INFO - [2026-03-12T01:40:25.159+0000] {dag.py:3239} INFO - Sync 1 DAGs
[2026-03-12T01:40:25.185+0000] {logging_mixin.py:190} INFO - [2026-03-12T01:40:25.185+0000] {dag.py:4180} INFO - Setting next_dagrun for example_local_kubernetes_executor to None, run_after=None
[2026-03-12T01:40:25.215+0000] {processor.py:208} INFO - Processing /home/airflow/.local/lib/python3.12/site-packages/airflow/example_dags/example_local_kubernetes_executor.py took 0.124 seconds
[2026-03-12T01:41:00.571+0000] {processor.py:186} INFO - Started process (PID=52145) to work on /home/airflow/.local/lib/python3.12/site-packages/airflow/example_dags/example_local_kubernetes_executor.py
[2026-03-12T01:41:00.575+0000] {processor.py:914} INFO - Processing file /home/airflow/.local/lib/python3.12/site-packages/airflow/example_dags/example_local_kubernetes_executor.py for tasks to queue
[2026-03-12T01:41:00.578+0000] {logging_mixin.py:190} INFO - [2026-03-12T01:41:00.577+0000] {dagbag.py:588} INFO - Filling up the DagBag from /home/airflow/.local/lib/python3.12/site-packages/airflow/example_dags/example_local_kubernetes_executor.py
[2026-03-12T01:41:00.596+0000] {processor.py:925} INFO - DAG(s) 'example_local_kubernetes_executor' retrieved from /home/airflow/.local/lib/python3.12/site-packages/airflow/example_dags/example_local_kubernetes_executor.py
[2026-03-12T01:41:00.641+0000] {logging_mixin.py:190} INFO - [2026-03-12T01:41:00.641+0000] {dag.py:3239} INFO - Sync 1 DAGs
[2026-03-12T01:41:00.666+0000] {logging_mixin.py:190} INFO - [2026-03-12T01:41:00.666+0000] {dag.py:4180} INFO - Setting next_dagrun for example_local_kubernetes_executor to None, run_after=None
[2026-03-12T01:41:00.695+0000] {processor.py:208} INFO - Processing /home/airflow/.local/lib/python3.12/site-packages/airflow/example_dags/example_local_kubernetes_executor.py took 0.143 seconds
[2026-03-12T01:41:36.700+0000] {processor.py:186} INFO - Started process (PID=52220) to work on /home/airflow/.local/lib/python3.12/site-packages/airflow/example_dags/example_local_kubernetes_executor.py
[2026-03-12T01:41:36.702+0000] {processor.py:914} INFO - Processing file /home/airflow/.local/lib/python3.12/site-packages/airflow/example_dags/example_local_kubernetes_executor.py for tasks to queue
[2026-03-12T01:41:36.703+0000] {logging_mixin.py:190} INFO - [2026-03-12T01:41:36.703+0000] {dagbag.py:588} INFO - Filling up the DagBag from /home/airflow/.local/lib/python3.12/site-packages/airflow/example_dags/example_local_kubernetes_executor.py
[2026-03-12T01:41:36.715+0000] {processor.py:925} INFO - DAG(s) 'example_local_kubernetes_executor' retrieved from /home/airflow/.local/lib/python3.12/site-packages/airflow/example_dags/example_local_kubernetes_executor.py
[2026-03-12T01:41:36.743+0000] {logging_mixin.py:190} INFO - [2026-03-12T01:41:36.743+0000] {dag.py:3239} INFO - Sync 1 DAGs
[2026-03-12T01:41:36.758+0000] {logging_mixin.py:190} INFO - [2026-03-12T01:41:36.758+0000] {dag.py:4180} INFO - Setting next_dagrun for example_local_kubernetes_executor to None, run_after=None
[2026-03-12T01:41:36.779+0000] {processor.py:208} INFO - Processing /home/airflow/.local/lib/python3.12/site-packages/airflow/example_dags/example_local_kubernetes_executor.py took 0.084 seconds
[2026-03-12T01:42:19.270+0000] {processor.py:186} INFO - Started process (PID=52305) to work on /home/airflow/.local/lib/python3.12/site-packages/airflow/example_dags/example_local_kubernetes_executor.py
[2026-03-12T01:42:19.271+0000] {processor.py:914} INFO - Processing file /home/airflow/.local/lib/python3.12/site-packages/airflow/example_dags/example_local_kubernetes_executor.py for tasks to queue
[2026-03-12T01:42:19.273+0000] {logging_mixin.py:190} INFO - [2026-03-12T01:42:19.272+0000] {dagbag.py:588} INFO - Filling up the DagBag from /home/airflow/.local/lib/python3.12/site-packages/airflow/example_dags/example_local_kubernetes_executor.py
[2026-03-12T01:42:19.285+0000] {processor.py:925} INFO - DAG(s) 'example_local_kubernetes_executor' retrieved from /home/airflow/.local/lib/python3.12/site-packages/airflow/example_dags/example_local_kubernetes_executor.py
[2026-03-12T01:42:19.319+0000] {logging_mixin.py:190} INFO - [2026-03-12T01:42:19.319+0000] {dag.py:3239} INFO - Sync 1 DAGs
[2026-03-12T01:42:19.345+0000] {logging_mixin.py:190} INFO - [2026-03-12T01:42:19.344+0000] {dag.py:4180} INFO - Setting next_dagrun for example_local_kubernetes_executor to None, run_after=None
[2026-03-12T01:42:19.368+0000] {processor.py:208} INFO - Processing /home/airflow/.local/lib/python3.12/site-packages/airflow/example_dags/example_local_kubernetes_executor.py took 0.106 seconds
[2026-03-12T01:42:55.225+0000] {processor.py:186} INFO - Started process (PID=52381) to work on /home/airflow/.local/lib/python3.12/site-packages/airflow/example_dags/example_local_kubernetes_executor.py
[2026-03-12T01:42:55.225+0000] {processor.py:914} INFO - Processing file /home/airflow/.local/lib/python3.12/site-packages/airflow/example_dags/example_local_kubernetes_executor.py for tasks to queue
[2026-03-12T01:42:55.226+0000] {logging_mixin.py:190} INFO - [2026-03-12T01:42:55.226+0000] {dagbag.py:588} INFO - Filling up the DagBag from /home/airflow/.local/lib/python3.12/site-packages/airflow/example_dags/example_local_kubernetes_executor.py
[2026-03-12T01:42:55.238+0000] {processor.py:925} INFO - DAG(s) 'example_local_kubernetes_executor' retrieved from /home/airflow/.local/lib/python3.12/site-packages/airflow/example_dags/example_local_kubernetes_executor.py
[2026-03-12T01:42:55.273+0000] {logging_mixin.py:190} INFO - [2026-03-12T01:42:55.272+0000] {dag.py:3239} INFO - Sync 1 DAGs
[2026-03-12T01:42:55.298+0000] {logging_mixin.py:190} INFO - [2026-03-12T01:42:55.298+0000] {dag.py:4180} INFO - Setting next_dagrun for example_local_kubernetes_executor to None, run_after=None
[2026-03-12T01:42:55.326+0000] {processor.py:208} INFO - Processing /home/airflow/.local/lib/python3.12/site-packages/airflow/example_dags/example_local_kubernetes_executor.py took 0.108 seconds
[2026-03-12T01:43:27.198+0000] {processor.py:186} INFO - Started process (PID=52450) to work on /home/airflow/.local/lib/python3.12/site-packages/airflow/example_dags/example_local_kubernetes_executor.py
[2026-03-12T01:43:27.200+0000] {processor.py:914} INFO - Processing file /home/airflow/.local/lib/python3.12/site-packages/airflow/example_dags/example_local_kubernetes_executor.py for tasks to queue
[2026-03-12T01:43:27.202+0000] {logging_mixin.py:190} INFO - [2026-03-12T01:43:27.201+0000] {dagbag.py:588} INFO - Filling up the DagBag from /home/airflow/.local/lib/python3.12/site-packages/airflow/example_dags/example_local_kubernetes_executor.py
[2026-03-12T01:43:27.213+0000] {processor.py:925} INFO - DAG(s) 'example_local_kubernetes_executor' retrieved from /home/airflow/.local/lib/python3.12/site-packages/airflow/example_dags/example_local_kubernetes_executor.py
[2026-03-12T01:43:27.249+0000] {logging_mixin.py:190} INFO - [2026-03-12T01:43:27.249+0000] {dag.py:3239} INFO - Sync 1 DAGs
[2026-03-12T01:43:27.265+0000] {logging_mixin.py:190} INFO - [2026-03-12T01:43:27.264+0000] {dag.py:4180} INFO - Setting next_dagrun for example_local_kubernetes_executor to None, run_after=None
[2026-03-12T01:43:27.286+0000] {processor.py:208} INFO - Processing /home/airflow/.local/lib/python3.12/site-packages/airflow/example_dags/example_local_kubernetes_executor.py took 0.094 seconds
[2026-03-12T01:43:58.179+0000] {processor.py:186} INFO - Started process (PID=52518) to work on /home/airflow/.local/lib/python3.12/site-packages/airflow/example_dags/example_local_kubernetes_executor.py
[2026-03-12T01:43:58.180+0000] {processor.py:914} INFO - Processing file /home/airflow/.local/lib/python3.12/site-packages/airflow/example_dags/example_local_kubernetes_executor.py for tasks to queue
[2026-03-12T01:43:58.182+0000] {logging_mixin.py:190} INFO - [2026-03-12T01:43:58.181+0000] {dagbag.py:588} INFO - Filling up the DagBag from /home/airflow/.local/lib/python3.12/site-packages/airflow/example_dags/example_local_kubernetes_executor.py
[2026-03-12T01:43:58.194+0000] {processor.py:925} INFO - DAG(s) 'example_local_kubernetes_executor' retrieved from /home/airflow/.local/lib/python3.12/site-packages/airflow/example_dags/example_local_kubernetes_executor.py
[2026-03-12T01:43:58.221+0000] {logging_mixin.py:190} INFO - [2026-03-12T01:43:58.221+0000] {dag.py:3239} INFO - Sync 1 DAGs
[2026-03-12T01:43:58.239+0000] {logging_mixin.py:190} INFO - [2026-03-12T01:43:58.239+0000] {dag.py:4180} INFO - Setting next_dagrun for example_local_kubernetes_executor to None, run_after=None
[2026-03-12T01:43:58.259+0000] {processor.py:208} INFO - Processing /home/airflow/.local/lib/python3.12/site-packages/airflow/example_dags/example_local_kubernetes_executor.py took 0.088 seconds
[2026-03-12T01:44:28.306+0000] {processor.py:186} INFO - Started process (PID=52586) to work on /home/airflow/.local/lib/python3.12/site-packages/airflow/example_dags/example_local_kubernetes_executor.py
[2026-03-12T01:44:28.307+0000] {processor.py:914} INFO - Processing file /home/airflow/.local/lib/python3.12/site-packages/airflow/example_dags/example_local_kubernetes_executor.py for tasks to queue
[2026-03-12T01:44:28.308+0000] {logging_mixin.py:190} INFO - [2026-03-12T01:44:28.308+0000] {dagbag.py:588} INFO - Filling up the DagBag from /home/airflow/.local/lib/python3.12/site-packages/airflow/example_dags/example_local_kubernetes_executor.py
[2026-03-12T01:44:28.317+0000] {processor.py:925} INFO - DAG(s) 'example_local_kubernetes_executor' retrieved from /home/airflow/.local/lib/python3.12/site-packages/airflow/example_dags/example_local_kubernetes_executor.py
[2026-03-12T01:44:28.340+0000] {logging_mixin.py:190} INFO - [2026-03-12T01:44:28.340+0000] {dag.py:3239} INFO - Sync 1 DAGs
[2026-03-12T01:44:28.355+0000] {logging_mixin.py:190} INFO - [2026-03-12T01:44:28.354+0000] {dag.py:4180} INFO - Setting next_dagrun for example_local_kubernetes_executor to None, run_after=None
[2026-03-12T01:44:28.371+0000] {processor.py:208} INFO - Processing /home/airflow/.local/lib/python3.12/site-packages/airflow/example_dags/example_local_kubernetes_executor.py took 0.071 seconds
[2026-03-12T01:44:59.813+0000] {processor.py:186} INFO - Started process (PID=52655) to work on /home/airflow/.local/lib/python3.12/site-packages/airflow/example_dags/example_local_kubernetes_executor.py
[2026-03-12T01:44:59.814+0000] {processor.py:914} INFO - Processing file /home/airflow/.local/lib/python3.12/site-packages/airflow/example_dags/example_local_kubernetes_executor.py for tasks to queue
[2026-03-12T01:44:59.815+0000] {logging_mixin.py:190} INFO - [2026-03-12T01:44:59.815+0000] {dagbag.py:588} INFO - Filling up the DagBag from /home/airflow/.local/lib/python3.12/site-packages/airflow/example_dags/example_local_kubernetes_executor.py
[2026-03-12T01:44:59.827+0000] {processor.py:925} INFO - DAG(s) 'example_local_kubernetes_executor' retrieved from /home/airflow/.local/lib/python3.12/site-packages/airflow/example_dags/example_local_kubernetes_executor.py
[2026-03-12T01:44:59.856+0000] {logging_mixin.py:190} INFO - [2026-03-12T01:44:59.856+0000] {dag.py:3239} INFO - Sync 1 DAGs
[2026-03-12T01:44:59.880+0000] {logging_mixin.py:190} INFO - [2026-03-12T01:44:59.880+0000] {dag.py:4180} INFO - Setting next_dagrun for example_local_kubernetes_executor to None, run_after=None
[2026-03-12T01:44:59.897+0000] {processor.py:208} INFO - Processing /home/airflow/.local/lib/python3.12/site-packages/airflow/example_dags/example_local_kubernetes_executor.py took 0.091 seconds
[2026-03-12T01:45:32.079+0000] {processor.py:186} INFO - Started process (PID=52726) to work on /home/airflow/.local/lib/python3.12/site-packages/airflow/example_dags/example_local_kubernetes_executor.py
[2026-03-12T01:45:32.081+0000] {processor.py:914} INFO - Processing file /home/airflow/.local/lib/python3.12/site-packages/airflow/example_dags/example_local_kubernetes_executor.py for tasks to queue
[2026-03-12T01:45:32.082+0000] {logging_mixin.py:190} INFO - [2026-03-12T01:45:32.082+0000] {dagbag.py:588} INFO - Filling up the DagBag from /home/airflow/.local/lib/python3.12/site-packages/airflow/example_dags/example_local_kubernetes_executor.py
[2026-03-12T01:45:32.093+0000] {processor.py:925} INFO - DAG(s) 'example_local_kubernetes_executor' retrieved from /home/airflow/.local/lib/python3.12/site-packages/airflow/example_dags/example_local_kubernetes_executor.py
[2026-03-12T01:45:32.127+0000] {logging_mixin.py:190} INFO - [2026-03-12T01:45:32.127+0000] {dag.py:3239} INFO - Sync 1 DAGs
[2026-03-12T01:45:32.149+0000] {logging_mixin.py:190} INFO - [2026-03-12T01:45:32.149+0000] {dag.py:4180} INFO - Setting next_dagrun for example_local_kubernetes_executor to None, run_after=None
[2026-03-12T01:45:32.175+0000] {processor.py:208} INFO - Processing /home/airflow/.local/lib/python3.12/site-packages/airflow/example_dags/example_local_kubernetes_executor.py took 0.106 seconds
[2026-03-12T01:46:04.615+0000] {processor.py:186} INFO - Started process (PID=52797) to work on /home/airflow/.local/lib/python3.12/site-packages/airflow/example_dags/example_local_kubernetes_executor.py
[2026-03-12T01:46:04.616+0000] {processor.py:914} INFO - Processing file /home/airflow/.local/lib/python3.12/site-packages/airflow/example_dags/example_local_kubernetes_executor.py for tasks to queue
[2026-03-12T01:46:04.617+0000] {logging_mixin.py:190} INFO - [2026-03-12T01:46:04.617+0000] {dagbag.py:588} INFO - Filling up the DagBag from /home/airflow/.local/lib/python3.12/site-packages/airflow/example_dags/example_local_kubernetes_executor.py
[2026-03-12T01:46:04.628+0000] {processor.py:925} INFO - DAG(s) 'example_local_kubernetes_executor' retrieved from /home/airflow/.local/lib/python3.12/site-packages/airflow/example_dags/example_local_kubernetes_executor.py
[2026-03-12T01:46:04.665+0000] {logging_mixin.py:190} INFO - [2026-03-12T01:46:04.665+0000] {dag.py:3239} INFO - Sync 1 DAGs
[2026-03-12T01:46:04.688+0000] {logging_mixin.py:190} INFO - [2026-03-12T01:46:04.687+0000] {dag.py:4180} INFO - Setting next_dagrun for example_local_kubernetes_executor to None, run_after=None
[2026-03-12T01:46:04.722+0000] {processor.py:208} INFO - Processing /home/airflow/.local/lib/python3.12/site-packages/airflow/example_dags/example_local_kubernetes_executor.py took 0.114 seconds
[2026-03-12T01:46:37.960+0000] {processor.py:186} INFO - Started process (PID=52872) to work on /home/airflow/.local/lib/python3.12/site-packages/airflow/example_dags/example_local_kubernetes_executor.py
[2026-03-12T01:46:37.961+0000] {processor.py:914} INFO - Processing file /home/airflow/.local/lib/python3.12/site-packages/airflow/example_dags/example_local_kubernetes_executor.py for tasks to queue
[2026-03-12T01:46:37.962+0000] {logging_mixin.py:190} INFO - [2026-03-12T01:46:37.962+0000] {dagbag.py:588} INFO - Filling up the DagBag from /home/airflow/.local/lib/python3.12/site-packages/airflow/example_dags/example_local_kubernetes_executor.py
[2026-03-12T01:46:37.976+0000] {processor.py:925} INFO - DAG(s) 'example_local_kubernetes_executor' retrieved from /home/airflow/.local/lib/python3.12/site-packages/airflow/example_dags/example_local_kubernetes_executor.py
[2026-03-12T01:46:38.007+0000] {logging_mixin.py:190} INFO - [2026-03-12T01:46:38.007+0000] {dag.py:3239} INFO - Sync 1 DAGs
[2026-03-12T01:46:38.023+0000] {logging_mixin.py:190} INFO - [2026-03-12T01:46:38.023+0000] {dag.py:4180} INFO - Setting next_dagrun for example_local_kubernetes_executor to None, run_after=None
[2026-03-12T01:46:38.044+0000] {processor.py:208} INFO - Processing /home/airflow/.local/lib/python3.12/site-packages/airflow/example_dags/example_local_kubernetes_executor.py took 0.091 seconds
[2026-03-12T01:47:08.185+0000] {processor.py:186} INFO - Started process (PID=52940) to work on /home/airflow/.local/lib/python3.12/site-packages/airflow/example_dags/example_local_kubernetes_executor.py
[2026-03-12T01:47:08.187+0000] {processor.py:914} INFO - Processing file /home/airflow/.local/lib/python3.12/site-packages/airflow/example_dags/example_local_kubernetes_executor.py for tasks to queue
[2026-03-12T01:47:08.189+0000] {logging_mixin.py:190} INFO - [2026-03-12T01:47:08.188+0000] {dagbag.py:588} INFO - Filling up the DagBag from /home/airflow/.local/lib/python3.12/site-packages/airflow/example_dags/example_local_kubernetes_executor.py
[2026-03-12T01:47:08.207+0000] {processor.py:925} INFO - DAG(s) 'example_local_kubernetes_executor' retrieved from /home/airflow/.local/lib/python3.12/site-packages/airflow/example_dags/example_local_kubernetes_executor.py
[2026-03-12T01:47:08.260+0000] {logging_mixin.py:190} INFO - [2026-03-12T01:47:08.259+0000] {dag.py:3239} INFO - Sync 1 DAGs
[2026-03-12T01:47:08.295+0000] {logging_mixin.py:190} INFO - [2026-03-12T01:47:08.294+0000] {dag.py:4180} INFO - Setting next_dagrun for example_local_kubernetes_executor to None, run_after=None
[2026-03-12T01:47:08.339+0000] {processor.py:208} INFO - Processing /home/airflow/.local/lib/python3.12/site-packages/airflow/example_dags/example_local_kubernetes_executor.py took 0.166 seconds
[2026-03-12T01:47:38.568+0000] {processor.py:186} INFO - Started process (PID=53008) to work on /home/airflow/.local/lib/python3.12/site-packages/airflow/example_dags/example_local_kubernetes_executor.py
[2026-03-12T01:47:38.570+0000] {processor.py:914} INFO - Processing file /home/airflow/.local/lib/python3.12/site-packages/airflow/example_dags/example_local_kubernetes_executor.py for tasks to queue
[2026-03-12T01:47:38.572+0000] {logging_mixin.py:190} INFO - [2026-03-12T01:47:38.572+0000] {dagbag.py:588} INFO - Filling up the DagBag from /home/airflow/.local/lib/python3.12/site-packages/airflow/example_dags/example_local_kubernetes_executor.py
[2026-03-12T01:47:38.592+0000] {processor.py:925} INFO - DAG(s) 'example_local_kubernetes_executor' retrieved from /home/airflow/.local/lib/python3.12/site-packages/airflow/example_dags/example_local_kubernetes_executor.py
[2026-03-12T01:47:38.635+0000] {logging_mixin.py:190} INFO - [2026-03-12T01:47:38.634+0000] {dag.py:3239} INFO - Sync 1 DAGs
[2026-03-12T01:47:38.657+0000] {logging_mixin.py:190} INFO - [2026-03-12T01:47:38.657+0000] {dag.py:4180} INFO - Setting next_dagrun for example_local_kubernetes_executor to None, run_after=None
[2026-03-12T01:47:38.683+0000] {processor.py:208} INFO - Processing /home/airflow/.local/lib/python3.12/site-packages/airflow/example_dags/example_local_kubernetes_executor.py took 0.130 seconds
[2026-03-12T01:48:09.683+0000] {processor.py:186} INFO - Started process (PID=53077) to work on /home/airflow/.local/lib/python3.12/site-packages/airflow/example_dags/example_local_kubernetes_executor.py
[2026-03-12T01:48:09.684+0000] {processor.py:914} INFO - Processing file /home/airflow/.local/lib/python3.12/site-packages/airflow/example_dags/example_local_kubernetes_executor.py for tasks to queue
[2026-03-12T01:48:09.686+0000] {logging_mixin.py:190} INFO - [2026-03-12T01:48:09.685+0000] {dagbag.py:588} INFO - Filling up the DagBag from /home/airflow/.local/lib/python3.12/site-packages/airflow/example_dags/example_local_kubernetes_executor.py
[2026-03-12T01:48:09.698+0000] {processor.py:925} INFO - DAG(s) 'example_local_kubernetes_executor' retrieved from /home/airflow/.local/lib/python3.12/site-packages/airflow/example_dags/example_local_kubernetes_executor.py
[2026-03-12T01:48:09.729+0000] {logging_mixin.py:190} INFO - [2026-03-12T01:48:09.729+0000] {dag.py:3239} INFO - Sync 1 DAGs
[2026-03-12T01:48:09.748+0000] {logging_mixin.py:190} INFO - [2026-03-12T01:48:09.748+0000] {dag.py:4180} INFO - Setting next_dagrun for example_local_kubernetes_executor to None, run_after=None
[2026-03-12T01:48:09.773+0000] {processor.py:208} INFO - Processing /home/airflow/.local/lib/python3.12/site-packages/airflow/example_dags/example_local_kubernetes_executor.py took 0.099 seconds
[2026-03-12T01:48:40.344+0000] {processor.py:186} INFO - Started process (PID=53145) to work on /home/airflow/.local/lib/python3.12/site-packages/airflow/example_dags/example_local_kubernetes_executor.py
[2026-03-12T01:48:40.346+0000] {processor.py:914} INFO - Processing file /home/airflow/.local/lib/python3.12/site-packages/airflow/example_dags/example_local_kubernetes_executor.py for tasks to queue
[2026-03-12T01:48:40.347+0000] {logging_mixin.py:190} INFO - [2026-03-12T01:48:40.347+0000] {dagbag.py:588} INFO - Filling up the DagBag from /home/airflow/.local/lib/python3.12/site-packages/airflow/example_dags/example_local_kubernetes_executor.py
[2026-03-12T01:48:40.357+0000] {processor.py:925} INFO - DAG(s) 'example_local_kubernetes_executor' retrieved from /home/airflow/.local/lib/python3.12/site-packages/airflow/example_dags/example_local_kubernetes_executor.py
[2026-03-12T01:48:40.387+0000] {logging_mixin.py:190} INFO - [2026-03-12T01:48:40.386+0000] {dag.py:3239} INFO - Sync 1 DAGs
[2026-03-12T01:48:40.401+0000] {logging_mixin.py:190} INFO - [2026-03-12T01:48:40.401+0000] {dag.py:4180} INFO - Setting next_dagrun for example_local_kubernetes_executor to None, run_after=None
[2026-03-12T01:48:40.420+0000] {processor.py:208} INFO - Processing /home/airflow/.local/lib/python3.12/site-packages/airflow/example_dags/example_local_kubernetes_executor.py took 0.082 seconds
[2026-03-12T01:49:11.737+0000] {processor.py:186} INFO - Started process (PID=53215) to work on /home/airflow/.local/lib/python3.12/site-packages/airflow/example_dags/example_local_kubernetes_executor.py
[2026-03-12T01:49:11.739+0000] {processor.py:914} INFO - Processing file /home/airflow/.local/lib/python3.12/site-packages/airflow/example_dags/example_local_kubernetes_executor.py for tasks to queue
[2026-03-12T01:49:11.740+0000] {logging_mixin.py:190} INFO - [2026-03-12T01:49:11.740+0000] {dagbag.py:588} INFO - Filling up the DagBag from /home/airflow/.local/lib/python3.12/site-packages/airflow/example_dags/example_local_kubernetes_executor.py
[2026-03-12T01:49:11.752+0000] {processor.py:925} INFO - DAG(s) 'example_local_kubernetes_executor' retrieved from /home/airflow/.local/lib/python3.12/site-packages/airflow/example_dags/example_local_kubernetes_executor.py
[2026-03-12T01:49:11.794+0000] {logging_mixin.py:190} INFO - [2026-03-12T01:49:11.793+0000] {dag.py:3239} INFO - Sync 1 DAGs
[2026-03-12T01:49:11.828+0000] {logging_mixin.py:190} INFO - [2026-03-12T01:49:11.827+0000] {dag.py:4180} INFO - Setting next_dagrun for example_local_kubernetes_executor to None, run_after=None
[2026-03-12T01:49:11.856+0000] {processor.py:208} INFO - Processing /home/airflow/.local/lib/python3.12/site-packages/airflow/example_dags/example_local_kubernetes_executor.py took 0.127 seconds
[2026-03-12T01:49:44.223+0000] {processor.py:186} INFO - Started process (PID=53283) to work on /home/airflow/.local/lib/python3.12/site-packages/airflow/example_dags/example_local_kubernetes_executor.py
[2026-03-12T01:49:44.224+0000] {processor.py:914} INFO - Processing file /home/airflow/.local/lib/python3.12/site-packages/airflow/example_dags/example_local_kubernetes_executor.py for tasks to queue
[2026-03-12T01:49:44.226+0000] {logging_mixin.py:190} INFO - [2026-03-12T01:49:44.225+0000] {dagbag.py:588} INFO - Filling up the DagBag from /home/airflow/.local/lib/python3.12/site-packages/airflow/example_dags/example_local_kubernetes_executor.py
[2026-03-12T01:49:44.236+0000] {processor.py:925} INFO - DAG(s) 'example_local_kubernetes_executor' retrieved from /home/airflow/.local/lib/python3.12/site-packages/airflow/example_dags/example_local_kubernetes_executor.py
[2026-03-12T01:49:44.263+0000] {logging_mixin.py:190} INFO - [2026-03-12T01:49:44.263+0000] {dag.py:3239} INFO - Sync 1 DAGs
[2026-03-12T01:49:44.280+0000] {logging_mixin.py:190} INFO - [2026-03-12T01:49:44.279+0000] {dag.py:4180} INFO - Setting next_dagrun for example_local_kubernetes_executor to None, run_after=None
[2026-03-12T01:49:44.298+0000] {processor.py:208} INFO - Processing /home/airflow/.local/lib/python3.12/site-packages/airflow/example_dags/example_local_kubernetes_executor.py took 0.082 seconds
[2026-03-12T01:50:15.257+0000] {processor.py:186} INFO - Started process (PID=53351) to work on /home/airflow/.local/lib/python3.12/site-packages/airflow/example_dags/example_local_kubernetes_executor.py
[2026-03-12T01:50:15.259+0000] {processor.py:914} INFO - Processing file /home/airflow/.local/lib/python3.12/site-packages/airflow/example_dags/example_local_kubernetes_executor.py for tasks to queue
[2026-03-12T01:50:15.260+0000] {logging_mixin.py:190} INFO - [2026-03-12T01:50:15.260+0000] {dagbag.py:588} INFO - Filling up the DagBag from /home/airflow/.local/lib/python3.12/site-packages/airflow/example_dags/example_local_kubernetes_executor.py
[2026-03-12T01:50:15.273+0000] {processor.py:925} INFO - DAG(s) 'example_local_kubernetes_executor' retrieved from /home/airflow/.local/lib/python3.12/site-packages/airflow/example_dags/example_local_kubernetes_executor.py
[2026-03-12T01:50:15.309+0000] {logging_mixin.py:190} INFO - [2026-03-12T01:50:15.308+0000] {dag.py:3239} INFO - Sync 1 DAGs
[2026-03-12T01:50:15.335+0000] {logging_mixin.py:190} INFO - [2026-03-12T01:50:15.334+0000] {dag.py:4180} INFO - Setting next_dagrun for example_local_kubernetes_executor to None, run_after=None
[2026-03-12T01:50:15.368+0000] {processor.py:208} INFO - Processing /home/airflow/.local/lib/python3.12/site-packages/airflow/example_dags/example_local_kubernetes_executor.py took 0.122 seconds
[2026-03-12T01:50:45.416+0000] {processor.py:186} INFO - Started process (PID=53419) to work on /home/airflow/.local/lib/python3.12/site-packages/airflow/example_dags/example_local_kubernetes_executor.py
[2026-03-12T01:50:45.419+0000] {processor.py:914} INFO - Processing file /home/airflow/.local/lib/python3.12/site-packages/airflow/example_dags/example_local_kubernetes_executor.py for tasks to queue
[2026-03-12T01:50:45.422+0000] {logging_mixin.py:190} INFO - [2026-03-12T01:50:45.421+0000] {dagbag.py:588} INFO - Filling up the DagBag from /home/airflow/.local/lib/python3.12/site-packages/airflow/example_dags/example_local_kubernetes_executor.py
[2026-03-12T01:50:45.441+0000] {processor.py:925} INFO - DAG(s) 'example_local_kubernetes_executor' retrieved from /home/airflow/.local/lib/python3.12/site-packages/airflow/example_dags/example_local_kubernetes_executor.py
[2026-03-12T01:50:45.479+0000] {logging_mixin.py:190} INFO - [2026-03-12T01:50:45.479+0000] {dag.py:3239} INFO - Sync 1 DAGs
[2026-03-12T01:50:45.502+0000] {logging_mixin.py:190} INFO - [2026-03-12T01:50:45.502+0000] {dag.py:4180} INFO - Setting next_dagrun for example_local_kubernetes_executor to None, run_after=None
[2026-03-12T01:50:45.532+0000] {processor.py:208} INFO - Processing /home/airflow/.local/lib/python3.12/site-packages/airflow/example_dags/example_local_kubernetes_executor.py took 0.124 seconds
[2026-03-12T01:51:16.527+0000] {processor.py:186} INFO - Started process (PID=53489) to work on /home/airflow/.local/lib/python3.12/site-packages/airflow/example_dags/example_local_kubernetes_executor.py
[2026-03-12T01:51:16.528+0000] {processor.py:914} INFO - Processing file /home/airflow/.local/lib/python3.12/site-packages/airflow/example_dags/example_local_kubernetes_executor.py for tasks to queue
[2026-03-12T01:51:16.529+0000] {logging_mixin.py:190} INFO - [2026-03-12T01:51:16.529+0000] {dagbag.py:588} INFO - Filling up the DagBag from /home/airflow/.local/lib/python3.12/site-packages/airflow/example_dags/example_local_kubernetes_executor.py
[2026-03-12T01:51:16.540+0000] {processor.py:925} INFO - DAG(s) 'example_local_kubernetes_executor' retrieved from /home/airflow/.local/lib/python3.12/site-packages/airflow/example_dags/example_local_kubernetes_executor.py
[2026-03-12T01:51:16.567+0000] {logging_mixin.py:190} INFO - [2026-03-12T01:51:16.566+0000] {dag.py:3239} INFO - Sync 1 DAGs
[2026-03-12T01:51:16.581+0000] {logging_mixin.py:190} INFO - [2026-03-12T01:51:16.581+0000] {dag.py:4180} INFO - Setting next_dagrun for example_local_kubernetes_executor to None, run_after=None
[2026-03-12T01:51:16.610+0000] {processor.py:208} INFO - Processing /home/airflow/.local/lib/python3.12/site-packages/airflow/example_dags/example_local_kubernetes_executor.py took 0.095 seconds
[2026-03-12T01:51:51.396+0000] {processor.py:186} INFO - Started process (PID=53558) to work on /home/airflow/.local/lib/python3.12/site-packages/airflow/example_dags/example_local_kubernetes_executor.py
[2026-03-12T01:51:51.397+0000] {processor.py:914} INFO - Processing file /home/airflow/.local/lib/python3.12/site-packages/airflow/example_dags/example_local_kubernetes_executor.py for tasks to queue
[2026-03-12T01:51:51.399+0000] {logging_mixin.py:190} INFO - [2026-03-12T01:51:51.398+0000] {dagbag.py:588} INFO - Filling up the DagBag from /home/airflow/.local/lib/python3.12/site-packages/airflow/example_dags/example_local_kubernetes_executor.py
[2026-03-12T01:51:51.417+0000] {processor.py:925} INFO - DAG(s) 'example_local_kubernetes_executor' retrieved from /home/airflow/.local/lib/python3.12/site-packages/airflow/example_dags/example_local_kubernetes_executor.py
[2026-03-12T01:51:51.446+0000] {logging_mixin.py:190} INFO - [2026-03-12T01:51:51.446+0000] {dag.py:3239} INFO - Sync 1 DAGs
[2026-03-12T01:51:51.464+0000] {logging_mixin.py:190} INFO - [2026-03-12T01:51:51.463+0000] {dag.py:4180} INFO - Setting next_dagrun for example_local_kubernetes_executor to None, run_after=None
[2026-03-12T01:51:51.484+0000] {processor.py:208} INFO - Processing /home/airflow/.local/lib/python3.12/site-packages/airflow/example_dags/example_local_kubernetes_executor.py took 0.098 seconds
[2026-03-12T01:52:27.921+0000] {processor.py:186} INFO - Started process (PID=53632) to work on /home/airflow/.local/lib/python3.12/site-packages/airflow/example_dags/example_local_kubernetes_executor.py
[2026-03-12T01:52:27.923+0000] {processor.py:914} INFO - Processing file /home/airflow/.local/lib/python3.12/site-packages/airflow/example_dags/example_local_kubernetes_executor.py for tasks to queue
[2026-03-12T01:52:27.924+0000] {logging_mixin.py:190} INFO - [2026-03-12T01:52:27.924+0000] {dagbag.py:588} INFO - Filling up the DagBag from /home/airflow/.local/lib/python3.12/site-packages/airflow/example_dags/example_local_kubernetes_executor.py
[2026-03-12T01:52:27.938+0000] {processor.py:925} INFO - DAG(s) 'example_local_kubernetes_executor' retrieved from /home/airflow/.local/lib/python3.12/site-packages/airflow/example_dags/example_local_kubernetes_executor.py
[2026-03-12T01:52:27.970+0000] {logging_mixin.py:190} INFO - [2026-03-12T01:52:27.970+0000] {dag.py:3239} INFO - Sync 1 DAGs
[2026-03-12T01:52:27.989+0000] {logging_mixin.py:190} INFO - [2026-03-12T01:52:27.988+0000] {dag.py:4180} INFO - Setting next_dagrun for example_local_kubernetes_executor to None, run_after=None
[2026-03-12T01:52:28.009+0000] {processor.py:208} INFO - Processing /home/airflow/.local/lib/python3.12/site-packages/airflow/example_dags/example_local_kubernetes_executor.py took 0.096 seconds
[2026-03-12T01:52:58.699+0000] {processor.py:186} INFO - Started process (PID=53700) to work on /home/airflow/.local/lib/python3.12/site-packages/airflow/example_dags/example_local_kubernetes_executor.py
[2026-03-12T01:52:58.700+0000] {processor.py:914} INFO - Processing file /home/airflow/.local/lib/python3.12/site-packages/airflow/example_dags/example_local_kubernetes_executor.py for tasks to queue
[2026-03-12T01:52:58.702+0000] {logging_mixin.py:190} INFO - [2026-03-12T01:52:58.701+0000] {dagbag.py:588} INFO - Filling up the DagBag from /home/airflow/.local/lib/python3.12/site-packages/airflow/example_dags/example_local_kubernetes_executor.py
[2026-03-12T01:52:58.711+0000] {processor.py:925} INFO - DAG(s) 'example_local_kubernetes_executor' retrieved from /home/airflow/.local/lib/python3.12/site-packages/airflow/example_dags/example_local_kubernetes_executor.py
[2026-03-12T01:52:58.741+0000] {logging_mixin.py:190} INFO - [2026-03-12T01:52:58.741+0000] {dag.py:3239} INFO - Sync 1 DAGs
[2026-03-12T01:52:58.765+0000] {logging_mixin.py:190} INFO - [2026-03-12T01:52:58.765+0000] {dag.py:4180} INFO - Setting next_dagrun for example_local_kubernetes_executor to None, run_after=None
[2026-03-12T01:52:58.791+0000] {processor.py:208} INFO - Processing /home/airflow/.local/lib/python3.12/site-packages/airflow/example_dags/example_local_kubernetes_executor.py took 0.098 seconds
[2026-03-12T01:53:30.576+0000] {processor.py:186} INFO - Started process (PID=53769) to work on /home/airflow/.local/lib/python3.12/site-packages/airflow/example_dags/example_local_kubernetes_executor.py
[2026-03-12T01:53:30.579+0000] {processor.py:914} INFO - Processing file /home/airflow/.local/lib/python3.12/site-packages/airflow/example_dags/example_local_kubernetes_executor.py for tasks to queue
[2026-03-12T01:53:30.582+0000] {logging_mixin.py:190} INFO - [2026-03-12T01:53:30.582+0000] {dagbag.py:588} INFO - Filling up the DagBag from /home/airflow/.local/lib/python3.12/site-packages/airflow/example_dags/example_local_kubernetes_executor.py
[2026-03-12T01:53:30.611+0000] {processor.py:925} INFO - DAG(s) 'example_local_kubernetes_executor' retrieved from /home/airflow/.local/lib/python3.12/site-packages/airflow/example_dags/example_local_kubernetes_executor.py
[2026-03-12T01:53:30.676+0000] {logging_mixin.py:190} INFO - [2026-03-12T01:53:30.675+0000] {dag.py:3239} INFO - Sync 1 DAGs
[2026-03-12T01:53:30.718+0000] {logging_mixin.py:190} INFO - [2026-03-12T01:53:30.718+0000] {dag.py:4180} INFO - Setting next_dagrun for example_local_kubernetes_executor to None, run_after=None
[2026-03-12T01:53:30.784+0000] {processor.py:208} INFO - Processing /home/airflow/.local/lib/python3.12/site-packages/airflow/example_dags/example_local_kubernetes_executor.py took 0.224 seconds
[2026-03-12T01:54:00.879+0000] {processor.py:186} INFO - Started process (PID=53837) to work on /home/airflow/.local/lib/python3.12/site-packages/airflow/example_dags/example_local_kubernetes_executor.py
[2026-03-12T01:54:00.881+0000] {processor.py:914} INFO - Processing file /home/airflow/.local/lib/python3.12/site-packages/airflow/example_dags/example_local_kubernetes_executor.py for tasks to queue
[2026-03-12T01:54:00.883+0000] {logging_mixin.py:190} INFO - [2026-03-12T01:54:00.882+0000] {dagbag.py:588} INFO - Filling up the DagBag from /home/airflow/.local/lib/python3.12/site-packages/airflow/example_dags/example_local_kubernetes_executor.py
[2026-03-12T01:54:00.906+0000] {processor.py:925} INFO - DAG(s) 'example_local_kubernetes_executor' retrieved from /home/airflow/.local/lib/python3.12/site-packages/airflow/example_dags/example_local_kubernetes_executor.py
[2026-03-12T01:54:00.948+0000] {logging_mixin.py:190} INFO - [2026-03-12T01:54:00.948+0000] {dag.py:3239} INFO - Sync 1 DAGs
[2026-03-12T01:54:00.974+0000] {logging_mixin.py:190} INFO - [2026-03-12T01:54:00.973+0000] {dag.py:4180} INFO - Setting next_dagrun for example_local_kubernetes_executor to None, run_after=None
[2026-03-12T01:54:01.000+0000] {processor.py:208} INFO - Processing /home/airflow/.local/lib/python3.12/site-packages/airflow/example_dags/example_local_kubernetes_executor.py took 0.132 seconds
[2026-03-12T01:54:31.194+0000] {processor.py:186} INFO - Started process (PID=53906) to work on /home/airflow/.local/lib/python3.12/site-packages/airflow/example_dags/example_local_kubernetes_executor.py
[2026-03-12T01:54:31.195+0000] {processor.py:914} INFO - Processing file /home/airflow/.local/lib/python3.12/site-packages/airflow/example_dags/example_local_kubernetes_executor.py for tasks to queue
[2026-03-12T01:54:31.196+0000] {logging_mixin.py:190} INFO - [2026-03-12T01:54:31.196+0000] {dagbag.py:588} INFO - Filling up the DagBag from /home/airflow/.local/lib/python3.12/site-packages/airflow/example_dags/example_local_kubernetes_executor.py
[2026-03-12T01:54:31.207+0000] {processor.py:925} INFO - DAG(s) 'example_local_kubernetes_executor' retrieved from /home/airflow/.local/lib/python3.12/site-packages/airflow/example_dags/example_local_kubernetes_executor.py
[2026-03-12T01:54:31.238+0000] {logging_mixin.py:190} INFO - [2026-03-12T01:54:31.238+0000] {dag.py:3239} INFO - Sync 1 DAGs
[2026-03-12T01:54:31.257+0000] {logging_mixin.py:190} INFO - [2026-03-12T01:54:31.256+0000] {dag.py:4180} INFO - Setting next_dagrun for example_local_kubernetes_executor to None, run_after=None
[2026-03-12T01:54:31.280+0000] {processor.py:208} INFO - Processing /home/airflow/.local/lib/python3.12/site-packages/airflow/example_dags/example_local_kubernetes_executor.py took 0.093 seconds
[2026-03-12T01:55:01.522+0000] {processor.py:186} INFO - Started process (PID=53974) to work on /home/airflow/.local/lib/python3.12/site-packages/airflow/example_dags/example_local_kubernetes_executor.py
[2026-03-12T01:55:01.523+0000] {processor.py:914} INFO - Processing file /home/airflow/.local/lib/python3.12/site-packages/airflow/example_dags/example_local_kubernetes_executor.py for tasks to queue
[2026-03-12T01:55:01.525+0000] {logging_mixin.py:190} INFO - [2026-03-12T01:55:01.524+0000] {dagbag.py:588} INFO - Filling up the DagBag from /home/airflow/.local/lib/python3.12/site-packages/airflow/example_dags/example_local_kubernetes_executor.py
[2026-03-12T01:55:01.538+0000] {processor.py:925} INFO - DAG(s) 'example_local_kubernetes_executor' retrieved from /home/airflow/.local/lib/python3.12/site-packages/airflow/example_dags/example_local_kubernetes_executor.py
[2026-03-12T01:55:01.572+0000] {logging_mixin.py:190} INFO - [2026-03-12T01:55:01.572+0000] {dag.py:3239} INFO - Sync 1 DAGs
[2026-03-12T01:55:01.591+0000] {logging_mixin.py:190} INFO - [2026-03-12T01:55:01.591+0000] {dag.py:4180} INFO - Setting next_dagrun for example_local_kubernetes_executor to None, run_after=None
[2026-03-12T01:55:01.613+0000] {processor.py:208} INFO - Processing /home/airflow/.local/lib/python3.12/site-packages/airflow/example_dags/example_local_kubernetes_executor.py took 0.101 seconds
[2026-03-12T01:55:37.289+0000] {processor.py:186} INFO - Started process (PID=54051) to work on /home/airflow/.local/lib/python3.12/site-packages/airflow/example_dags/example_local_kubernetes_executor.py
[2026-03-12T01:55:37.291+0000] {processor.py:914} INFO - Processing file /home/airflow/.local/lib/python3.12/site-packages/airflow/example_dags/example_local_kubernetes_executor.py for tasks to queue
[2026-03-12T01:55:37.293+0000] {logging_mixin.py:190} INFO - [2026-03-12T01:55:37.292+0000] {dagbag.py:588} INFO - Filling up the DagBag from /home/airflow/.local/lib/python3.12/site-packages/airflow/example_dags/example_local_kubernetes_executor.py
[2026-03-12T01:55:37.312+0000] {processor.py:925} INFO - DAG(s) 'example_local_kubernetes_executor' retrieved from /home/airflow/.local/lib/python3.12/site-packages/airflow/example_dags/example_local_kubernetes_executor.py
[2026-03-12T01:55:37.344+0000] {logging_mixin.py:190} INFO - [2026-03-12T01:55:37.344+0000] {dag.py:3239} INFO - Sync 1 DAGs
[2026-03-12T01:55:37.365+0000] {logging_mixin.py:190} INFO - [2026-03-12T01:55:37.365+0000] {dag.py:4180} INFO - Setting next_dagrun for example_local_kubernetes_executor to None, run_after=None
[2026-03-12T01:55:37.387+0000] {processor.py:208} INFO - Processing /home/airflow/.local/lib/python3.12/site-packages/airflow/example_dags/example_local_kubernetes_executor.py took 0.111 seconds
[2026-03-12T01:56:12.908+0000] {processor.py:186} INFO - Started process (PID=54120) to work on /home/airflow/.local/lib/python3.12/site-packages/airflow/example_dags/example_local_kubernetes_executor.py
[2026-03-12T01:56:12.910+0000] {processor.py:914} INFO - Processing file /home/airflow/.local/lib/python3.12/site-packages/airflow/example_dags/example_local_kubernetes_executor.py for tasks to queue
[2026-03-12T01:56:12.912+0000] {logging_mixin.py:190} INFO - [2026-03-12T01:56:12.911+0000] {dagbag.py:588} INFO - Filling up the DagBag from /home/airflow/.local/lib/python3.12/site-packages/airflow/example_dags/example_local_kubernetes_executor.py
[2026-03-12T01:56:12.925+0000] {processor.py:925} INFO - DAG(s) 'example_local_kubernetes_executor' retrieved from /home/airflow/.local/lib/python3.12/site-packages/airflow/example_dags/example_local_kubernetes_executor.py
[2026-03-12T01:56:12.971+0000] {logging_mixin.py:190} INFO - [2026-03-12T01:56:12.970+0000] {dag.py:3239} INFO - Sync 1 DAGs
[2026-03-12T01:56:12.999+0000] {logging_mixin.py:190} INFO - [2026-03-12T01:56:12.998+0000] {dag.py:4180} INFO - Setting next_dagrun for example_local_kubernetes_executor to None, run_after=None
[2026-03-12T01:56:13.031+0000] {processor.py:208} INFO - Processing /home/airflow/.local/lib/python3.12/site-packages/airflow/example_dags/example_local_kubernetes_executor.py took 0.134 seconds
[2026-03-12T01:56:47.572+0000] {processor.py:186} INFO - Started process (PID=54188) to work on /home/airflow/.local/lib/python3.12/site-packages/airflow/example_dags/example_local_kubernetes_executor.py
[2026-03-12T01:56:47.573+0000] {processor.py:914} INFO - Processing file /home/airflow/.local/lib/python3.12/site-packages/airflow/example_dags/example_local_kubernetes_executor.py for tasks to queue
[2026-03-12T01:56:47.575+0000] {logging_mixin.py:190} INFO - [2026-03-12T01:56:47.574+0000] {dagbag.py:588} INFO - Filling up the DagBag from /home/airflow/.local/lib/python3.12/site-packages/airflow/example_dags/example_local_kubernetes_executor.py
[2026-03-12T01:56:47.584+0000] {processor.py:925} INFO - DAG(s) 'example_local_kubernetes_executor' retrieved from /home/airflow/.local/lib/python3.12/site-packages/airflow/example_dags/example_local_kubernetes_executor.py
[2026-03-12T01:56:47.611+0000] {logging_mixin.py:190} INFO - [2026-03-12T01:56:47.611+0000] {dag.py:3239} INFO - Sync 1 DAGs
[2026-03-12T01:56:47.628+0000] {logging_mixin.py:190} INFO - [2026-03-12T01:56:47.628+0000] {dag.py:4180} INFO - Setting next_dagrun for example_local_kubernetes_executor to None, run_after=None
[2026-03-12T01:56:47.651+0000] {processor.py:208} INFO - Processing /home/airflow/.local/lib/python3.12/site-packages/airflow/example_dags/example_local_kubernetes_executor.py took 0.086 seconds
[2026-03-12T01:57:18.672+0000] {processor.py:186} INFO - Started process (PID=54256) to work on /home/airflow/.local/lib/python3.12/site-packages/airflow/example_dags/example_local_kubernetes_executor.py
[2026-03-12T01:57:18.673+0000] {processor.py:914} INFO - Processing file /home/airflow/.local/lib/python3.12/site-packages/airflow/example_dags/example_local_kubernetes_executor.py for tasks to queue
[2026-03-12T01:57:18.675+0000] {logging_mixin.py:190} INFO - [2026-03-12T01:57:18.674+0000] {dagbag.py:588} INFO - Filling up the DagBag from /home/airflow/.local/lib/python3.12/site-packages/airflow/example_dags/example_local_kubernetes_executor.py
[2026-03-12T01:57:18.684+0000] {processor.py:925} INFO - DAG(s) 'example_local_kubernetes_executor' retrieved from /home/airflow/.local/lib/python3.12/site-packages/airflow/example_dags/example_local_kubernetes_executor.py
[2026-03-12T01:57:18.717+0000] {logging_mixin.py:190} INFO - [2026-03-12T01:57:18.717+0000] {dag.py:3239} INFO - Sync 1 DAGs
[2026-03-12T01:57:18.731+0000] {logging_mixin.py:190} INFO - [2026-03-12T01:57:18.731+0000] {dag.py:4180} INFO - Setting next_dagrun for example_local_kubernetes_executor to None, run_after=None
[2026-03-12T01:57:18.753+0000] {processor.py:208} INFO - Processing /home/airflow/.local/lib/python3.12/site-packages/airflow/example_dags/example_local_kubernetes_executor.py took 0.088 seconds
[2026-03-12T01:57:48.929+0000] {processor.py:186} INFO - Started process (PID=54324) to work on /home/airflow/.local/lib/python3.12/site-packages/airflow/example_dags/example_local_kubernetes_executor.py
[2026-03-12T01:57:48.931+0000] {processor.py:914} INFO - Processing file /home/airflow/.local/lib/python3.12/site-packages/airflow/example_dags/example_local_kubernetes_executor.py for tasks to queue
[2026-03-12T01:57:48.932+0000] {logging_mixin.py:190} INFO - [2026-03-12T01:57:48.932+0000] {dagbag.py:588} INFO - Filling up the DagBag from /home/airflow/.local/lib/python3.12/site-packages/airflow/example_dags/example_local_kubernetes_executor.py
[2026-03-12T01:57:48.942+0000] {processor.py:925} INFO - DAG(s) 'example_local_kubernetes_executor' retrieved from /home/airflow/.local/lib/python3.12/site-packages/airflow/example_dags/example_local_kubernetes_executor.py
[2026-03-12T01:57:48.968+0000] {logging_mixin.py:190} INFO - [2026-03-12T01:57:48.968+0000] {dag.py:3239} INFO - Sync 1 DAGs
[2026-03-12T01:57:48.984+0000] {logging_mixin.py:190} INFO - [2026-03-12T01:57:48.983+0000] {dag.py:4180} INFO - Setting next_dagrun for example_local_kubernetes_executor to None, run_after=None
[2026-03-12T01:57:49.005+0000] {processor.py:208} INFO - Processing /home/airflow/.local/lib/python3.12/site-packages/airflow/example_dags/example_local_kubernetes_executor.py took 0.081 seconds
[2026-03-12T01:58:19.146+0000] {processor.py:186} INFO - Started process (PID=54392) to work on /home/airflow/.local/lib/python3.12/site-packages/airflow/example_dags/example_local_kubernetes_executor.py
[2026-03-12T01:58:19.148+0000] {processor.py:914} INFO - Processing file /home/airflow/.local/lib/python3.12/site-packages/airflow/example_dags/example_local_kubernetes_executor.py for tasks to queue
[2026-03-12T01:58:19.150+0000] {logging_mixin.py:190} INFO - [2026-03-12T01:58:19.150+0000] {dagbag.py:588} INFO - Filling up the DagBag from /home/airflow/.local/lib/python3.12/site-packages/airflow/example_dags/example_local_kubernetes_executor.py
[2026-03-12T01:58:19.172+0000] {processor.py:925} INFO - DAG(s) 'example_local_kubernetes_executor' retrieved from /home/airflow/.local/lib/python3.12/site-packages/airflow/example_dags/example_local_kubernetes_executor.py
[2026-03-12T01:58:19.230+0000] {logging_mixin.py:190} INFO - [2026-03-12T01:58:19.229+0000] {dag.py:3239} INFO - Sync 1 DAGs
[2026-03-12T01:58:19.269+0000] {logging_mixin.py:190} INFO - [2026-03-12T01:58:19.269+0000] {dag.py:4180} INFO - Setting next_dagrun for example_local_kubernetes_executor to None, run_after=None
[2026-03-12T01:58:19.299+0000] {processor.py:208} INFO - Processing /home/airflow/.local/lib/python3.12/site-packages/airflow/example_dags/example_local_kubernetes_executor.py took 0.167 seconds
[2026-03-12T01:58:49.688+0000] {processor.py:186} INFO - Started process (PID=54461) to work on /home/airflow/.local/lib/python3.12/site-packages/airflow/example_dags/example_local_kubernetes_executor.py
[2026-03-12T01:58:49.690+0000] {processor.py:914} INFO - Processing file /home/airflow/.local/lib/python3.12/site-packages/airflow/example_dags/example_local_kubernetes_executor.py for tasks to queue
[2026-03-12T01:58:49.691+0000] {logging_mixin.py:190} INFO - [2026-03-12T01:58:49.691+0000] {dagbag.py:588} INFO - Filling up the DagBag from /home/airflow/.local/lib/python3.12/site-packages/airflow/example_dags/example_local_kubernetes_executor.py
[2026-03-12T01:58:49.702+0000] {processor.py:925} INFO - DAG(s) 'example_local_kubernetes_executor' retrieved from /home/airflow/.local/lib/python3.12/site-packages/airflow/example_dags/example_local_kubernetes_executor.py
[2026-03-12T01:58:49.731+0000] {logging_mixin.py:190} INFO - [2026-03-12T01:58:49.731+0000] {dag.py:3239} INFO - Sync 1 DAGs
[2026-03-12T01:58:49.747+0000] {logging_mixin.py:190} INFO - [2026-03-12T01:58:49.747+0000] {dag.py:4180} INFO - Setting next_dagrun for example_local_kubernetes_executor to None, run_after=None
[2026-03-12T01:58:49.771+0000] {processor.py:208} INFO - Processing /home/airflow/.local/lib/python3.12/site-packages/airflow/example_dags/example_local_kubernetes_executor.py took 0.089 seconds
[2026-03-12T01:59:20.607+0000] {processor.py:186} INFO - Started process (PID=54529) to work on /home/airflow/.local/lib/python3.12/site-packages/airflow/example_dags/example_local_kubernetes_executor.py
[2026-03-12T01:59:20.609+0000] {processor.py:914} INFO - Processing file /home/airflow/.local/lib/python3.12/site-packages/airflow/example_dags/example_local_kubernetes_executor.py for tasks to queue
[2026-03-12T01:59:20.610+0000] {logging_mixin.py:190} INFO - [2026-03-12T01:59:20.610+0000] {dagbag.py:588} INFO - Filling up the DagBag from /home/airflow/.local/lib/python3.12/site-packages/airflow/example_dags/example_local_kubernetes_executor.py
[2026-03-12T01:59:20.623+0000] {processor.py:925} INFO - DAG(s) 'example_local_kubernetes_executor' retrieved from /home/airflow/.local/lib/python3.12/site-packages/airflow/example_dags/example_local_kubernetes_executor.py
[2026-03-12T01:59:20.661+0000] {logging_mixin.py:190} INFO - [2026-03-12T01:59:20.660+0000] {dag.py:3239} INFO - Sync 1 DAGs
[2026-03-12T01:59:20.688+0000] {logging_mixin.py:190} INFO - [2026-03-12T01:59:20.687+0000] {dag.py:4180} INFO - Setting next_dagrun for example_local_kubernetes_executor to None, run_after=None
[2026-03-12T01:59:20.724+0000] {processor.py:208} INFO - Processing /home/airflow/.local/lib/python3.12/site-packages/airflow/example_dags/example_local_kubernetes_executor.py took 0.125 seconds
[2026-03-12T01:59:55.780+0000] {processor.py:186} INFO - Started process (PID=54598) to work on /home/airflow/.local/lib/python3.12/site-packages/airflow/example_dags/example_local_kubernetes_executor.py
[2026-03-12T01:59:55.782+0000] {processor.py:914} INFO - Processing file /home/airflow/.local/lib/python3.12/site-packages/airflow/example_dags/example_local_kubernetes_executor.py for tasks to queue
[2026-03-12T01:59:55.784+0000] {logging_mixin.py:190} INFO - [2026-03-12T01:59:55.783+0000] {dagbag.py:588} INFO - Filling up the DagBag from /home/airflow/.local/lib/python3.12/site-packages/airflow/example_dags/example_local_kubernetes_executor.py
[2026-03-12T01:59:55.799+0000] {processor.py:925} INFO - DAG(s) 'example_local_kubernetes_executor' retrieved from /home/airflow/.local/lib/python3.12/site-packages/airflow/example_dags/example_local_kubernetes_executor.py
[2026-03-12T01:59:55.846+0000] {logging_mixin.py:190} INFO - [2026-03-12T01:59:55.845+0000] {dag.py:3239} INFO - Sync 1 DAGs
[2026-03-12T01:59:55.869+0000] {logging_mixin.py:190} INFO - [2026-03-12T01:59:55.869+0000] {dag.py:4180} INFO - Setting next_dagrun for example_local_kubernetes_executor to None, run_after=None
[2026-03-12T01:59:55.900+0000] {processor.py:208} INFO - Processing /home/airflow/.local/lib/python3.12/site-packages/airflow/example_dags/example_local_kubernetes_executor.py took 0.129 seconds
[2026-03-12T02:00:32.225+0000] {processor.py:186} INFO - Started process (PID=54671) to work on /home/airflow/.local/lib/python3.12/site-packages/airflow/example_dags/example_local_kubernetes_executor.py
[2026-03-12T02:00:32.226+0000] {processor.py:914} INFO - Processing file /home/airflow/.local/lib/python3.12/site-packages/airflow/example_dags/example_local_kubernetes_executor.py for tasks to queue
[2026-03-12T02:00:32.227+0000] {logging_mixin.py:190} INFO - [2026-03-12T02:00:32.227+0000] {dagbag.py:588} INFO - Filling up the DagBag from /home/airflow/.local/lib/python3.12/site-packages/airflow/example_dags/example_local_kubernetes_executor.py
[2026-03-12T02:00:32.240+0000] {processor.py:925} INFO - DAG(s) 'example_local_kubernetes_executor' retrieved from /home/airflow/.local/lib/python3.12/site-packages/airflow/example_dags/example_local_kubernetes_executor.py
[2026-03-12T02:00:32.272+0000] {logging_mixin.py:190} INFO - [2026-03-12T02:00:32.272+0000] {dag.py:3239} INFO - Sync 1 DAGs
[2026-03-12T02:00:32.293+0000] {logging_mixin.py:190} INFO - [2026-03-12T02:00:32.293+0000] {dag.py:4180} INFO - Setting next_dagrun for example_local_kubernetes_executor to None, run_after=None
[2026-03-12T02:00:32.319+0000] {processor.py:208} INFO - Processing /home/airflow/.local/lib/python3.12/site-packages/airflow/example_dags/example_local_kubernetes_executor.py took 0.103 seconds
[2026-03-12T02:01:09.627+0000] {processor.py:186} INFO - Started process (PID=54753) to work on /home/airflow/.local/lib/python3.12/site-packages/airflow/example_dags/example_local_kubernetes_executor.py
[2026-03-12T02:01:09.629+0000] {processor.py:914} INFO - Processing file /home/airflow/.local/lib/python3.12/site-packages/airflow/example_dags/example_local_kubernetes_executor.py for tasks to queue
[2026-03-12T02:01:09.631+0000] {logging_mixin.py:190} INFO - [2026-03-12T02:01:09.630+0000] {dagbag.py:588} INFO - Filling up the DagBag from /home/airflow/.local/lib/python3.12/site-packages/airflow/example_dags/example_local_kubernetes_executor.py
[2026-03-12T02:01:09.644+0000] {processor.py:925} INFO - DAG(s) 'example_local_kubernetes_executor' retrieved from /home/airflow/.local/lib/python3.12/site-packages/airflow/example_dags/example_local_kubernetes_executor.py
[2026-03-12T02:01:09.681+0000] {logging_mixin.py:190} INFO - [2026-03-12T02:01:09.681+0000] {dag.py:3239} INFO - Sync 1 DAGs
[2026-03-12T02:01:09.706+0000] {logging_mixin.py:190} INFO - [2026-03-12T02:01:09.706+0000] {dag.py:4180} INFO - Setting next_dagrun for example_local_kubernetes_executor to None, run_after=None
[2026-03-12T02:01:09.733+0000] {processor.py:208} INFO - Processing /home/airflow/.local/lib/python3.12/site-packages/airflow/example_dags/example_local_kubernetes_executor.py took 0.116 seconds
[2026-03-12T02:01:45.691+0000] {processor.py:186} INFO - Started process (PID=54825) to work on /home/airflow/.local/lib/python3.12/site-packages/airflow/example_dags/example_local_kubernetes_executor.py
[2026-03-12T02:01:45.693+0000] {processor.py:914} INFO - Processing file /home/airflow/.local/lib/python3.12/site-packages/airflow/example_dags/example_local_kubernetes_executor.py for tasks to queue
[2026-03-12T02:01:45.694+0000] {logging_mixin.py:190} INFO - [2026-03-12T02:01:45.694+0000] {dagbag.py:588} INFO - Filling up the DagBag from /home/airflow/.local/lib/python3.12/site-packages/airflow/example_dags/example_local_kubernetes_executor.py
[2026-03-12T02:01:45.707+0000] {processor.py:925} INFO - DAG(s) 'example_local_kubernetes_executor' retrieved from /home/airflow/.local/lib/python3.12/site-packages/airflow/example_dags/example_local_kubernetes_executor.py
[2026-03-12T02:01:45.740+0000] {logging_mixin.py:190} INFO - [2026-03-12T02:01:45.740+0000] {dag.py:3239} INFO - Sync 1 DAGs
[2026-03-12T02:01:45.759+0000] {logging_mixin.py:190} INFO - [2026-03-12T02:01:45.759+0000] {dag.py:4180} INFO - Setting next_dagrun for example_local_kubernetes_executor to None, run_after=None
[2026-03-12T02:01:45.780+0000] {processor.py:208} INFO - Processing /home/airflow/.local/lib/python3.12/site-packages/airflow/example_dags/example_local_kubernetes_executor.py took 0.096 seconds
[2026-03-12T02:02:18.720+0000] {processor.py:186} INFO - Started process (PID=54894) to work on /home/airflow/.local/lib/python3.12/site-packages/airflow/example_dags/example_local_kubernetes_executor.py
[2026-03-12T02:02:18.722+0000] {processor.py:914} INFO - Processing file /home/airflow/.local/lib/python3.12/site-packages/airflow/example_dags/example_local_kubernetes_executor.py for tasks to queue
[2026-03-12T02:02:18.723+0000] {logging_mixin.py:190} INFO - [2026-03-12T02:02:18.723+0000] {dagbag.py:588} INFO - Filling up the DagBag from /home/airflow/.local/lib/python3.12/site-packages/airflow/example_dags/example_local_kubernetes_executor.py
[2026-03-12T02:02:18.734+0000] {processor.py:925} INFO - DAG(s) 'example_local_kubernetes_executor' retrieved from /home/airflow/.local/lib/python3.12/site-packages/airflow/example_dags/example_local_kubernetes_executor.py
[2026-03-12T02:02:18.762+0000] {logging_mixin.py:190} INFO - [2026-03-12T02:02:18.762+0000] {dag.py:3239} INFO - Sync 1 DAGs
[2026-03-12T02:02:18.781+0000] {logging_mixin.py:190} INFO - [2026-03-12T02:02:18.781+0000] {dag.py:4180} INFO - Setting next_dagrun for example_local_kubernetes_executor to None, run_after=None
[2026-03-12T02:02:18.801+0000] {processor.py:208} INFO - Processing /home/airflow/.local/lib/python3.12/site-packages/airflow/example_dags/example_local_kubernetes_executor.py took 0.093 seconds
[2026-03-12T02:02:49.108+0000] {processor.py:186} INFO - Started process (PID=54962) to work on /home/airflow/.local/lib/python3.12/site-packages/airflow/example_dags/example_local_kubernetes_executor.py
[2026-03-12T02:02:49.109+0000] {processor.py:914} INFO - Processing file /home/airflow/.local/lib/python3.12/site-packages/airflow/example_dags/example_local_kubernetes_executor.py for tasks to queue
[2026-03-12T02:02:49.110+0000] {logging_mixin.py:190} INFO - [2026-03-12T02:02:49.110+0000] {dagbag.py:588} INFO - Filling up the DagBag from /home/airflow/.local/lib/python3.12/site-packages/airflow/example_dags/example_local_kubernetes_executor.py
[2026-03-12T02:02:49.121+0000] {processor.py:925} INFO - DAG(s) 'example_local_kubernetes_executor' retrieved from /home/airflow/.local/lib/python3.12/site-packages/airflow/example_dags/example_local_kubernetes_executor.py
[2026-03-12T02:02:49.153+0000] {logging_mixin.py:190} INFO - [2026-03-12T02:02:49.153+0000] {dag.py:3239} INFO - Sync 1 DAGs
[2026-03-12T02:02:49.169+0000] {logging_mixin.py:190} INFO - [2026-03-12T02:02:49.169+0000] {dag.py:4180} INFO - Setting next_dagrun for example_local_kubernetes_executor to None, run_after=None
[2026-03-12T02:02:49.189+0000] {processor.py:208} INFO - Processing /home/airflow/.local/lib/python3.12/site-packages/airflow/example_dags/example_local_kubernetes_executor.py took 0.087 seconds
[2026-03-12T02:03:20.046+0000] {processor.py:186} INFO - Started process (PID=55030) to work on /home/airflow/.local/lib/python3.12/site-packages/airflow/example_dags/example_local_kubernetes_executor.py
[2026-03-12T02:03:20.048+0000] {processor.py:914} INFO - Processing file /home/airflow/.local/lib/python3.12/site-packages/airflow/example_dags/example_local_kubernetes_executor.py for tasks to queue
[2026-03-12T02:03:20.049+0000] {logging_mixin.py:190} INFO - [2026-03-12T02:03:20.049+0000] {dagbag.py:588} INFO - Filling up the DagBag from /home/airflow/.local/lib/python3.12/site-packages/airflow/example_dags/example_local_kubernetes_executor.py
[2026-03-12T02:03:20.061+0000] {processor.py:925} INFO - DAG(s) 'example_local_kubernetes_executor' retrieved from /home/airflow/.local/lib/python3.12/site-packages/airflow/example_dags/example_local_kubernetes_executor.py
[2026-03-12T02:03:20.089+0000] {logging_mixin.py:190} INFO - [2026-03-12T02:03:20.089+0000] {dag.py:3239} INFO - Sync 1 DAGs
[2026-03-12T02:03:20.105+0000] {logging_mixin.py:190} INFO - [2026-03-12T02:03:20.105+0000] {dag.py:4180} INFO - Setting next_dagrun for example_local_kubernetes_executor to None, run_after=None
[2026-03-12T02:03:20.124+0000] {processor.py:208} INFO - Processing /home/airflow/.local/lib/python3.12/site-packages/airflow/example_dags/example_local_kubernetes_executor.py took 0.086 seconds
[2026-03-12T02:03:50.858+0000] {processor.py:186} INFO - Started process (PID=55098) to work on /home/airflow/.local/lib/python3.12/site-packages/airflow/example_dags/example_local_kubernetes_executor.py
[2026-03-12T02:03:50.859+0000] {processor.py:914} INFO - Processing file /home/airflow/.local/lib/python3.12/site-packages/airflow/example_dags/example_local_kubernetes_executor.py for tasks to queue
[2026-03-12T02:03:50.861+0000] {logging_mixin.py:190} INFO - [2026-03-12T02:03:50.861+0000] {dagbag.py:588} INFO - Filling up the DagBag from /home/airflow/.local/lib/python3.12/site-packages/airflow/example_dags/example_local_kubernetes_executor.py
[2026-03-12T02:03:50.877+0000] {processor.py:925} INFO - DAG(s) 'example_local_kubernetes_executor' retrieved from /home/airflow/.local/lib/python3.12/site-packages/airflow/example_dags/example_local_kubernetes_executor.py
[2026-03-12T02:03:50.914+0000] {logging_mixin.py:190} INFO - [2026-03-12T02:03:50.913+0000] {dag.py:3239} INFO - Sync 1 DAGs
[2026-03-12T02:03:50.934+0000] {logging_mixin.py:190} INFO - [2026-03-12T02:03:50.934+0000] {dag.py:4180} INFO - Setting next_dagrun for example_local_kubernetes_executor to None, run_after=None
[2026-03-12T02:03:50.961+0000] {processor.py:208} INFO - Processing /home/airflow/.local/lib/python3.12/site-packages/airflow/example_dags/example_local_kubernetes_executor.py took 0.112 seconds
[2026-03-12T02:04:21.515+0000] {processor.py:186} INFO - Started process (PID=55167) to work on /home/airflow/.local/lib/python3.12/site-packages/airflow/example_dags/example_local_kubernetes_executor.py
[2026-03-12T02:04:21.517+0000] {processor.py:914} INFO - Processing file /home/airflow/.local/lib/python3.12/site-packages/airflow/example_dags/example_local_kubernetes_executor.py for tasks to queue
[2026-03-12T02:04:21.519+0000] {logging_mixin.py:190} INFO - [2026-03-12T02:04:21.518+0000] {dagbag.py:588} INFO - Filling up the DagBag from /home/airflow/.local/lib/python3.12/site-packages/airflow/example_dags/example_local_kubernetes_executor.py
[2026-03-12T02:04:21.534+0000] {processor.py:925} INFO - DAG(s) 'example_local_kubernetes_executor' retrieved from /home/airflow/.local/lib/python3.12/site-packages/airflow/example_dags/example_local_kubernetes_executor.py
[2026-03-12T02:04:21.569+0000] {logging_mixin.py:190} INFO - [2026-03-12T02:04:21.568+0000] {dag.py:3239} INFO - Sync 1 DAGs
[2026-03-12T02:04:21.588+0000] {logging_mixin.py:190} INFO - [2026-03-12T02:04:21.587+0000] {dag.py:4180} INFO - Setting next_dagrun for example_local_kubernetes_executor to None, run_after=None
[2026-03-12T02:04:21.610+0000] {processor.py:208} INFO - Processing /home/airflow/.local/lib/python3.12/site-packages/airflow/example_dags/example_local_kubernetes_executor.py took 0.106 seconds
[2026-03-12T02:04:54.827+0000] {processor.py:186} INFO - Started process (PID=55237) to work on /home/airflow/.local/lib/python3.12/site-packages/airflow/example_dags/example_local_kubernetes_executor.py
[2026-03-12T02:04:54.828+0000] {processor.py:914} INFO - Processing file /home/airflow/.local/lib/python3.12/site-packages/airflow/example_dags/example_local_kubernetes_executor.py for tasks to queue
[2026-03-12T02:04:54.829+0000] {logging_mixin.py:190} INFO - [2026-03-12T02:04:54.829+0000] {dagbag.py:588} INFO - Filling up the DagBag from /home/airflow/.local/lib/python3.12/site-packages/airflow/example_dags/example_local_kubernetes_executor.py
[2026-03-12T02:04:54.843+0000] {processor.py:925} INFO - DAG(s) 'example_local_kubernetes_executor' retrieved from /home/airflow/.local/lib/python3.12/site-packages/airflow/example_dags/example_local_kubernetes_executor.py
[2026-03-12T02:04:54.877+0000] {logging_mixin.py:190} INFO - [2026-03-12T02:04:54.877+0000] {dag.py:3239} INFO - Sync 1 DAGs
[2026-03-12T02:04:54.897+0000] {logging_mixin.py:190} INFO - [2026-03-12T02:04:54.897+0000] {dag.py:4180} INFO - Setting next_dagrun for example_local_kubernetes_executor to None, run_after=None
[2026-03-12T02:04:54.924+0000] {processor.py:208} INFO - Processing /home/airflow/.local/lib/python3.12/site-packages/airflow/example_dags/example_local_kubernetes_executor.py took 0.106 seconds
[2026-03-12T02:05:29.212+0000] {processor.py:186} INFO - Started process (PID=55308) to work on /home/airflow/.local/lib/python3.12/site-packages/airflow/example_dags/example_local_kubernetes_executor.py
[2026-03-12T02:05:29.213+0000] {processor.py:914} INFO - Processing file /home/airflow/.local/lib/python3.12/site-packages/airflow/example_dags/example_local_kubernetes_executor.py for tasks to queue
[2026-03-12T02:05:29.215+0000] {logging_mixin.py:190} INFO - [2026-03-12T02:05:29.215+0000] {dagbag.py:588} INFO - Filling up the DagBag from /home/airflow/.local/lib/python3.12/site-packages/airflow/example_dags/example_local_kubernetes_executor.py
[2026-03-12T02:05:29.231+0000] {processor.py:925} INFO - DAG(s) 'example_local_kubernetes_executor' retrieved from /home/airflow/.local/lib/python3.12/site-packages/airflow/example_dags/example_local_kubernetes_executor.py
[2026-03-12T02:05:29.271+0000] {logging_mixin.py:190} INFO - [2026-03-12T02:05:29.271+0000] {dag.py:3239} INFO - Sync 1 DAGs
[2026-03-12T02:05:29.297+0000] {logging_mixin.py:190} INFO - [2026-03-12T02:05:29.296+0000] {dag.py:4180} INFO - Setting next_dagrun for example_local_kubernetes_executor to None, run_after=None
[2026-03-12T02:05:29.324+0000] {processor.py:208} INFO - Processing /home/airflow/.local/lib/python3.12/site-packages/airflow/example_dags/example_local_kubernetes_executor.py took 0.121 seconds
[2026-03-12T02:06:00.137+0000] {processor.py:186} INFO - Started process (PID=55376) to work on /home/airflow/.local/lib/python3.12/site-packages/airflow/example_dags/example_local_kubernetes_executor.py
[2026-03-12T02:06:00.138+0000] {processor.py:914} INFO - Processing file /home/airflow/.local/lib/python3.12/site-packages/airflow/example_dags/example_local_kubernetes_executor.py for tasks to queue
[2026-03-12T02:06:00.140+0000] {logging_mixin.py:190} INFO - [2026-03-12T02:06:00.139+0000] {dagbag.py:588} INFO - Filling up the DagBag from /home/airflow/.local/lib/python3.12/site-packages/airflow/example_dags/example_local_kubernetes_executor.py
[2026-03-12T02:06:00.154+0000] {processor.py:925} INFO - DAG(s) 'example_local_kubernetes_executor' retrieved from /home/airflow/.local/lib/python3.12/site-packages/airflow/example_dags/example_local_kubernetes_executor.py
[2026-03-12T02:06:00.190+0000] {logging_mixin.py:190} INFO - [2026-03-12T02:06:00.189+0000] {dag.py:3239} INFO - Sync 1 DAGs
[2026-03-12T02:06:00.209+0000] {logging_mixin.py:190} INFO - [2026-03-12T02:06:00.209+0000] {dag.py:4180} INFO - Setting next_dagrun for example_local_kubernetes_executor to None, run_after=None
[2026-03-12T02:06:00.236+0000] {processor.py:208} INFO - Processing /home/airflow/.local/lib/python3.12/site-packages/airflow/example_dags/example_local_kubernetes_executor.py took 0.107 seconds
[2026-03-12T02:06:31.552+0000] {processor.py:186} INFO - Started process (PID=55444) to work on /home/airflow/.local/lib/python3.12/site-packages/airflow/example_dags/example_local_kubernetes_executor.py
[2026-03-12T02:06:31.556+0000] {processor.py:914} INFO - Processing file /home/airflow/.local/lib/python3.12/site-packages/airflow/example_dags/example_local_kubernetes_executor.py for tasks to queue
[2026-03-12T02:06:31.558+0000] {logging_mixin.py:190} INFO - [2026-03-12T02:06:31.558+0000] {dagbag.py:588} INFO - Filling up the DagBag from /home/airflow/.local/lib/python3.12/site-packages/airflow/example_dags/example_local_kubernetes_executor.py
[2026-03-12T02:06:31.573+0000] {processor.py:925} INFO - DAG(s) 'example_local_kubernetes_executor' retrieved from /home/airflow/.local/lib/python3.12/site-packages/airflow/example_dags/example_local_kubernetes_executor.py
[2026-03-12T02:06:31.614+0000] {logging_mixin.py:190} INFO - [2026-03-12T02:06:31.613+0000] {dag.py:3239} INFO - Sync 1 DAGs
[2026-03-12T02:06:31.637+0000] {logging_mixin.py:190} INFO - [2026-03-12T02:06:31.637+0000] {dag.py:4180} INFO - Setting next_dagrun for example_local_kubernetes_executor to None, run_after=None
[2026-03-12T02:06:31.668+0000] {processor.py:208} INFO - Processing /home/airflow/.local/lib/python3.12/site-packages/airflow/example_dags/example_local_kubernetes_executor.py took 0.126 seconds
[2026-03-12T02:07:07.260+0000] {processor.py:186} INFO - Started process (PID=55513) to work on /home/airflow/.local/lib/python3.12/site-packages/airflow/example_dags/example_local_kubernetes_executor.py
[2026-03-12T02:07:07.262+0000] {processor.py:914} INFO - Processing file /home/airflow/.local/lib/python3.12/site-packages/airflow/example_dags/example_local_kubernetes_executor.py for tasks to queue
[2026-03-12T02:07:07.263+0000] {logging_mixin.py:190} INFO - [2026-03-12T02:07:07.263+0000] {dagbag.py:588} INFO - Filling up the DagBag from /home/airflow/.local/lib/python3.12/site-packages/airflow/example_dags/example_local_kubernetes_executor.py
[2026-03-12T02:07:07.278+0000] {processor.py:925} INFO - DAG(s) 'example_local_kubernetes_executor' retrieved from /home/airflow/.local/lib/python3.12/site-packages/airflow/example_dags/example_local_kubernetes_executor.py
[2026-03-12T02:07:07.310+0000] {logging_mixin.py:190} INFO - [2026-03-12T02:07:07.310+0000] {dag.py:3239} INFO - Sync 1 DAGs
[2026-03-12T02:07:07.332+0000] {logging_mixin.py:190} INFO - [2026-03-12T02:07:07.332+0000] {dag.py:4180} INFO - Setting next_dagrun for example_local_kubernetes_executor to None, run_after=None
[2026-03-12T02:07:07.356+0000] {processor.py:208} INFO - Processing /home/airflow/.local/lib/python3.12/site-packages/airflow/example_dags/example_local_kubernetes_executor.py took 0.104 seconds
[2026-03-12T02:07:39.436+0000] {processor.py:186} INFO - Started process (PID=55591) to work on /home/airflow/.local/lib/python3.12/site-packages/airflow/example_dags/example_local_kubernetes_executor.py
[2026-03-12T02:07:39.437+0000] {processor.py:914} INFO - Processing file /home/airflow/.local/lib/python3.12/site-packages/airflow/example_dags/example_local_kubernetes_executor.py for tasks to queue
[2026-03-12T02:07:39.438+0000] {logging_mixin.py:190} INFO - [2026-03-12T02:07:39.438+0000] {dagbag.py:588} INFO - Filling up the DagBag from /home/airflow/.local/lib/python3.12/site-packages/airflow/example_dags/example_local_kubernetes_executor.py
[2026-03-12T02:07:39.449+0000] {processor.py:925} INFO - DAG(s) 'example_local_kubernetes_executor' retrieved from /home/airflow/.local/lib/python3.12/site-packages/airflow/example_dags/example_local_kubernetes_executor.py
[2026-03-12T02:07:39.475+0000] {logging_mixin.py:190} INFO - [2026-03-12T02:07:39.475+0000] {dag.py:3239} INFO - Sync 1 DAGs
[2026-03-12T02:07:39.490+0000] {logging_mixin.py:190} INFO - [2026-03-12T02:07:39.490+0000] {dag.py:4180} INFO - Setting next_dagrun for example_local_kubernetes_executor to None, run_after=None
[2026-03-12T02:07:39.511+0000] {processor.py:208} INFO - Processing /home/airflow/.local/lib/python3.12/site-packages/airflow/example_dags/example_local_kubernetes_executor.py took 0.081 seconds
[2026-03-12T02:08:10.014+0000] {processor.py:186} INFO - Started process (PID=55659) to work on /home/airflow/.local/lib/python3.12/site-packages/airflow/example_dags/example_local_kubernetes_executor.py
[2026-03-12T02:08:10.015+0000] {processor.py:914} INFO - Processing file /home/airflow/.local/lib/python3.12/site-packages/airflow/example_dags/example_local_kubernetes_executor.py for tasks to queue
[2026-03-12T02:08:10.017+0000] {logging_mixin.py:190} INFO - [2026-03-12T02:08:10.016+0000] {dagbag.py:588} INFO - Filling up the DagBag from /home/airflow/.local/lib/python3.12/site-packages/airflow/example_dags/example_local_kubernetes_executor.py
[2026-03-12T02:08:10.030+0000] {processor.py:925} INFO - DAG(s) 'example_local_kubernetes_executor' retrieved from /home/airflow/.local/lib/python3.12/site-packages/airflow/example_dags/example_local_kubernetes_executor.py
[2026-03-12T02:08:10.064+0000] {logging_mixin.py:190} INFO - [2026-03-12T02:08:10.064+0000] {dag.py:3239} INFO - Sync 1 DAGs
[2026-03-12T02:08:10.083+0000] {logging_mixin.py:190} INFO - [2026-03-12T02:08:10.083+0000] {dag.py:4180} INFO - Setting next_dagrun for example_local_kubernetes_executor to None, run_after=None
[2026-03-12T02:08:10.105+0000] {processor.py:208} INFO - Processing /home/airflow/.local/lib/python3.12/site-packages/airflow/example_dags/example_local_kubernetes_executor.py took 0.100 seconds
[2026-03-12T02:08:41.128+0000] {processor.py:186} INFO - Started process (PID=55728) to work on /home/airflow/.local/lib/python3.12/site-packages/airflow/example_dags/example_local_kubernetes_executor.py
[2026-03-12T02:08:41.131+0000] {processor.py:914} INFO - Processing file /home/airflow/.local/lib/python3.12/site-packages/airflow/example_dags/example_local_kubernetes_executor.py for tasks to queue
[2026-03-12T02:08:41.134+0000] {logging_mixin.py:190} INFO - [2026-03-12T02:08:41.133+0000] {dagbag.py:588} INFO - Filling up the DagBag from /home/airflow/.local/lib/python3.12/site-packages/airflow/example_dags/example_local_kubernetes_executor.py
[2026-03-12T02:08:41.158+0000] {processor.py:925} INFO - DAG(s) 'example_local_kubernetes_executor' retrieved from /home/airflow/.local/lib/python3.12/site-packages/airflow/example_dags/example_local_kubernetes_executor.py
[2026-03-12T02:08:41.226+0000] {logging_mixin.py:190} INFO - [2026-03-12T02:08:41.225+0000] {dag.py:3239} INFO - Sync 1 DAGs
[2026-03-12T02:08:41.268+0000] {logging_mixin.py:190} INFO - [2026-03-12T02:08:41.267+0000] {dag.py:4180} INFO - Setting next_dagrun for example_local_kubernetes_executor to None, run_after=None
[2026-03-12T02:08:41.318+0000] {processor.py:208} INFO - Processing /home/airflow/.local/lib/python3.12/site-packages/airflow/example_dags/example_local_kubernetes_executor.py took 0.207 seconds
[2026-03-12T02:09:11.849+0000] {processor.py:186} INFO - Started process (PID=55797) to work on /home/airflow/.local/lib/python3.12/site-packages/airflow/example_dags/example_local_kubernetes_executor.py
[2026-03-12T02:09:11.850+0000] {processor.py:914} INFO - Processing file /home/airflow/.local/lib/python3.12/site-packages/airflow/example_dags/example_local_kubernetes_executor.py for tasks to queue
[2026-03-12T02:09:11.851+0000] {logging_mixin.py:190} INFO - [2026-03-12T02:09:11.851+0000] {dagbag.py:588} INFO - Filling up the DagBag from /home/airflow/.local/lib/python3.12/site-packages/airflow/example_dags/example_local_kubernetes_executor.py
[2026-03-12T02:09:11.861+0000] {processor.py:925} INFO - DAG(s) 'example_local_kubernetes_executor' retrieved from /home/airflow/.local/lib/python3.12/site-packages/airflow/example_dags/example_local_kubernetes_executor.py
[2026-03-12T02:09:11.892+0000] {logging_mixin.py:190} INFO - [2026-03-12T02:09:11.891+0000] {dag.py:3239} INFO - Sync 1 DAGs
[2026-03-12T02:09:11.917+0000] {logging_mixin.py:190} INFO - [2026-03-12T02:09:11.917+0000] {dag.py:4180} INFO - Setting next_dagrun for example_local_kubernetes_executor to None, run_after=None
[2026-03-12T02:09:11.938+0000] {processor.py:208} INFO - Processing /home/airflow/.local/lib/python3.12/site-packages/airflow/example_dags/example_local_kubernetes_executor.py took 0.102 seconds
[2026-03-12T02:09:42.148+0000] {processor.py:186} INFO - Started process (PID=55866) to work on /home/airflow/.local/lib/python3.12/site-packages/airflow/example_dags/example_local_kubernetes_executor.py
[2026-03-12T02:09:42.150+0000] {processor.py:914} INFO - Processing file /home/airflow/.local/lib/python3.12/site-packages/airflow/example_dags/example_local_kubernetes_executor.py for tasks to queue
[2026-03-12T02:09:42.151+0000] {logging_mixin.py:190} INFO - [2026-03-12T02:09:42.151+0000] {dagbag.py:588} INFO - Filling up the DagBag from /home/airflow/.local/lib/python3.12/site-packages/airflow/example_dags/example_local_kubernetes_executor.py
[2026-03-12T02:09:42.164+0000] {processor.py:925} INFO - DAG(s) 'example_local_kubernetes_executor' retrieved from /home/airflow/.local/lib/python3.12/site-packages/airflow/example_dags/example_local_kubernetes_executor.py
[2026-03-12T02:09:42.200+0000] {logging_mixin.py:190} INFO - [2026-03-12T02:09:42.199+0000] {dag.py:3239} INFO - Sync 1 DAGs
[2026-03-12T02:09:42.220+0000] {logging_mixin.py:190} INFO - [2026-03-12T02:09:42.220+0000] {dag.py:4180} INFO - Setting next_dagrun for example_local_kubernetes_executor to None, run_after=None
[2026-03-12T02:09:42.247+0000] {processor.py:208} INFO - Processing /home/airflow/.local/lib/python3.12/site-packages/airflow/example_dags/example_local_kubernetes_executor.py took 0.107 seconds
[2026-03-12T02:10:14.625+0000] {processor.py:186} INFO - Started process (PID=55934) to work on /home/airflow/.local/lib/python3.12/site-packages/airflow/example_dags/example_local_kubernetes_executor.py
[2026-03-12T02:10:14.630+0000] {processor.py:914} INFO - Processing file /home/airflow/.local/lib/python3.12/site-packages/airflow/example_dags/example_local_kubernetes_executor.py for tasks to queue
[2026-03-12T02:10:14.631+0000] {logging_mixin.py:190} INFO - [2026-03-12T02:10:14.631+0000] {dagbag.py:588} INFO - Filling up the DagBag from /home/airflow/.local/lib/python3.12/site-packages/airflow/example_dags/example_local_kubernetes_executor.py
[2026-03-12T02:10:14.646+0000] {processor.py:925} INFO - DAG(s) 'example_local_kubernetes_executor' retrieved from /home/airflow/.local/lib/python3.12/site-packages/airflow/example_dags/example_local_kubernetes_executor.py
[2026-03-12T02:10:14.684+0000] {logging_mixin.py:190} INFO - [2026-03-12T02:10:14.684+0000] {dag.py:3239} INFO - Sync 1 DAGs
[2026-03-12T02:10:14.709+0000] {logging_mixin.py:190} INFO - [2026-03-12T02:10:14.709+0000] {dag.py:4180} INFO - Setting next_dagrun for example_local_kubernetes_executor to None, run_after=None
[2026-03-12T02:10:14.742+0000] {processor.py:208} INFO - Processing /home/airflow/.local/lib/python3.12/site-packages/airflow/example_dags/example_local_kubernetes_executor.py took 0.127 seconds
[2026-03-12T02:10:49.880+0000] {processor.py:186} INFO - Started process (PID=56003) to work on /home/airflow/.local/lib/python3.12/site-packages/airflow/example_dags/example_local_kubernetes_executor.py
[2026-03-12T02:10:49.882+0000] {processor.py:914} INFO - Processing file /home/airflow/.local/lib/python3.12/site-packages/airflow/example_dags/example_local_kubernetes_executor.py for tasks to queue
[2026-03-12T02:10:49.883+0000] {logging_mixin.py:190} INFO - [2026-03-12T02:10:49.883+0000] {dagbag.py:588} INFO - Filling up the DagBag from /home/airflow/.local/lib/python3.12/site-packages/airflow/example_dags/example_local_kubernetes_executor.py
[2026-03-12T02:10:49.897+0000] {processor.py:925} INFO - DAG(s) 'example_local_kubernetes_executor' retrieved from /home/airflow/.local/lib/python3.12/site-packages/airflow/example_dags/example_local_kubernetes_executor.py
[2026-03-12T02:10:49.931+0000] {logging_mixin.py:190} INFO - [2026-03-12T02:10:49.931+0000] {dag.py:3239} INFO - Sync 1 DAGs
[2026-03-12T02:10:49.951+0000] {logging_mixin.py:190} INFO - [2026-03-12T02:10:49.951+0000] {dag.py:4180} INFO - Setting next_dagrun for example_local_kubernetes_executor to None, run_after=None
[2026-03-12T02:10:49.973+0000] {processor.py:208} INFO - Processing /home/airflow/.local/lib/python3.12/site-packages/airflow/example_dags/example_local_kubernetes_executor.py took 0.102 seconds
