[2026-03-12T01:32:51.565+0000] {processor.py:186} INFO - Started process (PID=51177) to work on /home/airflow/.local/lib/python3.12/site-packages/airflow/example_dags/example_complex.py
[2026-03-12T01:32:51.567+0000] {processor.py:914} INFO - Processing file /home/airflow/.local/lib/python3.12/site-packages/airflow/example_dags/example_complex.py for tasks to queue
[2026-03-12T01:32:51.569+0000] {logging_mixin.py:190} INFO - [2026-03-12T01:32:51.568+0000] {dagbag.py:588} INFO - Filling up the DagBag from /home/airflow/.local/lib/python3.12/site-packages/airflow/example_dags/example_complex.py
[2026-03-12T01:32:51.616+0000] {processor.py:925} INFO - DAG(s) 'example_complex' retrieved from /home/airflow/.local/lib/python3.12/site-packages/airflow/example_dags/example_complex.py
[2026-03-12T01:32:52.286+0000] {logging_mixin.py:190} INFO - [2026-03-12T01:32:52.285+0000] {dag.py:3239} INFO - Sync 1 DAGs
[2026-03-12T01:32:52.322+0000] {logging_mixin.py:190} INFO - [2026-03-12T01:32:52.322+0000] {dag.py:4180} INFO - Setting next_dagrun for example_complex to None, run_after=None
[2026-03-12T01:32:52.381+0000] {processor.py:208} INFO - Processing /home/airflow/.local/lib/python3.12/site-packages/airflow/example_dags/example_complex.py took 0.846 seconds
[2026-03-12T01:33:51.220+0000] {processor.py:186} INFO - Started process (PID=51245) to work on /home/airflow/.local/lib/python3.12/site-packages/airflow/example_dags/example_complex.py
[2026-03-12T01:33:51.222+0000] {processor.py:914} INFO - Processing file /home/airflow/.local/lib/python3.12/site-packages/airflow/example_dags/example_complex.py for tasks to queue
[2026-03-12T01:33:51.224+0000] {logging_mixin.py:190} INFO - [2026-03-12T01:33:51.223+0000] {dagbag.py:588} INFO - Filling up the DagBag from /home/airflow/.local/lib/python3.12/site-packages/airflow/example_dags/example_complex.py
[2026-03-12T01:33:51.244+0000] {processor.py:925} INFO - DAG(s) 'example_complex' retrieved from /home/airflow/.local/lib/python3.12/site-packages/airflow/example_dags/example_complex.py
[2026-03-12T01:33:51.306+0000] {logging_mixin.py:190} INFO - [2026-03-12T01:33:51.306+0000] {dag.py:3239} INFO - Sync 1 DAGs
[2026-03-12T01:33:51.330+0000] {logging_mixin.py:190} INFO - [2026-03-12T01:33:51.330+0000] {dag.py:4180} INFO - Setting next_dagrun for example_complex to None, run_after=None
[2026-03-12T01:33:51.360+0000] {processor.py:208} INFO - Processing /home/airflow/.local/lib/python3.12/site-packages/airflow/example_dags/example_complex.py took 0.151 seconds
[2026-03-12T01:34:21.755+0000] {processor.py:186} INFO - Started process (PID=51313) to work on /home/airflow/.local/lib/python3.12/site-packages/airflow/example_dags/example_complex.py
[2026-03-12T01:34:21.756+0000] {processor.py:914} INFO - Processing file /home/airflow/.local/lib/python3.12/site-packages/airflow/example_dags/example_complex.py for tasks to queue
[2026-03-12T01:34:21.757+0000] {logging_mixin.py:190} INFO - [2026-03-12T01:34:21.757+0000] {dagbag.py:588} INFO - Filling up the DagBag from /home/airflow/.local/lib/python3.12/site-packages/airflow/example_dags/example_complex.py
[2026-03-12T01:34:21.769+0000] {processor.py:925} INFO - DAG(s) 'example_complex' retrieved from /home/airflow/.local/lib/python3.12/site-packages/airflow/example_dags/example_complex.py
[2026-03-12T01:34:21.805+0000] {logging_mixin.py:190} INFO - [2026-03-12T01:34:21.804+0000] {dag.py:3239} INFO - Sync 1 DAGs
[2026-03-12T01:34:21.821+0000] {logging_mixin.py:190} INFO - [2026-03-12T01:34:21.821+0000] {dag.py:4180} INFO - Setting next_dagrun for example_complex to None, run_after=None
[2026-03-12T01:34:21.842+0000] {processor.py:208} INFO - Processing /home/airflow/.local/lib/python3.12/site-packages/airflow/example_dags/example_complex.py took 0.093 seconds
[2026-03-12T01:34:52.454+0000] {processor.py:186} INFO - Started process (PID=51381) to work on /home/airflow/.local/lib/python3.12/site-packages/airflow/example_dags/example_complex.py
[2026-03-12T01:34:52.456+0000] {processor.py:914} INFO - Processing file /home/airflow/.local/lib/python3.12/site-packages/airflow/example_dags/example_complex.py for tasks to queue
[2026-03-12T01:34:52.459+0000] {logging_mixin.py:190} INFO - [2026-03-12T01:34:52.458+0000] {dagbag.py:588} INFO - Filling up the DagBag from /home/airflow/.local/lib/python3.12/site-packages/airflow/example_dags/example_complex.py
[2026-03-12T01:34:52.507+0000] {processor.py:925} INFO - DAG(s) 'example_complex' retrieved from /home/airflow/.local/lib/python3.12/site-packages/airflow/example_dags/example_complex.py
[2026-03-12T01:34:52.588+0000] {logging_mixin.py:190} INFO - [2026-03-12T01:34:52.587+0000] {dag.py:3239} INFO - Sync 1 DAGs
[2026-03-12T01:34:52.618+0000] {logging_mixin.py:190} INFO - [2026-03-12T01:34:52.618+0000] {dag.py:4180} INFO - Setting next_dagrun for example_complex to None, run_after=None
[2026-03-12T01:34:52.653+0000] {processor.py:208} INFO - Processing /home/airflow/.local/lib/python3.12/site-packages/airflow/example_dags/example_complex.py took 0.229 seconds
[2026-03-12T01:35:23.439+0000] {processor.py:186} INFO - Started process (PID=51450) to work on /home/airflow/.local/lib/python3.12/site-packages/airflow/example_dags/example_complex.py
[2026-03-12T01:35:23.440+0000] {processor.py:914} INFO - Processing file /home/airflow/.local/lib/python3.12/site-packages/airflow/example_dags/example_complex.py for tasks to queue
[2026-03-12T01:35:23.441+0000] {logging_mixin.py:190} INFO - [2026-03-12T01:35:23.441+0000] {dagbag.py:588} INFO - Filling up the DagBag from /home/airflow/.local/lib/python3.12/site-packages/airflow/example_dags/example_complex.py
[2026-03-12T01:35:23.456+0000] {processor.py:925} INFO - DAG(s) 'example_complex' retrieved from /home/airflow/.local/lib/python3.12/site-packages/airflow/example_dags/example_complex.py
[2026-03-12T01:35:23.495+0000] {logging_mixin.py:190} INFO - [2026-03-12T01:35:23.494+0000] {dag.py:3239} INFO - Sync 1 DAGs
[2026-03-12T01:35:23.509+0000] {logging_mixin.py:190} INFO - [2026-03-12T01:35:23.508+0000] {dag.py:4180} INFO - Setting next_dagrun for example_complex to None, run_after=None
[2026-03-12T01:35:23.529+0000] {processor.py:208} INFO - Processing /home/airflow/.local/lib/python3.12/site-packages/airflow/example_dags/example_complex.py took 0.096 seconds
[2026-03-12T01:35:53.840+0000] {processor.py:186} INFO - Started process (PID=51518) to work on /home/airflow/.local/lib/python3.12/site-packages/airflow/example_dags/example_complex.py
[2026-03-12T01:35:53.841+0000] {processor.py:914} INFO - Processing file /home/airflow/.local/lib/python3.12/site-packages/airflow/example_dags/example_complex.py for tasks to queue
[2026-03-12T01:35:53.844+0000] {logging_mixin.py:190} INFO - [2026-03-12T01:35:53.843+0000] {dagbag.py:588} INFO - Filling up the DagBag from /home/airflow/.local/lib/python3.12/site-packages/airflow/example_dags/example_complex.py
[2026-03-12T01:35:53.862+0000] {processor.py:925} INFO - DAG(s) 'example_complex' retrieved from /home/airflow/.local/lib/python3.12/site-packages/airflow/example_dags/example_complex.py
[2026-03-12T01:35:53.907+0000] {logging_mixin.py:190} INFO - [2026-03-12T01:35:53.907+0000] {dag.py:3239} INFO - Sync 1 DAGs
[2026-03-12T01:35:53.936+0000] {logging_mixin.py:190} INFO - [2026-03-12T01:35:53.936+0000] {dag.py:4180} INFO - Setting next_dagrun for example_complex to None, run_after=None
[2026-03-12T01:35:53.976+0000] {processor.py:208} INFO - Processing /home/airflow/.local/lib/python3.12/site-packages/airflow/example_dags/example_complex.py took 0.145 seconds
[2026-03-12T01:36:28.486+0000] {processor.py:186} INFO - Started process (PID=51574) to work on /home/airflow/.local/lib/python3.12/site-packages/airflow/example_dags/example_complex.py
[2026-03-12T01:36:28.488+0000] {processor.py:914} INFO - Processing file /home/airflow/.local/lib/python3.12/site-packages/airflow/example_dags/example_complex.py for tasks to queue
[2026-03-12T01:36:28.491+0000] {logging_mixin.py:190} INFO - [2026-03-12T01:36:28.490+0000] {dagbag.py:588} INFO - Filling up the DagBag from /home/airflow/.local/lib/python3.12/site-packages/airflow/example_dags/example_complex.py
[2026-03-12T01:36:28.512+0000] {processor.py:925} INFO - DAG(s) 'example_complex' retrieved from /home/airflow/.local/lib/python3.12/site-packages/airflow/example_dags/example_complex.py
[2026-03-12T01:36:28.572+0000] {logging_mixin.py:190} INFO - [2026-03-12T01:36:28.572+0000] {dag.py:3239} INFO - Sync 1 DAGs
[2026-03-12T01:36:28.597+0000] {logging_mixin.py:190} INFO - [2026-03-12T01:36:28.597+0000] {dag.py:4180} INFO - Setting next_dagrun for example_complex to None, run_after=None
[2026-03-12T01:36:28.627+0000] {processor.py:208} INFO - Processing /home/airflow/.local/lib/python3.12/site-packages/airflow/example_dags/example_complex.py took 0.153 seconds
[2026-03-12T01:37:05.228+0000] {processor.py:186} INFO - Started process (PID=51649) to work on /home/airflow/.local/lib/python3.12/site-packages/airflow/example_dags/example_complex.py
[2026-03-12T01:37:05.230+0000] {processor.py:914} INFO - Processing file /home/airflow/.local/lib/python3.12/site-packages/airflow/example_dags/example_complex.py for tasks to queue
[2026-03-12T01:37:05.232+0000] {logging_mixin.py:190} INFO - [2026-03-12T01:37:05.231+0000] {dagbag.py:588} INFO - Filling up the DagBag from /home/airflow/.local/lib/python3.12/site-packages/airflow/example_dags/example_complex.py
[2026-03-12T01:37:05.255+0000] {processor.py:925} INFO - DAG(s) 'example_complex' retrieved from /home/airflow/.local/lib/python3.12/site-packages/airflow/example_dags/example_complex.py
[2026-03-12T01:37:05.329+0000] {logging_mixin.py:190} INFO - [2026-03-12T01:37:05.328+0000] {dag.py:3239} INFO - Sync 1 DAGs
[2026-03-12T01:37:05.357+0000] {logging_mixin.py:190} INFO - [2026-03-12T01:37:05.356+0000] {dag.py:4180} INFO - Setting next_dagrun for example_complex to None, run_after=None
[2026-03-12T01:37:05.388+0000] {processor.py:208} INFO - Processing /home/airflow/.local/lib/python3.12/site-packages/airflow/example_dags/example_complex.py took 0.174 seconds
[2026-03-12T01:37:43.486+0000] {processor.py:186} INFO - Started process (PID=51718) to work on /home/airflow/.local/lib/python3.12/site-packages/airflow/example_dags/example_complex.py
[2026-03-12T01:37:43.487+0000] {processor.py:914} INFO - Processing file /home/airflow/.local/lib/python3.12/site-packages/airflow/example_dags/example_complex.py for tasks to queue
[2026-03-12T01:37:43.488+0000] {logging_mixin.py:190} INFO - [2026-03-12T01:37:43.488+0000] {dagbag.py:588} INFO - Filling up the DagBag from /home/airflow/.local/lib/python3.12/site-packages/airflow/example_dags/example_complex.py
[2026-03-12T01:37:43.505+0000] {processor.py:925} INFO - DAG(s) 'example_complex' retrieved from /home/airflow/.local/lib/python3.12/site-packages/airflow/example_dags/example_complex.py
[2026-03-12T01:37:43.551+0000] {logging_mixin.py:190} INFO - [2026-03-12T01:37:43.550+0000] {dag.py:3239} INFO - Sync 1 DAGs
[2026-03-12T01:37:43.572+0000] {logging_mixin.py:190} INFO - [2026-03-12T01:37:43.572+0000] {dag.py:4180} INFO - Setting next_dagrun for example_complex to None, run_after=None
[2026-03-12T01:37:43.594+0000] {processor.py:208} INFO - Processing /home/airflow/.local/lib/python3.12/site-packages/airflow/example_dags/example_complex.py took 0.117 seconds
[2026-03-12T01:38:14.723+0000] {processor.py:186} INFO - Started process (PID=51786) to work on /home/airflow/.local/lib/python3.12/site-packages/airflow/example_dags/example_complex.py
[2026-03-12T01:38:14.724+0000] {processor.py:914} INFO - Processing file /home/airflow/.local/lib/python3.12/site-packages/airflow/example_dags/example_complex.py for tasks to queue
[2026-03-12T01:38:14.725+0000] {logging_mixin.py:190} INFO - [2026-03-12T01:38:14.725+0000] {dagbag.py:588} INFO - Filling up the DagBag from /home/airflow/.local/lib/python3.12/site-packages/airflow/example_dags/example_complex.py
[2026-03-12T01:38:14.738+0000] {processor.py:925} INFO - DAG(s) 'example_complex' retrieved from /home/airflow/.local/lib/python3.12/site-packages/airflow/example_dags/example_complex.py
[2026-03-12T01:38:14.773+0000] {logging_mixin.py:190} INFO - [2026-03-12T01:38:14.773+0000] {dag.py:3239} INFO - Sync 1 DAGs
[2026-03-12T01:38:14.793+0000] {logging_mixin.py:190} INFO - [2026-03-12T01:38:14.792+0000] {dag.py:4180} INFO - Setting next_dagrun for example_complex to None, run_after=None
[2026-03-12T01:38:14.813+0000] {processor.py:208} INFO - Processing /home/airflow/.local/lib/python3.12/site-packages/airflow/example_dags/example_complex.py took 0.097 seconds
[2026-03-12T01:38:45.040+0000] {processor.py:186} INFO - Started process (PID=51855) to work on /home/airflow/.local/lib/python3.12/site-packages/airflow/example_dags/example_complex.py
[2026-03-12T01:38:45.041+0000] {processor.py:914} INFO - Processing file /home/airflow/.local/lib/python3.12/site-packages/airflow/example_dags/example_complex.py for tasks to queue
[2026-03-12T01:38:45.042+0000] {logging_mixin.py:190} INFO - [2026-03-12T01:38:45.042+0000] {dagbag.py:588} INFO - Filling up the DagBag from /home/airflow/.local/lib/python3.12/site-packages/airflow/example_dags/example_complex.py
[2026-03-12T01:38:45.056+0000] {processor.py:925} INFO - DAG(s) 'example_complex' retrieved from /home/airflow/.local/lib/python3.12/site-packages/airflow/example_dags/example_complex.py
[2026-03-12T01:38:45.098+0000] {logging_mixin.py:190} INFO - [2026-03-12T01:38:45.098+0000] {dag.py:3239} INFO - Sync 1 DAGs
[2026-03-12T01:38:45.119+0000] {logging_mixin.py:190} INFO - [2026-03-12T01:38:45.119+0000] {dag.py:4180} INFO - Setting next_dagrun for example_complex to None, run_after=None
[2026-03-12T01:38:45.141+0000] {processor.py:208} INFO - Processing /home/airflow/.local/lib/python3.12/site-packages/airflow/example_dags/example_complex.py took 0.111 seconds
[2026-03-12T01:39:18.265+0000] {processor.py:186} INFO - Started process (PID=51924) to work on /home/airflow/.local/lib/python3.12/site-packages/airflow/example_dags/example_complex.py
[2026-03-12T01:39:18.267+0000] {processor.py:914} INFO - Processing file /home/airflow/.local/lib/python3.12/site-packages/airflow/example_dags/example_complex.py for tasks to queue
[2026-03-12T01:39:18.270+0000] {logging_mixin.py:190} INFO - [2026-03-12T01:39:18.269+0000] {dagbag.py:588} INFO - Filling up the DagBag from /home/airflow/.local/lib/python3.12/site-packages/airflow/example_dags/example_complex.py
[2026-03-12T01:39:18.309+0000] {processor.py:925} INFO - DAG(s) 'example_complex' retrieved from /home/airflow/.local/lib/python3.12/site-packages/airflow/example_dags/example_complex.py
[2026-03-12T01:39:18.430+0000] {logging_mixin.py:190} INFO - [2026-03-12T01:39:18.430+0000] {dag.py:3239} INFO - Sync 1 DAGs
[2026-03-12T01:39:18.482+0000] {logging_mixin.py:190} INFO - [2026-03-12T01:39:18.481+0000] {dag.py:4180} INFO - Setting next_dagrun for example_complex to None, run_after=None
[2026-03-12T01:39:18.536+0000] {processor.py:208} INFO - Processing /home/airflow/.local/lib/python3.12/site-packages/airflow/example_dags/example_complex.py took 0.286 seconds
[2026-03-12T01:39:48.864+0000] {processor.py:186} INFO - Started process (PID=51992) to work on /home/airflow/.local/lib/python3.12/site-packages/airflow/example_dags/example_complex.py
[2026-03-12T01:39:48.866+0000] {processor.py:914} INFO - Processing file /home/airflow/.local/lib/python3.12/site-packages/airflow/example_dags/example_complex.py for tasks to queue
[2026-03-12T01:39:48.867+0000] {logging_mixin.py:190} INFO - [2026-03-12T01:39:48.867+0000] {dagbag.py:588} INFO - Filling up the DagBag from /home/airflow/.local/lib/python3.12/site-packages/airflow/example_dags/example_complex.py
[2026-03-12T01:39:48.885+0000] {processor.py:925} INFO - DAG(s) 'example_complex' retrieved from /home/airflow/.local/lib/python3.12/site-packages/airflow/example_dags/example_complex.py
[2026-03-12T01:39:48.928+0000] {logging_mixin.py:190} INFO - [2026-03-12T01:39:48.928+0000] {dag.py:3239} INFO - Sync 1 DAGs
[2026-03-12T01:39:48.947+0000] {logging_mixin.py:190} INFO - [2026-03-12T01:39:48.947+0000] {dag.py:4180} INFO - Setting next_dagrun for example_complex to None, run_after=None
[2026-03-12T01:39:48.969+0000] {processor.py:208} INFO - Processing /home/airflow/.local/lib/python3.12/site-packages/airflow/example_dags/example_complex.py took 0.114 seconds
[2026-03-12T01:40:23.477+0000] {processor.py:186} INFO - Started process (PID=52061) to work on /home/airflow/.local/lib/python3.12/site-packages/airflow/example_dags/example_complex.py
[2026-03-12T01:40:23.479+0000] {processor.py:914} INFO - Processing file /home/airflow/.local/lib/python3.12/site-packages/airflow/example_dags/example_complex.py for tasks to queue
[2026-03-12T01:40:23.481+0000] {logging_mixin.py:190} INFO - [2026-03-12T01:40:23.481+0000] {dagbag.py:588} INFO - Filling up the DagBag from /home/airflow/.local/lib/python3.12/site-packages/airflow/example_dags/example_complex.py
[2026-03-12T01:40:23.517+0000] {processor.py:925} INFO - DAG(s) 'example_complex' retrieved from /home/airflow/.local/lib/python3.12/site-packages/airflow/example_dags/example_complex.py
[2026-03-12T01:40:23.618+0000] {logging_mixin.py:190} INFO - [2026-03-12T01:40:23.617+0000] {dag.py:3239} INFO - Sync 1 DAGs
[2026-03-12T01:40:23.669+0000] {logging_mixin.py:190} INFO - [2026-03-12T01:40:23.669+0000] {dag.py:4180} INFO - Setting next_dagrun for example_complex to None, run_after=None
[2026-03-12T01:40:23.719+0000] {processor.py:208} INFO - Processing /home/airflow/.local/lib/python3.12/site-packages/airflow/example_dags/example_complex.py took 0.260 seconds
[2026-03-12T01:40:59.081+0000] {processor.py:186} INFO - Started process (PID=52129) to work on /home/airflow/.local/lib/python3.12/site-packages/airflow/example_dags/example_complex.py
[2026-03-12T01:40:59.083+0000] {processor.py:914} INFO - Processing file /home/airflow/.local/lib/python3.12/site-packages/airflow/example_dags/example_complex.py for tasks to queue
[2026-03-12T01:40:59.085+0000] {logging_mixin.py:190} INFO - [2026-03-12T01:40:59.084+0000] {dagbag.py:588} INFO - Filling up the DagBag from /home/airflow/.local/lib/python3.12/site-packages/airflow/example_dags/example_complex.py
[2026-03-12T01:40:59.107+0000] {processor.py:925} INFO - DAG(s) 'example_complex' retrieved from /home/airflow/.local/lib/python3.12/site-packages/airflow/example_dags/example_complex.py
[2026-03-12T01:40:59.157+0000] {logging_mixin.py:190} INFO - [2026-03-12T01:40:59.156+0000] {dag.py:3239} INFO - Sync 1 DAGs
[2026-03-12T01:40:59.185+0000] {logging_mixin.py:190} INFO - [2026-03-12T01:40:59.185+0000] {dag.py:4180} INFO - Setting next_dagrun for example_complex to None, run_after=None
[2026-03-12T01:40:59.211+0000] {processor.py:208} INFO - Processing /home/airflow/.local/lib/python3.12/site-packages/airflow/example_dags/example_complex.py took 0.142 seconds
[2026-03-12T01:41:29.478+0000] {processor.py:186} INFO - Started process (PID=52197) to work on /home/airflow/.local/lib/python3.12/site-packages/airflow/example_dags/example_complex.py
[2026-03-12T01:41:29.479+0000] {processor.py:914} INFO - Processing file /home/airflow/.local/lib/python3.12/site-packages/airflow/example_dags/example_complex.py for tasks to queue
[2026-03-12T01:41:29.481+0000] {logging_mixin.py:190} INFO - [2026-03-12T01:41:29.480+0000] {dagbag.py:588} INFO - Filling up the DagBag from /home/airflow/.local/lib/python3.12/site-packages/airflow/example_dags/example_complex.py
[2026-03-12T01:41:29.501+0000] {processor.py:925} INFO - DAG(s) 'example_complex' retrieved from /home/airflow/.local/lib/python3.12/site-packages/airflow/example_dags/example_complex.py
[2026-03-12T01:41:29.561+0000] {logging_mixin.py:190} INFO - [2026-03-12T01:41:29.560+0000] {dag.py:3239} INFO - Sync 1 DAGs
[2026-03-12T01:41:29.585+0000] {logging_mixin.py:190} INFO - [2026-03-12T01:41:29.585+0000] {dag.py:4180} INFO - Setting next_dagrun for example_complex to None, run_after=None
[2026-03-12T01:41:29.617+0000] {processor.py:208} INFO - Processing /home/airflow/.local/lib/python3.12/site-packages/airflow/example_dags/example_complex.py took 0.152 seconds
[2026-03-12T01:42:00.481+0000] {processor.py:186} INFO - Started process (PID=52265) to work on /home/airflow/.local/lib/python3.12/site-packages/airflow/example_dags/example_complex.py
[2026-03-12T01:42:00.483+0000] {processor.py:914} INFO - Processing file /home/airflow/.local/lib/python3.12/site-packages/airflow/example_dags/example_complex.py for tasks to queue
[2026-03-12T01:42:00.486+0000] {logging_mixin.py:190} INFO - [2026-03-12T01:42:00.485+0000] {dagbag.py:588} INFO - Filling up the DagBag from /home/airflow/.local/lib/python3.12/site-packages/airflow/example_dags/example_complex.py
[2026-03-12T01:42:00.515+0000] {processor.py:925} INFO - DAG(s) 'example_complex' retrieved from /home/airflow/.local/lib/python3.12/site-packages/airflow/example_dags/example_complex.py
[2026-03-12T01:42:00.567+0000] {logging_mixin.py:190} INFO - [2026-03-12T01:42:00.567+0000] {dag.py:3239} INFO - Sync 1 DAGs
[2026-03-12T01:42:00.589+0000] {logging_mixin.py:190} INFO - [2026-03-12T01:42:00.589+0000] {dag.py:4180} INFO - Setting next_dagrun for example_complex to None, run_after=None
[2026-03-12T01:42:00.617+0000] {processor.py:208} INFO - Processing /home/airflow/.local/lib/python3.12/site-packages/airflow/example_dags/example_complex.py took 0.148 seconds
[2026-03-12T01:42:30.774+0000] {processor.py:186} INFO - Started process (PID=52333) to work on /home/airflow/.local/lib/python3.12/site-packages/airflow/example_dags/example_complex.py
[2026-03-12T01:42:30.776+0000] {processor.py:914} INFO - Processing file /home/airflow/.local/lib/python3.12/site-packages/airflow/example_dags/example_complex.py for tasks to queue
[2026-03-12T01:42:30.779+0000] {logging_mixin.py:190} INFO - [2026-03-12T01:42:30.778+0000] {dagbag.py:588} INFO - Filling up the DagBag from /home/airflow/.local/lib/python3.12/site-packages/airflow/example_dags/example_complex.py
[2026-03-12T01:42:30.808+0000] {processor.py:925} INFO - DAG(s) 'example_complex' retrieved from /home/airflow/.local/lib/python3.12/site-packages/airflow/example_dags/example_complex.py
[2026-03-12T01:42:30.890+0000] {logging_mixin.py:190} INFO - [2026-03-12T01:42:30.890+0000] {dag.py:3239} INFO - Sync 1 DAGs
[2026-03-12T01:42:30.928+0000] {logging_mixin.py:190} INFO - [2026-03-12T01:42:30.928+0000] {dag.py:4180} INFO - Setting next_dagrun for example_complex to None, run_after=None
[2026-03-12T01:42:30.972+0000] {processor.py:208} INFO - Processing /home/airflow/.local/lib/python3.12/site-packages/airflow/example_dags/example_complex.py took 0.213 seconds
[2026-03-12T01:43:03.991+0000] {processor.py:186} INFO - Started process (PID=52403) to work on /home/airflow/.local/lib/python3.12/site-packages/airflow/example_dags/example_complex.py
[2026-03-12T01:43:03.993+0000] {processor.py:914} INFO - Processing file /home/airflow/.local/lib/python3.12/site-packages/airflow/example_dags/example_complex.py for tasks to queue
[2026-03-12T01:43:03.995+0000] {logging_mixin.py:190} INFO - [2026-03-12T01:43:03.995+0000] {dagbag.py:588} INFO - Filling up the DagBag from /home/airflow/.local/lib/python3.12/site-packages/airflow/example_dags/example_complex.py
[2026-03-12T01:43:04.016+0000] {processor.py:925} INFO - DAG(s) 'example_complex' retrieved from /home/airflow/.local/lib/python3.12/site-packages/airflow/example_dags/example_complex.py
[2026-03-12T01:43:04.080+0000] {logging_mixin.py:190} INFO - [2026-03-12T01:43:04.079+0000] {dag.py:3239} INFO - Sync 1 DAGs
[2026-03-12T01:43:04.107+0000] {logging_mixin.py:190} INFO - [2026-03-12T01:43:04.107+0000] {dag.py:4180} INFO - Setting next_dagrun for example_complex to None, run_after=None
[2026-03-12T01:43:04.139+0000] {processor.py:208} INFO - Processing /home/airflow/.local/lib/python3.12/site-packages/airflow/example_dags/example_complex.py took 0.157 seconds
[2026-03-12T01:43:40.072+0000] {processor.py:186} INFO - Started process (PID=52478) to work on /home/airflow/.local/lib/python3.12/site-packages/airflow/example_dags/example_complex.py
[2026-03-12T01:43:40.074+0000] {processor.py:914} INFO - Processing file /home/airflow/.local/lib/python3.12/site-packages/airflow/example_dags/example_complex.py for tasks to queue
[2026-03-12T01:43:40.076+0000] {logging_mixin.py:190} INFO - [2026-03-12T01:43:40.075+0000] {dagbag.py:588} INFO - Filling up the DagBag from /home/airflow/.local/lib/python3.12/site-packages/airflow/example_dags/example_complex.py
[2026-03-12T01:43:40.095+0000] {processor.py:925} INFO - DAG(s) 'example_complex' retrieved from /home/airflow/.local/lib/python3.12/site-packages/airflow/example_dags/example_complex.py
[2026-03-12T01:43:40.147+0000] {logging_mixin.py:190} INFO - [2026-03-12T01:43:40.146+0000] {dag.py:3239} INFO - Sync 1 DAGs
[2026-03-12T01:43:40.166+0000] {logging_mixin.py:190} INFO - [2026-03-12T01:43:40.166+0000] {dag.py:4180} INFO - Setting next_dagrun for example_complex to None, run_after=None
[2026-03-12T01:43:40.189+0000] {processor.py:208} INFO - Processing /home/airflow/.local/lib/python3.12/site-packages/airflow/example_dags/example_complex.py took 0.126 seconds
[2026-03-12T01:44:10.333+0000] {processor.py:186} INFO - Started process (PID=52546) to work on /home/airflow/.local/lib/python3.12/site-packages/airflow/example_dags/example_complex.py
[2026-03-12T01:44:10.334+0000] {processor.py:914} INFO - Processing file /home/airflow/.local/lib/python3.12/site-packages/airflow/example_dags/example_complex.py for tasks to queue
[2026-03-12T01:44:10.336+0000] {logging_mixin.py:190} INFO - [2026-03-12T01:44:10.335+0000] {dagbag.py:588} INFO - Filling up the DagBag from /home/airflow/.local/lib/python3.12/site-packages/airflow/example_dags/example_complex.py
[2026-03-12T01:44:10.354+0000] {processor.py:925} INFO - DAG(s) 'example_complex' retrieved from /home/airflow/.local/lib/python3.12/site-packages/airflow/example_dags/example_complex.py
[2026-03-12T01:44:10.404+0000] {logging_mixin.py:190} INFO - [2026-03-12T01:44:10.404+0000] {dag.py:3239} INFO - Sync 1 DAGs
[2026-03-12T01:44:10.423+0000] {logging_mixin.py:190} INFO - [2026-03-12T01:44:10.423+0000] {dag.py:4180} INFO - Setting next_dagrun for example_complex to None, run_after=None
[2026-03-12T01:44:10.443+0000] {processor.py:208} INFO - Processing /home/airflow/.local/lib/python3.12/site-packages/airflow/example_dags/example_complex.py took 0.117 seconds
[2026-03-12T01:44:41.001+0000] {processor.py:186} INFO - Started process (PID=52614) to work on /home/airflow/.local/lib/python3.12/site-packages/airflow/example_dags/example_complex.py
[2026-03-12T01:44:41.002+0000] {processor.py:914} INFO - Processing file /home/airflow/.local/lib/python3.12/site-packages/airflow/example_dags/example_complex.py for tasks to queue
[2026-03-12T01:44:41.003+0000] {logging_mixin.py:190} INFO - [2026-03-12T01:44:41.003+0000] {dagbag.py:588} INFO - Filling up the DagBag from /home/airflow/.local/lib/python3.12/site-packages/airflow/example_dags/example_complex.py
[2026-03-12T01:44:41.019+0000] {processor.py:925} INFO - DAG(s) 'example_complex' retrieved from /home/airflow/.local/lib/python3.12/site-packages/airflow/example_dags/example_complex.py
[2026-03-12T01:44:41.060+0000] {logging_mixin.py:190} INFO - [2026-03-12T01:44:41.059+0000] {dag.py:3239} INFO - Sync 1 DAGs
[2026-03-12T01:44:41.081+0000] {logging_mixin.py:190} INFO - [2026-03-12T01:44:41.080+0000] {dag.py:4180} INFO - Setting next_dagrun for example_complex to None, run_after=None
[2026-03-12T01:44:41.103+0000] {processor.py:208} INFO - Processing /home/airflow/.local/lib/python3.12/site-packages/airflow/example_dags/example_complex.py took 0.109 seconds
[2026-03-12T01:45:11.825+0000] {processor.py:186} INFO - Started process (PID=52682) to work on /home/airflow/.local/lib/python3.12/site-packages/airflow/example_dags/example_complex.py
[2026-03-12T01:45:11.827+0000] {processor.py:914} INFO - Processing file /home/airflow/.local/lib/python3.12/site-packages/airflow/example_dags/example_complex.py for tasks to queue
[2026-03-12T01:45:11.841+0000] {logging_mixin.py:190} INFO - [2026-03-12T01:45:11.840+0000] {dagbag.py:588} INFO - Filling up the DagBag from /home/airflow/.local/lib/python3.12/site-packages/airflow/example_dags/example_complex.py
[2026-03-12T01:45:11.905+0000] {processor.py:925} INFO - DAG(s) 'example_complex' retrieved from /home/airflow/.local/lib/python3.12/site-packages/airflow/example_dags/example_complex.py
[2026-03-12T01:45:12.105+0000] {logging_mixin.py:190} INFO - [2026-03-12T01:45:12.104+0000] {dag.py:3239} INFO - Sync 1 DAGs
[2026-03-12T01:45:12.169+0000] {logging_mixin.py:190} INFO - [2026-03-12T01:45:12.168+0000] {dag.py:4180} INFO - Setting next_dagrun for example_complex to None, run_after=None
[2026-03-12T01:45:12.243+0000] {processor.py:208} INFO - Processing /home/airflow/.local/lib/python3.12/site-packages/airflow/example_dags/example_complex.py took 0.447 seconds
[2026-03-12T01:45:42.515+0000] {processor.py:186} INFO - Started process (PID=52750) to work on /home/airflow/.local/lib/python3.12/site-packages/airflow/example_dags/example_complex.py
[2026-03-12T01:45:42.517+0000] {processor.py:914} INFO - Processing file /home/airflow/.local/lib/python3.12/site-packages/airflow/example_dags/example_complex.py for tasks to queue
[2026-03-12T01:45:42.518+0000] {logging_mixin.py:190} INFO - [2026-03-12T01:45:42.518+0000] {dagbag.py:588} INFO - Filling up the DagBag from /home/airflow/.local/lib/python3.12/site-packages/airflow/example_dags/example_complex.py
[2026-03-12T01:45:42.534+0000] {processor.py:925} INFO - DAG(s) 'example_complex' retrieved from /home/airflow/.local/lib/python3.12/site-packages/airflow/example_dags/example_complex.py
[2026-03-12T01:45:42.600+0000] {logging_mixin.py:190} INFO - [2026-03-12T01:45:42.600+0000] {dag.py:3239} INFO - Sync 1 DAGs
[2026-03-12T01:45:42.622+0000] {logging_mixin.py:190} INFO - [2026-03-12T01:45:42.622+0000] {dag.py:4180} INFO - Setting next_dagrun for example_complex to None, run_after=None
[2026-03-12T01:45:42.656+0000] {processor.py:208} INFO - Processing /home/airflow/.local/lib/python3.12/site-packages/airflow/example_dags/example_complex.py took 0.152 seconds
[2026-03-12T01:46:13.284+0000] {processor.py:186} INFO - Started process (PID=52819) to work on /home/airflow/.local/lib/python3.12/site-packages/airflow/example_dags/example_complex.py
[2026-03-12T01:46:13.286+0000] {processor.py:914} INFO - Processing file /home/airflow/.local/lib/python3.12/site-packages/airflow/example_dags/example_complex.py for tasks to queue
[2026-03-12T01:46:13.288+0000] {logging_mixin.py:190} INFO - [2026-03-12T01:46:13.288+0000] {dagbag.py:588} INFO - Filling up the DagBag from /home/airflow/.local/lib/python3.12/site-packages/airflow/example_dags/example_complex.py
[2026-03-12T01:46:13.355+0000] {processor.py:925} INFO - DAG(s) 'example_complex' retrieved from /home/airflow/.local/lib/python3.12/site-packages/airflow/example_dags/example_complex.py
[2026-03-12T01:46:13.476+0000] {logging_mixin.py:190} INFO - [2026-03-12T01:46:13.475+0000] {dag.py:3239} INFO - Sync 1 DAGs
[2026-03-12T01:46:13.524+0000] {logging_mixin.py:190} INFO - [2026-03-12T01:46:13.523+0000] {dag.py:4180} INFO - Setting next_dagrun for example_complex to None, run_after=None
[2026-03-12T01:46:13.566+0000] {processor.py:208} INFO - Processing /home/airflow/.local/lib/python3.12/site-packages/airflow/example_dags/example_complex.py took 0.295 seconds
[2026-03-12T01:46:44.430+0000] {processor.py:186} INFO - Started process (PID=52887) to work on /home/airflow/.local/lib/python3.12/site-packages/airflow/example_dags/example_complex.py
[2026-03-12T01:46:44.431+0000] {processor.py:914} INFO - Processing file /home/airflow/.local/lib/python3.12/site-packages/airflow/example_dags/example_complex.py for tasks to queue
[2026-03-12T01:46:44.433+0000] {logging_mixin.py:190} INFO - [2026-03-12T01:46:44.432+0000] {dagbag.py:588} INFO - Filling up the DagBag from /home/airflow/.local/lib/python3.12/site-packages/airflow/example_dags/example_complex.py
[2026-03-12T01:46:44.447+0000] {processor.py:925} INFO - DAG(s) 'example_complex' retrieved from /home/airflow/.local/lib/python3.12/site-packages/airflow/example_dags/example_complex.py
[2026-03-12T01:46:44.488+0000] {logging_mixin.py:190} INFO - [2026-03-12T01:46:44.488+0000] {dag.py:3239} INFO - Sync 1 DAGs
[2026-03-12T01:46:44.507+0000] {logging_mixin.py:190} INFO - [2026-03-12T01:46:44.506+0000] {dag.py:4180} INFO - Setting next_dagrun for example_complex to None, run_after=None
[2026-03-12T01:46:44.529+0000] {processor.py:208} INFO - Processing /home/airflow/.local/lib/python3.12/site-packages/airflow/example_dags/example_complex.py took 0.106 seconds
[2026-03-12T01:47:16.583+0000] {processor.py:186} INFO - Started process (PID=52955) to work on /home/airflow/.local/lib/python3.12/site-packages/airflow/example_dags/example_complex.py
[2026-03-12T01:47:16.586+0000] {processor.py:914} INFO - Processing file /home/airflow/.local/lib/python3.12/site-packages/airflow/example_dags/example_complex.py for tasks to queue
[2026-03-12T01:47:16.588+0000] {logging_mixin.py:190} INFO - [2026-03-12T01:47:16.587+0000] {dagbag.py:588} INFO - Filling up the DagBag from /home/airflow/.local/lib/python3.12/site-packages/airflow/example_dags/example_complex.py
[2026-03-12T01:47:16.609+0000] {processor.py:925} INFO - DAG(s) 'example_complex' retrieved from /home/airflow/.local/lib/python3.12/site-packages/airflow/example_dags/example_complex.py
[2026-03-12T01:47:16.680+0000] {logging_mixin.py:190} INFO - [2026-03-12T01:47:16.680+0000] {dag.py:3239} INFO - Sync 1 DAGs
[2026-03-12T01:47:16.711+0000] {logging_mixin.py:190} INFO - [2026-03-12T01:47:16.711+0000] {dag.py:4180} INFO - Setting next_dagrun for example_complex to None, run_after=None
[2026-03-12T01:47:16.748+0000] {processor.py:208} INFO - Processing /home/airflow/.local/lib/python3.12/site-packages/airflow/example_dags/example_complex.py took 0.177 seconds
[2026-03-12T01:47:47.092+0000] {processor.py:186} INFO - Started process (PID=53023) to work on /home/airflow/.local/lib/python3.12/site-packages/airflow/example_dags/example_complex.py
[2026-03-12T01:47:47.094+0000] {processor.py:914} INFO - Processing file /home/airflow/.local/lib/python3.12/site-packages/airflow/example_dags/example_complex.py for tasks to queue
[2026-03-12T01:47:47.095+0000] {logging_mixin.py:190} INFO - [2026-03-12T01:47:47.094+0000] {dagbag.py:588} INFO - Filling up the DagBag from /home/airflow/.local/lib/python3.12/site-packages/airflow/example_dags/example_complex.py
[2026-03-12T01:47:47.110+0000] {processor.py:925} INFO - DAG(s) 'example_complex' retrieved from /home/airflow/.local/lib/python3.12/site-packages/airflow/example_dags/example_complex.py
[2026-03-12T01:47:47.150+0000] {logging_mixin.py:190} INFO - [2026-03-12T01:47:47.150+0000] {dag.py:3239} INFO - Sync 1 DAGs
[2026-03-12T01:47:47.165+0000] {logging_mixin.py:190} INFO - [2026-03-12T01:47:47.164+0000] {dag.py:4180} INFO - Setting next_dagrun for example_complex to None, run_after=None
[2026-03-12T01:47:47.186+0000] {processor.py:208} INFO - Processing /home/airflow/.local/lib/python3.12/site-packages/airflow/example_dags/example_complex.py took 0.099 seconds
[2026-03-12T01:48:17.436+0000] {processor.py:186} INFO - Started process (PID=53091) to work on /home/airflow/.local/lib/python3.12/site-packages/airflow/example_dags/example_complex.py
[2026-03-12T01:48:17.438+0000] {processor.py:914} INFO - Processing file /home/airflow/.local/lib/python3.12/site-packages/airflow/example_dags/example_complex.py for tasks to queue
[2026-03-12T01:48:17.440+0000] {logging_mixin.py:190} INFO - [2026-03-12T01:48:17.439+0000] {dagbag.py:588} INFO - Filling up the DagBag from /home/airflow/.local/lib/python3.12/site-packages/airflow/example_dags/example_complex.py
[2026-03-12T01:48:17.465+0000] {processor.py:925} INFO - DAG(s) 'example_complex' retrieved from /home/airflow/.local/lib/python3.12/site-packages/airflow/example_dags/example_complex.py
[2026-03-12T01:48:17.511+0000] {logging_mixin.py:190} INFO - [2026-03-12T01:48:17.511+0000] {dag.py:3239} INFO - Sync 1 DAGs
[2026-03-12T01:48:17.526+0000] {logging_mixin.py:190} INFO - [2026-03-12T01:48:17.526+0000] {dag.py:4180} INFO - Setting next_dagrun for example_complex to None, run_after=None
[2026-03-12T01:48:17.547+0000] {processor.py:208} INFO - Processing /home/airflow/.local/lib/python3.12/site-packages/airflow/example_dags/example_complex.py took 0.119 seconds
[2026-03-12T01:48:47.977+0000] {processor.py:186} INFO - Started process (PID=53160) to work on /home/airflow/.local/lib/python3.12/site-packages/airflow/example_dags/example_complex.py
[2026-03-12T01:48:47.978+0000] {processor.py:914} INFO - Processing file /home/airflow/.local/lib/python3.12/site-packages/airflow/example_dags/example_complex.py for tasks to queue
[2026-03-12T01:48:47.981+0000] {logging_mixin.py:190} INFO - [2026-03-12T01:48:47.980+0000] {dagbag.py:588} INFO - Filling up the DagBag from /home/airflow/.local/lib/python3.12/site-packages/airflow/example_dags/example_complex.py
[2026-03-12T01:48:47.999+0000] {processor.py:925} INFO - DAG(s) 'example_complex' retrieved from /home/airflow/.local/lib/python3.12/site-packages/airflow/example_dags/example_complex.py
[2026-03-12T01:48:48.049+0000] {logging_mixin.py:190} INFO - [2026-03-12T01:48:48.049+0000] {dag.py:3239} INFO - Sync 1 DAGs
[2026-03-12T01:48:48.066+0000] {logging_mixin.py:190} INFO - [2026-03-12T01:48:48.065+0000] {dag.py:4180} INFO - Setting next_dagrun for example_complex to None, run_after=None
[2026-03-12T01:48:48.092+0000] {processor.py:208} INFO - Processing /home/airflow/.local/lib/python3.12/site-packages/airflow/example_dags/example_complex.py took 0.123 seconds
[2026-03-12T01:49:18.983+0000] {processor.py:186} INFO - Started process (PID=53228) to work on /home/airflow/.local/lib/python3.12/site-packages/airflow/example_dags/example_complex.py
[2026-03-12T01:49:18.985+0000] {processor.py:914} INFO - Processing file /home/airflow/.local/lib/python3.12/site-packages/airflow/example_dags/example_complex.py for tasks to queue
[2026-03-12T01:49:18.986+0000] {logging_mixin.py:190} INFO - [2026-03-12T01:49:18.986+0000] {dagbag.py:588} INFO - Filling up the DagBag from /home/airflow/.local/lib/python3.12/site-packages/airflow/example_dags/example_complex.py
[2026-03-12T01:49:18.999+0000] {processor.py:925} INFO - DAG(s) 'example_complex' retrieved from /home/airflow/.local/lib/python3.12/site-packages/airflow/example_dags/example_complex.py
[2026-03-12T01:49:19.042+0000] {logging_mixin.py:190} INFO - [2026-03-12T01:49:19.041+0000] {dag.py:3239} INFO - Sync 1 DAGs
[2026-03-12T01:49:19.059+0000] {logging_mixin.py:190} INFO - [2026-03-12T01:49:19.059+0000] {dag.py:4180} INFO - Setting next_dagrun for example_complex to None, run_after=None
[2026-03-12T01:49:19.084+0000] {processor.py:208} INFO - Processing /home/airflow/.local/lib/python3.12/site-packages/airflow/example_dags/example_complex.py took 0.107 seconds
[2026-03-12T01:49:49.132+0000] {processor.py:186} INFO - Started process (PID=53296) to work on /home/airflow/.local/lib/python3.12/site-packages/airflow/example_dags/example_complex.py
[2026-03-12T01:49:49.134+0000] {processor.py:914} INFO - Processing file /home/airflow/.local/lib/python3.12/site-packages/airflow/example_dags/example_complex.py for tasks to queue
[2026-03-12T01:49:49.135+0000] {logging_mixin.py:190} INFO - [2026-03-12T01:49:49.135+0000] {dagbag.py:588} INFO - Filling up the DagBag from /home/airflow/.local/lib/python3.12/site-packages/airflow/example_dags/example_complex.py
[2026-03-12T01:49:49.149+0000] {processor.py:925} INFO - DAG(s) 'example_complex' retrieved from /home/airflow/.local/lib/python3.12/site-packages/airflow/example_dags/example_complex.py
[2026-03-12T01:49:49.191+0000] {logging_mixin.py:190} INFO - [2026-03-12T01:49:49.191+0000] {dag.py:3239} INFO - Sync 1 DAGs
[2026-03-12T01:49:49.205+0000] {logging_mixin.py:190} INFO - [2026-03-12T01:49:49.205+0000] {dag.py:4180} INFO - Setting next_dagrun for example_complex to None, run_after=None
[2026-03-12T01:49:49.224+0000] {processor.py:208} INFO - Processing /home/airflow/.local/lib/python3.12/site-packages/airflow/example_dags/example_complex.py took 0.098 seconds
[2026-03-12T01:50:19.592+0000] {processor.py:186} INFO - Started process (PID=53364) to work on /home/airflow/.local/lib/python3.12/site-packages/airflow/example_dags/example_complex.py
[2026-03-12T01:50:19.594+0000] {processor.py:914} INFO - Processing file /home/airflow/.local/lib/python3.12/site-packages/airflow/example_dags/example_complex.py for tasks to queue
[2026-03-12T01:50:19.595+0000] {logging_mixin.py:190} INFO - [2026-03-12T01:50:19.594+0000] {dagbag.py:588} INFO - Filling up the DagBag from /home/airflow/.local/lib/python3.12/site-packages/airflow/example_dags/example_complex.py
[2026-03-12T01:50:19.606+0000] {processor.py:925} INFO - DAG(s) 'example_complex' retrieved from /home/airflow/.local/lib/python3.12/site-packages/airflow/example_dags/example_complex.py
[2026-03-12T01:50:19.644+0000] {logging_mixin.py:190} INFO - [2026-03-12T01:50:19.644+0000] {dag.py:3239} INFO - Sync 1 DAGs
[2026-03-12T01:50:19.657+0000] {logging_mixin.py:190} INFO - [2026-03-12T01:50:19.657+0000] {dag.py:4180} INFO - Setting next_dagrun for example_complex to None, run_after=None
[2026-03-12T01:50:19.677+0000] {processor.py:208} INFO - Processing /home/airflow/.local/lib/python3.12/site-packages/airflow/example_dags/example_complex.py took 0.092 seconds
[2026-03-12T01:50:50.675+0000] {processor.py:186} INFO - Started process (PID=53432) to work on /home/airflow/.local/lib/python3.12/site-packages/airflow/example_dags/example_complex.py
[2026-03-12T01:50:50.676+0000] {processor.py:914} INFO - Processing file /home/airflow/.local/lib/python3.12/site-packages/airflow/example_dags/example_complex.py for tasks to queue
[2026-03-12T01:50:50.678+0000] {logging_mixin.py:190} INFO - [2026-03-12T01:50:50.677+0000] {dagbag.py:588} INFO - Filling up the DagBag from /home/airflow/.local/lib/python3.12/site-packages/airflow/example_dags/example_complex.py
[2026-03-12T01:50:50.689+0000] {processor.py:925} INFO - DAG(s) 'example_complex' retrieved from /home/airflow/.local/lib/python3.12/site-packages/airflow/example_dags/example_complex.py
[2026-03-12T01:50:50.727+0000] {logging_mixin.py:190} INFO - [2026-03-12T01:50:50.727+0000] {dag.py:3239} INFO - Sync 1 DAGs
[2026-03-12T01:50:50.743+0000] {logging_mixin.py:190} INFO - [2026-03-12T01:50:50.742+0000] {dag.py:4180} INFO - Setting next_dagrun for example_complex to None, run_after=None
[2026-03-12T01:50:50.761+0000] {processor.py:208} INFO - Processing /home/airflow/.local/lib/python3.12/site-packages/airflow/example_dags/example_complex.py took 0.093 seconds
[2026-03-12T01:51:21.538+0000] {processor.py:186} INFO - Started process (PID=53501) to work on /home/airflow/.local/lib/python3.12/site-packages/airflow/example_dags/example_complex.py
[2026-03-12T01:51:21.540+0000] {processor.py:914} INFO - Processing file /home/airflow/.local/lib/python3.12/site-packages/airflow/example_dags/example_complex.py for tasks to queue
[2026-03-12T01:51:21.542+0000] {logging_mixin.py:190} INFO - [2026-03-12T01:51:21.542+0000] {dagbag.py:588} INFO - Filling up the DagBag from /home/airflow/.local/lib/python3.12/site-packages/airflow/example_dags/example_complex.py
[2026-03-12T01:51:21.563+0000] {processor.py:925} INFO - DAG(s) 'example_complex' retrieved from /home/airflow/.local/lib/python3.12/site-packages/airflow/example_dags/example_complex.py
[2026-03-12T01:51:21.624+0000] {logging_mixin.py:190} INFO - [2026-03-12T01:51:21.624+0000] {dag.py:3239} INFO - Sync 1 DAGs
[2026-03-12T01:51:21.651+0000] {logging_mixin.py:190} INFO - [2026-03-12T01:51:21.650+0000] {dag.py:4180} INFO - Setting next_dagrun for example_complex to None, run_after=None
[2026-03-12T01:51:21.681+0000] {processor.py:208} INFO - Processing /home/airflow/.local/lib/python3.12/site-packages/airflow/example_dags/example_complex.py took 0.156 seconds
[2026-03-12T01:51:52.145+0000] {processor.py:186} INFO - Started process (PID=53570) to work on /home/airflow/.local/lib/python3.12/site-packages/airflow/example_dags/example_complex.py
[2026-03-12T01:51:52.147+0000] {processor.py:914} INFO - Processing file /home/airflow/.local/lib/python3.12/site-packages/airflow/example_dags/example_complex.py for tasks to queue
[2026-03-12T01:51:52.150+0000] {logging_mixin.py:190} INFO - [2026-03-12T01:51:52.149+0000] {dagbag.py:588} INFO - Filling up the DagBag from /home/airflow/.local/lib/python3.12/site-packages/airflow/example_dags/example_complex.py
[2026-03-12T01:51:52.164+0000] {processor.py:925} INFO - DAG(s) 'example_complex' retrieved from /home/airflow/.local/lib/python3.12/site-packages/airflow/example_dags/example_complex.py
[2026-03-12T01:51:52.205+0000] {logging_mixin.py:190} INFO - [2026-03-12T01:51:52.204+0000] {dag.py:3239} INFO - Sync 1 DAGs
[2026-03-12T01:51:52.222+0000] {logging_mixin.py:190} INFO - [2026-03-12T01:51:52.221+0000] {dag.py:4180} INFO - Setting next_dagrun for example_complex to None, run_after=None
[2026-03-12T01:51:52.256+0000] {processor.py:208} INFO - Processing /home/airflow/.local/lib/python3.12/site-packages/airflow/example_dags/example_complex.py took 0.121 seconds
[2026-03-12T01:52:26.797+0000] {processor.py:186} INFO - Started process (PID=53625) to work on /home/airflow/.local/lib/python3.12/site-packages/airflow/example_dags/example_complex.py
[2026-03-12T01:52:26.799+0000] {processor.py:914} INFO - Processing file /home/airflow/.local/lib/python3.12/site-packages/airflow/example_dags/example_complex.py for tasks to queue
[2026-03-12T01:52:26.801+0000] {logging_mixin.py:190} INFO - [2026-03-12T01:52:26.800+0000] {dagbag.py:588} INFO - Filling up the DagBag from /home/airflow/.local/lib/python3.12/site-packages/airflow/example_dags/example_complex.py
[2026-03-12T01:52:26.819+0000] {processor.py:925} INFO - DAG(s) 'example_complex' retrieved from /home/airflow/.local/lib/python3.12/site-packages/airflow/example_dags/example_complex.py
[2026-03-12T01:52:26.869+0000] {logging_mixin.py:190} INFO - [2026-03-12T01:52:26.869+0000] {dag.py:3239} INFO - Sync 1 DAGs
[2026-03-12T01:52:26.893+0000] {logging_mixin.py:190} INFO - [2026-03-12T01:52:26.893+0000] {dag.py:4180} INFO - Setting next_dagrun for example_complex to None, run_after=None
[2026-03-12T01:52:26.916+0000] {processor.py:208} INFO - Processing /home/airflow/.local/lib/python3.12/site-packages/airflow/example_dags/example_complex.py took 0.126 seconds
[2026-03-12T01:52:57.866+0000] {processor.py:186} INFO - Started process (PID=53693) to work on /home/airflow/.local/lib/python3.12/site-packages/airflow/example_dags/example_complex.py
[2026-03-12T01:52:57.868+0000] {processor.py:914} INFO - Processing file /home/airflow/.local/lib/python3.12/site-packages/airflow/example_dags/example_complex.py for tasks to queue
[2026-03-12T01:52:57.870+0000] {logging_mixin.py:190} INFO - [2026-03-12T01:52:57.870+0000] {dagbag.py:588} INFO - Filling up the DagBag from /home/airflow/.local/lib/python3.12/site-packages/airflow/example_dags/example_complex.py
[2026-03-12T01:52:57.888+0000] {processor.py:925} INFO - DAG(s) 'example_complex' retrieved from /home/airflow/.local/lib/python3.12/site-packages/airflow/example_dags/example_complex.py
[2026-03-12T01:52:57.927+0000] {logging_mixin.py:190} INFO - [2026-03-12T01:52:57.927+0000] {dag.py:3239} INFO - Sync 1 DAGs
[2026-03-12T01:52:57.945+0000] {logging_mixin.py:190} INFO - [2026-03-12T01:52:57.945+0000] {dag.py:4180} INFO - Setting next_dagrun for example_complex to None, run_after=None
[2026-03-12T01:52:57.963+0000] {processor.py:208} INFO - Processing /home/airflow/.local/lib/python3.12/site-packages/airflow/example_dags/example_complex.py took 0.109 seconds
[2026-03-12T01:53:28.566+0000] {processor.py:186} INFO - Started process (PID=53762) to work on /home/airflow/.local/lib/python3.12/site-packages/airflow/example_dags/example_complex.py
[2026-03-12T01:53:28.568+0000] {processor.py:914} INFO - Processing file /home/airflow/.local/lib/python3.12/site-packages/airflow/example_dags/example_complex.py for tasks to queue
[2026-03-12T01:53:28.571+0000] {logging_mixin.py:190} INFO - [2026-03-12T01:53:28.570+0000] {dagbag.py:588} INFO - Filling up the DagBag from /home/airflow/.local/lib/python3.12/site-packages/airflow/example_dags/example_complex.py
[2026-03-12T01:53:28.632+0000] {processor.py:925} INFO - DAG(s) 'example_complex' retrieved from /home/airflow/.local/lib/python3.12/site-packages/airflow/example_dags/example_complex.py
[2026-03-12T01:53:28.783+0000] {logging_mixin.py:190} INFO - [2026-03-12T01:53:28.782+0000] {dag.py:3239} INFO - Sync 1 DAGs
[2026-03-12T01:53:28.841+0000] {logging_mixin.py:190} INFO - [2026-03-12T01:53:28.840+0000] {dag.py:4180} INFO - Setting next_dagrun for example_complex to None, run_after=None
[2026-03-12T01:53:28.901+0000] {processor.py:208} INFO - Processing /home/airflow/.local/lib/python3.12/site-packages/airflow/example_dags/example_complex.py took 0.359 seconds
[2026-03-12T01:53:59.090+0000] {processor.py:186} INFO - Started process (PID=53830) to work on /home/airflow/.local/lib/python3.12/site-packages/airflow/example_dags/example_complex.py
[2026-03-12T01:53:59.091+0000] {processor.py:914} INFO - Processing file /home/airflow/.local/lib/python3.12/site-packages/airflow/example_dags/example_complex.py for tasks to queue
[2026-03-12T01:53:59.093+0000] {logging_mixin.py:190} INFO - [2026-03-12T01:53:59.092+0000] {dagbag.py:588} INFO - Filling up the DagBag from /home/airflow/.local/lib/python3.12/site-packages/airflow/example_dags/example_complex.py
[2026-03-12T01:53:59.112+0000] {processor.py:925} INFO - DAG(s) 'example_complex' retrieved from /home/airflow/.local/lib/python3.12/site-packages/airflow/example_dags/example_complex.py
[2026-03-12T01:53:59.154+0000] {logging_mixin.py:190} INFO - [2026-03-12T01:53:59.153+0000] {dag.py:3239} INFO - Sync 1 DAGs
[2026-03-12T01:53:59.172+0000] {logging_mixin.py:190} INFO - [2026-03-12T01:53:59.172+0000] {dag.py:4180} INFO - Setting next_dagrun for example_complex to None, run_after=None
[2026-03-12T01:53:59.195+0000] {processor.py:208} INFO - Processing /home/airflow/.local/lib/python3.12/site-packages/airflow/example_dags/example_complex.py took 0.113 seconds
[2026-03-12T01:54:29.374+0000] {processor.py:186} INFO - Started process (PID=53899) to work on /home/airflow/.local/lib/python3.12/site-packages/airflow/example_dags/example_complex.py
[2026-03-12T01:54:29.375+0000] {processor.py:914} INFO - Processing file /home/airflow/.local/lib/python3.12/site-packages/airflow/example_dags/example_complex.py for tasks to queue
[2026-03-12T01:54:29.377+0000] {logging_mixin.py:190} INFO - [2026-03-12T01:54:29.376+0000] {dagbag.py:588} INFO - Filling up the DagBag from /home/airflow/.local/lib/python3.12/site-packages/airflow/example_dags/example_complex.py
[2026-03-12T01:54:29.394+0000] {processor.py:925} INFO - DAG(s) 'example_complex' retrieved from /home/airflow/.local/lib/python3.12/site-packages/airflow/example_dags/example_complex.py
[2026-03-12T01:54:29.443+0000] {logging_mixin.py:190} INFO - [2026-03-12T01:54:29.443+0000] {dag.py:3239} INFO - Sync 1 DAGs
[2026-03-12T01:54:29.462+0000] {logging_mixin.py:190} INFO - [2026-03-12T01:54:29.462+0000] {dag.py:4180} INFO - Setting next_dagrun for example_complex to None, run_after=None
[2026-03-12T01:54:29.487+0000] {processor.py:208} INFO - Processing /home/airflow/.local/lib/python3.12/site-packages/airflow/example_dags/example_complex.py took 0.120 seconds
[2026-03-12T01:55:00.546+0000] {processor.py:186} INFO - Started process (PID=53967) to work on /home/airflow/.local/lib/python3.12/site-packages/airflow/example_dags/example_complex.py
[2026-03-12T01:55:00.547+0000] {processor.py:914} INFO - Processing file /home/airflow/.local/lib/python3.12/site-packages/airflow/example_dags/example_complex.py for tasks to queue
[2026-03-12T01:55:00.548+0000] {logging_mixin.py:190} INFO - [2026-03-12T01:55:00.548+0000] {dagbag.py:588} INFO - Filling up the DagBag from /home/airflow/.local/lib/python3.12/site-packages/airflow/example_dags/example_complex.py
[2026-03-12T01:55:00.564+0000] {processor.py:925} INFO - DAG(s) 'example_complex' retrieved from /home/airflow/.local/lib/python3.12/site-packages/airflow/example_dags/example_complex.py
[2026-03-12T01:55:00.610+0000] {logging_mixin.py:190} INFO - [2026-03-12T01:55:00.610+0000] {dag.py:3239} INFO - Sync 1 DAGs
[2026-03-12T01:55:00.627+0000] {logging_mixin.py:190} INFO - [2026-03-12T01:55:00.626+0000] {dag.py:4180} INFO - Setting next_dagrun for example_complex to None, run_after=None
[2026-03-12T01:55:00.649+0000] {processor.py:208} INFO - Processing /home/airflow/.local/lib/python3.12/site-packages/airflow/example_dags/example_complex.py took 0.111 seconds
[2026-03-12T01:55:36.225+0000] {processor.py:186} INFO - Started process (PID=54038) to work on /home/airflow/.local/lib/python3.12/site-packages/airflow/example_dags/example_complex.py
[2026-03-12T01:55:36.227+0000] {processor.py:914} INFO - Processing file /home/airflow/.local/lib/python3.12/site-packages/airflow/example_dags/example_complex.py for tasks to queue
[2026-03-12T01:55:36.228+0000] {logging_mixin.py:190} INFO - [2026-03-12T01:55:36.228+0000] {dagbag.py:588} INFO - Filling up the DagBag from /home/airflow/.local/lib/python3.12/site-packages/airflow/example_dags/example_complex.py
[2026-03-12T01:55:36.242+0000] {processor.py:925} INFO - DAG(s) 'example_complex' retrieved from /home/airflow/.local/lib/python3.12/site-packages/airflow/example_dags/example_complex.py
[2026-03-12T01:55:36.287+0000] {logging_mixin.py:190} INFO - [2026-03-12T01:55:36.287+0000] {dag.py:3239} INFO - Sync 1 DAGs
[2026-03-12T01:55:36.307+0000] {logging_mixin.py:190} INFO - [2026-03-12T01:55:36.306+0000] {dag.py:4180} INFO - Setting next_dagrun for example_complex to None, run_after=None
[2026-03-12T01:55:36.328+0000] {processor.py:208} INFO - Processing /home/airflow/.local/lib/python3.12/site-packages/airflow/example_dags/example_complex.py took 0.110 seconds
[2026-03-12T01:56:11.131+0000] {processor.py:186} INFO - Started process (PID=54104) to work on /home/airflow/.local/lib/python3.12/site-packages/airflow/example_dags/example_complex.py
[2026-03-12T01:56:11.133+0000] {processor.py:914} INFO - Processing file /home/airflow/.local/lib/python3.12/site-packages/airflow/example_dags/example_complex.py for tasks to queue
[2026-03-12T01:56:11.136+0000] {logging_mixin.py:190} INFO - [2026-03-12T01:56:11.135+0000] {dagbag.py:588} INFO - Filling up the DagBag from /home/airflow/.local/lib/python3.12/site-packages/airflow/example_dags/example_complex.py
[2026-03-12T01:56:11.164+0000] {processor.py:925} INFO - DAG(s) 'example_complex' retrieved from /home/airflow/.local/lib/python3.12/site-packages/airflow/example_dags/example_complex.py
[2026-03-12T01:56:11.210+0000] {logging_mixin.py:190} INFO - [2026-03-12T01:56:11.210+0000] {dag.py:3239} INFO - Sync 1 DAGs
[2026-03-12T01:56:11.239+0000] {logging_mixin.py:190} INFO - [2026-03-12T01:56:11.239+0000] {dag.py:4180} INFO - Setting next_dagrun for example_complex to None, run_after=None
[2026-03-12T01:56:11.262+0000] {processor.py:208} INFO - Processing /home/airflow/.local/lib/python3.12/site-packages/airflow/example_dags/example_complex.py took 0.139 seconds
[2026-03-12T01:56:42.321+0000] {processor.py:186} INFO - Started process (PID=54172) to work on /home/airflow/.local/lib/python3.12/site-packages/airflow/example_dags/example_complex.py
[2026-03-12T01:56:42.323+0000] {processor.py:914} INFO - Processing file /home/airflow/.local/lib/python3.12/site-packages/airflow/example_dags/example_complex.py for tasks to queue
[2026-03-12T01:56:42.324+0000] {logging_mixin.py:190} INFO - [2026-03-12T01:56:42.323+0000] {dagbag.py:588} INFO - Filling up the DagBag from /home/airflow/.local/lib/python3.12/site-packages/airflow/example_dags/example_complex.py
[2026-03-12T01:56:42.339+0000] {processor.py:925} INFO - DAG(s) 'example_complex' retrieved from /home/airflow/.local/lib/python3.12/site-packages/airflow/example_dags/example_complex.py
[2026-03-12T01:56:42.381+0000] {logging_mixin.py:190} INFO - [2026-03-12T01:56:42.381+0000] {dag.py:3239} INFO - Sync 1 DAGs
[2026-03-12T01:56:42.396+0000] {logging_mixin.py:190} INFO - [2026-03-12T01:56:42.396+0000] {dag.py:4180} INFO - Setting next_dagrun for example_complex to None, run_after=None
[2026-03-12T01:56:42.418+0000] {processor.py:208} INFO - Processing /home/airflow/.local/lib/python3.12/site-packages/airflow/example_dags/example_complex.py took 0.104 seconds
[2026-03-12T01:57:13.010+0000] {processor.py:186} INFO - Started process (PID=54240) to work on /home/airflow/.local/lib/python3.12/site-packages/airflow/example_dags/example_complex.py
[2026-03-12T01:57:13.012+0000] {processor.py:914} INFO - Processing file /home/airflow/.local/lib/python3.12/site-packages/airflow/example_dags/example_complex.py for tasks to queue
[2026-03-12T01:57:13.014+0000] {logging_mixin.py:190} INFO - [2026-03-12T01:57:13.014+0000] {dagbag.py:588} INFO - Filling up the DagBag from /home/airflow/.local/lib/python3.12/site-packages/airflow/example_dags/example_complex.py
[2026-03-12T01:57:13.037+0000] {processor.py:925} INFO - DAG(s) 'example_complex' retrieved from /home/airflow/.local/lib/python3.12/site-packages/airflow/example_dags/example_complex.py
[2026-03-12T01:57:13.092+0000] {logging_mixin.py:190} INFO - [2026-03-12T01:57:13.091+0000] {dag.py:3239} INFO - Sync 1 DAGs
[2026-03-12T01:57:13.112+0000] {logging_mixin.py:190} INFO - [2026-03-12T01:57:13.112+0000] {dag.py:4180} INFO - Setting next_dagrun for example_complex to None, run_after=None
[2026-03-12T01:57:13.130+0000] {processor.py:208} INFO - Processing /home/airflow/.local/lib/python3.12/site-packages/airflow/example_dags/example_complex.py took 0.129 seconds
[2026-03-12T01:57:43.169+0000] {processor.py:186} INFO - Started process (PID=54308) to work on /home/airflow/.local/lib/python3.12/site-packages/airflow/example_dags/example_complex.py
[2026-03-12T01:57:43.175+0000] {processor.py:914} INFO - Processing file /home/airflow/.local/lib/python3.12/site-packages/airflow/example_dags/example_complex.py for tasks to queue
[2026-03-12T01:57:43.177+0000] {logging_mixin.py:190} INFO - [2026-03-12T01:57:43.176+0000] {dagbag.py:588} INFO - Filling up the DagBag from /home/airflow/.local/lib/python3.12/site-packages/airflow/example_dags/example_complex.py
[2026-03-12T01:57:43.193+0000] {processor.py:925} INFO - DAG(s) 'example_complex' retrieved from /home/airflow/.local/lib/python3.12/site-packages/airflow/example_dags/example_complex.py
[2026-03-12T01:57:43.234+0000] {logging_mixin.py:190} INFO - [2026-03-12T01:57:43.234+0000] {dag.py:3239} INFO - Sync 1 DAGs
[2026-03-12T01:57:43.252+0000] {logging_mixin.py:190} INFO - [2026-03-12T01:57:43.252+0000] {dag.py:4180} INFO - Setting next_dagrun for example_complex to None, run_after=None
[2026-03-12T01:57:43.273+0000] {processor.py:208} INFO - Processing /home/airflow/.local/lib/python3.12/site-packages/airflow/example_dags/example_complex.py took 0.111 seconds
[2026-03-12T01:58:14.215+0000] {processor.py:186} INFO - Started process (PID=54377) to work on /home/airflow/.local/lib/python3.12/site-packages/airflow/example_dags/example_complex.py
[2026-03-12T01:58:14.216+0000] {processor.py:914} INFO - Processing file /home/airflow/.local/lib/python3.12/site-packages/airflow/example_dags/example_complex.py for tasks to queue
[2026-03-12T01:58:14.217+0000] {logging_mixin.py:190} INFO - [2026-03-12T01:58:14.217+0000] {dagbag.py:588} INFO - Filling up the DagBag from /home/airflow/.local/lib/python3.12/site-packages/airflow/example_dags/example_complex.py
[2026-03-12T01:58:14.231+0000] {processor.py:925} INFO - DAG(s) 'example_complex' retrieved from /home/airflow/.local/lib/python3.12/site-packages/airflow/example_dags/example_complex.py
[2026-03-12T01:58:14.271+0000] {logging_mixin.py:190} INFO - [2026-03-12T01:58:14.271+0000] {dag.py:3239} INFO - Sync 1 DAGs
[2026-03-12T01:58:14.286+0000] {logging_mixin.py:190} INFO - [2026-03-12T01:58:14.286+0000] {dag.py:4180} INFO - Setting next_dagrun for example_complex to None, run_after=None
[2026-03-12T01:58:14.308+0000] {processor.py:208} INFO - Processing /home/airflow/.local/lib/python3.12/site-packages/airflow/example_dags/example_complex.py took 0.101 seconds
[2026-03-12T01:58:44.478+0000] {processor.py:186} INFO - Started process (PID=54445) to work on /home/airflow/.local/lib/python3.12/site-packages/airflow/example_dags/example_complex.py
[2026-03-12T01:58:44.481+0000] {processor.py:914} INFO - Processing file /home/airflow/.local/lib/python3.12/site-packages/airflow/example_dags/example_complex.py for tasks to queue
[2026-03-12T01:58:44.485+0000] {logging_mixin.py:190} INFO - [2026-03-12T01:58:44.484+0000] {dagbag.py:588} INFO - Filling up the DagBag from /home/airflow/.local/lib/python3.12/site-packages/airflow/example_dags/example_complex.py
[2026-03-12T01:58:44.518+0000] {processor.py:925} INFO - DAG(s) 'example_complex' retrieved from /home/airflow/.local/lib/python3.12/site-packages/airflow/example_dags/example_complex.py
[2026-03-12T01:58:44.611+0000] {logging_mixin.py:190} INFO - [2026-03-12T01:58:44.611+0000] {dag.py:3239} INFO - Sync 1 DAGs
[2026-03-12T01:58:44.645+0000] {logging_mixin.py:190} INFO - [2026-03-12T01:58:44.644+0000] {dag.py:4180} INFO - Setting next_dagrun for example_complex to None, run_after=None
[2026-03-12T01:58:44.685+0000] {processor.py:208} INFO - Processing /home/airflow/.local/lib/python3.12/site-packages/airflow/example_dags/example_complex.py took 0.225 seconds
[2026-03-12T01:59:18.012+0000] {processor.py:186} INFO - Started process (PID=54514) to work on /home/airflow/.local/lib/python3.12/site-packages/airflow/example_dags/example_complex.py
[2026-03-12T01:59:18.014+0000] {processor.py:914} INFO - Processing file /home/airflow/.local/lib/python3.12/site-packages/airflow/example_dags/example_complex.py for tasks to queue
[2026-03-12T01:59:18.016+0000] {logging_mixin.py:190} INFO - [2026-03-12T01:59:18.015+0000] {dagbag.py:588} INFO - Filling up the DagBag from /home/airflow/.local/lib/python3.12/site-packages/airflow/example_dags/example_complex.py
[2026-03-12T01:59:18.033+0000] {processor.py:925} INFO - DAG(s) 'example_complex' retrieved from /home/airflow/.local/lib/python3.12/site-packages/airflow/example_dags/example_complex.py
[2026-03-12T01:59:18.083+0000] {logging_mixin.py:190} INFO - [2026-03-12T01:59:18.082+0000] {dag.py:3239} INFO - Sync 1 DAGs
[2026-03-12T01:59:18.107+0000] {logging_mixin.py:190} INFO - [2026-03-12T01:59:18.106+0000] {dag.py:4180} INFO - Setting next_dagrun for example_complex to None, run_after=None
[2026-03-12T01:59:18.135+0000] {processor.py:208} INFO - Processing /home/airflow/.local/lib/python3.12/site-packages/airflow/example_dags/example_complex.py took 0.132 seconds
[2026-03-12T01:59:54.195+0000] {processor.py:186} INFO - Started process (PID=54583) to work on /home/airflow/.local/lib/python3.12/site-packages/airflow/example_dags/example_complex.py
[2026-03-12T01:59:54.198+0000] {processor.py:914} INFO - Processing file /home/airflow/.local/lib/python3.12/site-packages/airflow/example_dags/example_complex.py for tasks to queue
[2026-03-12T01:59:54.200+0000] {logging_mixin.py:190} INFO - [2026-03-12T01:59:54.200+0000] {dagbag.py:588} INFO - Filling up the DagBag from /home/airflow/.local/lib/python3.12/site-packages/airflow/example_dags/example_complex.py
[2026-03-12T01:59:54.233+0000] {processor.py:925} INFO - DAG(s) 'example_complex' retrieved from /home/airflow/.local/lib/python3.12/site-packages/airflow/example_dags/example_complex.py
[2026-03-12T01:59:54.303+0000] {logging_mixin.py:190} INFO - [2026-03-12T01:59:54.303+0000] {dag.py:3239} INFO - Sync 1 DAGs
[2026-03-12T01:59:54.331+0000] {logging_mixin.py:190} INFO - [2026-03-12T01:59:54.330+0000] {dag.py:4180} INFO - Setting next_dagrun for example_complex to None, run_after=None
[2026-03-12T01:59:54.363+0000] {processor.py:208} INFO - Processing /home/airflow/.local/lib/python3.12/site-packages/airflow/example_dags/example_complex.py took 0.180 seconds
[2026-03-12T02:00:30.895+0000] {processor.py:186} INFO - Started process (PID=54656) to work on /home/airflow/.local/lib/python3.12/site-packages/airflow/example_dags/example_complex.py
[2026-03-12T02:00:30.897+0000] {processor.py:914} INFO - Processing file /home/airflow/.local/lib/python3.12/site-packages/airflow/example_dags/example_complex.py for tasks to queue
[2026-03-12T02:00:30.899+0000] {logging_mixin.py:190} INFO - [2026-03-12T02:00:30.898+0000] {dagbag.py:588} INFO - Filling up the DagBag from /home/airflow/.local/lib/python3.12/site-packages/airflow/example_dags/example_complex.py
[2026-03-12T02:00:30.918+0000] {processor.py:925} INFO - DAG(s) 'example_complex' retrieved from /home/airflow/.local/lib/python3.12/site-packages/airflow/example_dags/example_complex.py
[2026-03-12T02:00:30.972+0000] {logging_mixin.py:190} INFO - [2026-03-12T02:00:30.972+0000] {dag.py:3239} INFO - Sync 1 DAGs
[2026-03-12T02:00:30.992+0000] {logging_mixin.py:190} INFO - [2026-03-12T02:00:30.992+0000] {dag.py:4180} INFO - Setting next_dagrun for example_complex to None, run_after=None
[2026-03-12T02:00:31.016+0000] {processor.py:208} INFO - Processing /home/airflow/.local/lib/python3.12/site-packages/airflow/example_dags/example_complex.py took 0.133 seconds
[2026-03-12T02:01:08.355+0000] {processor.py:186} INFO - Started process (PID=54738) to work on /home/airflow/.local/lib/python3.12/site-packages/airflow/example_dags/example_complex.py
[2026-03-12T02:01:08.357+0000] {processor.py:914} INFO - Processing file /home/airflow/.local/lib/python3.12/site-packages/airflow/example_dags/example_complex.py for tasks to queue
[2026-03-12T02:01:08.358+0000] {logging_mixin.py:190} INFO - [2026-03-12T02:01:08.357+0000] {dagbag.py:588} INFO - Filling up the DagBag from /home/airflow/.local/lib/python3.12/site-packages/airflow/example_dags/example_complex.py
[2026-03-12T02:01:08.376+0000] {processor.py:925} INFO - DAG(s) 'example_complex' retrieved from /home/airflow/.local/lib/python3.12/site-packages/airflow/example_dags/example_complex.py
[2026-03-12T02:01:08.427+0000] {logging_mixin.py:190} INFO - [2026-03-12T02:01:08.427+0000] {dag.py:3239} INFO - Sync 1 DAGs
[2026-03-12T02:01:08.454+0000] {logging_mixin.py:190} INFO - [2026-03-12T02:01:08.453+0000] {dag.py:4180} INFO - Setting next_dagrun for example_complex to None, run_after=None
[2026-03-12T02:01:08.475+0000] {processor.py:208} INFO - Processing /home/airflow/.local/lib/python3.12/site-packages/airflow/example_dags/example_complex.py took 0.128 seconds
[2026-03-12T02:01:43.282+0000] {processor.py:186} INFO - Started process (PID=54807) to work on /home/airflow/.local/lib/python3.12/site-packages/airflow/example_dags/example_complex.py
[2026-03-12T02:01:43.283+0000] {processor.py:914} INFO - Processing file /home/airflow/.local/lib/python3.12/site-packages/airflow/example_dags/example_complex.py for tasks to queue
[2026-03-12T02:01:43.285+0000] {logging_mixin.py:190} INFO - [2026-03-12T02:01:43.285+0000] {dagbag.py:588} INFO - Filling up the DagBag from /home/airflow/.local/lib/python3.12/site-packages/airflow/example_dags/example_complex.py
[2026-03-12T02:01:43.300+0000] {processor.py:925} INFO - DAG(s) 'example_complex' retrieved from /home/airflow/.local/lib/python3.12/site-packages/airflow/example_dags/example_complex.py
[2026-03-12T02:01:43.344+0000] {logging_mixin.py:190} INFO - [2026-03-12T02:01:43.344+0000] {dag.py:3239} INFO - Sync 1 DAGs
[2026-03-12T02:01:43.369+0000] {logging_mixin.py:190} INFO - [2026-03-12T02:01:43.368+0000] {dag.py:4180} INFO - Setting next_dagrun for example_complex to None, run_after=None
[2026-03-12T02:01:43.397+0000] {processor.py:208} INFO - Processing /home/airflow/.local/lib/python3.12/site-packages/airflow/example_dags/example_complex.py took 0.125 seconds
[2026-03-12T02:02:14.949+0000] {processor.py:186} INFO - Started process (PID=54875) to work on /home/airflow/.local/lib/python3.12/site-packages/airflow/example_dags/example_complex.py
[2026-03-12T02:02:14.950+0000] {processor.py:914} INFO - Processing file /home/airflow/.local/lib/python3.12/site-packages/airflow/example_dags/example_complex.py for tasks to queue
[2026-03-12T02:02:14.951+0000] {logging_mixin.py:190} INFO - [2026-03-12T02:02:14.951+0000] {dagbag.py:588} INFO - Filling up the DagBag from /home/airflow/.local/lib/python3.12/site-packages/airflow/example_dags/example_complex.py
[2026-03-12T02:02:14.968+0000] {processor.py:925} INFO - DAG(s) 'example_complex' retrieved from /home/airflow/.local/lib/python3.12/site-packages/airflow/example_dags/example_complex.py
[2026-03-12T02:02:15.015+0000] {logging_mixin.py:190} INFO - [2026-03-12T02:02:15.015+0000] {dag.py:3239} INFO - Sync 1 DAGs
[2026-03-12T02:02:15.034+0000] {logging_mixin.py:190} INFO - [2026-03-12T02:02:15.034+0000] {dag.py:4180} INFO - Setting next_dagrun for example_complex to None, run_after=None
[2026-03-12T02:02:15.059+0000] {processor.py:208} INFO - Processing /home/airflow/.local/lib/python3.12/site-packages/airflow/example_dags/example_complex.py took 0.118 seconds
[2026-03-12T02:02:46.117+0000] {processor.py:186} INFO - Started process (PID=54943) to work on /home/airflow/.local/lib/python3.12/site-packages/airflow/example_dags/example_complex.py
[2026-03-12T02:02:46.118+0000] {processor.py:914} INFO - Processing file /home/airflow/.local/lib/python3.12/site-packages/airflow/example_dags/example_complex.py for tasks to queue
[2026-03-12T02:02:46.119+0000] {logging_mixin.py:190} INFO - [2026-03-12T02:02:46.119+0000] {dagbag.py:588} INFO - Filling up the DagBag from /home/airflow/.local/lib/python3.12/site-packages/airflow/example_dags/example_complex.py
[2026-03-12T02:02:46.132+0000] {processor.py:925} INFO - DAG(s) 'example_complex' retrieved from /home/airflow/.local/lib/python3.12/site-packages/airflow/example_dags/example_complex.py
[2026-03-12T02:02:46.170+0000] {logging_mixin.py:190} INFO - [2026-03-12T02:02:46.170+0000] {dag.py:3239} INFO - Sync 1 DAGs
[2026-03-12T02:02:46.186+0000] {logging_mixin.py:190} INFO - [2026-03-12T02:02:46.186+0000] {dag.py:4180} INFO - Setting next_dagrun for example_complex to None, run_after=None
[2026-03-12T02:02:46.205+0000] {processor.py:208} INFO - Processing /home/airflow/.local/lib/python3.12/site-packages/airflow/example_dags/example_complex.py took 0.095 seconds
[2026-03-12T02:03:16.641+0000] {processor.py:186} INFO - Started process (PID=55011) to work on /home/airflow/.local/lib/python3.12/site-packages/airflow/example_dags/example_complex.py
[2026-03-12T02:03:16.647+0000] {processor.py:914} INFO - Processing file /home/airflow/.local/lib/python3.12/site-packages/airflow/example_dags/example_complex.py for tasks to queue
[2026-03-12T02:03:16.651+0000] {logging_mixin.py:190} INFO - [2026-03-12T02:03:16.650+0000] {dagbag.py:588} INFO - Filling up the DagBag from /home/airflow/.local/lib/python3.12/site-packages/airflow/example_dags/example_complex.py
[2026-03-12T02:03:16.687+0000] {processor.py:925} INFO - DAG(s) 'example_complex' retrieved from /home/airflow/.local/lib/python3.12/site-packages/airflow/example_dags/example_complex.py
[2026-03-12T02:03:16.771+0000] {logging_mixin.py:190} INFO - [2026-03-12T02:03:16.771+0000] {dag.py:3239} INFO - Sync 1 DAGs
[2026-03-12T02:03:16.802+0000] {logging_mixin.py:190} INFO - [2026-03-12T02:03:16.801+0000] {dag.py:4180} INFO - Setting next_dagrun for example_complex to None, run_after=None
[2026-03-12T02:03:16.849+0000] {processor.py:208} INFO - Processing /home/airflow/.local/lib/python3.12/site-packages/airflow/example_dags/example_complex.py took 0.228 seconds
[2026-03-12T02:03:47.996+0000] {processor.py:186} INFO - Started process (PID=55082) to work on /home/airflow/.local/lib/python3.12/site-packages/airflow/example_dags/example_complex.py
[2026-03-12T02:03:47.998+0000] {processor.py:914} INFO - Processing file /home/airflow/.local/lib/python3.12/site-packages/airflow/example_dags/example_complex.py for tasks to queue
[2026-03-12T02:03:48.000+0000] {logging_mixin.py:190} INFO - [2026-03-12T02:03:47.999+0000] {dagbag.py:588} INFO - Filling up the DagBag from /home/airflow/.local/lib/python3.12/site-packages/airflow/example_dags/example_complex.py
[2026-03-12T02:03:48.023+0000] {processor.py:925} INFO - DAG(s) 'example_complex' retrieved from /home/airflow/.local/lib/python3.12/site-packages/airflow/example_dags/example_complex.py
[2026-03-12T02:03:48.077+0000] {logging_mixin.py:190} INFO - [2026-03-12T02:03:48.076+0000] {dag.py:3239} INFO - Sync 1 DAGs
[2026-03-12T02:03:48.108+0000] {logging_mixin.py:190} INFO - [2026-03-12T02:03:48.108+0000] {dag.py:4180} INFO - Setting next_dagrun for example_complex to None, run_after=None
[2026-03-12T02:03:48.138+0000] {processor.py:208} INFO - Processing /home/airflow/.local/lib/python3.12/site-packages/airflow/example_dags/example_complex.py took 0.150 seconds
[2026-03-12T02:04:18.913+0000] {processor.py:186} INFO - Started process (PID=55151) to work on /home/airflow/.local/lib/python3.12/site-packages/airflow/example_dags/example_complex.py
[2026-03-12T02:04:18.915+0000] {processor.py:914} INFO - Processing file /home/airflow/.local/lib/python3.12/site-packages/airflow/example_dags/example_complex.py for tasks to queue
[2026-03-12T02:04:18.917+0000] {logging_mixin.py:190} INFO - [2026-03-12T02:04:18.917+0000] {dagbag.py:588} INFO - Filling up the DagBag from /home/airflow/.local/lib/python3.12/site-packages/airflow/example_dags/example_complex.py
[2026-03-12T02:04:18.939+0000] {processor.py:925} INFO - DAG(s) 'example_complex' retrieved from /home/airflow/.local/lib/python3.12/site-packages/airflow/example_dags/example_complex.py
[2026-03-12T02:04:19.001+0000] {logging_mixin.py:190} INFO - [2026-03-12T02:04:19.001+0000] {dag.py:3239} INFO - Sync 1 DAGs
[2026-03-12T02:04:19.027+0000] {logging_mixin.py:190} INFO - [2026-03-12T02:04:19.027+0000] {dag.py:4180} INFO - Setting next_dagrun for example_complex to None, run_after=None
[2026-03-12T02:04:19.056+0000] {processor.py:208} INFO - Processing /home/airflow/.local/lib/python3.12/site-packages/airflow/example_dags/example_complex.py took 0.155 seconds
[2026-03-12T02:04:52.869+0000] {processor.py:186} INFO - Started process (PID=55220) to work on /home/airflow/.local/lib/python3.12/site-packages/airflow/example_dags/example_complex.py
[2026-03-12T02:04:52.871+0000] {processor.py:914} INFO - Processing file /home/airflow/.local/lib/python3.12/site-packages/airflow/example_dags/example_complex.py for tasks to queue
[2026-03-12T02:04:52.872+0000] {logging_mixin.py:190} INFO - [2026-03-12T02:04:52.872+0000] {dagbag.py:588} INFO - Filling up the DagBag from /home/airflow/.local/lib/python3.12/site-packages/airflow/example_dags/example_complex.py
[2026-03-12T02:04:52.891+0000] {processor.py:925} INFO - DAG(s) 'example_complex' retrieved from /home/airflow/.local/lib/python3.12/site-packages/airflow/example_dags/example_complex.py
[2026-03-12T02:04:52.957+0000] {logging_mixin.py:190} INFO - [2026-03-12T02:04:52.957+0000] {dag.py:3239} INFO - Sync 1 DAGs
[2026-03-12T02:04:52.982+0000] {logging_mixin.py:190} INFO - [2026-03-12T02:04:52.981+0000] {dag.py:4180} INFO - Setting next_dagrun for example_complex to None, run_after=None
[2026-03-12T02:04:53.014+0000] {processor.py:208} INFO - Processing /home/airflow/.local/lib/python3.12/site-packages/airflow/example_dags/example_complex.py took 0.155 seconds
[2026-03-12T02:05:23.811+0000] {processor.py:186} INFO - Started process (PID=55288) to work on /home/airflow/.local/lib/python3.12/site-packages/airflow/example_dags/example_complex.py
[2026-03-12T02:05:23.812+0000] {processor.py:914} INFO - Processing file /home/airflow/.local/lib/python3.12/site-packages/airflow/example_dags/example_complex.py for tasks to queue
[2026-03-12T02:05:23.814+0000] {logging_mixin.py:190} INFO - [2026-03-12T02:05:23.813+0000] {dagbag.py:588} INFO - Filling up the DagBag from /home/airflow/.local/lib/python3.12/site-packages/airflow/example_dags/example_complex.py
[2026-03-12T02:05:23.828+0000] {processor.py:925} INFO - DAG(s) 'example_complex' retrieved from /home/airflow/.local/lib/python3.12/site-packages/airflow/example_dags/example_complex.py
[2026-03-12T02:05:23.887+0000] {logging_mixin.py:190} INFO - [2026-03-12T02:05:23.887+0000] {dag.py:3239} INFO - Sync 1 DAGs
[2026-03-12T02:05:23.910+0000] {logging_mixin.py:190} INFO - [2026-03-12T02:05:23.910+0000] {dag.py:4180} INFO - Setting next_dagrun for example_complex to None, run_after=None
[2026-03-12T02:05:23.936+0000] {processor.py:208} INFO - Processing /home/airflow/.local/lib/python3.12/site-packages/airflow/example_dags/example_complex.py took 0.134 seconds
[2026-03-12T02:05:54.852+0000] {processor.py:186} INFO - Started process (PID=55358) to work on /home/airflow/.local/lib/python3.12/site-packages/airflow/example_dags/example_complex.py
[2026-03-12T02:05:54.854+0000] {processor.py:914} INFO - Processing file /home/airflow/.local/lib/python3.12/site-packages/airflow/example_dags/example_complex.py for tasks to queue
[2026-03-12T02:05:54.855+0000] {logging_mixin.py:190} INFO - [2026-03-12T02:05:54.854+0000] {dagbag.py:588} INFO - Filling up the DagBag from /home/airflow/.local/lib/python3.12/site-packages/airflow/example_dags/example_complex.py
[2026-03-12T02:05:54.872+0000] {processor.py:925} INFO - DAG(s) 'example_complex' retrieved from /home/airflow/.local/lib/python3.12/site-packages/airflow/example_dags/example_complex.py
[2026-03-12T02:05:54.918+0000] {logging_mixin.py:190} INFO - [2026-03-12T02:05:54.918+0000] {dag.py:3239} INFO - Sync 1 DAGs
[2026-03-12T02:05:54.937+0000] {logging_mixin.py:190} INFO - [2026-03-12T02:05:54.937+0000] {dag.py:4180} INFO - Setting next_dagrun for example_complex to None, run_after=None
[2026-03-12T02:05:54.960+0000] {processor.py:208} INFO - Processing /home/airflow/.local/lib/python3.12/site-packages/airflow/example_dags/example_complex.py took 0.114 seconds
[2026-03-12T02:06:30.073+0000] {processor.py:186} INFO - Started process (PID=55427) to work on /home/airflow/.local/lib/python3.12/site-packages/airflow/example_dags/example_complex.py
[2026-03-12T02:06:30.075+0000] {processor.py:914} INFO - Processing file /home/airflow/.local/lib/python3.12/site-packages/airflow/example_dags/example_complex.py for tasks to queue
[2026-03-12T02:06:30.077+0000] {logging_mixin.py:190} INFO - [2026-03-12T02:06:30.076+0000] {dagbag.py:588} INFO - Filling up the DagBag from /home/airflow/.local/lib/python3.12/site-packages/airflow/example_dags/example_complex.py
[2026-03-12T02:06:30.091+0000] {processor.py:925} INFO - DAG(s) 'example_complex' retrieved from /home/airflow/.local/lib/python3.12/site-packages/airflow/example_dags/example_complex.py
[2026-03-12T02:06:30.136+0000] {logging_mixin.py:190} INFO - [2026-03-12T02:06:30.136+0000] {dag.py:3239} INFO - Sync 1 DAGs
[2026-03-12T02:06:30.156+0000] {logging_mixin.py:190} INFO - [2026-03-12T02:06:30.156+0000] {dag.py:4180} INFO - Setting next_dagrun for example_complex to None, run_after=None
[2026-03-12T02:06:30.181+0000] {processor.py:208} INFO - Processing /home/airflow/.local/lib/python3.12/site-packages/airflow/example_dags/example_complex.py took 0.115 seconds
[2026-03-12T02:07:01.039+0000] {processor.py:186} INFO - Started process (PID=55495) to work on /home/airflow/.local/lib/python3.12/site-packages/airflow/example_dags/example_complex.py
[2026-03-12T02:07:01.040+0000] {processor.py:914} INFO - Processing file /home/airflow/.local/lib/python3.12/site-packages/airflow/example_dags/example_complex.py for tasks to queue
[2026-03-12T02:07:01.042+0000] {logging_mixin.py:190} INFO - [2026-03-12T02:07:01.041+0000] {dagbag.py:588} INFO - Filling up the DagBag from /home/airflow/.local/lib/python3.12/site-packages/airflow/example_dags/example_complex.py
[2026-03-12T02:07:01.058+0000] {processor.py:925} INFO - DAG(s) 'example_complex' retrieved from /home/airflow/.local/lib/python3.12/site-packages/airflow/example_dags/example_complex.py
[2026-03-12T02:07:01.109+0000] {logging_mixin.py:190} INFO - [2026-03-12T02:07:01.108+0000] {dag.py:3239} INFO - Sync 1 DAGs
[2026-03-12T02:07:01.130+0000] {logging_mixin.py:190} INFO - [2026-03-12T02:07:01.129+0000] {dag.py:4180} INFO - Setting next_dagrun for example_complex to None, run_after=None
[2026-03-12T02:07:01.156+0000] {processor.py:208} INFO - Processing /home/airflow/.local/lib/python3.12/site-packages/airflow/example_dags/example_complex.py took 0.124 seconds
[2026-03-12T02:07:32.142+0000] {processor.py:186} INFO - Started process (PID=55563) to work on /home/airflow/.local/lib/python3.12/site-packages/airflow/example_dags/example_complex.py
[2026-03-12T02:07:32.144+0000] {processor.py:914} INFO - Processing file /home/airflow/.local/lib/python3.12/site-packages/airflow/example_dags/example_complex.py for tasks to queue
[2026-03-12T02:07:32.145+0000] {logging_mixin.py:190} INFO - [2026-03-12T02:07:32.145+0000] {dagbag.py:588} INFO - Filling up the DagBag from /home/airflow/.local/lib/python3.12/site-packages/airflow/example_dags/example_complex.py
[2026-03-12T02:07:32.161+0000] {processor.py:925} INFO - DAG(s) 'example_complex' retrieved from /home/airflow/.local/lib/python3.12/site-packages/airflow/example_dags/example_complex.py
[2026-03-12T02:07:32.203+0000] {logging_mixin.py:190} INFO - [2026-03-12T02:07:32.203+0000] {dag.py:3239} INFO - Sync 1 DAGs
[2026-03-12T02:07:32.221+0000] {logging_mixin.py:190} INFO - [2026-03-12T02:07:32.221+0000] {dag.py:4180} INFO - Setting next_dagrun for example_complex to None, run_after=None
[2026-03-12T02:07:32.243+0000] {processor.py:208} INFO - Processing /home/airflow/.local/lib/python3.12/site-packages/airflow/example_dags/example_complex.py took 0.107 seconds
[2026-03-12T02:08:02.374+0000] {processor.py:186} INFO - Started process (PID=55632) to work on /home/airflow/.local/lib/python3.12/site-packages/airflow/example_dags/example_complex.py
[2026-03-12T02:08:02.376+0000] {processor.py:914} INFO - Processing file /home/airflow/.local/lib/python3.12/site-packages/airflow/example_dags/example_complex.py for tasks to queue
[2026-03-12T02:08:02.377+0000] {logging_mixin.py:190} INFO - [2026-03-12T02:08:02.377+0000] {dagbag.py:588} INFO - Filling up the DagBag from /home/airflow/.local/lib/python3.12/site-packages/airflow/example_dags/example_complex.py
[2026-03-12T02:08:02.391+0000] {processor.py:925} INFO - DAG(s) 'example_complex' retrieved from /home/airflow/.local/lib/python3.12/site-packages/airflow/example_dags/example_complex.py
[2026-03-12T02:08:02.432+0000] {logging_mixin.py:190} INFO - [2026-03-12T02:08:02.431+0000] {dag.py:3239} INFO - Sync 1 DAGs
[2026-03-12T02:08:02.453+0000] {logging_mixin.py:190} INFO - [2026-03-12T02:08:02.452+0000] {dag.py:4180} INFO - Setting next_dagrun for example_complex to None, run_after=None
[2026-03-12T02:08:02.473+0000] {processor.py:208} INFO - Processing /home/airflow/.local/lib/python3.12/site-packages/airflow/example_dags/example_complex.py took 0.109 seconds
[2026-03-12T02:08:34.637+0000] {processor.py:186} INFO - Started process (PID=55701) to work on /home/airflow/.local/lib/python3.12/site-packages/airflow/example_dags/example_complex.py
[2026-03-12T02:08:34.638+0000] {processor.py:914} INFO - Processing file /home/airflow/.local/lib/python3.12/site-packages/airflow/example_dags/example_complex.py for tasks to queue
[2026-03-12T02:08:34.640+0000] {logging_mixin.py:190} INFO - [2026-03-12T02:08:34.640+0000] {dagbag.py:588} INFO - Filling up the DagBag from /home/airflow/.local/lib/python3.12/site-packages/airflow/example_dags/example_complex.py
[2026-03-12T02:08:34.652+0000] {processor.py:925} INFO - DAG(s) 'example_complex' retrieved from /home/airflow/.local/lib/python3.12/site-packages/airflow/example_dags/example_complex.py
[2026-03-12T02:08:34.695+0000] {logging_mixin.py:190} INFO - [2026-03-12T02:08:34.695+0000] {dag.py:3239} INFO - Sync 1 DAGs
[2026-03-12T02:08:34.713+0000] {logging_mixin.py:190} INFO - [2026-03-12T02:08:34.713+0000] {dag.py:4180} INFO - Setting next_dagrun for example_complex to None, run_after=None
[2026-03-12T02:08:34.733+0000] {processor.py:208} INFO - Processing /home/airflow/.local/lib/python3.12/site-packages/airflow/example_dags/example_complex.py took 0.104 seconds
[2026-03-12T02:09:04.902+0000] {processor.py:186} INFO - Started process (PID=55770) to work on /home/airflow/.local/lib/python3.12/site-packages/airflow/example_dags/example_complex.py
[2026-03-12T02:09:04.903+0000] {processor.py:914} INFO - Processing file /home/airflow/.local/lib/python3.12/site-packages/airflow/example_dags/example_complex.py for tasks to queue
[2026-03-12T02:09:04.905+0000] {logging_mixin.py:190} INFO - [2026-03-12T02:09:04.905+0000] {dagbag.py:588} INFO - Filling up the DagBag from /home/airflow/.local/lib/python3.12/site-packages/airflow/example_dags/example_complex.py
[2026-03-12T02:09:04.917+0000] {processor.py:925} INFO - DAG(s) 'example_complex' retrieved from /home/airflow/.local/lib/python3.12/site-packages/airflow/example_dags/example_complex.py
[2026-03-12T02:09:04.954+0000] {logging_mixin.py:190} INFO - [2026-03-12T02:09:04.954+0000] {dag.py:3239} INFO - Sync 1 DAGs
[2026-03-12T02:09:04.969+0000] {logging_mixin.py:190} INFO - [2026-03-12T02:09:04.968+0000] {dag.py:4180} INFO - Setting next_dagrun for example_complex to None, run_after=None
[2026-03-12T02:09:04.987+0000] {processor.py:208} INFO - Processing /home/airflow/.local/lib/python3.12/site-packages/airflow/example_dags/example_complex.py took 0.093 seconds
[2026-03-12T02:09:36.249+0000] {processor.py:186} INFO - Started process (PID=55838) to work on /home/airflow/.local/lib/python3.12/site-packages/airflow/example_dags/example_complex.py
[2026-03-12T02:09:36.251+0000] {processor.py:914} INFO - Processing file /home/airflow/.local/lib/python3.12/site-packages/airflow/example_dags/example_complex.py for tasks to queue
[2026-03-12T02:09:36.254+0000] {logging_mixin.py:190} INFO - [2026-03-12T02:09:36.253+0000] {dagbag.py:588} INFO - Filling up the DagBag from /home/airflow/.local/lib/python3.12/site-packages/airflow/example_dags/example_complex.py
[2026-03-12T02:09:36.276+0000] {processor.py:925} INFO - DAG(s) 'example_complex' retrieved from /home/airflow/.local/lib/python3.12/site-packages/airflow/example_dags/example_complex.py
[2026-03-12T02:09:36.341+0000] {logging_mixin.py:190} INFO - [2026-03-12T02:09:36.341+0000] {dag.py:3239} INFO - Sync 1 DAGs
[2026-03-12T02:09:36.366+0000] {logging_mixin.py:190} INFO - [2026-03-12T02:09:36.365+0000] {dag.py:4180} INFO - Setting next_dagrun for example_complex to None, run_after=None
[2026-03-12T02:09:36.395+0000] {processor.py:208} INFO - Processing /home/airflow/.local/lib/python3.12/site-packages/airflow/example_dags/example_complex.py took 0.155 seconds
[2026-03-12T02:10:13.035+0000] {processor.py:186} INFO - Started process (PID=55919) to work on /home/airflow/.local/lib/python3.12/site-packages/airflow/example_dags/example_complex.py
[2026-03-12T02:10:13.036+0000] {processor.py:914} INFO - Processing file /home/airflow/.local/lib/python3.12/site-packages/airflow/example_dags/example_complex.py for tasks to queue
[2026-03-12T02:10:13.038+0000] {logging_mixin.py:190} INFO - [2026-03-12T02:10:13.038+0000] {dagbag.py:588} INFO - Filling up the DagBag from /home/airflow/.local/lib/python3.12/site-packages/airflow/example_dags/example_complex.py
[2026-03-12T02:10:13.058+0000] {processor.py:925} INFO - DAG(s) 'example_complex' retrieved from /home/airflow/.local/lib/python3.12/site-packages/airflow/example_dags/example_complex.py
[2026-03-12T02:10:13.120+0000] {logging_mixin.py:190} INFO - [2026-03-12T02:10:13.119+0000] {dag.py:3239} INFO - Sync 1 DAGs
[2026-03-12T02:10:13.142+0000] {logging_mixin.py:190} INFO - [2026-03-12T02:10:13.142+0000] {dag.py:4180} INFO - Setting next_dagrun for example_complex to None, run_after=None
[2026-03-12T02:10:13.171+0000] {processor.py:208} INFO - Processing /home/airflow/.local/lib/python3.12/site-packages/airflow/example_dags/example_complex.py took 0.147 seconds
[2026-03-12T02:10:47.520+0000] {processor.py:186} INFO - Started process (PID=55988) to work on /home/airflow/.local/lib/python3.12/site-packages/airflow/example_dags/example_complex.py
[2026-03-12T02:10:47.522+0000] {processor.py:914} INFO - Processing file /home/airflow/.local/lib/python3.12/site-packages/airflow/example_dags/example_complex.py for tasks to queue
[2026-03-12T02:10:47.524+0000] {logging_mixin.py:190} INFO - [2026-03-12T02:10:47.523+0000] {dagbag.py:588} INFO - Filling up the DagBag from /home/airflow/.local/lib/python3.12/site-packages/airflow/example_dags/example_complex.py
[2026-03-12T02:10:47.541+0000] {processor.py:925} INFO - DAG(s) 'example_complex' retrieved from /home/airflow/.local/lib/python3.12/site-packages/airflow/example_dags/example_complex.py
[2026-03-12T02:10:47.592+0000] {logging_mixin.py:190} INFO - [2026-03-12T02:10:47.591+0000] {dag.py:3239} INFO - Sync 1 DAGs
[2026-03-12T02:10:47.614+0000] {logging_mixin.py:190} INFO - [2026-03-12T02:10:47.614+0000] {dag.py:4180} INFO - Setting next_dagrun for example_complex to None, run_after=None
[2026-03-12T02:10:47.642+0000] {processor.py:208} INFO - Processing /home/airflow/.local/lib/python3.12/site-packages/airflow/example_dags/example_complex.py took 0.130 seconds
