[2026-03-12T01:33:00.768+0000] {processor.py:186} INFO - Started process (PID=51188) to work on /home/airflow/.local/lib/python3.12/site-packages/airflow/example_dags/example_workday_timetable.py
[2026-03-12T01:33:00.770+0000] {processor.py:914} INFO - Processing file /home/airflow/.local/lib/python3.12/site-packages/airflow/example_dags/example_workday_timetable.py for tasks to queue
[2026-03-12T01:33:00.772+0000] {logging_mixin.py:190} INFO - [2026-03-12T01:33:00.771+0000] {dagbag.py:588} INFO - Filling up the DagBag from /home/airflow/.local/lib/python3.12/site-packages/airflow/example_dags/example_workday_timetable.py
[2026-03-12T01:33:00.783+0000] {processor.py:925} INFO - DAG(s) 'example_workday_timetable' retrieved from /home/airflow/.local/lib/python3.12/site-packages/airflow/example_dags/example_workday_timetable.py
[2026-03-12T01:33:01.106+0000] {logging_mixin.py:190} INFO - [2026-03-12T01:33:01.106+0000] {dag.py:3239} INFO - Sync 1 DAGs
[2026-03-12T01:33:01.208+0000] {logging_mixin.py:190} INFO - [2026-03-12T01:33:01.207+0000] {dag.py:4180} INFO - Setting next_dagrun for example_workday_timetable to 2021-01-04 00:00:00+00:00, run_after=2021-01-05 00:00:00+00:00
[2026-03-12T01:33:01.253+0000] {processor.py:208} INFO - Processing /home/airflow/.local/lib/python3.12/site-packages/airflow/example_dags/example_workday_timetable.py took 0.496 seconds
[2026-03-12T01:33:52.452+0000] {processor.py:186} INFO - Started process (PID=51255) to work on /home/airflow/.local/lib/python3.12/site-packages/airflow/example_dags/example_workday_timetable.py
[2026-03-12T01:33:52.454+0000] {processor.py:914} INFO - Processing file /home/airflow/.local/lib/python3.12/site-packages/airflow/example_dags/example_workday_timetable.py for tasks to queue
[2026-03-12T01:33:52.456+0000] {logging_mixin.py:190} INFO - [2026-03-12T01:33:52.456+0000] {dagbag.py:588} INFO - Filling up the DagBag from /home/airflow/.local/lib/python3.12/site-packages/airflow/example_dags/example_workday_timetable.py
[2026-03-12T01:33:52.466+0000] {processor.py:925} INFO - DAG(s) 'example_workday_timetable' retrieved from /home/airflow/.local/lib/python3.12/site-packages/airflow/example_dags/example_workday_timetable.py
[2026-03-12T01:33:52.504+0000] {logging_mixin.py:190} INFO - [2026-03-12T01:33:52.504+0000] {dag.py:3239} INFO - Sync 1 DAGs
[2026-03-12T01:33:52.615+0000] {logging_mixin.py:190} INFO - [2026-03-12T01:33:52.614+0000] {dag.py:4180} INFO - Setting next_dagrun for example_workday_timetable to 2021-01-04 00:00:00+00:00, run_after=2021-01-05 00:00:00+00:00
[2026-03-12T01:33:52.648+0000] {processor.py:208} INFO - Processing /home/airflow/.local/lib/python3.12/site-packages/airflow/example_dags/example_workday_timetable.py took 0.207 seconds
[2026-03-12T01:34:26.715+0000] {processor.py:186} INFO - Started process (PID=51324) to work on /home/airflow/.local/lib/python3.12/site-packages/airflow/example_dags/example_workday_timetable.py
[2026-03-12T01:34:26.716+0000] {processor.py:914} INFO - Processing file /home/airflow/.local/lib/python3.12/site-packages/airflow/example_dags/example_workday_timetable.py for tasks to queue
[2026-03-12T01:34:26.717+0000] {logging_mixin.py:190} INFO - [2026-03-12T01:34:26.717+0000] {dagbag.py:588} INFO - Filling up the DagBag from /home/airflow/.local/lib/python3.12/site-packages/airflow/example_dags/example_workday_timetable.py
[2026-03-12T01:34:26.723+0000] {processor.py:925} INFO - DAG(s) 'example_workday_timetable' retrieved from /home/airflow/.local/lib/python3.12/site-packages/airflow/example_dags/example_workday_timetable.py
[2026-03-12T01:34:26.748+0000] {logging_mixin.py:190} INFO - [2026-03-12T01:34:26.748+0000] {dag.py:3239} INFO - Sync 1 DAGs
[2026-03-12T01:34:26.805+0000] {logging_mixin.py:190} INFO - [2026-03-12T01:34:26.804+0000] {dag.py:4180} INFO - Setting next_dagrun for example_workday_timetable to 2021-01-04 00:00:00+00:00, run_after=2021-01-05 00:00:00+00:00
[2026-03-12T01:34:26.823+0000] {processor.py:208} INFO - Processing /home/airflow/.local/lib/python3.12/site-packages/airflow/example_dags/example_workday_timetable.py took 0.115 seconds
[2026-03-12T01:35:05.079+0000] {processor.py:186} INFO - Started process (PID=51399) to work on /home/airflow/.local/lib/python3.12/site-packages/airflow/example_dags/example_workday_timetable.py
[2026-03-12T01:35:05.081+0000] {processor.py:914} INFO - Processing file /home/airflow/.local/lib/python3.12/site-packages/airflow/example_dags/example_workday_timetable.py for tasks to queue
[2026-03-12T01:35:05.083+0000] {logging_mixin.py:190} INFO - [2026-03-12T01:35:05.082+0000] {dagbag.py:588} INFO - Filling up the DagBag from /home/airflow/.local/lib/python3.12/site-packages/airflow/example_dags/example_workday_timetable.py
[2026-03-12T01:35:05.096+0000] {processor.py:925} INFO - DAG(s) 'example_workday_timetable' retrieved from /home/airflow/.local/lib/python3.12/site-packages/airflow/example_dags/example_workday_timetable.py
[2026-03-12T01:35:05.136+0000] {logging_mixin.py:190} INFO - [2026-03-12T01:35:05.136+0000] {dag.py:3239} INFO - Sync 1 DAGs
[2026-03-12T01:35:05.239+0000] {logging_mixin.py:190} INFO - [2026-03-12T01:35:05.239+0000] {dag.py:4180} INFO - Setting next_dagrun for example_workday_timetable to 2021-01-04 00:00:00+00:00, run_after=2021-01-05 00:00:00+00:00
[2026-03-12T01:35:05.267+0000] {processor.py:208} INFO - Processing /home/airflow/.local/lib/python3.12/site-packages/airflow/example_dags/example_workday_timetable.py took 0.200 seconds
[2026-03-12T01:35:39.060+0000] {processor.py:186} INFO - Started process (PID=51468) to work on /home/airflow/.local/lib/python3.12/site-packages/airflow/example_dags/example_workday_timetable.py
[2026-03-12T01:35:39.061+0000] {processor.py:914} INFO - Processing file /home/airflow/.local/lib/python3.12/site-packages/airflow/example_dags/example_workday_timetable.py for tasks to queue
[2026-03-12T01:35:39.062+0000] {logging_mixin.py:190} INFO - [2026-03-12T01:35:39.062+0000] {dagbag.py:588} INFO - Filling up the DagBag from /home/airflow/.local/lib/python3.12/site-packages/airflow/example_dags/example_workday_timetable.py
[2026-03-12T01:35:39.068+0000] {processor.py:925} INFO - DAG(s) 'example_workday_timetable' retrieved from /home/airflow/.local/lib/python3.12/site-packages/airflow/example_dags/example_workday_timetable.py
[2026-03-12T01:35:39.094+0000] {logging_mixin.py:190} INFO - [2026-03-12T01:35:39.094+0000] {dag.py:3239} INFO - Sync 1 DAGs
[2026-03-12T01:35:39.150+0000] {logging_mixin.py:190} INFO - [2026-03-12T01:35:39.149+0000] {dag.py:4180} INFO - Setting next_dagrun for example_workday_timetable to 2021-01-04 00:00:00+00:00, run_after=2021-01-05 00:00:00+00:00
[2026-03-12T01:35:39.167+0000] {processor.py:208} INFO - Processing /home/airflow/.local/lib/python3.12/site-packages/airflow/example_dags/example_workday_timetable.py took 0.113 seconds
[2026-03-12T01:36:09.569+0000] {processor.py:186} INFO - Started process (PID=51536) to work on /home/airflow/.local/lib/python3.12/site-packages/airflow/example_dags/example_workday_timetable.py
[2026-03-12T01:36:09.570+0000] {processor.py:914} INFO - Processing file /home/airflow/.local/lib/python3.12/site-packages/airflow/example_dags/example_workday_timetable.py for tasks to queue
[2026-03-12T01:36:09.572+0000] {logging_mixin.py:190} INFO - [2026-03-12T01:36:09.572+0000] {dagbag.py:588} INFO - Filling up the DagBag from /home/airflow/.local/lib/python3.12/site-packages/airflow/example_dags/example_workday_timetable.py
[2026-03-12T01:36:09.584+0000] {processor.py:925} INFO - DAG(s) 'example_workday_timetable' retrieved from /home/airflow/.local/lib/python3.12/site-packages/airflow/example_dags/example_workday_timetable.py
[2026-03-12T01:36:09.622+0000] {logging_mixin.py:190} INFO - [2026-03-12T01:36:09.621+0000] {dag.py:3239} INFO - Sync 1 DAGs
[2026-03-12T01:36:09.736+0000] {logging_mixin.py:190} INFO - [2026-03-12T01:36:09.736+0000] {dag.py:4180} INFO - Setting next_dagrun for example_workday_timetable to 2021-01-04 00:00:00+00:00, run_after=2021-01-05 00:00:00+00:00
[2026-03-12T01:36:09.773+0000] {processor.py:208} INFO - Processing /home/airflow/.local/lib/python3.12/site-packages/airflow/example_dags/example_workday_timetable.py took 0.212 seconds
[2026-03-12T01:36:40.096+0000] {processor.py:186} INFO - Started process (PID=51604) to work on /home/airflow/.local/lib/python3.12/site-packages/airflow/example_dags/example_workday_timetable.py
[2026-03-12T01:36:40.099+0000] {processor.py:914} INFO - Processing file /home/airflow/.local/lib/python3.12/site-packages/airflow/example_dags/example_workday_timetable.py for tasks to queue
[2026-03-12T01:36:40.101+0000] {logging_mixin.py:190} INFO - [2026-03-12T01:36:40.101+0000] {dagbag.py:588} INFO - Filling up the DagBag from /home/airflow/.local/lib/python3.12/site-packages/airflow/example_dags/example_workday_timetable.py
[2026-03-12T01:36:40.117+0000] {processor.py:925} INFO - DAG(s) 'example_workday_timetable' retrieved from /home/airflow/.local/lib/python3.12/site-packages/airflow/example_dags/example_workday_timetable.py
[2026-03-12T01:36:40.176+0000] {logging_mixin.py:190} INFO - [2026-03-12T01:36:40.175+0000] {dag.py:3239} INFO - Sync 1 DAGs
[2026-03-12T01:36:40.317+0000] {logging_mixin.py:190} INFO - [2026-03-12T01:36:40.317+0000] {dag.py:4180} INFO - Setting next_dagrun for example_workday_timetable to 2021-01-04 00:00:00+00:00, run_after=2021-01-05 00:00:00+00:00
[2026-03-12T01:36:40.359+0000] {processor.py:208} INFO - Processing /home/airflow/.local/lib/python3.12/site-packages/airflow/example_dags/example_workday_timetable.py took 0.278 seconds
[2026-03-12T01:37:11.244+0000] {processor.py:186} INFO - Started process (PID=51673) to work on /home/airflow/.local/lib/python3.12/site-packages/airflow/example_dags/example_workday_timetable.py
[2026-03-12T01:37:11.247+0000] {processor.py:914} INFO - Processing file /home/airflow/.local/lib/python3.12/site-packages/airflow/example_dags/example_workday_timetable.py for tasks to queue
[2026-03-12T01:37:11.249+0000] {logging_mixin.py:190} INFO - [2026-03-12T01:37:11.248+0000] {dagbag.py:588} INFO - Filling up the DagBag from /home/airflow/.local/lib/python3.12/site-packages/airflow/example_dags/example_workday_timetable.py
[2026-03-12T01:37:11.259+0000] {processor.py:925} INFO - DAG(s) 'example_workday_timetable' retrieved from /home/airflow/.local/lib/python3.12/site-packages/airflow/example_dags/example_workday_timetable.py
[2026-03-12T01:37:11.300+0000] {logging_mixin.py:190} INFO - [2026-03-12T01:37:11.299+0000] {dag.py:3239} INFO - Sync 1 DAGs
[2026-03-12T01:37:11.416+0000] {logging_mixin.py:190} INFO - [2026-03-12T01:37:11.416+0000] {dag.py:4180} INFO - Setting next_dagrun for example_workday_timetable to 2021-01-04 00:00:00+00:00, run_after=2021-01-05 00:00:00+00:00
[2026-03-12T01:37:11.448+0000] {processor.py:208} INFO - Processing /home/airflow/.local/lib/python3.12/site-packages/airflow/example_dags/example_workday_timetable.py took 0.214 seconds
[2026-03-12T01:37:45.823+0000] {processor.py:186} INFO - Started process (PID=51741) to work on /home/airflow/.local/lib/python3.12/site-packages/airflow/example_dags/example_workday_timetable.py
[2026-03-12T01:37:45.825+0000] {processor.py:914} INFO - Processing file /home/airflow/.local/lib/python3.12/site-packages/airflow/example_dags/example_workday_timetable.py for tasks to queue
[2026-03-12T01:37:45.828+0000] {logging_mixin.py:190} INFO - [2026-03-12T01:37:45.827+0000] {dagbag.py:588} INFO - Filling up the DagBag from /home/airflow/.local/lib/python3.12/site-packages/airflow/example_dags/example_workday_timetable.py
[2026-03-12T01:37:45.843+0000] {processor.py:925} INFO - DAG(s) 'example_workday_timetable' retrieved from /home/airflow/.local/lib/python3.12/site-packages/airflow/example_dags/example_workday_timetable.py
[2026-03-12T01:37:45.877+0000] {logging_mixin.py:190} INFO - [2026-03-12T01:37:45.877+0000] {dag.py:3239} INFO - Sync 1 DAGs
[2026-03-12T01:37:45.966+0000] {logging_mixin.py:190} INFO - [2026-03-12T01:37:45.965+0000] {dag.py:4180} INFO - Setting next_dagrun for example_workday_timetable to 2021-01-04 00:00:00+00:00, run_after=2021-01-05 00:00:00+00:00
[2026-03-12T01:37:45.997+0000] {processor.py:208} INFO - Processing /home/airflow/.local/lib/python3.12/site-packages/airflow/example_dags/example_workday_timetable.py took 0.191 seconds
[2026-03-12T01:38:24.024+0000] {processor.py:186} INFO - Started process (PID=51811) to work on /home/airflow/.local/lib/python3.12/site-packages/airflow/example_dags/example_workday_timetable.py
[2026-03-12T01:38:24.027+0000] {processor.py:914} INFO - Processing file /home/airflow/.local/lib/python3.12/site-packages/airflow/example_dags/example_workday_timetable.py for tasks to queue
[2026-03-12T01:38:24.030+0000] {logging_mixin.py:190} INFO - [2026-03-12T01:38:24.029+0000] {dagbag.py:588} INFO - Filling up the DagBag from /home/airflow/.local/lib/python3.12/site-packages/airflow/example_dags/example_workday_timetable.py
[2026-03-12T01:38:24.046+0000] {processor.py:925} INFO - DAG(s) 'example_workday_timetable' retrieved from /home/airflow/.local/lib/python3.12/site-packages/airflow/example_dags/example_workday_timetable.py
[2026-03-12T01:38:24.106+0000] {logging_mixin.py:190} INFO - [2026-03-12T01:38:24.106+0000] {dag.py:3239} INFO - Sync 1 DAGs
[2026-03-12T01:38:24.290+0000] {logging_mixin.py:190} INFO - [2026-03-12T01:38:24.290+0000] {dag.py:4180} INFO - Setting next_dagrun for example_workday_timetable to 2021-01-04 00:00:00+00:00, run_after=2021-01-05 00:00:00+00:00
[2026-03-12T01:38:24.348+0000] {processor.py:208} INFO - Processing /home/airflow/.local/lib/python3.12/site-packages/airflow/example_dags/example_workday_timetable.py took 0.340 seconds
[2026-03-12T01:38:55.148+0000] {processor.py:186} INFO - Started process (PID=51880) to work on /home/airflow/.local/lib/python3.12/site-packages/airflow/example_dags/example_workday_timetable.py
[2026-03-12T01:38:55.151+0000] {processor.py:914} INFO - Processing file /home/airflow/.local/lib/python3.12/site-packages/airflow/example_dags/example_workday_timetable.py for tasks to queue
[2026-03-12T01:38:55.154+0000] {logging_mixin.py:190} INFO - [2026-03-12T01:38:55.153+0000] {dagbag.py:588} INFO - Filling up the DagBag from /home/airflow/.local/lib/python3.12/site-packages/airflow/example_dags/example_workday_timetable.py
[2026-03-12T01:38:55.168+0000] {processor.py:925} INFO - DAG(s) 'example_workday_timetable' retrieved from /home/airflow/.local/lib/python3.12/site-packages/airflow/example_dags/example_workday_timetable.py
[2026-03-12T01:38:55.210+0000] {logging_mixin.py:190} INFO - [2026-03-12T01:38:55.209+0000] {dag.py:3239} INFO - Sync 1 DAGs
[2026-03-12T01:38:55.308+0000] {logging_mixin.py:190} INFO - [2026-03-12T01:38:55.308+0000] {dag.py:4180} INFO - Setting next_dagrun for example_workday_timetable to 2021-01-04 00:00:00+00:00, run_after=2021-01-05 00:00:00+00:00
[2026-03-12T01:38:55.339+0000] {processor.py:208} INFO - Processing /home/airflow/.local/lib/python3.12/site-packages/airflow/example_dags/example_workday_timetable.py took 0.209 seconds
[2026-03-12T01:39:25.402+0000] {processor.py:186} INFO - Started process (PID=51949) to work on /home/airflow/.local/lib/python3.12/site-packages/airflow/example_dags/example_workday_timetable.py
[2026-03-12T01:39:25.404+0000] {processor.py:914} INFO - Processing file /home/airflow/.local/lib/python3.12/site-packages/airflow/example_dags/example_workday_timetable.py for tasks to queue
[2026-03-12T01:39:25.405+0000] {logging_mixin.py:190} INFO - [2026-03-12T01:39:25.405+0000] {dagbag.py:588} INFO - Filling up the DagBag from /home/airflow/.local/lib/python3.12/site-packages/airflow/example_dags/example_workday_timetable.py
[2026-03-12T01:39:25.413+0000] {processor.py:925} INFO - DAG(s) 'example_workday_timetable' retrieved from /home/airflow/.local/lib/python3.12/site-packages/airflow/example_dags/example_workday_timetable.py
[2026-03-12T01:39:25.445+0000] {logging_mixin.py:190} INFO - [2026-03-12T01:39:25.445+0000] {dag.py:3239} INFO - Sync 1 DAGs
[2026-03-12T01:39:25.532+0000] {logging_mixin.py:190} INFO - [2026-03-12T01:39:25.532+0000] {dag.py:4180} INFO - Setting next_dagrun for example_workday_timetable to 2021-01-04 00:00:00+00:00, run_after=2021-01-05 00:00:00+00:00
[2026-03-12T01:39:25.559+0000] {processor.py:208} INFO - Processing /home/airflow/.local/lib/python3.12/site-packages/airflow/example_dags/example_workday_timetable.py took 0.166 seconds
[2026-03-12T01:39:56.206+0000] {processor.py:186} INFO - Started process (PID=52017) to work on /home/airflow/.local/lib/python3.12/site-packages/airflow/example_dags/example_workday_timetable.py
[2026-03-12T01:39:56.208+0000] {processor.py:914} INFO - Processing file /home/airflow/.local/lib/python3.12/site-packages/airflow/example_dags/example_workday_timetable.py for tasks to queue
[2026-03-12T01:39:56.209+0000] {logging_mixin.py:190} INFO - [2026-03-12T01:39:56.209+0000] {dagbag.py:588} INFO - Filling up the DagBag from /home/airflow/.local/lib/python3.12/site-packages/airflow/example_dags/example_workday_timetable.py
[2026-03-12T01:39:56.215+0000] {processor.py:925} INFO - DAG(s) 'example_workday_timetable' retrieved from /home/airflow/.local/lib/python3.12/site-packages/airflow/example_dags/example_workday_timetable.py
[2026-03-12T01:39:56.241+0000] {logging_mixin.py:190} INFO - [2026-03-12T01:39:56.241+0000] {dag.py:3239} INFO - Sync 1 DAGs
[2026-03-12T01:39:56.305+0000] {logging_mixin.py:190} INFO - [2026-03-12T01:39:56.305+0000] {dag.py:4180} INFO - Setting next_dagrun for example_workday_timetable to 2021-01-04 00:00:00+00:00, run_after=2021-01-05 00:00:00+00:00
[2026-03-12T01:39:56.326+0000] {processor.py:208} INFO - Processing /home/airflow/.local/lib/python3.12/site-packages/airflow/example_dags/example_workday_timetable.py took 0.126 seconds
[2026-03-12T01:40:27.279+0000] {processor.py:186} INFO - Started process (PID=52085) to work on /home/airflow/.local/lib/python3.12/site-packages/airflow/example_dags/example_workday_timetable.py
[2026-03-12T01:40:27.280+0000] {processor.py:914} INFO - Processing file /home/airflow/.local/lib/python3.12/site-packages/airflow/example_dags/example_workday_timetable.py for tasks to queue
[2026-03-12T01:40:27.282+0000] {logging_mixin.py:190} INFO - [2026-03-12T01:40:27.281+0000] {dagbag.py:588} INFO - Filling up the DagBag from /home/airflow/.local/lib/python3.12/site-packages/airflow/example_dags/example_workday_timetable.py
[2026-03-12T01:40:27.292+0000] {processor.py:925} INFO - DAG(s) 'example_workday_timetable' retrieved from /home/airflow/.local/lib/python3.12/site-packages/airflow/example_dags/example_workday_timetable.py
[2026-03-12T01:40:27.342+0000] {logging_mixin.py:190} INFO - [2026-03-12T01:40:27.342+0000] {dag.py:3239} INFO - Sync 1 DAGs
[2026-03-12T01:40:27.460+0000] {logging_mixin.py:190} INFO - [2026-03-12T01:40:27.460+0000] {dag.py:4180} INFO - Setting next_dagrun for example_workday_timetable to 2021-01-04 00:00:00+00:00, run_after=2021-01-05 00:00:00+00:00
[2026-03-12T01:40:27.490+0000] {processor.py:208} INFO - Processing /home/airflow/.local/lib/python3.12/site-packages/airflow/example_dags/example_workday_timetable.py took 0.220 seconds
[2026-03-12T01:41:00.003+0000] {processor.py:186} INFO - Started process (PID=52140) to work on /home/airflow/.local/lib/python3.12/site-packages/airflow/example_dags/example_workday_timetable.py
[2026-03-12T01:41:00.005+0000] {processor.py:914} INFO - Processing file /home/airflow/.local/lib/python3.12/site-packages/airflow/example_dags/example_workday_timetable.py for tasks to queue
[2026-03-12T01:41:00.009+0000] {logging_mixin.py:190} INFO - [2026-03-12T01:41:00.008+0000] {dagbag.py:588} INFO - Filling up the DagBag from /home/airflow/.local/lib/python3.12/site-packages/airflow/example_dags/example_workday_timetable.py
[2026-03-12T01:41:00.019+0000] {processor.py:925} INFO - DAG(s) 'example_workday_timetable' retrieved from /home/airflow/.local/lib/python3.12/site-packages/airflow/example_dags/example_workday_timetable.py
[2026-03-12T01:41:00.050+0000] {logging_mixin.py:190} INFO - [2026-03-12T01:41:00.049+0000] {dag.py:3239} INFO - Sync 1 DAGs
[2026-03-12T01:41:00.127+0000] {logging_mixin.py:190} INFO - [2026-03-12T01:41:00.127+0000] {dag.py:4180} INFO - Setting next_dagrun for example_workday_timetable to 2021-01-04 00:00:00+00:00, run_after=2021-01-05 00:00:00+00:00
[2026-03-12T01:41:00.151+0000] {processor.py:208} INFO - Processing /home/airflow/.local/lib/python3.12/site-packages/airflow/example_dags/example_workday_timetable.py took 0.156 seconds
[2026-03-12T01:41:36.309+0000] {processor.py:186} INFO - Started process (PID=52215) to work on /home/airflow/.local/lib/python3.12/site-packages/airflow/example_dags/example_workday_timetable.py
[2026-03-12T01:41:36.310+0000] {processor.py:914} INFO - Processing file /home/airflow/.local/lib/python3.12/site-packages/airflow/example_dags/example_workday_timetable.py for tasks to queue
[2026-03-12T01:41:36.311+0000] {logging_mixin.py:190} INFO - [2026-03-12T01:41:36.311+0000] {dagbag.py:588} INFO - Filling up the DagBag from /home/airflow/.local/lib/python3.12/site-packages/airflow/example_dags/example_workday_timetable.py
[2026-03-12T01:41:36.317+0000] {processor.py:925} INFO - DAG(s) 'example_workday_timetable' retrieved from /home/airflow/.local/lib/python3.12/site-packages/airflow/example_dags/example_workday_timetable.py
[2026-03-12T01:41:36.343+0000] {logging_mixin.py:190} INFO - [2026-03-12T01:41:36.343+0000] {dag.py:3239} INFO - Sync 1 DAGs
[2026-03-12T01:41:36.414+0000] {logging_mixin.py:190} INFO - [2026-03-12T01:41:36.414+0000] {dag.py:4180} INFO - Setting next_dagrun for example_workday_timetable to 2021-01-04 00:00:00+00:00, run_after=2021-01-05 00:00:00+00:00
[2026-03-12T01:41:36.436+0000] {processor.py:208} INFO - Processing /home/airflow/.local/lib/python3.12/site-packages/airflow/example_dags/example_workday_timetable.py took 0.135 seconds
[2026-03-12T01:42:18.709+0000] {processor.py:186} INFO - Started process (PID=52300) to work on /home/airflow/.local/lib/python3.12/site-packages/airflow/example_dags/example_workday_timetable.py
[2026-03-12T01:42:18.711+0000] {processor.py:914} INFO - Processing file /home/airflow/.local/lib/python3.12/site-packages/airflow/example_dags/example_workday_timetable.py for tasks to queue
[2026-03-12T01:42:18.713+0000] {logging_mixin.py:190} INFO - [2026-03-12T01:42:18.713+0000] {dagbag.py:588} INFO - Filling up the DagBag from /home/airflow/.local/lib/python3.12/site-packages/airflow/example_dags/example_workday_timetable.py
[2026-03-12T01:42:18.723+0000] {processor.py:925} INFO - DAG(s) 'example_workday_timetable' retrieved from /home/airflow/.local/lib/python3.12/site-packages/airflow/example_dags/example_workday_timetable.py
[2026-03-12T01:42:18.764+0000] {logging_mixin.py:190} INFO - [2026-03-12T01:42:18.764+0000] {dag.py:3239} INFO - Sync 1 DAGs
[2026-03-12T01:42:18.880+0000] {logging_mixin.py:190} INFO - [2026-03-12T01:42:18.879+0000] {dag.py:4180} INFO - Setting next_dagrun for example_workday_timetable to 2021-01-04 00:00:00+00:00, run_after=2021-01-05 00:00:00+00:00
[2026-03-12T01:42:18.905+0000] {processor.py:208} INFO - Processing /home/airflow/.local/lib/python3.12/site-packages/airflow/example_dags/example_workday_timetable.py took 0.209 seconds
[2026-03-12T01:42:54.902+0000] {processor.py:186} INFO - Started process (PID=52376) to work on /home/airflow/.local/lib/python3.12/site-packages/airflow/example_dags/example_workday_timetable.py
[2026-03-12T01:42:54.903+0000] {processor.py:914} INFO - Processing file /home/airflow/.local/lib/python3.12/site-packages/airflow/example_dags/example_workday_timetable.py for tasks to queue
[2026-03-12T01:42:54.904+0000] {logging_mixin.py:190} INFO - [2026-03-12T01:42:54.904+0000] {dagbag.py:588} INFO - Filling up the DagBag from /home/airflow/.local/lib/python3.12/site-packages/airflow/example_dags/example_workday_timetable.py
[2026-03-12T01:42:54.911+0000] {processor.py:925} INFO - DAG(s) 'example_workday_timetable' retrieved from /home/airflow/.local/lib/python3.12/site-packages/airflow/example_dags/example_workday_timetable.py
[2026-03-12T01:42:54.940+0000] {logging_mixin.py:190} INFO - [2026-03-12T01:42:54.940+0000] {dag.py:3239} INFO - Sync 1 DAGs
[2026-03-12T01:42:55.009+0000] {logging_mixin.py:190} INFO - [2026-03-12T01:42:55.008+0000] {dag.py:4180} INFO - Setting next_dagrun for example_workday_timetable to 2021-01-04 00:00:00+00:00, run_after=2021-01-05 00:00:00+00:00
[2026-03-12T01:42:55.027+0000] {processor.py:208} INFO - Processing /home/airflow/.local/lib/python3.12/site-packages/airflow/example_dags/example_workday_timetable.py took 0.135 seconds
[2026-03-12T01:43:26.009+0000] {processor.py:186} INFO - Started process (PID=52444) to work on /home/airflow/.local/lib/python3.12/site-packages/airflow/example_dags/example_workday_timetable.py
[2026-03-12T01:43:26.011+0000] {processor.py:914} INFO - Processing file /home/airflow/.local/lib/python3.12/site-packages/airflow/example_dags/example_workday_timetable.py for tasks to queue
[2026-03-12T01:43:26.012+0000] {logging_mixin.py:190} INFO - [2026-03-12T01:43:26.011+0000] {dagbag.py:588} INFO - Filling up the DagBag from /home/airflow/.local/lib/python3.12/site-packages/airflow/example_dags/example_workday_timetable.py
[2026-03-12T01:43:26.019+0000] {processor.py:925} INFO - DAG(s) 'example_workday_timetable' retrieved from /home/airflow/.local/lib/python3.12/site-packages/airflow/example_dags/example_workday_timetable.py
[2026-03-12T01:43:26.044+0000] {logging_mixin.py:190} INFO - [2026-03-12T01:43:26.044+0000] {dag.py:3239} INFO - Sync 1 DAGs
[2026-03-12T01:43:26.102+0000] {logging_mixin.py:190} INFO - [2026-03-12T01:43:26.102+0000] {dag.py:4180} INFO - Setting next_dagrun for example_workday_timetable to 2021-01-04 00:00:00+00:00, run_after=2021-01-05 00:00:00+00:00
[2026-03-12T01:43:26.122+0000] {processor.py:208} INFO - Processing /home/airflow/.local/lib/python3.12/site-packages/airflow/example_dags/example_workday_timetable.py took 0.119 seconds
[2026-03-12T01:43:56.619+0000] {processor.py:186} INFO - Started process (PID=52512) to work on /home/airflow/.local/lib/python3.12/site-packages/airflow/example_dags/example_workday_timetable.py
[2026-03-12T01:43:56.621+0000] {processor.py:914} INFO - Processing file /home/airflow/.local/lib/python3.12/site-packages/airflow/example_dags/example_workday_timetable.py for tasks to queue
[2026-03-12T01:43:56.622+0000] {logging_mixin.py:190} INFO - [2026-03-12T01:43:56.621+0000] {dagbag.py:588} INFO - Filling up the DagBag from /home/airflow/.local/lib/python3.12/site-packages/airflow/example_dags/example_workday_timetable.py
[2026-03-12T01:43:56.629+0000] {processor.py:925} INFO - DAG(s) 'example_workday_timetable' retrieved from /home/airflow/.local/lib/python3.12/site-packages/airflow/example_dags/example_workday_timetable.py
[2026-03-12T01:43:56.651+0000] {logging_mixin.py:190} INFO - [2026-03-12T01:43:56.651+0000] {dag.py:3239} INFO - Sync 1 DAGs
[2026-03-12T01:43:56.706+0000] {logging_mixin.py:190} INFO - [2026-03-12T01:43:56.705+0000] {dag.py:4180} INFO - Setting next_dagrun for example_workday_timetable to 2021-01-04 00:00:00+00:00, run_after=2021-01-05 00:00:00+00:00
[2026-03-12T01:43:56.722+0000] {processor.py:208} INFO - Processing /home/airflow/.local/lib/python3.12/site-packages/airflow/example_dags/example_workday_timetable.py took 0.109 seconds
[2026-03-12T01:44:27.800+0000] {processor.py:186} INFO - Started process (PID=52581) to work on /home/airflow/.local/lib/python3.12/site-packages/airflow/example_dags/example_workday_timetable.py
[2026-03-12T01:44:27.806+0000] {processor.py:914} INFO - Processing file /home/airflow/.local/lib/python3.12/site-packages/airflow/example_dags/example_workday_timetable.py for tasks to queue
[2026-03-12T01:44:27.807+0000] {logging_mixin.py:190} INFO - [2026-03-12T01:44:27.807+0000] {dagbag.py:588} INFO - Filling up the DagBag from /home/airflow/.local/lib/python3.12/site-packages/airflow/example_dags/example_workday_timetable.py
[2026-03-12T01:44:27.815+0000] {processor.py:925} INFO - DAG(s) 'example_workday_timetable' retrieved from /home/airflow/.local/lib/python3.12/site-packages/airflow/example_dags/example_workday_timetable.py
[2026-03-12T01:44:27.868+0000] {logging_mixin.py:190} INFO - [2026-03-12T01:44:27.868+0000] {dag.py:3239} INFO - Sync 1 DAGs
[2026-03-12T01:44:27.930+0000] {logging_mixin.py:190} INFO - [2026-03-12T01:44:27.930+0000] {dag.py:4180} INFO - Setting next_dagrun for example_workday_timetable to 2021-01-04 00:00:00+00:00, run_after=2021-01-05 00:00:00+00:00
[2026-03-12T01:44:27.950+0000] {processor.py:208} INFO - Processing /home/airflow/.local/lib/python3.12/site-packages/airflow/example_dags/example_workday_timetable.py took 0.168 seconds
[2026-03-12T01:44:59.137+0000] {processor.py:186} INFO - Started process (PID=52650) to work on /home/airflow/.local/lib/python3.12/site-packages/airflow/example_dags/example_workday_timetable.py
[2026-03-12T01:44:59.138+0000] {processor.py:914} INFO - Processing file /home/airflow/.local/lib/python3.12/site-packages/airflow/example_dags/example_workday_timetable.py for tasks to queue
[2026-03-12T01:44:59.141+0000] {logging_mixin.py:190} INFO - [2026-03-12T01:44:59.140+0000] {dagbag.py:588} INFO - Filling up the DagBag from /home/airflow/.local/lib/python3.12/site-packages/airflow/example_dags/example_workday_timetable.py
[2026-03-12T01:44:59.152+0000] {processor.py:925} INFO - DAG(s) 'example_workday_timetable' retrieved from /home/airflow/.local/lib/python3.12/site-packages/airflow/example_dags/example_workday_timetable.py
[2026-03-12T01:44:59.181+0000] {logging_mixin.py:190} INFO - [2026-03-12T01:44:59.181+0000] {dag.py:3239} INFO - Sync 1 DAGs
[2026-03-12T01:44:59.247+0000] {logging_mixin.py:190} INFO - [2026-03-12T01:44:59.247+0000] {dag.py:4180} INFO - Setting next_dagrun for example_workday_timetable to 2021-01-04 00:00:00+00:00, run_after=2021-01-05 00:00:00+00:00
[2026-03-12T01:44:59.266+0000] {processor.py:208} INFO - Processing /home/airflow/.local/lib/python3.12/site-packages/airflow/example_dags/example_workday_timetable.py took 0.135 seconds
[2026-03-12T01:45:31.265+0000] {processor.py:186} INFO - Started process (PID=52721) to work on /home/airflow/.local/lib/python3.12/site-packages/airflow/example_dags/example_workday_timetable.py
[2026-03-12T01:45:31.267+0000] {processor.py:914} INFO - Processing file /home/airflow/.local/lib/python3.12/site-packages/airflow/example_dags/example_workday_timetable.py for tasks to queue
[2026-03-12T01:45:31.269+0000] {logging_mixin.py:190} INFO - [2026-03-12T01:45:31.268+0000] {dagbag.py:588} INFO - Filling up the DagBag from /home/airflow/.local/lib/python3.12/site-packages/airflow/example_dags/example_workday_timetable.py
[2026-03-12T01:45:31.279+0000] {processor.py:925} INFO - DAG(s) 'example_workday_timetable' retrieved from /home/airflow/.local/lib/python3.12/site-packages/airflow/example_dags/example_workday_timetable.py
[2026-03-12T01:45:31.311+0000] {logging_mixin.py:190} INFO - [2026-03-12T01:45:31.311+0000] {dag.py:3239} INFO - Sync 1 DAGs
[2026-03-12T01:45:31.398+0000] {logging_mixin.py:190} INFO - [2026-03-12T01:45:31.398+0000] {dag.py:4180} INFO - Setting next_dagrun for example_workday_timetable to 2021-01-04 00:00:00+00:00, run_after=2021-01-05 00:00:00+00:00
[2026-03-12T01:45:31.429+0000] {processor.py:208} INFO - Processing /home/airflow/.local/lib/python3.12/site-packages/airflow/example_dags/example_workday_timetable.py took 0.171 seconds
[2026-03-12T01:46:03.776+0000] {processor.py:186} INFO - Started process (PID=52792) to work on /home/airflow/.local/lib/python3.12/site-packages/airflow/example_dags/example_workday_timetable.py
[2026-03-12T01:46:03.777+0000] {processor.py:914} INFO - Processing file /home/airflow/.local/lib/python3.12/site-packages/airflow/example_dags/example_workday_timetable.py for tasks to queue
[2026-03-12T01:46:03.779+0000] {logging_mixin.py:190} INFO - [2026-03-12T01:46:03.778+0000] {dagbag.py:588} INFO - Filling up the DagBag from /home/airflow/.local/lib/python3.12/site-packages/airflow/example_dags/example_workday_timetable.py
[2026-03-12T01:46:03.786+0000] {processor.py:925} INFO - DAG(s) 'example_workday_timetable' retrieved from /home/airflow/.local/lib/python3.12/site-packages/airflow/example_dags/example_workday_timetable.py
[2026-03-12T01:46:03.821+0000] {logging_mixin.py:190} INFO - [2026-03-12T01:46:03.821+0000] {dag.py:3239} INFO - Sync 1 DAGs
[2026-03-12T01:46:03.913+0000] {logging_mixin.py:190} INFO - [2026-03-12T01:46:03.913+0000] {dag.py:4180} INFO - Setting next_dagrun for example_workday_timetable to 2021-01-04 00:00:00+00:00, run_after=2021-01-05 00:00:00+00:00
[2026-03-12T01:46:03.942+0000] {processor.py:208} INFO - Processing /home/airflow/.local/lib/python3.12/site-packages/airflow/example_dags/example_workday_timetable.py took 0.175 seconds
[2026-03-12T01:46:35.042+0000] {processor.py:186} INFO - Started process (PID=52860) to work on /home/airflow/.local/lib/python3.12/site-packages/airflow/example_dags/example_workday_timetable.py
[2026-03-12T01:46:35.044+0000] {processor.py:914} INFO - Processing file /home/airflow/.local/lib/python3.12/site-packages/airflow/example_dags/example_workday_timetable.py for tasks to queue
[2026-03-12T01:46:35.045+0000] {logging_mixin.py:190} INFO - [2026-03-12T01:46:35.045+0000] {dagbag.py:588} INFO - Filling up the DagBag from /home/airflow/.local/lib/python3.12/site-packages/airflow/example_dags/example_workday_timetable.py
[2026-03-12T01:46:35.050+0000] {processor.py:925} INFO - DAG(s) 'example_workday_timetable' retrieved from /home/airflow/.local/lib/python3.12/site-packages/airflow/example_dags/example_workday_timetable.py
[2026-03-12T01:46:35.074+0000] {logging_mixin.py:190} INFO - [2026-03-12T01:46:35.073+0000] {dag.py:3239} INFO - Sync 1 DAGs
[2026-03-12T01:46:35.166+0000] {logging_mixin.py:190} INFO - [2026-03-12T01:46:35.166+0000] {dag.py:4180} INFO - Setting next_dagrun for example_workday_timetable to 2021-01-04 00:00:00+00:00, run_after=2021-01-05 00:00:00+00:00
[2026-03-12T01:46:35.185+0000] {processor.py:208} INFO - Processing /home/airflow/.local/lib/python3.12/site-packages/airflow/example_dags/example_workday_timetable.py took 0.152 seconds
[2026-03-12T01:47:05.404+0000] {processor.py:186} INFO - Started process (PID=52928) to work on /home/airflow/.local/lib/python3.12/site-packages/airflow/example_dags/example_workday_timetable.py
[2026-03-12T01:47:05.405+0000] {processor.py:914} INFO - Processing file /home/airflow/.local/lib/python3.12/site-packages/airflow/example_dags/example_workday_timetable.py for tasks to queue
[2026-03-12T01:47:05.407+0000] {logging_mixin.py:190} INFO - [2026-03-12T01:47:05.406+0000] {dagbag.py:588} INFO - Filling up the DagBag from /home/airflow/.local/lib/python3.12/site-packages/airflow/example_dags/example_workday_timetable.py
[2026-03-12T01:47:05.416+0000] {processor.py:925} INFO - DAG(s) 'example_workday_timetable' retrieved from /home/airflow/.local/lib/python3.12/site-packages/airflow/example_dags/example_workday_timetable.py
[2026-03-12T01:47:05.451+0000] {logging_mixin.py:190} INFO - [2026-03-12T01:47:05.451+0000] {dag.py:3239} INFO - Sync 1 DAGs
[2026-03-12T01:47:05.560+0000] {logging_mixin.py:190} INFO - [2026-03-12T01:47:05.560+0000] {dag.py:4180} INFO - Setting next_dagrun for example_workday_timetable to 2021-01-04 00:00:00+00:00, run_after=2021-01-05 00:00:00+00:00
[2026-03-12T01:47:05.590+0000] {processor.py:208} INFO - Processing /home/airflow/.local/lib/python3.12/site-packages/airflow/example_dags/example_workday_timetable.py took 0.194 seconds
[2026-03-12T01:47:36.901+0000] {processor.py:186} INFO - Started process (PID=53003) to work on /home/airflow/.local/lib/python3.12/site-packages/airflow/example_dags/example_workday_timetable.py
[2026-03-12T01:47:36.903+0000] {processor.py:914} INFO - Processing file /home/airflow/.local/lib/python3.12/site-packages/airflow/example_dags/example_workday_timetable.py for tasks to queue
[2026-03-12T01:47:36.905+0000] {logging_mixin.py:190} INFO - [2026-03-12T01:47:36.904+0000] {dagbag.py:588} INFO - Filling up the DagBag from /home/airflow/.local/lib/python3.12/site-packages/airflow/example_dags/example_workday_timetable.py
[2026-03-12T01:47:36.911+0000] {processor.py:925} INFO - DAG(s) 'example_workday_timetable' retrieved from /home/airflow/.local/lib/python3.12/site-packages/airflow/example_dags/example_workday_timetable.py
[2026-03-12T01:47:36.941+0000] {logging_mixin.py:190} INFO - [2026-03-12T01:47:36.940+0000] {dag.py:3239} INFO - Sync 1 DAGs
[2026-03-12T01:47:37.045+0000] {logging_mixin.py:190} INFO - [2026-03-12T01:47:37.045+0000] {dag.py:4180} INFO - Setting next_dagrun for example_workday_timetable to 2021-01-04 00:00:00+00:00, run_after=2021-01-05 00:00:00+00:00
[2026-03-12T01:47:37.079+0000] {processor.py:208} INFO - Processing /home/airflow/.local/lib/python3.12/site-packages/airflow/example_dags/example_workday_timetable.py took 0.186 seconds
[2026-03-12T01:48:07.954+0000] {processor.py:186} INFO - Started process (PID=53071) to work on /home/airflow/.local/lib/python3.12/site-packages/airflow/example_dags/example_workday_timetable.py
[2026-03-12T01:48:07.956+0000] {processor.py:914} INFO - Processing file /home/airflow/.local/lib/python3.12/site-packages/airflow/example_dags/example_workday_timetable.py for tasks to queue
[2026-03-12T01:48:07.957+0000] {logging_mixin.py:190} INFO - [2026-03-12T01:48:07.957+0000] {dagbag.py:588} INFO - Filling up the DagBag from /home/airflow/.local/lib/python3.12/site-packages/airflow/example_dags/example_workday_timetable.py
[2026-03-12T01:48:07.966+0000] {processor.py:925} INFO - DAG(s) 'example_workday_timetable' retrieved from /home/airflow/.local/lib/python3.12/site-packages/airflow/example_dags/example_workday_timetable.py
[2026-03-12T01:48:07.998+0000] {logging_mixin.py:190} INFO - [2026-03-12T01:48:07.998+0000] {dag.py:3239} INFO - Sync 1 DAGs
[2026-03-12T01:48:08.083+0000] {logging_mixin.py:190} INFO - [2026-03-12T01:48:08.083+0000] {dag.py:4180} INFO - Setting next_dagrun for example_workday_timetable to 2021-01-04 00:00:00+00:00, run_after=2021-01-05 00:00:00+00:00
[2026-03-12T01:48:08.115+0000] {processor.py:208} INFO - Processing /home/airflow/.local/lib/python3.12/site-packages/airflow/example_dags/example_workday_timetable.py took 0.170 seconds
[2026-03-12T01:48:38.668+0000] {processor.py:186} INFO - Started process (PID=53139) to work on /home/airflow/.local/lib/python3.12/site-packages/airflow/example_dags/example_workday_timetable.py
[2026-03-12T01:48:38.671+0000] {processor.py:914} INFO - Processing file /home/airflow/.local/lib/python3.12/site-packages/airflow/example_dags/example_workday_timetable.py for tasks to queue
[2026-03-12T01:48:38.673+0000] {logging_mixin.py:190} INFO - [2026-03-12T01:48:38.672+0000] {dagbag.py:588} INFO - Filling up the DagBag from /home/airflow/.local/lib/python3.12/site-packages/airflow/example_dags/example_workday_timetable.py
[2026-03-12T01:48:38.684+0000] {processor.py:925} INFO - DAG(s) 'example_workday_timetable' retrieved from /home/airflow/.local/lib/python3.12/site-packages/airflow/example_dags/example_workday_timetable.py
[2026-03-12T01:48:38.732+0000] {logging_mixin.py:190} INFO - [2026-03-12T01:48:38.731+0000] {dag.py:3239} INFO - Sync 1 DAGs
[2026-03-12T01:48:38.851+0000] {logging_mixin.py:190} INFO - [2026-03-12T01:48:38.850+0000] {dag.py:4180} INFO - Setting next_dagrun for example_workday_timetable to 2021-01-04 00:00:00+00:00, run_after=2021-01-05 00:00:00+00:00
[2026-03-12T01:48:38.888+0000] {processor.py:208} INFO - Processing /home/airflow/.local/lib/python3.12/site-packages/airflow/example_dags/example_workday_timetable.py took 0.234 seconds
[2026-03-12T01:49:10.266+0000] {processor.py:186} INFO - Started process (PID=53208) to work on /home/airflow/.local/lib/python3.12/site-packages/airflow/example_dags/example_workday_timetable.py
[2026-03-12T01:49:10.267+0000] {processor.py:914} INFO - Processing file /home/airflow/.local/lib/python3.12/site-packages/airflow/example_dags/example_workday_timetable.py for tasks to queue
[2026-03-12T01:49:10.268+0000] {logging_mixin.py:190} INFO - [2026-03-12T01:49:10.268+0000] {dagbag.py:588} INFO - Filling up the DagBag from /home/airflow/.local/lib/python3.12/site-packages/airflow/example_dags/example_workday_timetable.py
[2026-03-12T01:49:10.275+0000] {processor.py:925} INFO - DAG(s) 'example_workday_timetable' retrieved from /home/airflow/.local/lib/python3.12/site-packages/airflow/example_dags/example_workday_timetable.py
[2026-03-12T01:49:10.305+0000] {logging_mixin.py:190} INFO - [2026-03-12T01:49:10.305+0000] {dag.py:3239} INFO - Sync 1 DAGs
[2026-03-12T01:49:10.435+0000] {logging_mixin.py:190} INFO - [2026-03-12T01:49:10.435+0000] {dag.py:4180} INFO - Setting next_dagrun for example_workday_timetable to 2021-01-04 00:00:00+00:00, run_after=2021-01-05 00:00:00+00:00
[2026-03-12T01:49:10.521+0000] {processor.py:208} INFO - Processing /home/airflow/.local/lib/python3.12/site-packages/airflow/example_dags/example_workday_timetable.py took 0.263 seconds
[2026-03-12T01:49:43.688+0000] {processor.py:186} INFO - Started process (PID=53278) to work on /home/airflow/.local/lib/python3.12/site-packages/airflow/example_dags/example_workday_timetable.py
[2026-03-12T01:49:43.689+0000] {processor.py:914} INFO - Processing file /home/airflow/.local/lib/python3.12/site-packages/airflow/example_dags/example_workday_timetable.py for tasks to queue
[2026-03-12T01:49:43.691+0000] {logging_mixin.py:190} INFO - [2026-03-12T01:49:43.690+0000] {dagbag.py:588} INFO - Filling up the DagBag from /home/airflow/.local/lib/python3.12/site-packages/airflow/example_dags/example_workday_timetable.py
[2026-03-12T01:49:43.696+0000] {processor.py:925} INFO - DAG(s) 'example_workday_timetable' retrieved from /home/airflow/.local/lib/python3.12/site-packages/airflow/example_dags/example_workday_timetable.py
[2026-03-12T01:49:43.725+0000] {logging_mixin.py:190} INFO - [2026-03-12T01:49:43.724+0000] {dag.py:3239} INFO - Sync 1 DAGs
[2026-03-12T01:49:43.804+0000] {logging_mixin.py:190} INFO - [2026-03-12T01:49:43.803+0000] {dag.py:4180} INFO - Setting next_dagrun for example_workday_timetable to 2021-01-04 00:00:00+00:00, run_after=2021-01-05 00:00:00+00:00
[2026-03-12T01:49:43.825+0000] {processor.py:208} INFO - Processing /home/airflow/.local/lib/python3.12/site-packages/airflow/example_dags/example_workday_timetable.py took 0.144 seconds
[2026-03-12T01:50:14.408+0000] {processor.py:186} INFO - Started process (PID=53346) to work on /home/airflow/.local/lib/python3.12/site-packages/airflow/example_dags/example_workday_timetable.py
[2026-03-12T01:50:14.410+0000] {processor.py:914} INFO - Processing file /home/airflow/.local/lib/python3.12/site-packages/airflow/example_dags/example_workday_timetable.py for tasks to queue
[2026-03-12T01:50:14.411+0000] {logging_mixin.py:190} INFO - [2026-03-12T01:50:14.411+0000] {dagbag.py:588} INFO - Filling up the DagBag from /home/airflow/.local/lib/python3.12/site-packages/airflow/example_dags/example_workday_timetable.py
[2026-03-12T01:50:14.418+0000] {processor.py:925} INFO - DAG(s) 'example_workday_timetable' retrieved from /home/airflow/.local/lib/python3.12/site-packages/airflow/example_dags/example_workday_timetable.py
[2026-03-12T01:50:14.445+0000] {logging_mixin.py:190} INFO - [2026-03-12T01:50:14.445+0000] {dag.py:3239} INFO - Sync 1 DAGs
[2026-03-12T01:50:14.518+0000] {logging_mixin.py:190} INFO - [2026-03-12T01:50:14.517+0000] {dag.py:4180} INFO - Setting next_dagrun for example_workday_timetable to 2021-01-04 00:00:00+00:00, run_after=2021-01-05 00:00:00+00:00
[2026-03-12T01:50:14.540+0000] {processor.py:208} INFO - Processing /home/airflow/.local/lib/python3.12/site-packages/airflow/example_dags/example_workday_timetable.py took 0.138 seconds
[2026-03-12T01:50:44.894+0000] {processor.py:186} INFO - Started process (PID=53414) to work on /home/airflow/.local/lib/python3.12/site-packages/airflow/example_dags/example_workday_timetable.py
[2026-03-12T01:50:44.896+0000] {processor.py:914} INFO - Processing file /home/airflow/.local/lib/python3.12/site-packages/airflow/example_dags/example_workday_timetable.py for tasks to queue
[2026-03-12T01:50:44.898+0000] {logging_mixin.py:190} INFO - [2026-03-12T01:50:44.897+0000] {dagbag.py:588} INFO - Filling up the DagBag from /home/airflow/.local/lib/python3.12/site-packages/airflow/example_dags/example_workday_timetable.py
[2026-03-12T01:50:44.907+0000] {processor.py:925} INFO - DAG(s) 'example_workday_timetable' retrieved from /home/airflow/.local/lib/python3.12/site-packages/airflow/example_dags/example_workday_timetable.py
[2026-03-12T01:50:44.943+0000] {logging_mixin.py:190} INFO - [2026-03-12T01:50:44.942+0000] {dag.py:3239} INFO - Sync 1 DAGs
[2026-03-12T01:50:45.042+0000] {logging_mixin.py:190} INFO - [2026-03-12T01:50:45.041+0000] {dag.py:4180} INFO - Setting next_dagrun for example_workday_timetable to 2021-01-04 00:00:00+00:00, run_after=2021-01-05 00:00:00+00:00
[2026-03-12T01:50:45.068+0000] {processor.py:208} INFO - Processing /home/airflow/.local/lib/python3.12/site-packages/airflow/example_dags/example_workday_timetable.py took 0.189 seconds
[2026-03-12T01:51:16.107+0000] {processor.py:186} INFO - Started process (PID=53484) to work on /home/airflow/.local/lib/python3.12/site-packages/airflow/example_dags/example_workday_timetable.py
[2026-03-12T01:51:16.108+0000] {processor.py:914} INFO - Processing file /home/airflow/.local/lib/python3.12/site-packages/airflow/example_dags/example_workday_timetable.py for tasks to queue
[2026-03-12T01:51:16.109+0000] {logging_mixin.py:190} INFO - [2026-03-12T01:51:16.109+0000] {dagbag.py:588} INFO - Filling up the DagBag from /home/airflow/.local/lib/python3.12/site-packages/airflow/example_dags/example_workday_timetable.py
[2026-03-12T01:51:16.114+0000] {processor.py:925} INFO - DAG(s) 'example_workday_timetable' retrieved from /home/airflow/.local/lib/python3.12/site-packages/airflow/example_dags/example_workday_timetable.py
[2026-03-12T01:51:16.139+0000] {logging_mixin.py:190} INFO - [2026-03-12T01:51:16.138+0000] {dag.py:3239} INFO - Sync 1 DAGs
[2026-03-12T01:51:16.192+0000] {logging_mixin.py:190} INFO - [2026-03-12T01:51:16.192+0000] {dag.py:4180} INFO - Setting next_dagrun for example_workday_timetable to 2021-01-04 00:00:00+00:00, run_after=2021-01-05 00:00:00+00:00
[2026-03-12T01:51:16.211+0000] {processor.py:208} INFO - Processing /home/airflow/.local/lib/python3.12/site-packages/airflow/example_dags/example_workday_timetable.py took 0.111 seconds
[2026-03-12T01:51:50.944+0000] {processor.py:186} INFO - Started process (PID=53553) to work on /home/airflow/.local/lib/python3.12/site-packages/airflow/example_dags/example_workday_timetable.py
[2026-03-12T01:51:50.945+0000] {processor.py:914} INFO - Processing file /home/airflow/.local/lib/python3.12/site-packages/airflow/example_dags/example_workday_timetable.py for tasks to queue
[2026-03-12T01:51:50.946+0000] {logging_mixin.py:190} INFO - [2026-03-12T01:51:50.946+0000] {dagbag.py:588} INFO - Filling up the DagBag from /home/airflow/.local/lib/python3.12/site-packages/airflow/example_dags/example_workday_timetable.py
[2026-03-12T01:51:50.953+0000] {processor.py:925} INFO - DAG(s) 'example_workday_timetable' retrieved from /home/airflow/.local/lib/python3.12/site-packages/airflow/example_dags/example_workday_timetable.py
[2026-03-12T01:51:50.979+0000] {logging_mixin.py:190} INFO - [2026-03-12T01:51:50.979+0000] {dag.py:3239} INFO - Sync 1 DAGs
[2026-03-12T01:51:51.045+0000] {logging_mixin.py:190} INFO - [2026-03-12T01:51:51.045+0000] {dag.py:4180} INFO - Setting next_dagrun for example_workday_timetable to 2021-01-04 00:00:00+00:00, run_after=2021-01-05 00:00:00+00:00
[2026-03-12T01:51:51.066+0000] {processor.py:208} INFO - Processing /home/airflow/.local/lib/python3.12/site-packages/airflow/example_dags/example_workday_timetable.py took 0.130 seconds
[2026-03-12T01:52:23.725+0000] {processor.py:186} INFO - Started process (PID=53621) to work on /home/airflow/.local/lib/python3.12/site-packages/airflow/example_dags/example_workday_timetable.py
[2026-03-12T01:52:23.726+0000] {processor.py:914} INFO - Processing file /home/airflow/.local/lib/python3.12/site-packages/airflow/example_dags/example_workday_timetable.py for tasks to queue
[2026-03-12T01:52:23.728+0000] {logging_mixin.py:190} INFO - [2026-03-12T01:52:23.727+0000] {dagbag.py:588} INFO - Filling up the DagBag from /home/airflow/.local/lib/python3.12/site-packages/airflow/example_dags/example_workday_timetable.py
[2026-03-12T01:52:23.736+0000] {processor.py:925} INFO - DAG(s) 'example_workday_timetable' retrieved from /home/airflow/.local/lib/python3.12/site-packages/airflow/example_dags/example_workday_timetable.py
[2026-03-12T01:52:23.765+0000] {logging_mixin.py:190} INFO - [2026-03-12T01:52:23.765+0000] {dag.py:3239} INFO - Sync 1 DAGs
[2026-03-12T01:52:23.852+0000] {logging_mixin.py:190} INFO - [2026-03-12T01:52:23.852+0000] {dag.py:4180} INFO - Setting next_dagrun for example_workday_timetable to 2021-01-04 00:00:00+00:00, run_after=2021-01-05 00:00:00+00:00
[2026-03-12T01:52:23.878+0000] {processor.py:208} INFO - Processing /home/airflow/.local/lib/python3.12/site-packages/airflow/example_dags/example_workday_timetable.py took 0.160 seconds
[2026-03-12T01:52:54.559+0000] {processor.py:186} INFO - Started process (PID=53689) to work on /home/airflow/.local/lib/python3.12/site-packages/airflow/example_dags/example_workday_timetable.py
[2026-03-12T01:52:54.560+0000] {processor.py:914} INFO - Processing file /home/airflow/.local/lib/python3.12/site-packages/airflow/example_dags/example_workday_timetable.py for tasks to queue
[2026-03-12T01:52:54.562+0000] {logging_mixin.py:190} INFO - [2026-03-12T01:52:54.561+0000] {dagbag.py:588} INFO - Filling up the DagBag from /home/airflow/.local/lib/python3.12/site-packages/airflow/example_dags/example_workday_timetable.py
[2026-03-12T01:52:54.568+0000] {processor.py:925} INFO - DAG(s) 'example_workday_timetable' retrieved from /home/airflow/.local/lib/python3.12/site-packages/airflow/example_dags/example_workday_timetable.py
[2026-03-12T01:52:54.599+0000] {logging_mixin.py:190} INFO - [2026-03-12T01:52:54.598+0000] {dag.py:3239} INFO - Sync 1 DAGs
[2026-03-12T01:52:54.697+0000] {logging_mixin.py:190} INFO - [2026-03-12T01:52:54.697+0000] {dag.py:4180} INFO - Setting next_dagrun for example_workday_timetable to 2021-01-04 00:00:00+00:00, run_after=2021-01-05 00:00:00+00:00
[2026-03-12T01:52:54.715+0000] {processor.py:208} INFO - Processing /home/airflow/.local/lib/python3.12/site-packages/airflow/example_dags/example_workday_timetable.py took 0.166 seconds
[2026-03-12T01:53:25.005+0000] {processor.py:186} INFO - Started process (PID=53758) to work on /home/airflow/.local/lib/python3.12/site-packages/airflow/example_dags/example_workday_timetable.py
[2026-03-12T01:53:25.007+0000] {processor.py:914} INFO - Processing file /home/airflow/.local/lib/python3.12/site-packages/airflow/example_dags/example_workday_timetable.py for tasks to queue
[2026-03-12T01:53:25.009+0000] {logging_mixin.py:190} INFO - [2026-03-12T01:53:25.008+0000] {dagbag.py:588} INFO - Filling up the DagBag from /home/airflow/.local/lib/python3.12/site-packages/airflow/example_dags/example_workday_timetable.py
[2026-03-12T01:53:25.018+0000] {processor.py:925} INFO - DAG(s) 'example_workday_timetable' retrieved from /home/airflow/.local/lib/python3.12/site-packages/airflow/example_dags/example_workday_timetable.py
[2026-03-12T01:53:25.058+0000] {logging_mixin.py:190} INFO - [2026-03-12T01:53:25.058+0000] {dag.py:3239} INFO - Sync 1 DAGs
[2026-03-12T01:53:25.219+0000] {logging_mixin.py:190} INFO - [2026-03-12T01:53:25.218+0000] {dag.py:4180} INFO - Setting next_dagrun for example_workday_timetable to 2021-01-04 00:00:00+00:00, run_after=2021-01-05 00:00:00+00:00
[2026-03-12T01:53:25.260+0000] {processor.py:208} INFO - Processing /home/airflow/.local/lib/python3.12/site-packages/airflow/example_dags/example_workday_timetable.py took 0.265 seconds
[2026-03-12T01:53:55.615+0000] {processor.py:186} INFO - Started process (PID=53827) to work on /home/airflow/.local/lib/python3.12/site-packages/airflow/example_dags/example_workday_timetable.py
[2026-03-12T01:53:55.616+0000] {processor.py:914} INFO - Processing file /home/airflow/.local/lib/python3.12/site-packages/airflow/example_dags/example_workday_timetable.py for tasks to queue
[2026-03-12T01:53:55.617+0000] {logging_mixin.py:190} INFO - [2026-03-12T01:53:55.617+0000] {dagbag.py:588} INFO - Filling up the DagBag from /home/airflow/.local/lib/python3.12/site-packages/airflow/example_dags/example_workday_timetable.py
[2026-03-12T01:53:55.622+0000] {processor.py:925} INFO - DAG(s) 'example_workday_timetable' retrieved from /home/airflow/.local/lib/python3.12/site-packages/airflow/example_dags/example_workday_timetable.py
[2026-03-12T01:53:55.649+0000] {logging_mixin.py:190} INFO - [2026-03-12T01:53:55.649+0000] {dag.py:3239} INFO - Sync 1 DAGs
[2026-03-12T01:53:55.717+0000] {logging_mixin.py:190} INFO - [2026-03-12T01:53:55.717+0000] {dag.py:4180} INFO - Setting next_dagrun for example_workday_timetable to 2021-01-04 00:00:00+00:00, run_after=2021-01-05 00:00:00+00:00
[2026-03-12T01:53:55.736+0000] {processor.py:208} INFO - Processing /home/airflow/.local/lib/python3.12/site-packages/airflow/example_dags/example_workday_timetable.py took 0.128 seconds
[2026-03-12T01:54:25.999+0000] {processor.py:186} INFO - Started process (PID=53895) to work on /home/airflow/.local/lib/python3.12/site-packages/airflow/example_dags/example_workday_timetable.py
[2026-03-12T01:54:26.000+0000] {processor.py:914} INFO - Processing file /home/airflow/.local/lib/python3.12/site-packages/airflow/example_dags/example_workday_timetable.py for tasks to queue
[2026-03-12T01:54:26.002+0000] {logging_mixin.py:190} INFO - [2026-03-12T01:54:26.001+0000] {dagbag.py:588} INFO - Filling up the DagBag from /home/airflow/.local/lib/python3.12/site-packages/airflow/example_dags/example_workday_timetable.py
[2026-03-12T01:54:26.009+0000] {processor.py:925} INFO - DAG(s) 'example_workday_timetable' retrieved from /home/airflow/.local/lib/python3.12/site-packages/airflow/example_dags/example_workday_timetable.py
[2026-03-12T01:54:26.037+0000] {logging_mixin.py:190} INFO - [2026-03-12T01:54:26.036+0000] {dag.py:3239} INFO - Sync 1 DAGs
[2026-03-12T01:54:26.113+0000] {logging_mixin.py:190} INFO - [2026-03-12T01:54:26.112+0000] {dag.py:4180} INFO - Setting next_dagrun for example_workday_timetable to 2021-01-04 00:00:00+00:00, run_after=2021-01-05 00:00:00+00:00
[2026-03-12T01:54:26.141+0000] {processor.py:208} INFO - Processing /home/airflow/.local/lib/python3.12/site-packages/airflow/example_dags/example_workday_timetable.py took 0.150 seconds
[2026-03-12T01:55:00.141+0000] {processor.py:186} INFO - Started process (PID=53965) to work on /home/airflow/.local/lib/python3.12/site-packages/airflow/example_dags/example_workday_timetable.py
[2026-03-12T01:55:00.142+0000] {processor.py:914} INFO - Processing file /home/airflow/.local/lib/python3.12/site-packages/airflow/example_dags/example_workday_timetable.py for tasks to queue
[2026-03-12T01:55:00.144+0000] {logging_mixin.py:190} INFO - [2026-03-12T01:55:00.143+0000] {dagbag.py:588} INFO - Filling up the DagBag from /home/airflow/.local/lib/python3.12/site-packages/airflow/example_dags/example_workday_timetable.py
[2026-03-12T01:55:00.150+0000] {processor.py:925} INFO - DAG(s) 'example_workday_timetable' retrieved from /home/airflow/.local/lib/python3.12/site-packages/airflow/example_dags/example_workday_timetable.py
[2026-03-12T01:55:00.179+0000] {logging_mixin.py:190} INFO - [2026-03-12T01:55:00.178+0000] {dag.py:3239} INFO - Sync 1 DAGs
[2026-03-12T01:55:00.250+0000] {logging_mixin.py:190} INFO - [2026-03-12T01:55:00.249+0000] {dag.py:4180} INFO - Setting next_dagrun for example_workday_timetable to 2021-01-04 00:00:00+00:00, run_after=2021-01-05 00:00:00+00:00
[2026-03-12T01:55:00.274+0000] {processor.py:208} INFO - Processing /home/airflow/.local/lib/python3.12/site-packages/airflow/example_dags/example_workday_timetable.py took 0.140 seconds
[2026-03-12T01:55:35.641+0000] {processor.py:186} INFO - Started process (PID=54033) to work on /home/airflow/.local/lib/python3.12/site-packages/airflow/example_dags/example_workday_timetable.py
[2026-03-12T01:55:35.643+0000] {processor.py:914} INFO - Processing file /home/airflow/.local/lib/python3.12/site-packages/airflow/example_dags/example_workday_timetable.py for tasks to queue
[2026-03-12T01:55:35.644+0000] {logging_mixin.py:190} INFO - [2026-03-12T01:55:35.644+0000] {dagbag.py:588} INFO - Filling up the DagBag from /home/airflow/.local/lib/python3.12/site-packages/airflow/example_dags/example_workday_timetable.py
[2026-03-12T01:55:35.651+0000] {processor.py:925} INFO - DAG(s) 'example_workday_timetable' retrieved from /home/airflow/.local/lib/python3.12/site-packages/airflow/example_dags/example_workday_timetable.py
[2026-03-12T01:55:35.679+0000] {logging_mixin.py:190} INFO - [2026-03-12T01:55:35.678+0000] {dag.py:3239} INFO - Sync 1 DAGs
[2026-03-12T01:55:35.750+0000] {logging_mixin.py:190} INFO - [2026-03-12T01:55:35.750+0000] {dag.py:4180} INFO - Setting next_dagrun for example_workday_timetable to 2021-01-04 00:00:00+00:00, run_after=2021-01-05 00:00:00+00:00
[2026-03-12T01:55:35.771+0000] {processor.py:208} INFO - Processing /home/airflow/.local/lib/python3.12/site-packages/airflow/example_dags/example_workday_timetable.py took 0.137 seconds
[2026-03-12T01:56:11.768+0000] {processor.py:186} INFO - Started process (PID=54112) to work on /home/airflow/.local/lib/python3.12/site-packages/airflow/example_dags/example_workday_timetable.py
[2026-03-12T01:56:11.770+0000] {processor.py:914} INFO - Processing file /home/airflow/.local/lib/python3.12/site-packages/airflow/example_dags/example_workday_timetable.py for tasks to queue
[2026-03-12T01:56:11.772+0000] {logging_mixin.py:190} INFO - [2026-03-12T01:56:11.771+0000] {dagbag.py:588} INFO - Filling up the DagBag from /home/airflow/.local/lib/python3.12/site-packages/airflow/example_dags/example_workday_timetable.py
[2026-03-12T01:56:11.779+0000] {processor.py:925} INFO - DAG(s) 'example_workday_timetable' retrieved from /home/airflow/.local/lib/python3.12/site-packages/airflow/example_dags/example_workday_timetable.py
[2026-03-12T01:56:11.808+0000] {logging_mixin.py:190} INFO - [2026-03-12T01:56:11.808+0000] {dag.py:3239} INFO - Sync 1 DAGs
[2026-03-12T01:56:11.896+0000] {logging_mixin.py:190} INFO - [2026-03-12T01:56:11.896+0000] {dag.py:4180} INFO - Setting next_dagrun for example_workday_timetable to 2021-01-04 00:00:00+00:00, run_after=2021-01-05 00:00:00+00:00
[2026-03-12T01:56:11.924+0000] {processor.py:208} INFO - Processing /home/airflow/.local/lib/python3.12/site-packages/airflow/example_dags/example_workday_timetable.py took 0.166 seconds
[2026-03-12T01:56:43.381+0000] {processor.py:186} INFO - Started process (PID=54180) to work on /home/airflow/.local/lib/python3.12/site-packages/airflow/example_dags/example_workday_timetable.py
[2026-03-12T01:56:43.383+0000] {processor.py:914} INFO - Processing file /home/airflow/.local/lib/python3.12/site-packages/airflow/example_dags/example_workday_timetable.py for tasks to queue
[2026-03-12T01:56:43.384+0000] {logging_mixin.py:190} INFO - [2026-03-12T01:56:43.384+0000] {dagbag.py:588} INFO - Filling up the DagBag from /home/airflow/.local/lib/python3.12/site-packages/airflow/example_dags/example_workday_timetable.py
[2026-03-12T01:56:43.389+0000] {processor.py:925} INFO - DAG(s) 'example_workday_timetable' retrieved from /home/airflow/.local/lib/python3.12/site-packages/airflow/example_dags/example_workday_timetable.py
[2026-03-12T01:56:43.415+0000] {logging_mixin.py:190} INFO - [2026-03-12T01:56:43.415+0000] {dag.py:3239} INFO - Sync 1 DAGs
[2026-03-12T01:56:43.476+0000] {logging_mixin.py:190} INFO - [2026-03-12T01:56:43.476+0000] {dag.py:4180} INFO - Setting next_dagrun for example_workday_timetable to 2021-01-04 00:00:00+00:00, run_after=2021-01-05 00:00:00+00:00
[2026-03-12T01:56:43.496+0000] {processor.py:208} INFO - Processing /home/airflow/.local/lib/python3.12/site-packages/airflow/example_dags/example_workday_timetable.py took 0.121 seconds
[2026-03-12T01:57:14.030+0000] {processor.py:186} INFO - Started process (PID=54248) to work on /home/airflow/.local/lib/python3.12/site-packages/airflow/example_dags/example_workday_timetable.py
[2026-03-12T01:57:14.031+0000] {processor.py:914} INFO - Processing file /home/airflow/.local/lib/python3.12/site-packages/airflow/example_dags/example_workday_timetable.py for tasks to queue
[2026-03-12T01:57:14.033+0000] {logging_mixin.py:190} INFO - [2026-03-12T01:57:14.033+0000] {dagbag.py:588} INFO - Filling up the DagBag from /home/airflow/.local/lib/python3.12/site-packages/airflow/example_dags/example_workday_timetable.py
[2026-03-12T01:57:14.039+0000] {processor.py:925} INFO - DAG(s) 'example_workday_timetable' retrieved from /home/airflow/.local/lib/python3.12/site-packages/airflow/example_dags/example_workday_timetable.py
[2026-03-12T01:57:14.070+0000] {logging_mixin.py:190} INFO - [2026-03-12T01:57:14.070+0000] {dag.py:3239} INFO - Sync 1 DAGs
[2026-03-12T01:57:14.136+0000] {logging_mixin.py:190} INFO - [2026-03-12T01:57:14.136+0000] {dag.py:4180} INFO - Setting next_dagrun for example_workday_timetable to 2021-01-04 00:00:00+00:00, run_after=2021-01-05 00:00:00+00:00
[2026-03-12T01:57:14.155+0000] {processor.py:208} INFO - Processing /home/airflow/.local/lib/python3.12/site-packages/airflow/example_dags/example_workday_timetable.py took 0.133 seconds
[2026-03-12T01:57:44.236+0000] {processor.py:186} INFO - Started process (PID=54316) to work on /home/airflow/.local/lib/python3.12/site-packages/airflow/example_dags/example_workday_timetable.py
[2026-03-12T01:57:44.238+0000] {processor.py:914} INFO - Processing file /home/airflow/.local/lib/python3.12/site-packages/airflow/example_dags/example_workday_timetable.py for tasks to queue
[2026-03-12T01:57:44.239+0000] {logging_mixin.py:190} INFO - [2026-03-12T01:57:44.238+0000] {dagbag.py:588} INFO - Filling up the DagBag from /home/airflow/.local/lib/python3.12/site-packages/airflow/example_dags/example_workday_timetable.py
[2026-03-12T01:57:44.244+0000] {processor.py:925} INFO - DAG(s) 'example_workday_timetable' retrieved from /home/airflow/.local/lib/python3.12/site-packages/airflow/example_dags/example_workday_timetable.py
[2026-03-12T01:57:44.269+0000] {logging_mixin.py:190} INFO - [2026-03-12T01:57:44.269+0000] {dag.py:3239} INFO - Sync 1 DAGs
[2026-03-12T01:57:44.325+0000] {logging_mixin.py:190} INFO - [2026-03-12T01:57:44.324+0000] {dag.py:4180} INFO - Setting next_dagrun for example_workday_timetable to 2021-01-04 00:00:00+00:00, run_after=2021-01-05 00:00:00+00:00
[2026-03-12T01:57:44.344+0000] {processor.py:208} INFO - Processing /home/airflow/.local/lib/python3.12/site-packages/airflow/example_dags/example_workday_timetable.py took 0.114 seconds
[2026-03-12T01:58:15.327+0000] {processor.py:186} INFO - Started process (PID=54385) to work on /home/airflow/.local/lib/python3.12/site-packages/airflow/example_dags/example_workday_timetable.py
[2026-03-12T01:58:15.329+0000] {processor.py:914} INFO - Processing file /home/airflow/.local/lib/python3.12/site-packages/airflow/example_dags/example_workday_timetable.py for tasks to queue
[2026-03-12T01:58:15.330+0000] {logging_mixin.py:190} INFO - [2026-03-12T01:58:15.330+0000] {dagbag.py:588} INFO - Filling up the DagBag from /home/airflow/.local/lib/python3.12/site-packages/airflow/example_dags/example_workday_timetable.py
[2026-03-12T01:58:15.339+0000] {processor.py:925} INFO - DAG(s) 'example_workday_timetable' retrieved from /home/airflow/.local/lib/python3.12/site-packages/airflow/example_dags/example_workday_timetable.py
[2026-03-12T01:58:15.373+0000] {logging_mixin.py:190} INFO - [2026-03-12T01:58:15.373+0000] {dag.py:3239} INFO - Sync 1 DAGs
[2026-03-12T01:58:15.461+0000] {logging_mixin.py:190} INFO - [2026-03-12T01:58:15.461+0000] {dag.py:4180} INFO - Setting next_dagrun for example_workday_timetable to 2021-01-04 00:00:00+00:00, run_after=2021-01-05 00:00:00+00:00
[2026-03-12T01:58:15.485+0000] {processor.py:208} INFO - Processing /home/airflow/.local/lib/python3.12/site-packages/airflow/example_dags/example_workday_timetable.py took 0.168 seconds
[2026-03-12T01:58:45.739+0000] {processor.py:186} INFO - Started process (PID=54453) to work on /home/airflow/.local/lib/python3.12/site-packages/airflow/example_dags/example_workday_timetable.py
[2026-03-12T01:58:45.741+0000] {processor.py:914} INFO - Processing file /home/airflow/.local/lib/python3.12/site-packages/airflow/example_dags/example_workday_timetable.py for tasks to queue
[2026-03-12T01:58:45.743+0000] {logging_mixin.py:190} INFO - [2026-03-12T01:58:45.742+0000] {dagbag.py:588} INFO - Filling up the DagBag from /home/airflow/.local/lib/python3.12/site-packages/airflow/example_dags/example_workday_timetable.py
[2026-03-12T01:58:45.753+0000] {processor.py:925} INFO - DAG(s) 'example_workday_timetable' retrieved from /home/airflow/.local/lib/python3.12/site-packages/airflow/example_dags/example_workday_timetable.py
[2026-03-12T01:58:45.795+0000] {logging_mixin.py:190} INFO - [2026-03-12T01:58:45.794+0000] {dag.py:3239} INFO - Sync 1 DAGs
[2026-03-12T01:58:45.900+0000] {logging_mixin.py:190} INFO - [2026-03-12T01:58:45.899+0000] {dag.py:4180} INFO - Setting next_dagrun for example_workday_timetable to 2021-01-04 00:00:00+00:00, run_after=2021-01-05 00:00:00+00:00
[2026-03-12T01:58:45.933+0000] {processor.py:208} INFO - Processing /home/airflow/.local/lib/python3.12/site-packages/airflow/example_dags/example_workday_timetable.py took 0.203 seconds
[2026-03-12T01:59:19.479+0000] {processor.py:186} INFO - Started process (PID=54522) to work on /home/airflow/.local/lib/python3.12/site-packages/airflow/example_dags/example_workday_timetable.py
[2026-03-12T01:59:19.480+0000] {processor.py:914} INFO - Processing file /home/airflow/.local/lib/python3.12/site-packages/airflow/example_dags/example_workday_timetable.py for tasks to queue
[2026-03-12T01:59:19.482+0000] {logging_mixin.py:190} INFO - [2026-03-12T01:59:19.482+0000] {dagbag.py:588} INFO - Filling up the DagBag from /home/airflow/.local/lib/python3.12/site-packages/airflow/example_dags/example_workday_timetable.py
[2026-03-12T01:59:19.491+0000] {processor.py:925} INFO - DAG(s) 'example_workday_timetable' retrieved from /home/airflow/.local/lib/python3.12/site-packages/airflow/example_dags/example_workday_timetable.py
[2026-03-12T01:59:19.524+0000] {logging_mixin.py:190} INFO - [2026-03-12T01:59:19.524+0000] {dag.py:3239} INFO - Sync 1 DAGs
[2026-03-12T01:59:19.610+0000] {logging_mixin.py:190} INFO - [2026-03-12T01:59:19.610+0000] {dag.py:4180} INFO - Setting next_dagrun for example_workday_timetable to 2021-01-04 00:00:00+00:00, run_after=2021-01-05 00:00:00+00:00
[2026-03-12T01:59:19.636+0000] {processor.py:208} INFO - Processing /home/airflow/.local/lib/python3.12/site-packages/airflow/example_dags/example_workday_timetable.py took 0.167 seconds
[2026-03-12T01:59:55.235+0000] {processor.py:186} INFO - Started process (PID=54593) to work on /home/airflow/.local/lib/python3.12/site-packages/airflow/example_dags/example_workday_timetable.py
[2026-03-12T01:59:55.237+0000] {processor.py:914} INFO - Processing file /home/airflow/.local/lib/python3.12/site-packages/airflow/example_dags/example_workday_timetable.py for tasks to queue
[2026-03-12T01:59:55.239+0000] {logging_mixin.py:190} INFO - [2026-03-12T01:59:55.238+0000] {dagbag.py:588} INFO - Filling up the DagBag from /home/airflow/.local/lib/python3.12/site-packages/airflow/example_dags/example_workday_timetable.py
[2026-03-12T01:59:55.250+0000] {processor.py:925} INFO - DAG(s) 'example_workday_timetable' retrieved from /home/airflow/.local/lib/python3.12/site-packages/airflow/example_dags/example_workday_timetable.py
[2026-03-12T01:59:55.288+0000] {logging_mixin.py:190} INFO - [2026-03-12T01:59:55.288+0000] {dag.py:3239} INFO - Sync 1 DAGs
[2026-03-12T01:59:55.376+0000] {logging_mixin.py:190} INFO - [2026-03-12T01:59:55.376+0000] {dag.py:4180} INFO - Setting next_dagrun for example_workday_timetable to 2021-01-04 00:00:00+00:00, run_after=2021-01-05 00:00:00+00:00
[2026-03-12T01:59:55.405+0000] {processor.py:208} INFO - Processing /home/airflow/.local/lib/python3.12/site-packages/airflow/example_dags/example_workday_timetable.py took 0.184 seconds
[2026-03-12T02:00:31.697+0000] {processor.py:186} INFO - Started process (PID=54666) to work on /home/airflow/.local/lib/python3.12/site-packages/airflow/example_dags/example_workday_timetable.py
[2026-03-12T02:00:31.698+0000] {processor.py:914} INFO - Processing file /home/airflow/.local/lib/python3.12/site-packages/airflow/example_dags/example_workday_timetable.py for tasks to queue
[2026-03-12T02:00:31.700+0000] {logging_mixin.py:190} INFO - [2026-03-12T02:00:31.700+0000] {dagbag.py:588} INFO - Filling up the DagBag from /home/airflow/.local/lib/python3.12/site-packages/airflow/example_dags/example_workday_timetable.py
[2026-03-12T02:00:31.708+0000] {processor.py:925} INFO - DAG(s) 'example_workday_timetable' retrieved from /home/airflow/.local/lib/python3.12/site-packages/airflow/example_dags/example_workday_timetable.py
[2026-03-12T02:00:31.739+0000] {logging_mixin.py:190} INFO - [2026-03-12T02:00:31.738+0000] {dag.py:3239} INFO - Sync 1 DAGs
[2026-03-12T02:00:31.822+0000] {logging_mixin.py:190} INFO - [2026-03-12T02:00:31.822+0000] {dag.py:4180} INFO - Setting next_dagrun for example_workday_timetable to 2021-01-04 00:00:00+00:00, run_after=2021-01-05 00:00:00+00:00
[2026-03-12T02:00:31.848+0000] {processor.py:208} INFO - Processing /home/airflow/.local/lib/python3.12/site-packages/airflow/example_dags/example_workday_timetable.py took 0.160 seconds
[2026-03-12T02:01:09.099+0000] {processor.py:186} INFO - Started process (PID=54748) to work on /home/airflow/.local/lib/python3.12/site-packages/airflow/example_dags/example_workday_timetable.py
[2026-03-12T02:01:09.101+0000] {processor.py:914} INFO - Processing file /home/airflow/.local/lib/python3.12/site-packages/airflow/example_dags/example_workday_timetable.py for tasks to queue
[2026-03-12T02:01:09.102+0000] {logging_mixin.py:190} INFO - [2026-03-12T02:01:09.102+0000] {dagbag.py:588} INFO - Filling up the DagBag from /home/airflow/.local/lib/python3.12/site-packages/airflow/example_dags/example_workday_timetable.py
[2026-03-12T02:01:09.109+0000] {processor.py:925} INFO - DAG(s) 'example_workday_timetable' retrieved from /home/airflow/.local/lib/python3.12/site-packages/airflow/example_dags/example_workday_timetable.py
[2026-03-12T02:01:09.142+0000] {logging_mixin.py:190} INFO - [2026-03-12T02:01:09.142+0000] {dag.py:3239} INFO - Sync 1 DAGs
[2026-03-12T02:01:09.232+0000] {logging_mixin.py:190} INFO - [2026-03-12T02:01:09.232+0000] {dag.py:4180} INFO - Setting next_dagrun for example_workday_timetable to 2021-01-04 00:00:00+00:00, run_after=2021-01-05 00:00:00+00:00
[2026-03-12T02:01:09.257+0000] {processor.py:208} INFO - Processing /home/airflow/.local/lib/python3.12/site-packages/airflow/example_dags/example_workday_timetable.py took 0.166 seconds
[2026-03-12T02:01:44.762+0000] {processor.py:186} INFO - Started process (PID=54817) to work on /home/airflow/.local/lib/python3.12/site-packages/airflow/example_dags/example_workday_timetable.py
[2026-03-12T02:01:44.763+0000] {processor.py:914} INFO - Processing file /home/airflow/.local/lib/python3.12/site-packages/airflow/example_dags/example_workday_timetable.py for tasks to queue
[2026-03-12T02:01:44.765+0000] {logging_mixin.py:190} INFO - [2026-03-12T02:01:44.765+0000] {dagbag.py:588} INFO - Filling up the DagBag from /home/airflow/.local/lib/python3.12/site-packages/airflow/example_dags/example_workday_timetable.py
[2026-03-12T02:01:44.775+0000] {processor.py:925} INFO - DAG(s) 'example_workday_timetable' retrieved from /home/airflow/.local/lib/python3.12/site-packages/airflow/example_dags/example_workday_timetable.py
[2026-03-12T02:01:44.807+0000] {logging_mixin.py:190} INFO - [2026-03-12T02:01:44.806+0000] {dag.py:3239} INFO - Sync 1 DAGs
[2026-03-12T02:01:44.904+0000] {logging_mixin.py:190} INFO - [2026-03-12T02:01:44.904+0000] {dag.py:4180} INFO - Setting next_dagrun for example_workday_timetable to 2021-01-04 00:00:00+00:00, run_after=2021-01-05 00:00:00+00:00
[2026-03-12T02:01:44.931+0000] {processor.py:208} INFO - Processing /home/airflow/.local/lib/python3.12/site-packages/airflow/example_dags/example_workday_timetable.py took 0.177 seconds
[2026-03-12T02:02:17.978+0000] {processor.py:186} INFO - Started process (PID=54889) to work on /home/airflow/.local/lib/python3.12/site-packages/airflow/example_dags/example_workday_timetable.py
[2026-03-12T02:02:17.980+0000] {processor.py:914} INFO - Processing file /home/airflow/.local/lib/python3.12/site-packages/airflow/example_dags/example_workday_timetable.py for tasks to queue
[2026-03-12T02:02:17.981+0000] {logging_mixin.py:190} INFO - [2026-03-12T02:02:17.981+0000] {dagbag.py:588} INFO - Filling up the DagBag from /home/airflow/.local/lib/python3.12/site-packages/airflow/example_dags/example_workday_timetable.py
[2026-03-12T02:02:17.987+0000] {processor.py:925} INFO - DAG(s) 'example_workday_timetable' retrieved from /home/airflow/.local/lib/python3.12/site-packages/airflow/example_dags/example_workday_timetable.py
[2026-03-12T02:02:18.015+0000] {logging_mixin.py:190} INFO - [2026-03-12T02:02:18.014+0000] {dag.py:3239} INFO - Sync 1 DAGs
[2026-03-12T02:02:18.092+0000] {logging_mixin.py:190} INFO - [2026-03-12T02:02:18.092+0000] {dag.py:4180} INFO - Setting next_dagrun for example_workday_timetable to 2021-01-04 00:00:00+00:00, run_after=2021-01-05 00:00:00+00:00
[2026-03-12T02:02:18.112+0000] {processor.py:208} INFO - Processing /home/airflow/.local/lib/python3.12/site-packages/airflow/example_dags/example_workday_timetable.py took 0.140 seconds
[2026-03-12T02:02:48.560+0000] {processor.py:186} INFO - Started process (PID=54956) to work on /home/airflow/.local/lib/python3.12/site-packages/airflow/example_dags/example_workday_timetable.py
[2026-03-12T02:02:48.562+0000] {processor.py:914} INFO - Processing file /home/airflow/.local/lib/python3.12/site-packages/airflow/example_dags/example_workday_timetable.py for tasks to queue
[2026-03-12T02:02:48.564+0000] {logging_mixin.py:190} INFO - [2026-03-12T02:02:48.564+0000] {dagbag.py:588} INFO - Filling up the DagBag from /home/airflow/.local/lib/python3.12/site-packages/airflow/example_dags/example_workday_timetable.py
[2026-03-12T02:02:48.575+0000] {processor.py:925} INFO - DAG(s) 'example_workday_timetable' retrieved from /home/airflow/.local/lib/python3.12/site-packages/airflow/example_dags/example_workday_timetable.py
[2026-03-12T02:02:48.600+0000] {logging_mixin.py:190} INFO - [2026-03-12T02:02:48.599+0000] {dag.py:3239} INFO - Sync 1 DAGs
[2026-03-12T02:02:48.664+0000] {logging_mixin.py:190} INFO - [2026-03-12T02:02:48.664+0000] {dag.py:4180} INFO - Setting next_dagrun for example_workday_timetable to 2021-01-04 00:00:00+00:00, run_after=2021-01-05 00:00:00+00:00
[2026-03-12T02:02:48.685+0000] {processor.py:208} INFO - Processing /home/airflow/.local/lib/python3.12/site-packages/airflow/example_dags/example_workday_timetable.py took 0.138 seconds
[2026-03-12T02:03:19.348+0000] {processor.py:186} INFO - Started process (PID=55025) to work on /home/airflow/.local/lib/python3.12/site-packages/airflow/example_dags/example_workday_timetable.py
[2026-03-12T02:03:19.349+0000] {processor.py:914} INFO - Processing file /home/airflow/.local/lib/python3.12/site-packages/airflow/example_dags/example_workday_timetable.py for tasks to queue
[2026-03-12T02:03:19.350+0000] {logging_mixin.py:190} INFO - [2026-03-12T02:03:19.350+0000] {dagbag.py:588} INFO - Filling up the DagBag from /home/airflow/.local/lib/python3.12/site-packages/airflow/example_dags/example_workday_timetable.py
[2026-03-12T02:03:19.355+0000] {processor.py:925} INFO - DAG(s) 'example_workday_timetable' retrieved from /home/airflow/.local/lib/python3.12/site-packages/airflow/example_dags/example_workday_timetable.py
[2026-03-12T02:03:19.380+0000] {logging_mixin.py:190} INFO - [2026-03-12T02:03:19.380+0000] {dag.py:3239} INFO - Sync 1 DAGs
[2026-03-12T02:03:19.442+0000] {logging_mixin.py:190} INFO - [2026-03-12T02:03:19.442+0000] {dag.py:4180} INFO - Setting next_dagrun for example_workday_timetable to 2021-01-04 00:00:00+00:00, run_after=2021-01-05 00:00:00+00:00
[2026-03-12T02:03:19.464+0000] {processor.py:208} INFO - Processing /home/airflow/.local/lib/python3.12/site-packages/airflow/example_dags/example_workday_timetable.py took 0.124 seconds
[2026-03-12T02:03:49.881+0000] {processor.py:186} INFO - Started process (PID=55093) to work on /home/airflow/.local/lib/python3.12/site-packages/airflow/example_dags/example_workday_timetable.py
[2026-03-12T02:03:49.883+0000] {processor.py:914} INFO - Processing file /home/airflow/.local/lib/python3.12/site-packages/airflow/example_dags/example_workday_timetable.py for tasks to queue
[2026-03-12T02:03:49.885+0000] {logging_mixin.py:190} INFO - [2026-03-12T02:03:49.884+0000] {dagbag.py:588} INFO - Filling up the DagBag from /home/airflow/.local/lib/python3.12/site-packages/airflow/example_dags/example_workday_timetable.py
[2026-03-12T02:03:49.894+0000] {processor.py:925} INFO - DAG(s) 'example_workday_timetable' retrieved from /home/airflow/.local/lib/python3.12/site-packages/airflow/example_dags/example_workday_timetable.py
[2026-03-12T02:03:49.934+0000] {logging_mixin.py:190} INFO - [2026-03-12T02:03:49.934+0000] {dag.py:3239} INFO - Sync 1 DAGs
[2026-03-12T02:03:50.053+0000] {logging_mixin.py:190} INFO - [2026-03-12T02:03:50.053+0000] {dag.py:4180} INFO - Setting next_dagrun for example_workday_timetable to 2021-01-04 00:00:00+00:00, run_after=2021-01-05 00:00:00+00:00
[2026-03-12T02:03:50.085+0000] {processor.py:208} INFO - Processing /home/airflow/.local/lib/python3.12/site-packages/airflow/example_dags/example_workday_timetable.py took 0.214 seconds
[2026-03-12T02:04:21.047+0000] {processor.py:186} INFO - Started process (PID=55162) to work on /home/airflow/.local/lib/python3.12/site-packages/airflow/example_dags/example_workday_timetable.py
[2026-03-12T02:04:21.049+0000] {processor.py:914} INFO - Processing file /home/airflow/.local/lib/python3.12/site-packages/airflow/example_dags/example_workday_timetable.py for tasks to queue
[2026-03-12T02:04:21.051+0000] {logging_mixin.py:190} INFO - [2026-03-12T02:04:21.050+0000] {dagbag.py:588} INFO - Filling up the DagBag from /home/airflow/.local/lib/python3.12/site-packages/airflow/example_dags/example_workday_timetable.py
[2026-03-12T02:04:21.059+0000] {processor.py:925} INFO - DAG(s) 'example_workday_timetable' retrieved from /home/airflow/.local/lib/python3.12/site-packages/airflow/example_dags/example_workday_timetable.py
[2026-03-12T02:04:21.094+0000] {logging_mixin.py:190} INFO - [2026-03-12T02:04:21.094+0000] {dag.py:3239} INFO - Sync 1 DAGs
[2026-03-12T02:04:21.165+0000] {logging_mixin.py:190} INFO - [2026-03-12T02:04:21.165+0000] {dag.py:4180} INFO - Setting next_dagrun for example_workday_timetable to 2021-01-04 00:00:00+00:00, run_after=2021-01-05 00:00:00+00:00
[2026-03-12T02:04:21.189+0000] {processor.py:208} INFO - Processing /home/airflow/.local/lib/python3.12/site-packages/airflow/example_dags/example_workday_timetable.py took 0.151 seconds
[2026-03-12T02:04:54.333+0000] {processor.py:186} INFO - Started process (PID=55232) to work on /home/airflow/.local/lib/python3.12/site-packages/airflow/example_dags/example_workday_timetable.py
[2026-03-12T02:04:54.335+0000] {processor.py:914} INFO - Processing file /home/airflow/.local/lib/python3.12/site-packages/airflow/example_dags/example_workday_timetable.py for tasks to queue
[2026-03-12T02:04:54.337+0000] {logging_mixin.py:190} INFO - [2026-03-12T02:04:54.337+0000] {dagbag.py:588} INFO - Filling up the DagBag from /home/airflow/.local/lib/python3.12/site-packages/airflow/example_dags/example_workday_timetable.py
[2026-03-12T02:04:54.345+0000] {processor.py:925} INFO - DAG(s) 'example_workday_timetable' retrieved from /home/airflow/.local/lib/python3.12/site-packages/airflow/example_dags/example_workday_timetable.py
[2026-03-12T02:04:54.382+0000] {logging_mixin.py:190} INFO - [2026-03-12T02:04:54.382+0000] {dag.py:3239} INFO - Sync 1 DAGs
[2026-03-12T02:04:54.466+0000] {logging_mixin.py:190} INFO - [2026-03-12T02:04:54.466+0000] {dag.py:4180} INFO - Setting next_dagrun for example_workday_timetable to 2021-01-04 00:00:00+00:00, run_after=2021-01-05 00:00:00+00:00
[2026-03-12T02:04:54.494+0000] {processor.py:208} INFO - Processing /home/airflow/.local/lib/python3.12/site-packages/airflow/example_dags/example_workday_timetable.py took 0.169 seconds
[2026-03-12T02:05:28.072+0000] {processor.py:186} INFO - Started process (PID=55301) to work on /home/airflow/.local/lib/python3.12/site-packages/airflow/example_dags/example_workday_timetable.py
[2026-03-12T02:05:28.074+0000] {processor.py:914} INFO - Processing file /home/airflow/.local/lib/python3.12/site-packages/airflow/example_dags/example_workday_timetable.py for tasks to queue
[2026-03-12T02:05:28.075+0000] {logging_mixin.py:190} INFO - [2026-03-12T02:05:28.075+0000] {dagbag.py:588} INFO - Filling up the DagBag from /home/airflow/.local/lib/python3.12/site-packages/airflow/example_dags/example_workday_timetable.py
[2026-03-12T02:05:28.083+0000] {processor.py:925} INFO - DAG(s) 'example_workday_timetable' retrieved from /home/airflow/.local/lib/python3.12/site-packages/airflow/example_dags/example_workday_timetable.py
[2026-03-12T02:05:28.120+0000] {logging_mixin.py:190} INFO - [2026-03-12T02:05:28.119+0000] {dag.py:3239} INFO - Sync 1 DAGs
[2026-03-12T02:05:28.194+0000] {logging_mixin.py:190} INFO - [2026-03-12T02:05:28.194+0000] {dag.py:4180} INFO - Setting next_dagrun for example_workday_timetable to 2021-01-04 00:00:00+00:00, run_after=2021-01-05 00:00:00+00:00
[2026-03-12T02:05:28.215+0000] {processor.py:208} INFO - Processing /home/airflow/.local/lib/python3.12/site-packages/airflow/example_dags/example_workday_timetable.py took 0.155 seconds
[2026-03-12T02:05:59.040+0000] {processor.py:186} INFO - Started process (PID=55369) to work on /home/airflow/.local/lib/python3.12/site-packages/airflow/example_dags/example_workday_timetable.py
[2026-03-12T02:05:59.042+0000] {processor.py:914} INFO - Processing file /home/airflow/.local/lib/python3.12/site-packages/airflow/example_dags/example_workday_timetable.py for tasks to queue
[2026-03-12T02:05:59.043+0000] {logging_mixin.py:190} INFO - [2026-03-12T02:05:59.043+0000] {dagbag.py:588} INFO - Filling up the DagBag from /home/airflow/.local/lib/python3.12/site-packages/airflow/example_dags/example_workday_timetable.py
[2026-03-12T02:05:59.050+0000] {processor.py:925} INFO - DAG(s) 'example_workday_timetable' retrieved from /home/airflow/.local/lib/python3.12/site-packages/airflow/example_dags/example_workday_timetable.py
[2026-03-12T02:05:59.081+0000] {logging_mixin.py:190} INFO - [2026-03-12T02:05:59.081+0000] {dag.py:3239} INFO - Sync 1 DAGs
[2026-03-12T02:05:59.178+0000] {logging_mixin.py:190} INFO - [2026-03-12T02:05:59.177+0000] {dag.py:4180} INFO - Setting next_dagrun for example_workday_timetable to 2021-01-04 00:00:00+00:00, run_after=2021-01-05 00:00:00+00:00
[2026-03-12T02:05:59.203+0000] {processor.py:208} INFO - Processing /home/airflow/.local/lib/python3.12/site-packages/airflow/example_dags/example_workday_timetable.py took 0.172 seconds
[2026-03-12T02:06:30.969+0000] {processor.py:186} INFO - Started process (PID=55439) to work on /home/airflow/.local/lib/python3.12/site-packages/airflow/example_dags/example_workday_timetable.py
[2026-03-12T02:06:30.971+0000] {processor.py:914} INFO - Processing file /home/airflow/.local/lib/python3.12/site-packages/airflow/example_dags/example_workday_timetable.py for tasks to queue
[2026-03-12T02:06:30.973+0000] {logging_mixin.py:190} INFO - [2026-03-12T02:06:30.973+0000] {dagbag.py:588} INFO - Filling up the DagBag from /home/airflow/.local/lib/python3.12/site-packages/airflow/example_dags/example_workday_timetable.py
[2026-03-12T02:06:30.984+0000] {processor.py:925} INFO - DAG(s) 'example_workday_timetable' retrieved from /home/airflow/.local/lib/python3.12/site-packages/airflow/example_dags/example_workday_timetable.py
[2026-03-12T02:06:31.019+0000] {logging_mixin.py:190} INFO - [2026-03-12T02:06:31.018+0000] {dag.py:3239} INFO - Sync 1 DAGs
[2026-03-12T02:06:31.109+0000] {logging_mixin.py:190} INFO - [2026-03-12T02:06:31.109+0000] {dag.py:4180} INFO - Setting next_dagrun for example_workday_timetable to 2021-01-04 00:00:00+00:00, run_after=2021-01-05 00:00:00+00:00
[2026-03-12T02:06:31.138+0000] {processor.py:208} INFO - Processing /home/airflow/.local/lib/python3.12/site-packages/airflow/example_dags/example_workday_timetable.py took 0.179 seconds
[2026-03-12T02:07:06.488+0000] {processor.py:186} INFO - Started process (PID=55508) to work on /home/airflow/.local/lib/python3.12/site-packages/airflow/example_dags/example_workday_timetable.py
[2026-03-12T02:07:06.489+0000] {processor.py:914} INFO - Processing file /home/airflow/.local/lib/python3.12/site-packages/airflow/example_dags/example_workday_timetable.py for tasks to queue
[2026-03-12T02:07:06.491+0000] {logging_mixin.py:190} INFO - [2026-03-12T02:07:06.490+0000] {dagbag.py:588} INFO - Filling up the DagBag from /home/airflow/.local/lib/python3.12/site-packages/airflow/example_dags/example_workday_timetable.py
[2026-03-12T02:07:06.497+0000] {processor.py:925} INFO - DAG(s) 'example_workday_timetable' retrieved from /home/airflow/.local/lib/python3.12/site-packages/airflow/example_dags/example_workday_timetable.py
[2026-03-12T02:07:06.526+0000] {logging_mixin.py:190} INFO - [2026-03-12T02:07:06.525+0000] {dag.py:3239} INFO - Sync 1 DAGs
[2026-03-12T02:07:06.613+0000] {logging_mixin.py:190} INFO - [2026-03-12T02:07:06.612+0000] {dag.py:4180} INFO - Setting next_dagrun for example_workday_timetable to 2021-01-04 00:00:00+00:00, run_after=2021-01-05 00:00:00+00:00
[2026-03-12T02:07:06.635+0000] {processor.py:208} INFO - Processing /home/airflow/.local/lib/python3.12/site-packages/airflow/example_dags/example_workday_timetable.py took 0.154 seconds
[2026-03-12T02:07:38.386+0000] {processor.py:186} INFO - Started process (PID=55576) to work on /home/airflow/.local/lib/python3.12/site-packages/airflow/example_dags/example_workday_timetable.py
[2026-03-12T02:07:38.387+0000] {processor.py:914} INFO - Processing file /home/airflow/.local/lib/python3.12/site-packages/airflow/example_dags/example_workday_timetable.py for tasks to queue
[2026-03-12T02:07:38.388+0000] {logging_mixin.py:190} INFO - [2026-03-12T02:07:38.388+0000] {dagbag.py:588} INFO - Filling up the DagBag from /home/airflow/.local/lib/python3.12/site-packages/airflow/example_dags/example_workday_timetable.py
[2026-03-12T02:07:38.394+0000] {processor.py:925} INFO - DAG(s) 'example_workday_timetable' retrieved from /home/airflow/.local/lib/python3.12/site-packages/airflow/example_dags/example_workday_timetable.py
[2026-03-12T02:07:38.418+0000] {logging_mixin.py:190} INFO - [2026-03-12T02:07:38.418+0000] {dag.py:3239} INFO - Sync 1 DAGs
[2026-03-12T02:07:38.503+0000] {logging_mixin.py:190} INFO - [2026-03-12T02:07:38.503+0000] {dag.py:4180} INFO - Setting next_dagrun for example_workday_timetable to 2021-01-04 00:00:00+00:00, run_after=2021-01-05 00:00:00+00:00
[2026-03-12T02:07:38.532+0000] {processor.py:208} INFO - Processing /home/airflow/.local/lib/python3.12/site-packages/airflow/example_dags/example_workday_timetable.py took 0.152 seconds
[2026-03-12T02:08:08.699+0000] {processor.py:186} INFO - Started process (PID=55645) to work on /home/airflow/.local/lib/python3.12/site-packages/airflow/example_dags/example_workday_timetable.py
[2026-03-12T02:08:08.701+0000] {processor.py:914} INFO - Processing file /home/airflow/.local/lib/python3.12/site-packages/airflow/example_dags/example_workday_timetable.py for tasks to queue
[2026-03-12T02:08:08.703+0000] {logging_mixin.py:190} INFO - [2026-03-12T02:08:08.702+0000] {dagbag.py:588} INFO - Filling up the DagBag from /home/airflow/.local/lib/python3.12/site-packages/airflow/example_dags/example_workday_timetable.py
[2026-03-12T02:08:08.711+0000] {processor.py:925} INFO - DAG(s) 'example_workday_timetable' retrieved from /home/airflow/.local/lib/python3.12/site-packages/airflow/example_dags/example_workday_timetable.py
[2026-03-12T02:08:08.746+0000] {logging_mixin.py:190} INFO - [2026-03-12T02:08:08.745+0000] {dag.py:3239} INFO - Sync 1 DAGs
[2026-03-12T02:08:08.843+0000] {logging_mixin.py:190} INFO - [2026-03-12T02:08:08.843+0000] {dag.py:4180} INFO - Setting next_dagrun for example_workday_timetable to 2021-01-04 00:00:00+00:00, run_after=2021-01-05 00:00:00+00:00
[2026-03-12T02:08:08.875+0000] {processor.py:208} INFO - Processing /home/airflow/.local/lib/python3.12/site-packages/airflow/example_dags/example_workday_timetable.py took 0.186 seconds
[2026-03-12T02:08:38.921+0000] {processor.py:186} INFO - Started process (PID=55720) to work on /home/airflow/.local/lib/python3.12/site-packages/airflow/example_dags/example_workday_timetable.py
[2026-03-12T02:08:38.922+0000] {processor.py:914} INFO - Processing file /home/airflow/.local/lib/python3.12/site-packages/airflow/example_dags/example_workday_timetable.py for tasks to queue
[2026-03-12T02:08:38.924+0000] {logging_mixin.py:190} INFO - [2026-03-12T02:08:38.923+0000] {dagbag.py:588} INFO - Filling up the DagBag from /home/airflow/.local/lib/python3.12/site-packages/airflow/example_dags/example_workday_timetable.py
[2026-03-12T02:08:38.929+0000] {processor.py:925} INFO - DAG(s) 'example_workday_timetable' retrieved from /home/airflow/.local/lib/python3.12/site-packages/airflow/example_dags/example_workday_timetable.py
[2026-03-12T02:08:38.954+0000] {logging_mixin.py:190} INFO - [2026-03-12T02:08:38.953+0000] {dag.py:3239} INFO - Sync 1 DAGs
[2026-03-12T02:08:39.012+0000] {logging_mixin.py:190} INFO - [2026-03-12T02:08:39.012+0000] {dag.py:4180} INFO - Setting next_dagrun for example_workday_timetable to 2021-01-04 00:00:00+00:00, run_after=2021-01-05 00:00:00+00:00
[2026-03-12T02:08:39.031+0000] {processor.py:208} INFO - Processing /home/airflow/.local/lib/python3.12/site-packages/airflow/example_dags/example_workday_timetable.py took 0.120 seconds
[2026-03-12T02:09:09.788+0000] {processor.py:186} INFO - Started process (PID=55789) to work on /home/airflow/.local/lib/python3.12/site-packages/airflow/example_dags/example_workday_timetable.py
[2026-03-12T02:09:09.789+0000] {processor.py:914} INFO - Processing file /home/airflow/.local/lib/python3.12/site-packages/airflow/example_dags/example_workday_timetable.py for tasks to queue
[2026-03-12T02:09:09.791+0000] {logging_mixin.py:190} INFO - [2026-03-12T02:09:09.790+0000] {dagbag.py:588} INFO - Filling up the DagBag from /home/airflow/.local/lib/python3.12/site-packages/airflow/example_dags/example_workday_timetable.py
[2026-03-12T02:09:09.796+0000] {processor.py:925} INFO - DAG(s) 'example_workday_timetable' retrieved from /home/airflow/.local/lib/python3.12/site-packages/airflow/example_dags/example_workday_timetable.py
[2026-03-12T02:09:09.822+0000] {logging_mixin.py:190} INFO - [2026-03-12T02:09:09.822+0000] {dag.py:3239} INFO - Sync 1 DAGs
[2026-03-12T02:09:09.882+0000] {logging_mixin.py:190} INFO - [2026-03-12T02:09:09.881+0000] {dag.py:4180} INFO - Setting next_dagrun for example_workday_timetable to 2021-01-04 00:00:00+00:00, run_after=2021-01-05 00:00:00+00:00
[2026-03-12T02:09:09.907+0000] {processor.py:208} INFO - Processing /home/airflow/.local/lib/python3.12/site-packages/airflow/example_dags/example_workday_timetable.py took 0.129 seconds
[2026-03-12T02:09:40.919+0000] {processor.py:186} INFO - Started process (PID=55859) to work on /home/airflow/.local/lib/python3.12/site-packages/airflow/example_dags/example_workday_timetable.py
[2026-03-12T02:09:40.920+0000] {processor.py:914} INFO - Processing file /home/airflow/.local/lib/python3.12/site-packages/airflow/example_dags/example_workday_timetable.py for tasks to queue
[2026-03-12T02:09:40.923+0000] {logging_mixin.py:190} INFO - [2026-03-12T02:09:40.922+0000] {dagbag.py:588} INFO - Filling up the DagBag from /home/airflow/.local/lib/python3.12/site-packages/airflow/example_dags/example_workday_timetable.py
[2026-03-12T02:09:40.931+0000] {processor.py:925} INFO - DAG(s) 'example_workday_timetable' retrieved from /home/airflow/.local/lib/python3.12/site-packages/airflow/example_dags/example_workday_timetable.py
[2026-03-12T02:09:40.972+0000] {logging_mixin.py:190} INFO - [2026-03-12T02:09:40.972+0000] {dag.py:3239} INFO - Sync 1 DAGs
[2026-03-12T02:09:41.084+0000] {logging_mixin.py:190} INFO - [2026-03-12T02:09:41.084+0000] {dag.py:4180} INFO - Setting next_dagrun for example_workday_timetable to 2021-01-04 00:00:00+00:00, run_after=2021-01-05 00:00:00+00:00
[2026-03-12T02:09:41.114+0000] {processor.py:208} INFO - Processing /home/airflow/.local/lib/python3.12/site-packages/airflow/example_dags/example_workday_timetable.py took 0.204 seconds
[2026-03-12T02:10:14.076+0000] {processor.py:186} INFO - Started process (PID=55929) to work on /home/airflow/.local/lib/python3.12/site-packages/airflow/example_dags/example_workday_timetable.py
[2026-03-12T02:10:14.080+0000] {processor.py:914} INFO - Processing file /home/airflow/.local/lib/python3.12/site-packages/airflow/example_dags/example_workday_timetable.py for tasks to queue
[2026-03-12T02:10:14.082+0000] {logging_mixin.py:190} INFO - [2026-03-12T02:10:14.082+0000] {dagbag.py:588} INFO - Filling up the DagBag from /home/airflow/.local/lib/python3.12/site-packages/airflow/example_dags/example_workday_timetable.py
[2026-03-12T02:10:14.089+0000] {processor.py:925} INFO - DAG(s) 'example_workday_timetable' retrieved from /home/airflow/.local/lib/python3.12/site-packages/airflow/example_dags/example_workday_timetable.py
[2026-03-12T02:10:14.131+0000] {logging_mixin.py:190} INFO - [2026-03-12T02:10:14.130+0000] {dag.py:3239} INFO - Sync 1 DAGs
[2026-03-12T02:10:14.221+0000] {logging_mixin.py:190} INFO - [2026-03-12T02:10:14.221+0000] {dag.py:4180} INFO - Setting next_dagrun for example_workday_timetable to 2021-01-04 00:00:00+00:00, run_after=2021-01-05 00:00:00+00:00
[2026-03-12T02:10:14.250+0000] {processor.py:208} INFO - Processing /home/airflow/.local/lib/python3.12/site-packages/airflow/example_dags/example_workday_timetable.py took 0.184 seconds
[2026-03-12T02:10:49.075+0000] {processor.py:186} INFO - Started process (PID=55998) to work on /home/airflow/.local/lib/python3.12/site-packages/airflow/example_dags/example_workday_timetable.py
[2026-03-12T02:10:49.076+0000] {processor.py:914} INFO - Processing file /home/airflow/.local/lib/python3.12/site-packages/airflow/example_dags/example_workday_timetable.py for tasks to queue
[2026-03-12T02:10:49.077+0000] {logging_mixin.py:190} INFO - [2026-03-12T02:10:49.077+0000] {dagbag.py:588} INFO - Filling up the DagBag from /home/airflow/.local/lib/python3.12/site-packages/airflow/example_dags/example_workday_timetable.py
[2026-03-12T02:10:49.085+0000] {processor.py:925} INFO - DAG(s) 'example_workday_timetable' retrieved from /home/airflow/.local/lib/python3.12/site-packages/airflow/example_dags/example_workday_timetable.py
[2026-03-12T02:10:49.117+0000] {logging_mixin.py:190} INFO - [2026-03-12T02:10:49.117+0000] {dag.py:3239} INFO - Sync 1 DAGs
[2026-03-12T02:10:49.202+0000] {logging_mixin.py:190} INFO - [2026-03-12T02:10:49.202+0000] {dag.py:4180} INFO - Setting next_dagrun for example_workday_timetable to 2021-01-04 00:00:00+00:00, run_after=2021-01-05 00:00:00+00:00
[2026-03-12T02:10:49.224+0000] {processor.py:208} INFO - Processing /home/airflow/.local/lib/python3.12/site-packages/airflow/example_dags/example_workday_timetable.py took 0.157 seconds
