[2026-03-30T03:47:22.932+0000] {local_task_job_runner.py:123} INFO - ::group::Pre task execution logs
[2026-03-30T03:47:23.178+0000] {taskinstance.py:2631} INFO - Dependencies all met for dep_context=non-requeueable deps ti=<TaskInstance: dag_get_data_from_yf.insert_data_task manual__2026-03-30T03:46:15+00:00 map_index=33 [queued]>
[2026-03-30T03:47:23.217+0000] {taskinstance.py:2631} INFO - Dependencies all met for dep_context=requeueable deps ti=<TaskInstance: dag_get_data_from_yf.insert_data_task manual__2026-03-30T03:46:15+00:00 map_index=33 [queued]>
[2026-03-30T03:47:23.218+0000] {taskinstance.py:2884} INFO - Starting attempt 1 of 1
[2026-03-30T03:47:23.274+0000] {taskinstance.py:2907} INFO - Executing <Mapped(SQLExecuteQueryOperator): insert_data_task> on 2026-03-30 03:46:15+00:00
[2026-03-30T03:47:23.314+0000] {standard_task_runner.py:104} INFO - Running: ['***', 'tasks', 'run', 'dag_get_data_from_yf', 'insert_data_task', 'manual__2026-03-30T03:46:15+00:00', '--job-id', '912', '--raw', '--subdir', 'DAGS_FOLDER/get_finance_yf_csv.py', '--cfg-path', '/tmp/tmpb40akoui', '--map-index', '33']
[2026-03-30T03:47:23.319+0000] {standard_task_runner.py:105} INFO - Job 912: Subtask insert_data_task
[2026-03-30T03:47:23.312+0000] {logging_mixin.py:190} WARNING - /home/***/.local/lib/python3.12/site-packages/***/task/task_runner/standard_task_runner.py:70 DeprecationWarning: This process (pid=4800) is multi-threaded, use of fork() may lead to deadlocks in the child.
[2026-03-30T03:47:23.321+0000] {standard_task_runner.py:72} INFO - Started process 4946 to run task
[2026-03-30T03:47:23.628+0000] {task_command.py:467} INFO - Running <TaskInstance: dag_get_data_from_yf.insert_data_task manual__2026-03-30T03:46:15+00:00 map_index=33 [running]> on host 42116767826c
[2026-03-30T03:47:24.117+0000] {taskinstance.py:3157} INFO - Exporting env vars: AIRFLOW_CTX_DAG_OWNER='***' AIRFLOW_CTX_DAG_ID='dag_get_data_from_yf' AIRFLOW_CTX_TASK_ID='insert_data_task' AIRFLOW_CTX_EXECUTION_DATE='2026-03-30T03:46:15+00:00' AIRFLOW_CTX_TRY_NUMBER='1' AIRFLOW_CTX_DAG_RUN_ID='manual__2026-03-30T03:46:15+00:00'
[2026-03-30T03:47:24.121+0000] {taskinstance.py:740} INFO - ::endgroup::
[2026-03-30T03:47:24.128+0000] {sql.py:410} INFO - Executing: INSERT INTO indonesian_stocks (
    date, 
    ticker, 
    close, 
    high, 
    low, 
    open, 
    inserted_at_timestamp_wib
) 
VALUES (
    '2026-03-16', 
    'BBCA.JK', 
    6466.9033203125, 
    6586.660789207176, 
    6419.000332754629, 
    6562.709295428241, 
    '2026-03-30 10:46:29' 
)
ON CONFLICT (date, ticker) 
DO NOTHING;
[2026-03-30T03:47:24.131+0000] {crypto.py:82} WARNING - empty cryptography key - values will not be stored encrypted.
[2026-03-30T03:47:24.136+0000] {base.py:84} INFO - Retrieving connection 'db_custom'
[2026-03-30T03:47:24.153+0000] {base.py:84} INFO - Retrieving connection 'db_custom'
[2026-03-30T03:47:24.175+0000] {sql.py:861} INFO - Running statement: INSERT INTO indonesian_stocks (
    date, 
    ticker, 
    close, 
    high, 
    low, 
    open, 
    inserted_at_timestamp_wib
) 
VALUES (
    '2026-03-16', 
    'BBCA.JK', 
    6466.9033203125, 
    6586.660789207176, 
    6419.000332754629, 
    6562.709295428241, 
    '2026-03-30 10:46:29' 
)
ON CONFLICT (date, ticker) 
DO NOTHING;, parameters: None
[2026-03-30T03:47:24.189+0000] {sql.py:879} INFO - Rows affected: 1
[2026-03-30T03:47:24.240+0000] {taskinstance.py:349} INFO - ::group::Post task execution logs
[2026-03-30T03:47:24.241+0000] {taskinstance.py:361} INFO - Marking task as SUCCESS. dag_id=dag_get_data_from_yf, task_id=insert_data_task, run_id=manual__2026-03-30T03:46:15+00:00, map_index=33, execution_date=20260330T034615, start_date=20260330T034723, end_date=20260330T034724
[2026-03-30T03:47:24.351+0000] {local_task_job_runner.py:266} INFO - Task exited with return code 0
[2026-03-30T03:47:24.432+0000] {taskinstance.py:3924} INFO - 0 downstream tasks scheduled from follow-on schedule check
[2026-03-30T03:47:24.440+0000] {local_task_job_runner.py:245} INFO - ::endgroup::
