[2026-03-07T15:37:17.770+0000] {local_task_job_runner.py:123} INFO - ::group::Pre task execution logs
[2026-03-07T15:37:17.868+0000] {taskinstance.py:2631} INFO - Dependencies all met for dep_context=non-requeueable deps ti=<TaskInstance: dag_get_data_from_yf.get_csv_high scheduled__2026-03-07T15:35:00+00:00 [queued]>
[2026-03-07T15:37:17.893+0000] {taskinstance.py:2631} INFO - Dependencies all met for dep_context=requeueable deps ti=<TaskInstance: dag_get_data_from_yf.get_csv_high scheduled__2026-03-07T15:35:00+00:00 [queued]>
[2026-03-07T15:37:17.894+0000] {taskinstance.py:2884} INFO - Starting attempt 1 of 1
[2026-03-07T15:37:17.970+0000] {taskinstance.py:2907} INFO - Executing <Task(_PythonDecoratedOperator): get_csv_high> on 2026-03-07 15:35:00+00:00
[2026-03-07T15:37:18.007+0000] {warnings.py:112} WARNING - /home/***/.local/lib/python3.12/site-packages/***/task/task_runner/standard_task_runner.py:70: DeprecationWarning: This process (pid=167) is multi-threaded, use of fork() may lead to deadlocks in the child.
  pid = os.fork()

[2026-03-07T15:37:18.011+0000] {standard_task_runner.py:72} INFO - Started process 191 to run task
[2026-03-07T15:37:18.039+0000] {standard_task_runner.py:104} INFO - Running: ['***', 'tasks', 'run', 'dag_get_data_from_yf', 'get_csv_high', 'scheduled__2026-03-07T15:35:00+00:00', '--job-id', '4246', '--raw', '--subdir', 'DAGS_FOLDER/get_finance_yf_csv.py', '--cfg-path', '/tmp/tmptg9vxi3e']
[2026-03-07T15:37:18.041+0000] {standard_task_runner.py:105} INFO - Job 4246: Subtask get_csv_high
[2026-03-07T15:37:18.302+0000] {task_command.py:467} INFO - Running <TaskInstance: dag_get_data_from_yf.get_csv_high scheduled__2026-03-07T15:35:00+00:00 [running]> on host 5e304bfbaec8
[2026-03-07T15:37:19.938+0000] {taskinstance.py:3157} INFO - Exporting env vars: AIRFLOW_CTX_DAG_OWNER='***' AIRFLOW_CTX_DAG_ID='dag_get_data_from_yf' AIRFLOW_CTX_TASK_ID='get_csv_high' AIRFLOW_CTX_EXECUTION_DATE='2026-03-07T15:35:00+00:00' AIRFLOW_CTX_TRY_NUMBER='1' AIRFLOW_CTX_DAG_RUN_ID='scheduled__2026-03-07T15:35:00+00:00'
[2026-03-07T15:37:19.946+0000] {logging_mixin.py:190} INFO - Task instance is in running state
[2026-03-07T15:37:19.947+0000] {logging_mixin.py:190} INFO -  Previous state of the Task instance: queued
[2026-03-07T15:37:19.953+0000] {logging_mixin.py:190} INFO - Current task name:get_csv_high state:running start_date:2026-03-07 15:37:17.869802+00:00
[2026-03-07T15:37:19.955+0000] {logging_mixin.py:190} INFO - Dag name:dag_get_data_from_yf and current dag run status:running
[2026-03-07T15:37:19.962+0000] {taskinstance.py:740} INFO - ::endgroup::
[2026-03-07T15:37:20.040+0000] {logging_mixin.py:190} INFO - None
[2026-03-07T15:37:20.041+0000] {python.py:240} INFO - Done. Returned value was: /opt/***/scripts/saham_indonesia_high.csv
[2026-03-07T15:37:20.214+0000] {taskinstance.py:349} INFO - ::group::Post task execution logs
[2026-03-07T15:37:20.220+0000] {taskinstance.py:361} INFO - Marking task as SUCCESS. dag_id=dag_get_data_from_yf, task_id=get_csv_high, run_id=scheduled__2026-03-07T15:35:00+00:00, execution_date=20260307T153500, start_date=20260307T153717, end_date=20260307T153720
[2026-03-07T15:37:20.397+0000] {logging_mixin.py:190} INFO - Task instance in success state
[2026-03-07T15:37:20.398+0000] {logging_mixin.py:190} INFO -  Previous state of the Task instance: running
[2026-03-07T15:37:20.399+0000] {logging_mixin.py:190} INFO - Dag name:dag_get_data_from_yf queued_at:2026-03-07 15:36:36.835893+00:00
[2026-03-07T15:37:20.400+0000] {logging_mixin.py:190} INFO - Task hostname:5e304bfbaec8 operator:_PythonDecoratedOperator
[2026-03-07T15:37:20.454+0000] {local_task_job_runner.py:266} INFO - Task exited with return code 0
[2026-03-07T15:37:20.495+0000] {local_task_job_runner.py:245} INFO - ::endgroup::
