[2026-03-11T07:07:41.696+0000] {local_task_job_runner.py:123} INFO - ::group::Pre task execution logs
[2026-03-11T07:07:41.750+0000] {taskinstance.py:2631} INFO - Dependencies all met for dep_context=non-requeueable deps ti=<TaskInstance: dag_get_data_from_yf.combine_csv manual__2026-03-11T07:06:46+00:00 [queued]>
[2026-03-11T07:07:41.774+0000] {taskinstance.py:2631} INFO - Dependencies all met for dep_context=requeueable deps ti=<TaskInstance: dag_get_data_from_yf.combine_csv manual__2026-03-11T07:06:46+00:00 [queued]>
[2026-03-11T07:07:41.775+0000] {taskinstance.py:2884} INFO - Starting attempt 1 of 1
[2026-03-11T07:07:41.795+0000] {taskinstance.py:2907} INFO - Executing <Task(_PythonDecoratedOperator): combine_csv> on 2026-03-11 07:06:46+00:00
[2026-03-11T07:07:41.811+0000] {warnings.py:112} WARNING - /home/***/.local/lib/python3.12/site-packages/***/task/task_runner/standard_task_runner.py:70: DeprecationWarning: This process (pid=7889) is multi-threaded, use of fork() may lead to deadlocks in the child.
  pid = os.fork()

[2026-03-11T07:07:41.813+0000] {standard_task_runner.py:72} INFO - Started process 7891 to run task
[2026-03-11T07:07:41.814+0000] {standard_task_runner.py:104} INFO - Running: ['***', 'tasks', 'run', 'dag_get_data_from_yf', 'combine_csv', 'manual__2026-03-11T07:06:46+00:00', '--job-id', '10675', '--raw', '--subdir', 'DAGS_FOLDER/get_finance_yf_csv.py', '--cfg-path', '/tmp/tmpn_cofage']
[2026-03-11T07:07:41.816+0000] {standard_task_runner.py:105} INFO - Job 10675: Subtask combine_csv
[2026-03-11T07:07:41.917+0000] {task_command.py:467} INFO - Running <TaskInstance: dag_get_data_from_yf.combine_csv manual__2026-03-11T07:06:46+00:00 [running]> on host ea47c22639fa
[2026-03-11T07:07:42.076+0000] {taskinstance.py:3157} INFO - Exporting env vars: AIRFLOW_CTX_DAG_OWNER='***' AIRFLOW_CTX_DAG_ID='dag_get_data_from_yf' AIRFLOW_CTX_TASK_ID='combine_csv' AIRFLOW_CTX_EXECUTION_DATE='2026-03-11T07:06:46+00:00' AIRFLOW_CTX_TRY_NUMBER='1' AIRFLOW_CTX_DAG_RUN_ID='manual__2026-03-11T07:06:46+00:00'
[2026-03-11T07:07:42.078+0000] {logging_mixin.py:190} INFO - Task instance is in running state
[2026-03-11T07:07:42.079+0000] {logging_mixin.py:190} INFO -  Previous state of the Task instance: queued
[2026-03-11T07:07:42.079+0000] {logging_mixin.py:190} INFO - Current task name:combine_csv state:running start_date:2026-03-11 07:07:41.751376+00:00
[2026-03-11T07:07:42.080+0000] {logging_mixin.py:190} INFO - Dag name:dag_get_data_from_yf and current dag run status:running
[2026-03-11T07:07:42.080+0000] {taskinstance.py:740} INFO - ::endgroup::
[2026-03-11T07:07:42.107+0000] {logging_mixin.py:190} INFO - None
[2026-03-11T07:07:42.107+0000] {python.py:240} INFO - Done. Returned value was: /opt/***/scripts/saham_indonesia_all.csv
[2026-03-11T07:07:42.152+0000] {taskinstance.py:349} INFO - ::group::Post task execution logs
[2026-03-11T07:07:42.152+0000] {taskinstance.py:361} INFO - Marking task as SUCCESS. dag_id=dag_get_data_from_yf, task_id=combine_csv, run_id=manual__2026-03-11T07:06:46+00:00, execution_date=20260311T070646, start_date=20260311T070741, end_date=20260311T070742
[2026-03-11T07:07:42.194+0000] {logging_mixin.py:190} INFO - Task instance in success state
[2026-03-11T07:07:42.195+0000] {logging_mixin.py:190} INFO -  Previous state of the Task instance: running
[2026-03-11T07:07:42.195+0000] {logging_mixin.py:190} INFO - Dag name:dag_get_data_from_yf queued_at:2026-03-11 07:07:01.565365+00:00
[2026-03-11T07:07:42.195+0000] {logging_mixin.py:190} INFO - Task hostname:ea47c22639fa operator:_PythonDecoratedOperator
[2026-03-11T07:07:42.209+0000] {local_task_job_runner.py:266} INFO - Task exited with return code 0
[2026-03-11T07:07:42.248+0000] {taskinstance.py:3924} INFO - 1 downstream tasks scheduled from follow-on schedule check
[2026-03-11T07:07:42.251+0000] {local_task_job_runner.py:245} INFO - ::endgroup::
