[2026-03-10T04:13:32.303+0000] {local_task_job_runner.py:123} INFO - ::group::Pre task execution logs
[2026-03-10T04:13:32.385+0000] {taskinstance.py:2631} INFO - Dependencies all met for dep_context=non-requeueable deps ti=<TaskInstance: dag_get_data_from_yf.trigger_load_data_dag scheduled__2026-03-10T04:11:00+00:00 [queued]>
[2026-03-10T04:13:32.415+0000] {taskinstance.py:2631} INFO - Dependencies all met for dep_context=requeueable deps ti=<TaskInstance: dag_get_data_from_yf.trigger_load_data_dag scheduled__2026-03-10T04:11:00+00:00 [queued]>
[2026-03-10T04:13:32.415+0000] {taskinstance.py:2884} INFO - Starting attempt 1 of 1
[2026-03-10T04:13:32.456+0000] {taskinstance.py:2907} INFO - Executing <Task(TriggerDagRunOperator): trigger_load_data_dag> on 2026-03-10 04:11:00+00:00
[2026-03-10T04:13:32.475+0000] {warnings.py:112} WARNING - /home/***/.local/lib/python3.12/site-packages/***/task/task_runner/standard_task_runner.py:70: DeprecationWarning: This process (pid=9349) is multi-threaded, use of fork() may lead to deadlocks in the child.
  pid = os.fork()

[2026-03-10T04:13:32.479+0000] {standard_task_runner.py:72} INFO - Started process 9379 to run task
[2026-03-10T04:13:32.496+0000] {standard_task_runner.py:104} INFO - Running: ['***', 'tasks', 'run', 'dag_get_data_from_yf', 'trigger_load_data_dag', 'scheduled__2026-03-10T04:11:00+00:00', '--job-id', '8737', '--raw', '--subdir', 'DAGS_FOLDER/get_finance_yf_csv.py', '--cfg-path', '/tmp/tmpr3e3mzxs']
[2026-03-10T04:13:32.498+0000] {standard_task_runner.py:105} INFO - Job 8737: Subtask trigger_load_data_dag
[2026-03-10T04:13:32.666+0000] {task_command.py:467} INFO - Running <TaskInstance: dag_get_data_from_yf.trigger_load_data_dag scheduled__2026-03-10T04:11:00+00:00 [running]> on host 50d997f0c294
[2026-03-10T04:13:32.961+0000] {taskinstance.py:3157} INFO - Exporting env vars: AIRFLOW_CTX_DAG_OWNER='***' AIRFLOW_CTX_DAG_ID='dag_get_data_from_yf' AIRFLOW_CTX_TASK_ID='trigger_load_data_dag' AIRFLOW_CTX_EXECUTION_DATE='2026-03-10T04:11:00+00:00' AIRFLOW_CTX_TRY_NUMBER='1' AIRFLOW_CTX_DAG_RUN_ID='scheduled__2026-03-10T04:11:00+00:00'
[2026-03-10T04:13:32.964+0000] {logging_mixin.py:190} INFO - Task instance is in running state
[2026-03-10T04:13:32.965+0000] {logging_mixin.py:190} INFO -  Previous state of the Task instance: queued
[2026-03-10T04:13:32.966+0000] {logging_mixin.py:190} INFO - Current task name:trigger_load_data_dag state:running start_date:2026-03-10 04:13:32.386390+00:00
[2026-03-10T04:13:32.967+0000] {logging_mixin.py:190} INFO - Dag name:dag_get_data_from_yf and current dag run status:running
[2026-03-10T04:13:32.967+0000] {taskinstance.py:740} INFO - ::endgroup::
[2026-03-10T04:13:33.251+0000] {taskinstance.py:349} INFO - ::group::Post task execution logs
[2026-03-10T04:13:33.251+0000] {taskinstance.py:361} INFO - Marking task as SUCCESS. dag_id=dag_get_data_from_yf, task_id=trigger_load_data_dag, run_id=scheduled__2026-03-10T04:11:00+00:00, execution_date=20260310T041100, start_date=20260310T041332, end_date=20260310T041333
[2026-03-10T04:13:33.321+0000] {logging_mixin.py:190} INFO - Task instance in success state
[2026-03-10T04:13:33.322+0000] {logging_mixin.py:190} INFO -  Previous state of the Task instance: running
[2026-03-10T04:13:33.323+0000] {logging_mixin.py:190} INFO - Dag name:dag_get_data_from_yf queued_at:2026-03-10 04:12:38.894846+00:00
[2026-03-10T04:13:33.324+0000] {logging_mixin.py:190} INFO - Task hostname:50d997f0c294 operator:TriggerDagRunOperator
[2026-03-10T04:13:33.340+0000] {local_task_job_runner.py:266} INFO - Task exited with return code 0
[2026-03-10T04:13:33.416+0000] {taskinstance.py:3924} INFO - 0 downstream tasks scheduled from follow-on schedule check
[2026-03-10T04:13:33.446+0000] {local_task_job_runner.py:245} INFO - ::endgroup::
