[2026-03-24T14:58:01.640+0000] {local_task_job_runner.py:123} INFO - ::group::Pre task execution logs
[2026-03-24T14:58:01.722+0000] {taskinstance.py:2631} INFO - Dependencies all met for dep_context=non-requeueable deps ti=<TaskInstance: dag_get_data_from_yf.olhc_branching.get_csv_high manual__2026-03-24T14:57:37+00:00 [queued]>
[2026-03-24T14:58:01.750+0000] {taskinstance.py:2631} INFO - Dependencies all met for dep_context=requeueable deps ti=<TaskInstance: dag_get_data_from_yf.olhc_branching.get_csv_high manual__2026-03-24T14:57:37+00:00 [queued]>
[2026-03-24T14:58:01.751+0000] {taskinstance.py:2884} INFO - Starting attempt 1 of 1
[2026-03-24T14:58:01.779+0000] {taskinstance.py:2907} INFO - Executing <Task(_PythonDecoratedOperator): olhc_branching.get_csv_high> on 2026-03-24 14:57:37+00:00
[2026-03-24T14:58:01.800+0000] {warnings.py:112} WARNING - /home/***/.local/lib/python3.12/site-packages/***/task/task_runner/standard_task_runner.py:70: DeprecationWarning: This process (pid=173) is multi-threaded, use of fork() may lead to deadlocks in the child.
  pid = os.fork()

[2026-03-24T14:58:01.802+0000] {standard_task_runner.py:72} INFO - Started process 181 to run task
[2026-03-24T14:58:01.808+0000] {standard_task_runner.py:104} INFO - Running: ['***', 'tasks', 'run', 'dag_get_data_from_yf', 'olhc_branching.get_csv_high', 'manual__2026-03-24T14:57:37+00:00', '--job-id', '2592', '--raw', '--subdir', 'DAGS_FOLDER/get_finance_yf_csv.py', '--cfg-path', '/tmp/tmp0bv6w7ym']
[2026-03-24T14:58:01.810+0000] {standard_task_runner.py:105} INFO - Job 2592: Subtask olhc_branching.get_csv_high
[2026-03-24T14:58:01.939+0000] {task_command.py:467} INFO - Running <TaskInstance: dag_get_data_from_yf.olhc_branching.get_csv_high manual__2026-03-24T14:57:37+00:00 [running]> on host a72f93576683
[2026-03-24T14:58:02.136+0000] {taskinstance.py:3157} INFO - Exporting env vars: AIRFLOW_CTX_DAG_OWNER='***' AIRFLOW_CTX_DAG_ID='dag_get_data_from_yf' AIRFLOW_CTX_TASK_ID='olhc_branching.get_csv_high' AIRFLOW_CTX_EXECUTION_DATE='2026-03-24T14:57:37+00:00' AIRFLOW_CTX_TRY_NUMBER='1' AIRFLOW_CTX_DAG_RUN_ID='manual__2026-03-24T14:57:37+00:00'
[2026-03-24T14:58:02.139+0000] {logging_mixin.py:190} INFO - Task instance is in running state
[2026-03-24T14:58:02.140+0000] {logging_mixin.py:190} INFO -  Previous state of the Task instance: queued
[2026-03-24T14:58:02.140+0000] {logging_mixin.py:190} INFO - Current task name:olhc_branching.get_csv_high state:running start_date:2026-03-24 14:58:01.722770+00:00
[2026-03-24T14:58:02.140+0000] {logging_mixin.py:190} INFO - Dag name:dag_get_data_from_yf and current dag run status:running
[2026-03-24T14:58:02.141+0000] {taskinstance.py:740} INFO - ::endgroup::
[2026-03-24T14:58:02.169+0000] {logging_mixin.py:190} INFO - Data saved to /opt/***/scripts/saham_indonesia_high.csv
[2026-03-24T14:58:02.170+0000] {python.py:240} INFO - Done. Returned value was: /opt/***/scripts/saham_indonesia_high.csv
[2026-03-24T14:58:02.229+0000] {taskinstance.py:349} INFO - ::group::Post task execution logs
[2026-03-24T14:58:02.231+0000] {taskinstance.py:361} INFO - Marking task as SUCCESS. dag_id=dag_get_data_from_yf, task_id=olhc_branching.get_csv_high, run_id=manual__2026-03-24T14:57:37+00:00, execution_date=20260324T145737, start_date=20260324T145801, end_date=20260324T145802
[2026-03-24T14:58:02.294+0000] {logging_mixin.py:190} INFO - Task instance in success state
[2026-03-24T14:58:02.295+0000] {logging_mixin.py:190} INFO -  Previous state of the Task instance: running
[2026-03-24T14:58:02.295+0000] {logging_mixin.py:190} INFO - Dag name:dag_get_data_from_yf queued_at:2026-03-24 14:57:44.232625+00:00
[2026-03-24T14:58:02.297+0000] {logging_mixin.py:190} INFO - Task hostname:a72f93576683 operator:_PythonDecoratedOperator
[2026-03-24T14:58:02.319+0000] {local_task_job_runner.py:266} INFO - Task exited with return code 0
[2026-03-24T14:58:02.375+0000] {taskinstance.py:3924} INFO - 0 downstream tasks scheduled from follow-on schedule check
[2026-03-24T14:58:02.379+0000] {local_task_job_runner.py:245} INFO - ::endgroup::
