[2026-03-15T09:12:44.159+0000] {local_task_job_runner.py:123} INFO - ::group::Pre task execution logs
[2026-03-15T09:12:44.487+0000] {taskinstance.py:2631} INFO - Dependencies all met for dep_context=non-requeueable deps ti=<TaskInstance: dag_get_data_from_yf.olhc_branching.get_csv_low scheduled__2026-03-07T00:00:00+00:00 [queued]>
[2026-03-15T09:12:44.597+0000] {taskinstance.py:2631} INFO - Dependencies all met for dep_context=requeueable deps ti=<TaskInstance: dag_get_data_from_yf.olhc_branching.get_csv_low scheduled__2026-03-07T00:00:00+00:00 [queued]>
[2026-03-15T09:12:44.598+0000] {taskinstance.py:2884} INFO - Starting attempt 1 of 1
[2026-03-15T09:12:44.880+0000] {taskinstance.py:2907} INFO - Executing <Task(_PythonDecoratedOperator): olhc_branching.get_csv_low> on 2026-03-07 00:00:00+00:00
[2026-03-15T09:12:44.925+0000] {warnings.py:112} WARNING - /home/***/.local/lib/python3.12/site-packages/***/task/task_runner/standard_task_runner.py:70: DeprecationWarning: This process (pid=1235) is multi-threaded, use of fork() may lead to deadlocks in the child.
  pid = os.fork()

[2026-03-15T09:12:44.930+0000] {standard_task_runner.py:72} INFO - Started process 1395 to run task
[2026-03-15T09:12:44.976+0000] {standard_task_runner.py:104} INFO - Running: ['***', 'tasks', 'run', 'dag_get_data_from_yf', 'olhc_branching.get_csv_low', 'scheduled__2026-03-07T00:00:00+00:00', '--job-id', '14931', '--raw', '--subdir', 'DAGS_FOLDER/get_finance_yf_csv.py', '--cfg-path', '/tmp/tmp71foelss']
[2026-03-15T09:12:44.979+0000] {standard_task_runner.py:105} INFO - Job 14931: Subtask olhc_branching.get_csv_low
[2026-03-15T09:12:45.344+0000] {task_command.py:467} INFO - Running <TaskInstance: dag_get_data_from_yf.olhc_branching.get_csv_low scheduled__2026-03-07T00:00:00+00:00 [running]> on host 547c214a0f76
[2026-03-15T09:12:46.482+0000] {taskinstance.py:3157} INFO - Exporting env vars: AIRFLOW_CTX_DAG_OWNER='***' AIRFLOW_CTX_DAG_ID='dag_get_data_from_yf' AIRFLOW_CTX_TASK_ID='olhc_branching.get_csv_low' AIRFLOW_CTX_EXECUTION_DATE='2026-03-07T00:00:00+00:00' AIRFLOW_CTX_TRY_NUMBER='1' AIRFLOW_CTX_DAG_RUN_ID='scheduled__2026-03-07T00:00:00+00:00'
[2026-03-15T09:12:46.497+0000] {logging_mixin.py:190} INFO - Task instance is in running state
[2026-03-15T09:12:46.498+0000] {logging_mixin.py:190} INFO -  Previous state of the Task instance: queued
[2026-03-15T09:12:46.498+0000] {logging_mixin.py:190} INFO - Current task name:olhc_branching.get_csv_low state:running start_date:2026-03-15 09:12:44.488964+00:00
[2026-03-15T09:12:46.499+0000] {logging_mixin.py:190} INFO - Dag name:dag_get_data_from_yf and current dag run status:running
[2026-03-15T09:12:46.507+0000] {taskinstance.py:740} INFO - ::endgroup::
[2026-03-15T09:12:46.590+0000] {logging_mixin.py:190} INFO - None
[2026-03-15T09:12:46.591+0000] {python.py:240} INFO - Done. Returned value was: /opt/***/scripts/saham_indonesia_low.csv
[2026-03-15T09:12:46.754+0000] {taskinstance.py:349} INFO - ::group::Post task execution logs
[2026-03-15T09:12:46.756+0000] {taskinstance.py:361} INFO - Marking task as SUCCESS. dag_id=dag_get_data_from_yf, task_id=olhc_branching.get_csv_low, run_id=scheduled__2026-03-07T00:00:00+00:00, execution_date=20260307T000000, start_date=20260315T091244, end_date=20260315T091246
[2026-03-15T09:12:46.908+0000] {logging_mixin.py:190} INFO - Task instance in success state
[2026-03-15T09:12:46.908+0000] {logging_mixin.py:190} INFO -  Previous state of the Task instance: running
[2026-03-15T09:12:46.909+0000] {logging_mixin.py:190} INFO - Dag name:dag_get_data_from_yf queued_at:2026-03-15 09:07:48.583483+00:00
[2026-03-15T09:12:46.909+0000] {logging_mixin.py:190} INFO - Task hostname:547c214a0f76 operator:_PythonDecoratedOperator
[2026-03-15T09:12:46.968+0000] {local_task_job_runner.py:266} INFO - Task exited with return code 0
[2026-03-15T09:12:47.099+0000] {taskinstance.py:3924} INFO - 0 downstream tasks scheduled from follow-on schedule check
[2026-03-15T09:12:47.119+0000] {local_task_job_runner.py:245} INFO - ::endgroup::
[2026-03-15T09:47:43.515+0000] {local_task_job_runner.py:123} INFO - ::group::Pre task execution logs
[2026-03-15T09:47:43.572+0000] {taskinstance.py:2631} INFO - Dependencies all met for dep_context=non-requeueable deps ti=<TaskInstance: dag_get_data_from_yf.olhc_branching.get_csv_low scheduled__2026-03-07T00:00:00+00:00 [queued]>
[2026-03-15T09:47:43.591+0000] {taskinstance.py:2631} INFO - Dependencies all met for dep_context=requeueable deps ti=<TaskInstance: dag_get_data_from_yf.olhc_branching.get_csv_low scheduled__2026-03-07T00:00:00+00:00 [queued]>
[2026-03-15T09:47:43.592+0000] {taskinstance.py:2884} INFO - Starting attempt 1 of 1
[2026-03-15T09:47:43.616+0000] {taskinstance.py:2907} INFO - Executing <Task(_PythonDecoratedOperator): olhc_branching.get_csv_low> on 2026-03-07 00:00:00+00:00
[2026-03-15T09:47:43.632+0000] {warnings.py:112} WARNING - /home/***/.local/lib/python3.12/site-packages/***/task/task_runner/standard_task_runner.py:70: DeprecationWarning: This process (pid=593) is multi-threaded, use of fork() may lead to deadlocks in the child.
  pid = os.fork()

[2026-03-15T09:47:43.635+0000] {standard_task_runner.py:72} INFO - Started process 782 to run task
[2026-03-15T09:47:43.639+0000] {standard_task_runner.py:104} INFO - Running: ['***', 'tasks', 'run', 'dag_get_data_from_yf', 'olhc_branching.get_csv_low', 'scheduled__2026-03-07T00:00:00+00:00', '--job-id', '48', '--raw', '--subdir', 'DAGS_FOLDER/get_finance_yf_csv.py', '--cfg-path', '/tmp/tmphr40r3dt']
[2026-03-15T09:47:43.646+0000] {standard_task_runner.py:105} INFO - Job 48: Subtask olhc_branching.get_csv_low
[2026-03-15T09:47:43.772+0000] {task_command.py:467} INFO - Running <TaskInstance: dag_get_data_from_yf.olhc_branching.get_csv_low scheduled__2026-03-07T00:00:00+00:00 [running]> on host 8c556da65e50
[2026-03-15T09:47:44.121+0000] {taskinstance.py:3157} INFO - Exporting env vars: AIRFLOW_CTX_DAG_OWNER='***' AIRFLOW_CTX_DAG_ID='dag_get_data_from_yf' AIRFLOW_CTX_TASK_ID='olhc_branching.get_csv_low' AIRFLOW_CTX_EXECUTION_DATE='2026-03-07T00:00:00+00:00' AIRFLOW_CTX_TRY_NUMBER='1' AIRFLOW_CTX_DAG_RUN_ID='scheduled__2026-03-07T00:00:00+00:00'
[2026-03-15T09:47:44.123+0000] {logging_mixin.py:190} INFO - Task instance is in running state
[2026-03-15T09:47:44.124+0000] {logging_mixin.py:190} INFO -  Previous state of the Task instance: queued
[2026-03-15T09:47:44.125+0000] {logging_mixin.py:190} INFO - Current task name:olhc_branching.get_csv_low state:running start_date:2026-03-15 09:47:43.573175+00:00
[2026-03-15T09:47:44.125+0000] {logging_mixin.py:190} INFO - Dag name:dag_get_data_from_yf and current dag run status:running
[2026-03-15T09:47:44.125+0000] {taskinstance.py:740} INFO - ::endgroup::
[2026-03-15T09:47:44.140+0000] {logging_mixin.py:190} INFO - None
[2026-03-15T09:47:44.141+0000] {python.py:240} INFO - Done. Returned value was: /opt/***/scripts/saham_indonesia_low.csv
[2026-03-15T09:47:44.202+0000] {taskinstance.py:349} INFO - ::group::Post task execution logs
[2026-03-15T09:47:44.203+0000] {taskinstance.py:361} INFO - Marking task as SUCCESS. dag_id=dag_get_data_from_yf, task_id=olhc_branching.get_csv_low, run_id=scheduled__2026-03-07T00:00:00+00:00, execution_date=20260307T000000, start_date=20260315T094743, end_date=20260315T094744
[2026-03-15T09:47:44.261+0000] {logging_mixin.py:190} INFO - Task instance in success state
[2026-03-15T09:47:44.262+0000] {logging_mixin.py:190} INFO -  Previous state of the Task instance: running
[2026-03-15T09:47:44.262+0000] {logging_mixin.py:190} INFO - Dag name:dag_get_data_from_yf queued_at:2026-03-15 09:40:31.113353+00:00
[2026-03-15T09:47:44.263+0000] {logging_mixin.py:190} INFO - Task hostname:8c556da65e50 operator:_PythonDecoratedOperator
[2026-03-15T09:47:44.286+0000] {local_task_job_runner.py:266} INFO - Task exited with return code 0
[2026-03-15T09:47:44.357+0000] {taskinstance.py:3924} INFO - 1 downstream tasks scheduled from follow-on schedule check
[2026-03-15T09:47:44.360+0000] {local_task_job_runner.py:245} INFO - ::endgroup::
[2026-03-15T11:37:06.247+0000] {local_task_job_runner.py:123} INFO - ::group::Pre task execution logs
[2026-03-15T11:37:06.494+0000] {taskinstance.py:2631} INFO - Dependencies all met for dep_context=non-requeueable deps ti=<TaskInstance: dag_get_data_from_yf.olhc_branching.get_csv_low scheduled__2026-03-07T00:00:00+00:00 [queued]>
[2026-03-15T11:37:06.590+0000] {taskinstance.py:2631} INFO - Dependencies all met for dep_context=requeueable deps ti=<TaskInstance: dag_get_data_from_yf.olhc_branching.get_csv_low scheduled__2026-03-07T00:00:00+00:00 [queued]>
[2026-03-15T11:37:06.596+0000] {taskinstance.py:2884} INFO - Starting attempt 1 of 1
[2026-03-15T11:37:06.876+0000] {taskinstance.py:2907} INFO - Executing <Task(_PythonDecoratedOperator): olhc_branching.get_csv_low> on 2026-03-07 00:00:00+00:00
[2026-03-15T11:37:07.080+0000] {warnings.py:112} WARNING - /home/***/.local/lib/python3.12/site-packages/***/task/task_runner/standard_task_runner.py:70: DeprecationWarning: This process (pid=593) is multi-threaded, use of fork() may lead to deadlocks in the child.
  pid = os.fork()

[2026-03-15T11:37:07.141+0000] {standard_task_runner.py:72} INFO - Started process 725 to run task
[2026-03-15T11:37:07.403+0000] {standard_task_runner.py:104} INFO - Running: ['***', 'tasks', 'run', 'dag_get_data_from_yf', 'olhc_branching.get_csv_low', 'scheduled__2026-03-07T00:00:00+00:00', '--job-id', '39', '--raw', '--subdir', 'DAGS_FOLDER/get_finance_yf_csv.py', '--cfg-path', '/tmp/tmpmlvb3c21']
[2026-03-15T11:37:07.912+0000] {standard_task_runner.py:105} INFO - Job 39: Subtask olhc_branching.get_csv_low
[2026-03-15T11:37:18.754+0000] {cli_action_loggers.py:177} WARNING - Failed to log action (psycopg2.OperationalError) could not translate host name "postgres" to address: Temporary failure in name resolution

(Background on this error at: https://sqlalche.me/e/14/e3q8)
[2026-03-15T11:37:19.381+0000] {job.py:229} INFO - Heartbeat recovered after 14.05 seconds
[2026-03-15T11:37:20.145+0000] {task_command.py:467} INFO - Running <TaskInstance: dag_get_data_from_yf.olhc_branching.get_csv_low scheduled__2026-03-07T00:00:00+00:00 [running]> on host 0682dd67c20c
[2026-03-15T11:37:23.284+0000] {taskinstance.py:3157} INFO - Exporting env vars: AIRFLOW_CTX_DAG_OWNER='***' AIRFLOW_CTX_DAG_ID='dag_get_data_from_yf' AIRFLOW_CTX_TASK_ID='olhc_branching.get_csv_low' AIRFLOW_CTX_EXECUTION_DATE='2026-03-07T00:00:00+00:00' AIRFLOW_CTX_TRY_NUMBER='1' AIRFLOW_CTX_DAG_RUN_ID='scheduled__2026-03-07T00:00:00+00:00'
[2026-03-15T11:37:23.298+0000] {logging_mixin.py:190} INFO - Task instance is in running state
[2026-03-15T11:37:23.300+0000] {logging_mixin.py:190} INFO -  Previous state of the Task instance: queued
[2026-03-15T11:37:23.302+0000] {logging_mixin.py:190} INFO - Current task name:olhc_branching.get_csv_low state:running start_date:2026-03-15 11:37:06.495079+00:00
[2026-03-15T11:37:23.303+0000] {logging_mixin.py:190} INFO - Dag name:dag_get_data_from_yf and current dag run status:running
[2026-03-15T11:37:23.304+0000] {taskinstance.py:740} INFO - ::endgroup::
[2026-03-15T11:37:23.336+0000] {logging_mixin.py:190} INFO - None
[2026-03-15T11:37:23.337+0000] {python.py:240} INFO - Done. Returned value was: /opt/***/scripts/saham_indonesia_low.csv
[2026-03-15T11:37:23.547+0000] {taskinstance.py:349} INFO - ::group::Post task execution logs
[2026-03-15T11:37:23.548+0000] {taskinstance.py:361} INFO - Marking task as SUCCESS. dag_id=dag_get_data_from_yf, task_id=olhc_branching.get_csv_low, run_id=scheduled__2026-03-07T00:00:00+00:00, execution_date=20260307T000000, start_date=20260315T113706, end_date=20260315T113723
[2026-03-15T11:37:24.089+0000] {logging_mixin.py:190} INFO - Task instance in success state
[2026-03-15T11:37:24.090+0000] {logging_mixin.py:190} INFO -  Previous state of the Task instance: running
[2026-03-15T11:37:24.091+0000] {logging_mixin.py:190} INFO - Dag name:dag_get_data_from_yf queued_at:2026-03-15 11:31:36.287196+00:00
[2026-03-15T11:37:24.091+0000] {logging_mixin.py:190} INFO - Task hostname:0682dd67c20c operator:_PythonDecoratedOperator
[2026-03-15T11:37:24.301+0000] {local_task_job_runner.py:266} INFO - Task exited with return code 0
[2026-03-15T11:37:24.427+0000] {taskinstance.py:3924} INFO - 0 downstream tasks scheduled from follow-on schedule check
[2026-03-15T11:37:24.474+0000] {local_task_job_runner.py:245} INFO - ::endgroup::
[2026-03-15T12:11:33.030+0000] {local_task_job_runner.py:123} INFO - ::group::Pre task execution logs
[2026-03-15T12:11:33.508+0000] {taskinstance.py:2631} INFO - Dependencies all met for dep_context=non-requeueable deps ti=<TaskInstance: dag_get_data_from_yf.olhc_branching.get_csv_low scheduled__2026-03-07T00:00:00+00:00 [queued]>
[2026-03-15T12:11:33.621+0000] {taskinstance.py:2631} INFO - Dependencies all met for dep_context=requeueable deps ti=<TaskInstance: dag_get_data_from_yf.olhc_branching.get_csv_low scheduled__2026-03-07T00:00:00+00:00 [queued]>
[2026-03-15T12:11:33.622+0000] {taskinstance.py:2884} INFO - Starting attempt 1 of 1
[2026-03-15T12:11:33.742+0000] {taskinstance.py:2907} INFO - Executing <Task(_PythonDecoratedOperator): olhc_branching.get_csv_low> on 2026-03-07 00:00:00+00:00
[2026-03-15T12:11:33.882+0000] {warnings.py:112} WARNING - /home/***/.local/lib/python3.12/site-packages/***/task/task_runner/standard_task_runner.py:70: DeprecationWarning: This process (pid=2581) is multi-threaded, use of fork() may lead to deadlocks in the child.
  pid = os.fork()

[2026-03-15T12:11:33.894+0000] {standard_task_runner.py:72} INFO - Started process 2727 to run task
[2026-03-15T12:11:33.922+0000] {standard_task_runner.py:104} INFO - Running: ['***', 'tasks', 'run', 'dag_get_data_from_yf', 'olhc_branching.get_csv_low', 'scheduled__2026-03-07T00:00:00+00:00', '--job-id', '207', '--raw', '--subdir', 'DAGS_FOLDER/get_finance_yf_csv.py', '--cfg-path', '/tmp/tmp6mvdz__p']
[2026-03-15T12:11:33.925+0000] {standard_task_runner.py:105} INFO - Job 207: Subtask olhc_branching.get_csv_low
[2026-03-15T12:11:34.474+0000] {task_command.py:467} INFO - Running <TaskInstance: dag_get_data_from_yf.olhc_branching.get_csv_low scheduled__2026-03-07T00:00:00+00:00 [running]> on host 0682dd67c20c
[2026-03-15T12:11:38.929+0000] {taskinstance.py:3157} INFO - Exporting env vars: AIRFLOW_CTX_DAG_OWNER='***' AIRFLOW_CTX_DAG_ID='dag_get_data_from_yf' AIRFLOW_CTX_TASK_ID='olhc_branching.get_csv_low' AIRFLOW_CTX_EXECUTION_DATE='2026-03-07T00:00:00+00:00' AIRFLOW_CTX_TRY_NUMBER='1' AIRFLOW_CTX_DAG_RUN_ID='scheduled__2026-03-07T00:00:00+00:00'
[2026-03-15T12:11:38.935+0000] {logging_mixin.py:190} INFO - Task instance is in running state
[2026-03-15T12:11:38.935+0000] {logging_mixin.py:190} INFO -  Previous state of the Task instance: queued
[2026-03-15T12:11:38.936+0000] {logging_mixin.py:190} INFO - Current task name:olhc_branching.get_csv_low state:running start_date:2026-03-15 12:11:33.509564+00:00
[2026-03-15T12:11:38.937+0000] {logging_mixin.py:190} INFO - Dag name:dag_get_data_from_yf and current dag run status:running
[2026-03-15T12:11:38.939+0000] {taskinstance.py:740} INFO - ::endgroup::
[2026-03-15T12:11:38.952+0000] {logging_mixin.py:190} INFO - None
[2026-03-15T12:11:38.953+0000] {python.py:240} INFO - Done. Returned value was: /opt/***/scripts/saham_indonesia_low.csv
[2026-03-15T12:11:39.162+0000] {taskinstance.py:349} INFO - ::group::Post task execution logs
[2026-03-15T12:11:39.162+0000] {taskinstance.py:361} INFO - Marking task as SUCCESS. dag_id=dag_get_data_from_yf, task_id=olhc_branching.get_csv_low, run_id=scheduled__2026-03-07T00:00:00+00:00, execution_date=20260307T000000, start_date=20260315T121133, end_date=20260315T121139
[2026-03-15T12:11:39.339+0000] {logging_mixin.py:190} INFO - Task instance in success state
[2026-03-15T12:11:39.340+0000] {logging_mixin.py:190} INFO -  Previous state of the Task instance: running
[2026-03-15T12:11:39.340+0000] {logging_mixin.py:190} INFO - Dag name:dag_get_data_from_yf queued_at:2026-03-15 12:05:15.927490+00:00
[2026-03-15T12:11:39.341+0000] {logging_mixin.py:190} INFO - Task hostname:0682dd67c20c operator:_PythonDecoratedOperator
[2026-03-15T12:11:39.417+0000] {local_task_job_runner.py:266} INFO - Task exited with return code 0
[2026-03-15T12:11:39.599+0000] {taskinstance.py:3924} INFO - 0 downstream tasks scheduled from follow-on schedule check
[2026-03-15T12:11:39.610+0000] {local_task_job_runner.py:245} INFO - ::endgroup::
[2026-03-15T14:55:58.122+0000] {local_task_job_runner.py:123} INFO - ::group::Pre task execution logs
[2026-03-15T14:55:58.514+0000] {taskinstance.py:2631} INFO - Dependencies all met for dep_context=non-requeueable deps ti=<TaskInstance: dag_get_data_from_yf.olhc_branching.get_csv_low scheduled__2026-03-07T00:00:00+00:00 [queued]>
[2026-03-15T14:55:58.571+0000] {taskinstance.py:2631} INFO - Dependencies all met for dep_context=requeueable deps ti=<TaskInstance: dag_get_data_from_yf.olhc_branching.get_csv_low scheduled__2026-03-07T00:00:00+00:00 [queued]>
[2026-03-15T14:55:58.572+0000] {taskinstance.py:2884} INFO - Starting attempt 1 of 1
[2026-03-15T14:55:58.653+0000] {taskinstance.py:2907} INFO - Executing <Task(_PythonDecoratedOperator): olhc_branching.get_csv_low> on 2026-03-07 00:00:00+00:00
[2026-03-15T14:55:58.739+0000] {warnings.py:112} WARNING - /home/***/.local/lib/python3.12/site-packages/***/task/task_runner/standard_task_runner.py:70: DeprecationWarning: This process (pid=3857) is multi-threaded, use of fork() may lead to deadlocks in the child.
  pid = os.fork()

[2026-03-15T14:55:58.766+0000] {standard_task_runner.py:72} INFO - Started process 4024 to run task
[2026-03-15T14:55:58.755+0000] {standard_task_runner.py:104} INFO - Running: ['***', 'tasks', 'run', 'dag_get_data_from_yf', 'olhc_branching.get_csv_low', 'scheduled__2026-03-07T00:00:00+00:00', '--job-id', '322', '--raw', '--subdir', 'DAGS_FOLDER/get_finance_yf_csv.py', '--cfg-path', '/tmp/tmpqmjyvurw']
[2026-03-15T14:55:58.772+0000] {standard_task_runner.py:105} INFO - Job 322: Subtask olhc_branching.get_csv_low
[2026-03-15T14:55:59.136+0000] {task_command.py:467} INFO - Running <TaskInstance: dag_get_data_from_yf.olhc_branching.get_csv_low scheduled__2026-03-07T00:00:00+00:00 [running]> on host 0682dd67c20c
[2026-03-15T14:56:00.508+0000] {taskinstance.py:3157} INFO - Exporting env vars: AIRFLOW_CTX_DAG_OWNER='***' AIRFLOW_CTX_DAG_ID='dag_get_data_from_yf' AIRFLOW_CTX_TASK_ID='olhc_branching.get_csv_low' AIRFLOW_CTX_EXECUTION_DATE='2026-03-07T00:00:00+00:00' AIRFLOW_CTX_TRY_NUMBER='1' AIRFLOW_CTX_DAG_RUN_ID='scheduled__2026-03-07T00:00:00+00:00'
[2026-03-15T14:56:00.530+0000] {logging_mixin.py:190} INFO - Task instance is in running state
[2026-03-15T14:56:00.531+0000] {logging_mixin.py:190} INFO -  Previous state of the Task instance: queued
[2026-03-15T14:56:00.532+0000] {logging_mixin.py:190} INFO - Current task name:olhc_branching.get_csv_low state:running start_date:2026-03-15 14:55:58.514937+00:00
[2026-03-15T14:56:00.532+0000] {logging_mixin.py:190} INFO - Dag name:dag_get_data_from_yf and current dag run status:running
[2026-03-15T14:56:00.532+0000] {taskinstance.py:740} INFO - ::endgroup::
[2026-03-15T14:56:00.658+0000] {logging_mixin.py:190} INFO - None
[2026-03-15T14:56:00.660+0000] {python.py:240} INFO - Done. Returned value was: /opt/***/scripts/saham_indonesia_low.csv
[2026-03-15T14:56:00.909+0000] {taskinstance.py:349} INFO - ::group::Post task execution logs
[2026-03-15T14:56:00.910+0000] {taskinstance.py:361} INFO - Marking task as SUCCESS. dag_id=dag_get_data_from_yf, task_id=olhc_branching.get_csv_low, run_id=scheduled__2026-03-07T00:00:00+00:00, execution_date=20260307T000000, start_date=20260315T145558, end_date=20260315T145600
[2026-03-15T14:56:01.167+0000] {logging_mixin.py:190} INFO - Task instance in success state
[2026-03-15T14:56:01.168+0000] {logging_mixin.py:190} INFO -  Previous state of the Task instance: running
[2026-03-15T14:56:01.169+0000] {logging_mixin.py:190} INFO - Dag name:dag_get_data_from_yf queued_at:2026-03-15 14:52:00.071770+00:00
[2026-03-15T14:56:01.170+0000] {logging_mixin.py:190} INFO - Task hostname:0682dd67c20c operator:_PythonDecoratedOperator
[2026-03-15T14:56:01.401+0000] {local_task_job_runner.py:266} INFO - Task exited with return code 0
[2026-03-15T14:56:02.036+0000] {taskinstance.py:3924} INFO - 1 downstream tasks scheduled from follow-on schedule check
[2026-03-15T14:56:02.040+0000] {local_task_job_runner.py:245} INFO - ::endgroup::
[2026-03-15T15:13:30.778+0000] {local_task_job_runner.py:123} INFO - ::group::Pre task execution logs
[2026-03-15T15:13:31.126+0000] {taskinstance.py:2631} INFO - Dependencies all met for dep_context=non-requeueable deps ti=<TaskInstance: dag_get_data_from_yf.olhc_branching.get_csv_low scheduled__2026-03-07T00:00:00+00:00 [queued]>
[2026-03-15T15:13:31.244+0000] {taskinstance.py:2631} INFO - Dependencies all met for dep_context=requeueable deps ti=<TaskInstance: dag_get_data_from_yf.olhc_branching.get_csv_low scheduled__2026-03-07T00:00:00+00:00 [queued]>
[2026-03-15T15:13:31.245+0000] {taskinstance.py:2884} INFO - Starting attempt 1 of 1
[2026-03-15T15:13:31.402+0000] {taskinstance.py:2907} INFO - Executing <Task(_PythonDecoratedOperator): olhc_branching.get_csv_low> on 2026-03-07 00:00:00+00:00
[2026-03-15T15:13:31.736+0000] {warnings.py:112} WARNING - /home/***/.local/lib/python3.12/site-packages/***/task/task_runner/standard_task_runner.py:70: DeprecationWarning: This process (pid=4894) is multi-threaded, use of fork() may lead to deadlocks in the child.
  pid = os.fork()

[2026-03-15T15:13:31.757+0000] {standard_task_runner.py:72} INFO - Started process 5075 to run task
[2026-03-15T15:13:31.859+0000] {standard_task_runner.py:104} INFO - Running: ['***', 'tasks', 'run', 'dag_get_data_from_yf', 'olhc_branching.get_csv_low', 'scheduled__2026-03-07T00:00:00+00:00', '--job-id', '409', '--raw', '--subdir', 'DAGS_FOLDER/get_finance_yf_csv.py', '--cfg-path', '/tmp/tmp8faah3l1']
[2026-03-15T15:13:31.867+0000] {standard_task_runner.py:105} INFO - Job 409: Subtask olhc_branching.get_csv_low
[2026-03-15T15:13:32.108+0000] {task_command.py:467} INFO - Running <TaskInstance: dag_get_data_from_yf.olhc_branching.get_csv_low scheduled__2026-03-07T00:00:00+00:00 [running]> on host 0682dd67c20c
[2026-03-15T15:13:34.194+0000] {taskinstance.py:3157} INFO - Exporting env vars: AIRFLOW_CTX_DAG_OWNER='***' AIRFLOW_CTX_DAG_ID='dag_get_data_from_yf' AIRFLOW_CTX_TASK_ID='olhc_branching.get_csv_low' AIRFLOW_CTX_EXECUTION_DATE='2026-03-07T00:00:00+00:00' AIRFLOW_CTX_TRY_NUMBER='1' AIRFLOW_CTX_DAG_RUN_ID='scheduled__2026-03-07T00:00:00+00:00'
[2026-03-15T15:13:34.198+0000] {logging_mixin.py:190} INFO - Task instance is in running state
[2026-03-15T15:13:34.220+0000] {logging_mixin.py:190} INFO -  Previous state of the Task instance: queued
[2026-03-15T15:13:34.221+0000] {logging_mixin.py:190} INFO - Current task name:olhc_branching.get_csv_low state:running start_date:2026-03-15 15:13:31.132733+00:00
[2026-03-15T15:13:34.222+0000] {logging_mixin.py:190} INFO - Dag name:dag_get_data_from_yf and current dag run status:running
[2026-03-15T15:13:34.223+0000] {taskinstance.py:740} INFO - ::endgroup::
[2026-03-15T15:13:34.257+0000] {logging_mixin.py:190} INFO - None
[2026-03-15T15:13:34.258+0000] {python.py:240} INFO - Done. Returned value was: /opt/***/scripts/saham_indonesia_low.csv
[2026-03-15T15:13:34.498+0000] {taskinstance.py:349} INFO - ::group::Post task execution logs
[2026-03-15T15:13:34.499+0000] {taskinstance.py:361} INFO - Marking task as SUCCESS. dag_id=dag_get_data_from_yf, task_id=olhc_branching.get_csv_low, run_id=scheduled__2026-03-07T00:00:00+00:00, execution_date=20260307T000000, start_date=20260315T151331, end_date=20260315T151334
[2026-03-15T15:13:34.731+0000] {logging_mixin.py:190} INFO - Task instance in success state
[2026-03-15T15:13:34.732+0000] {logging_mixin.py:190} INFO -  Previous state of the Task instance: running
[2026-03-15T15:13:34.733+0000] {logging_mixin.py:190} INFO - Dag name:dag_get_data_from_yf queued_at:2026-03-15 15:10:55.275514+00:00
[2026-03-15T15:13:34.739+0000] {logging_mixin.py:190} INFO - Task hostname:0682dd67c20c operator:_PythonDecoratedOperator
[2026-03-15T15:13:34.873+0000] {local_task_job_runner.py:266} INFO - Task exited with return code 0
[2026-03-15T15:13:35.048+0000] {local_task_job_runner.py:245} INFO - ::endgroup::
[2026-03-15T15:22:22.915+0000] {local_task_job_runner.py:123} INFO - ::group::Pre task execution logs
[2026-03-15T15:22:23.117+0000] {taskinstance.py:2631} INFO - Dependencies all met for dep_context=non-requeueable deps ti=<TaskInstance: dag_get_data_from_yf.olhc_branching.get_csv_low scheduled__2026-03-07T00:00:00+00:00 [queued]>
[2026-03-15T15:22:23.164+0000] {taskinstance.py:2631} INFO - Dependencies all met for dep_context=requeueable deps ti=<TaskInstance: dag_get_data_from_yf.olhc_branching.get_csv_low scheduled__2026-03-07T00:00:00+00:00 [queued]>
[2026-03-15T15:22:23.170+0000] {taskinstance.py:2884} INFO - Starting attempt 1 of 1
[2026-03-15T15:22:23.267+0000] {taskinstance.py:2907} INFO - Executing <Task(_PythonDecoratedOperator): olhc_branching.get_csv_low> on 2026-03-07 00:00:00+00:00
[2026-03-15T15:22:23.308+0000] {warnings.py:112} WARNING - /home/***/.local/lib/python3.12/site-packages/***/task/task_runner/standard_task_runner.py:70: DeprecationWarning: This process (pid=564) is multi-threaded, use of fork() may lead to deadlocks in the child.
  pid = os.fork()

[2026-03-15T15:22:23.323+0000] {standard_task_runner.py:72} INFO - Started process 765 to run task
[2026-03-15T15:22:23.327+0000] {standard_task_runner.py:104} INFO - Running: ['***', 'tasks', 'run', 'dag_get_data_from_yf', 'olhc_branching.get_csv_low', 'scheduled__2026-03-07T00:00:00+00:00', '--job-id', '456', '--raw', '--subdir', 'DAGS_FOLDER/get_finance_yf_csv.py', '--cfg-path', '/tmp/tmpjwbug7d_']
[2026-03-15T15:22:23.330+0000] {standard_task_runner.py:105} INFO - Job 456: Subtask olhc_branching.get_csv_low
[2026-03-15T15:22:23.643+0000] {task_command.py:467} INFO - Running <TaskInstance: dag_get_data_from_yf.olhc_branching.get_csv_low scheduled__2026-03-07T00:00:00+00:00 [running]> on host c2f7721b6bb3
[2026-03-15T15:22:25.928+0000] {taskinstance.py:3157} INFO - Exporting env vars: AIRFLOW_CTX_DAG_OWNER='***' AIRFLOW_CTX_DAG_ID='dag_get_data_from_yf' AIRFLOW_CTX_TASK_ID='olhc_branching.get_csv_low' AIRFLOW_CTX_EXECUTION_DATE='2026-03-07T00:00:00+00:00' AIRFLOW_CTX_TRY_NUMBER='1' AIRFLOW_CTX_DAG_RUN_ID='scheduled__2026-03-07T00:00:00+00:00'
[2026-03-15T15:22:25.992+0000] {logging_mixin.py:190} INFO - Task instance is in running state
[2026-03-15T15:22:25.993+0000] {logging_mixin.py:190} INFO -  Previous state of the Task instance: queued
[2026-03-15T15:22:25.994+0000] {logging_mixin.py:190} INFO - Current task name:olhc_branching.get_csv_low state:running start_date:2026-03-15 15:22:23.126907+00:00
[2026-03-15T15:22:25.994+0000] {logging_mixin.py:190} INFO - Dag name:dag_get_data_from_yf and current dag run status:running
[2026-03-15T15:22:26.044+0000] {taskinstance.py:740} INFO - ::endgroup::
[2026-03-15T15:22:26.214+0000] {logging_mixin.py:190} INFO - None
[2026-03-15T15:22:26.215+0000] {python.py:240} INFO - Done. Returned value was: /opt/***/scripts/saham_indonesia_low.csv
[2026-03-15T15:22:26.582+0000] {taskinstance.py:349} INFO - ::group::Post task execution logs
[2026-03-15T15:22:26.583+0000] {taskinstance.py:361} INFO - Marking task as SUCCESS. dag_id=dag_get_data_from_yf, task_id=olhc_branching.get_csv_low, run_id=scheduled__2026-03-07T00:00:00+00:00, execution_date=20260307T000000, start_date=20260315T152223, end_date=20260315T152226
[2026-03-15T15:22:28.492+0000] {logging_mixin.py:190} INFO - Task instance in success state
[2026-03-15T15:22:28.493+0000] {logging_mixin.py:190} INFO -  Previous state of the Task instance: running
[2026-03-15T15:22:28.494+0000] {logging_mixin.py:190} INFO - Dag name:dag_get_data_from_yf queued_at:2026-03-15 15:18:38.618335+00:00
[2026-03-15T15:22:28.495+0000] {logging_mixin.py:190} INFO - Task hostname:c2f7721b6bb3 operator:_PythonDecoratedOperator
[2026-03-15T15:22:28.752+0000] {local_task_job_runner.py:266} INFO - Task exited with return code 0
[2026-03-15T15:22:29.081+0000] {taskinstance.py:3924} INFO - 1 downstream tasks scheduled from follow-on schedule check
[2026-03-15T15:22:29.092+0000] {local_task_job_runner.py:245} INFO - ::endgroup::
[2026-03-15T16:20:10.014+0000] {local_task_job_runner.py:123} INFO - ::group::Pre task execution logs
[2026-03-15T16:20:10.336+0000] {taskinstance.py:2631} INFO - Dependencies all met for dep_context=non-requeueable deps ti=<TaskInstance: dag_get_data_from_yf.olhc_branching.get_csv_low scheduled__2026-03-07T00:00:00+00:00 [queued]>
[2026-03-15T16:20:10.411+0000] {taskinstance.py:2631} INFO - Dependencies all met for dep_context=requeueable deps ti=<TaskInstance: dag_get_data_from_yf.olhc_branching.get_csv_low scheduled__2026-03-07T00:00:00+00:00 [queued]>
[2026-03-15T16:20:10.412+0000] {taskinstance.py:2884} INFO - Starting attempt 1 of 1
[2026-03-15T16:20:10.579+0000] {taskinstance.py:2907} INFO - Executing <Task(_PythonDecoratedOperator): olhc_branching.get_csv_low> on 2026-03-07 00:00:00+00:00
[2026-03-15T16:20:10.681+0000] {warnings.py:112} WARNING - /home/***/.local/lib/python3.12/site-packages/***/task/task_runner/standard_task_runner.py:70: DeprecationWarning: This process (pid=2355) is multi-threaded, use of fork() may lead to deadlocks in the child.
  pid = os.fork()

[2026-03-15T16:20:10.695+0000] {standard_task_runner.py:72} INFO - Started process 2602 to run task
[2026-03-15T16:20:10.734+0000] {standard_task_runner.py:104} INFO - Running: ['***', 'tasks', 'run', 'dag_get_data_from_yf', 'olhc_branching.get_csv_low', 'scheduled__2026-03-07T00:00:00+00:00', '--job-id', '583', '--raw', '--subdir', 'DAGS_FOLDER/get_finance_yf_csv.py', '--cfg-path', '/tmp/tmpf6bem1_o']
[2026-03-15T16:20:10.737+0000] {standard_task_runner.py:105} INFO - Job 583: Subtask olhc_branching.get_csv_low
[2026-03-15T16:20:11.260+0000] {task_command.py:467} INFO - Running <TaskInstance: dag_get_data_from_yf.olhc_branching.get_csv_low scheduled__2026-03-07T00:00:00+00:00 [running]> on host c2f7721b6bb3
[2026-03-15T16:20:12.449+0000] {taskinstance.py:3157} INFO - Exporting env vars: AIRFLOW_CTX_DAG_OWNER='***' AIRFLOW_CTX_DAG_ID='dag_get_data_from_yf' AIRFLOW_CTX_TASK_ID='olhc_branching.get_csv_low' AIRFLOW_CTX_EXECUTION_DATE='2026-03-07T00:00:00+00:00' AIRFLOW_CTX_TRY_NUMBER='1' AIRFLOW_CTX_DAG_RUN_ID='scheduled__2026-03-07T00:00:00+00:00'
[2026-03-15T16:20:12.454+0000] {logging_mixin.py:190} INFO - Task instance is in running state
[2026-03-15T16:20:12.455+0000] {logging_mixin.py:190} INFO -  Previous state of the Task instance: queued
[2026-03-15T16:20:12.474+0000] {logging_mixin.py:190} INFO - Current task name:olhc_branching.get_csv_low state:running start_date:2026-03-15 16:20:10.336917+00:00
[2026-03-15T16:20:12.480+0000] {logging_mixin.py:190} INFO - Dag name:dag_get_data_from_yf and current dag run status:running
[2026-03-15T16:20:12.482+0000] {taskinstance.py:740} INFO - ::endgroup::
[2026-03-15T16:20:12.577+0000] {logging_mixin.py:190} INFO - None
[2026-03-15T16:20:12.578+0000] {python.py:240} INFO - Done. Returned value was: /opt/***/scripts/saham_indonesia_low.csv
[2026-03-15T16:20:12.735+0000] {taskinstance.py:349} INFO - ::group::Post task execution logs
[2026-03-15T16:20:12.736+0000] {taskinstance.py:361} INFO - Marking task as SUCCESS. dag_id=dag_get_data_from_yf, task_id=olhc_branching.get_csv_low, run_id=scheduled__2026-03-07T00:00:00+00:00, execution_date=20260307T000000, start_date=20260315T162010, end_date=20260315T162012
[2026-03-15T16:20:13.002+0000] {logging_mixin.py:190} INFO - Task instance in success state
[2026-03-15T16:20:13.003+0000] {logging_mixin.py:190} INFO -  Previous state of the Task instance: running
[2026-03-15T16:20:13.004+0000] {logging_mixin.py:190} INFO - Dag name:dag_get_data_from_yf queued_at:2026-03-15 16:14:39.545670+00:00
[2026-03-15T16:20:13.004+0000] {logging_mixin.py:190} INFO - Task hostname:c2f7721b6bb3 operator:_PythonDecoratedOperator
[2026-03-15T16:20:13.167+0000] {local_task_job_runner.py:266} INFO - Task exited with return code 0
[2026-03-15T16:20:13.305+0000] {local_task_job_runner.py:245} INFO - ::endgroup::
[2026-03-16T04:31:27.691+0000] {local_task_job_runner.py:123} INFO - ::group::Pre task execution logs
[2026-03-16T04:31:27.978+0000] {taskinstance.py:2631} INFO - Dependencies all met for dep_context=non-requeueable deps ti=<TaskInstance: dag_get_data_from_yf.olhc_branching.get_csv_low scheduled__2026-03-07T00:00:00+00:00 [queued]>
[2026-03-16T04:31:28.028+0000] {taskinstance.py:2631} INFO - Dependencies all met for dep_context=requeueable deps ti=<TaskInstance: dag_get_data_from_yf.olhc_branching.get_csv_low scheduled__2026-03-07T00:00:00+00:00 [queued]>
[2026-03-16T04:31:28.029+0000] {taskinstance.py:2884} INFO - Starting attempt 1 of 1
[2026-03-16T04:31:28.071+0000] {taskinstance.py:2907} INFO - Executing <Task(_PythonDecoratedOperator): olhc_branching.get_csv_low> on 2026-03-07 00:00:00+00:00
[2026-03-16T04:31:28.162+0000] {warnings.py:112} WARNING - /home/***/.local/lib/python3.12/site-packages/***/task/task_runner/standard_task_runner.py:70: DeprecationWarning: This process (pid=743) is multi-threaded, use of fork() may lead to deadlocks in the child.
  pid = os.fork()

[2026-03-16T04:31:28.156+0000] {standard_task_runner.py:104} INFO - Running: ['***', 'tasks', 'run', 'dag_get_data_from_yf', 'olhc_branching.get_csv_low', 'scheduled__2026-03-07T00:00:00+00:00', '--job-id', '714', '--raw', '--subdir', 'DAGS_FOLDER/get_finance_yf_csv.py', '--cfg-path', '/tmp/tmplwnhqbv5']
[2026-03-16T04:31:28.174+0000] {standard_task_runner.py:105} INFO - Job 714: Subtask olhc_branching.get_csv_low
[2026-03-16T04:31:28.203+0000] {standard_task_runner.py:72} INFO - Started process 922 to run task
[2026-03-16T04:31:28.504+0000] {task_command.py:467} INFO - Running <TaskInstance: dag_get_data_from_yf.olhc_branching.get_csv_low scheduled__2026-03-07T00:00:00+00:00 [running]> on host 662456f34d26
[2026-03-16T04:31:52.557+0000] {job.py:229} INFO - Heartbeat recovered after 25.33 seconds
[2026-03-16T04:31:53.471+0000] {taskinstance.py:3157} INFO - Exporting env vars: AIRFLOW_CTX_DAG_OWNER='***' AIRFLOW_CTX_DAG_ID='dag_get_data_from_yf' AIRFLOW_CTX_TASK_ID='olhc_branching.get_csv_low' AIRFLOW_CTX_EXECUTION_DATE='2026-03-07T00:00:00+00:00' AIRFLOW_CTX_TRY_NUMBER='1' AIRFLOW_CTX_DAG_RUN_ID='scheduled__2026-03-07T00:00:00+00:00'
[2026-03-16T04:31:53.485+0000] {logging_mixin.py:190} INFO - Task instance is in running state
[2026-03-16T04:31:53.486+0000] {logging_mixin.py:190} INFO -  Previous state of the Task instance: queued
[2026-03-16T04:31:53.488+0000] {logging_mixin.py:190} INFO - Current task name:olhc_branching.get_csv_low state:running start_date:2026-03-16 04:31:27.982360+00:00
[2026-03-16T04:31:53.488+0000] {logging_mixin.py:190} INFO - Dag name:dag_get_data_from_yf and current dag run status:running
[2026-03-16T04:31:53.490+0000] {taskinstance.py:740} INFO - ::endgroup::
[2026-03-16T04:31:53.515+0000] {logging_mixin.py:190} INFO - Ini csv_string_low:  None
[2026-03-16T04:31:53.516+0000] {python.py:240} INFO - Done. Returned value was: /opt/***/scripts/saham_indonesia_low.csv
[2026-03-16T04:31:53.739+0000] {taskinstance.py:349} INFO - ::group::Post task execution logs
[2026-03-16T04:31:53.740+0000] {taskinstance.py:361} INFO - Marking task as SUCCESS. dag_id=dag_get_data_from_yf, task_id=olhc_branching.get_csv_low, run_id=scheduled__2026-03-07T00:00:00+00:00, execution_date=20260307T000000, start_date=20260316T043127, end_date=20260316T043153
[2026-03-16T04:31:54.698+0000] {logging_mixin.py:190} INFO - Task instance in success state
[2026-03-16T04:31:54.701+0000] {logging_mixin.py:190} INFO -  Previous state of the Task instance: running
[2026-03-16T04:31:54.702+0000] {logging_mixin.py:190} INFO - Dag name:dag_get_data_from_yf queued_at:2026-03-16 04:26:37.742383+00:00
[2026-03-16T04:31:54.702+0000] {logging_mixin.py:190} INFO - Task hostname:662456f34d26 operator:_PythonDecoratedOperator
[2026-03-16T04:31:54.763+0000] {local_task_job_runner.py:266} INFO - Task exited with return code 0
[2026-03-16T04:31:55.360+0000] {taskinstance.py:3924} INFO - 0 downstream tasks scheduled from follow-on schedule check
[2026-03-16T04:31:55.381+0000] {local_task_job_runner.py:245} INFO - ::endgroup::
[2026-03-16T10:21:35.052+0000] {local_task_job_runner.py:123} INFO - ::group::Pre task execution logs
[2026-03-16T10:21:35.628+0000] {taskinstance.py:2631} INFO - Dependencies all met for dep_context=non-requeueable deps ti=<TaskInstance: dag_get_data_from_yf.olhc_branching.get_csv_low scheduled__2026-03-07T00:00:00+00:00 [queued]>
[2026-03-16T10:21:35.691+0000] {taskinstance.py:2631} INFO - Dependencies all met for dep_context=requeueable deps ti=<TaskInstance: dag_get_data_from_yf.olhc_branching.get_csv_low scheduled__2026-03-07T00:00:00+00:00 [queued]>
[2026-03-16T10:21:35.693+0000] {taskinstance.py:2884} INFO - Starting attempt 1 of 1
[2026-03-16T10:21:35.799+0000] {taskinstance.py:2907} INFO - Executing <Task(_PythonDecoratedOperator): olhc_branching.get_csv_low> on 2026-03-07 00:00:00+00:00
[2026-03-16T10:21:35.947+0000] {warnings.py:112} WARNING - /home/***/.local/lib/python3.12/site-packages/***/task/task_runner/standard_task_runner.py:70: DeprecationWarning: This process (pid=826) is multi-threaded, use of fork() may lead to deadlocks in the child.
  pid = os.fork()

[2026-03-16T10:21:35.929+0000] {standard_task_runner.py:104} INFO - Running: ['***', 'tasks', 'run', 'dag_get_data_from_yf', 'olhc_branching.get_csv_low', 'scheduled__2026-03-07T00:00:00+00:00', '--job-id', '951', '--raw', '--subdir', 'DAGS_FOLDER/get_finance_yf_csv.py', '--cfg-path', '/tmp/tmphhbzm_hn']
[2026-03-16T10:21:35.985+0000] {standard_task_runner.py:105} INFO - Job 951: Subtask olhc_branching.get_csv_low
[2026-03-16T10:21:35.953+0000] {standard_task_runner.py:72} INFO - Started process 965 to run task
[2026-03-16T10:21:36.691+0000] {task_command.py:467} INFO - Running <TaskInstance: dag_get_data_from_yf.olhc_branching.get_csv_low scheduled__2026-03-07T00:00:00+00:00 [running]> on host b3714f9398e4
[2026-03-16T10:21:38.758+0000] {taskinstance.py:3157} INFO - Exporting env vars: AIRFLOW_CTX_DAG_OWNER='***' AIRFLOW_CTX_DAG_ID='dag_get_data_from_yf' AIRFLOW_CTX_TASK_ID='olhc_branching.get_csv_low' AIRFLOW_CTX_EXECUTION_DATE='2026-03-07T00:00:00+00:00' AIRFLOW_CTX_TRY_NUMBER='1' AIRFLOW_CTX_DAG_RUN_ID='scheduled__2026-03-07T00:00:00+00:00'
[2026-03-16T10:21:38.761+0000] {logging_mixin.py:190} INFO - Task instance is in running state
[2026-03-16T10:21:38.761+0000] {logging_mixin.py:190} INFO -  Previous state of the Task instance: queued
[2026-03-16T10:21:38.762+0000] {logging_mixin.py:190} INFO - Current task name:olhc_branching.get_csv_low state:running start_date:2026-03-16 10:21:35.629829+00:00
[2026-03-16T10:21:38.762+0000] {logging_mixin.py:190} INFO - Dag name:dag_get_data_from_yf and current dag run status:running
[2026-03-16T10:21:38.763+0000] {taskinstance.py:740} INFO - ::endgroup::
[2026-03-16T10:21:38.838+0000] {logging_mixin.py:190} INFO - Ini csv_string_low:  None
[2026-03-16T10:21:38.839+0000] {python.py:240} INFO - Done. Returned value was: /opt/***/scripts/saham_indonesia_low.csv
[2026-03-16T10:21:39.316+0000] {taskinstance.py:349} INFO - ::group::Post task execution logs
[2026-03-16T10:21:39.392+0000] {taskinstance.py:361} INFO - Marking task as SUCCESS. dag_id=dag_get_data_from_yf, task_id=olhc_branching.get_csv_low, run_id=scheduled__2026-03-07T00:00:00+00:00, execution_date=20260307T000000, start_date=20260316T102135, end_date=20260316T102139
[2026-03-16T10:21:40.175+0000] {logging_mixin.py:190} INFO - Task instance in success state
[2026-03-16T10:21:40.177+0000] {logging_mixin.py:190} INFO -  Previous state of the Task instance: running
[2026-03-16T10:21:40.178+0000] {logging_mixin.py:190} INFO - Dag name:dag_get_data_from_yf queued_at:2026-03-16 10:15:48.902367+00:00
[2026-03-16T10:21:40.181+0000] {logging_mixin.py:190} INFO - Task hostname:b3714f9398e4 operator:_PythonDecoratedOperator
[2026-03-16T10:21:40.367+0000] {local_task_job_runner.py:266} INFO - Task exited with return code 0
[2026-03-16T10:21:40.453+0000] {taskinstance.py:3924} INFO - 0 downstream tasks scheduled from follow-on schedule check
[2026-03-16T10:21:40.465+0000] {local_task_job_runner.py:245} INFO - ::endgroup::
[2026-03-16T11:02:39.475+0000] {local_task_job_runner.py:123} INFO - ::group::Pre task execution logs
[2026-03-16T11:02:39.665+0000] {taskinstance.py:2631} INFO - Dependencies all met for dep_context=non-requeueable deps ti=<TaskInstance: dag_get_data_from_yf.olhc_branching.get_csv_low scheduled__2026-03-07T00:00:00+00:00 [queued]>
[2026-03-16T11:02:39.794+0000] {taskinstance.py:2631} INFO - Dependencies all met for dep_context=requeueable deps ti=<TaskInstance: dag_get_data_from_yf.olhc_branching.get_csv_low scheduled__2026-03-07T00:00:00+00:00 [queued]>
[2026-03-16T11:02:39.796+0000] {taskinstance.py:2884} INFO - Starting attempt 1 of 1
[2026-03-16T11:02:40.159+0000] {taskinstance.py:2907} INFO - Executing <Task(_PythonDecoratedOperator): olhc_branching.get_csv_low> on 2026-03-07 00:00:00+00:00
[2026-03-16T11:02:40.378+0000] {warnings.py:112} WARNING - /home/***/.local/lib/python3.12/site-packages/***/task/task_runner/standard_task_runner.py:70: DeprecationWarning: This process (pid=555) is multi-threaded, use of fork() may lead to deadlocks in the child.
  pid = os.fork()

[2026-03-16T11:02:40.396+0000] {standard_task_runner.py:72} INFO - Started process 700 to run task
[2026-03-16T11:02:40.430+0000] {standard_task_runner.py:104} INFO - Running: ['***', 'tasks', 'run', 'dag_get_data_from_yf', 'olhc_branching.get_csv_low', 'scheduled__2026-03-07T00:00:00+00:00', '--job-id', '1075', '--raw', '--subdir', 'DAGS_FOLDER/get_finance_yf_csv.py', '--cfg-path', '/tmp/tmp102ap7rp']
[2026-03-16T11:02:40.446+0000] {standard_task_runner.py:105} INFO - Job 1075: Subtask olhc_branching.get_csv_low
[2026-03-16T11:02:40.864+0000] {task_command.py:467} INFO - Running <TaskInstance: dag_get_data_from_yf.olhc_branching.get_csv_low scheduled__2026-03-07T00:00:00+00:00 [running]> on host 80c99acb76df
[2026-03-16T11:02:42.059+0000] {taskinstance.py:3157} INFO - Exporting env vars: AIRFLOW_CTX_DAG_OWNER='***' AIRFLOW_CTX_DAG_ID='dag_get_data_from_yf' AIRFLOW_CTX_TASK_ID='olhc_branching.get_csv_low' AIRFLOW_CTX_EXECUTION_DATE='2026-03-07T00:00:00+00:00' AIRFLOW_CTX_TRY_NUMBER='1' AIRFLOW_CTX_DAG_RUN_ID='scheduled__2026-03-07T00:00:00+00:00'
[2026-03-16T11:02:42.079+0000] {logging_mixin.py:190} INFO - Task instance is in running state
[2026-03-16T11:02:42.096+0000] {logging_mixin.py:190} INFO -  Previous state of the Task instance: queued
[2026-03-16T11:02:42.097+0000] {logging_mixin.py:190} INFO - Current task name:olhc_branching.get_csv_low state:running start_date:2026-03-16 11:02:39.666300+00:00
[2026-03-16T11:02:42.098+0000] {logging_mixin.py:190} INFO - Dag name:dag_get_data_from_yf and current dag run status:running
[2026-03-16T11:02:42.100+0000] {taskinstance.py:740} INFO - ::endgroup::
[2026-03-16T11:02:42.283+0000] {logging_mixin.py:190} INFO - Ini csv_string_low:  None
[2026-03-16T11:02:42.284+0000] {python.py:240} INFO - Done. Returned value was: /opt/***/scripts/saham_indonesia_low.csv
[2026-03-16T11:02:42.494+0000] {taskinstance.py:349} INFO - ::group::Post task execution logs
[2026-03-16T11:02:42.495+0000] {taskinstance.py:361} INFO - Marking task as SUCCESS. dag_id=dag_get_data_from_yf, task_id=olhc_branching.get_csv_low, run_id=scheduled__2026-03-07T00:00:00+00:00, execution_date=20260307T000000, start_date=20260316T110239, end_date=20260316T110242
[2026-03-16T11:02:42.689+0000] {logging_mixin.py:190} INFO - Task instance in success state
[2026-03-16T11:02:42.690+0000] {logging_mixin.py:190} INFO -  Previous state of the Task instance: running
[2026-03-16T11:02:42.691+0000] {logging_mixin.py:190} INFO - Dag name:dag_get_data_from_yf queued_at:2026-03-16 10:57:52.758711+00:00
[2026-03-16T11:02:42.692+0000] {logging_mixin.py:190} INFO - Task hostname:80c99acb76df operator:_PythonDecoratedOperator
[2026-03-16T11:02:42.769+0000] {local_task_job_runner.py:266} INFO - Task exited with return code 0
[2026-03-16T11:02:42.962+0000] {taskinstance.py:3924} INFO - 0 downstream tasks scheduled from follow-on schedule check
[2026-03-16T11:02:42.998+0000] {local_task_job_runner.py:245} INFO - ::endgroup::
[2026-03-16T15:08:45.470+0000] {local_task_job_runner.py:123} INFO - ::group::Pre task execution logs
[2026-03-16T15:08:45.682+0000] {taskinstance.py:2631} INFO - Dependencies all met for dep_context=non-requeueable deps ti=<TaskInstance: dag_get_data_from_yf.olhc_branching.get_csv_low scheduled__2026-03-07T00:00:00+00:00 [queued]>
[2026-03-16T15:08:45.747+0000] {taskinstance.py:2631} INFO - Dependencies all met for dep_context=requeueable deps ti=<TaskInstance: dag_get_data_from_yf.olhc_branching.get_csv_low scheduled__2026-03-07T00:00:00+00:00 [queued]>
[2026-03-16T15:08:45.751+0000] {taskinstance.py:2884} INFO - Starting attempt 1 of 1
[2026-03-16T15:08:45.887+0000] {taskinstance.py:2907} INFO - Executing <Task(_PythonDecoratedOperator): olhc_branching.get_csv_low> on 2026-03-07 00:00:00+00:00
[2026-03-16T15:08:45.947+0000] {warnings.py:112} WARNING - /home/***/.local/lib/python3.12/site-packages/***/task/task_runner/standard_task_runner.py:70: DeprecationWarning: This process (pid=305) is multi-threaded, use of fork() may lead to deadlocks in the child.
  pid = os.fork()

[2026-03-16T15:08:45.951+0000] {standard_task_runner.py:72} INFO - Started process 436 to run task
[2026-03-16T15:08:45.969+0000] {standard_task_runner.py:104} INFO - Running: ['***', 'tasks', 'run', 'dag_get_data_from_yf', 'olhc_branching.get_csv_low', 'scheduled__2026-03-07T00:00:00+00:00', '--job-id', '1186', '--raw', '--subdir', 'DAGS_FOLDER/get_finance_yf_csv.py', '--cfg-path', '/tmp/tmp6zfk501s']
[2026-03-16T15:08:45.982+0000] {standard_task_runner.py:105} INFO - Job 1186: Subtask olhc_branching.get_csv_low
[2026-03-16T15:08:46.321+0000] {task_command.py:467} INFO - Running <TaskInstance: dag_get_data_from_yf.olhc_branching.get_csv_low scheduled__2026-03-07T00:00:00+00:00 [running]> on host 82763a516181
[2026-03-16T15:08:47.281+0000] {taskinstance.py:3157} INFO - Exporting env vars: AIRFLOW_CTX_DAG_OWNER='***' AIRFLOW_CTX_DAG_ID='dag_get_data_from_yf' AIRFLOW_CTX_TASK_ID='olhc_branching.get_csv_low' AIRFLOW_CTX_EXECUTION_DATE='2026-03-07T00:00:00+00:00' AIRFLOW_CTX_TRY_NUMBER='1' AIRFLOW_CTX_DAG_RUN_ID='scheduled__2026-03-07T00:00:00+00:00'
[2026-03-16T15:08:47.315+0000] {logging_mixin.py:190} INFO - Task instance is in running state
[2026-03-16T15:08:47.341+0000] {logging_mixin.py:190} INFO -  Previous state of the Task instance: queued
[2026-03-16T15:08:47.341+0000] {logging_mixin.py:190} INFO - Current task name:olhc_branching.get_csv_low state:running start_date:2026-03-16 15:08:45.683767+00:00
[2026-03-16T15:08:47.342+0000] {logging_mixin.py:190} INFO - Dag name:dag_get_data_from_yf and current dag run status:running
[2026-03-16T15:08:47.343+0000] {taskinstance.py:740} INFO - ::endgroup::
[2026-03-16T15:08:47.384+0000] {logging_mixin.py:190} INFO - Ini csv_string_low:  None
[2026-03-16T15:08:47.385+0000] {python.py:240} INFO - Done. Returned value was: /opt/***/scripts/saham_indonesia_low.csv
[2026-03-16T15:08:47.619+0000] {taskinstance.py:349} INFO - ::group::Post task execution logs
[2026-03-16T15:08:47.620+0000] {taskinstance.py:361} INFO - Marking task as SUCCESS. dag_id=dag_get_data_from_yf, task_id=olhc_branching.get_csv_low, run_id=scheduled__2026-03-07T00:00:00+00:00, execution_date=20260307T000000, start_date=20260316T150845, end_date=20260316T150847
[2026-03-16T15:08:47.829+0000] {logging_mixin.py:190} INFO - Task instance in success state
[2026-03-16T15:08:47.830+0000] {logging_mixin.py:190} INFO -  Previous state of the Task instance: running
[2026-03-16T15:08:47.830+0000] {logging_mixin.py:190} INFO - Dag name:dag_get_data_from_yf queued_at:2026-03-16 15:04:44.425684+00:00
[2026-03-16T15:08:47.831+0000] {logging_mixin.py:190} INFO - Task hostname:82763a516181 operator:_PythonDecoratedOperator
[2026-03-16T15:08:47.894+0000] {local_task_job_runner.py:266} INFO - Task exited with return code 0
[2026-03-16T15:08:48.117+0000] {taskinstance.py:3924} INFO - 1 downstream tasks scheduled from follow-on schedule check
[2026-03-16T15:08:48.134+0000] {local_task_job_runner.py:245} INFO - ::endgroup::
