[2026-03-17T07:52:22.898+0000] {local_task_job_runner.py:123} INFO - ::group::Pre task execution logs
[2026-03-17T07:52:22.991+0000] {taskinstance.py:2631} INFO - Dependencies all met for dep_context=non-requeueable deps ti=<TaskInstance: dag_get_data_from_yf.olhc_branching.get_csv_low manual__2026-03-17T07:42:39+00:00 [queued]>
[2026-03-17T07:52:23.019+0000] {taskinstance.py:2631} INFO - Dependencies all met for dep_context=requeueable deps ti=<TaskInstance: dag_get_data_from_yf.olhc_branching.get_csv_low manual__2026-03-17T07:42:39+00:00 [queued]>
[2026-03-17T07:52:23.021+0000] {taskinstance.py:2884} INFO - Starting attempt 3 of 3
[2026-03-17T07:52:23.075+0000] {taskinstance.py:2907} INFO - Executing <Task(_PythonDecoratedOperator): olhc_branching.get_csv_low> on 2026-03-17 07:42:39+00:00
[2026-03-17T07:52:23.107+0000] {warnings.py:112} WARNING - /home/***/.local/lib/python3.12/site-packages/***/task/task_runner/standard_task_runner.py:70: DeprecationWarning: This process (pid=1112) is multi-threaded, use of fork() may lead to deadlocks in the child.
  pid = os.fork()

[2026-03-17T07:52:23.112+0000] {standard_task_runner.py:72} INFO - Started process 1121 to run task
[2026-03-17T07:52:23.121+0000] {standard_task_runner.py:104} INFO - Running: ['***', 'tasks', 'run', 'dag_get_data_from_yf', 'olhc_branching.get_csv_low', 'manual__2026-03-17T07:42:39+00:00', '--job-id', '2012', '--raw', '--subdir', 'DAGS_FOLDER/get_finance_yf_csv.py', '--cfg-path', '/tmp/tmpjz21sp91']
[2026-03-17T07:52:23.124+0000] {standard_task_runner.py:105} INFO - Job 2012: Subtask olhc_branching.get_csv_low
[2026-03-17T07:52:23.335+0000] {task_command.py:467} INFO - Running <TaskInstance: dag_get_data_from_yf.olhc_branching.get_csv_low manual__2026-03-17T07:42:39+00:00 [running]> on host e9ef5a9cb8d3
[2026-03-17T07:52:23.838+0000] {taskinstance.py:3157} INFO - Exporting env vars: AIRFLOW_CTX_DAG_OWNER='***' AIRFLOW_CTX_DAG_ID='dag_get_data_from_yf' AIRFLOW_CTX_TASK_ID='olhc_branching.get_csv_low' AIRFLOW_CTX_EXECUTION_DATE='2026-03-17T07:42:39+00:00' AIRFLOW_CTX_TRY_NUMBER='3' AIRFLOW_CTX_DAG_RUN_ID='manual__2026-03-17T07:42:39+00:00'
[2026-03-17T07:52:23.841+0000] {logging_mixin.py:190} INFO - Task instance is in running state
[2026-03-17T07:52:23.842+0000] {logging_mixin.py:190} INFO -  Previous state of the Task instance: queued
[2026-03-17T07:52:23.842+0000] {logging_mixin.py:190} INFO - Current task name:olhc_branching.get_csv_low state:running start_date:2026-03-17 07:52:22.992565+00:00
[2026-03-17T07:52:23.843+0000] {logging_mixin.py:190} INFO - Dag name:dag_get_data_from_yf and current dag run status:running
[2026-03-17T07:52:23.843+0000] {taskinstance.py:740} INFO - ::endgroup::
[2026-03-17T07:52:23.865+0000] {logging_mixin.py:190} INFO - Data saved to /opt/***/scripts/saham_indonesia_low.csv
[2026-03-17T07:52:23.866+0000] {python.py:240} INFO - Done. Returned value was: /opt/***/scripts/saham_indonesia_low.csv
[2026-03-17T07:52:23.957+0000] {taskinstance.py:349} INFO - ::group::Post task execution logs
[2026-03-17T07:52:23.958+0000] {taskinstance.py:361} INFO - Marking task as SUCCESS. dag_id=dag_get_data_from_yf, task_id=olhc_branching.get_csv_low, run_id=manual__2026-03-17T07:42:39+00:00, execution_date=20260317T074239, start_date=20260317T075222, end_date=20260317T075223
[2026-03-17T07:52:24.036+0000] {logging_mixin.py:190} INFO - Task instance in success state
[2026-03-17T07:52:24.038+0000] {logging_mixin.py:190} INFO -  Previous state of the Task instance: running
[2026-03-17T07:52:24.038+0000] {logging_mixin.py:190} INFO - Dag name:dag_get_data_from_yf queued_at:2026-03-17 07:51:55.618815+00:00
[2026-03-17T07:52:24.039+0000] {logging_mixin.py:190} INFO - Task hostname:e9ef5a9cb8d3 operator:_PythonDecoratedOperator
[2026-03-17T07:52:24.065+0000] {local_task_job_runner.py:266} INFO - Task exited with return code 0
[2026-03-17T07:52:24.151+0000] {taskinstance.py:3924} INFO - 0 downstream tasks scheduled from follow-on schedule check
[2026-03-17T07:52:24.159+0000] {local_task_job_runner.py:245} INFO - ::endgroup::
