[2026-03-11T16:29:24.001+0000] {local_task_job_runner.py:123} INFO - ::group::Pre task execution logs
[2026-03-11T16:29:24.075+0000] {taskinstance.py:2631} INFO - Dependencies all met for dep_context=non-requeueable deps ti=<TaskInstance: dag_get_data_from_yf.get_csv_high manual__2026-03-11T16:28:55+00:00 [queued]>
[2026-03-11T16:29:24.100+0000] {taskinstance.py:2631} INFO - Dependencies all met for dep_context=requeueable deps ti=<TaskInstance: dag_get_data_from_yf.get_csv_high manual__2026-03-11T16:28:55+00:00 [queued]>
[2026-03-11T16:29:24.101+0000] {taskinstance.py:2884} INFO - Starting attempt 1 of 1
[2026-03-11T16:29:24.132+0000] {taskinstance.py:2907} INFO - Executing <Task(_PythonDecoratedOperator): get_csv_high> on 2026-03-11 16:28:55+00:00
[2026-03-11T16:29:24.165+0000] {warnings.py:112} WARNING - /home/***/.local/lib/python3.12/site-packages/***/task/task_runner/standard_task_runner.py:70: DeprecationWarning: This process (pid=13726) is multi-threaded, use of fork() may lead to deadlocks in the child.
  pid = os.fork()

[2026-03-11T16:29:24.170+0000] {standard_task_runner.py:72} INFO - Started process 13746 to run task
[2026-03-11T16:29:24.177+0000] {standard_task_runner.py:104} INFO - Running: ['***', 'tasks', 'run', 'dag_get_data_from_yf', 'get_csv_high', 'manual__2026-03-11T16:28:55+00:00', '--job-id', '11249', '--raw', '--subdir', 'DAGS_FOLDER/get_finance_yf_csv.py', '--cfg-path', '/tmp/tmpkmu0o7lk']
[2026-03-11T16:29:24.180+0000] {standard_task_runner.py:105} INFO - Job 11249: Subtask get_csv_high
[2026-03-11T16:29:24.353+0000] {task_command.py:467} INFO - Running <TaskInstance: dag_get_data_from_yf.get_csv_high manual__2026-03-11T16:28:55+00:00 [running]> on host ea47c22639fa
[2026-03-11T16:29:24.940+0000] {taskinstance.py:3157} INFO - Exporting env vars: AIRFLOW_CTX_DAG_OWNER='***' AIRFLOW_CTX_DAG_ID='dag_get_data_from_yf' AIRFLOW_CTX_TASK_ID='get_csv_high' AIRFLOW_CTX_EXECUTION_DATE='2026-03-11T16:28:55+00:00' AIRFLOW_CTX_TRY_NUMBER='1' AIRFLOW_CTX_DAG_RUN_ID='manual__2026-03-11T16:28:55+00:00'
[2026-03-11T16:29:24.944+0000] {logging_mixin.py:190} INFO - Task instance is in running state
[2026-03-11T16:29:24.948+0000] {logging_mixin.py:190} INFO -  Previous state of the Task instance: queued
[2026-03-11T16:29:24.950+0000] {logging_mixin.py:190} INFO - Current task name:get_csv_high state:running start_date:2026-03-11 16:29:24.076456+00:00
[2026-03-11T16:29:24.951+0000] {logging_mixin.py:190} INFO - Dag name:dag_get_data_from_yf and current dag run status:running
[2026-03-11T16:29:24.952+0000] {taskinstance.py:740} INFO - ::endgroup::
[2026-03-11T16:29:24.963+0000] {logging_mixin.py:190} INFO - None
[2026-03-11T16:29:24.965+0000] {python.py:240} INFO - Done. Returned value was: /opt/***/scripts/saham_indonesia_high.csv
[2026-03-11T16:29:25.045+0000] {taskinstance.py:349} INFO - ::group::Post task execution logs
[2026-03-11T16:29:25.046+0000] {taskinstance.py:361} INFO - Marking task as SUCCESS. dag_id=dag_get_data_from_yf, task_id=get_csv_high, run_id=manual__2026-03-11T16:28:55+00:00, execution_date=20260311T162855, start_date=20260311T162924, end_date=20260311T162925
[2026-03-11T16:29:25.129+0000] {logging_mixin.py:190} INFO - Task instance in success state
[2026-03-11T16:29:25.130+0000] {logging_mixin.py:190} INFO -  Previous state of the Task instance: running
[2026-03-11T16:29:25.130+0000] {logging_mixin.py:190} INFO - Dag name:dag_get_data_from_yf queued_at:2026-03-11 16:29:01.972424+00:00
[2026-03-11T16:29:25.130+0000] {logging_mixin.py:190} INFO - Task hostname:ea47c22639fa operator:_PythonDecoratedOperator
[2026-03-11T16:29:25.162+0000] {local_task_job_runner.py:266} INFO - Task exited with return code 0
[2026-03-11T16:29:25.238+0000] {taskinstance.py:3924} INFO - 0 downstream tasks scheduled from follow-on schedule check
[2026-03-11T16:29:25.241+0000] {local_task_job_runner.py:245} INFO - ::endgroup::
