[2026-03-25T04:20:15.851+0000] {local_task_job_runner.py:123} INFO - ::group::Pre task execution logs
[2026-03-25T04:20:16.119+0000] {taskinstance.py:2631} INFO - Dependencies all met for dep_context=non-requeueable deps ti=<TaskInstance: dag_get_data_from_yf.insert_data_task manual__2026-03-25T04:18:40+00:00 map_index=2 [queued]>
[2026-03-25T04:20:16.165+0000] {taskinstance.py:2631} INFO - Dependencies all met for dep_context=requeueable deps ti=<TaskInstance: dag_get_data_from_yf.insert_data_task manual__2026-03-25T04:18:40+00:00 map_index=2 [queued]>
[2026-03-25T04:20:16.166+0000] {taskinstance.py:2884} INFO - Starting attempt 1 of 1
[2026-03-25T04:20:16.317+0000] {taskinstance.py:2907} INFO - Executing <Mapped(SQLExecuteQueryOperator): insert_data_task> on 2026-03-25 04:18:40+00:00
[2026-03-25T04:20:16.398+0000] {warnings.py:112} WARNING - /home/***/.local/lib/python3.12/site-packages/***/task/task_runner/standard_task_runner.py:70: DeprecationWarning: This process (pid=461) is multi-threaded, use of fork() may lead to deadlocks in the child.
  pid = os.fork()

[2026-03-25T04:20:16.402+0000] {standard_task_runner.py:72} INFO - Started process 498 to run task
[2026-03-25T04:20:16.416+0000] {standard_task_runner.py:104} INFO - Running: ['***', 'tasks', 'run', 'dag_get_data_from_yf', 'insert_data_task', 'manual__2026-03-25T04:18:40+00:00', '--job-id', '2783', '--raw', '--subdir', 'DAGS_FOLDER/get_finance_yf_csv.py', '--cfg-path', '/tmp/tmps0777owo', '--map-index', '2']
[2026-03-25T04:20:16.464+0000] {standard_task_runner.py:105} INFO - Job 2783: Subtask insert_data_task
[2026-03-25T04:20:16.642+0000] {task_command.py:467} INFO - Running <TaskInstance: dag_get_data_from_yf.insert_data_task manual__2026-03-25T04:18:40+00:00 map_index=2 [running]> on host 709f8f45e3d8
[2026-03-25T04:20:17.557+0000] {taskinstance.py:3157} INFO - Exporting env vars: AIRFLOW_CTX_DAG_OWNER='***' AIRFLOW_CTX_DAG_ID='dag_get_data_from_yf' AIRFLOW_CTX_TASK_ID='insert_data_task' AIRFLOW_CTX_EXECUTION_DATE='2026-03-25T04:18:40+00:00' AIRFLOW_CTX_TRY_NUMBER='1' AIRFLOW_CTX_DAG_RUN_ID='manual__2026-03-25T04:18:40+00:00'
[2026-03-25T04:20:17.569+0000] {logging_mixin.py:190} INFO - Task instance is in running state
[2026-03-25T04:20:17.587+0000] {logging_mixin.py:190} INFO -  Previous state of the Task instance: queued
[2026-03-25T04:20:17.595+0000] {logging_mixin.py:190} INFO - Current task name:insert_data_task state:running start_date:2026-03-25 04:20:16.120798+00:00
[2026-03-25T04:20:17.597+0000] {logging_mixin.py:190} INFO - Dag name:dag_get_data_from_yf and current dag run status:running
[2026-03-25T04:20:17.599+0000] {taskinstance.py:740} INFO - ::endgroup::
[2026-03-25T04:20:17.600+0000] {sql.py:410} INFO - Executing:  INSERT INTO indonesian_stocks (date, ticker, close, high, low, open, inserted_at_timestamp_wib) 
                VALUES ('2026-03-25', 'BMRI.JK', '4800.0', '4830.0', '4650.0', '4650.0', '2026-03-25 11:12:18' )
                ON CONFLICT (date, ticker) DO NOTHING; 
[2026-03-25T04:20:17.604+0000] {crypto.py:82} WARNING - empty cryptography key - values will not be stored encrypted.
[2026-03-25T04:20:17.606+0000] {base.py:84} INFO - Retrieving connection 'db_custom'
[2026-03-25T04:20:17.635+0000] {base.py:84} INFO - Retrieving connection 'db_custom'
[2026-03-25T04:20:17.692+0000] {sql.py:861} INFO - Running statement:  INSERT INTO indonesian_stocks (date, ticker, close, high, low, open, inserted_at_timestamp_wib) 
                VALUES ('2026-03-25', 'BMRI.JK', '4800.0', '4830.0', '4650.0', '4650.0', '2026-03-25 11:12:18' )
                ON CONFLICT (date, ticker) DO NOTHING; , parameters: None
[2026-03-25T04:20:17.706+0000] {sql.py:879} INFO - Rows affected: 0
[2026-03-25T04:20:17.797+0000] {taskinstance.py:349} INFO - ::group::Post task execution logs
[2026-03-25T04:20:17.798+0000] {taskinstance.py:361} INFO - Marking task as SUCCESS. dag_id=dag_get_data_from_yf, task_id=insert_data_task, run_id=manual__2026-03-25T04:18:40+00:00, map_index=2, execution_date=20260325T041840, start_date=20260325T042016, end_date=20260325T042017
[2026-03-25T04:20:17.965+0000] {logging_mixin.py:190} INFO - Task instance in success state
[2026-03-25T04:20:17.970+0000] {logging_mixin.py:190} INFO -  Previous state of the Task instance: running
[2026-03-25T04:20:17.971+0000] {logging_mixin.py:190} INFO - Dag name:dag_get_data_from_yf queued_at:2026-03-25 04:18:48.439319+00:00
[2026-03-25T04:20:17.973+0000] {logging_mixin.py:190} INFO - Task hostname:709f8f45e3d8 operator:SQLExecuteQueryOperator
[2026-03-25T04:20:18.015+0000] {local_task_job_runner.py:266} INFO - Task exited with return code 0
[2026-03-25T04:20:18.127+0000] {taskinstance.py:3924} INFO - 0 downstream tasks scheduled from follow-on schedule check
[2026-03-25T04:20:18.138+0000] {local_task_job_runner.py:245} INFO - ::endgroup::
