[2026-03-15T07:35:55.539+0000] {local_task_job_runner.py:123} INFO - ::group::Pre task execution logs
[2026-03-15T07:35:55.700+0000] {taskinstance.py:2631} INFO - Dependencies all met for dep_context=non-requeueable deps ti=<TaskInstance: dag_get_data_from_yf.olhc_branching.get_csv_close manual__2026-03-05T04:07:54.318702+00:00 [queued]>
[2026-03-15T07:35:55.750+0000] {taskinstance.py:2631} INFO - Dependencies all met for dep_context=requeueable deps ti=<TaskInstance: dag_get_data_from_yf.olhc_branching.get_csv_close manual__2026-03-05T04:07:54.318702+00:00 [queued]>
[2026-03-15T07:35:55.757+0000] {taskinstance.py:2884} INFO - Starting attempt 1 of 1
[2026-03-15T07:35:55.811+0000] {taskinstance.py:2907} INFO - Executing <Task(_PythonDecoratedOperator): olhc_branching.get_csv_close> on 2026-03-05 04:07:54.318702+00:00
[2026-03-15T07:35:55.857+0000] {warnings.py:112} WARNING - /home/***/.local/lib/python3.12/site-packages/***/task/task_runner/standard_task_runner.py:70: DeprecationWarning: This process (pid=742) is multi-threaded, use of fork() may lead to deadlocks in the child.
  pid = os.fork()

[2026-03-15T07:35:55.890+0000] {standard_task_runner.py:72} INFO - Started process 891 to run task
[2026-03-15T07:35:55.915+0000] {standard_task_runner.py:104} INFO - Running: ['***', 'tasks', 'run', 'dag_get_data_from_yf', 'olhc_branching.get_csv_close', 'manual__2026-03-05T04:07:54.318702+00:00', '--job-id', '14587', '--raw', '--subdir', 'DAGS_FOLDER/get_finance_yf_csv.py', '--cfg-path', '/tmp/tmplao1g8l0']
[2026-03-15T07:35:55.918+0000] {standard_task_runner.py:105} INFO - Job 14587: Subtask olhc_branching.get_csv_close
[2026-03-15T07:35:56.461+0000] {task_command.py:467} INFO - Running <TaskInstance: dag_get_data_from_yf.olhc_branching.get_csv_close manual__2026-03-05T04:07:54.318702+00:00 [running]> on host 34f3d2308c2f
[2026-03-15T07:35:57.533+0000] {taskinstance.py:3157} INFO - Exporting env vars: AIRFLOW_CTX_DAG_OWNER='***' AIRFLOW_CTX_DAG_ID='dag_get_data_from_yf' AIRFLOW_CTX_TASK_ID='olhc_branching.get_csv_close' AIRFLOW_CTX_EXECUTION_DATE='2026-03-05T04:07:54.318702+00:00' AIRFLOW_CTX_TRY_NUMBER='1' AIRFLOW_CTX_DAG_RUN_ID='manual__2026-03-05T04:07:54.318702+00:00'
[2026-03-15T07:35:57.543+0000] {logging_mixin.py:190} INFO - Task instance is in running state
[2026-03-15T07:35:57.544+0000] {logging_mixin.py:190} INFO -  Previous state of the Task instance: queued
[2026-03-15T07:35:57.545+0000] {logging_mixin.py:190} INFO - Current task name:olhc_branching.get_csv_close state:running start_date:2026-03-15 07:35:55.701669+00:00
[2026-03-15T07:35:57.546+0000] {logging_mixin.py:190} INFO - Dag name:dag_get_data_from_yf and current dag run status:running
[2026-03-15T07:35:57.548+0000] {taskinstance.py:740} INFO - ::endgroup::
[2026-03-15T07:35:57.566+0000] {logging_mixin.py:190} INFO - None
[2026-03-15T07:35:57.571+0000] {python.py:240} INFO - Done. Returned value was: /opt/***/scripts/saham_indonesia_close.csv
[2026-03-15T07:35:57.811+0000] {taskinstance.py:349} INFO - ::group::Post task execution logs
[2026-03-15T07:35:57.815+0000] {taskinstance.py:361} INFO - Marking task as SUCCESS. dag_id=dag_get_data_from_yf, task_id=olhc_branching.get_csv_close, run_id=manual__2026-03-05T04:07:54.318702+00:00, execution_date=20260305T040754, start_date=20260315T073555, end_date=20260315T073557
[2026-03-15T07:35:58.079+0000] {logging_mixin.py:190} INFO - Task instance in success state
[2026-03-15T07:35:58.080+0000] {logging_mixin.py:190} INFO -  Previous state of the Task instance: running
[2026-03-15T07:35:58.080+0000] {logging_mixin.py:190} INFO - Dag name:dag_get_data_from_yf queued_at:2026-03-15 07:30:09.221378+00:00
[2026-03-15T07:35:58.081+0000] {logging_mixin.py:190} INFO - Task hostname:34f3d2308c2f operator:_PythonDecoratedOperator
[2026-03-15T07:35:58.188+0000] {local_task_job_runner.py:266} INFO - Task exited with return code 0
[2026-03-15T07:35:58.386+0000] {taskinstance.py:3924} INFO - 0 downstream tasks scheduled from follow-on schedule check
[2026-03-15T07:35:58.401+0000] {local_task_job_runner.py:245} INFO - ::endgroup::
