[2026-03-12T16:29:28.796+0000] {local_task_job_runner.py:123} INFO - ::group::Pre task execution logs
[2026-03-12T16:29:28.895+0000] {taskinstance.py:2631} INFO - Dependencies all met for dep_context=non-requeueable deps ti=<TaskInstance: dag_get_data_from_yf.get_csv_high scheduled__2026-03-12T06:56:00+00:00 [queued]>
[2026-03-12T16:29:28.921+0000] {taskinstance.py:2631} INFO - Dependencies all met for dep_context=requeueable deps ti=<TaskInstance: dag_get_data_from_yf.get_csv_high scheduled__2026-03-12T06:56:00+00:00 [queued]>
[2026-03-12T16:29:28.921+0000] {taskinstance.py:2884} INFO - Starting attempt 2 of 2
[2026-03-12T16:29:29.060+0000] {taskinstance.py:2907} INFO - Executing <Task(_PythonDecoratedOperator): get_csv_high> on 2026-03-12 06:56:00+00:00
[2026-03-12T16:29:29.138+0000] {warnings.py:112} WARNING - /home/***/.local/lib/python3.12/site-packages/***/task/task_runner/standard_task_runner.py:70: DeprecationWarning: This process (pid=10058) is multi-threaded, use of fork() may lead to deadlocks in the child.
  pid = os.fork()

[2026-03-12T16:29:29.179+0000] {standard_task_runner.py:72} INFO - Started process 10293 to run task
[2026-03-12T16:29:29.194+0000] {standard_task_runner.py:104} INFO - Running: ['***', 'tasks', 'run', 'dag_get_data_from_yf', 'get_csv_high', 'scheduled__2026-03-12T06:56:00+00:00', '--job-id', '12621', '--raw', '--subdir', 'DAGS_FOLDER/get_finance_yf_csv.py', '--cfg-path', '/tmp/tmpjxu6scym']
[2026-03-12T16:29:29.196+0000] {standard_task_runner.py:105} INFO - Job 12621: Subtask get_csv_high
[2026-03-12T16:29:29.593+0000] {task_command.py:467} INFO - Running <TaskInstance: dag_get_data_from_yf.get_csv_high scheduled__2026-03-12T06:56:00+00:00 [running]> on host 80e0d0cbfa54
[2026-03-12T16:29:31.484+0000] {taskinstance.py:3157} INFO - Exporting env vars: AIRFLOW_CTX_DAG_OWNER='***' AIRFLOW_CTX_DAG_ID='dag_get_data_from_yf' AIRFLOW_CTX_TASK_ID='get_csv_high' AIRFLOW_CTX_EXECUTION_DATE='2026-03-12T06:56:00+00:00' AIRFLOW_CTX_TRY_NUMBER='2' AIRFLOW_CTX_DAG_RUN_ID='scheduled__2026-03-12T06:56:00+00:00'
[2026-03-12T16:29:31.486+0000] {logging_mixin.py:190} INFO - Task instance is in running state
[2026-03-12T16:29:31.487+0000] {logging_mixin.py:190} INFO -  Previous state of the Task instance: queued
[2026-03-12T16:29:31.488+0000] {logging_mixin.py:190} INFO - Current task name:get_csv_high state:running start_date:2026-03-12 16:29:28.895858+00:00
[2026-03-12T16:29:31.488+0000] {logging_mixin.py:190} INFO - Dag name:dag_get_data_from_yf and current dag run status:running
[2026-03-12T16:29:31.488+0000] {taskinstance.py:740} INFO - ::endgroup::
[2026-03-12T16:29:31.604+0000] {logging_mixin.py:190} INFO - None
[2026-03-12T16:29:31.677+0000] {python.py:240} INFO - Done. Returned value was: /opt/***/scripts/saham_indonesia_high.csv
[2026-03-12T16:29:31.896+0000] {taskinstance.py:349} INFO - ::group::Post task execution logs
[2026-03-12T16:29:31.897+0000] {taskinstance.py:361} INFO - Marking task as SUCCESS. dag_id=dag_get_data_from_yf, task_id=get_csv_high, run_id=scheduled__2026-03-12T06:56:00+00:00, execution_date=20260312T065600, start_date=20260312T162928, end_date=20260312T162931
[2026-03-12T16:29:32.153+0000] {logging_mixin.py:190} INFO - Task instance in success state
[2026-03-12T16:29:32.154+0000] {logging_mixin.py:190} INFO -  Previous state of the Task instance: running
[2026-03-12T16:29:32.155+0000] {logging_mixin.py:190} INFO - Dag name:dag_get_data_from_yf queued_at:2026-03-12 16:25:43.746649+00:00
[2026-03-12T16:29:32.156+0000] {logging_mixin.py:190} INFO - Task hostname:80e0d0cbfa54 operator:_PythonDecoratedOperator
[2026-03-12T16:29:32.196+0000] {local_task_job_runner.py:266} INFO - Task exited with return code 0
[2026-03-12T16:29:32.385+0000] {taskinstance.py:3924} INFO - 0 downstream tasks scheduled from follow-on schedule check
[2026-03-12T16:29:32.396+0000] {local_task_job_runner.py:245} INFO - ::endgroup::
