[2026-03-11T16:36:35.632+0000] {local_task_job_runner.py:123} INFO - ::group::Pre task execution logs
[2026-03-11T16:36:35.659+0000] {taskinstance.py:2631} INFO - Dependencies all met for dep_context=non-requeueable deps ti=<TaskInstance: dag_load_data_from_csv.read_csv_file manual__2026-03-11T16:36:30.113955+00:00 [queued]>
[2026-03-11T16:36:35.667+0000] {taskinstance.py:2631} INFO - Dependencies all met for dep_context=requeueable deps ti=<TaskInstance: dag_load_data_from_csv.read_csv_file manual__2026-03-11T16:36:30.113955+00:00 [queued]>
[2026-03-11T16:36:35.668+0000] {taskinstance.py:2884} INFO - Starting attempt 1 of 1
[2026-03-11T16:36:35.680+0000] {taskinstance.py:2907} INFO - Executing <Task(_PythonDecoratedOperator): read_csv_file> on 2026-03-11 16:36:30.113955+00:00
[2026-03-11T16:36:35.688+0000] {warnings.py:112} WARNING - /home/***/.local/lib/python3.12/site-packages/***/task/task_runner/standard_task_runner.py:70: DeprecationWarning: This process (pid=14098) is multi-threaded, use of fork() may lead to deadlocks in the child.
  pid = os.fork()

[2026-03-11T16:36:35.690+0000] {standard_task_runner.py:72} INFO - Started process 14100 to run task
[2026-03-11T16:36:35.690+0000] {standard_task_runner.py:104} INFO - Running: ['***', 'tasks', 'run', 'dag_load_data_from_csv', 'read_csv_file', 'manual__2026-03-11T16:36:30.113955+00:00', '--job-id', '11283', '--raw', '--subdir', 'DAGS_FOLDER/read_finance_csv_from_other_dag.py', '--cfg-path', '/tmp/tmpavqdpdz1']
[2026-03-11T16:36:35.691+0000] {standard_task_runner.py:105} INFO - Job 11283: Subtask read_csv_file
[2026-03-11T16:36:35.748+0000] {task_command.py:467} INFO - Running <TaskInstance: dag_load_data_from_csv.read_csv_file manual__2026-03-11T16:36:30.113955+00:00 [running]> on host ea47c22639fa
[2026-03-11T16:36:35.843+0000] {taskinstance.py:3157} INFO - Exporting env vars: AIRFLOW_CTX_DAG_OWNER='***' AIRFLOW_CTX_DAG_ID='dag_load_data_from_csv' AIRFLOW_CTX_TASK_ID='read_csv_file' AIRFLOW_CTX_EXECUTION_DATE='2026-03-11T16:36:30.113955+00:00' AIRFLOW_CTX_TRY_NUMBER='1' AIRFLOW_CTX_DAG_RUN_ID='manual__2026-03-11T16:36:30.113955+00:00'
[2026-03-11T16:36:35.844+0000] {logging_mixin.py:190} INFO - Task instance is in running state
[2026-03-11T16:36:35.844+0000] {logging_mixin.py:190} INFO -  Previous state of the Task instance: queued
[2026-03-11T16:36:35.844+0000] {logging_mixin.py:190} INFO - Current task name:read_csv_file state:running start_date:2026-03-11 16:36:35.660268+00:00
[2026-03-11T16:36:35.844+0000] {logging_mixin.py:190} INFO - Dag name:dag_load_data_from_csv and current dag run status:running
[2026-03-11T16:36:35.845+0000] {taskinstance.py:740} INFO - ::endgroup::
[2026-03-11T16:36:36.066+0000] {logging_mixin.py:190} INFO -         Price    Close  Close.1  Close.2  ...    Low.2     Open   Open.1   Open.2
0      Ticker  BBCA.JK  BBRI.JK  BMRI.JK  ...  BMRI.JK  BBCA.JK  BBRI.JK  BMRI.JK
1        Date      NaN      NaN      NaN  ...      NaN      NaN      NaN      NaN
2  2026-03-02   7025.0   3820.0   5075.0  ...   5050.0   7075.0   3840.0   5125.0
3  2026-03-03   7075.0   3770.0   5100.0  ...   5050.0   7075.0   3820.0   5100.0
4  2026-03-04   6875.0   3690.0   4980.0  ...   4870.0   7075.0   3770.0   5050.0

[5 rows x 13 columns]
[2026-03-11T16:36:36.067+0000] {python.py:240} INFO - Done. Returned value was: /opt/***/scripts/saham_indonesia_all.csv
[2026-03-11T16:36:36.104+0000] {taskinstance.py:349} INFO - ::group::Post task execution logs
[2026-03-11T16:36:36.105+0000] {taskinstance.py:361} INFO - Marking task as SUCCESS. dag_id=dag_load_data_from_csv, task_id=read_csv_file, run_id=manual__2026-03-11T16:36:30.113955+00:00, execution_date=20260311T163630, start_date=20260311T163635, end_date=20260311T163636
[2026-03-11T16:36:36.146+0000] {logging_mixin.py:190} INFO - Task instance in success state
[2026-03-11T16:36:36.146+0000] {logging_mixin.py:190} INFO -  Previous state of the Task instance: running
[2026-03-11T16:36:36.147+0000] {logging_mixin.py:190} INFO - Dag name:dag_load_data_from_csv queued_at:2026-03-11 16:36:30.170230+00:00
[2026-03-11T16:36:36.147+0000] {logging_mixin.py:190} INFO - Task hostname:ea47c22639fa operator:_PythonDecoratedOperator
[2026-03-11T16:36:36.164+0000] {local_task_job_runner.py:266} INFO - Task exited with return code 0
[2026-03-11T16:36:36.203+0000] {taskinstance.py:3924} INFO - 0 downstream tasks scheduled from follow-on schedule check
[2026-03-11T16:36:36.206+0000] {local_task_job_runner.py:245} INFO - ::endgroup::
