[2026-03-13T02:03:49.578+0000] {local_task_job_runner.py:123} INFO - ::group::Pre task execution logs
[2026-03-13T02:03:49.661+0000] {taskinstance.py:2631} INFO - Dependencies all met for dep_context=non-requeueable deps ti=<TaskInstance: dag_get_data_from_yf.trigger_load_data_dag scheduled__2026-03-12T06:57:00+00:00 [queued]>
[2026-03-13T02:03:49.693+0000] {taskinstance.py:2631} INFO - Dependencies all met for dep_context=requeueable deps ti=<TaskInstance: dag_get_data_from_yf.trigger_load_data_dag scheduled__2026-03-12T06:57:00+00:00 [queued]>
[2026-03-13T02:03:49.694+0000] {taskinstance.py:2884} INFO - Starting attempt 3 of 3
[2026-03-13T02:03:49.766+0000] {taskinstance.py:2907} INFO - Executing <Task(TriggerDagRunOperator): trigger_load_data_dag> on 2026-03-12 06:57:00+00:00
[2026-03-13T02:03:49.834+0000] {standard_task_runner.py:104} INFO - Running: ['***', 'tasks', 'run', 'dag_get_data_from_yf', 'trigger_load_data_dag', 'scheduled__2026-03-12T06:57:00+00:00', '--job-id', '12793', '--raw', '--subdir', 'DAGS_FOLDER/get_finance_yf_csv.py', '--cfg-path', '/tmp/tmp8b0_wx_y']
[2026-03-13T02:03:49.837+0000] {standard_task_runner.py:105} INFO - Job 12793: Subtask trigger_load_data_dag
[2026-03-13T02:03:49.833+0000] {warnings.py:112} WARNING - /home/***/.local/lib/python3.12/site-packages/***/task/task_runner/standard_task_runner.py:70: DeprecationWarning: This process (pid=832) is multi-threaded, use of fork() may lead to deadlocks in the child.
  pid = os.fork()

[2026-03-13T02:03:49.847+0000] {standard_task_runner.py:72} INFO - Started process 852 to run task
[2026-03-13T02:03:50.209+0000] {task_command.py:467} INFO - Running <TaskInstance: dag_get_data_from_yf.trigger_load_data_dag scheduled__2026-03-12T06:57:00+00:00 [running]> on host da0261867cfd
[2026-03-13T02:03:50.704+0000] {taskinstance.py:3157} INFO - Exporting env vars: AIRFLOW_CTX_DAG_OWNER='***' AIRFLOW_CTX_DAG_ID='dag_get_data_from_yf' AIRFLOW_CTX_TASK_ID='trigger_load_data_dag' AIRFLOW_CTX_EXECUTION_DATE='2026-03-12T06:57:00+00:00' AIRFLOW_CTX_TRY_NUMBER='3' AIRFLOW_CTX_DAG_RUN_ID='scheduled__2026-03-12T06:57:00+00:00'
[2026-03-13T02:03:50.707+0000] {logging_mixin.py:190} INFO - Task instance is in running state
[2026-03-13T02:03:50.707+0000] {logging_mixin.py:190} INFO -  Previous state of the Task instance: queued
[2026-03-13T02:03:50.708+0000] {logging_mixin.py:190} INFO - Current task name:trigger_load_data_dag state:running start_date:2026-03-13 02:03:49.662583+00:00
[2026-03-13T02:03:50.708+0000] {logging_mixin.py:190} INFO - Dag name:dag_get_data_from_yf and current dag run status:running
[2026-03-13T02:03:50.717+0000] {taskinstance.py:740} INFO - ::endgroup::
[2026-03-13T02:03:51.127+0000] {taskinstance.py:349} INFO - ::group::Post task execution logs
[2026-03-13T02:03:51.128+0000] {taskinstance.py:361} INFO - Marking task as SUCCESS. dag_id=dag_get_data_from_yf, task_id=trigger_load_data_dag, run_id=scheduled__2026-03-12T06:57:00+00:00, execution_date=20260312T065700, start_date=20260313T020349, end_date=20260313T020351
[2026-03-13T02:03:51.236+0000] {logging_mixin.py:190} INFO - Task instance in success state
[2026-03-13T02:03:51.237+0000] {logging_mixin.py:190} INFO -  Previous state of the Task instance: running
[2026-03-13T02:03:51.238+0000] {logging_mixin.py:190} INFO - Dag name:dag_get_data_from_yf queued_at:2026-03-13 02:01:58.764913+00:00
[2026-03-13T02:03:51.238+0000] {logging_mixin.py:190} INFO - Task hostname:da0261867cfd operator:TriggerDagRunOperator
[2026-03-13T02:03:51.279+0000] {local_task_job_runner.py:266} INFO - Task exited with return code 0
[2026-03-13T02:03:51.345+0000] {taskinstance.py:3924} INFO - 0 downstream tasks scheduled from follow-on schedule check
[2026-03-13T02:03:51.354+0000] {local_task_job_runner.py:245} INFO - ::endgroup::
