[2026-03-25T06:35:04.074+0000] {local_task_job_runner.py:123} INFO - ::group::Pre task execution logs
[2026-03-25T06:35:04.581+0000] {taskinstance.py:2631} INFO - Dependencies all met for dep_context=non-requeueable deps ti=<TaskInstance: dag_get_data_from_yf.insert_data_task manual__2026-03-25T06:22:35+00:00 map_index=35 [queued]>
[2026-03-25T06:35:04.717+0000] {taskinstance.py:2631} INFO - Dependencies all met for dep_context=requeueable deps ti=<TaskInstance: dag_get_data_from_yf.insert_data_task manual__2026-03-25T06:22:35+00:00 map_index=35 [queued]>
[2026-03-25T06:35:04.720+0000] {taskinstance.py:2884} INFO - Starting attempt 1 of 1
[2026-03-25T06:35:04.789+0000] {taskinstance.py:2907} INFO - Executing <Mapped(SQLExecuteQueryOperator): insert_data_task> on 2026-03-25 06:22:35+00:00
[2026-03-25T06:35:04.828+0000] {warnings.py:112} WARNING - /home/***/.local/lib/python3.12/site-packages/***/task/task_runner/standard_task_runner.py:70: DeprecationWarning: This process (pid=1323) is multi-threaded, use of fork() may lead to deadlocks in the child.
  pid = os.fork()

[2026-03-25T06:35:04.832+0000] {standard_task_runner.py:72} INFO - Started process 1338 to run task
[2026-03-25T06:35:04.847+0000] {standard_task_runner.py:104} INFO - Running: ['***', 'tasks', 'run', 'dag_get_data_from_yf', 'insert_data_task', 'manual__2026-03-25T06:22:35+00:00', '--job-id', '2864', '--raw', '--subdir', 'DAGS_FOLDER/get_finance_yf_csv.py', '--cfg-path', '/tmp/tmp5fj5ghmx', '--map-index', '35']
[2026-03-25T06:35:04.882+0000] {standard_task_runner.py:105} INFO - Job 2864: Subtask insert_data_task
[2026-03-25T06:35:05.181+0000] {task_command.py:467} INFO - Running <TaskInstance: dag_get_data_from_yf.insert_data_task manual__2026-03-25T06:22:35+00:00 map_index=35 [running]> on host 709f8f45e3d8
[2026-03-25T06:35:06.020+0000] {taskinstance.py:3157} INFO - Exporting env vars: AIRFLOW_CTX_DAG_OWNER='***' AIRFLOW_CTX_DAG_ID='dag_get_data_from_yf' AIRFLOW_CTX_TASK_ID='insert_data_task' AIRFLOW_CTX_EXECUTION_DATE='2026-03-25T06:22:35+00:00' AIRFLOW_CTX_TRY_NUMBER='1' AIRFLOW_CTX_DAG_RUN_ID='manual__2026-03-25T06:22:35+00:00'
[2026-03-25T06:35:06.023+0000] {logging_mixin.py:190} INFO - Task instance is in running state
[2026-03-25T06:35:06.024+0000] {logging_mixin.py:190} INFO -  Previous state of the Task instance: queued
[2026-03-25T06:35:06.024+0000] {logging_mixin.py:190} INFO - Current task name:insert_data_task state:running start_date:2026-03-25 06:35:04.582092+00:00
[2026-03-25T06:35:06.025+0000] {logging_mixin.py:190} INFO - Dag name:dag_get_data_from_yf and current dag run status:running
[2026-03-25T06:35:06.025+0000] {taskinstance.py:740} INFO - ::endgroup::
[2026-03-25T06:35:06.026+0000] {sql.py:410} INFO - Executing:  INSERT INTO indonesian_stocks (date, ticker, close, high, low, open, inserted_at_timestamp_wib) 
                VALUES ('2026-03-17', 'BBRI.JK', '3480.0', '3530.0', '3480.0', '3500.0', '2026-03-25 13:28:57' )
                ON CONFLICT (date, ticker) DO NOTHING; 
[2026-03-25T06:35:06.028+0000] {crypto.py:82} WARNING - empty cryptography key - values will not be stored encrypted.
[2026-03-25T06:35:06.029+0000] {base.py:84} INFO - Retrieving connection 'db_custom'
[2026-03-25T06:35:06.045+0000] {base.py:84} INFO - Retrieving connection 'db_custom'
[2026-03-25T06:35:06.156+0000] {sql.py:861} INFO - Running statement:  INSERT INTO indonesian_stocks (date, ticker, close, high, low, open, inserted_at_timestamp_wib) 
                VALUES ('2026-03-17', 'BBRI.JK', '3480.0', '3530.0', '3480.0', '3500.0', '2026-03-25 13:28:57' )
                ON CONFLICT (date, ticker) DO NOTHING; , parameters: None
[2026-03-25T06:35:06.170+0000] {sql.py:879} INFO - Rows affected: 1
[2026-03-25T06:35:06.232+0000] {taskinstance.py:349} INFO - ::group::Post task execution logs
[2026-03-25T06:35:06.234+0000] {taskinstance.py:361} INFO - Marking task as SUCCESS. dag_id=dag_get_data_from_yf, task_id=insert_data_task, run_id=manual__2026-03-25T06:22:35+00:00, map_index=35, execution_date=20260325T062235, start_date=20260325T063504, end_date=20260325T063506
[2026-03-25T06:35:06.369+0000] {logging_mixin.py:190} INFO - Task instance in success state
[2026-03-25T06:35:06.384+0000] {logging_mixin.py:190} INFO -  Previous state of the Task instance: running
[2026-03-25T06:35:06.385+0000] {logging_mixin.py:190} INFO - Dag name:dag_get_data_from_yf queued_at:2026-03-25 06:28:49.130254+00:00
[2026-03-25T06:35:06.385+0000] {logging_mixin.py:190} INFO - Task hostname:709f8f45e3d8 operator:SQLExecuteQueryOperator
[2026-03-25T06:35:06.446+0000] {local_task_job_runner.py:266} INFO - Task exited with return code 0
[2026-03-25T06:35:06.485+0000] {local_task_job_runner.py:245} INFO - ::endgroup::
