[2026-03-11T15:15:53.576+0000] {local_task_job_runner.py:123} INFO - ::group::Pre task execution logs
[2026-03-11T15:15:53.721+0000] {taskinstance.py:2631} INFO - Dependencies all met for dep_context=non-requeueable deps ti=<TaskInstance: dag_get_data_from_yf.get_csv_close manual__2026-03-11T15:15:25+00:00 [queued]>
[2026-03-11T15:15:53.766+0000] {taskinstance.py:2631} INFO - Dependencies all met for dep_context=requeueable deps ti=<TaskInstance: dag_get_data_from_yf.get_csv_close manual__2026-03-11T15:15:25+00:00 [queued]>
[2026-03-11T15:15:53.769+0000] {taskinstance.py:2884} INFO - Starting attempt 1 of 1
[2026-03-11T15:15:53.826+0000] {taskinstance.py:2907} INFO - Executing <Task(_PythonDecoratedOperator): get_csv_close> on 2026-03-11 15:15:25+00:00
[2026-03-11T15:15:53.910+0000] {warnings.py:112} WARNING - /home/***/.local/lib/python3.12/site-packages/***/task/task_runner/standard_task_runner.py:70: DeprecationWarning: This process (pid=10959) is multi-threaded, use of fork() may lead to deadlocks in the child.
  pid = os.fork()

[2026-03-11T15:15:53.980+0000] {standard_task_runner.py:72} INFO - Started process 10974 to run task
[2026-03-11T15:15:53.975+0000] {standard_task_runner.py:104} INFO - Running: ['***', 'tasks', 'run', 'dag_get_data_from_yf', 'get_csv_close', 'manual__2026-03-11T15:15:25+00:00', '--job-id', '10978', '--raw', '--subdir', 'DAGS_FOLDER/get_finance_yf_csv.py', '--cfg-path', '/tmp/tmp2d6qau64']
[2026-03-11T15:15:53.994+0000] {standard_task_runner.py:105} INFO - Job 10978: Subtask get_csv_close
[2026-03-11T15:15:54.540+0000] {task_command.py:467} INFO - Running <TaskInstance: dag_get_data_from_yf.get_csv_close manual__2026-03-11T15:15:25+00:00 [running]> on host ea47c22639fa
[2026-03-11T15:15:55.977+0000] {taskinstance.py:3157} INFO - Exporting env vars: AIRFLOW_CTX_DAG_OWNER='***' AIRFLOW_CTX_DAG_ID='dag_get_data_from_yf' AIRFLOW_CTX_TASK_ID='get_csv_close' AIRFLOW_CTX_EXECUTION_DATE='2026-03-11T15:15:25+00:00' AIRFLOW_CTX_TRY_NUMBER='1' AIRFLOW_CTX_DAG_RUN_ID='manual__2026-03-11T15:15:25+00:00'
[2026-03-11T15:15:55.993+0000] {logging_mixin.py:190} INFO - Task instance is in running state
[2026-03-11T15:15:55.994+0000] {logging_mixin.py:190} INFO -  Previous state of the Task instance: queued
[2026-03-11T15:15:55.995+0000] {logging_mixin.py:190} INFO - Current task name:get_csv_close state:running start_date:2026-03-11 15:15:53.723144+00:00
[2026-03-11T15:15:55.996+0000] {logging_mixin.py:190} INFO - Dag name:dag_get_data_from_yf and current dag run status:running
[2026-03-11T15:15:55.997+0000] {taskinstance.py:740} INFO - ::endgroup::
[2026-03-11T15:15:56.027+0000] {logging_mixin.py:190} INFO - None
[2026-03-11T15:15:56.028+0000] {python.py:240} INFO - Done. Returned value was: /opt/***/scripts/saham_indonesia_close.csv
[2026-03-11T15:15:56.128+0000] {taskinstance.py:349} INFO - ::group::Post task execution logs
[2026-03-11T15:15:56.129+0000] {taskinstance.py:361} INFO - Marking task as SUCCESS. dag_id=dag_get_data_from_yf, task_id=get_csv_close, run_id=manual__2026-03-11T15:15:25+00:00, execution_date=20260311T151525, start_date=20260311T151553, end_date=20260311T151556
[2026-03-11T15:15:56.272+0000] {logging_mixin.py:190} INFO - Task instance in success state
[2026-03-11T15:15:56.273+0000] {logging_mixin.py:190} INFO -  Previous state of the Task instance: running
[2026-03-11T15:15:56.274+0000] {logging_mixin.py:190} INFO - Dag name:dag_get_data_from_yf queued_at:2026-03-11 15:15:30.470301+00:00
[2026-03-11T15:15:56.275+0000] {logging_mixin.py:190} INFO - Task hostname:ea47c22639fa operator:_PythonDecoratedOperator
[2026-03-11T15:15:56.342+0000] {local_task_job_runner.py:266} INFO - Task exited with return code 0
[2026-03-11T15:15:56.383+0000] {local_task_job_runner.py:245} INFO - ::endgroup::
