[2026-03-23T15:49:28.296+0000] {local_task_job_runner.py:123} INFO - ::group::Pre task execution logs
[2026-03-23T15:49:28.365+0000] {taskinstance.py:2631} INFO - Dependencies all met for dep_context=non-requeueable deps ti=<TaskInstance: dag_get_data_from_yf.olhc_branching.get_csv_open manual__2026-03-23T15:48:40+00:00 [queued]>
[2026-03-23T15:49:28.385+0000] {taskinstance.py:2631} INFO - Dependencies all met for dep_context=requeueable deps ti=<TaskInstance: dag_get_data_from_yf.olhc_branching.get_csv_open manual__2026-03-23T15:48:40+00:00 [queued]>
[2026-03-23T15:49:28.386+0000] {taskinstance.py:2884} INFO - Starting attempt 1 of 1
[2026-03-23T15:49:28.413+0000] {taskinstance.py:2907} INFO - Executing <Task(_PythonDecoratedOperator): olhc_branching.get_csv_open> on 2026-03-23 15:48:40+00:00
[2026-03-23T15:49:28.434+0000] {warnings.py:112} WARNING - /home/***/.local/lib/python3.12/site-packages/***/task/task_runner/standard_task_runner.py:70: DeprecationWarning: This process (pid=415) is multi-threaded, use of fork() may lead to deadlocks in the child.
  pid = os.fork()

[2026-03-23T15:49:28.441+0000] {standard_task_runner.py:72} INFO - Started process 427 to run task
[2026-03-23T15:49:28.445+0000] {standard_task_runner.py:104} INFO - Running: ['***', 'tasks', 'run', 'dag_get_data_from_yf', 'olhc_branching.get_csv_open', 'manual__2026-03-23T15:48:40+00:00', '--job-id', '2444', '--raw', '--subdir', 'DAGS_FOLDER/get_finance_yf_csv.py', '--cfg-path', '/tmp/tmp8mco03t8']
[2026-03-23T15:49:28.450+0000] {standard_task_runner.py:105} INFO - Job 2444: Subtask olhc_branching.get_csv_open
[2026-03-23T15:49:28.615+0000] {task_command.py:467} INFO - Running <TaskInstance: dag_get_data_from_yf.olhc_branching.get_csv_open manual__2026-03-23T15:48:40+00:00 [running]> on host 67b08da24b5a
[2026-03-23T15:49:28.934+0000] {taskinstance.py:3157} INFO - Exporting env vars: AIRFLOW_CTX_DAG_OWNER='***' AIRFLOW_CTX_DAG_ID='dag_get_data_from_yf' AIRFLOW_CTX_TASK_ID='olhc_branching.get_csv_open' AIRFLOW_CTX_EXECUTION_DATE='2026-03-23T15:48:40+00:00' AIRFLOW_CTX_TRY_NUMBER='1' AIRFLOW_CTX_DAG_RUN_ID='manual__2026-03-23T15:48:40+00:00'
[2026-03-23T15:49:28.937+0000] {logging_mixin.py:190} INFO - Task instance is in running state
[2026-03-23T15:49:28.939+0000] {logging_mixin.py:190} INFO -  Previous state of the Task instance: queued
[2026-03-23T15:49:28.942+0000] {logging_mixin.py:190} INFO - Current task name:olhc_branching.get_csv_open state:running start_date:2026-03-23 15:49:28.365737+00:00
[2026-03-23T15:49:28.943+0000] {logging_mixin.py:190} INFO - Dag name:dag_get_data_from_yf and current dag run status:running
[2026-03-23T15:49:28.944+0000] {taskinstance.py:740} INFO - ::endgroup::
[2026-03-23T15:49:28.968+0000] {logging_mixin.py:190} INFO - Data saved to /opt/***/scripts/saham_indonesia_open.csv
[2026-03-23T15:49:28.969+0000] {python.py:240} INFO - Done. Returned value was: /opt/***/scripts/saham_indonesia_open.csv
[2026-03-23T15:49:29.056+0000] {taskinstance.py:349} INFO - ::group::Post task execution logs
[2026-03-23T15:49:29.058+0000] {taskinstance.py:361} INFO - Marking task as SUCCESS. dag_id=dag_get_data_from_yf, task_id=olhc_branching.get_csv_open, run_id=manual__2026-03-23T15:48:40+00:00, execution_date=20260323T154840, start_date=20260323T154928, end_date=20260323T154929
[2026-03-23T15:49:29.132+0000] {logging_mixin.py:190} INFO - Task instance in success state
[2026-03-23T15:49:29.133+0000] {logging_mixin.py:190} INFO -  Previous state of the Task instance: running
[2026-03-23T15:49:29.134+0000] {logging_mixin.py:190} INFO - Dag name:dag_get_data_from_yf queued_at:2026-03-23 15:49:01.769132+00:00
[2026-03-23T15:49:29.134+0000] {logging_mixin.py:190} INFO - Task hostname:67b08da24b5a operator:_PythonDecoratedOperator
[2026-03-23T15:49:29.156+0000] {local_task_job_runner.py:266} INFO - Task exited with return code 0
[2026-03-23T15:49:29.246+0000] {taskinstance.py:3924} INFO - 0 downstream tasks scheduled from follow-on schedule check
[2026-03-23T15:49:29.250+0000] {local_task_job_runner.py:245} INFO - ::endgroup::
