[2026-03-04T09:02:13.073+0000] {local_task_job_runner.py:123} INFO - ::group::Pre task execution logs
[2026-03-04T09:02:13.124+0000] {taskinstance.py:2631} INFO - Dependencies all met for dep_context=non-requeueable deps ti=<TaskInstance: dag_with_python_operator_v2.greet manual__2026-03-04T09:01:55.639328+00:00 [queued]>
[2026-03-04T09:02:13.143+0000] {taskinstance.py:2631} INFO - Dependencies all met for dep_context=requeueable deps ti=<TaskInstance: dag_with_python_operator_v2.greet manual__2026-03-04T09:01:55.639328+00:00 [queued]>
[2026-03-04T09:02:13.144+0000] {taskinstance.py:2884} INFO - Starting attempt 1 of 1
[2026-03-04T09:02:13.166+0000] {taskinstance.py:2907} INFO - Executing <Task(_PythonDecoratedOperator): greet> on 2026-03-04 09:01:55.639328+00:00
[2026-03-04T09:02:13.178+0000] {warnings.py:112} WARNING - /home/***/.local/lib/python3.12/site-packages/***/task/task_runner/standard_task_runner.py:70: DeprecationWarning: This process (pid=451) is multi-threaded, use of fork() may lead to deadlocks in the child.
  pid = os.fork()

[2026-03-04T09:02:13.182+0000] {standard_task_runner.py:72} INFO - Started process 458 to run task
[2026-03-04T09:02:13.183+0000] {standard_task_runner.py:104} INFO - Running: ['***', 'tasks', 'run', 'dag_with_python_operator_v2', 'greet', 'manual__2026-03-04T09:01:55.639328+00:00', '--job-id', '247', '--raw', '--subdir', 'DAGS_FOLDER/create_dag_with_python_operator.py', '--cfg-path', '/tmp/tmpaqh3nid3']
[2026-03-04T09:02:13.184+0000] {standard_task_runner.py:105} INFO - Job 247: Subtask greet
[2026-03-04T09:02:13.278+0000] {task_command.py:467} INFO - Running <TaskInstance: dag_with_python_operator_v2.greet manual__2026-03-04T09:01:55.639328+00:00 [running]> on host 041008e416ba
[2026-03-04T09:02:13.483+0000] {taskinstance.py:3157} INFO - Exporting env vars: AIRFLOW_CTX_DAG_OWNER='***' AIRFLOW_CTX_DAG_ID='dag_with_python_operator_v2' AIRFLOW_CTX_TASK_ID='greet' AIRFLOW_CTX_EXECUTION_DATE='2026-03-04T09:01:55.639328+00:00' AIRFLOW_CTX_TRY_NUMBER='1' AIRFLOW_CTX_DAG_RUN_ID='manual__2026-03-04T09:01:55.639328+00:00'
[2026-03-04T09:02:13.485+0000] {logging_mixin.py:190} INFO - Task instance is in running state
[2026-03-04T09:02:13.486+0000] {logging_mixin.py:190} INFO -  Previous state of the Task instance: queued
[2026-03-04T09:02:13.486+0000] {logging_mixin.py:190} INFO - Current task name:greet state:running start_date:2026-03-04 09:02:13.124731+00:00
[2026-03-04T09:02:13.487+0000] {logging_mixin.py:190} INFO - Dag name:dag_with_python_operator_v2 and current dag run status:running
[2026-03-04T09:02:13.487+0000] {taskinstance.py:740} INFO - ::endgroup::
[2026-03-04T09:02:13.489+0000] {logging_mixin.py:190} INFO - I am Elfraera and age 23
[2026-03-04T09:02:13.489+0000] {python.py:240} INFO - Done. Returned value was: None
[2026-03-04T09:02:13.514+0000] {taskinstance.py:349} INFO - ::group::Post task execution logs
[2026-03-04T09:02:13.515+0000] {taskinstance.py:361} INFO - Marking task as SUCCESS. dag_id=dag_with_python_operator_v2, task_id=greet, run_id=manual__2026-03-04T09:01:55.639328+00:00, execution_date=20260304T090155, start_date=20260304T090213, end_date=20260304T090213
[2026-03-04T09:02:13.566+0000] {logging_mixin.py:190} INFO - Task instance in success state
[2026-03-04T09:02:13.567+0000] {logging_mixin.py:190} INFO -  Previous state of the Task instance: running
[2026-03-04T09:02:13.567+0000] {logging_mixin.py:190} INFO - Dag name:dag_with_python_operator_v2 queued_at:2026-03-04 09:01:55.651865+00:00
[2026-03-04T09:02:13.568+0000] {logging_mixin.py:190} INFO - Task hostname:041008e416ba operator:_PythonDecoratedOperator
[2026-03-04T09:02:13.583+0000] {local_task_job_runner.py:266} INFO - Task exited with return code 0
[2026-03-04T09:02:13.621+0000] {taskinstance.py:3924} INFO - 0 downstream tasks scheduled from follow-on schedule check
[2026-03-04T09:02:13.624+0000] {local_task_job_runner.py:245} INFO - ::endgroup::
