[2026-03-16T15:31:58.068+0000] {local_task_job_runner.py:123} INFO - ::group::Pre task execution logs
[2026-03-16T15:31:58.159+0000] {taskinstance.py:2631} INFO - Dependencies all met for dep_context=non-requeueable deps ti=<TaskInstance: dag_get_data_from_yf.olhc_branching.get_csv_open scheduled__2026-03-03T17:00:00+00:00 [queued]>
[2026-03-16T15:31:58.189+0000] {taskinstance.py:2631} INFO - Dependencies all met for dep_context=requeueable deps ti=<TaskInstance: dag_get_data_from_yf.olhc_branching.get_csv_open scheduled__2026-03-03T17:00:00+00:00 [queued]>
[2026-03-16T15:31:58.190+0000] {taskinstance.py:2884} INFO - Starting attempt 1 of 1
[2026-03-16T15:31:58.250+0000] {taskinstance.py:2907} INFO - Executing <Task(_PythonDecoratedOperator): olhc_branching.get_csv_open> on 2026-03-03 17:00:00+00:00
[2026-03-16T15:31:58.425+0000] {warnings.py:112} WARNING - /home/***/.local/lib/python3.12/site-packages/***/task/task_runner/standard_task_runner.py:70: DeprecationWarning: This process (pid=1340) is multi-threaded, use of fork() may lead to deadlocks in the child.
  pid = os.fork()

[2026-03-16T15:31:58.477+0000] {standard_task_runner.py:72} INFO - Started process 1433 to run task
[2026-03-16T15:31:58.501+0000] {standard_task_runner.py:104} INFO - Running: ['***', 'tasks', 'run', 'dag_get_data_from_yf', 'olhc_branching.get_csv_open', 'scheduled__2026-03-03T17:00:00+00:00', '--job-id', '1251', '--raw', '--subdir', 'DAGS_FOLDER/get_finance_yf_csv.py', '--cfg-path', '/tmp/tmpumfpu2wb']
[2026-03-16T15:31:58.528+0000] {standard_task_runner.py:105} INFO - Job 1251: Subtask olhc_branching.get_csv_open
[2026-03-16T15:31:59.064+0000] {task_command.py:467} INFO - Running <TaskInstance: dag_get_data_from_yf.olhc_branching.get_csv_open scheduled__2026-03-03T17:00:00+00:00 [running]> on host 82763a516181
[2026-03-16T15:32:01.720+0000] {taskinstance.py:3157} INFO - Exporting env vars: AIRFLOW_CTX_DAG_OWNER='***' AIRFLOW_CTX_DAG_ID='dag_get_data_from_yf' AIRFLOW_CTX_TASK_ID='olhc_branching.get_csv_open' AIRFLOW_CTX_EXECUTION_DATE='2026-03-03T17:00:00+00:00' AIRFLOW_CTX_TRY_NUMBER='1' AIRFLOW_CTX_DAG_RUN_ID='scheduled__2026-03-03T17:00:00+00:00'
[2026-03-16T15:32:01.727+0000] {logging_mixin.py:190} INFO - Task instance is in running state
[2026-03-16T15:32:01.729+0000] {logging_mixin.py:190} INFO -  Previous state of the Task instance: queued
[2026-03-16T15:32:01.733+0000] {logging_mixin.py:190} INFO - Current task name:olhc_branching.get_csv_open state:running start_date:2026-03-16 15:31:58.160675+00:00
[2026-03-16T15:32:01.749+0000] {logging_mixin.py:190} INFO - Dag name:dag_get_data_from_yf and current dag run status:running
[2026-03-16T15:32:01.750+0000] {taskinstance.py:740} INFO - ::endgroup::
[2026-03-16T15:32:01.790+0000] {logging_mixin.py:190} INFO - Ini csv_string_open:  None
[2026-03-16T15:32:01.790+0000] {python.py:240} INFO - Done. Returned value was: /opt/***/scripts/saham_indonesia_open.csv
[2026-03-16T15:32:02.036+0000] {taskinstance.py:349} INFO - ::group::Post task execution logs
[2026-03-16T15:32:02.039+0000] {taskinstance.py:361} INFO - Marking task as SUCCESS. dag_id=dag_get_data_from_yf, task_id=olhc_branching.get_csv_open, run_id=scheduled__2026-03-03T17:00:00+00:00, execution_date=20260303T170000, start_date=20260316T153158, end_date=20260316T153202
[2026-03-16T15:32:02.221+0000] {logging_mixin.py:190} INFO - Task instance in success state
[2026-03-16T15:32:02.221+0000] {logging_mixin.py:190} INFO -  Previous state of the Task instance: running
[2026-03-16T15:32:02.222+0000] {logging_mixin.py:190} INFO - Dag name:dag_get_data_from_yf queued_at:2026-03-16 15:29:59.356937+00:00
[2026-03-16T15:32:02.222+0000] {logging_mixin.py:190} INFO - Task hostname:82763a516181 operator:_PythonDecoratedOperator
[2026-03-16T15:32:02.610+0000] {local_task_job_runner.py:266} INFO - Task exited with return code 0
[2026-03-16T15:32:03.040+0000] {taskinstance.py:3924} INFO - 0 downstream tasks scheduled from follow-on schedule check
[2026-03-16T15:32:03.112+0000] {local_task_job_runner.py:245} INFO - ::endgroup::
[2026-03-16T16:02:02.069+0000] {local_task_job_runner.py:123} INFO - ::group::Pre task execution logs
[2026-03-16T16:02:02.245+0000] {taskinstance.py:2631} INFO - Dependencies all met for dep_context=non-requeueable deps ti=<TaskInstance: dag_get_data_from_yf.olhc_branching.get_csv_open scheduled__2026-03-03T17:00:00+00:00 [queued]>
[2026-03-16T16:02:02.283+0000] {taskinstance.py:2631} INFO - Dependencies all met for dep_context=requeueable deps ti=<TaskInstance: dag_get_data_from_yf.olhc_branching.get_csv_open scheduled__2026-03-03T17:00:00+00:00 [queued]>
[2026-03-16T16:02:02.285+0000] {taskinstance.py:2884} INFO - Starting attempt 1 of 1
[2026-03-16T16:02:02.350+0000] {taskinstance.py:2907} INFO - Executing <Task(_PythonDecoratedOperator): olhc_branching.get_csv_open> on 2026-03-03 17:00:00+00:00
[2026-03-16T16:02:02.391+0000] {warnings.py:112} WARNING - /home/***/.local/lib/python3.12/site-packages/***/task/task_runner/standard_task_runner.py:70: DeprecationWarning: This process (pid=333) is multi-threaded, use of fork() may lead to deadlocks in the child.
  pid = os.fork()

[2026-03-16T16:02:02.395+0000] {standard_task_runner.py:72} INFO - Started process 498 to run task
[2026-03-16T16:02:02.410+0000] {standard_task_runner.py:104} INFO - Running: ['***', 'tasks', 'run', 'dag_get_data_from_yf', 'olhc_branching.get_csv_open', 'scheduled__2026-03-03T17:00:00+00:00', '--job-id', '1334', '--raw', '--subdir', 'DAGS_FOLDER/get_finance_yf_csv.py', '--cfg-path', '/tmp/tmpgxehyvya']
[2026-03-16T16:02:02.415+0000] {standard_task_runner.py:105} INFO - Job 1334: Subtask olhc_branching.get_csv_open
[2026-03-16T16:02:02.799+0000] {task_command.py:467} INFO - Running <TaskInstance: dag_get_data_from_yf.olhc_branching.get_csv_open scheduled__2026-03-03T17:00:00+00:00 [running]> on host 957a712a5251
[2026-03-16T16:02:03.730+0000] {taskinstance.py:3157} INFO - Exporting env vars: AIRFLOW_CTX_DAG_OWNER='***' AIRFLOW_CTX_DAG_ID='dag_get_data_from_yf' AIRFLOW_CTX_TASK_ID='olhc_branching.get_csv_open' AIRFLOW_CTX_EXECUTION_DATE='2026-03-03T17:00:00+00:00' AIRFLOW_CTX_TRY_NUMBER='1' AIRFLOW_CTX_DAG_RUN_ID='scheduled__2026-03-03T17:00:00+00:00'
[2026-03-16T16:02:03.740+0000] {logging_mixin.py:190} INFO - Task instance is in running state
[2026-03-16T16:02:03.742+0000] {logging_mixin.py:190} INFO -  Previous state of the Task instance: queued
[2026-03-16T16:02:03.743+0000] {logging_mixin.py:190} INFO - Current task name:olhc_branching.get_csv_open state:running start_date:2026-03-16 16:02:02.246324+00:00
[2026-03-16T16:02:03.744+0000] {logging_mixin.py:190} INFO - Dag name:dag_get_data_from_yf and current dag run status:running
[2026-03-16T16:02:03.744+0000] {taskinstance.py:740} INFO - ::endgroup::
[2026-03-16T16:02:03.765+0000] {logging_mixin.py:190} INFO - Ini csv_string_open:  None
[2026-03-16T16:02:03.765+0000] {python.py:240} INFO - Done. Returned value was: /opt/***/scripts/saham_indonesia_open.csv
[2026-03-16T16:02:03.916+0000] {taskinstance.py:349} INFO - ::group::Post task execution logs
[2026-03-16T16:02:03.917+0000] {taskinstance.py:361} INFO - Marking task as SUCCESS. dag_id=dag_get_data_from_yf, task_id=olhc_branching.get_csv_open, run_id=scheduled__2026-03-03T17:00:00+00:00, execution_date=20260303T170000, start_date=20260316T160202, end_date=20260316T160203
[2026-03-16T16:02:04.105+0000] {logging_mixin.py:190} INFO - Task instance in success state
[2026-03-16T16:02:04.106+0000] {logging_mixin.py:190} INFO -  Previous state of the Task instance: running
[2026-03-16T16:02:04.107+0000] {logging_mixin.py:190} INFO - Dag name:dag_get_data_from_yf queued_at:2026-03-16 15:59:43.287000+00:00
[2026-03-16T16:02:04.107+0000] {logging_mixin.py:190} INFO - Task hostname:957a712a5251 operator:_PythonDecoratedOperator
[2026-03-16T16:02:04.147+0000] {local_task_job_runner.py:266} INFO - Task exited with return code 0
[2026-03-16T16:02:04.235+0000] {taskinstance.py:3924} INFO - 0 downstream tasks scheduled from follow-on schedule check
[2026-03-16T16:02:04.244+0000] {local_task_job_runner.py:245} INFO - ::endgroup::
[2026-03-16T17:17:39.745+0000] {local_task_job_runner.py:123} INFO - ::group::Pre task execution logs
[2026-03-16T17:17:39.886+0000] {taskinstance.py:2631} INFO - Dependencies all met for dep_context=non-requeueable deps ti=<TaskInstance: dag_get_data_from_yf.olhc_branching.get_csv_open scheduled__2026-03-03T17:00:00+00:00 [queued]>
[2026-03-16T17:17:39.915+0000] {taskinstance.py:2631} INFO - Dependencies all met for dep_context=requeueable deps ti=<TaskInstance: dag_get_data_from_yf.olhc_branching.get_csv_open scheduled__2026-03-03T17:00:00+00:00 [queued]>
[2026-03-16T17:17:39.918+0000] {taskinstance.py:2884} INFO - Starting attempt 1 of 1
[2026-03-16T17:17:39.983+0000] {taskinstance.py:2907} INFO - Executing <Task(_PythonDecoratedOperator): olhc_branching.get_csv_open> on 2026-03-03 17:00:00+00:00
[2026-03-16T17:17:40.074+0000] {warnings.py:112} WARNING - /home/***/.local/lib/python3.12/site-packages/***/task/task_runner/standard_task_runner.py:70: DeprecationWarning: This process (pid=1873) is multi-threaded, use of fork() may lead to deadlocks in the child.
  pid = os.fork()

[2026-03-16T17:17:40.077+0000] {standard_task_runner.py:72} INFO - Started process 1985 to run task
[2026-03-16T17:17:40.058+0000] {standard_task_runner.py:104} INFO - Running: ['***', 'tasks', 'run', 'dag_get_data_from_yf', 'olhc_branching.get_csv_open', 'scheduled__2026-03-03T17:00:00+00:00', '--job-id', '1403', '--raw', '--subdir', 'DAGS_FOLDER/get_finance_yf_csv.py', '--cfg-path', '/tmp/tmp8fr3z_z_']
[2026-03-16T17:17:40.136+0000] {standard_task_runner.py:105} INFO - Job 1403: Subtask olhc_branching.get_csv_open
[2026-03-16T17:17:40.477+0000] {task_command.py:467} INFO - Running <TaskInstance: dag_get_data_from_yf.olhc_branching.get_csv_open scheduled__2026-03-03T17:00:00+00:00 [running]> on host 957a712a5251
[2026-03-16T17:17:40.980+0000] {taskinstance.py:3157} INFO - Exporting env vars: AIRFLOW_CTX_DAG_OWNER='***' AIRFLOW_CTX_DAG_ID='dag_get_data_from_yf' AIRFLOW_CTX_TASK_ID='olhc_branching.get_csv_open' AIRFLOW_CTX_EXECUTION_DATE='2026-03-03T17:00:00+00:00' AIRFLOW_CTX_TRY_NUMBER='1' AIRFLOW_CTX_DAG_RUN_ID='scheduled__2026-03-03T17:00:00+00:00'
[2026-03-16T17:17:40.999+0000] {logging_mixin.py:190} INFO - Task instance is in running state
[2026-03-16T17:17:40.999+0000] {logging_mixin.py:190} INFO -  Previous state of the Task instance: queued
[2026-03-16T17:17:41.000+0000] {logging_mixin.py:190} INFO - Current task name:olhc_branching.get_csv_open state:running start_date:2026-03-16 17:17:39.887954+00:00
[2026-03-16T17:17:41.001+0000] {logging_mixin.py:190} INFO - Dag name:dag_get_data_from_yf and current dag run status:running
[2026-03-16T17:17:41.002+0000] {taskinstance.py:740} INFO - ::endgroup::
[2026-03-16T17:17:41.074+0000] {logging_mixin.py:190} INFO - Data saved to /opt/***/scripts/saham_indonesia_open.csv
[2026-03-16T17:17:41.075+0000] {python.py:240} INFO - Done. Returned value was: /opt/***/scripts/saham_indonesia_open.csv
[2026-03-16T17:17:41.182+0000] {taskinstance.py:349} INFO - ::group::Post task execution logs
[2026-03-16T17:17:41.185+0000] {taskinstance.py:361} INFO - Marking task as SUCCESS. dag_id=dag_get_data_from_yf, task_id=olhc_branching.get_csv_open, run_id=scheduled__2026-03-03T17:00:00+00:00, execution_date=20260303T170000, start_date=20260316T171739, end_date=20260316T171741
[2026-03-16T17:17:41.362+0000] {logging_mixin.py:190} INFO - Task instance in success state
[2026-03-16T17:17:41.363+0000] {logging_mixin.py:190} INFO -  Previous state of the Task instance: running
[2026-03-16T17:17:41.363+0000] {logging_mixin.py:190} INFO - Dag name:dag_get_data_from_yf queued_at:2026-03-16 17:15:19.649871+00:00
[2026-03-16T17:17:41.364+0000] {logging_mixin.py:190} INFO - Task hostname:957a712a5251 operator:_PythonDecoratedOperator
[2026-03-16T17:17:41.429+0000] {local_task_job_runner.py:266} INFO - Task exited with return code 0
[2026-03-16T17:17:41.544+0000] {taskinstance.py:3924} INFO - 1 downstream tasks scheduled from follow-on schedule check
[2026-03-16T17:17:41.549+0000] {local_task_job_runner.py:245} INFO - ::endgroup::
[2026-03-16T17:26:33.122+0000] {local_task_job_runner.py:123} INFO - ::group::Pre task execution logs
[2026-03-16T17:26:33.413+0000] {taskinstance.py:2631} INFO - Dependencies all met for dep_context=non-requeueable deps ti=<TaskInstance: dag_get_data_from_yf.olhc_branching.get_csv_open scheduled__2026-03-03T17:00:00+00:00 [queued]>
[2026-03-16T17:26:33.454+0000] {taskinstance.py:2631} INFO - Dependencies all met for dep_context=requeueable deps ti=<TaskInstance: dag_get_data_from_yf.olhc_branching.get_csv_open scheduled__2026-03-03T17:00:00+00:00 [queued]>
[2026-03-16T17:26:33.455+0000] {taskinstance.py:2884} INFO - Starting attempt 1 of 1
[2026-03-16T17:26:33.930+0000] {taskinstance.py:2907} INFO - Executing <Task(_PythonDecoratedOperator): olhc_branching.get_csv_open> on 2026-03-03 17:00:00+00:00
[2026-03-16T17:26:34.019+0000] {standard_task_runner.py:104} INFO - Running: ['***', 'tasks', 'run', 'dag_get_data_from_yf', 'olhc_branching.get_csv_open', 'scheduled__2026-03-03T17:00:00+00:00', '--job-id', '1438', '--raw', '--subdir', 'DAGS_FOLDER/get_finance_yf_csv.py', '--cfg-path', '/tmp/tmpnwzfh9a4']
[2026-03-16T17:26:34.032+0000] {warnings.py:112} WARNING - /home/***/.local/lib/python3.12/site-packages/***/task/task_runner/standard_task_runner.py:70: DeprecationWarning: This process (pid=265) is multi-threaded, use of fork() may lead to deadlocks in the child.
  pid = os.fork()

[2026-03-16T17:26:34.034+0000] {standard_task_runner.py:72} INFO - Started process 327 to run task
[2026-03-16T17:26:34.072+0000] {standard_task_runner.py:105} INFO - Job 1438: Subtask olhc_branching.get_csv_open
[2026-03-16T17:26:34.463+0000] {task_command.py:467} INFO - Running <TaskInstance: dag_get_data_from_yf.olhc_branching.get_csv_open scheduled__2026-03-03T17:00:00+00:00 [running]> on host 27461aedc806
[2026-03-16T17:26:35.164+0000] {taskinstance.py:3157} INFO - Exporting env vars: AIRFLOW_CTX_DAG_OWNER='***' AIRFLOW_CTX_DAG_ID='dag_get_data_from_yf' AIRFLOW_CTX_TASK_ID='olhc_branching.get_csv_open' AIRFLOW_CTX_EXECUTION_DATE='2026-03-03T17:00:00+00:00' AIRFLOW_CTX_TRY_NUMBER='1' AIRFLOW_CTX_DAG_RUN_ID='scheduled__2026-03-03T17:00:00+00:00'
[2026-03-16T17:26:35.166+0000] {logging_mixin.py:190} INFO - Task instance is in running state
[2026-03-16T17:26:35.181+0000] {logging_mixin.py:190} INFO -  Previous state of the Task instance: queued
[2026-03-16T17:26:35.193+0000] {logging_mixin.py:190} INFO - Current task name:olhc_branching.get_csv_open state:running start_date:2026-03-16 17:26:33.414753+00:00
[2026-03-16T17:26:35.194+0000] {logging_mixin.py:190} INFO - Dag name:dag_get_data_from_yf and current dag run status:running
[2026-03-16T17:26:35.195+0000] {taskinstance.py:740} INFO - ::endgroup::
[2026-03-16T17:26:35.480+0000] {logging_mixin.py:190} INFO - Data saved to /opt/***/scripts/saham_indonesia_open.csv
[2026-03-16T17:26:35.503+0000] {python.py:240} INFO - Done. Returned value was: /opt/***/scripts/saham_indonesia_open.csv
[2026-03-16T17:26:35.807+0000] {taskinstance.py:349} INFO - ::group::Post task execution logs
[2026-03-16T17:26:35.808+0000] {taskinstance.py:361} INFO - Marking task as SUCCESS. dag_id=dag_get_data_from_yf, task_id=olhc_branching.get_csv_open, run_id=scheduled__2026-03-03T17:00:00+00:00, execution_date=20260303T170000, start_date=20260316T172633, end_date=20260316T172635
[2026-03-16T17:26:36.072+0000] {logging_mixin.py:190} INFO - Task instance in success state
[2026-03-16T17:26:36.074+0000] {logging_mixin.py:190} INFO -  Previous state of the Task instance: running
[2026-03-16T17:26:36.077+0000] {logging_mixin.py:190} INFO - Dag name:dag_get_data_from_yf queued_at:2026-03-16 17:24:18.515817+00:00
[2026-03-16T17:26:36.078+0000] {logging_mixin.py:190} INFO - Task hostname:27461aedc806 operator:_PythonDecoratedOperator
[2026-03-16T17:26:36.218+0000] {local_task_job_runner.py:266} INFO - Task exited with return code 0
[2026-03-16T17:26:36.430+0000] {taskinstance.py:3924} INFO - 1 downstream tasks scheduled from follow-on schedule check
[2026-03-16T17:26:36.438+0000] {local_task_job_runner.py:245} INFO - ::endgroup::
[2026-03-16T21:47:18.593+0000] {local_task_job_runner.py:123} INFO - ::group::Pre task execution logs
[2026-03-16T21:47:18.777+0000] {taskinstance.py:2631} INFO - Dependencies all met for dep_context=non-requeueable deps ti=<TaskInstance: dag_get_data_from_yf.olhc_branching.get_csv_open scheduled__2026-03-03T17:00:00+00:00 [queued]>
[2026-03-16T21:47:18.800+0000] {taskinstance.py:2631} INFO - Dependencies all met for dep_context=requeueable deps ti=<TaskInstance: dag_get_data_from_yf.olhc_branching.get_csv_open scheduled__2026-03-03T17:00:00+00:00 [queued]>
[2026-03-16T21:47:18.801+0000] {taskinstance.py:2884} INFO - Starting attempt 1 of 1
[2026-03-16T21:47:18.842+0000] {taskinstance.py:2907} INFO - Executing <Task(_PythonDecoratedOperator): olhc_branching.get_csv_open> on 2026-03-03 17:00:00+00:00
[2026-03-16T21:47:18.870+0000] {warnings.py:112} WARNING - /home/***/.local/lib/python3.12/site-packages/***/task/task_runner/standard_task_runner.py:70: DeprecationWarning: This process (pid=1043) is multi-threaded, use of fork() may lead to deadlocks in the child.
  pid = os.fork()

[2026-03-16T21:47:18.876+0000] {standard_task_runner.py:72} INFO - Started process 1155 to run task
[2026-03-16T21:47:18.919+0000] {standard_task_runner.py:104} INFO - Running: ['***', 'tasks', 'run', 'dag_get_data_from_yf', 'olhc_branching.get_csv_open', 'scheduled__2026-03-03T17:00:00+00:00', '--job-id', '1489', '--raw', '--subdir', 'DAGS_FOLDER/get_finance_yf_csv.py', '--cfg-path', '/tmp/tmppotadfw2']
[2026-03-16T21:47:18.922+0000] {standard_task_runner.py:105} INFO - Job 1489: Subtask olhc_branching.get_csv_open
[2026-03-16T21:47:19.438+0000] {task_command.py:467} INFO - Running <TaskInstance: dag_get_data_from_yf.olhc_branching.get_csv_open scheduled__2026-03-03T17:00:00+00:00 [running]> on host 27461aedc806
[2026-03-16T21:47:20.479+0000] {taskinstance.py:3157} INFO - Exporting env vars: AIRFLOW_CTX_DAG_OWNER='***' AIRFLOW_CTX_DAG_ID='dag_get_data_from_yf' AIRFLOW_CTX_TASK_ID='olhc_branching.get_csv_open' AIRFLOW_CTX_EXECUTION_DATE='2026-03-03T17:00:00+00:00' AIRFLOW_CTX_TRY_NUMBER='1' AIRFLOW_CTX_DAG_RUN_ID='scheduled__2026-03-03T17:00:00+00:00'
[2026-03-16T21:47:20.483+0000] {logging_mixin.py:190} INFO - Task instance is in running state
[2026-03-16T21:47:20.484+0000] {logging_mixin.py:190} INFO -  Previous state of the Task instance: queued
[2026-03-16T21:47:20.487+0000] {logging_mixin.py:190} INFO - Current task name:olhc_branching.get_csv_open state:running start_date:2026-03-16 21:47:18.778064+00:00
[2026-03-16T21:47:20.490+0000] {logging_mixin.py:190} INFO - Dag name:dag_get_data_from_yf and current dag run status:running
[2026-03-16T21:47:20.495+0000] {taskinstance.py:740} INFO - ::endgroup::
[2026-03-16T21:47:20.588+0000] {logging_mixin.py:190} INFO - Data saved to /opt/***/scripts/saham_indonesia_open.csv
[2026-03-16T21:47:20.599+0000] {python.py:240} INFO - Done. Returned value was: /opt/***/scripts/saham_indonesia_open.csv
[2026-03-16T21:47:20.940+0000] {taskinstance.py:349} INFO - ::group::Post task execution logs
[2026-03-16T21:47:20.941+0000] {taskinstance.py:361} INFO - Marking task as SUCCESS. dag_id=dag_get_data_from_yf, task_id=olhc_branching.get_csv_open, run_id=scheduled__2026-03-03T17:00:00+00:00, execution_date=20260303T170000, start_date=20260316T214718, end_date=20260316T214720
[2026-03-16T21:47:21.187+0000] {logging_mixin.py:190} INFO - Task instance in success state
[2026-03-16T21:47:21.188+0000] {logging_mixin.py:190} INFO -  Previous state of the Task instance: running
[2026-03-16T21:47:21.189+0000] {logging_mixin.py:190} INFO - Dag name:dag_get_data_from_yf queued_at:2026-03-16 21:43:47.182517+00:00
[2026-03-16T21:47:21.189+0000] {logging_mixin.py:190} INFO - Task hostname:27461aedc806 operator:_PythonDecoratedOperator
[2026-03-16T21:47:21.237+0000] {local_task_job_runner.py:266} INFO - Task exited with return code 0
[2026-03-16T21:47:21.458+0000] {taskinstance.py:3924} INFO - 0 downstream tasks scheduled from follow-on schedule check
[2026-03-16T21:47:21.469+0000] {local_task_job_runner.py:245} INFO - ::endgroup::
[2026-03-16T22:08:04.500+0000] {local_task_job_runner.py:123} INFO - ::group::Pre task execution logs
[2026-03-16T22:08:04.728+0000] {taskinstance.py:2631} INFO - Dependencies all met for dep_context=non-requeueable deps ti=<TaskInstance: dag_get_data_from_yf.olhc_branching.get_csv_open scheduled__2026-03-03T17:00:00+00:00 [queued]>
[2026-03-16T22:08:04.816+0000] {taskinstance.py:2631} INFO - Dependencies all met for dep_context=requeueable deps ti=<TaskInstance: dag_get_data_from_yf.olhc_branching.get_csv_open scheduled__2026-03-03T17:00:00+00:00 [queued]>
[2026-03-16T22:08:04.817+0000] {taskinstance.py:2884} INFO - Starting attempt 1 of 1
[2026-03-16T22:08:04.886+0000] {taskinstance.py:2907} INFO - Executing <Task(_PythonDecoratedOperator): olhc_branching.get_csv_open> on 2026-03-03 17:00:00+00:00
[2026-03-16T22:08:04.929+0000] {standard_task_runner.py:104} INFO - Running: ['***', 'tasks', 'run', 'dag_get_data_from_yf', 'olhc_branching.get_csv_open', 'scheduled__2026-03-03T17:00:00+00:00', '--job-id', '1548', '--raw', '--subdir', 'DAGS_FOLDER/get_finance_yf_csv.py', '--cfg-path', '/tmp/tmp9z9xuwla']
[2026-03-16T22:08:04.939+0000] {standard_task_runner.py:105} INFO - Job 1548: Subtask olhc_branching.get_csv_open
[2026-03-16T22:08:04.947+0000] {warnings.py:112} WARNING - /home/***/.local/lib/python3.12/site-packages/***/task/task_runner/standard_task_runner.py:70: DeprecationWarning: This process (pid=1577) is multi-threaded, use of fork() may lead to deadlocks in the child.
  pid = os.fork()

[2026-03-16T22:08:04.949+0000] {standard_task_runner.py:72} INFO - Started process 1684 to run task
[2026-03-16T22:08:05.281+0000] {task_command.py:467} INFO - Running <TaskInstance: dag_get_data_from_yf.olhc_branching.get_csv_open scheduled__2026-03-03T17:00:00+00:00 [running]> on host 27461aedc806
[2026-03-16T22:08:05.947+0000] {taskinstance.py:3157} INFO - Exporting env vars: AIRFLOW_CTX_DAG_OWNER='***' AIRFLOW_CTX_DAG_ID='dag_get_data_from_yf' AIRFLOW_CTX_TASK_ID='olhc_branching.get_csv_open' AIRFLOW_CTX_EXECUTION_DATE='2026-03-03T17:00:00+00:00' AIRFLOW_CTX_TRY_NUMBER='1' AIRFLOW_CTX_DAG_RUN_ID='scheduled__2026-03-03T17:00:00+00:00'
[2026-03-16T22:08:05.951+0000] {logging_mixin.py:190} INFO - Task instance is in running state
[2026-03-16T22:08:05.952+0000] {logging_mixin.py:190} INFO -  Previous state of the Task instance: queued
[2026-03-16T22:08:05.953+0000] {logging_mixin.py:190} INFO - Current task name:olhc_branching.get_csv_open state:running start_date:2026-03-16 22:08:04.729708+00:00
[2026-03-16T22:08:05.953+0000] {logging_mixin.py:190} INFO - Dag name:dag_get_data_from_yf and current dag run status:running
[2026-03-16T22:08:05.954+0000] {taskinstance.py:740} INFO - ::endgroup::
[2026-03-16T22:08:06.031+0000] {logging_mixin.py:190} INFO - Data saved to /opt/***/scripts/saham_indonesia_open.csv
[2026-03-16T22:08:06.033+0000] {python.py:240} INFO - Done. Returned value was: /opt/***/scripts/saham_indonesia_open.csv
[2026-03-16T22:08:06.342+0000] {taskinstance.py:349} INFO - ::group::Post task execution logs
[2026-03-16T22:08:06.349+0000] {taskinstance.py:361} INFO - Marking task as SUCCESS. dag_id=dag_get_data_from_yf, task_id=olhc_branching.get_csv_open, run_id=scheduled__2026-03-03T17:00:00+00:00, execution_date=20260303T170000, start_date=20260316T220804, end_date=20260316T220806
[2026-03-16T22:08:06.557+0000] {logging_mixin.py:190} INFO - Task instance in success state
[2026-03-16T22:08:06.575+0000] {logging_mixin.py:190} INFO -  Previous state of the Task instance: running
[2026-03-16T22:08:06.575+0000] {logging_mixin.py:190} INFO - Dag name:dag_get_data_from_yf queued_at:2026-03-16 22:05:07.534763+00:00
[2026-03-16T22:08:06.576+0000] {logging_mixin.py:190} INFO - Task hostname:27461aedc806 operator:_PythonDecoratedOperator
[2026-03-16T22:08:06.704+0000] {local_task_job_runner.py:266} INFO - Task exited with return code 0
[2026-03-16T22:08:06.935+0000] {taskinstance.py:3924} INFO - 0 downstream tasks scheduled from follow-on schedule check
[2026-03-16T22:08:06.953+0000] {local_task_job_runner.py:245} INFO - ::endgroup::
[2026-03-16T22:25:06.060+0000] {local_task_job_runner.py:123} INFO - ::group::Pre task execution logs
[2026-03-16T22:25:06.259+0000] {taskinstance.py:2631} INFO - Dependencies all met for dep_context=non-requeueable deps ti=<TaskInstance: dag_get_data_from_yf.olhc_branching.get_csv_open scheduled__2026-03-03T17:00:00+00:00 [queued]>
[2026-03-16T22:25:06.349+0000] {taskinstance.py:2631} INFO - Dependencies all met for dep_context=requeueable deps ti=<TaskInstance: dag_get_data_from_yf.olhc_branching.get_csv_open scheduled__2026-03-03T17:00:00+00:00 [queued]>
[2026-03-16T22:25:06.350+0000] {taskinstance.py:2884} INFO - Starting attempt 1 of 1
[2026-03-16T22:25:06.458+0000] {taskinstance.py:2907} INFO - Executing <Task(_PythonDecoratedOperator): olhc_branching.get_csv_open> on 2026-03-03 17:00:00+00:00
[2026-03-16T22:25:06.492+0000] {warnings.py:112} WARNING - /home/***/.local/lib/python3.12/site-packages/***/task/task_runner/standard_task_runner.py:70: DeprecationWarning: This process (pid=2123) is multi-threaded, use of fork() may lead to deadlocks in the child.
  pid = os.fork()

[2026-03-16T22:25:06.512+0000] {standard_task_runner.py:72} INFO - Started process 2209 to run task
[2026-03-16T22:25:06.543+0000] {standard_task_runner.py:104} INFO - Running: ['***', 'tasks', 'run', 'dag_get_data_from_yf', 'olhc_branching.get_csv_open', 'scheduled__2026-03-03T17:00:00+00:00', '--job-id', '1618', '--raw', '--subdir', 'DAGS_FOLDER/get_finance_yf_csv.py', '--cfg-path', '/tmp/tmpncl2xmuv']
[2026-03-16T22:25:06.554+0000] {standard_task_runner.py:105} INFO - Job 1618: Subtask olhc_branching.get_csv_open
[2026-03-16T22:25:07.194+0000] {task_command.py:467} INFO - Running <TaskInstance: dag_get_data_from_yf.olhc_branching.get_csv_open scheduled__2026-03-03T17:00:00+00:00 [running]> on host 27461aedc806
[2026-03-16T22:25:08.254+0000] {taskinstance.py:3157} INFO - Exporting env vars: AIRFLOW_CTX_DAG_OWNER='***' AIRFLOW_CTX_DAG_ID='dag_get_data_from_yf' AIRFLOW_CTX_TASK_ID='olhc_branching.get_csv_open' AIRFLOW_CTX_EXECUTION_DATE='2026-03-03T17:00:00+00:00' AIRFLOW_CTX_TRY_NUMBER='1' AIRFLOW_CTX_DAG_RUN_ID='scheduled__2026-03-03T17:00:00+00:00'
[2026-03-16T22:25:08.259+0000] {logging_mixin.py:190} INFO - Task instance is in running state
[2026-03-16T22:25:08.259+0000] {logging_mixin.py:190} INFO -  Previous state of the Task instance: queued
[2026-03-16T22:25:08.260+0000] {logging_mixin.py:190} INFO - Current task name:olhc_branching.get_csv_open state:running start_date:2026-03-16 22:25:06.271201+00:00
[2026-03-16T22:25:08.260+0000] {logging_mixin.py:190} INFO - Dag name:dag_get_data_from_yf and current dag run status:running
[2026-03-16T22:25:08.261+0000] {taskinstance.py:740} INFO - ::endgroup::
[2026-03-16T22:25:08.305+0000] {logging_mixin.py:190} INFO - Data saved to /opt/***/scripts/saham_indonesia_open.csv
[2026-03-16T22:25:08.306+0000] {python.py:240} INFO - Done. Returned value was: /opt/***/scripts/saham_indonesia_open.csv
[2026-03-16T22:25:08.516+0000] {taskinstance.py:349} INFO - ::group::Post task execution logs
[2026-03-16T22:25:08.517+0000] {taskinstance.py:361} INFO - Marking task as SUCCESS. dag_id=dag_get_data_from_yf, task_id=olhc_branching.get_csv_open, run_id=scheduled__2026-03-03T17:00:00+00:00, execution_date=20260303T170000, start_date=20260316T222506, end_date=20260316T222508
[2026-03-16T22:25:08.776+0000] {logging_mixin.py:190} INFO - Task instance in success state
[2026-03-16T22:25:08.779+0000] {logging_mixin.py:190} INFO -  Previous state of the Task instance: running
[2026-03-16T22:25:08.787+0000] {logging_mixin.py:190} INFO - Dag name:dag_get_data_from_yf queued_at:2026-03-16 22:21:28.791315+00:00
[2026-03-16T22:25:08.793+0000] {logging_mixin.py:190} INFO - Task hostname:27461aedc806 operator:_PythonDecoratedOperator
[2026-03-16T22:25:08.858+0000] {local_task_job_runner.py:266} INFO - Task exited with return code 0
[2026-03-16T22:25:09.111+0000] {taskinstance.py:3924} INFO - 0 downstream tasks scheduled from follow-on schedule check
[2026-03-16T22:25:09.142+0000] {local_task_job_runner.py:245} INFO - ::endgroup::
[2026-03-16T22:55:45.292+0000] {local_task_job_runner.py:123} INFO - ::group::Pre task execution logs
[2026-03-16T22:55:45.409+0000] {taskinstance.py:2631} INFO - Dependencies all met for dep_context=non-requeueable deps ti=<TaskInstance: dag_get_data_from_yf.olhc_branching.get_csv_open scheduled__2026-03-03T17:00:00+00:00 [queued]>
[2026-03-16T22:55:45.457+0000] {taskinstance.py:2631} INFO - Dependencies all met for dep_context=requeueable deps ti=<TaskInstance: dag_get_data_from_yf.olhc_branching.get_csv_open scheduled__2026-03-03T17:00:00+00:00 [queued]>
[2026-03-16T22:55:45.465+0000] {taskinstance.py:2884} INFO - Starting attempt 1 of 1
[2026-03-16T22:55:45.532+0000] {taskinstance.py:2907} INFO - Executing <Task(_PythonDecoratedOperator): olhc_branching.get_csv_open> on 2026-03-03 17:00:00+00:00
[2026-03-16T22:55:45.593+0000] {warnings.py:112} WARNING - /home/***/.local/lib/python3.12/site-packages/***/task/task_runner/standard_task_runner.py:70: DeprecationWarning: This process (pid=564) is multi-threaded, use of fork() may lead to deadlocks in the child.
  pid = os.fork()

[2026-03-16T22:55:45.612+0000] {standard_task_runner.py:72} INFO - Started process 665 to run task
[2026-03-16T22:55:45.619+0000] {standard_task_runner.py:104} INFO - Running: ['***', 'tasks', 'run', 'dag_get_data_from_yf', 'olhc_branching.get_csv_open', 'scheduled__2026-03-03T17:00:00+00:00', '--job-id', '1702', '--raw', '--subdir', 'DAGS_FOLDER/get_finance_yf_csv.py', '--cfg-path', '/tmp/tmpq6ss0_f9']
[2026-03-16T22:55:45.628+0000] {standard_task_runner.py:105} INFO - Job 1702: Subtask olhc_branching.get_csv_open
[2026-03-16T22:55:45.975+0000] {task_command.py:467} INFO - Running <TaskInstance: dag_get_data_from_yf.olhc_branching.get_csv_open scheduled__2026-03-03T17:00:00+00:00 [running]> on host 245fc8f76c1e
[2026-03-16T22:55:46.589+0000] {taskinstance.py:3157} INFO - Exporting env vars: AIRFLOW_CTX_DAG_OWNER='***' AIRFLOW_CTX_DAG_ID='dag_get_data_from_yf' AIRFLOW_CTX_TASK_ID='olhc_branching.get_csv_open' AIRFLOW_CTX_EXECUTION_DATE='2026-03-03T17:00:00+00:00' AIRFLOW_CTX_TRY_NUMBER='1' AIRFLOW_CTX_DAG_RUN_ID='scheduled__2026-03-03T17:00:00+00:00'
[2026-03-16T22:55:46.593+0000] {logging_mixin.py:190} INFO - Task instance is in running state
[2026-03-16T22:55:46.594+0000] {logging_mixin.py:190} INFO -  Previous state of the Task instance: queued
[2026-03-16T22:55:46.595+0000] {logging_mixin.py:190} INFO - Current task name:olhc_branching.get_csv_open state:running start_date:2026-03-16 22:55:45.411031+00:00
[2026-03-16T22:55:46.596+0000] {logging_mixin.py:190} INFO - Dag name:dag_get_data_from_yf and current dag run status:running
[2026-03-16T22:55:46.597+0000] {taskinstance.py:740} INFO - ::endgroup::
[2026-03-16T22:55:46.652+0000] {logging_mixin.py:190} INFO - Data saved to /opt/***/scripts/saham_indonesia_open.csv
[2026-03-16T22:55:46.653+0000] {python.py:240} INFO - Done. Returned value was: /opt/***/scripts/saham_indonesia_open.csv
[2026-03-16T22:55:46.834+0000] {taskinstance.py:349} INFO - ::group::Post task execution logs
[2026-03-16T22:55:46.838+0000] {taskinstance.py:361} INFO - Marking task as SUCCESS. dag_id=dag_get_data_from_yf, task_id=olhc_branching.get_csv_open, run_id=scheduled__2026-03-03T17:00:00+00:00, execution_date=20260303T170000, start_date=20260316T225545, end_date=20260316T225546
[2026-03-16T22:55:47.002+0000] {logging_mixin.py:190} INFO - Task instance in success state
[2026-03-16T22:55:47.003+0000] {logging_mixin.py:190} INFO -  Previous state of the Task instance: running
[2026-03-16T22:55:47.004+0000] {logging_mixin.py:190} INFO - Dag name:dag_get_data_from_yf queued_at:2026-03-16 22:53:38.444745+00:00
[2026-03-16T22:55:47.005+0000] {logging_mixin.py:190} INFO - Task hostname:245fc8f76c1e operator:_PythonDecoratedOperator
[2026-03-16T22:55:47.045+0000] {local_task_job_runner.py:266} INFO - Task exited with return code 0
[2026-03-16T22:55:47.135+0000] {taskinstance.py:3924} INFO - 0 downstream tasks scheduled from follow-on schedule check
[2026-03-16T22:55:47.139+0000] {local_task_job_runner.py:245} INFO - ::endgroup::
