[2026-03-18T17:08:08.128+0000] {local_task_job_runner.py:123} INFO - ::group::Pre task execution logs
[2026-03-18T17:08:08.260+0000] {taskinstance.py:2631} INFO - Dependencies all met for dep_context=non-requeueable deps ti=<TaskInstance: dag_get_data_from_yf.get_data_from_yf scheduled__2026-03-17T01:00:00+00:00 [queued]>
[2026-03-18T17:08:08.322+0000] {taskinstance.py:2631} INFO - Dependencies all met for dep_context=requeueable deps ti=<TaskInstance: dag_get_data_from_yf.get_data_from_yf scheduled__2026-03-17T01:00:00+00:00 [queued]>
[2026-03-18T17:08:08.333+0000] {taskinstance.py:2884} INFO - Starting attempt 2 of 2
[2026-03-18T17:08:08.418+0000] {taskinstance.py:2907} INFO - Executing <Task(_PythonDecoratedOperator): get_data_from_yf> on 2026-03-17 01:00:00+00:00
[2026-03-18T17:08:08.490+0000] {standard_task_runner.py:104} INFO - Running: ['***', 'tasks', 'run', 'dag_get_data_from_yf', 'get_data_from_yf', 'scheduled__2026-03-17T01:00:00+00:00', '--job-id', '2302', '--raw', '--subdir', 'DAGS_FOLDER/get_finance_yf_csv.py', '--cfg-path', '/tmp/tmp_wzxyewt']
[2026-03-18T17:08:08.493+0000] {standard_task_runner.py:105} INFO - Job 2302: Subtask get_data_from_yf
[2026-03-18T17:08:08.481+0000] {warnings.py:112} WARNING - /home/***/.local/lib/python3.12/site-packages/***/task/task_runner/standard_task_runner.py:70: DeprecationWarning: This process (pid=212) is multi-threaded, use of fork() may lead to deadlocks in the child.
  pid = os.fork()

[2026-03-18T17:08:08.496+0000] {standard_task_runner.py:72} INFO - Started process 221 to run task
[2026-03-18T17:08:08.877+0000] {task_command.py:467} INFO - Running <TaskInstance: dag_get_data_from_yf.get_data_from_yf scheduled__2026-03-17T01:00:00+00:00 [running]> on host 0d842667f3be
[2026-03-18T17:08:09.342+0000] {taskinstance.py:3157} INFO - Exporting env vars: AIRFLOW_CTX_DAG_OWNER='***' AIRFLOW_CTX_DAG_ID='dag_get_data_from_yf' AIRFLOW_CTX_TASK_ID='get_data_from_yf' AIRFLOW_CTX_EXECUTION_DATE='2026-03-17T01:00:00+00:00' AIRFLOW_CTX_TRY_NUMBER='2' AIRFLOW_CTX_DAG_RUN_ID='scheduled__2026-03-17T01:00:00+00:00'
[2026-03-18T17:08:09.346+0000] {logging_mixin.py:190} INFO - Task instance is in running state
[2026-03-18T17:08:09.346+0000] {logging_mixin.py:190} INFO -  Previous state of the Task instance: queued
[2026-03-18T17:08:09.347+0000] {logging_mixin.py:190} INFO - Current task name:get_data_from_yf state:running start_date:2026-03-18 17:08:08.262036+00:00
[2026-03-18T17:08:09.347+0000] {logging_mixin.py:190} INFO - Dag name:dag_get_data_from_yf and current dag run status:running
[2026-03-18T17:08:09.348+0000] {taskinstance.py:740} INFO - ::endgroup::
[2026-03-18T17:08:09.351+0000] {logging_mixin.py:190} INFO - Ini tickers user: None
[2026-03-18T17:08:09.352+0000] {logging_mixin.py:190} INFO - Ini start date user: None
[2026-03-18T17:08:09.353+0000] {logging_mixin.py:190} INFO - Ini end date user: None
[2026-03-18T17:08:09.923+0000] {history.py:276} ERROR - $BBRI.JK: possibly delisted; no price data found  (1d 2026-03-19 -> 2026-03-19)
[2026-03-18T17:08:09.927+0000] {history.py:276} ERROR - $BMRI.JK: possibly delisted; no price data found  (1d 2026-03-19 -> 2026-03-19)
[2026-03-18T17:08:09.929+0000] {logging_mixin.py:190} WARNING - [                       0%                       ]
[2026-03-18T17:08:09.935+0000] {history.py:276} ERROR - $BBCA.JK: possibly delisted; no price data found  (1d 2026-03-19 -> 2026-03-19)
[2026-03-18T17:08:09.936+0000] {logging_mixin.py:190} WARNING - [                       0%                       ]
[2026-03-18T17:08:09.937+0000] {logging_mixin.py:190} WARNING - [*********************100%***********************]  3 of 3 completed
[2026-03-18T17:08:09.949+0000] {multi.py:176} ERROR - 
3 Failed downloads:
[2026-03-18T17:08:09.951+0000] {multi.py:189} ERROR - ['BBRI.JK', 'BMRI.JK', 'BBCA.JK']: possibly delisted; no price data found  (1d 2026-03-19 -> 2026-03-19)
[2026-03-18T17:08:09.997+0000] {logging_mixin.py:190} INFO - scheduled
[2026-03-18T17:08:10.003+0000] {logging_mixin.py:190} INFO - DEBUG: Row count fetched: 0
[2026-03-18T17:08:10.035+0000] {logging_mixin.py:190} INFO - DEBUG: Data content: Empty DataFrame
Columns: [(Adj Close, BBCA.JK), (Adj Close, BBRI.JK), (Adj Close, BMRI.JK), (Close, BBCA.JK), (Close, BBRI.JK), (Close, BMRI.JK), (High, BBCA.JK), (High, BBRI.JK), (High, BMRI.JK), (Low, BBCA.JK), (Low, BBRI.JK), (Low, BMRI.JK), (Open, BBCA.JK), (Open, BBRI.JK), (Open, BMRI.JK), (Volume, BBCA.JK), (Volume, BBRI.JK), (Volume, BMRI.JK)]
Index: []
[2026-03-18T17:08:10.055+0000] {logging_mixin.py:190} INFO - data_filtered:  Empty DataFrame
Columns: [(Close, BBCA.JK), (Close, BBRI.JK), (Close, BMRI.JK), (High, BBCA.JK), (High, BBRI.JK), (High, BMRI.JK), (Low, BBCA.JK), (Low, BBRI.JK), (Low, BMRI.JK), (Open, BBCA.JK), (Open, BBRI.JK), (Open, BMRI.JK)]
Index: []
[2026-03-18T17:08:10.090+0000] {logging_mixin.py:190} INFO - data_long.columns before Inserted_at_timestamp:  Index(['Date', 'Ticker', 'Close', 'High', 'Low', 'Open'], dtype='object')
[2026-03-18T17:08:10.095+0000] {logging_mixin.py:190} INFO - data_long.columns:  Index(['Date', 'Ticker', 'Close', 'High', 'Low', 'Open',
       'Inserted_at_timestamp_WIB'],
      dtype='object')
[2026-03-18T17:08:10.100+0000] {python.py:240} INFO - Done. Returned value was: []
[2026-03-18T17:08:10.218+0000] {taskinstance.py:349} INFO - ::group::Post task execution logs
[2026-03-18T17:08:10.219+0000] {taskinstance.py:361} INFO - Marking task as SUCCESS. dag_id=dag_get_data_from_yf, task_id=get_data_from_yf, run_id=scheduled__2026-03-17T01:00:00+00:00, execution_date=20260317T010000, start_date=20260318T170808, end_date=20260318T170810
[2026-03-18T17:08:10.561+0000] {logging_mixin.py:190} INFO - Task instance in success state
[2026-03-18T17:08:10.568+0000] {logging_mixin.py:190} INFO -  Previous state of the Task instance: running
[2026-03-18T17:08:10.570+0000] {logging_mixin.py:190} INFO - Dag name:dag_get_data_from_yf queued_at:2026-03-18 17:07:54.814410+00:00
[2026-03-18T17:08:10.571+0000] {logging_mixin.py:190} INFO - Task hostname:0d842667f3be operator:_PythonDecoratedOperator
[2026-03-18T17:08:10.616+0000] {local_task_job_runner.py:266} INFO - Task exited with return code 0
[2026-03-18T17:08:10.773+0000] {taskinstance.py:3924} INFO - 4 downstream tasks scheduled from follow-on schedule check
[2026-03-18T17:08:10.784+0000] {local_task_job_runner.py:245} INFO - ::endgroup::
[2026-03-18T17:23:54.172+0000] {local_task_job_runner.py:123} INFO - ::group::Pre task execution logs
[2026-03-18T17:23:54.233+0000] {taskinstance.py:2631} INFO - Dependencies all met for dep_context=non-requeueable deps ti=<TaskInstance: dag_get_data_from_yf.get_data_from_yf scheduled__2026-03-17T01:00:00+00:00 [queued]>
[2026-03-18T17:23:54.252+0000] {taskinstance.py:2631} INFO - Dependencies all met for dep_context=requeueable deps ti=<TaskInstance: dag_get_data_from_yf.get_data_from_yf scheduled__2026-03-17T01:00:00+00:00 [queued]>
[2026-03-18T17:23:54.252+0000] {taskinstance.py:2884} INFO - Starting attempt 2 of 2
[2026-03-18T17:23:54.284+0000] {taskinstance.py:2907} INFO - Executing <Task(_PythonDecoratedOperator): get_data_from_yf> on 2026-03-17 01:00:00+00:00
[2026-03-18T17:23:54.300+0000] {warnings.py:112} WARNING - /home/***/.local/lib/python3.12/site-packages/***/task/task_runner/standard_task_runner.py:70: DeprecationWarning: This process (pid=452) is multi-threaded, use of fork() may lead to deadlocks in the child.
  pid = os.fork()

[2026-03-18T17:23:54.303+0000] {standard_task_runner.py:72} INFO - Started process 454 to run task
[2026-03-18T17:23:54.306+0000] {standard_task_runner.py:104} INFO - Running: ['***', 'tasks', 'run', 'dag_get_data_from_yf', 'get_data_from_yf', 'scheduled__2026-03-17T01:00:00+00:00', '--job-id', '2313', '--raw', '--subdir', 'DAGS_FOLDER/get_finance_yf_csv.py', '--cfg-path', '/tmp/tmpf720wqwd']
[2026-03-18T17:23:54.309+0000] {standard_task_runner.py:105} INFO - Job 2313: Subtask get_data_from_yf
[2026-03-18T17:23:54.453+0000] {task_command.py:467} INFO - Running <TaskInstance: dag_get_data_from_yf.get_data_from_yf scheduled__2026-03-17T01:00:00+00:00 [running]> on host 0d842667f3be
[2026-03-18T17:23:54.689+0000] {taskinstance.py:3157} INFO - Exporting env vars: AIRFLOW_CTX_DAG_OWNER='***' AIRFLOW_CTX_DAG_ID='dag_get_data_from_yf' AIRFLOW_CTX_TASK_ID='get_data_from_yf' AIRFLOW_CTX_EXECUTION_DATE='2026-03-17T01:00:00+00:00' AIRFLOW_CTX_TRY_NUMBER='2' AIRFLOW_CTX_DAG_RUN_ID='scheduled__2026-03-17T01:00:00+00:00'
[2026-03-18T17:23:54.692+0000] {logging_mixin.py:190} INFO - Task instance is in running state
[2026-03-18T17:23:54.692+0000] {logging_mixin.py:190} INFO -  Previous state of the Task instance: queued
[2026-03-18T17:23:54.693+0000] {logging_mixin.py:190} INFO - Current task name:get_data_from_yf state:running start_date:2026-03-18 17:23:54.234365+00:00
[2026-03-18T17:23:54.693+0000] {logging_mixin.py:190} INFO - Dag name:dag_get_data_from_yf and current dag run status:running
[2026-03-18T17:23:54.694+0000] {taskinstance.py:740} INFO - ::endgroup::
[2026-03-18T17:23:54.696+0000] {logging_mixin.py:190} INFO - Ini tickers user: None
[2026-03-18T17:23:54.697+0000] {logging_mixin.py:190} INFO - Ini start date user: None
[2026-03-18T17:23:54.697+0000] {logging_mixin.py:190} INFO - Ini end date user: None
[2026-03-18T17:23:55.194+0000] {history.py:276} ERROR - $BMRI.JK: possibly delisted; no price data found  (1d 2026-03-19 -> 2026-03-19)
[2026-03-18T17:23:55.197+0000] {logging_mixin.py:190} WARNING - [                       0%                       ]
[2026-03-18T17:23:55.203+0000] {history.py:276} ERROR - $BBRI.JK: possibly delisted; no price data found  (1d 2026-03-19 -> 2026-03-19)
[2026-03-18T17:23:55.206+0000] {logging_mixin.py:190} WARNING - [**********************67%*******                ]  2 of 3 completed
[2026-03-18T17:23:55.205+0000] {history.py:276} ERROR - $BBCA.JK: possibly delisted; no price data found  (1d 2026-03-19 -> 2026-03-19)
[2026-03-18T17:23:55.214+0000] {logging_mixin.py:190} WARNING - [*********************100%***********************]  3 of 3 completed
[2026-03-18T17:23:55.215+0000] {multi.py:176} ERROR - 
3 Failed downloads:
[2026-03-18T17:23:55.216+0000] {multi.py:189} ERROR - ['BMRI.JK', 'BBRI.JK', 'BBCA.JK']: possibly delisted; no price data found  (1d 2026-03-19 -> 2026-03-19)
[2026-03-18T17:23:55.249+0000] {logging_mixin.py:190} INFO - scheduled
[2026-03-18T17:23:55.250+0000] {logging_mixin.py:190} INFO - DEBUG: Row count fetched: 0
[2026-03-18T17:23:55.264+0000] {logging_mixin.py:190} INFO - DEBUG: Data content: Empty DataFrame
Columns: [(Adj Close, BBCA.JK), (Adj Close, BBRI.JK), (Adj Close, BMRI.JK), (Close, BBCA.JK), (Close, BBRI.JK), (Close, BMRI.JK), (High, BBCA.JK), (High, BBRI.JK), (High, BMRI.JK), (Low, BBCA.JK), (Low, BBRI.JK), (Low, BMRI.JK), (Open, BBCA.JK), (Open, BBRI.JK), (Open, BMRI.JK), (Volume, BBCA.JK), (Volume, BBRI.JK), (Volume, BMRI.JK)]
Index: []
[2026-03-18T17:23:55.278+0000] {logging_mixin.py:190} INFO - data_filtered:  Empty DataFrame
Columns: [(Close, BBCA.JK), (Close, BBRI.JK), (Close, BMRI.JK), (High, BBCA.JK), (High, BBRI.JK), (High, BMRI.JK), (Low, BBCA.JK), (Low, BBRI.JK), (Low, BMRI.JK), (Open, BBCA.JK), (Open, BBRI.JK), (Open, BMRI.JK)]
Index: []
[2026-03-18T17:23:55.305+0000] {logging_mixin.py:190} INFO - data_long.columns before Inserted_at_timestamp:  Index(['Date', 'Ticker', 'Close', 'High', 'Low', 'Open'], dtype='object')
[2026-03-18T17:23:55.308+0000] {logging_mixin.py:190} INFO - data_long.columns:  Index(['Date', 'Ticker', 'Close', 'High', 'Low', 'Open',
       'Inserted_at_timestamp_WIB'],
      dtype='object')
[2026-03-18T17:23:55.313+0000] {python.py:240} INFO - Done. Returned value was: []
[2026-03-18T17:23:55.392+0000] {taskinstance.py:349} INFO - ::group::Post task execution logs
[2026-03-18T17:23:55.393+0000] {taskinstance.py:361} INFO - Marking task as SUCCESS. dag_id=dag_get_data_from_yf, task_id=get_data_from_yf, run_id=scheduled__2026-03-17T01:00:00+00:00, execution_date=20260317T010000, start_date=20260318T172354, end_date=20260318T172355
[2026-03-18T17:23:55.463+0000] {logging_mixin.py:190} INFO - Task instance in success state
[2026-03-18T17:23:55.464+0000] {logging_mixin.py:190} INFO -  Previous state of the Task instance: running
[2026-03-18T17:23:55.464+0000] {logging_mixin.py:190} INFO - Dag name:dag_get_data_from_yf queued_at:2026-03-18 17:23:42.802283+00:00
[2026-03-18T17:23:55.465+0000] {logging_mixin.py:190} INFO - Task hostname:0d842667f3be operator:_PythonDecoratedOperator
[2026-03-18T17:23:55.485+0000] {local_task_job_runner.py:266} INFO - Task exited with return code 0
[2026-03-18T17:23:55.584+0000] {taskinstance.py:3924} INFO - 4 downstream tasks scheduled from follow-on schedule check
[2026-03-18T17:23:55.590+0000] {local_task_job_runner.py:245} INFO - ::endgroup::
