[2026-03-10T04:13:13.623+0000] {local_task_job_runner.py:123} INFO - ::group::Pre task execution logs
[2026-03-10T04:13:13.718+0000] {taskinstance.py:2631} INFO - Dependencies all met for dep_context=non-requeueable deps ti=<TaskInstance: dag_get_data_from_yf.print_my_int_param scheduled__2026-03-10T04:12:00+00:00 [queued]>
[2026-03-10T04:13:13.750+0000] {taskinstance.py:2631} INFO - Dependencies all met for dep_context=requeueable deps ti=<TaskInstance: dag_get_data_from_yf.print_my_int_param scheduled__2026-03-10T04:12:00+00:00 [queued]>
[2026-03-10T04:13:13.751+0000] {taskinstance.py:2884} INFO - Starting attempt 1 of 1
[2026-03-10T04:13:13.798+0000] {taskinstance.py:2907} INFO - Executing <Task(PythonOperator): print_my_int_param> on 2026-03-10 04:12:00+00:00
[2026-03-10T04:13:13.824+0000] {warnings.py:112} WARNING - /home/***/.local/lib/python3.12/site-packages/***/task/task_runner/standard_task_runner.py:70: DeprecationWarning: This process (pid=9329) is multi-threaded, use of fork() may lead to deadlocks in the child.
  pid = os.fork()

[2026-03-10T04:13:13.828+0000] {standard_task_runner.py:72} INFO - Started process 9347 to run task
[2026-03-10T04:13:13.841+0000] {standard_task_runner.py:104} INFO - Running: ['***', 'tasks', 'run', 'dag_get_data_from_yf', 'print_my_int_param', 'scheduled__2026-03-10T04:12:00+00:00', '--job-id', '8734', '--raw', '--subdir', 'DAGS_FOLDER/get_finance_yf_csv.py', '--cfg-path', '/tmp/tmp1ku7z_p0']
[2026-03-10T04:13:13.844+0000] {standard_task_runner.py:105} INFO - Job 8734: Subtask print_my_int_param
[2026-03-10T04:13:14.126+0000] {task_command.py:467} INFO - Running <TaskInstance: dag_get_data_from_yf.print_my_int_param scheduled__2026-03-10T04:12:00+00:00 [running]> on host 50d997f0c294
[2026-03-10T04:13:14.496+0000] {taskinstance.py:3157} INFO - Exporting env vars: AIRFLOW_CTX_DAG_OWNER='***' AIRFLOW_CTX_DAG_ID='dag_get_data_from_yf' AIRFLOW_CTX_TASK_ID='print_my_int_param' AIRFLOW_CTX_EXECUTION_DATE='2026-03-10T04:12:00+00:00' AIRFLOW_CTX_TRY_NUMBER='1' AIRFLOW_CTX_DAG_RUN_ID='scheduled__2026-03-10T04:12:00+00:00'
[2026-03-10T04:13:14.499+0000] {logging_mixin.py:190} INFO - Task instance is in running state
[2026-03-10T04:13:14.500+0000] {logging_mixin.py:190} INFO -  Previous state of the Task instance: queued
[2026-03-10T04:13:14.500+0000] {logging_mixin.py:190} INFO - Current task name:print_my_int_param state:running start_date:2026-03-10 04:13:13.721114+00:00
[2026-03-10T04:13:14.501+0000] {logging_mixin.py:190} INFO - Dag name:dag_get_data_from_yf and current dag run status:running
[2026-03-10T04:13:14.502+0000] {taskinstance.py:740} INFO - ::endgroup::
[2026-03-10T04:13:14.518+0000] {taskinstance.py:3336} ERROR - Task failed with exception
Traceback (most recent call last):
  File "/home/airflow/.local/lib/python3.12/site-packages/airflow/models/taskinstance.py", line 776, in _execute_task
    result = _execute_callable(context=context, **execute_callable_kwargs)
             ^^^^^^^^^^^^^^^^^^^^^^^^^^^^^^^^^^^^^^^^^^^^^^^^^^^^^^^^^^^^^
  File "/home/airflow/.local/lib/python3.12/site-packages/airflow/models/taskinstance.py", line 742, in _execute_callable
    return ExecutionCallableRunner(
           ^^^^^^^^^^^^^^^^^^^^^^^^
  File "/home/airflow/.local/lib/python3.12/site-packages/airflow/utils/operator_helpers.py", line 252, in run
    return self.func(*args, **kwargs)
           ^^^^^^^^^^^^^^^^^^^^^^^^^^
  File "/home/airflow/.local/lib/python3.12/site-packages/airflow/models/baseoperator.py", line 425, in wrapper
    return func(self, *args, **kwargs)
           ^^^^^^^^^^^^^^^^^^^^^^^^^^^
  File "/home/airflow/.local/lib/python3.12/site-packages/airflow/operators/python.py", line 238, in execute
    return_value = self.execute_callable()
                   ^^^^^^^^^^^^^^^^^^^^^^^
  File "/home/airflow/.local/lib/python3.12/site-packages/airflow/operators/python.py", line 256, in execute_callable
    return runner.run(*self.op_args, **self.op_kwargs)
           ^^^^^^^^^^^^^^^^^^^^^^^^^^^^^^^^^^^^^^^^^^^
  File "/home/airflow/.local/lib/python3.12/site-packages/airflow/utils/operator_helpers.py", line 252, in run
    return self.func(*args, **kwargs)
           ^^^^^^^^^^^^^^^^^^^^^^^^^^
  File "/opt/airflow/dags/get_finance_yf_csv.py", line 129, in print_my_int_param
    print(params.my_int_param)
          ^^^^^^^^^^^^^^^^^^^
AttributeError: 'dict' object has no attribute 'my_int_param'
[2026-03-10T04:13:14.567+0000] {logging_mixin.py:190} INFO - Task instance in failure state
[2026-03-10T04:13:14.568+0000] {logging_mixin.py:190} INFO - Task start:2026-03-10 04:13:13.721114+00:00 end:2026-03-10 04:13:14.565582+00:00 duration:0.844468
[2026-03-10T04:13:14.569+0000] {logging_mixin.py:190} INFO - Task:<Task(PythonOperator): print_my_int_param> dag:<DAG: dag_get_data_from_yf> dagrun:<DagRun dag_get_data_from_yf @ 2026-03-10 04:12:00+00:00: scheduled__2026-03-10T04:12:00+00:00, state:running, queued_at: 2026-03-10 04:13:00.582300+00:00. externally triggered: False>
[2026-03-10T04:13:14.569+0000] {logging_mixin.py:190} INFO - Failure caused by 'dict' object has no attribute 'my_int_param'
[2026-03-10T04:13:14.570+0000] {taskinstance.py:1242} INFO - Marking task as FAILED. dag_id=dag_get_data_from_yf, task_id=print_my_int_param, run_id=scheduled__2026-03-10T04:12:00+00:00, execution_date=20260310T041200, start_date=20260310T041313, end_date=20260310T041314
[2026-03-10T04:13:14.739+0000] {taskinstance.py:349} INFO - ::group::Post task execution logs
[2026-03-10T04:13:14.741+0000] {standard_task_runner.py:124} ERROR - Failed to execute job 8734 for task print_my_int_param ('dict' object has no attribute 'my_int_param'; 9347)
Traceback (most recent call last):
  File "/home/airflow/.local/lib/python3.12/site-packages/airflow/task/task_runner/standard_task_runner.py", line 117, in _start_by_fork
    ret = args.func(args, dag=self.dag)
          ^^^^^^^^^^^^^^^^^^^^^^^^^^^^^
  File "/home/airflow/.local/lib/python3.12/site-packages/airflow/cli/cli_config.py", line 49, in command
    return func(*args, **kwargs)
           ^^^^^^^^^^^^^^^^^^^^^
  File "/home/airflow/.local/lib/python3.12/site-packages/airflow/utils/cli.py", line 116, in wrapper
    return f(*args, **kwargs)
           ^^^^^^^^^^^^^^^^^^
  File "/home/airflow/.local/lib/python3.12/site-packages/airflow/cli/commands/task_command.py", line 483, in task_run
    task_return_code = _run_task_by_selected_method(args, _dag, ti)
                       ^^^^^^^^^^^^^^^^^^^^^^^^^^^^^^^^^^^^^^^^^^^^
  File "/home/airflow/.local/lib/python3.12/site-packages/airflow/cli/commands/task_command.py", line 256, in _run_task_by_selected_method
    return _run_raw_task(args, ti)
           ^^^^^^^^^^^^^^^^^^^^^^^
  File "/home/airflow/.local/lib/python3.12/site-packages/airflow/cli/commands/task_command.py", line 341, in _run_raw_task
    return ti._run_raw_task(
           ^^^^^^^^^^^^^^^^^
  File "/home/airflow/.local/lib/python3.12/site-packages/airflow/utils/session.py", line 97, in wrapper
    return func(*args, session=session, **kwargs)
           ^^^^^^^^^^^^^^^^^^^^^^^^^^^^^^^^^^^^^^
  File "/home/airflow/.local/lib/python3.12/site-packages/airflow/models/taskinstance.py", line 3029, in _run_raw_task
    return _run_raw_task(
           ^^^^^^^^^^^^^^
  File "/home/airflow/.local/lib/python3.12/site-packages/airflow/models/taskinstance.py", line 282, in _run_raw_task
    TaskInstance._execute_task_with_callbacks(
  File "/home/airflow/.local/lib/python3.12/site-packages/airflow/models/taskinstance.py", line 3184, in _execute_task_with_callbacks
    result = self._execute_task(context, task_orig)
             ^^^^^^^^^^^^^^^^^^^^^^^^^^^^^^^^^^^^^^
  File "/home/airflow/.local/lib/python3.12/site-packages/airflow/models/taskinstance.py", line 3208, in _execute_task
    return _execute_task(self, context, task_orig)
           ^^^^^^^^^^^^^^^^^^^^^^^^^^^^^^^^^^^^^^^
  File "/home/airflow/.local/lib/python3.12/site-packages/airflow/models/taskinstance.py", line 776, in _execute_task
    result = _execute_callable(context=context, **execute_callable_kwargs)
             ^^^^^^^^^^^^^^^^^^^^^^^^^^^^^^^^^^^^^^^^^^^^^^^^^^^^^^^^^^^^^
  File "/home/airflow/.local/lib/python3.12/site-packages/airflow/models/taskinstance.py", line 742, in _execute_callable
    return ExecutionCallableRunner(
           ^^^^^^^^^^^^^^^^^^^^^^^^
  File "/home/airflow/.local/lib/python3.12/site-packages/airflow/utils/operator_helpers.py", line 252, in run
    return self.func(*args, **kwargs)
           ^^^^^^^^^^^^^^^^^^^^^^^^^^
  File "/home/airflow/.local/lib/python3.12/site-packages/airflow/models/baseoperator.py", line 425, in wrapper
    return func(self, *args, **kwargs)
           ^^^^^^^^^^^^^^^^^^^^^^^^^^^
  File "/home/airflow/.local/lib/python3.12/site-packages/airflow/operators/python.py", line 238, in execute
    return_value = self.execute_callable()
                   ^^^^^^^^^^^^^^^^^^^^^^^
  File "/home/airflow/.local/lib/python3.12/site-packages/airflow/operators/python.py", line 256, in execute_callable
    return runner.run(*self.op_args, **self.op_kwargs)
           ^^^^^^^^^^^^^^^^^^^^^^^^^^^^^^^^^^^^^^^^^^^
  File "/home/airflow/.local/lib/python3.12/site-packages/airflow/utils/operator_helpers.py", line 252, in run
    return self.func(*args, **kwargs)
           ^^^^^^^^^^^^^^^^^^^^^^^^^^
  File "/opt/airflow/dags/get_finance_yf_csv.py", line 129, in print_my_int_param
    print(params.my_int_param)
          ^^^^^^^^^^^^^^^^^^^
AttributeError: 'dict' object has no attribute 'my_int_param'
[2026-03-10T04:13:14.809+0000] {local_task_job_runner.py:266} INFO - Task exited with return code 1
[2026-03-10T04:13:14.992+0000] {taskinstance.py:3924} INFO - 0 downstream tasks scheduled from follow-on schedule check
[2026-03-10T04:13:15.019+0000] {local_task_job_runner.py:245} INFO - ::endgroup::
