[2026-03-09T02:30:20.234+0000] {local_task_job_runner.py:123} INFO - ::group::Pre task execution logs
[2026-03-09T02:30:20.308+0000] {taskinstance.py:2631} INFO - Dependencies all met for dep_context=non-requeueable deps ti=<TaskInstance: dag_get_data_from_yf.get_csv_close scheduled__2026-03-09T02:29:00+00:00 [queued]>
[2026-03-09T02:30:20.329+0000] {taskinstance.py:2631} INFO - Dependencies all met for dep_context=requeueable deps ti=<TaskInstance: dag_get_data_from_yf.get_csv_close scheduled__2026-03-09T02:29:00+00:00 [queued]>
[2026-03-09T02:30:20.330+0000] {taskinstance.py:2884} INFO - Starting attempt 1 of 1
[2026-03-09T02:30:20.362+0000] {taskinstance.py:2907} INFO - Executing <Task(_PythonDecoratedOperator): get_csv_close> on 2026-03-09 02:29:00+00:00
[2026-03-09T02:30:20.381+0000] {warnings.py:112} WARNING - /home/***/.local/lib/python3.12/site-packages/***/task/task_runner/standard_task_runner.py:70: DeprecationWarning: This process (pid=3484) is multi-threaded, use of fork() may lead to deadlocks in the child.
  pid = os.fork()

[2026-03-09T02:30:20.385+0000] {standard_task_runner.py:72} INFO - Started process 3499 to run task
[2026-03-09T02:30:20.387+0000] {standard_task_runner.py:104} INFO - Running: ['***', 'tasks', 'run', 'dag_get_data_from_yf', 'get_csv_close', 'scheduled__2026-03-09T02:29:00+00:00', '--job-id', '4946', '--raw', '--subdir', 'DAGS_FOLDER/get_finance_yf_csv.py', '--cfg-path', '/tmp/tmp7u84uqi_']
[2026-03-09T02:30:20.389+0000] {standard_task_runner.py:105} INFO - Job 4946: Subtask get_csv_close
[2026-03-09T02:30:20.515+0000] {task_command.py:467} INFO - Running <TaskInstance: dag_get_data_from_yf.get_csv_close scheduled__2026-03-09T02:29:00+00:00 [running]> on host 0b29540d368e
[2026-03-09T02:30:21.041+0000] {taskinstance.py:3157} INFO - Exporting env vars: AIRFLOW_CTX_DAG_OWNER='***' AIRFLOW_CTX_DAG_ID='dag_get_data_from_yf' AIRFLOW_CTX_TASK_ID='get_csv_close' AIRFLOW_CTX_EXECUTION_DATE='2026-03-09T02:29:00+00:00' AIRFLOW_CTX_TRY_NUMBER='1' AIRFLOW_CTX_DAG_RUN_ID='scheduled__2026-03-09T02:29:00+00:00'
[2026-03-09T02:30:21.044+0000] {logging_mixin.py:190} INFO - Task instance is in running state
[2026-03-09T02:30:21.044+0000] {logging_mixin.py:190} INFO -  Previous state of the Task instance: queued
[2026-03-09T02:30:21.045+0000] {logging_mixin.py:190} INFO - Current task name:get_csv_close state:running start_date:2026-03-09 02:30:20.309414+00:00
[2026-03-09T02:30:21.045+0000] {logging_mixin.py:190} INFO - Dag name:dag_get_data_from_yf and current dag run status:running
[2026-03-09T02:30:21.046+0000] {taskinstance.py:740} INFO - ::endgroup::
[2026-03-09T02:30:21.060+0000] {logging_mixin.py:190} INFO - None
[2026-03-09T02:30:21.061+0000] {python.py:240} INFO - Done. Returned value was: /opt/***/scripts/saham_indonesia_close.csv
[2026-03-09T02:30:21.147+0000] {taskinstance.py:349} INFO - ::group::Post task execution logs
[2026-03-09T02:30:21.148+0000] {taskinstance.py:361} INFO - Marking task as SUCCESS. dag_id=dag_get_data_from_yf, task_id=get_csv_close, run_id=scheduled__2026-03-09T02:29:00+00:00, execution_date=20260309T022900, start_date=20260309T023020, end_date=20260309T023021
[2026-03-09T02:30:21.235+0000] {logging_mixin.py:190} INFO - Task instance in success state
[2026-03-09T02:30:21.237+0000] {logging_mixin.py:190} INFO -  Previous state of the Task instance: running
[2026-03-09T02:30:21.238+0000] {logging_mixin.py:190} INFO - Dag name:dag_get_data_from_yf queued_at:2026-03-09 02:30:00.978443+00:00
[2026-03-09T02:30:21.238+0000] {logging_mixin.py:190} INFO - Task hostname:0b29540d368e operator:_PythonDecoratedOperator
[2026-03-09T02:30:21.265+0000] {local_task_job_runner.py:266} INFO - Task exited with return code 0
[2026-03-09T02:30:21.301+0000] {local_task_job_runner.py:245} INFO - ::endgroup::
