[2026-03-13T02:39:05.294+0000] {local_task_job_runner.py:123} INFO - ::group::Pre task execution logs
[2026-03-13T02:39:05.322+0000] {taskinstance.py:2631} INFO - Dependencies all met for dep_context=non-requeueable deps ti=<TaskInstance: execute_shell_script.execute_script_first scheduled__2026-03-13T02:38:00+00:00 [queued]>
[2026-03-13T02:39:05.331+0000] {taskinstance.py:2631} INFO - Dependencies all met for dep_context=requeueable deps ti=<TaskInstance: execute_shell_script.execute_script_first scheduled__2026-03-13T02:38:00+00:00 [queued]>
[2026-03-13T02:39:05.332+0000] {taskinstance.py:2884} INFO - Starting attempt 1 of 1
[2026-03-13T02:39:05.348+0000] {taskinstance.py:2907} INFO - Executing <Task(BashOperator): execute_script_first> on 2026-03-13 02:38:00+00:00
[2026-03-13T02:39:05.359+0000] {warnings.py:112} WARNING - /home/***/.local/lib/python3.12/site-packages/***/task/task_runner/standard_task_runner.py:70: DeprecationWarning: This process (pid=1646) is multi-threaded, use of fork() may lead to deadlocks in the child.
  pid = os.fork()

[2026-03-13T02:39:05.361+0000] {standard_task_runner.py:72} INFO - Started process 1648 to run task
[2026-03-13T02:39:05.361+0000] {standard_task_runner.py:104} INFO - Running: ['***', 'tasks', 'run', 'execute_shell_script', 'execute_script_first', 'scheduled__2026-03-13T02:38:00+00:00', '--job-id', '12869', '--raw', '--subdir', 'DAGS_FOLDER/executeShellScript.py', '--cfg-path', '/tmp/tmpe5ej8utb']
[2026-03-13T02:39:05.362+0000] {standard_task_runner.py:105} INFO - Job 12869: Subtask execute_script_first
[2026-03-13T02:39:05.451+0000] {task_command.py:467} INFO - Running <TaskInstance: execute_shell_script.execute_script_first scheduled__2026-03-13T02:38:00+00:00 [running]> on host da0261867cfd
[2026-03-13T02:39:05.605+0000] {taskinstance.py:3157} INFO - Exporting env vars: AIRFLOW_CTX_DAG_OWNER='***' AIRFLOW_CTX_DAG_ID='execute_shell_script' AIRFLOW_CTX_TASK_ID='execute_script_first' AIRFLOW_CTX_EXECUTION_DATE='2026-03-13T02:38:00+00:00' AIRFLOW_CTX_TRY_NUMBER='1' AIRFLOW_CTX_DAG_RUN_ID='scheduled__2026-03-13T02:38:00+00:00'
[2026-03-13T02:39:05.607+0000] {logging_mixin.py:190} INFO - Task instance is in running state
[2026-03-13T02:39:05.607+0000] {logging_mixin.py:190} INFO -  Previous state of the Task instance: queued
[2026-03-13T02:39:05.607+0000] {logging_mixin.py:190} INFO - Current task name:execute_script_first state:running start_date:2026-03-13 02:39:05.323074+00:00
[2026-03-13T02:39:05.608+0000] {logging_mixin.py:190} INFO - Dag name:execute_shell_script and current dag run status:running
[2026-03-13T02:39:05.608+0000] {taskinstance.py:740} INFO - ::endgroup::
[2026-03-13T02:39:05.609+0000] {subprocess.py:78} INFO - Tmp dir root location: /tmp
[2026-03-13T02:39:05.611+0000] {subprocess.py:88} INFO - Running command: ['/usr/bin/bash', '-c', 'sh /opt/***/scripts/SampleShellScript.sh /opt/***/scripts/task_output1.txt']
[2026-03-13T02:39:05.630+0000] {subprocess.py:99} INFO - Output:
[2026-03-13T02:39:05.634+0000] {subprocess.py:106} INFO - File '/opt/***/scripts/task_output1.txt' dibuat dengan sample text.
[2026-03-13T02:39:05.635+0000] {subprocess.py:110} INFO - Command exited with return code 0
[2026-03-13T02:39:05.712+0000] {taskinstance.py:349} INFO - ::group::Post task execution logs
[2026-03-13T02:39:05.713+0000] {taskinstance.py:361} INFO - Marking task as SUCCESS. dag_id=execute_shell_script, task_id=execute_script_first, run_id=scheduled__2026-03-13T02:38:00+00:00, execution_date=20260313T023800, start_date=20260313T023905, end_date=20260313T023905
[2026-03-13T02:39:05.772+0000] {logging_mixin.py:190} INFO - Task instance in success state
[2026-03-13T02:39:05.772+0000] {logging_mixin.py:190} INFO -  Previous state of the Task instance: running
[2026-03-13T02:39:05.773+0000] {logging_mixin.py:190} INFO - Dag name:execute_shell_script queued_at:2026-03-13 02:39:00.476727+00:00
[2026-03-13T02:39:05.773+0000] {logging_mixin.py:190} INFO - Task hostname:da0261867cfd operator:BashOperator
[2026-03-13T02:39:05.786+0000] {local_task_job_runner.py:266} INFO - Task exited with return code 0
[2026-03-13T02:39:05.825+0000] {taskinstance.py:3924} INFO - 1 downstream tasks scheduled from follow-on schedule check
[2026-03-13T02:39:05.828+0000] {local_task_job_runner.py:245} INFO - ::endgroup::
