[2026-03-27T10:00:36.068+0000] {local_task_job_runner.py:123} INFO - ::group::Pre task execution logs
[2026-03-27T10:00:36.217+0000] {taskinstance.py:2631} INFO - Dependencies all met for dep_context=non-requeueable deps ti=<TaskInstance: dag_get_data_from_yf.insert_data_task scheduled__2026-03-26T10:00:00+00:00 map_index=21 [queued]>
[2026-03-27T10:00:36.290+0000] {taskinstance.py:2631} INFO - Dependencies all met for dep_context=requeueable deps ti=<TaskInstance: dag_get_data_from_yf.insert_data_task scheduled__2026-03-26T10:00:00+00:00 map_index=21 [queued]>
[2026-03-27T10:00:36.291+0000] {taskinstance.py:2884} INFO - Starting attempt 1 of 1
[2026-03-27T10:00:36.474+0000] {taskinstance.py:2907} INFO - Executing <Mapped(SQLExecuteQueryOperator): insert_data_task> on 2026-03-26 10:00:00+00:00
[2026-03-27T10:00:36.528+0000] {logging_mixin.py:190} WARNING - /home/***/.local/lib/python3.12/site-packages/***/task/task_runner/standard_task_runner.py:70 DeprecationWarning: This process (pid=2743) is multi-threaded, use of fork() may lead to deadlocks in the child.
[2026-03-27T10:00:36.532+0000] {standard_task_runner.py:72} INFO - Started process 3043 to run task
[2026-03-27T10:00:36.545+0000] {standard_task_runner.py:104} INFO - Running: ['***', 'tasks', 'run', 'dag_get_data_from_yf', 'insert_data_task', 'scheduled__2026-03-26T10:00:00+00:00', '--job-id', '802', '--raw', '--subdir', 'DAGS_FOLDER/get_finance_yf_csv.py', '--cfg-path', '/tmp/tmpg5ybezcg', '--map-index', '21']
[2026-03-27T10:00:36.548+0000] {standard_task_runner.py:105} INFO - Job 802: Subtask insert_data_task
[2026-03-27T10:00:36.897+0000] {task_command.py:467} INFO - Running <TaskInstance: dag_get_data_from_yf.insert_data_task scheduled__2026-03-26T10:00:00+00:00 map_index=21 [running]> on host 7a865275eb00
[2026-03-27T10:00:37.313+0000] {taskinstance.py:3157} INFO - Exporting env vars: AIRFLOW_CTX_DAG_OWNER='***' AIRFLOW_CTX_DAG_ID='dag_get_data_from_yf' AIRFLOW_CTX_TASK_ID='insert_data_task' AIRFLOW_CTX_EXECUTION_DATE='2026-03-26T10:00:00+00:00' AIRFLOW_CTX_TRY_NUMBER='1' AIRFLOW_CTX_DAG_RUN_ID='scheduled__2026-03-26T10:00:00+00:00'
[2026-03-27T10:00:37.315+0000] {taskinstance.py:740} INFO - ::endgroup::
[2026-03-27T10:00:37.323+0000] {sql.py:410} INFO - Executing: INSERT INTO indonesian_stocks (
    date, 
    ticker, 
    close, 
    high, 
    low, 
    open, 
    inserted_at_timestamp_wib
) 
VALUES (
    '2026-03-10', 
    'BBCA.JK', 
    6975.0, 
    7050.0, 
    6925.0, 
    6950.0, 
    '2026-03-27 16:57:23' 
)
ON CONFLICT (date, ticker) 
DO NOTHING;
[2026-03-27T10:00:37.329+0000] {crypto.py:82} WARNING - empty cryptography key - values will not be stored encrypted.
[2026-03-27T10:00:37.330+0000] {base.py:84} INFO - Retrieving connection 'db_custom'
[2026-03-27T10:00:37.338+0000] {base.py:84} INFO - Retrieving connection 'db_custom'
[2026-03-27T10:00:37.368+0000] {sql.py:861} INFO - Running statement: INSERT INTO indonesian_stocks (
    date, 
    ticker, 
    close, 
    high, 
    low, 
    open, 
    inserted_at_timestamp_wib
) 
VALUES (
    '2026-03-10', 
    'BBCA.JK', 
    6975.0, 
    7050.0, 
    6925.0, 
    6950.0, 
    '2026-03-27 16:57:23' 
)
ON CONFLICT (date, ticker) 
DO NOTHING;, parameters: None
[2026-03-27T10:00:37.380+0000] {sql.py:879} INFO - Rows affected: 0
[2026-03-27T10:00:37.431+0000] {taskinstance.py:349} INFO - ::group::Post task execution logs
[2026-03-27T10:00:37.432+0000] {taskinstance.py:361} INFO - Marking task as SUCCESS. dag_id=dag_get_data_from_yf, task_id=insert_data_task, run_id=scheduled__2026-03-26T10:00:00+00:00, map_index=21, execution_date=20260326T100000, start_date=20260327T100036, end_date=20260327T100037
[2026-03-27T10:00:37.581+0000] {local_task_job_runner.py:266} INFO - Task exited with return code 0
[2026-03-27T10:00:37.620+0000] {local_task_job_runner.py:245} INFO - ::endgroup::
