[2026-03-07T09:29:57.364+0000] {local_task_job_runner.py:123} INFO - ::group::Pre task execution logs
[2026-03-07T09:29:57.489+0000] {taskinstance.py:2631} INFO - Dependencies all met for dep_context=non-requeueable deps ti=<TaskInstance: dag_get_data_from_yf.get_csv_open scheduled__2026-03-07T09:26:00+00:00 [queued]>
[2026-03-07T09:29:57.548+0000] {taskinstance.py:2631} INFO - Dependencies all met for dep_context=requeueable deps ti=<TaskInstance: dag_get_data_from_yf.get_csv_open scheduled__2026-03-07T09:26:00+00:00 [queued]>
[2026-03-07T09:29:57.549+0000] {taskinstance.py:2884} INFO - Starting attempt 1 of 1
[2026-03-07T09:29:57.620+0000] {taskinstance.py:2907} INFO - Executing <Task(_PythonDecoratedOperator): get_csv_open> on 2026-03-07 09:26:00+00:00
[2026-03-07T09:29:57.649+0000] {warnings.py:112} WARNING - /home/***/.local/lib/python3.12/site-packages/***/task/task_runner/standard_task_runner.py:70: DeprecationWarning: This process (pid=4133) is multi-threaded, use of fork() may lead to deadlocks in the child.
  pid = os.fork()

[2026-03-07T09:29:57.653+0000] {standard_task_runner.py:72} INFO - Started process 4288 to run task
[2026-03-07T09:29:57.663+0000] {standard_task_runner.py:104} INFO - Running: ['***', 'tasks', 'run', 'dag_get_data_from_yf', 'get_csv_open', 'scheduled__2026-03-07T09:26:00+00:00', '--job-id', '3783', '--raw', '--subdir', 'DAGS_FOLDER/get_finance_yf_csv.py', '--cfg-path', '/tmp/tmpst1h1nz5']
[2026-03-07T09:29:57.665+0000] {standard_task_runner.py:105} INFO - Job 3783: Subtask get_csv_open
[2026-03-07T09:29:58.054+0000] {task_command.py:467} INFO - Running <TaskInstance: dag_get_data_from_yf.get_csv_open scheduled__2026-03-07T09:26:00+00:00 [running]> on host 7b8385e6caab
[2026-03-07T09:30:00.078+0000] {taskinstance.py:3157} INFO - Exporting env vars: AIRFLOW_CTX_DAG_OWNER='***' AIRFLOW_CTX_DAG_ID='dag_get_data_from_yf' AIRFLOW_CTX_TASK_ID='get_csv_open' AIRFLOW_CTX_EXECUTION_DATE='2026-03-07T09:26:00+00:00' AIRFLOW_CTX_TRY_NUMBER='1' AIRFLOW_CTX_DAG_RUN_ID='scheduled__2026-03-07T09:26:00+00:00'
[2026-03-07T09:30:00.080+0000] {logging_mixin.py:190} INFO - Task instance is in running state
[2026-03-07T09:30:00.081+0000] {logging_mixin.py:190} INFO -  Previous state of the Task instance: queued
[2026-03-07T09:30:00.081+0000] {logging_mixin.py:190} INFO - Current task name:get_csv_open state:running start_date:2026-03-07 09:29:57.490638+00:00
[2026-03-07T09:30:00.082+0000] {logging_mixin.py:190} INFO - Dag name:dag_get_data_from_yf and current dag run status:running
[2026-03-07T09:30:00.082+0000] {taskinstance.py:740} INFO - ::endgroup::
[2026-03-07T09:30:00.112+0000] {python.py:240} INFO - Done. Returned value was: None
[2026-03-07T09:30:00.228+0000] {taskinstance.py:349} INFO - ::group::Post task execution logs
[2026-03-07T09:30:00.229+0000] {taskinstance.py:361} INFO - Marking task as SUCCESS. dag_id=dag_get_data_from_yf, task_id=get_csv_open, run_id=scheduled__2026-03-07T09:26:00+00:00, execution_date=20260307T092600, start_date=20260307T092957, end_date=20260307T093000
[2026-03-07T09:30:00.407+0000] {logging_mixin.py:190} INFO - Task instance in success state
[2026-03-07T09:30:00.408+0000] {logging_mixin.py:190} INFO -  Previous state of the Task instance: running
[2026-03-07T09:30:00.408+0000] {logging_mixin.py:190} INFO - Dag name:dag_get_data_from_yf queued_at:2026-03-07 09:27:55.761018+00:00
[2026-03-07T09:30:00.408+0000] {logging_mixin.py:190} INFO - Task hostname:7b8385e6caab operator:_PythonDecoratedOperator
[2026-03-07T09:30:00.516+0000] {local_task_job_runner.py:266} INFO - Task exited with return code 0
[2026-03-07T09:30:00.619+0000] {taskinstance.py:3924} INFO - 0 downstream tasks scheduled from follow-on schedule check
[2026-03-07T09:30:00.628+0000] {local_task_job_runner.py:245} INFO - ::endgroup::
