[2026-03-06T07:57:25.249+0000] {local_task_job_runner.py:123} INFO - ::group::Pre task execution logs
[2026-03-06T07:57:25.299+0000] {taskinstance.py:2631} INFO - Dependencies all met for dep_context=non-requeueable deps ti=<TaskInstance: dag_load_data_from_csv.read_csv_from_conf manual__2026-03-06T07:57:20.160223+00:00 [queued]>
[2026-03-06T07:57:25.312+0000] {taskinstance.py:2631} INFO - Dependencies all met for dep_context=requeueable deps ti=<TaskInstance: dag_load_data_from_csv.read_csv_from_conf manual__2026-03-06T07:57:20.160223+00:00 [queued]>
[2026-03-06T07:57:25.313+0000] {taskinstance.py:2884} INFO - Starting attempt 1 of 1
[2026-03-06T07:57:25.343+0000] {taskinstance.py:2907} INFO - Executing <Task(_PythonDecoratedOperator): read_csv_from_conf> on 2026-03-06 07:57:20.160223+00:00
[2026-03-06T07:57:25.359+0000] {warnings.py:112} WARNING - /home/***/.local/lib/python3.12/site-packages/***/task/task_runner/standard_task_runner.py:70: DeprecationWarning: This process (pid=3353) is multi-threaded, use of fork() may lead to deadlocks in the child.
  pid = os.fork()

[2026-03-06T07:57:25.362+0000] {standard_task_runner.py:72} INFO - Started process 3355 to run task
[2026-03-06T07:57:25.363+0000] {standard_task_runner.py:104} INFO - Running: ['***', 'tasks', 'run', 'dag_load_data_from_csv', 'read_csv_from_conf', 'manual__2026-03-06T07:57:20.160223+00:00', '--job-id', '2118', '--raw', '--subdir', 'DAGS_FOLDER/read_finance_csv_from_other_dag.py', '--cfg-path', '/tmp/tmp24fhltb9']
[2026-03-06T07:57:25.366+0000] {standard_task_runner.py:105} INFO - Job 2118: Subtask read_csv_from_conf
[2026-03-06T07:57:25.472+0000] {task_command.py:467} INFO - Running <TaskInstance: dag_load_data_from_csv.read_csv_from_conf manual__2026-03-06T07:57:20.160223+00:00 [running]> on host 433747dd7508
[2026-03-06T07:57:25.621+0000] {taskinstance.py:3157} INFO - Exporting env vars: AIRFLOW_CTX_DAG_OWNER='***' AIRFLOW_CTX_DAG_ID='dag_load_data_from_csv' AIRFLOW_CTX_TASK_ID='read_csv_from_conf' AIRFLOW_CTX_EXECUTION_DATE='2026-03-06T07:57:20.160223+00:00' AIRFLOW_CTX_TRY_NUMBER='1' AIRFLOW_CTX_DAG_RUN_ID='manual__2026-03-06T07:57:20.160223+00:00'
[2026-03-06T07:57:25.623+0000] {logging_mixin.py:190} INFO - Task instance is in running state
[2026-03-06T07:57:25.624+0000] {logging_mixin.py:190} INFO -  Previous state of the Task instance: queued
[2026-03-06T07:57:25.624+0000] {logging_mixin.py:190} INFO - Current task name:read_csv_from_conf state:running start_date:2026-03-06 07:57:25.299975+00:00
[2026-03-06T07:57:25.624+0000] {logging_mixin.py:190} INFO - Dag name:dag_load_data_from_csv and current dag run status:running
[2026-03-06T07:57:25.625+0000] {taskinstance.py:740} INFO - ::endgroup::
[2026-03-06T07:57:25.636+0000] {logging_mixin.py:190} INFO - Data berhasil diterima dari DAG 1!
[2026-03-06T07:57:25.657+0000] {logging_mixin.py:190} INFO -        ASII.JK      BBCA.JK      BBRI.JK  GOTO.JK      TLKM.JK      UNVR.JK
0  4511.919434  8649.909180  3598.063477     82.0  2224.770020  1069.078979
1  4539.542969  8601.719727  3470.537354     86.0  2234.039795  1125.346313
2  4392.214844  8601.719727  3424.992188     85.0  2215.500000  1106.590576
3  4419.839355  8601.719727  3452.319336     80.0  2196.960205  1115.968506
4  4429.047363  8794.475586  3543.409424     83.0  2271.119385  1078.456909
[2026-03-06T07:57:25.658+0000] {python.py:240} INFO - Done. Returned value was: Success
[2026-03-06T07:57:25.703+0000] {taskinstance.py:349} INFO - ::group::Post task execution logs
[2026-03-06T07:57:25.704+0000] {taskinstance.py:361} INFO - Marking task as SUCCESS. dag_id=dag_load_data_from_csv, task_id=read_csv_from_conf, run_id=manual__2026-03-06T07:57:20.160223+00:00, execution_date=20260306T075720, start_date=20260306T075725, end_date=20260306T075725
[2026-03-06T07:57:25.752+0000] {logging_mixin.py:190} INFO - Task instance in success state
[2026-03-06T07:57:25.753+0000] {logging_mixin.py:190} INFO -  Previous state of the Task instance: running
[2026-03-06T07:57:25.753+0000] {logging_mixin.py:190} INFO - Dag name:dag_load_data_from_csv queued_at:2026-03-06 07:57:20.210726+00:00
[2026-03-06T07:57:25.754+0000] {logging_mixin.py:190} INFO - Task hostname:433747dd7508 operator:_PythonDecoratedOperator
[2026-03-06T07:57:25.769+0000] {local_task_job_runner.py:266} INFO - Task exited with return code 0
[2026-03-06T07:57:25.801+0000] {taskinstance.py:3924} INFO - 0 downstream tasks scheduled from follow-on schedule check
[2026-03-06T07:57:25.804+0000] {local_task_job_runner.py:245} INFO - ::endgroup::
