[2026-03-06T07:21:12.471+0000] {local_task_job_runner.py:123} INFO - ::group::Pre task execution logs
[2026-03-06T07:21:12.539+0000] {taskinstance.py:2631} INFO - Dependencies all met for dep_context=non-requeueable deps ti=<TaskInstance: dag_with_python_operator_v2.get_name manual__2026-03-06T07:21:03.012736+00:00 [queued]>
[2026-03-06T07:21:12.560+0000] {taskinstance.py:2631} INFO - Dependencies all met for dep_context=requeueable deps ti=<TaskInstance: dag_with_python_operator_v2.get_name manual__2026-03-06T07:21:03.012736+00:00 [queued]>
[2026-03-06T07:21:12.561+0000] {taskinstance.py:2884} INFO - Starting attempt 1 of 1
[2026-03-06T07:21:12.588+0000] {taskinstance.py:2907} INFO - Executing <Task(_PythonDecoratedOperator): get_name> on 2026-03-06 07:21:03.012736+00:00
[2026-03-06T07:21:12.608+0000] {warnings.py:112} WARNING - /home/***/.local/lib/python3.12/site-packages/***/task/task_runner/standard_task_runner.py:70: DeprecationWarning: This process (pid=1240) is multi-threaded, use of fork() may lead to deadlocks in the child.
  pid = os.fork()

[2026-03-06T07:21:12.612+0000] {standard_task_runner.py:72} INFO - Started process 1266 to run task
[2026-03-06T07:21:12.612+0000] {standard_task_runner.py:104} INFO - Running: ['***', 'tasks', 'run', 'dag_with_python_operator_v2', 'get_name', 'manual__2026-03-06T07:21:03.012736+00:00', '--job-id', '1907', '--raw', '--subdir', 'DAGS_FOLDER/create_dag_with_python_operator.py', '--cfg-path', '/tmp/tmpq7sb981n']
[2026-03-06T07:21:12.626+0000] {standard_task_runner.py:105} INFO - Job 1907: Subtask get_name
[2026-03-06T07:21:12.992+0000] {task_command.py:467} INFO - Running <TaskInstance: dag_with_python_operator_v2.get_name manual__2026-03-06T07:21:03.012736+00:00 [running]> on host 433747dd7508
[2026-03-06T07:21:13.432+0000] {taskinstance.py:3157} INFO - Exporting env vars: AIRFLOW_CTX_DAG_OWNER='***' AIRFLOW_CTX_DAG_ID='dag_with_python_operator_v2' AIRFLOW_CTX_TASK_ID='get_name' AIRFLOW_CTX_EXECUTION_DATE='2026-03-06T07:21:03.012736+00:00' AIRFLOW_CTX_TRY_NUMBER='1' AIRFLOW_CTX_DAG_RUN_ID='manual__2026-03-06T07:21:03.012736+00:00'
[2026-03-06T07:21:13.445+0000] {logging_mixin.py:190} INFO - Task instance is in running state
[2026-03-06T07:21:13.450+0000] {logging_mixin.py:190} INFO -  Previous state of the Task instance: queued
[2026-03-06T07:21:13.451+0000] {logging_mixin.py:190} INFO - Current task name:get_name state:running start_date:2026-03-06 07:21:12.540631+00:00
[2026-03-06T07:21:13.451+0000] {logging_mixin.py:190} INFO - Dag name:dag_with_python_operator_v2 and current dag run status:running
[2026-03-06T07:21:13.452+0000] {taskinstance.py:740} INFO - ::endgroup::
[2026-03-06T07:21:13.458+0000] {python.py:240} INFO - Done. Returned value was: Elfraera
[2026-03-06T07:21:13.646+0000] {taskinstance.py:349} INFO - ::group::Post task execution logs
[2026-03-06T07:21:13.647+0000] {taskinstance.py:361} INFO - Marking task as SUCCESS. dag_id=dag_with_python_operator_v2, task_id=get_name, run_id=manual__2026-03-06T07:21:03.012736+00:00, execution_date=20260306T072103, start_date=20260306T072112, end_date=20260306T072113
[2026-03-06T07:21:13.806+0000] {logging_mixin.py:190} INFO - Task instance in success state
[2026-03-06T07:21:13.808+0000] {logging_mixin.py:190} INFO -  Previous state of the Task instance: running
[2026-03-06T07:21:13.809+0000] {logging_mixin.py:190} INFO - Dag name:dag_with_python_operator_v2 queued_at:2026-03-06 07:21:03.056325+00:00
[2026-03-06T07:21:13.809+0000] {logging_mixin.py:190} INFO - Task hostname:433747dd7508 operator:_PythonDecoratedOperator
[2026-03-06T07:21:13.844+0000] {local_task_job_runner.py:266} INFO - Task exited with return code 0
[2026-03-06T07:21:13.970+0000] {taskinstance.py:3924} INFO - 0 downstream tasks scheduled from follow-on schedule check
[2026-03-06T07:21:13.975+0000] {local_task_job_runner.py:245} INFO - ::endgroup::
