[2026-03-07T09:57:25.719+0000] {local_task_job_runner.py:123} INFO - ::group::Pre task execution logs
[2026-03-07T09:57:25.801+0000] {taskinstance.py:2631} INFO - Dependencies all met for dep_context=non-requeueable deps ti=<TaskInstance: dag_get_data_from_yf.get_csv_low scheduled__2026-03-07T09:56:00+00:00 [queued]>
[2026-03-07T09:57:25.828+0000] {taskinstance.py:2631} INFO - Dependencies all met for dep_context=requeueable deps ti=<TaskInstance: dag_get_data_from_yf.get_csv_low scheduled__2026-03-07T09:56:00+00:00 [queued]>
[2026-03-07T09:57:25.828+0000] {taskinstance.py:2884} INFO - Starting attempt 1 of 1
[2026-03-07T09:57:25.877+0000] {taskinstance.py:2907} INFO - Executing <Task(_PythonDecoratedOperator): get_csv_low> on 2026-03-07 09:56:00+00:00
[2026-03-07T09:57:25.891+0000] {warnings.py:112} WARNING - /home/***/.local/lib/python3.12/site-packages/***/task/task_runner/standard_task_runner.py:70: DeprecationWarning: This process (pid=928) is multi-threaded, use of fork() may lead to deadlocks in the child.
  pid = os.fork()

[2026-03-07T09:57:25.895+0000] {standard_task_runner.py:72} INFO - Started process 959 to run task
[2026-03-07T09:57:25.912+0000] {standard_task_runner.py:104} INFO - Running: ['***', 'tasks', 'run', 'dag_get_data_from_yf', 'get_csv_low', 'scheduled__2026-03-07T09:56:00+00:00', '--job-id', '3925', '--raw', '--subdir', 'DAGS_FOLDER/get_finance_yf_csv.py', '--cfg-path', '/tmp/tmp1w829y1f']
[2026-03-07T09:57:25.914+0000] {standard_task_runner.py:105} INFO - Job 3925: Subtask get_csv_low
[2026-03-07T09:57:26.087+0000] {task_command.py:467} INFO - Running <TaskInstance: dag_get_data_from_yf.get_csv_low scheduled__2026-03-07T09:56:00+00:00 [running]> on host c25336bb1107
[2026-03-07T09:57:26.791+0000] {taskinstance.py:3157} INFO - Exporting env vars: AIRFLOW_CTX_DAG_OWNER='***' AIRFLOW_CTX_DAG_ID='dag_get_data_from_yf' AIRFLOW_CTX_TASK_ID='get_csv_low' AIRFLOW_CTX_EXECUTION_DATE='2026-03-07T09:56:00+00:00' AIRFLOW_CTX_TRY_NUMBER='1' AIRFLOW_CTX_DAG_RUN_ID='scheduled__2026-03-07T09:56:00+00:00'
[2026-03-07T09:57:26.794+0000] {logging_mixin.py:190} INFO - Task instance is in running state
[2026-03-07T09:57:26.799+0000] {logging_mixin.py:190} INFO -  Previous state of the Task instance: queued
[2026-03-07T09:57:26.800+0000] {logging_mixin.py:190} INFO - Current task name:get_csv_low state:running start_date:2026-03-07 09:57:25.802629+00:00
[2026-03-07T09:57:26.800+0000] {logging_mixin.py:190} INFO - Dag name:dag_get_data_from_yf and current dag run status:running
[2026-03-07T09:57:26.801+0000] {taskinstance.py:740} INFO - ::endgroup::
[2026-03-07T09:57:26.814+0000] {python.py:240} INFO - Done. Returned value was: None
[2026-03-07T09:57:26.857+0000] {taskinstance.py:349} INFO - ::group::Post task execution logs
[2026-03-07T09:57:26.858+0000] {taskinstance.py:361} INFO - Marking task as SUCCESS. dag_id=dag_get_data_from_yf, task_id=get_csv_low, run_id=scheduled__2026-03-07T09:56:00+00:00, execution_date=20260307T095600, start_date=20260307T095725, end_date=20260307T095726
[2026-03-07T09:57:26.956+0000] {logging_mixin.py:190} INFO - Task instance in success state
[2026-03-07T09:57:26.957+0000] {logging_mixin.py:190} INFO -  Previous state of the Task instance: running
[2026-03-07T09:57:26.958+0000] {logging_mixin.py:190} INFO - Dag name:dag_get_data_from_yf queued_at:2026-03-07 09:57:00.409667+00:00
[2026-03-07T09:57:26.958+0000] {logging_mixin.py:190} INFO - Task hostname:c25336bb1107 operator:_PythonDecoratedOperator
[2026-03-07T09:57:26.985+0000] {local_task_job_runner.py:266} INFO - Task exited with return code 0
[2026-03-07T09:57:27.016+0000] {local_task_job_runner.py:245} INFO - ::endgroup::
