[2026-03-24T04:30:28.006+0000] {local_task_job_runner.py:123} INFO - ::group::Pre task execution logs
[2026-03-24T04:30:28.062+0000] {taskinstance.py:2631} INFO - Dependencies all met for dep_context=non-requeueable deps ti=<TaskInstance: dag_get_data_from_yf.select_data_task manual__2026-03-24T04:28:50+00:00 [queued]>
[2026-03-24T04:30:28.080+0000] {taskinstance.py:2631} INFO - Dependencies all met for dep_context=requeueable deps ti=<TaskInstance: dag_get_data_from_yf.select_data_task manual__2026-03-24T04:28:50+00:00 [queued]>
[2026-03-24T04:30:28.081+0000] {taskinstance.py:2884} INFO - Starting attempt 1 of 1
[2026-03-24T04:30:28.100+0000] {taskinstance.py:2907} INFO - Executing <Task(SQLExecuteQueryOperator): select_data_task> on 2026-03-24 04:28:50+00:00
[2026-03-24T04:30:28.114+0000] {warnings.py:112} WARNING - /home/***/.local/lib/python3.12/site-packages/***/task/task_runner/standard_task_runner.py:70: DeprecationWarning: This process (pid=361) is multi-threaded, use of fork() may lead to deadlocks in the child.
  pid = os.fork()

[2026-03-24T04:30:28.117+0000] {standard_task_runner.py:72} INFO - Started process 363 to run task
[2026-03-24T04:30:28.119+0000] {standard_task_runner.py:104} INFO - Running: ['***', 'tasks', 'run', 'dag_get_data_from_yf', 'select_data_task', 'manual__2026-03-24T04:28:50+00:00', '--job-id', '2581', '--raw', '--subdir', 'DAGS_FOLDER/get_finance_yf_csv.py', '--cfg-path', '/tmp/tmp_bwcarxt']
[2026-03-24T04:30:28.121+0000] {standard_task_runner.py:105} INFO - Job 2581: Subtask select_data_task
[2026-03-24T04:30:28.220+0000] {task_command.py:467} INFO - Running <TaskInstance: dag_get_data_from_yf.select_data_task manual__2026-03-24T04:28:50+00:00 [running]> on host 5e9920a13c8d
[2026-03-24T04:30:28.392+0000] {taskinstance.py:3157} INFO - Exporting env vars: AIRFLOW_CTX_DAG_OWNER='***' AIRFLOW_CTX_DAG_ID='dag_get_data_from_yf' AIRFLOW_CTX_TASK_ID='select_data_task' AIRFLOW_CTX_EXECUTION_DATE='2026-03-24T04:28:50+00:00' AIRFLOW_CTX_TRY_NUMBER='1' AIRFLOW_CTX_DAG_RUN_ID='manual__2026-03-24T04:28:50+00:00'
[2026-03-24T04:30:28.394+0000] {logging_mixin.py:190} INFO - Task instance is in running state
[2026-03-24T04:30:28.395+0000] {logging_mixin.py:190} INFO -  Previous state of the Task instance: queued
[2026-03-24T04:30:28.395+0000] {logging_mixin.py:190} INFO - Current task name:select_data_task state:running start_date:2026-03-24 04:30:28.063260+00:00
[2026-03-24T04:30:28.396+0000] {logging_mixin.py:190} INFO - Dag name:dag_get_data_from_yf and current dag run status:running
[2026-03-24T04:30:28.396+0000] {taskinstance.py:740} INFO - ::endgroup::
[2026-03-24T04:30:28.397+0000] {sql.py:392} INFO - Executing:  SELECT * FROM indonesian_stocks; 
[2026-03-24T04:30:28.398+0000] {crypto.py:82} WARNING - empty cryptography key - values will not be stored encrypted.
[2026-03-24T04:30:28.399+0000] {base.py:84} INFO - Retrieving connection 'db_custom'
[2026-03-24T04:30:28.410+0000] {base.py:84} INFO - Retrieving connection 'db_custom'
[2026-03-24T04:30:28.421+0000] {sql.py:829} INFO - Running statement:  SELECT * FROM indonesian_stocks; , parameters: None
[2026-03-24T04:30:28.423+0000] {sql.py:841} INFO - Rows affected: 15
[2026-03-24T04:30:28.464+0000] {taskinstance.py:349} INFO - ::group::Post task execution logs
[2026-03-24T04:30:28.464+0000] {taskinstance.py:361} INFO - Marking task as SUCCESS. dag_id=dag_get_data_from_yf, task_id=select_data_task, run_id=manual__2026-03-24T04:28:50+00:00, execution_date=20260324T042850, start_date=20260324T043028, end_date=20260324T043028
[2026-03-24T04:30:28.507+0000] {logging_mixin.py:190} INFO - Task instance in success state
[2026-03-24T04:30:28.507+0000] {logging_mixin.py:190} INFO -  Previous state of the Task instance: running
[2026-03-24T04:30:28.507+0000] {logging_mixin.py:190} INFO - Dag name:dag_get_data_from_yf queued_at:2026-03-24 04:28:55.991044+00:00
[2026-03-24T04:30:28.508+0000] {logging_mixin.py:190} INFO - Task hostname:5e9920a13c8d operator:SQLExecuteQueryOperator
[2026-03-24T04:30:28.520+0000] {local_task_job_runner.py:266} INFO - Task exited with return code 0
[2026-03-24T04:30:28.551+0000] {taskinstance.py:3924} INFO - 0 downstream tasks scheduled from follow-on schedule check
[2026-03-24T04:30:28.555+0000] {local_task_job_runner.py:245} INFO - ::endgroup::
