[2026-03-30T10:00:40.474+0000] {local_task_job_runner.py:123} INFO - ::group::Pre task execution logs
[2026-03-30T10:00:40.555+0000] {taskinstance.py:2631} INFO - Dependencies all met for dep_context=non-requeueable deps ti=<TaskInstance: dag_get_data_from_yf.insert_data_task scheduled__2026-03-27T10:00:00+00:00 map_index=33 [queued]>
[2026-03-30T10:00:40.598+0000] {taskinstance.py:2631} INFO - Dependencies all met for dep_context=requeueable deps ti=<TaskInstance: dag_get_data_from_yf.insert_data_task scheduled__2026-03-27T10:00:00+00:00 map_index=33 [queued]>
[2026-03-30T10:00:40.598+0000] {taskinstance.py:2884} INFO - Starting attempt 1 of 1
[2026-03-30T10:00:40.641+0000] {taskinstance.py:2907} INFO - Executing <Mapped(SQLExecuteQueryOperator): insert_data_task> on 2026-03-27 10:00:00+00:00
[2026-03-30T10:00:40.678+0000] {logging_mixin.py:190} WARNING - /home/***/.local/lib/python3.12/site-packages/***/task/task_runner/standard_task_runner.py:70 DeprecationWarning: This process (pid=20234) is multi-threaded, use of fork() may lead to deadlocks in the child.
[2026-03-30T10:00:40.681+0000] {standard_task_runner.py:72} INFO - Started process 20345 to run task
[2026-03-30T10:00:40.680+0000] {standard_task_runner.py:104} INFO - Running: ['***', 'tasks', 'run', 'dag_get_data_from_yf', 'insert_data_task', 'scheduled__2026-03-27T10:00:00+00:00', '--job-id', '1016', '--raw', '--subdir', 'DAGS_FOLDER/get_finance_yf_csv.py', '--cfg-path', '/tmp/tmp8rd0v0iv', '--map-index', '33']
[2026-03-30T10:00:40.683+0000] {standard_task_runner.py:105} INFO - Job 1016: Subtask insert_data_task
[2026-03-30T10:00:40.900+0000] {task_command.py:467} INFO - Running <TaskInstance: dag_get_data_from_yf.insert_data_task scheduled__2026-03-27T10:00:00+00:00 map_index=33 [running]> on host 42116767826c
[2026-03-30T10:00:41.203+0000] {taskinstance.py:3157} INFO - Exporting env vars: AIRFLOW_CTX_DAG_OWNER='***' AIRFLOW_CTX_DAG_ID='dag_get_data_from_yf' AIRFLOW_CTX_TASK_ID='insert_data_task' AIRFLOW_CTX_EXECUTION_DATE='2026-03-27T10:00:00+00:00' AIRFLOW_CTX_TRY_NUMBER='1' AIRFLOW_CTX_DAG_RUN_ID='scheduled__2026-03-27T10:00:00+00:00'
[2026-03-30T10:00:41.207+0000] {taskinstance.py:740} INFO - ::endgroup::
[2026-03-30T10:00:41.213+0000] {sql.py:410} INFO - Executing: INSERT INTO indonesian_stocks (
    date, 
    ticker, 
    close, 
    high, 
    low, 
    open, 
    inserted_at_timestamp_wib
) 
VALUES (
    '2026-03-16', 
    'BBCA.JK', 
    6466.9033203125, 
    6586.660789207176, 
    6419.000332754629, 
    6562.709295428241, 
    '2026-03-30 10:59:59' 
)
ON CONFLICT (date, ticker) 
DO NOTHING;
[2026-03-30T10:00:41.215+0000] {crypto.py:82} WARNING - empty cryptography key - values will not be stored encrypted.
[2026-03-30T10:00:41.217+0000] {base.py:84} INFO - Retrieving connection 'db_custom'
[2026-03-30T10:00:41.229+0000] {base.py:84} INFO - Retrieving connection 'db_custom'
[2026-03-30T10:00:41.249+0000] {sql.py:861} INFO - Running statement: INSERT INTO indonesian_stocks (
    date, 
    ticker, 
    close, 
    high, 
    low, 
    open, 
    inserted_at_timestamp_wib
) 
VALUES (
    '2026-03-16', 
    'BBCA.JK', 
    6466.9033203125, 
    6586.660789207176, 
    6419.000332754629, 
    6562.709295428241, 
    '2026-03-30 10:59:59' 
)
ON CONFLICT (date, ticker) 
DO NOTHING;, parameters: None
[2026-03-30T10:00:41.258+0000] {sql.py:879} INFO - Rows affected: 0
[2026-03-30T10:00:41.313+0000] {taskinstance.py:349} INFO - ::group::Post task execution logs
[2026-03-30T10:00:41.315+0000] {taskinstance.py:361} INFO - Marking task as SUCCESS. dag_id=dag_get_data_from_yf, task_id=insert_data_task, run_id=scheduled__2026-03-27T10:00:00+00:00, map_index=33, execution_date=20260327T100000, start_date=20260330T100040, end_date=20260330T100041
[2026-03-30T10:00:41.481+0000] {local_task_job_runner.py:266} INFO - Task exited with return code 0
[2026-03-30T10:00:41.547+0000] {taskinstance.py:3924} INFO - 0 downstream tasks scheduled from follow-on schedule check
[2026-03-30T10:00:41.551+0000] {local_task_job_runner.py:245} INFO - ::endgroup::
