[2026-03-25T07:52:30.748+0000] {local_task_job_runner.py:123} INFO - ::group::Pre task execution logs
[2026-03-25T07:52:31.041+0000] {taskinstance.py:2631} INFO - Dependencies all met for dep_context=non-requeueable deps ti=<TaskInstance: dag_get_data_from_yf.insert_data_task manual__2026-03-25T07:48:29+00:00 map_index=7 [queued]>
[2026-03-25T07:52:31.198+0000] {taskinstance.py:2631} INFO - Dependencies all met for dep_context=requeueable deps ti=<TaskInstance: dag_get_data_from_yf.insert_data_task manual__2026-03-25T07:48:29+00:00 map_index=7 [queued]>
[2026-03-25T07:52:31.202+0000] {taskinstance.py:2884} INFO - Starting attempt 1 of 1
[2026-03-25T07:52:31.307+0000] {taskinstance.py:2907} INFO - Executing <Mapped(SQLExecuteQueryOperator): insert_data_task> on 2026-03-25 07:48:29+00:00
[2026-03-25T07:52:31.378+0000] {warnings.py:112} WARNING - /home/***/.local/lib/python3.12/site-packages/***/task/task_runner/standard_task_runner.py:70: DeprecationWarning: This process (pid=933) is multi-threaded, use of fork() may lead to deadlocks in the child.
  pid = os.fork()

[2026-03-25T07:52:31.406+0000] {standard_task_runner.py:72} INFO - Started process 982 to run task
[2026-03-25T07:52:31.388+0000] {standard_task_runner.py:104} INFO - Running: ['***', 'tasks', 'run', 'dag_get_data_from_yf', 'insert_data_task', 'manual__2026-03-25T07:48:29+00:00', '--job-id', '2971', '--raw', '--subdir', 'DAGS_FOLDER/get_finance_yf_csv.py', '--cfg-path', '/tmp/tmp0kves5h4', '--map-index', '7']
[2026-03-25T07:52:31.431+0000] {standard_task_runner.py:105} INFO - Job 2971: Subtask insert_data_task
[2026-03-25T07:52:32.179+0000] {task_command.py:467} INFO - Running <TaskInstance: dag_get_data_from_yf.insert_data_task manual__2026-03-25T07:48:29+00:00 map_index=7 [running]> on host dc21c86d4397
[2026-03-25T07:52:42.433+0000] {job.py:229} INFO - Heartbeat recovered after 12.27 seconds
[2026-03-25T07:52:42.803+0000] {taskinstance.py:3157} INFO - Exporting env vars: AIRFLOW_CTX_DAG_OWNER='***' AIRFLOW_CTX_DAG_ID='dag_get_data_from_yf' AIRFLOW_CTX_TASK_ID='insert_data_task' AIRFLOW_CTX_EXECUTION_DATE='2026-03-25T07:48:29+00:00' AIRFLOW_CTX_TRY_NUMBER='1' AIRFLOW_CTX_DAG_RUN_ID='manual__2026-03-25T07:48:29+00:00'
[2026-03-25T07:52:42.820+0000] {logging_mixin.py:190} INFO - Task instance is in running state
[2026-03-25T07:52:42.821+0000] {logging_mixin.py:190} INFO -  Previous state of the Task instance: queued
[2026-03-25T07:52:42.831+0000] {logging_mixin.py:190} INFO - Current task name:insert_data_task state:running start_date:2026-03-25 07:52:31.064793+00:00
[2026-03-25T07:52:42.832+0000] {logging_mixin.py:190} INFO - Dag name:dag_get_data_from_yf and current dag run status:running
[2026-03-25T07:52:42.833+0000] {taskinstance.py:740} INFO - ::endgroup::
[2026-03-25T07:52:42.860+0000] {sql.py:410} INFO - Executing:  INSERT INTO indonesian_stocks (date, ticker, close, high, low, open, inserted_at_timestamp_wib) 
                VALUES ('2026-03-03', 'BBRI.JK', '3770.0', '3840.0', '3770.0', '3820.0', '2026-03-25 14:26:12' )
                ON CONFLICT (date, ticker) DO NOTHING; 
[2026-03-25T07:52:42.872+0000] {crypto.py:82} WARNING - empty cryptography key - values will not be stored encrypted.
[2026-03-25T07:52:42.874+0000] {base.py:84} INFO - Retrieving connection 'db_custom'
[2026-03-25T07:52:43.162+0000] {base.py:84} INFO - Retrieving connection 'db_custom'
[2026-03-25T07:52:43.412+0000] {sql.py:861} INFO - Running statement:  INSERT INTO indonesian_stocks (date, ticker, close, high, low, open, inserted_at_timestamp_wib) 
                VALUES ('2026-03-03', 'BBRI.JK', '3770.0', '3840.0', '3770.0', '3820.0', '2026-03-25 14:26:12' )
                ON CONFLICT (date, ticker) DO NOTHING; , parameters: None
[2026-03-25T07:52:43.646+0000] {sql.py:879} INFO - Rows affected: 0
[2026-03-25T07:52:43.925+0000] {taskinstance.py:349} INFO - ::group::Post task execution logs
[2026-03-25T07:52:43.927+0000] {taskinstance.py:361} INFO - Marking task as SUCCESS. dag_id=dag_get_data_from_yf, task_id=insert_data_task, run_id=manual__2026-03-25T07:48:29+00:00, map_index=7, execution_date=20260325T074829, start_date=20260325T075231, end_date=20260325T075243
[2026-03-25T07:52:44.136+0000] {logging_mixin.py:190} INFO - Task instance in success state
[2026-03-25T07:52:44.138+0000] {logging_mixin.py:190} INFO -  Previous state of the Task instance: running
[2026-03-25T07:52:44.138+0000] {logging_mixin.py:190} INFO - Dag name:dag_get_data_from_yf queued_at:2026-03-25 07:48:42.987189+00:00
[2026-03-25T07:52:44.139+0000] {logging_mixin.py:190} INFO - Task hostname:dc21c86d4397 operator:SQLExecuteQueryOperator
[2026-03-25T07:52:44.217+0000] {local_task_job_runner.py:266} INFO - Task exited with return code 0
[2026-03-25T07:52:44.281+0000] {local_task_job_runner.py:245} INFO - ::endgroup::
