[2026-03-06T15:31:59.843+0000] {local_task_job_runner.py:123} INFO - ::group::Pre task execution logs
[2026-03-06T15:31:59.909+0000] {taskinstance.py:2631} INFO - Dependencies all met for dep_context=non-requeueable deps ti=<TaskInstance: dag_get_data_from_yf.get_csv_open manual__2026-03-06T15:31:07.857471+00:00 [queued]>
[2026-03-06T15:31:59.931+0000] {taskinstance.py:2631} INFO - Dependencies all met for dep_context=requeueable deps ti=<TaskInstance: dag_get_data_from_yf.get_csv_open manual__2026-03-06T15:31:07.857471+00:00 [queued]>
[2026-03-06T15:31:59.932+0000] {taskinstance.py:2884} INFO - Starting attempt 1 of 1
[2026-03-06T15:31:59.961+0000] {taskinstance.py:2907} INFO - Executing <Task(_PythonDecoratedOperator): get_csv_open> on 2026-03-06 15:31:07.857471+00:00
[2026-03-06T15:31:59.977+0000] {warnings.py:112} WARNING - /home/***/.local/lib/python3.12/site-packages/***/task/task_runner/standard_task_runner.py:70: DeprecationWarning: This process (pid=1706) is multi-threaded, use of fork() may lead to deadlocks in the child.
  pid = os.fork()

[2026-03-06T15:31:59.981+0000] {standard_task_runner.py:72} INFO - Started process 1788 to run task
[2026-03-06T15:31:59.982+0000] {standard_task_runner.py:104} INFO - Running: ['***', 'tasks', 'run', 'dag_get_data_from_yf', 'get_csv_open', 'manual__2026-03-06T15:31:07.857471+00:00', '--job-id', '3251', '--raw', '--subdir', 'DAGS_FOLDER/get_finance_yf_csv.py', '--cfg-path', '/tmp/tmp_c1tw1kd']
[2026-03-06T15:31:59.984+0000] {standard_task_runner.py:105} INFO - Job 3251: Subtask get_csv_open
[2026-03-06T15:32:00.089+0000] {task_command.py:467} INFO - Running <TaskInstance: dag_get_data_from_yf.get_csv_open manual__2026-03-06T15:31:07.857471+00:00 [running]> on host 450e3c808cfd
[2026-03-06T15:32:00.621+0000] {taskinstance.py:3157} INFO - Exporting env vars: AIRFLOW_CTX_DAG_OWNER='***' AIRFLOW_CTX_DAG_ID='dag_get_data_from_yf' AIRFLOW_CTX_TASK_ID='get_csv_open' AIRFLOW_CTX_EXECUTION_DATE='2026-03-06T15:31:07.857471+00:00' AIRFLOW_CTX_TRY_NUMBER='1' AIRFLOW_CTX_DAG_RUN_ID='manual__2026-03-06T15:31:07.857471+00:00'
[2026-03-06T15:32:00.624+0000] {logging_mixin.py:190} INFO - Task instance is in running state
[2026-03-06T15:32:00.624+0000] {logging_mixin.py:190} INFO -  Previous state of the Task instance: queued
[2026-03-06T15:32:00.625+0000] {logging_mixin.py:190} INFO - Current task name:get_csv_open state:running start_date:2026-03-06 15:31:59.909867+00:00
[2026-03-06T15:32:00.626+0000] {logging_mixin.py:190} INFO - Dag name:dag_get_data_from_yf and current dag run status:running
[2026-03-06T15:32:00.626+0000] {taskinstance.py:740} INFO - ::endgroup::
[2026-03-06T15:32:00.644+0000] {python.py:240} INFO - Done. Returned value was: None
[2026-03-06T15:32:00.684+0000] {taskinstance.py:349} INFO - ::group::Post task execution logs
[2026-03-06T15:32:00.685+0000] {taskinstance.py:361} INFO - Marking task as SUCCESS. dag_id=dag_get_data_from_yf, task_id=get_csv_open, run_id=manual__2026-03-06T15:31:07.857471+00:00, execution_date=20260306T153107, start_date=20260306T153159, end_date=20260306T153200
[2026-03-06T15:32:00.765+0000] {logging_mixin.py:190} INFO - Task instance in success state
[2026-03-06T15:32:00.766+0000] {logging_mixin.py:190} INFO -  Previous state of the Task instance: running
[2026-03-06T15:32:00.766+0000] {logging_mixin.py:190} INFO - Dag name:dag_get_data_from_yf queued_at:2026-03-06 15:31:07.989909+00:00
[2026-03-06T15:32:00.767+0000] {logging_mixin.py:190} INFO - Task hostname:450e3c808cfd operator:_PythonDecoratedOperator
[2026-03-06T15:32:00.790+0000] {local_task_job_runner.py:266} INFO - Task exited with return code 0
[2026-03-06T15:32:00.817+0000] {local_task_job_runner.py:245} INFO - ::endgroup::
