[2026-03-26T04:16:09.566+0000] {local_task_job_runner.py:123} INFO - ::group::Pre task execution logs
[2026-03-26T04:16:09.897+0000] {taskinstance.py:2631} INFO - Dependencies all met for dep_context=non-requeueable deps ti=<TaskInstance: dag_get_data_from_yf.insert_data_task manual__2026-03-26T04:15:19+00:00 map_index=26 [queued]>
[2026-03-26T04:16:10.008+0000] {taskinstance.py:2631} INFO - Dependencies all met for dep_context=requeueable deps ti=<TaskInstance: dag_get_data_from_yf.insert_data_task manual__2026-03-26T04:15:19+00:00 map_index=26 [queued]>
[2026-03-26T04:16:10.009+0000] {taskinstance.py:2884} INFO - Starting attempt 1 of 1
[2026-03-26T04:16:10.069+0000] {taskinstance.py:2907} INFO - Executing <Mapped(SQLExecuteQueryOperator): insert_data_task> on 2026-03-26 04:15:19+00:00
[2026-03-26T04:16:10.169+0000] {logging_mixin.py:190} WARNING - /home/***/.local/lib/python3.12/site-packages/***/task/task_runner/standard_task_runner.py:70 DeprecationWarning: This process (pid=2509) is multi-threaded, use of fork() may lead to deadlocks in the child.
[2026-03-26T04:16:10.172+0000] {standard_task_runner.py:72} INFO - Started process 2745 to run task
[2026-03-26T04:16:10.180+0000] {standard_task_runner.py:104} INFO - Running: ['***', 'tasks', 'run', 'dag_get_data_from_yf', 'insert_data_task', 'manual__2026-03-26T04:15:19+00:00', '--job-id', '77', '--raw', '--subdir', 'DAGS_FOLDER/get_finance_yf_csv.py', '--cfg-path', '/tmp/tmpz79a9iof', '--map-index', '26']
[2026-03-26T04:16:10.191+0000] {standard_task_runner.py:105} INFO - Job 77: Subtask insert_data_task
[2026-03-26T04:16:10.468+0000] {task_command.py:467} INFO - Running <TaskInstance: dag_get_data_from_yf.insert_data_task manual__2026-03-26T04:15:19+00:00 map_index=26 [running]> on host f77800151ff9
[2026-03-26T04:16:11.279+0000] {taskinstance.py:3157} INFO - Exporting env vars: AIRFLOW_CTX_DAG_OWNER='***' AIRFLOW_CTX_DAG_ID='dag_get_data_from_yf' AIRFLOW_CTX_TASK_ID='insert_data_task' AIRFLOW_CTX_EXECUTION_DATE='2026-03-26T04:15:19+00:00' AIRFLOW_CTX_TRY_NUMBER='1' AIRFLOW_CTX_DAG_RUN_ID='manual__2026-03-26T04:15:19+00:00'
[2026-03-26T04:16:11.287+0000] {taskinstance.py:740} INFO - ::endgroup::
[2026-03-26T04:16:11.291+0000] {sql.py:410} INFO - Executing:  INSERT INTO indonesian_stocks (date, ticker, close, high, low, open, inserted_at_timestamp_wib) 
                VALUES ('2026-03-11', 'BMRI.JK', '4880.0', '4970.0', '4880.0', '4930.0', '2026-03-26 11:15:37' )
                ON CONFLICT (date, ticker) DO NOTHING; 
[2026-03-26T04:16:11.293+0000] {crypto.py:82} WARNING - empty cryptography key - values will not be stored encrypted.
[2026-03-26T04:16:11.294+0000] {base.py:84} INFO - Retrieving connection 'db_custom'
[2026-03-26T04:16:11.343+0000] {base.py:84} INFO - Retrieving connection 'db_custom'
[2026-03-26T04:16:11.372+0000] {sql.py:861} INFO - Running statement:  INSERT INTO indonesian_stocks (date, ticker, close, high, low, open, inserted_at_timestamp_wib) 
                VALUES ('2026-03-11', 'BMRI.JK', '4880.0', '4970.0', '4880.0', '4930.0', '2026-03-26 11:15:37' )
                ON CONFLICT (date, ticker) DO NOTHING; , parameters: None
[2026-03-26T04:16:11.391+0000] {sql.py:879} INFO - Rows affected: 1
[2026-03-26T04:16:11.471+0000] {taskinstance.py:349} INFO - ::group::Post task execution logs
[2026-03-26T04:16:11.472+0000] {taskinstance.py:361} INFO - Marking task as SUCCESS. dag_id=dag_get_data_from_yf, task_id=insert_data_task, run_id=manual__2026-03-26T04:15:19+00:00, map_index=26, execution_date=20260326T041519, start_date=20260326T041609, end_date=20260326T041611
[2026-03-26T04:16:11.627+0000] {local_task_job_runner.py:266} INFO - Task exited with return code 0
[2026-03-26T04:16:11.718+0000] {local_task_job_runner.py:245} INFO - ::endgroup::
