[2026-03-24T14:59:30.775+0000] {local_task_job_runner.py:123} INFO - ::group::Pre task execution logs
[2026-03-24T14:59:30.837+0000] {taskinstance.py:2631} INFO - Dependencies all met for dep_context=non-requeueable deps ti=<TaskInstance: dag_get_data_from_yf.select_data_task manual__2026-03-24T14:57:37+00:00 [queued]>
[2026-03-24T14:59:30.857+0000] {taskinstance.py:2631} INFO - Dependencies all met for dep_context=requeueable deps ti=<TaskInstance: dag_get_data_from_yf.select_data_task manual__2026-03-24T14:57:37+00:00 [queued]>
[2026-03-24T14:59:30.858+0000] {taskinstance.py:2884} INFO - Starting attempt 1 of 1
[2026-03-24T14:59:30.883+0000] {taskinstance.py:2907} INFO - Executing <Task(SQLExecuteQueryOperator): select_data_task> on 2026-03-24 14:57:37+00:00
[2026-03-24T14:59:30.906+0000] {warnings.py:112} WARNING - /home/***/.local/lib/python3.12/site-packages/***/task/task_runner/standard_task_runner.py:70: DeprecationWarning: This process (pid=271) is multi-threaded, use of fork() may lead to deadlocks in the child.
  pid = os.fork()

[2026-03-24T14:59:30.913+0000] {standard_task_runner.py:72} INFO - Started process 280 to run task
[2026-03-24T14:59:30.921+0000] {standard_task_runner.py:104} INFO - Running: ['***', 'tasks', 'run', 'dag_get_data_from_yf', 'select_data_task', 'manual__2026-03-24T14:57:37+00:00', '--job-id', '2613', '--raw', '--subdir', 'DAGS_FOLDER/get_finance_yf_csv.py', '--cfg-path', '/tmp/tmp_7fphhe8']
[2026-03-24T14:59:30.923+0000] {standard_task_runner.py:105} INFO - Job 2613: Subtask select_data_task
[2026-03-24T14:59:31.050+0000] {task_command.py:467} INFO - Running <TaskInstance: dag_get_data_from_yf.select_data_task manual__2026-03-24T14:57:37+00:00 [running]> on host a72f93576683
[2026-03-24T14:59:31.232+0000] {taskinstance.py:3157} INFO - Exporting env vars: AIRFLOW_CTX_DAG_OWNER='***' AIRFLOW_CTX_DAG_ID='dag_get_data_from_yf' AIRFLOW_CTX_TASK_ID='select_data_task' AIRFLOW_CTX_EXECUTION_DATE='2026-03-24T14:57:37+00:00' AIRFLOW_CTX_TRY_NUMBER='1' AIRFLOW_CTX_DAG_RUN_ID='manual__2026-03-24T14:57:37+00:00'
[2026-03-24T14:59:31.234+0000] {logging_mixin.py:190} INFO - Task instance is in running state
[2026-03-24T14:59:31.235+0000] {logging_mixin.py:190} INFO -  Previous state of the Task instance: queued
[2026-03-24T14:59:31.236+0000] {logging_mixin.py:190} INFO - Current task name:select_data_task state:running start_date:2026-03-24 14:59:30.838174+00:00
[2026-03-24T14:59:31.236+0000] {logging_mixin.py:190} INFO - Dag name:dag_get_data_from_yf and current dag run status:running
[2026-03-24T14:59:31.237+0000] {taskinstance.py:740} INFO - ::endgroup::
[2026-03-24T14:59:31.237+0000] {sql.py:410} INFO - Executing:  SELECT * FROM indonesian_stocks; 
[2026-03-24T14:59:31.239+0000] {crypto.py:82} WARNING - empty cryptography key - values will not be stored encrypted.
[2026-03-24T14:59:31.240+0000] {base.py:84} INFO - Retrieving connection 'db_custom'
[2026-03-24T14:59:31.249+0000] {base.py:84} INFO - Retrieving connection 'db_custom'
[2026-03-24T14:59:31.262+0000] {sql.py:861} INFO - Running statement:  SELECT * FROM indonesian_stocks; , parameters: None
[2026-03-24T14:59:31.271+0000] {sql.py:879} INFO - Rows affected: 15
[2026-03-24T14:59:31.330+0000] {taskinstance.py:349} INFO - ::group::Post task execution logs
[2026-03-24T14:59:31.331+0000] {taskinstance.py:361} INFO - Marking task as SUCCESS. dag_id=dag_get_data_from_yf, task_id=select_data_task, run_id=manual__2026-03-24T14:57:37+00:00, execution_date=20260324T145737, start_date=20260324T145930, end_date=20260324T145931
[2026-03-24T14:59:31.384+0000] {logging_mixin.py:190} INFO - Task instance in success state
[2026-03-24T14:59:31.385+0000] {logging_mixin.py:190} INFO -  Previous state of the Task instance: running
[2026-03-24T14:59:31.385+0000] {logging_mixin.py:190} INFO - Dag name:dag_get_data_from_yf queued_at:2026-03-24 14:57:44.232625+00:00
[2026-03-24T14:59:31.386+0000] {logging_mixin.py:190} INFO - Task hostname:a72f93576683 operator:SQLExecuteQueryOperator
[2026-03-24T14:59:31.404+0000] {local_task_job_runner.py:266} INFO - Task exited with return code 0
[2026-03-24T14:59:31.444+0000] {taskinstance.py:3924} INFO - 0 downstream tasks scheduled from follow-on schedule check
[2026-03-24T14:59:31.447+0000] {local_task_job_runner.py:245} INFO - ::endgroup::
