[2026-03-15T09:12:39.686+0000] {local_task_job_runner.py:123} INFO - ::group::Pre task execution logs
[2026-03-15T09:12:40.162+0000] {taskinstance.py:2631} INFO - Dependencies all met for dep_context=non-requeueable deps ti=<TaskInstance: dag_get_data_from_yf.olhc_branching.get_csv_high scheduled__2026-03-06T00:00:00+00:00 [queued]>
[2026-03-15T09:12:40.247+0000] {taskinstance.py:2631} INFO - Dependencies all met for dep_context=requeueable deps ti=<TaskInstance: dag_get_data_from_yf.olhc_branching.get_csv_high scheduled__2026-03-06T00:00:00+00:00 [queued]>
[2026-03-15T09:12:40.249+0000] {taskinstance.py:2884} INFO - Starting attempt 1 of 1
[2026-03-15T09:12:40.394+0000] {taskinstance.py:2907} INFO - Executing <Task(_PythonDecoratedOperator): olhc_branching.get_csv_high> on 2026-03-06 00:00:00+00:00
[2026-03-15T09:12:40.602+0000] {warnings.py:112} WARNING - /home/***/.local/lib/python3.12/site-packages/***/task/task_runner/standard_task_runner.py:70: DeprecationWarning: This process (pid=1202) is multi-threaded, use of fork() may lead to deadlocks in the child.
  pid = os.fork()

[2026-03-15T09:12:40.605+0000] {standard_task_runner.py:72} INFO - Started process 1383 to run task
[2026-03-15T09:12:40.635+0000] {standard_task_runner.py:104} INFO - Running: ['***', 'tasks', 'run', 'dag_get_data_from_yf', 'olhc_branching.get_csv_high', 'scheduled__2026-03-06T00:00:00+00:00', '--job-id', '14930', '--raw', '--subdir', 'DAGS_FOLDER/get_finance_yf_csv.py', '--cfg-path', '/tmp/tmpudl9vpzi']
[2026-03-15T09:12:40.655+0000] {standard_task_runner.py:105} INFO - Job 14930: Subtask olhc_branching.get_csv_high
[2026-03-15T09:12:41.450+0000] {task_command.py:467} INFO - Running <TaskInstance: dag_get_data_from_yf.olhc_branching.get_csv_high scheduled__2026-03-06T00:00:00+00:00 [running]> on host 547c214a0f76
[2026-03-15T09:12:43.903+0000] {taskinstance.py:3157} INFO - Exporting env vars: AIRFLOW_CTX_DAG_OWNER='***' AIRFLOW_CTX_DAG_ID='dag_get_data_from_yf' AIRFLOW_CTX_TASK_ID='olhc_branching.get_csv_high' AIRFLOW_CTX_EXECUTION_DATE='2026-03-06T00:00:00+00:00' AIRFLOW_CTX_TRY_NUMBER='1' AIRFLOW_CTX_DAG_RUN_ID='scheduled__2026-03-06T00:00:00+00:00'
[2026-03-15T09:12:43.910+0000] {logging_mixin.py:190} INFO - Task instance is in running state
[2026-03-15T09:12:43.919+0000] {logging_mixin.py:190} INFO -  Previous state of the Task instance: queued
[2026-03-15T09:12:43.920+0000] {logging_mixin.py:190} INFO - Current task name:olhc_branching.get_csv_high state:running start_date:2026-03-15 09:12:40.163330+00:00
[2026-03-15T09:12:43.921+0000] {logging_mixin.py:190} INFO - Dag name:dag_get_data_from_yf and current dag run status:running
[2026-03-15T09:12:43.925+0000] {taskinstance.py:740} INFO - ::endgroup::
[2026-03-15T09:12:44.005+0000] {logging_mixin.py:190} INFO - None
[2026-03-15T09:12:44.005+0000] {python.py:240} INFO - Done. Returned value was: /opt/***/scripts/saham_indonesia_high.csv
[2026-03-15T09:12:44.292+0000] {taskinstance.py:349} INFO - ::group::Post task execution logs
[2026-03-15T09:12:44.305+0000] {taskinstance.py:361} INFO - Marking task as SUCCESS. dag_id=dag_get_data_from_yf, task_id=olhc_branching.get_csv_high, run_id=scheduled__2026-03-06T00:00:00+00:00, execution_date=20260306T000000, start_date=20260315T091240, end_date=20260315T091244
[2026-03-15T09:12:44.613+0000] {logging_mixin.py:190} INFO - Task instance in success state
[2026-03-15T09:12:44.614+0000] {logging_mixin.py:190} INFO -  Previous state of the Task instance: running
[2026-03-15T09:12:44.614+0000] {logging_mixin.py:190} INFO - Dag name:dag_get_data_from_yf queued_at:2026-03-15 09:07:48.262394+00:00
[2026-03-15T09:12:44.615+0000] {logging_mixin.py:190} INFO - Task hostname:547c214a0f76 operator:_PythonDecoratedOperator
[2026-03-15T09:12:44.749+0000] {local_task_job_runner.py:266} INFO - Task exited with return code 0
[2026-03-15T09:12:44.954+0000] {local_task_job_runner.py:245} INFO - ::endgroup::
[2026-03-15T09:47:26.975+0000] {local_task_job_runner.py:123} INFO - ::group::Pre task execution logs
[2026-03-15T09:47:27.228+0000] {taskinstance.py:2631} INFO - Dependencies all met for dep_context=non-requeueable deps ti=<TaskInstance: dag_get_data_from_yf.olhc_branching.get_csv_high scheduled__2026-03-06T00:00:00+00:00 [queued]>
[2026-03-15T09:47:27.361+0000] {taskinstance.py:2631} INFO - Dependencies all met for dep_context=requeueable deps ti=<TaskInstance: dag_get_data_from_yf.olhc_branching.get_csv_high scheduled__2026-03-06T00:00:00+00:00 [queued]>
[2026-03-15T09:47:27.380+0000] {taskinstance.py:2884} INFO - Starting attempt 1 of 1
[2026-03-15T09:47:27.533+0000] {taskinstance.py:2907} INFO - Executing <Task(_PythonDecoratedOperator): olhc_branching.get_csv_high> on 2026-03-06 00:00:00+00:00
[2026-03-15T09:47:27.649+0000] {warnings.py:112} WARNING - /home/***/.local/lib/python3.12/site-packages/***/task/task_runner/standard_task_runner.py:70: DeprecationWarning: This process (pid=597) is multi-threaded, use of fork() may lead to deadlocks in the child.
  pid = os.fork()

[2026-03-15T09:47:27.664+0000] {standard_task_runner.py:72} INFO - Started process 650 to run task
[2026-03-15T09:47:27.663+0000] {standard_task_runner.py:104} INFO - Running: ['***', 'tasks', 'run', 'dag_get_data_from_yf', 'olhc_branching.get_csv_high', 'scheduled__2026-03-06T00:00:00+00:00', '--job-id', '41', '--raw', '--subdir', 'DAGS_FOLDER/get_finance_yf_csv.py', '--cfg-path', '/tmp/tmp86ufnd4h']
[2026-03-15T09:47:27.681+0000] {standard_task_runner.py:105} INFO - Job 41: Subtask olhc_branching.get_csv_high
[2026-03-15T09:47:28.473+0000] {task_command.py:467} INFO - Running <TaskInstance: dag_get_data_from_yf.olhc_branching.get_csv_high scheduled__2026-03-06T00:00:00+00:00 [running]> on host 8c556da65e50
[2026-03-15T09:47:35.034+0000] {taskinstance.py:3157} INFO - Exporting env vars: AIRFLOW_CTX_DAG_OWNER='***' AIRFLOW_CTX_DAG_ID='dag_get_data_from_yf' AIRFLOW_CTX_TASK_ID='olhc_branching.get_csv_high' AIRFLOW_CTX_EXECUTION_DATE='2026-03-06T00:00:00+00:00' AIRFLOW_CTX_TRY_NUMBER='1' AIRFLOW_CTX_DAG_RUN_ID='scheduled__2026-03-06T00:00:00+00:00'
[2026-03-15T09:47:35.037+0000] {logging_mixin.py:190} INFO - Task instance is in running state
[2026-03-15T09:47:35.038+0000] {logging_mixin.py:190} INFO -  Previous state of the Task instance: queued
[2026-03-15T09:47:35.041+0000] {logging_mixin.py:190} INFO - Current task name:olhc_branching.get_csv_high state:running start_date:2026-03-15 09:47:27.230857+00:00
[2026-03-15T09:47:35.043+0000] {logging_mixin.py:190} INFO - Dag name:dag_get_data_from_yf and current dag run status:running
[2026-03-15T09:47:35.046+0000] {taskinstance.py:740} INFO - ::endgroup::
[2026-03-15T09:47:35.180+0000] {logging_mixin.py:190} INFO - None
[2026-03-15T09:47:35.181+0000] {python.py:240} INFO - Done. Returned value was: /opt/***/scripts/saham_indonesia_high.csv
[2026-03-15T09:47:35.906+0000] {taskinstance.py:349} INFO - ::group::Post task execution logs
[2026-03-15T09:47:35.907+0000] {taskinstance.py:361} INFO - Marking task as SUCCESS. dag_id=dag_get_data_from_yf, task_id=olhc_branching.get_csv_high, run_id=scheduled__2026-03-06T00:00:00+00:00, execution_date=20260306T000000, start_date=20260315T094727, end_date=20260315T094735
[2026-03-15T09:47:36.455+0000] {logging_mixin.py:190} INFO - Task instance in success state
[2026-03-15T09:47:36.456+0000] {logging_mixin.py:190} INFO -  Previous state of the Task instance: running
[2026-03-15T09:47:36.458+0000] {logging_mixin.py:190} INFO - Dag name:dag_get_data_from_yf queued_at:2026-03-15 09:40:30.774753+00:00
[2026-03-15T09:47:36.470+0000] {logging_mixin.py:190} INFO - Task hostname:8c556da65e50 operator:_PythonDecoratedOperator
[2026-03-15T09:47:36.563+0000] {local_task_job_runner.py:266} INFO - Task exited with return code 0
[2026-03-15T09:47:36.711+0000] {taskinstance.py:3924} INFO - 0 downstream tasks scheduled from follow-on schedule check
[2026-03-15T09:47:36.719+0000] {local_task_job_runner.py:245} INFO - ::endgroup::
[2026-03-15T11:36:35.626+0000] {local_task_job_runner.py:123} INFO - ::group::Pre task execution logs
[2026-03-15T11:36:35.777+0000] {taskinstance.py:2631} INFO - Dependencies all met for dep_context=non-requeueable deps ti=<TaskInstance: dag_get_data_from_yf.olhc_branching.get_csv_high scheduled__2026-03-06T00:00:00+00:00 [queued]>
[2026-03-15T11:36:35.805+0000] {taskinstance.py:2631} INFO - Dependencies all met for dep_context=requeueable deps ti=<TaskInstance: dag_get_data_from_yf.olhc_branching.get_csv_high scheduled__2026-03-06T00:00:00+00:00 [queued]>
[2026-03-15T11:36:35.806+0000] {taskinstance.py:2884} INFO - Starting attempt 1 of 1
[2026-03-15T11:36:35.840+0000] {taskinstance.py:2907} INFO - Executing <Task(_PythonDecoratedOperator): olhc_branching.get_csv_high> on 2026-03-06 00:00:00+00:00
[2026-03-15T11:36:36.001+0000] {warnings.py:112} WARNING - /home/***/.local/lib/python3.12/site-packages/***/task/task_runner/standard_task_runner.py:70: DeprecationWarning: This process (pid=466) is multi-threaded, use of fork() may lead to deadlocks in the child.
  pid = os.fork()

[2026-03-15T11:36:36.048+0000] {standard_task_runner.py:72} INFO - Started process 685 to run task
[2026-03-15T11:36:36.024+0000] {standard_task_runner.py:104} INFO - Running: ['***', 'tasks', 'run', 'dag_get_data_from_yf', 'olhc_branching.get_csv_high', 'scheduled__2026-03-06T00:00:00+00:00', '--job-id', '31', '--raw', '--subdir', 'DAGS_FOLDER/get_finance_yf_csv.py', '--cfg-path', '/tmp/tmpogcmb2rv']
[2026-03-15T11:36:36.070+0000] {standard_task_runner.py:105} INFO - Job 31: Subtask olhc_branching.get_csv_high
[2026-03-15T11:36:36.579+0000] {task_command.py:467} INFO - Running <TaskInstance: dag_get_data_from_yf.olhc_branching.get_csv_high scheduled__2026-03-06T00:00:00+00:00 [running]> on host 0682dd67c20c
[2026-03-15T11:36:38.619+0000] {taskinstance.py:3157} INFO - Exporting env vars: AIRFLOW_CTX_DAG_OWNER='***' AIRFLOW_CTX_DAG_ID='dag_get_data_from_yf' AIRFLOW_CTX_TASK_ID='olhc_branching.get_csv_high' AIRFLOW_CTX_EXECUTION_DATE='2026-03-06T00:00:00+00:00' AIRFLOW_CTX_TRY_NUMBER='1' AIRFLOW_CTX_DAG_RUN_ID='scheduled__2026-03-06T00:00:00+00:00'
[2026-03-15T11:36:38.622+0000] {logging_mixin.py:190} INFO - Task instance is in running state
[2026-03-15T11:36:38.625+0000] {logging_mixin.py:190} INFO -  Previous state of the Task instance: queued
[2026-03-15T11:36:38.627+0000] {logging_mixin.py:190} INFO - Current task name:olhc_branching.get_csv_high state:running start_date:2026-03-15 11:36:35.778031+00:00
[2026-03-15T11:36:38.627+0000] {logging_mixin.py:190} INFO - Dag name:dag_get_data_from_yf and current dag run status:running
[2026-03-15T11:36:38.628+0000] {taskinstance.py:740} INFO - ::endgroup::
[2026-03-15T11:36:38.692+0000] {logging_mixin.py:190} INFO - None
[2026-03-15T11:36:38.693+0000] {python.py:240} INFO - Done. Returned value was: /opt/***/scripts/saham_indonesia_high.csv
[2026-03-15T11:36:38.889+0000] {taskinstance.py:349} INFO - ::group::Post task execution logs
[2026-03-15T11:36:38.890+0000] {taskinstance.py:361} INFO - Marking task as SUCCESS. dag_id=dag_get_data_from_yf, task_id=olhc_branching.get_csv_high, run_id=scheduled__2026-03-06T00:00:00+00:00, execution_date=20260306T000000, start_date=20260315T113635, end_date=20260315T113638
[2026-03-15T11:36:39.072+0000] {logging_mixin.py:190} INFO - Task instance in success state
[2026-03-15T11:36:39.073+0000] {logging_mixin.py:190} INFO -  Previous state of the Task instance: running
[2026-03-15T11:36:39.074+0000] {logging_mixin.py:190} INFO - Dag name:dag_get_data_from_yf queued_at:2026-03-15 11:31:36.047616+00:00
[2026-03-15T11:36:39.074+0000] {logging_mixin.py:190} INFO - Task hostname:0682dd67c20c operator:_PythonDecoratedOperator
[2026-03-15T11:36:39.152+0000] {local_task_job_runner.py:266} INFO - Task exited with return code 0
[2026-03-15T11:36:39.354+0000] {taskinstance.py:3924} INFO - 0 downstream tasks scheduled from follow-on schedule check
[2026-03-15T11:36:39.394+0000] {local_task_job_runner.py:245} INFO - ::endgroup::
[2026-03-15T12:10:12.363+0000] {local_task_job_runner.py:123} INFO - ::group::Pre task execution logs
[2026-03-15T12:10:12.656+0000] {taskinstance.py:2631} INFO - Dependencies all met for dep_context=non-requeueable deps ti=<TaskInstance: dag_get_data_from_yf.olhc_branching.get_csv_high scheduled__2026-03-06T00:00:00+00:00 [queued]>
[2026-03-15T12:10:12.782+0000] {taskinstance.py:2631} INFO - Dependencies all met for dep_context=requeueable deps ti=<TaskInstance: dag_get_data_from_yf.olhc_branching.get_csv_high scheduled__2026-03-06T00:00:00+00:00 [queued]>
[2026-03-15T12:10:12.803+0000] {taskinstance.py:2884} INFO - Starting attempt 1 of 1
[2026-03-15T12:10:12.954+0000] {taskinstance.py:2907} INFO - Executing <Task(_PythonDecoratedOperator): olhc_branching.get_csv_high> on 2026-03-06 00:00:00+00:00
[2026-03-15T12:10:12.994+0000] {warnings.py:112} WARNING - /home/***/.local/lib/python3.12/site-packages/***/task/task_runner/standard_task_runner.py:70: DeprecationWarning: This process (pid=2453) is multi-threaded, use of fork() may lead to deadlocks in the child.
  pid = os.fork()

[2026-03-15T12:10:12.997+0000] {standard_task_runner.py:72} INFO - Started process 2505 to run task
[2026-03-15T12:10:13.039+0000] {standard_task_runner.py:104} INFO - Running: ['***', 'tasks', 'run', 'dag_get_data_from_yf', 'olhc_branching.get_csv_high', 'scheduled__2026-03-06T00:00:00+00:00', '--job-id', '195', '--raw', '--subdir', 'DAGS_FOLDER/get_finance_yf_csv.py', '--cfg-path', '/tmp/tmp42fowdy2']
[2026-03-15T12:10:13.056+0000] {standard_task_runner.py:105} INFO - Job 195: Subtask olhc_branching.get_csv_high
[2026-03-15T12:10:13.596+0000] {task_command.py:467} INFO - Running <TaskInstance: dag_get_data_from_yf.olhc_branching.get_csv_high scheduled__2026-03-06T00:00:00+00:00 [running]> on host 0682dd67c20c
[2026-03-15T12:10:15.079+0000] {taskinstance.py:3157} INFO - Exporting env vars: AIRFLOW_CTX_DAG_OWNER='***' AIRFLOW_CTX_DAG_ID='dag_get_data_from_yf' AIRFLOW_CTX_TASK_ID='olhc_branching.get_csv_high' AIRFLOW_CTX_EXECUTION_DATE='2026-03-06T00:00:00+00:00' AIRFLOW_CTX_TRY_NUMBER='1' AIRFLOW_CTX_DAG_RUN_ID='scheduled__2026-03-06T00:00:00+00:00'
[2026-03-15T12:10:15.089+0000] {logging_mixin.py:190} INFO - Task instance is in running state
[2026-03-15T12:10:15.090+0000] {logging_mixin.py:190} INFO -  Previous state of the Task instance: queued
[2026-03-15T12:10:15.093+0000] {logging_mixin.py:190} INFO - Current task name:olhc_branching.get_csv_high state:running start_date:2026-03-15 12:10:12.664902+00:00
[2026-03-15T12:10:15.093+0000] {logging_mixin.py:190} INFO - Dag name:dag_get_data_from_yf and current dag run status:running
[2026-03-15T12:10:15.094+0000] {taskinstance.py:740} INFO - ::endgroup::
[2026-03-15T12:10:15.198+0000] {logging_mixin.py:190} INFO - None
[2026-03-15T12:10:15.199+0000] {python.py:240} INFO - Done. Returned value was: /opt/***/scripts/saham_indonesia_high.csv
[2026-03-15T12:10:15.433+0000] {taskinstance.py:349} INFO - ::group::Post task execution logs
[2026-03-15T12:10:15.439+0000] {taskinstance.py:361} INFO - Marking task as SUCCESS. dag_id=dag_get_data_from_yf, task_id=olhc_branching.get_csv_high, run_id=scheduled__2026-03-06T00:00:00+00:00, execution_date=20260306T000000, start_date=20260315T121012, end_date=20260315T121015
[2026-03-15T12:10:15.668+0000] {logging_mixin.py:190} INFO - Task instance in success state
[2026-03-15T12:10:15.677+0000] {logging_mixin.py:190} INFO -  Previous state of the Task instance: running
[2026-03-15T12:10:15.678+0000] {logging_mixin.py:190} INFO - Dag name:dag_get_data_from_yf queued_at:2026-03-15 12:05:15.276601+00:00
[2026-03-15T12:10:15.680+0000] {logging_mixin.py:190} INFO - Task hostname:0682dd67c20c operator:_PythonDecoratedOperator
[2026-03-15T12:10:15.811+0000] {local_task_job_runner.py:266} INFO - Task exited with return code 0
[2026-03-15T12:10:15.970+0000] {taskinstance.py:3924} INFO - 0 downstream tasks scheduled from follow-on schedule check
[2026-03-15T12:10:15.977+0000] {local_task_job_runner.py:245} INFO - ::endgroup::
[2026-03-15T14:55:42.371+0000] {local_task_job_runner.py:123} INFO - ::group::Pre task execution logs
[2026-03-15T14:55:42.452+0000] {taskinstance.py:2631} INFO - Dependencies all met for dep_context=non-requeueable deps ti=<TaskInstance: dag_get_data_from_yf.olhc_branching.get_csv_high scheduled__2026-03-06T00:00:00+00:00 [queued]>
[2026-03-15T14:55:42.477+0000] {taskinstance.py:2631} INFO - Dependencies all met for dep_context=requeueable deps ti=<TaskInstance: dag_get_data_from_yf.olhc_branching.get_csv_high scheduled__2026-03-06T00:00:00+00:00 [queued]>
[2026-03-15T14:55:42.479+0000] {taskinstance.py:2884} INFO - Starting attempt 1 of 1
[2026-03-15T14:55:42.578+0000] {taskinstance.py:2907} INFO - Executing <Task(_PythonDecoratedOperator): olhc_branching.get_csv_high> on 2026-03-06 00:00:00+00:00
[2026-03-15T14:55:42.660+0000] {warnings.py:112} WARNING - /home/***/.local/lib/python3.12/site-packages/***/task/task_runner/standard_task_runner.py:70: DeprecationWarning: This process (pid=3797) is multi-threaded, use of fork() may lead to deadlocks in the child.
  pid = os.fork()

[2026-03-15T14:55:42.664+0000] {standard_task_runner.py:72} INFO - Started process 3933 to run task
[2026-03-15T14:55:42.669+0000] {standard_task_runner.py:104} INFO - Running: ['***', 'tasks', 'run', 'dag_get_data_from_yf', 'olhc_branching.get_csv_high', 'scheduled__2026-03-06T00:00:00+00:00', '--job-id', '315', '--raw', '--subdir', 'DAGS_FOLDER/get_finance_yf_csv.py', '--cfg-path', '/tmp/tmpoar5t4j7']
[2026-03-15T14:55:42.673+0000] {standard_task_runner.py:105} INFO - Job 315: Subtask olhc_branching.get_csv_high
[2026-03-15T14:55:43.279+0000] {task_command.py:467} INFO - Running <TaskInstance: dag_get_data_from_yf.olhc_branching.get_csv_high scheduled__2026-03-06T00:00:00+00:00 [running]> on host 0682dd67c20c
[2026-03-15T14:55:44.867+0000] {taskinstance.py:3157} INFO - Exporting env vars: AIRFLOW_CTX_DAG_OWNER='***' AIRFLOW_CTX_DAG_ID='dag_get_data_from_yf' AIRFLOW_CTX_TASK_ID='olhc_branching.get_csv_high' AIRFLOW_CTX_EXECUTION_DATE='2026-03-06T00:00:00+00:00' AIRFLOW_CTX_TRY_NUMBER='1' AIRFLOW_CTX_DAG_RUN_ID='scheduled__2026-03-06T00:00:00+00:00'
[2026-03-15T14:55:44.870+0000] {logging_mixin.py:190} INFO - Task instance is in running state
[2026-03-15T14:55:44.870+0000] {logging_mixin.py:190} INFO -  Previous state of the Task instance: queued
[2026-03-15T14:55:44.871+0000] {logging_mixin.py:190} INFO - Current task name:olhc_branching.get_csv_high state:running start_date:2026-03-15 14:55:42.453134+00:00
[2026-03-15T14:55:44.871+0000] {logging_mixin.py:190} INFO - Dag name:dag_get_data_from_yf and current dag run status:running
[2026-03-15T14:55:44.872+0000] {taskinstance.py:740} INFO - ::endgroup::
[2026-03-15T14:55:44.913+0000] {logging_mixin.py:190} INFO - None
[2026-03-15T14:55:44.914+0000] {python.py:240} INFO - Done. Returned value was: /opt/***/scripts/saham_indonesia_high.csv
[2026-03-15T14:55:45.023+0000] {taskinstance.py:349} INFO - ::group::Post task execution logs
[2026-03-15T14:55:45.024+0000] {taskinstance.py:361} INFO - Marking task as SUCCESS. dag_id=dag_get_data_from_yf, task_id=olhc_branching.get_csv_high, run_id=scheduled__2026-03-06T00:00:00+00:00, execution_date=20260306T000000, start_date=20260315T145542, end_date=20260315T145545
[2026-03-15T14:55:46.312+0000] {logging_mixin.py:190} INFO - Task instance in success state
[2026-03-15T14:55:46.314+0000] {logging_mixin.py:190} INFO -  Previous state of the Task instance: running
[2026-03-15T14:55:46.315+0000] {logging_mixin.py:190} INFO - Dag name:dag_get_data_from_yf queued_at:2026-03-15 14:51:59.735894+00:00
[2026-03-15T14:55:46.317+0000] {logging_mixin.py:190} INFO - Task hostname:0682dd67c20c operator:_PythonDecoratedOperator
[2026-03-15T14:55:46.472+0000] {local_task_job_runner.py:266} INFO - Task exited with return code 0
[2026-03-15T14:55:46.766+0000] {taskinstance.py:3924} INFO - 0 downstream tasks scheduled from follow-on schedule check
[2026-03-15T14:55:46.811+0000] {local_task_job_runner.py:245} INFO - ::endgroup::
[2026-03-15T15:13:21.795+0000] {local_task_job_runner.py:123} INFO - ::group::Pre task execution logs
[2026-03-15T15:13:21.948+0000] {taskinstance.py:2631} INFO - Dependencies all met for dep_context=non-requeueable deps ti=<TaskInstance: dag_get_data_from_yf.olhc_branching.get_csv_high scheduled__2026-03-06T00:00:00+00:00 [queued]>
[2026-03-15T15:13:21.971+0000] {taskinstance.py:2631} INFO - Dependencies all met for dep_context=requeueable deps ti=<TaskInstance: dag_get_data_from_yf.olhc_branching.get_csv_high scheduled__2026-03-06T00:00:00+00:00 [queued]>
[2026-03-15T15:13:21.972+0000] {taskinstance.py:2884} INFO - Starting attempt 1 of 1
[2026-03-15T15:13:22.046+0000] {taskinstance.py:2907} INFO - Executing <Task(_PythonDecoratedOperator): olhc_branching.get_csv_high> on 2026-03-06 00:00:00+00:00
[2026-03-15T15:13:22.241+0000] {warnings.py:112} WARNING - /home/***/.local/lib/python3.12/site-packages/***/task/task_runner/standard_task_runner.py:70: DeprecationWarning: This process (pid=4888) is multi-threaded, use of fork() may lead to deadlocks in the child.
  pid = os.fork()

[2026-03-15T15:13:22.248+0000] {standard_task_runner.py:72} INFO - Started process 4977 to run task
[2026-03-15T15:13:22.317+0000] {standard_task_runner.py:104} INFO - Running: ['***', 'tasks', 'run', 'dag_get_data_from_yf', 'olhc_branching.get_csv_high', 'scheduled__2026-03-06T00:00:00+00:00', '--job-id', '401', '--raw', '--subdir', 'DAGS_FOLDER/get_finance_yf_csv.py', '--cfg-path', '/tmp/tmpnr4brija']
[2026-03-15T15:13:22.346+0000] {standard_task_runner.py:105} INFO - Job 401: Subtask olhc_branching.get_csv_high
[2026-03-15T15:13:22.838+0000] {task_command.py:467} INFO - Running <TaskInstance: dag_get_data_from_yf.olhc_branching.get_csv_high scheduled__2026-03-06T00:00:00+00:00 [running]> on host 0682dd67c20c
[2026-03-15T15:13:24.033+0000] {taskinstance.py:3157} INFO - Exporting env vars: AIRFLOW_CTX_DAG_OWNER='***' AIRFLOW_CTX_DAG_ID='dag_get_data_from_yf' AIRFLOW_CTX_TASK_ID='olhc_branching.get_csv_high' AIRFLOW_CTX_EXECUTION_DATE='2026-03-06T00:00:00+00:00' AIRFLOW_CTX_TRY_NUMBER='1' AIRFLOW_CTX_DAG_RUN_ID='scheduled__2026-03-06T00:00:00+00:00'
[2026-03-15T15:13:24.036+0000] {logging_mixin.py:190} INFO - Task instance is in running state
[2026-03-15T15:13:24.037+0000] {logging_mixin.py:190} INFO -  Previous state of the Task instance: queued
[2026-03-15T15:13:24.037+0000] {logging_mixin.py:190} INFO - Current task name:olhc_branching.get_csv_high state:running start_date:2026-03-15 15:13:21.949465+00:00
[2026-03-15T15:13:24.037+0000] {logging_mixin.py:190} INFO - Dag name:dag_get_data_from_yf and current dag run status:running
[2026-03-15T15:13:24.038+0000] {taskinstance.py:740} INFO - ::endgroup::
[2026-03-15T15:13:24.079+0000] {logging_mixin.py:190} INFO - None
[2026-03-15T15:13:24.087+0000] {python.py:240} INFO - Done. Returned value was: /opt/***/scripts/saham_indonesia_high.csv
[2026-03-15T15:13:24.238+0000] {taskinstance.py:349} INFO - ::group::Post task execution logs
[2026-03-15T15:13:24.259+0000] {taskinstance.py:361} INFO - Marking task as SUCCESS. dag_id=dag_get_data_from_yf, task_id=olhc_branching.get_csv_high, run_id=scheduled__2026-03-06T00:00:00+00:00, execution_date=20260306T000000, start_date=20260315T151321, end_date=20260315T151324
[2026-03-15T15:13:24.441+0000] {logging_mixin.py:190} INFO - Task instance in success state
[2026-03-15T15:13:24.442+0000] {logging_mixin.py:190} INFO -  Previous state of the Task instance: running
[2026-03-15T15:13:24.443+0000] {logging_mixin.py:190} INFO - Dag name:dag_get_data_from_yf queued_at:2026-03-15 15:10:55.003686+00:00
[2026-03-15T15:13:24.447+0000] {logging_mixin.py:190} INFO - Task hostname:0682dd67c20c operator:_PythonDecoratedOperator
[2026-03-15T15:13:24.517+0000] {local_task_job_runner.py:266} INFO - Task exited with return code 0
[2026-03-15T15:13:24.603+0000] {taskinstance.py:3924} INFO - 0 downstream tasks scheduled from follow-on schedule check
[2026-03-15T15:13:24.629+0000] {local_task_job_runner.py:245} INFO - ::endgroup::
[2026-03-15T15:20:55.353+0000] {local_task_job_runner.py:123} INFO - ::group::Pre task execution logs
[2026-03-15T15:20:55.619+0000] {taskinstance.py:2631} INFO - Dependencies all met for dep_context=non-requeueable deps ti=<TaskInstance: dag_get_data_from_yf.olhc_branching.get_csv_high scheduled__2026-03-06T00:00:00+00:00 [queued]>
[2026-03-15T15:20:55.738+0000] {taskinstance.py:2631} INFO - Dependencies all met for dep_context=requeueable deps ti=<TaskInstance: dag_get_data_from_yf.olhc_branching.get_csv_high scheduled__2026-03-06T00:00:00+00:00 [queued]>
[2026-03-15T15:20:55.739+0000] {taskinstance.py:2884} INFO - Starting attempt 1 of 1
[2026-03-15T15:20:55.867+0000] {taskinstance.py:2907} INFO - Executing <Task(_PythonDecoratedOperator): olhc_branching.get_csv_high> on 2026-03-06 00:00:00+00:00
[2026-03-15T15:20:55.918+0000] {warnings.py:112} WARNING - /home/***/.local/lib/python3.12/site-packages/***/task/task_runner/standard_task_runner.py:70: DeprecationWarning: This process (pid=326) is multi-threaded, use of fork() may lead to deadlocks in the child.
  pid = os.fork()

[2026-03-15T15:20:55.922+0000] {standard_task_runner.py:72} INFO - Started process 477 to run task
[2026-03-15T15:20:55.969+0000] {standard_task_runner.py:104} INFO - Running: ['***', 'tasks', 'run', 'dag_get_data_from_yf', 'olhc_branching.get_csv_high', 'scheduled__2026-03-06T00:00:00+00:00', '--job-id', '440', '--raw', '--subdir', 'DAGS_FOLDER/get_finance_yf_csv.py', '--cfg-path', '/tmp/tmp50ntvt96']
[2026-03-15T15:20:55.972+0000] {standard_task_runner.py:105} INFO - Job 440: Subtask olhc_branching.get_csv_high
[2026-03-15T15:20:56.540+0000] {task_command.py:467} INFO - Running <TaskInstance: dag_get_data_from_yf.olhc_branching.get_csv_high scheduled__2026-03-06T00:00:00+00:00 [running]> on host c2f7721b6bb3
[2026-03-15T15:20:57.947+0000] {taskinstance.py:3157} INFO - Exporting env vars: AIRFLOW_CTX_DAG_OWNER='***' AIRFLOW_CTX_DAG_ID='dag_get_data_from_yf' AIRFLOW_CTX_TASK_ID='olhc_branching.get_csv_high' AIRFLOW_CTX_EXECUTION_DATE='2026-03-06T00:00:00+00:00' AIRFLOW_CTX_TRY_NUMBER='1' AIRFLOW_CTX_DAG_RUN_ID='scheduled__2026-03-06T00:00:00+00:00'
[2026-03-15T15:20:58.010+0000] {logging_mixin.py:190} INFO - Task instance is in running state
[2026-03-15T15:20:58.011+0000] {logging_mixin.py:190} INFO -  Previous state of the Task instance: queued
[2026-03-15T15:20:58.011+0000] {logging_mixin.py:190} INFO - Current task name:olhc_branching.get_csv_high state:running start_date:2026-03-15 15:20:55.619802+00:00
[2026-03-15T15:20:58.012+0000] {logging_mixin.py:190} INFO - Dag name:dag_get_data_from_yf and current dag run status:running
[2026-03-15T15:20:58.015+0000] {taskinstance.py:740} INFO - ::endgroup::
[2026-03-15T15:20:58.074+0000] {logging_mixin.py:190} INFO - None
[2026-03-15T15:20:58.074+0000] {python.py:240} INFO - Done. Returned value was: /opt/***/scripts/saham_indonesia_high.csv
[2026-03-15T15:20:58.481+0000] {taskinstance.py:349} INFO - ::group::Post task execution logs
[2026-03-15T15:20:58.482+0000] {taskinstance.py:361} INFO - Marking task as SUCCESS. dag_id=dag_get_data_from_yf, task_id=olhc_branching.get_csv_high, run_id=scheduled__2026-03-06T00:00:00+00:00, execution_date=20260306T000000, start_date=20260315T152055, end_date=20260315T152058
[2026-03-15T15:20:58.756+0000] {logging_mixin.py:190} INFO - Task instance in success state
[2026-03-15T15:20:58.757+0000] {logging_mixin.py:190} INFO -  Previous state of the Task instance: running
[2026-03-15T15:20:58.762+0000] {logging_mixin.py:190} INFO - Dag name:dag_get_data_from_yf queued_at:2026-03-15 15:18:38.354658+00:00
[2026-03-15T15:20:58.763+0000] {logging_mixin.py:190} INFO - Task hostname:c2f7721b6bb3 operator:_PythonDecoratedOperator
[2026-03-15T15:20:58.831+0000] {local_task_job_runner.py:266} INFO - Task exited with return code 0
[2026-03-15T15:20:58.974+0000] {taskinstance.py:3924} INFO - 0 downstream tasks scheduled from follow-on schedule check
[2026-03-15T15:20:58.985+0000] {local_task_job_runner.py:245} INFO - ::endgroup::
[2026-03-15T16:19:32.975+0000] {local_task_job_runner.py:123} INFO - ::group::Pre task execution logs
[2026-03-15T16:19:33.364+0000] {taskinstance.py:2631} INFO - Dependencies all met for dep_context=non-requeueable deps ti=<TaskInstance: dag_get_data_from_yf.olhc_branching.get_csv_high scheduled__2026-03-06T00:00:00+00:00 [queued]>
[2026-03-15T16:19:33.404+0000] {taskinstance.py:2631} INFO - Dependencies all met for dep_context=requeueable deps ti=<TaskInstance: dag_get_data_from_yf.olhc_branching.get_csv_high scheduled__2026-03-06T00:00:00+00:00 [queued]>
[2026-03-15T16:19:33.411+0000] {taskinstance.py:2884} INFO - Starting attempt 1 of 1
[2026-03-15T16:19:33.513+0000] {taskinstance.py:2907} INFO - Executing <Task(_PythonDecoratedOperator): olhc_branching.get_csv_high> on 2026-03-06 00:00:00+00:00
[2026-03-15T16:19:33.547+0000] {warnings.py:112} WARNING - /home/***/.local/lib/python3.12/site-packages/***/task/task_runner/standard_task_runner.py:70: DeprecationWarning: This process (pid=2293) is multi-threaded, use of fork() may lead to deadlocks in the child.
  pid = os.fork()

[2026-03-15T16:19:33.551+0000] {standard_task_runner.py:72} INFO - Started process 2428 to run task
[2026-03-15T16:19:33.580+0000] {standard_task_runner.py:104} INFO - Running: ['***', 'tasks', 'run', 'dag_get_data_from_yf', 'olhc_branching.get_csv_high', 'scheduled__2026-03-06T00:00:00+00:00', '--job-id', '571', '--raw', '--subdir', 'DAGS_FOLDER/get_finance_yf_csv.py', '--cfg-path', '/tmp/tmpmvwzqwtb']
[2026-03-15T16:19:33.583+0000] {standard_task_runner.py:105} INFO - Job 571: Subtask olhc_branching.get_csv_high
[2026-03-15T16:19:34.303+0000] {task_command.py:467} INFO - Running <TaskInstance: dag_get_data_from_yf.olhc_branching.get_csv_high scheduled__2026-03-06T00:00:00+00:00 [running]> on host c2f7721b6bb3
[2026-03-15T16:19:36.966+0000] {taskinstance.py:3157} INFO - Exporting env vars: AIRFLOW_CTX_DAG_OWNER='***' AIRFLOW_CTX_DAG_ID='dag_get_data_from_yf' AIRFLOW_CTX_TASK_ID='olhc_branching.get_csv_high' AIRFLOW_CTX_EXECUTION_DATE='2026-03-06T00:00:00+00:00' AIRFLOW_CTX_TRY_NUMBER='1' AIRFLOW_CTX_DAG_RUN_ID='scheduled__2026-03-06T00:00:00+00:00'
[2026-03-15T16:19:36.969+0000] {logging_mixin.py:190} INFO - Task instance is in running state
[2026-03-15T16:19:36.969+0000] {logging_mixin.py:190} INFO -  Previous state of the Task instance: queued
[2026-03-15T16:19:36.970+0000] {logging_mixin.py:190} INFO - Current task name:olhc_branching.get_csv_high state:running start_date:2026-03-15 16:19:33.364920+00:00
[2026-03-15T16:19:36.970+0000] {logging_mixin.py:190} INFO - Dag name:dag_get_data_from_yf and current dag run status:running
[2026-03-15T16:19:36.971+0000] {taskinstance.py:740} INFO - ::endgroup::
[2026-03-15T16:19:37.168+0000] {logging_mixin.py:190} INFO - None
[2026-03-15T16:19:37.173+0000] {python.py:240} INFO - Done. Returned value was: /opt/***/scripts/saham_indonesia_high.csv
[2026-03-15T16:19:37.413+0000] {taskinstance.py:349} INFO - ::group::Post task execution logs
[2026-03-15T16:19:37.415+0000] {taskinstance.py:361} INFO - Marking task as SUCCESS. dag_id=dag_get_data_from_yf, task_id=olhc_branching.get_csv_high, run_id=scheduled__2026-03-06T00:00:00+00:00, execution_date=20260306T000000, start_date=20260315T161933, end_date=20260315T161937
[2026-03-15T16:19:37.709+0000] {logging_mixin.py:190} INFO - Task instance in success state
[2026-03-15T16:19:37.710+0000] {logging_mixin.py:190} INFO -  Previous state of the Task instance: running
[2026-03-15T16:19:37.710+0000] {logging_mixin.py:190} INFO - Dag name:dag_get_data_from_yf queued_at:2026-03-15 16:14:39.083895+00:00
[2026-03-15T16:19:37.711+0000] {logging_mixin.py:190} INFO - Task hostname:c2f7721b6bb3 operator:_PythonDecoratedOperator
[2026-03-15T16:19:37.844+0000] {local_task_job_runner.py:266} INFO - Task exited with return code 0
[2026-03-15T16:19:38.069+0000] {taskinstance.py:3924} INFO - 0 downstream tasks scheduled from follow-on schedule check
[2026-03-15T16:19:38.074+0000] {local_task_job_runner.py:245} INFO - ::endgroup::
[2026-03-16T04:32:10.062+0000] {local_task_job_runner.py:123} INFO - ::group::Pre task execution logs
[2026-03-16T04:32:10.646+0000] {taskinstance.py:2631} INFO - Dependencies all met for dep_context=non-requeueable deps ti=<TaskInstance: dag_get_data_from_yf.olhc_branching.get_csv_high scheduled__2026-03-06T00:00:00+00:00 [queued]>
[2026-03-16T04:32:10.820+0000] {taskinstance.py:2631} INFO - Dependencies all met for dep_context=requeueable deps ti=<TaskInstance: dag_get_data_from_yf.olhc_branching.get_csv_high scheduled__2026-03-06T00:00:00+00:00 [queued]>
[2026-03-16T04:32:10.837+0000] {taskinstance.py:2884} INFO - Starting attempt 1 of 1
[2026-03-16T04:32:11.049+0000] {taskinstance.py:2907} INFO - Executing <Task(_PythonDecoratedOperator): olhc_branching.get_csv_high> on 2026-03-06 00:00:00+00:00
[2026-03-16T04:32:11.165+0000] {standard_task_runner.py:104} INFO - Running: ['***', 'tasks', 'run', 'dag_get_data_from_yf', 'olhc_branching.get_csv_high', 'scheduled__2026-03-06T00:00:00+00:00', '--job-id', '715', '--raw', '--subdir', 'DAGS_FOLDER/get_finance_yf_csv.py', '--cfg-path', '/tmp/tmpeyt6_upu']
[2026-03-16T04:32:11.155+0000] {warnings.py:112} WARNING - /home/***/.local/lib/python3.12/site-packages/***/task/task_runner/standard_task_runner.py:70: DeprecationWarning: This process (pid=742) is multi-threaded, use of fork() may lead to deadlocks in the child.
  pid = os.fork()

[2026-03-16T04:32:11.184+0000] {standard_task_runner.py:72} INFO - Started process 946 to run task
[2026-03-16T04:32:11.186+0000] {standard_task_runner.py:105} INFO - Job 715: Subtask olhc_branching.get_csv_high
[2026-03-16T04:32:11.622+0000] {task_command.py:467} INFO - Running <TaskInstance: dag_get_data_from_yf.olhc_branching.get_csv_high scheduled__2026-03-06T00:00:00+00:00 [running]> on host 662456f34d26
[2026-03-16T04:32:40.556+0000] {job.py:229} INFO - Heartbeat recovered after 30.86 seconds
[2026-03-16T04:32:40.592+0000] {taskinstance.py:3157} INFO - Exporting env vars: AIRFLOW_CTX_DAG_OWNER='***' AIRFLOW_CTX_DAG_ID='dag_get_data_from_yf' AIRFLOW_CTX_TASK_ID='olhc_branching.get_csv_high' AIRFLOW_CTX_EXECUTION_DATE='2026-03-06T00:00:00+00:00' AIRFLOW_CTX_TRY_NUMBER='1' AIRFLOW_CTX_DAG_RUN_ID='scheduled__2026-03-06T00:00:00+00:00'
[2026-03-16T04:32:40.621+0000] {logging_mixin.py:190} INFO - Task instance is in running state
[2026-03-16T04:32:40.629+0000] {logging_mixin.py:190} INFO -  Previous state of the Task instance: queued
[2026-03-16T04:32:40.702+0000] {logging_mixin.py:190} INFO - Current task name:olhc_branching.get_csv_high state:running start_date:2026-03-16 04:32:10.648250+00:00
[2026-03-16T04:32:40.703+0000] {logging_mixin.py:190} INFO - Dag name:dag_get_data_from_yf and current dag run status:running
[2026-03-16T04:32:40.704+0000] {taskinstance.py:740} INFO - ::endgroup::
[2026-03-16T04:32:41.298+0000] {logging_mixin.py:190} INFO - Ini csv_string_high:  None
[2026-03-16T04:32:41.302+0000] {python.py:240} INFO - Done. Returned value was: /opt/***/scripts/saham_indonesia_high.csv
[2026-03-16T04:32:41.616+0000] {taskinstance.py:349} INFO - ::group::Post task execution logs
[2026-03-16T04:32:41.640+0000] {taskinstance.py:361} INFO - Marking task as SUCCESS. dag_id=dag_get_data_from_yf, task_id=olhc_branching.get_csv_high, run_id=scheduled__2026-03-06T00:00:00+00:00, execution_date=20260306T000000, start_date=20260316T043210, end_date=20260316T043241
[2026-03-16T04:32:41.951+0000] {logging_mixin.py:190} INFO - Task instance in success state
[2026-03-16T04:32:41.953+0000] {logging_mixin.py:190} INFO -  Previous state of the Task instance: running
[2026-03-16T04:32:41.956+0000] {logging_mixin.py:190} INFO - Dag name:dag_get_data_from_yf queued_at:2026-03-16 04:26:37.363018+00:00
[2026-03-16T04:32:41.959+0000] {logging_mixin.py:190} INFO - Task hostname:662456f34d26 operator:_PythonDecoratedOperator
[2026-03-16T04:32:42.087+0000] {local_task_job_runner.py:266} INFO - Task exited with return code 0
[2026-03-16T04:32:42.743+0000] {taskinstance.py:3924} INFO - 0 downstream tasks scheduled from follow-on schedule check
[2026-03-16T04:32:42.760+0000] {local_task_job_runner.py:245} INFO - ::endgroup::
[2026-03-16T04:32:42.825+0000] {standard_task_runner.py:217} INFO - Process not found (most likely exited), stop collecting metrics
[2026-03-16T04:46:13.061+0000] {local_task_job_runner.py:123} INFO - ::group::Pre task execution logs
[2026-03-16T04:46:13.471+0000] {taskinstance.py:2631} INFO - Dependencies all met for dep_context=non-requeueable deps ti=<TaskInstance: dag_get_data_from_yf.olhc_branching.get_csv_high scheduled__2026-03-06T00:00:00+00:00 [queued]>
[2026-03-16T04:46:13.644+0000] {taskinstance.py:2631} INFO - Dependencies all met for dep_context=requeueable deps ti=<TaskInstance: dag_get_data_from_yf.olhc_branching.get_csv_high scheduled__2026-03-06T00:00:00+00:00 [queued]>
[2026-03-16T04:46:13.651+0000] {taskinstance.py:2884} INFO - Starting attempt 1 of 1
[2026-03-16T04:46:13.982+0000] {taskinstance.py:2907} INFO - Executing <Task(_PythonDecoratedOperator): olhc_branching.get_csv_high> on 2026-03-06 00:00:00+00:00
[2026-03-16T04:46:14.125+0000] {warnings.py:112} WARNING - /home/***/.local/lib/python3.12/site-packages/***/task/task_runner/standard_task_runner.py:70: DeprecationWarning: This process (pid=1839) is multi-threaded, use of fork() may lead to deadlocks in the child.
  pid = os.fork()

[2026-03-16T04:46:14.212+0000] {standard_task_runner.py:104} INFO - Running: ['***', 'tasks', 'run', 'dag_get_data_from_yf', 'olhc_branching.get_csv_high', 'scheduled__2026-03-06T00:00:00+00:00', '--job-id', '793', '--raw', '--subdir', 'DAGS_FOLDER/get_finance_yf_csv.py', '--cfg-path', '/tmp/tmp3id_uz_n']
[2026-03-16T04:46:14.230+0000] {standard_task_runner.py:105} INFO - Job 793: Subtask olhc_branching.get_csv_high
[2026-03-16T04:46:14.235+0000] {standard_task_runner.py:72} INFO - Started process 1901 to run task
[2026-03-16T04:46:15.242+0000] {task_command.py:467} INFO - Running <TaskInstance: dag_get_data_from_yf.olhc_branching.get_csv_high scheduled__2026-03-06T00:00:00+00:00 [running]> on host 662456f34d26
[2026-03-16T04:46:17.117+0000] {taskinstance.py:3157} INFO - Exporting env vars: AIRFLOW_CTX_DAG_OWNER='***' AIRFLOW_CTX_DAG_ID='dag_get_data_from_yf' AIRFLOW_CTX_TASK_ID='olhc_branching.get_csv_high' AIRFLOW_CTX_EXECUTION_DATE='2026-03-06T00:00:00+00:00' AIRFLOW_CTX_TRY_NUMBER='1' AIRFLOW_CTX_DAG_RUN_ID='scheduled__2026-03-06T00:00:00+00:00'
[2026-03-16T04:46:17.120+0000] {logging_mixin.py:190} INFO - Task instance is in running state
[2026-03-16T04:46:17.120+0000] {logging_mixin.py:190} INFO -  Previous state of the Task instance: queued
[2026-03-16T04:46:17.149+0000] {logging_mixin.py:190} INFO - Current task name:olhc_branching.get_csv_high state:running start_date:2026-03-16 04:46:13.473213+00:00
[2026-03-16T04:46:17.150+0000] {logging_mixin.py:190} INFO - Dag name:dag_get_data_from_yf and current dag run status:running
[2026-03-16T04:46:17.210+0000] {taskinstance.py:740} INFO - ::endgroup::
[2026-03-16T04:46:17.390+0000] {logging_mixin.py:190} INFO - Ini csv_string_high:  None
[2026-03-16T04:46:17.390+0000] {python.py:240} INFO - Done. Returned value was: /opt/***/scripts/saham_indonesia_high.csv
[2026-03-16T04:46:17.805+0000] {taskinstance.py:349} INFO - ::group::Post task execution logs
[2026-03-16T04:46:17.807+0000] {taskinstance.py:361} INFO - Marking task as SUCCESS. dag_id=dag_get_data_from_yf, task_id=olhc_branching.get_csv_high, run_id=scheduled__2026-03-06T00:00:00+00:00, execution_date=20260306T000000, start_date=20260316T044613, end_date=20260316T044617
[2026-03-16T04:46:18.447+0000] {logging_mixin.py:190} INFO - Task instance in success state
[2026-03-16T04:46:18.454+0000] {logging_mixin.py:190} INFO -  Previous state of the Task instance: running
[2026-03-16T04:46:18.455+0000] {logging_mixin.py:190} INFO - Dag name:dag_get_data_from_yf queued_at:2026-03-16 04:41:05.252485+00:00
[2026-03-16T04:46:18.456+0000] {logging_mixin.py:190} INFO - Task hostname:662456f34d26 operator:_PythonDecoratedOperator
[2026-03-16T04:46:18.495+0000] {local_task_job_runner.py:266} INFO - Task exited with return code 0
[2026-03-16T04:46:18.668+0000] {local_task_job_runner.py:245} INFO - ::endgroup::
[2026-03-16T04:46:19.385+0000] {standard_task_runner.py:217} INFO - Process not found (most likely exited), stop collecting metrics
[2026-03-16T10:21:34.533+0000] {local_task_job_runner.py:123} INFO - ::group::Pre task execution logs
[2026-03-16T10:21:34.728+0000] {taskinstance.py:2631} INFO - Dependencies all met for dep_context=non-requeueable deps ti=<TaskInstance: dag_get_data_from_yf.olhc_branching.get_csv_high scheduled__2026-03-06T00:00:00+00:00 [queued]>
[2026-03-16T10:21:34.827+0000] {taskinstance.py:2631} INFO - Dependencies all met for dep_context=requeueable deps ti=<TaskInstance: dag_get_data_from_yf.olhc_branching.get_csv_high scheduled__2026-03-06T00:00:00+00:00 [queued]>
[2026-03-16T10:21:34.827+0000] {taskinstance.py:2884} INFO - Starting attempt 1 of 1
[2026-03-16T10:21:34.981+0000] {taskinstance.py:2907} INFO - Executing <Task(_PythonDecoratedOperator): olhc_branching.get_csv_high> on 2026-03-06 00:00:00+00:00
[2026-03-16T10:21:35.058+0000] {warnings.py:112} WARNING - /home/***/.local/lib/python3.12/site-packages/***/task/task_runner/standard_task_runner.py:70: DeprecationWarning: This process (pid=830) is multi-threaded, use of fork() may lead to deadlocks in the child.
  pid = os.fork()

[2026-03-16T10:21:35.095+0000] {standard_task_runner.py:72} INFO - Started process 951 to run task
[2026-03-16T10:21:35.090+0000] {standard_task_runner.py:104} INFO - Running: ['***', 'tasks', 'run', 'dag_get_data_from_yf', 'olhc_branching.get_csv_high', 'scheduled__2026-03-06T00:00:00+00:00', '--job-id', '947', '--raw', '--subdir', 'DAGS_FOLDER/get_finance_yf_csv.py', '--cfg-path', '/tmp/tmpl3_6m92_']
[2026-03-16T10:21:35.107+0000] {standard_task_runner.py:105} INFO - Job 947: Subtask olhc_branching.get_csv_high
[2026-03-16T10:21:35.682+0000] {task_command.py:467} INFO - Running <TaskInstance: dag_get_data_from_yf.olhc_branching.get_csv_high scheduled__2026-03-06T00:00:00+00:00 [running]> on host b3714f9398e4
[2026-03-16T10:21:37.961+0000] {taskinstance.py:3157} INFO - Exporting env vars: AIRFLOW_CTX_DAG_OWNER='***' AIRFLOW_CTX_DAG_ID='dag_get_data_from_yf' AIRFLOW_CTX_TASK_ID='olhc_branching.get_csv_high' AIRFLOW_CTX_EXECUTION_DATE='2026-03-06T00:00:00+00:00' AIRFLOW_CTX_TRY_NUMBER='1' AIRFLOW_CTX_DAG_RUN_ID='scheduled__2026-03-06T00:00:00+00:00'
[2026-03-16T10:21:37.978+0000] {logging_mixin.py:190} INFO - Task instance is in running state
[2026-03-16T10:21:37.981+0000] {logging_mixin.py:190} INFO -  Previous state of the Task instance: queued
[2026-03-16T10:21:37.982+0000] {logging_mixin.py:190} INFO - Current task name:olhc_branching.get_csv_high state:running start_date:2026-03-16 10:21:34.734141+00:00
[2026-03-16T10:21:37.983+0000] {logging_mixin.py:190} INFO - Dag name:dag_get_data_from_yf and current dag run status:running
[2026-03-16T10:21:37.983+0000] {taskinstance.py:740} INFO - ::endgroup::
[2026-03-16T10:21:38.050+0000] {logging_mixin.py:190} INFO - Ini csv_string_high:  None
[2026-03-16T10:21:38.056+0000] {python.py:240} INFO - Done. Returned value was: /opt/***/scripts/saham_indonesia_high.csv
[2026-03-16T10:21:38.483+0000] {taskinstance.py:349} INFO - ::group::Post task execution logs
[2026-03-16T10:21:38.485+0000] {taskinstance.py:361} INFO - Marking task as SUCCESS. dag_id=dag_get_data_from_yf, task_id=olhc_branching.get_csv_high, run_id=scheduled__2026-03-06T00:00:00+00:00, execution_date=20260306T000000, start_date=20260316T102134, end_date=20260316T102138
[2026-03-16T10:21:38.954+0000] {logging_mixin.py:190} INFO - Task instance in success state
[2026-03-16T10:21:38.955+0000] {logging_mixin.py:190} INFO -  Previous state of the Task instance: running
[2026-03-16T10:21:38.956+0000] {logging_mixin.py:190} INFO - Dag name:dag_get_data_from_yf queued_at:2026-03-16 10:15:48.606307+00:00
[2026-03-16T10:21:38.956+0000] {logging_mixin.py:190} INFO - Task hostname:b3714f9398e4 operator:_PythonDecoratedOperator
[2026-03-16T10:21:39.144+0000] {local_task_job_runner.py:266} INFO - Task exited with return code 0
[2026-03-16T10:21:39.905+0000] {taskinstance.py:3924} INFO - 0 downstream tasks scheduled from follow-on schedule check
[2026-03-16T10:21:39.926+0000] {local_task_job_runner.py:245} INFO - ::endgroup::
[2026-03-16T10:21:40.127+0000] {standard_task_runner.py:217} INFO - Process not found (most likely exited), stop collecting metrics
[2026-03-16T11:03:00.514+0000] {local_task_job_runner.py:123} INFO - ::group::Pre task execution logs
[2026-03-16T11:03:01.324+0000] {taskinstance.py:2631} INFO - Dependencies all met for dep_context=non-requeueable deps ti=<TaskInstance: dag_get_data_from_yf.olhc_branching.get_csv_high scheduled__2026-03-06T00:00:00+00:00 [queued]>
[2026-03-16T11:03:01.950+0000] {taskinstance.py:2631} INFO - Dependencies all met for dep_context=requeueable deps ti=<TaskInstance: dag_get_data_from_yf.olhc_branching.get_csv_high scheduled__2026-03-06T00:00:00+00:00 [queued]>
[2026-03-16T11:03:01.951+0000] {taskinstance.py:2884} INFO - Starting attempt 1 of 1
[2026-03-16T11:03:02.086+0000] {taskinstance.py:2907} INFO - Executing <Task(_PythonDecoratedOperator): olhc_branching.get_csv_high> on 2026-03-06 00:00:00+00:00
[2026-03-16T11:03:02.130+0000] {warnings.py:112} WARNING - /home/***/.local/lib/python3.12/site-packages/***/task/task_runner/standard_task_runner.py:70: DeprecationWarning: This process (pid=477) is multi-threaded, use of fork() may lead to deadlocks in the child.
  pid = os.fork()

[2026-03-16T11:03:02.138+0000] {standard_task_runner.py:72} INFO - Started process 759 to run task
[2026-03-16T11:03:02.168+0000] {standard_task_runner.py:104} INFO - Running: ['***', 'tasks', 'run', 'dag_get_data_from_yf', 'olhc_branching.get_csv_high', 'scheduled__2026-03-06T00:00:00+00:00', '--job-id', '1079', '--raw', '--subdir', 'DAGS_FOLDER/get_finance_yf_csv.py', '--cfg-path', '/tmp/tmpkc_pov9b']
[2026-03-16T11:03:02.191+0000] {standard_task_runner.py:105} INFO - Job 1079: Subtask olhc_branching.get_csv_high
[2026-03-16T11:03:03.630+0000] {task_command.py:467} INFO - Running <TaskInstance: dag_get_data_from_yf.olhc_branching.get_csv_high scheduled__2026-03-06T00:00:00+00:00 [running]> on host 80c99acb76df
[2026-03-16T11:03:08.373+0000] {taskinstance.py:3157} INFO - Exporting env vars: AIRFLOW_CTX_DAG_OWNER='***' AIRFLOW_CTX_DAG_ID='dag_get_data_from_yf' AIRFLOW_CTX_TASK_ID='olhc_branching.get_csv_high' AIRFLOW_CTX_EXECUTION_DATE='2026-03-06T00:00:00+00:00' AIRFLOW_CTX_TRY_NUMBER='1' AIRFLOW_CTX_DAG_RUN_ID='scheduled__2026-03-06T00:00:00+00:00'
[2026-03-16T11:03:08.389+0000] {logging_mixin.py:190} INFO - Task instance is in running state
[2026-03-16T11:03:08.390+0000] {logging_mixin.py:190} INFO -  Previous state of the Task instance: queued
[2026-03-16T11:03:08.391+0000] {logging_mixin.py:190} INFO - Current task name:olhc_branching.get_csv_high state:running start_date:2026-03-16 11:03:01.325725+00:00
[2026-03-16T11:03:08.396+0000] {logging_mixin.py:190} INFO - Dag name:dag_get_data_from_yf and current dag run status:running
[2026-03-16T11:03:08.396+0000] {taskinstance.py:740} INFO - ::endgroup::
[2026-03-16T11:03:08.823+0000] {logging_mixin.py:190} INFO - Ini csv_string_high:  None
[2026-03-16T11:03:08.835+0000] {python.py:240} INFO - Done. Returned value was: /opt/***/scripts/saham_indonesia_high.csv
[2026-03-16T11:03:09.722+0000] {taskinstance.py:349} INFO - ::group::Post task execution logs
[2026-03-16T11:03:09.735+0000] {taskinstance.py:361} INFO - Marking task as SUCCESS. dag_id=dag_get_data_from_yf, task_id=olhc_branching.get_csv_high, run_id=scheduled__2026-03-06T00:00:00+00:00, execution_date=20260306T000000, start_date=20260316T110301, end_date=20260316T110309
[2026-03-16T11:03:11.154+0000] {logging_mixin.py:190} INFO - Task instance in success state
[2026-03-16T11:03:11.156+0000] {logging_mixin.py:190} INFO -  Previous state of the Task instance: running
[2026-03-16T11:03:11.157+0000] {logging_mixin.py:190} INFO - Dag name:dag_get_data_from_yf queued_at:2026-03-16 10:57:52.352749+00:00
[2026-03-16T11:03:11.158+0000] {logging_mixin.py:190} INFO - Task hostname:80c99acb76df operator:_PythonDecoratedOperator
[2026-03-16T11:03:11.317+0000] {local_task_job_runner.py:266} INFO - Task exited with return code 0
[2026-03-16T11:03:11.880+0000] {taskinstance.py:3924} INFO - 1 downstream tasks scheduled from follow-on schedule check
[2026-03-16T11:03:11.962+0000] {local_task_job_runner.py:245} INFO - ::endgroup::
[2026-03-16T15:10:06.365+0000] {local_task_job_runner.py:123} INFO - ::group::Pre task execution logs
[2026-03-16T15:10:06.471+0000] {taskinstance.py:2631} INFO - Dependencies all met for dep_context=non-requeueable deps ti=<TaskInstance: dag_get_data_from_yf.olhc_branching.get_csv_high scheduled__2026-03-06T00:00:00+00:00 [queued]>
[2026-03-16T15:10:06.515+0000] {taskinstance.py:2631} INFO - Dependencies all met for dep_context=requeueable deps ti=<TaskInstance: dag_get_data_from_yf.olhc_branching.get_csv_high scheduled__2026-03-06T00:00:00+00:00 [queued]>
[2026-03-16T15:10:06.516+0000] {taskinstance.py:2884} INFO - Starting attempt 1 of 1
[2026-03-16T15:10:06.623+0000] {taskinstance.py:2907} INFO - Executing <Task(_PythonDecoratedOperator): olhc_branching.get_csv_high> on 2026-03-06 00:00:00+00:00
[2026-03-16T15:10:06.681+0000] {warnings.py:112} WARNING - /home/***/.local/lib/python3.12/site-packages/***/task/task_runner/standard_task_runner.py:70: DeprecationWarning: This process (pid=538) is multi-threaded, use of fork() may lead to deadlocks in the child.
  pid = os.fork()

[2026-03-16T15:10:06.690+0000] {standard_task_runner.py:72} INFO - Started process 712 to run task
[2026-03-16T15:10:06.715+0000] {standard_task_runner.py:104} INFO - Running: ['***', 'tasks', 'run', 'dag_get_data_from_yf', 'olhc_branching.get_csv_high', 'scheduled__2026-03-06T00:00:00+00:00', '--job-id', '1207', '--raw', '--subdir', 'DAGS_FOLDER/get_finance_yf_csv.py', '--cfg-path', '/tmp/tmpwe_lyo4w']
[2026-03-16T15:10:06.717+0000] {standard_task_runner.py:105} INFO - Job 1207: Subtask olhc_branching.get_csv_high
[2026-03-16T15:10:07.010+0000] {task_command.py:467} INFO - Running <TaskInstance: dag_get_data_from_yf.olhc_branching.get_csv_high scheduled__2026-03-06T00:00:00+00:00 [running]> on host 82763a516181
[2026-03-16T15:10:07.465+0000] {taskinstance.py:3157} INFO - Exporting env vars: AIRFLOW_CTX_DAG_OWNER='***' AIRFLOW_CTX_DAG_ID='dag_get_data_from_yf' AIRFLOW_CTX_TASK_ID='olhc_branching.get_csv_high' AIRFLOW_CTX_EXECUTION_DATE='2026-03-06T00:00:00+00:00' AIRFLOW_CTX_TRY_NUMBER='1' AIRFLOW_CTX_DAG_RUN_ID='scheduled__2026-03-06T00:00:00+00:00'
[2026-03-16T15:10:07.469+0000] {logging_mixin.py:190} INFO - Task instance is in running state
[2026-03-16T15:10:07.470+0000] {logging_mixin.py:190} INFO -  Previous state of the Task instance: queued
[2026-03-16T15:10:07.471+0000] {logging_mixin.py:190} INFO - Current task name:olhc_branching.get_csv_high state:running start_date:2026-03-16 15:10:06.472746+00:00
[2026-03-16T15:10:07.472+0000] {logging_mixin.py:190} INFO - Dag name:dag_get_data_from_yf and current dag run status:running
[2026-03-16T15:10:07.473+0000] {taskinstance.py:740} INFO - ::endgroup::
[2026-03-16T15:10:07.482+0000] {logging_mixin.py:190} INFO - Ini csv_string_high:  None
[2026-03-16T15:10:07.483+0000] {python.py:240} INFO - Done. Returned value was: /opt/***/scripts/saham_indonesia_high.csv
[2026-03-16T15:10:07.608+0000] {taskinstance.py:349} INFO - ::group::Post task execution logs
[2026-03-16T15:10:07.609+0000] {taskinstance.py:361} INFO - Marking task as SUCCESS. dag_id=dag_get_data_from_yf, task_id=olhc_branching.get_csv_high, run_id=scheduled__2026-03-06T00:00:00+00:00, execution_date=20260306T000000, start_date=20260316T151006, end_date=20260316T151007
[2026-03-16T15:10:07.748+0000] {logging_mixin.py:190} INFO - Task instance in success state
[2026-03-16T15:10:07.749+0000] {logging_mixin.py:190} INFO -  Previous state of the Task instance: running
[2026-03-16T15:10:07.749+0000] {logging_mixin.py:190} INFO - Dag name:dag_get_data_from_yf queued_at:2026-03-16 15:04:44.126688+00:00
[2026-03-16T15:10:07.750+0000] {logging_mixin.py:190} INFO - Task hostname:82763a516181 operator:_PythonDecoratedOperator
[2026-03-16T15:10:07.802+0000] {local_task_job_runner.py:266} INFO - Task exited with return code 0
[2026-03-16T15:10:07.889+0000] {taskinstance.py:3924} INFO - 0 downstream tasks scheduled from follow-on schedule check
[2026-03-16T15:10:07.893+0000] {local_task_job_runner.py:245} INFO - ::endgroup::
