[2026-03-12T06:04:15.258+0000] {local_task_job_runner.py:123} INFO - ::group::Pre task execution logs
[2026-03-12T06:04:15.355+0000] {taskinstance.py:2631} INFO - Dependencies all met for dep_context=non-requeueable deps ti=<TaskInstance: dag_get_data_from_yf.get_data_from_yf manual__2026-03-12T05:58:35+00:00 [queued]>
[2026-03-12T06:04:15.382+0000] {taskinstance.py:2631} INFO - Dependencies all met for dep_context=requeueable deps ti=<TaskInstance: dag_get_data_from_yf.get_data_from_yf manual__2026-03-12T05:58:35+00:00 [queued]>
[2026-03-12T06:04:15.383+0000] {taskinstance.py:2884} INFO - Starting attempt 1 of 1
[2026-03-12T06:04:15.450+0000] {taskinstance.py:2907} INFO - Executing <Task(_PythonDecoratedOperator): get_data_from_yf> on 2026-03-12 05:58:35+00:00
[2026-03-12T06:04:15.491+0000] {warnings.py:112} WARNING - /home/***/.local/lib/python3.12/site-packages/***/task/task_runner/standard_task_runner.py:70: DeprecationWarning: This process (pid=1201) is multi-threaded, use of fork() may lead to deadlocks in the child.
  pid = os.fork()

[2026-03-12T06:04:15.499+0000] {standard_task_runner.py:72} INFO - Started process 1208 to run task
[2026-03-12T06:04:15.492+0000] {standard_task_runner.py:104} INFO - Running: ['***', 'tasks', 'run', 'dag_get_data_from_yf', 'get_data_from_yf', 'manual__2026-03-12T05:58:35+00:00', '--job-id', '11767', '--raw', '--subdir', 'DAGS_FOLDER/get_finance_yf_csv.py', '--cfg-path', '/tmp/tmpsbtowr39']
[2026-03-12T06:04:15.505+0000] {standard_task_runner.py:105} INFO - Job 11767: Subtask get_data_from_yf
[2026-03-12T06:04:16.438+0000] {task_command.py:467} INFO - Running <TaskInstance: dag_get_data_from_yf.get_data_from_yf manual__2026-03-12T05:58:35+00:00 [running]> on host 80e0d0cbfa54
[2026-03-12T06:04:17.311+0000] {taskinstance.py:3157} INFO - Exporting env vars: AIRFLOW_CTX_DAG_OWNER='***' AIRFLOW_CTX_DAG_ID='dag_get_data_from_yf' AIRFLOW_CTX_TASK_ID='get_data_from_yf' AIRFLOW_CTX_EXECUTION_DATE='2026-03-12T05:58:35+00:00' AIRFLOW_CTX_TRY_NUMBER='1' AIRFLOW_CTX_DAG_RUN_ID='manual__2026-03-12T05:58:35+00:00'
[2026-03-12T06:04:17.315+0000] {logging_mixin.py:190} INFO - Task instance is in running state
[2026-03-12T06:04:17.315+0000] {logging_mixin.py:190} INFO -  Previous state of the Task instance: queued
[2026-03-12T06:04:17.325+0000] {logging_mixin.py:190} INFO - Current task name:get_data_from_yf state:running start_date:2026-03-12 06:04:15.357602+00:00
[2026-03-12T06:04:17.325+0000] {logging_mixin.py:190} INFO - Dag name:dag_get_data_from_yf and current dag run status:running
[2026-03-12T06:04:17.326+0000] {taskinstance.py:740} INFO - ::endgroup::
[2026-03-12T06:04:17.328+0000] {logging_mixin.py:190} INFO - Ini tickers user: ptro, bren,cdia, tpia
[2026-03-12T06:04:17.328+0000] {logging_mixin.py:190} INFO - Ini start date user: 2026-02-01
[2026-03-12T06:04:17.329+0000] {logging_mixin.py:190} INFO - Ini end date user: 2026-03-02
[2026-03-12T06:04:19.522+0000] {logging_mixin.py:190} WARNING - [                       0%                       ]
[2026-03-12T06:04:19.587+0000] {logging_mixin.py:190} WARNING - [**********************50%                       ]  2 of 4 completed
[2026-03-12T06:04:19.630+0000] {logging_mixin.py:190} WARNING - [**********************75%***********            ]  3 of 4 completed
[2026-03-12T06:04:19.631+0000] {logging_mixin.py:190} WARNING - [*********************100%***********************]  4 of 4 completed
[2026-03-12T06:04:19.693+0000] {logging_mixin.py:190} INFO - None
[2026-03-12T06:04:19.694+0000] {python.py:240} INFO - Done. Returned value was: Price        Close                          ...    Open                        
Ticker     BREN.JK CDIA.JK PTRO.JK TPIA.JK  ... BREN.JK CDIA.JK PTRO.JK TPIA.JK
Date                                        ...                                
2026-02-02  8325.0  1000.0  6000.0  5900.0  ...  8550.0  1175.0  7075.0  6450.0
2026-02-03  8225.0  1075.0  6150.0  6525.0  ...  8200.0   950.0  5550.0  5775.0
2026-02-04  8200.0  1080.0  6100.0  6850.0  ...  8225.0  1090.0  6175.0  6425.0
2026-02-05  8250.0  1115.0  6125.0  7250.0  ...  8250.0  1070.0  6175.0  6900.0
2026-02-06  8025.0  1025.0  5725.0  7100.0  ...  8175.0  1090.0  5900.0  7200.0
2026-02-09  8050.0  1045.0  6025.0  7100.0  ...  8025.0  1010.0  5825.0  7125.0
2026-02-10  8000.0  1125.0  5975.0  7200.0  ...  8050.0  1050.0  5875.0  7100.0
2026-02-11  8300.0  1205.0  7125.0  7325.0  ...  8000.0  1140.0  6075.0  7200.0
2026-02-12  8200.0  1170.0  7325.0  7225.0  ...  8400.0  1205.0  7300.0  7375.0
2026-02-13  8000.0  1155.0  7450.0  7075.0  ...  8125.0  1165.0  7325.0  7225.0
2026-02-18  8225.0  1175.0  7575.0  6900.0  ...  8000.0  1135.0  7700.0  7075.0
2026-02-19  8100.0  1180.0  7325.0  6775.0  ...  8300.0  1220.0  7625.0  6975.0
2026-02-20  8050.0  1140.0  7075.0  6725.0  ...  8150.0  1180.0  7350.0  6775.0
2026-02-23  8075.0  1165.0  7125.0  7150.0  ...  8100.0  1155.0  7250.0  6800.0
2026-02-24  7950.0  1100.0  6650.0  7200.0  ...  8100.0  1170.0  7175.0  7200.0
2026-02-25  7775.0  1085.0  6775.0  6925.0  ...  8050.0  1100.0  6725.0  7150.0
2026-02-26  7850.0  1040.0  6300.0  6950.0  ...  7850.0  1100.0  6825.0  6975.0
2026-02-27  8225.0  1050.0  6125.0  6700.0  ...  7800.0  1035.0  6275.0  6900.0
2026-03-02  7775.0   985.0  6000.0  5975.0  ...  8050.0   990.0  5725.0  6525.0

[19 rows x 16 columns]
[2026-03-12T06:04:20.126+0000] {taskinstance.py:349} INFO - ::group::Post task execution logs
[2026-03-12T06:04:20.126+0000] {taskinstance.py:361} INFO - Marking task as SUCCESS. dag_id=dag_get_data_from_yf, task_id=get_data_from_yf, run_id=manual__2026-03-12T05:58:35+00:00, execution_date=20260312T055835, start_date=20260312T060415, end_date=20260312T060420
[2026-03-12T06:04:20.207+0000] {logging_mixin.py:190} INFO - Task instance in success state
[2026-03-12T06:04:20.208+0000] {logging_mixin.py:190} INFO -  Previous state of the Task instance: running
[2026-03-12T06:04:20.208+0000] {logging_mixin.py:190} INFO - Dag name:dag_get_data_from_yf queued_at:2026-03-12 06:04:01.961073+00:00
[2026-03-12T06:04:20.209+0000] {logging_mixin.py:190} INFO - Task hostname:80e0d0cbfa54 operator:_PythonDecoratedOperator
[2026-03-12T06:04:20.244+0000] {local_task_job_runner.py:266} INFO - Task exited with return code 0
[2026-03-12T06:04:20.360+0000] {taskinstance.py:3924} INFO - 4 downstream tasks scheduled from follow-on schedule check
[2026-03-12T06:04:20.364+0000] {local_task_job_runner.py:245} INFO - ::endgroup::
