[2026-03-17T07:52:56.816+0000] {local_task_job_runner.py:123} INFO - ::group::Pre task execution logs
[2026-03-17T07:52:56.895+0000] {taskinstance.py:2631} INFO - Dependencies all met for dep_context=non-requeueable deps ti=<TaskInstance: dag_get_data_from_yf.combine_csv manual__2026-03-17T07:33:03+00:00 [queued]>
[2026-03-17T07:52:56.923+0000] {taskinstance.py:2631} INFO - Dependencies all met for dep_context=requeueable deps ti=<TaskInstance: dag_get_data_from_yf.combine_csv manual__2026-03-17T07:33:03+00:00 [queued]>
[2026-03-17T07:52:56.924+0000] {taskinstance.py:2884} INFO - Starting attempt 2 of 2
[2026-03-17T07:52:56.956+0000] {taskinstance.py:2907} INFO - Executing <Task(_PythonDecoratedOperator): combine_csv> on 2026-03-17 07:33:03+00:00
[2026-03-17T07:52:56.976+0000] {warnings.py:112} WARNING - /home/***/.local/lib/python3.12/site-packages/***/task/task_runner/standard_task_runner.py:70: DeprecationWarning: This process (pid=1158) is multi-threaded, use of fork() may lead to deadlocks in the child.
  pid = os.fork()

[2026-03-17T07:52:56.980+0000] {standard_task_runner.py:72} INFO - Started process 1171 to run task
[2026-03-17T07:52:56.985+0000] {standard_task_runner.py:104} INFO - Running: ['***', 'tasks', 'run', 'dag_get_data_from_yf', 'combine_csv', 'manual__2026-03-17T07:33:03+00:00', '--job-id', '2022', '--raw', '--subdir', 'DAGS_FOLDER/get_finance_yf_csv.py', '--cfg-path', '/tmp/tmp604e1bhs']
[2026-03-17T07:52:56.987+0000] {standard_task_runner.py:105} INFO - Job 2022: Subtask combine_csv
[2026-03-17T07:52:57.160+0000] {task_command.py:467} INFO - Running <TaskInstance: dag_get_data_from_yf.combine_csv manual__2026-03-17T07:33:03+00:00 [running]> on host e9ef5a9cb8d3
[2026-03-17T07:52:57.589+0000] {taskinstance.py:3157} INFO - Exporting env vars: AIRFLOW_CTX_DAG_OWNER='***' AIRFLOW_CTX_DAG_ID='dag_get_data_from_yf' AIRFLOW_CTX_TASK_ID='combine_csv' AIRFLOW_CTX_EXECUTION_DATE='2026-03-17T07:33:03+00:00' AIRFLOW_CTX_TRY_NUMBER='2' AIRFLOW_CTX_DAG_RUN_ID='manual__2026-03-17T07:33:03+00:00'
[2026-03-17T07:52:57.592+0000] {logging_mixin.py:190} INFO - Task instance is in running state
[2026-03-17T07:52:57.593+0000] {logging_mixin.py:190} INFO -  Previous state of the Task instance: queued
[2026-03-17T07:52:57.594+0000] {logging_mixin.py:190} INFO - Current task name:combine_csv state:running start_date:2026-03-17 07:52:56.896587+00:00
[2026-03-17T07:52:57.595+0000] {logging_mixin.py:190} INFO - Dag name:dag_get_data_from_yf and current dag run status:running
[2026-03-17T07:52:57.595+0000] {taskinstance.py:740} INFO - ::endgroup::
[2026-03-17T07:52:57.717+0000] {logging_mixin.py:190} INFO - Berhasil menggabungkan data ke /opt/***/scripts/saham_indonesia_all.csv
[2026-03-17T07:52:57.719+0000] {python.py:240} INFO - Done. Returned value was: /opt/***/scripts/saham_indonesia_all.csv
[2026-03-17T07:52:57.832+0000] {taskinstance.py:349} INFO - ::group::Post task execution logs
[2026-03-17T07:52:57.834+0000] {taskinstance.py:361} INFO - Marking task as SUCCESS. dag_id=dag_get_data_from_yf, task_id=combine_csv, run_id=manual__2026-03-17T07:33:03+00:00, execution_date=20260317T073303, start_date=20260317T075256, end_date=20260317T075257
[2026-03-17T07:52:57.959+0000] {logging_mixin.py:190} INFO - Task instance in success state
[2026-03-17T07:52:57.960+0000] {logging_mixin.py:190} INFO -  Previous state of the Task instance: running
[2026-03-17T07:52:57.961+0000] {logging_mixin.py:190} INFO - Dag name:dag_get_data_from_yf queued_at:2026-03-17 07:52:05.370925+00:00
[2026-03-17T07:52:57.962+0000] {logging_mixin.py:190} INFO - Task hostname:e9ef5a9cb8d3 operator:_PythonDecoratedOperator
[2026-03-17T07:52:58.001+0000] {local_task_job_runner.py:266} INFO - Task exited with return code 0
[2026-03-17T07:52:58.100+0000] {taskinstance.py:3924} INFO - 1 downstream tasks scheduled from follow-on schedule check
[2026-03-17T07:52:58.104+0000] {local_task_job_runner.py:245} INFO - ::endgroup::
