[2026-03-14T03:17:54.000+0000] {local_task_job_runner.py:123} INFO - ::group::Pre task execution logs
[2026-03-14T03:17:54.116+0000] {taskinstance.py:2631} INFO - Dependencies all met for dep_context=non-requeueable deps ti=<TaskInstance: dag_get_data_from_yf.olhc_branching.get_csv_close scheduled__2026-03-13T00:00:00+00:00 [queued]>
[2026-03-14T03:17:54.140+0000] {taskinstance.py:2631} INFO - Dependencies all met for dep_context=requeueable deps ti=<TaskInstance: dag_get_data_from_yf.olhc_branching.get_csv_close scheduled__2026-03-13T00:00:00+00:00 [queued]>
[2026-03-14T03:17:54.141+0000] {taskinstance.py:2884} INFO - Starting attempt 1 of 1
[2026-03-14T03:17:54.191+0000] {taskinstance.py:2907} INFO - Executing <Task(_PythonDecoratedOperator): olhc_branching.get_csv_close> on 2026-03-13 00:00:00+00:00
[2026-03-14T03:17:54.209+0000] {warnings.py:112} WARNING - /home/***/.local/lib/python3.12/site-packages/***/task/task_runner/standard_task_runner.py:70: DeprecationWarning: This process (pid=136) is multi-threaded, use of fork() may lead to deadlocks in the child.
  pid = os.fork()

[2026-03-14T03:17:54.213+0000] {standard_task_runner.py:72} INFO - Started process 151 to run task
[2026-03-14T03:17:54.223+0000] {standard_task_runner.py:104} INFO - Running: ['***', 'tasks', 'run', 'dag_get_data_from_yf', 'olhc_branching.get_csv_close', 'scheduled__2026-03-13T00:00:00+00:00', '--job-id', '13780', '--raw', '--subdir', 'DAGS_FOLDER/get_finance_yf_csv.py', '--cfg-path', '/tmp/tmposfq_9ab']
[2026-03-14T03:17:54.230+0000] {standard_task_runner.py:105} INFO - Job 13780: Subtask olhc_branching.get_csv_close
[2026-03-14T03:17:54.631+0000] {task_command.py:467} INFO - Running <TaskInstance: dag_get_data_from_yf.olhc_branching.get_csv_close scheduled__2026-03-13T00:00:00+00:00 [running]> on host 836382e6e953
[2026-03-14T03:17:55.458+0000] {taskinstance.py:3157} INFO - Exporting env vars: AIRFLOW_CTX_DAG_OWNER='***' AIRFLOW_CTX_DAG_ID='dag_get_data_from_yf' AIRFLOW_CTX_TASK_ID='olhc_branching.get_csv_close' AIRFLOW_CTX_EXECUTION_DATE='2026-03-13T00:00:00+00:00' AIRFLOW_CTX_TRY_NUMBER='1' AIRFLOW_CTX_DAG_RUN_ID='scheduled__2026-03-13T00:00:00+00:00'
[2026-03-14T03:17:55.461+0000] {logging_mixin.py:190} INFO - Task instance is in running state
[2026-03-14T03:17:55.462+0000] {logging_mixin.py:190} INFO -  Previous state of the Task instance: queued
[2026-03-14T03:17:55.466+0000] {logging_mixin.py:190} INFO - Current task name:olhc_branching.get_csv_close state:running start_date:2026-03-14 03:17:54.117607+00:00
[2026-03-14T03:17:55.467+0000] {logging_mixin.py:190} INFO - Dag name:dag_get_data_from_yf and current dag run status:running
[2026-03-14T03:17:55.469+0000] {taskinstance.py:740} INFO - ::endgroup::
[2026-03-14T03:17:55.487+0000] {logging_mixin.py:190} INFO - None
[2026-03-14T03:17:55.488+0000] {python.py:240} INFO - Done. Returned value was: /opt/***/scripts/saham_indonesia_close.csv
[2026-03-14T03:17:55.586+0000] {taskinstance.py:349} INFO - ::group::Post task execution logs
[2026-03-14T03:17:55.587+0000] {taskinstance.py:361} INFO - Marking task as SUCCESS. dag_id=dag_get_data_from_yf, task_id=olhc_branching.get_csv_close, run_id=scheduled__2026-03-13T00:00:00+00:00, execution_date=20260313T000000, start_date=20260314T031754, end_date=20260314T031755
[2026-03-14T03:17:55.688+0000] {logging_mixin.py:190} INFO - Task instance in success state
[2026-03-14T03:17:55.689+0000] {logging_mixin.py:190} INFO -  Previous state of the Task instance: running
[2026-03-14T03:17:55.691+0000] {logging_mixin.py:190} INFO - Dag name:dag_get_data_from_yf queued_at:2026-03-14 03:17:08.569367+00:00
[2026-03-14T03:17:55.691+0000] {logging_mixin.py:190} INFO - Task hostname:836382e6e953 operator:_PythonDecoratedOperator
[2026-03-14T03:17:55.741+0000] {local_task_job_runner.py:266} INFO - Task exited with return code 0
[2026-03-14T03:17:55.816+0000] {taskinstance.py:3924} INFO - 0 downstream tasks scheduled from follow-on schedule check
[2026-03-14T03:17:55.823+0000] {local_task_job_runner.py:245} INFO - ::endgroup::
[2026-03-15T09:14:37.048+0000] {local_task_job_runner.py:123} INFO - ::group::Pre task execution logs
[2026-03-15T09:14:37.220+0000] {taskinstance.py:2631} INFO - Dependencies all met for dep_context=non-requeueable deps ti=<TaskInstance: dag_get_data_from_yf.olhc_branching.get_csv_close scheduled__2026-03-13T00:00:00+00:00 [queued]>
[2026-03-15T09:14:37.256+0000] {taskinstance.py:2631} INFO - Dependencies all met for dep_context=requeueable deps ti=<TaskInstance: dag_get_data_from_yf.olhc_branching.get_csv_close scheduled__2026-03-13T00:00:00+00:00 [queued]>
[2026-03-15T09:14:37.257+0000] {taskinstance.py:2884} INFO - Starting attempt 1 of 1
[2026-03-15T09:14:37.310+0000] {taskinstance.py:2907} INFO - Executing <Task(_PythonDecoratedOperator): olhc_branching.get_csv_close> on 2026-03-13 00:00:00+00:00
[2026-03-15T09:14:37.341+0000] {warnings.py:112} WARNING - /home/***/.local/lib/python3.12/site-packages/***/task/task_runner/standard_task_runner.py:70: DeprecationWarning: This process (pid=1578) is multi-threaded, use of fork() may lead to deadlocks in the child.
  pid = os.fork()

[2026-03-15T09:14:37.345+0000] {standard_task_runner.py:72} INFO - Started process 1795 to run task
[2026-03-15T09:14:37.361+0000] {standard_task_runner.py:104} INFO - Running: ['***', 'tasks', 'run', 'dag_get_data_from_yf', 'olhc_branching.get_csv_close', 'scheduled__2026-03-13T00:00:00+00:00', '--job-id', '14962', '--raw', '--subdir', 'DAGS_FOLDER/get_finance_yf_csv.py', '--cfg-path', '/tmp/tmpmas7a2gf']
[2026-03-15T09:14:37.399+0000] {standard_task_runner.py:105} INFO - Job 14962: Subtask olhc_branching.get_csv_close
[2026-03-15T09:14:37.882+0000] {task_command.py:467} INFO - Running <TaskInstance: dag_get_data_from_yf.olhc_branching.get_csv_close scheduled__2026-03-13T00:00:00+00:00 [running]> on host 547c214a0f76
[2026-03-15T09:14:38.582+0000] {taskinstance.py:3157} INFO - Exporting env vars: AIRFLOW_CTX_DAG_OWNER='***' AIRFLOW_CTX_DAG_ID='dag_get_data_from_yf' AIRFLOW_CTX_TASK_ID='olhc_branching.get_csv_close' AIRFLOW_CTX_EXECUTION_DATE='2026-03-13T00:00:00+00:00' AIRFLOW_CTX_TRY_NUMBER='1' AIRFLOW_CTX_DAG_RUN_ID='scheduled__2026-03-13T00:00:00+00:00'
[2026-03-15T09:14:38.599+0000] {logging_mixin.py:190} INFO - Task instance is in running state
[2026-03-15T09:14:38.600+0000] {logging_mixin.py:190} INFO -  Previous state of the Task instance: queued
[2026-03-15T09:14:38.600+0000] {logging_mixin.py:190} INFO - Current task name:olhc_branching.get_csv_close state:running start_date:2026-03-15 09:14:37.221746+00:00
[2026-03-15T09:14:38.601+0000] {logging_mixin.py:190} INFO - Dag name:dag_get_data_from_yf and current dag run status:running
[2026-03-15T09:14:38.601+0000] {taskinstance.py:740} INFO - ::endgroup::
[2026-03-15T09:14:38.645+0000] {logging_mixin.py:190} INFO - None
[2026-03-15T09:14:38.646+0000] {python.py:240} INFO - Done. Returned value was: /opt/***/scripts/saham_indonesia_close.csv
[2026-03-15T09:14:38.788+0000] {taskinstance.py:349} INFO - ::group::Post task execution logs
[2026-03-15T09:14:38.789+0000] {taskinstance.py:361} INFO - Marking task as SUCCESS. dag_id=dag_get_data_from_yf, task_id=olhc_branching.get_csv_close, run_id=scheduled__2026-03-13T00:00:00+00:00, execution_date=20260313T000000, start_date=20260315T091437, end_date=20260315T091438
[2026-03-15T09:14:38.957+0000] {logging_mixin.py:190} INFO - Task instance in success state
[2026-03-15T09:14:38.958+0000] {logging_mixin.py:190} INFO -  Previous state of the Task instance: running
[2026-03-15T09:14:38.959+0000] {logging_mixin.py:190} INFO - Dag name:dag_get_data_from_yf queued_at:2026-03-15 09:07:51.530061+00:00
[2026-03-15T09:14:38.959+0000] {logging_mixin.py:190} INFO - Task hostname:547c214a0f76 operator:_PythonDecoratedOperator
[2026-03-15T09:14:39.022+0000] {local_task_job_runner.py:266} INFO - Task exited with return code 0
[2026-03-15T09:14:39.138+0000] {taskinstance.py:3924} INFO - 1 downstream tasks scheduled from follow-on schedule check
[2026-03-15T09:14:39.145+0000] {local_task_job_runner.py:245} INFO - ::endgroup::
[2026-03-15T09:53:07.232+0000] {local_task_job_runner.py:123} INFO - ::group::Pre task execution logs
[2026-03-15T09:53:07.317+0000] {taskinstance.py:2631} INFO - Dependencies all met for dep_context=non-requeueable deps ti=<TaskInstance: dag_get_data_from_yf.olhc_branching.get_csv_close scheduled__2026-03-13T00:00:00+00:00 [queued]>
[2026-03-15T09:53:07.404+0000] {taskinstance.py:2631} INFO - Dependencies all met for dep_context=requeueable deps ti=<TaskInstance: dag_get_data_from_yf.olhc_branching.get_csv_close scheduled__2026-03-13T00:00:00+00:00 [queued]>
[2026-03-15T09:53:07.406+0000] {taskinstance.py:2884} INFO - Starting attempt 1 of 1
[2026-03-15T09:53:07.971+0000] {taskinstance.py:2907} INFO - Executing <Task(_PythonDecoratedOperator): olhc_branching.get_csv_close> on 2026-03-13 00:00:00+00:00
[2026-03-15T09:53:08.021+0000] {warnings.py:112} WARNING - /home/***/.local/lib/python3.12/site-packages/***/task/task_runner/standard_task_runner.py:70: DeprecationWarning: This process (pid=939) is multi-threaded, use of fork() may lead to deadlocks in the child.
  pid = os.fork()

[2026-03-15T09:53:08.024+0000] {standard_task_runner.py:72} INFO - Started process 977 to run task
[2026-03-15T09:53:08.038+0000] {standard_task_runner.py:104} INFO - Running: ['***', 'tasks', 'run', 'dag_get_data_from_yf', 'olhc_branching.get_csv_close', 'scheduled__2026-03-13T00:00:00+00:00', '--job-id', '70', '--raw', '--subdir', 'DAGS_FOLDER/get_finance_yf_csv.py', '--cfg-path', '/tmp/tmpz_hjjvt5']
[2026-03-15T09:53:08.040+0000] {standard_task_runner.py:105} INFO - Job 70: Subtask olhc_branching.get_csv_close
[2026-03-15T09:53:08.290+0000] {task_command.py:467} INFO - Running <TaskInstance: dag_get_data_from_yf.olhc_branching.get_csv_close scheduled__2026-03-13T00:00:00+00:00 [running]> on host 8c556da65e50
[2026-03-15T09:53:08.808+0000] {taskinstance.py:3157} INFO - Exporting env vars: AIRFLOW_CTX_DAG_OWNER='***' AIRFLOW_CTX_DAG_ID='dag_get_data_from_yf' AIRFLOW_CTX_TASK_ID='olhc_branching.get_csv_close' AIRFLOW_CTX_EXECUTION_DATE='2026-03-13T00:00:00+00:00' AIRFLOW_CTX_TRY_NUMBER='1' AIRFLOW_CTX_DAG_RUN_ID='scheduled__2026-03-13T00:00:00+00:00'
[2026-03-15T09:53:08.810+0000] {logging_mixin.py:190} INFO - Task instance is in running state
[2026-03-15T09:53:08.815+0000] {logging_mixin.py:190} INFO -  Previous state of the Task instance: queued
[2026-03-15T09:53:08.821+0000] {logging_mixin.py:190} INFO - Current task name:olhc_branching.get_csv_close state:running start_date:2026-03-15 09:53:07.318033+00:00
[2026-03-15T09:53:08.822+0000] {logging_mixin.py:190} INFO - Dag name:dag_get_data_from_yf and current dag run status:running
[2026-03-15T09:53:08.823+0000] {taskinstance.py:740} INFO - ::endgroup::
[2026-03-15T09:53:08.866+0000] {logging_mixin.py:190} INFO - None
[2026-03-15T09:53:08.868+0000] {python.py:240} INFO - Done. Returned value was: /opt/***/scripts/saham_indonesia_close.csv
[2026-03-15T09:53:09.026+0000] {taskinstance.py:349} INFO - ::group::Post task execution logs
[2026-03-15T09:53:09.027+0000] {taskinstance.py:361} INFO - Marking task as SUCCESS. dag_id=dag_get_data_from_yf, task_id=olhc_branching.get_csv_close, run_id=scheduled__2026-03-13T00:00:00+00:00, execution_date=20260313T000000, start_date=20260315T095307, end_date=20260315T095309
[2026-03-15T09:53:09.169+0000] {logging_mixin.py:190} INFO - Task instance in success state
[2026-03-15T09:53:09.170+0000] {logging_mixin.py:190} INFO -  Previous state of the Task instance: running
[2026-03-15T09:53:09.173+0000] {logging_mixin.py:190} INFO - Dag name:dag_get_data_from_yf queued_at:2026-03-15 09:40:38.575751+00:00
[2026-03-15T09:53:09.175+0000] {logging_mixin.py:190} INFO - Task hostname:8c556da65e50 operator:_PythonDecoratedOperator
[2026-03-15T09:53:09.240+0000] {local_task_job_runner.py:266} INFO - Task exited with return code 0
[2026-03-15T09:53:09.322+0000] {taskinstance.py:3924} INFO - 0 downstream tasks scheduled from follow-on schedule check
[2026-03-15T09:53:09.340+0000] {local_task_job_runner.py:245} INFO - ::endgroup::
[2026-03-15T11:39:09.172+0000] {local_task_job_runner.py:123} INFO - ::group::Pre task execution logs
[2026-03-15T11:39:09.448+0000] {taskinstance.py:2631} INFO - Dependencies all met for dep_context=non-requeueable deps ti=<TaskInstance: dag_get_data_from_yf.olhc_branching.get_csv_close scheduled__2026-03-13T00:00:00+00:00 [queued]>
[2026-03-15T11:39:09.511+0000] {taskinstance.py:2631} INFO - Dependencies all met for dep_context=requeueable deps ti=<TaskInstance: dag_get_data_from_yf.olhc_branching.get_csv_close scheduled__2026-03-13T00:00:00+00:00 [queued]>
[2026-03-15T11:39:09.512+0000] {taskinstance.py:2884} INFO - Starting attempt 1 of 1
[2026-03-15T11:39:09.556+0000] {taskinstance.py:2907} INFO - Executing <Task(_PythonDecoratedOperator): olhc_branching.get_csv_close> on 2026-03-13 00:00:00+00:00
[2026-03-15T11:39:09.622+0000] {warnings.py:112} WARNING - /home/***/.local/lib/python3.12/site-packages/***/task/task_runner/standard_task_runner.py:70: DeprecationWarning: This process (pid=854) is multi-threaded, use of fork() may lead to deadlocks in the child.
  pid = os.fork()

[2026-03-15T11:39:09.627+0000] {standard_task_runner.py:72} INFO - Started process 1030 to run task
[2026-03-15T11:39:09.677+0000] {standard_task_runner.py:104} INFO - Running: ['***', 'tasks', 'run', 'dag_get_data_from_yf', 'olhc_branching.get_csv_close', 'scheduled__2026-03-13T00:00:00+00:00', '--job-id', '60', '--raw', '--subdir', 'DAGS_FOLDER/get_finance_yf_csv.py', '--cfg-path', '/tmp/tmpc2wyc68n']
[2026-03-15T11:39:09.714+0000] {standard_task_runner.py:105} INFO - Job 60: Subtask olhc_branching.get_csv_close
[2026-03-15T11:39:10.092+0000] {task_command.py:467} INFO - Running <TaskInstance: dag_get_data_from_yf.olhc_branching.get_csv_close scheduled__2026-03-13T00:00:00+00:00 [running]> on host 0682dd67c20c
[2026-03-15T11:39:10.780+0000] {taskinstance.py:3157} INFO - Exporting env vars: AIRFLOW_CTX_DAG_OWNER='***' AIRFLOW_CTX_DAG_ID='dag_get_data_from_yf' AIRFLOW_CTX_TASK_ID='olhc_branching.get_csv_close' AIRFLOW_CTX_EXECUTION_DATE='2026-03-13T00:00:00+00:00' AIRFLOW_CTX_TRY_NUMBER='1' AIRFLOW_CTX_DAG_RUN_ID='scheduled__2026-03-13T00:00:00+00:00'
[2026-03-15T11:39:10.790+0000] {logging_mixin.py:190} INFO - Task instance is in running state
[2026-03-15T11:39:10.791+0000] {logging_mixin.py:190} INFO -  Previous state of the Task instance: queued
[2026-03-15T11:39:10.792+0000] {logging_mixin.py:190} INFO - Current task name:olhc_branching.get_csv_close state:running start_date:2026-03-15 11:39:09.450093+00:00
[2026-03-15T11:39:10.793+0000] {logging_mixin.py:190} INFO - Dag name:dag_get_data_from_yf and current dag run status:running
[2026-03-15T11:39:10.794+0000] {taskinstance.py:740} INFO - ::endgroup::
[2026-03-15T11:39:10.814+0000] {logging_mixin.py:190} INFO - None
[2026-03-15T11:39:10.815+0000] {python.py:240} INFO - Done. Returned value was: /opt/***/scripts/saham_indonesia_close.csv
[2026-03-15T11:39:11.038+0000] {taskinstance.py:349} INFO - ::group::Post task execution logs
[2026-03-15T11:39:11.039+0000] {taskinstance.py:361} INFO - Marking task as SUCCESS. dag_id=dag_get_data_from_yf, task_id=olhc_branching.get_csv_close, run_id=scheduled__2026-03-13T00:00:00+00:00, execution_date=20260313T000000, start_date=20260315T113909, end_date=20260315T113911
[2026-03-15T11:39:11.229+0000] {logging_mixin.py:190} INFO - Task instance in success state
[2026-03-15T11:39:11.232+0000] {logging_mixin.py:190} INFO -  Previous state of the Task instance: running
[2026-03-15T11:39:11.233+0000] {logging_mixin.py:190} INFO - Dag name:dag_get_data_from_yf queued_at:2026-03-15 11:31:40.833553+00:00
[2026-03-15T11:39:11.235+0000] {logging_mixin.py:190} INFO - Task hostname:0682dd67c20c operator:_PythonDecoratedOperator
[2026-03-15T11:39:11.290+0000] {local_task_job_runner.py:266} INFO - Task exited with return code 0
[2026-03-15T11:39:11.450+0000] {taskinstance.py:3924} INFO - 1 downstream tasks scheduled from follow-on schedule check
[2026-03-15T11:39:11.484+0000] {local_task_job_runner.py:245} INFO - ::endgroup::
[2026-03-15T12:01:55.427+0000] {local_task_job_runner.py:123} INFO - ::group::Pre task execution logs
[2026-03-15T12:01:55.565+0000] {taskinstance.py:2631} INFO - Dependencies all met for dep_context=non-requeueable deps ti=<TaskInstance: dag_get_data_from_yf.olhc_branching.get_csv_close scheduled__2026-03-13T00:00:00+00:00 [queued]>
[2026-03-15T12:01:55.628+0000] {taskinstance.py:2631} INFO - Dependencies all met for dep_context=requeueable deps ti=<TaskInstance: dag_get_data_from_yf.olhc_branching.get_csv_close scheduled__2026-03-13T00:00:00+00:00 [queued]>
[2026-03-15T12:01:55.632+0000] {taskinstance.py:2884} INFO - Starting attempt 1 of 1
[2026-03-15T12:01:55.720+0000] {taskinstance.py:2907} INFO - Executing <Task(_PythonDecoratedOperator): olhc_branching.get_csv_close> on 2026-03-13 00:00:00+00:00
[2026-03-15T12:01:55.751+0000] {warnings.py:112} WARNING - /home/***/.local/lib/python3.12/site-packages/***/task/task_runner/standard_task_runner.py:70: DeprecationWarning: This process (pid=1878) is multi-threaded, use of fork() may lead to deadlocks in the child.
  pid = os.fork()

[2026-03-15T12:01:55.755+0000] {standard_task_runner.py:72} INFO - Started process 2050 to run task
[2026-03-15T12:01:55.782+0000] {standard_task_runner.py:104} INFO - Running: ['***', 'tasks', 'run', 'dag_get_data_from_yf', 'olhc_branching.get_csv_close', 'scheduled__2026-03-13T00:00:00+00:00', '--job-id', '146', '--raw', '--subdir', 'DAGS_FOLDER/get_finance_yf_csv.py', '--cfg-path', '/tmp/tmp0eshpgo8']
[2026-03-15T12:01:55.785+0000] {standard_task_runner.py:105} INFO - Job 146: Subtask olhc_branching.get_csv_close
[2026-03-15T12:01:56.042+0000] {task_command.py:467} INFO - Running <TaskInstance: dag_get_data_from_yf.olhc_branching.get_csv_close scheduled__2026-03-13T00:00:00+00:00 [running]> on host 0682dd67c20c
[2026-03-15T12:01:56.804+0000] {taskinstance.py:3157} INFO - Exporting env vars: AIRFLOW_CTX_DAG_OWNER='***' AIRFLOW_CTX_DAG_ID='dag_get_data_from_yf' AIRFLOW_CTX_TASK_ID='olhc_branching.get_csv_close' AIRFLOW_CTX_EXECUTION_DATE='2026-03-13T00:00:00+00:00' AIRFLOW_CTX_TRY_NUMBER='1' AIRFLOW_CTX_DAG_RUN_ID='scheduled__2026-03-13T00:00:00+00:00'
[2026-03-15T12:01:56.807+0000] {logging_mixin.py:190} INFO - Task instance is in running state
[2026-03-15T12:01:56.807+0000] {logging_mixin.py:190} INFO -  Previous state of the Task instance: queued
[2026-03-15T12:01:56.820+0000] {logging_mixin.py:190} INFO - Current task name:olhc_branching.get_csv_close state:running start_date:2026-03-15 12:01:55.566275+00:00
[2026-03-15T12:01:56.821+0000] {logging_mixin.py:190} INFO - Dag name:dag_get_data_from_yf and current dag run status:running
[2026-03-15T12:01:56.823+0000] {taskinstance.py:740} INFO - ::endgroup::
[2026-03-15T12:01:56.847+0000] {logging_mixin.py:190} INFO - None
[2026-03-15T12:01:56.848+0000] {python.py:240} INFO - Done. Returned value was: /opt/***/scripts/saham_indonesia_close.csv
[2026-03-15T12:01:56.999+0000] {taskinstance.py:349} INFO - ::group::Post task execution logs
[2026-03-15T12:01:57.002+0000] {taskinstance.py:361} INFO - Marking task as SUCCESS. dag_id=dag_get_data_from_yf, task_id=olhc_branching.get_csv_close, run_id=scheduled__2026-03-13T00:00:00+00:00, execution_date=20260313T000000, start_date=20260315T120155, end_date=20260315T120157
[2026-03-15T12:01:57.149+0000] {logging_mixin.py:190} INFO - Task instance in success state
[2026-03-15T12:01:57.150+0000] {logging_mixin.py:190} INFO -  Previous state of the Task instance: running
[2026-03-15T12:01:57.151+0000] {logging_mixin.py:190} INFO - Dag name:dag_get_data_from_yf queued_at:2026-03-15 11:58:20.435839+00:00
[2026-03-15T12:01:57.157+0000] {logging_mixin.py:190} INFO - Task hostname:0682dd67c20c operator:_PythonDecoratedOperator
[2026-03-15T12:01:57.290+0000] {local_task_job_runner.py:266} INFO - Task exited with return code 0
[2026-03-15T12:01:57.593+0000] {taskinstance.py:3924} INFO - 0 downstream tasks scheduled from follow-on schedule check
[2026-03-15T12:01:57.606+0000] {local_task_job_runner.py:245} INFO - ::endgroup::
[2026-03-15T12:13:39.138+0000] {local_task_job_runner.py:123} INFO - ::group::Pre task execution logs
[2026-03-15T12:13:39.342+0000] {taskinstance.py:2631} INFO - Dependencies all met for dep_context=non-requeueable deps ti=<TaskInstance: dag_get_data_from_yf.olhc_branching.get_csv_close scheduled__2026-03-13T00:00:00+00:00 [queued]>
[2026-03-15T12:13:39.482+0000] {taskinstance.py:2631} INFO - Dependencies all met for dep_context=requeueable deps ti=<TaskInstance: dag_get_data_from_yf.olhc_branching.get_csv_close scheduled__2026-03-13T00:00:00+00:00 [queued]>
[2026-03-15T12:13:39.483+0000] {taskinstance.py:2884} INFO - Starting attempt 1 of 1
[2026-03-15T12:13:39.708+0000] {taskinstance.py:2907} INFO - Executing <Task(_PythonDecoratedOperator): olhc_branching.get_csv_close> on 2026-03-13 00:00:00+00:00
[2026-03-15T12:13:39.754+0000] {warnings.py:112} WARNING - /home/***/.local/lib/python3.12/site-packages/***/task/task_runner/standard_task_runner.py:70: DeprecationWarning: This process (pid=2887) is multi-threaded, use of fork() may lead to deadlocks in the child.
  pid = os.fork()

[2026-03-15T12:13:39.759+0000] {standard_task_runner.py:72} INFO - Started process 3124 to run task
[2026-03-15T12:13:39.767+0000] {standard_task_runner.py:104} INFO - Running: ['***', 'tasks', 'run', 'dag_get_data_from_yf', 'olhc_branching.get_csv_close', 'scheduled__2026-03-13T00:00:00+00:00', '--job-id', '237', '--raw', '--subdir', 'DAGS_FOLDER/get_finance_yf_csv.py', '--cfg-path', '/tmp/tmp3ka6sltq']
[2026-03-15T12:13:39.812+0000] {standard_task_runner.py:105} INFO - Job 237: Subtask olhc_branching.get_csv_close
[2026-03-15T12:13:40.286+0000] {task_command.py:467} INFO - Running <TaskInstance: dag_get_data_from_yf.olhc_branching.get_csv_close scheduled__2026-03-13T00:00:00+00:00 [running]> on host 0682dd67c20c
[2026-03-15T12:13:41.330+0000] {taskinstance.py:3157} INFO - Exporting env vars: AIRFLOW_CTX_DAG_OWNER='***' AIRFLOW_CTX_DAG_ID='dag_get_data_from_yf' AIRFLOW_CTX_TASK_ID='olhc_branching.get_csv_close' AIRFLOW_CTX_EXECUTION_DATE='2026-03-13T00:00:00+00:00' AIRFLOW_CTX_TRY_NUMBER='1' AIRFLOW_CTX_DAG_RUN_ID='scheduled__2026-03-13T00:00:00+00:00'
[2026-03-15T12:13:41.333+0000] {logging_mixin.py:190} INFO - Task instance is in running state
[2026-03-15T12:13:41.333+0000] {logging_mixin.py:190} INFO -  Previous state of the Task instance: queued
[2026-03-15T12:13:41.335+0000] {logging_mixin.py:190} INFO - Current task name:olhc_branching.get_csv_close state:running start_date:2026-03-15 12:13:39.344241+00:00
[2026-03-15T12:13:41.349+0000] {logging_mixin.py:190} INFO - Dag name:dag_get_data_from_yf and current dag run status:running
[2026-03-15T12:13:41.358+0000] {taskinstance.py:740} INFO - ::endgroup::
[2026-03-15T12:13:41.379+0000] {logging_mixin.py:190} INFO - None
[2026-03-15T12:13:41.395+0000] {python.py:240} INFO - Done. Returned value was: /opt/***/scripts/saham_indonesia_close.csv
[2026-03-15T12:13:41.523+0000] {taskinstance.py:349} INFO - ::group::Post task execution logs
[2026-03-15T12:13:41.524+0000] {taskinstance.py:361} INFO - Marking task as SUCCESS. dag_id=dag_get_data_from_yf, task_id=olhc_branching.get_csv_close, run_id=scheduled__2026-03-13T00:00:00+00:00, execution_date=20260313T000000, start_date=20260315T121339, end_date=20260315T121341
[2026-03-15T12:13:41.834+0000] {logging_mixin.py:190} INFO - Task instance in success state
[2026-03-15T12:13:41.836+0000] {logging_mixin.py:190} INFO -  Previous state of the Task instance: running
[2026-03-15T12:13:41.837+0000] {logging_mixin.py:190} INFO - Dag name:dag_get_data_from_yf queued_at:2026-03-15 12:05:22.001783+00:00
[2026-03-15T12:13:41.837+0000] {logging_mixin.py:190} INFO - Task hostname:0682dd67c20c operator:_PythonDecoratedOperator
[2026-03-15T12:13:41.889+0000] {local_task_job_runner.py:266} INFO - Task exited with return code 0
[2026-03-15T12:13:42.138+0000] {taskinstance.py:3924} INFO - 1 downstream tasks scheduled from follow-on schedule check
[2026-03-15T12:13:42.147+0000] {local_task_job_runner.py:245} INFO - ::endgroup::
[2026-03-15T14:59:05.577+0000] {local_task_job_runner.py:123} INFO - ::group::Pre task execution logs
[2026-03-15T14:59:05.938+0000] {taskinstance.py:2631} INFO - Dependencies all met for dep_context=non-requeueable deps ti=<TaskInstance: dag_get_data_from_yf.olhc_branching.get_csv_close scheduled__2026-03-13T00:00:00+00:00 [queued]>
[2026-03-15T14:59:05.997+0000] {taskinstance.py:2631} INFO - Dependencies all met for dep_context=requeueable deps ti=<TaskInstance: dag_get_data_from_yf.olhc_branching.get_csv_close scheduled__2026-03-13T00:00:00+00:00 [queued]>
[2026-03-15T14:59:05.999+0000] {taskinstance.py:2884} INFO - Starting attempt 1 of 1
[2026-03-15T14:59:06.066+0000] {taskinstance.py:2907} INFO - Executing <Task(_PythonDecoratedOperator): olhc_branching.get_csv_close> on 2026-03-13 00:00:00+00:00
[2026-03-15T14:59:06.138+0000] {standard_task_runner.py:104} INFO - Running: ['***', 'tasks', 'run', 'dag_get_data_from_yf', 'olhc_branching.get_csv_close', 'scheduled__2026-03-13T00:00:00+00:00', '--job-id', '345', '--raw', '--subdir', 'DAGS_FOLDER/get_finance_yf_csv.py', '--cfg-path', '/tmp/tmpv4cp0k4k']
[2026-03-15T14:59:06.151+0000] {standard_task_runner.py:105} INFO - Job 345: Subtask olhc_branching.get_csv_close
[2026-03-15T14:59:06.155+0000] {warnings.py:112} WARNING - /home/***/.local/lib/python3.12/site-packages/***/task/task_runner/standard_task_runner.py:70: DeprecationWarning: This process (pid=4172) is multi-threaded, use of fork() may lead to deadlocks in the child.
  pid = os.fork()

[2026-03-15T14:59:06.167+0000] {standard_task_runner.py:72} INFO - Started process 4374 to run task
[2026-03-15T14:59:06.601+0000] {task_command.py:467} INFO - Running <TaskInstance: dag_get_data_from_yf.olhc_branching.get_csv_close scheduled__2026-03-13T00:00:00+00:00 [running]> on host 0682dd67c20c
[2026-03-15T14:59:09.676+0000] {taskinstance.py:3157} INFO - Exporting env vars: AIRFLOW_CTX_DAG_OWNER='***' AIRFLOW_CTX_DAG_ID='dag_get_data_from_yf' AIRFLOW_CTX_TASK_ID='olhc_branching.get_csv_close' AIRFLOW_CTX_EXECUTION_DATE='2026-03-13T00:00:00+00:00' AIRFLOW_CTX_TRY_NUMBER='1' AIRFLOW_CTX_DAG_RUN_ID='scheduled__2026-03-13T00:00:00+00:00'
[2026-03-15T14:59:09.694+0000] {logging_mixin.py:190} INFO - Task instance is in running state
[2026-03-15T14:59:09.695+0000] {logging_mixin.py:190} INFO -  Previous state of the Task instance: queued
[2026-03-15T14:59:09.696+0000] {logging_mixin.py:190} INFO - Current task name:olhc_branching.get_csv_close state:running start_date:2026-03-15 14:59:05.943347+00:00
[2026-03-15T14:59:09.697+0000] {logging_mixin.py:190} INFO - Dag name:dag_get_data_from_yf and current dag run status:running
[2026-03-15T14:59:09.714+0000] {taskinstance.py:740} INFO - ::endgroup::
[2026-03-15T14:59:09.820+0000] {logging_mixin.py:190} INFO - None
[2026-03-15T14:59:09.825+0000] {python.py:240} INFO - Done. Returned value was: /opt/***/scripts/saham_indonesia_close.csv
[2026-03-15T14:59:10.009+0000] {taskinstance.py:349} INFO - ::group::Post task execution logs
[2026-03-15T14:59:10.011+0000] {taskinstance.py:361} INFO - Marking task as SUCCESS. dag_id=dag_get_data_from_yf, task_id=olhc_branching.get_csv_close, run_id=scheduled__2026-03-13T00:00:00+00:00, execution_date=20260313T000000, start_date=20260315T145905, end_date=20260315T145910
[2026-03-15T14:59:10.251+0000] {logging_mixin.py:190} INFO - Task instance in success state
[2026-03-15T14:59:10.252+0000] {logging_mixin.py:190} INFO -  Previous state of the Task instance: running
[2026-03-15T14:59:10.256+0000] {logging_mixin.py:190} INFO - Dag name:dag_get_data_from_yf queued_at:2026-03-15 14:52:03.847691+00:00
[2026-03-15T14:59:10.261+0000] {logging_mixin.py:190} INFO - Task hostname:0682dd67c20c operator:_PythonDecoratedOperator
[2026-03-15T14:59:10.335+0000] {local_task_job_runner.py:266} INFO - Task exited with return code 0
[2026-03-15T14:59:10.437+0000] {taskinstance.py:3924} INFO - 0 downstream tasks scheduled from follow-on schedule check
[2026-03-15T14:59:10.455+0000] {local_task_job_runner.py:245} INFO - ::endgroup::
[2026-03-15T15:23:57.279+0000] {local_task_job_runner.py:123} INFO - ::group::Pre task execution logs
[2026-03-15T15:23:57.648+0000] {taskinstance.py:2631} INFO - Dependencies all met for dep_context=non-requeueable deps ti=<TaskInstance: dag_get_data_from_yf.olhc_branching.get_csv_close scheduled__2026-03-13T00:00:00+00:00 [queued]>
[2026-03-15T15:23:57.708+0000] {taskinstance.py:2631} INFO - Dependencies all met for dep_context=requeueable deps ti=<TaskInstance: dag_get_data_from_yf.olhc_branching.get_csv_close scheduled__2026-03-13T00:00:00+00:00 [queued]>
[2026-03-15T15:23:57.717+0000] {taskinstance.py:2884} INFO - Starting attempt 1 of 1
[2026-03-15T15:23:57.908+0000] {taskinstance.py:2907} INFO - Executing <Task(_PythonDecoratedOperator): olhc_branching.get_csv_close> on 2026-03-13 00:00:00+00:00
[2026-03-15T15:23:58.157+0000] {standard_task_runner.py:104} INFO - Running: ['***', 'tasks', 'run', 'dag_get_data_from_yf', 'olhc_branching.get_csv_close', 'scheduled__2026-03-13T00:00:00+00:00', '--job-id', '475', '--raw', '--subdir', 'DAGS_FOLDER/get_finance_yf_csv.py', '--cfg-path', '/tmp/tmpimaqtuo8']
[2026-03-15T15:23:58.083+0000] {warnings.py:112} WARNING - /home/***/.local/lib/python3.12/site-packages/***/task/task_runner/standard_task_runner.py:70: DeprecationWarning: This process (pid=843) is multi-threaded, use of fork() may lead to deadlocks in the child.
  pid = os.fork()

[2026-03-15T15:23:58.178+0000] {standard_task_runner.py:72} INFO - Started process 1042 to run task
[2026-03-15T15:23:58.162+0000] {standard_task_runner.py:105} INFO - Job 475: Subtask olhc_branching.get_csv_close
[2026-03-15T15:23:59.007+0000] {task_command.py:467} INFO - Running <TaskInstance: dag_get_data_from_yf.olhc_branching.get_csv_close scheduled__2026-03-13T00:00:00+00:00 [running]> on host c2f7721b6bb3
[2026-03-15T15:24:01.747+0000] {taskinstance.py:3157} INFO - Exporting env vars: AIRFLOW_CTX_DAG_OWNER='***' AIRFLOW_CTX_DAG_ID='dag_get_data_from_yf' AIRFLOW_CTX_TASK_ID='olhc_branching.get_csv_close' AIRFLOW_CTX_EXECUTION_DATE='2026-03-13T00:00:00+00:00' AIRFLOW_CTX_TRY_NUMBER='1' AIRFLOW_CTX_DAG_RUN_ID='scheduled__2026-03-13T00:00:00+00:00'
[2026-03-15T15:24:01.762+0000] {logging_mixin.py:190} INFO - Task instance is in running state
[2026-03-15T15:24:01.791+0000] {logging_mixin.py:190} INFO -  Previous state of the Task instance: queued
[2026-03-15T15:24:01.792+0000] {logging_mixin.py:190} INFO - Current task name:olhc_branching.get_csv_close state:running start_date:2026-03-15 15:23:57.667017+00:00
[2026-03-15T15:24:01.792+0000] {logging_mixin.py:190} INFO - Dag name:dag_get_data_from_yf and current dag run status:running
[2026-03-15T15:24:01.793+0000] {taskinstance.py:740} INFO - ::endgroup::
[2026-03-15T15:24:01.939+0000] {logging_mixin.py:190} INFO - None
[2026-03-15T15:24:01.949+0000] {python.py:240} INFO - Done. Returned value was: /opt/***/scripts/saham_indonesia_close.csv
[2026-03-15T15:24:02.158+0000] {taskinstance.py:349} INFO - ::group::Post task execution logs
[2026-03-15T15:24:02.172+0000] {taskinstance.py:361} INFO - Marking task as SUCCESS. dag_id=dag_get_data_from_yf, task_id=olhc_branching.get_csv_close, run_id=scheduled__2026-03-13T00:00:00+00:00, execution_date=20260313T000000, start_date=20260315T152357, end_date=20260315T152402
[2026-03-15T15:24:02.512+0000] {logging_mixin.py:190} INFO - Task instance in success state
[2026-03-15T15:24:02.532+0000] {logging_mixin.py:190} INFO -  Previous state of the Task instance: running
[2026-03-15T15:24:02.534+0000] {logging_mixin.py:190} INFO - Dag name:dag_get_data_from_yf queued_at:2026-03-15 15:18:43.079388+00:00
[2026-03-15T15:24:02.535+0000] {logging_mixin.py:190} INFO - Task hostname:c2f7721b6bb3 operator:_PythonDecoratedOperator
[2026-03-15T15:24:02.608+0000] {local_task_job_runner.py:266} INFO - Task exited with return code 0
[2026-03-15T15:24:03.190+0000] {local_task_job_runner.py:245} INFO - ::endgroup::
[2026-03-15T15:24:03.214+0000] {standard_task_runner.py:217} INFO - Process not found (most likely exited), stop collecting metrics
[2026-03-15T16:21:18.482+0000] {local_task_job_runner.py:123} INFO - ::group::Pre task execution logs
[2026-03-15T16:21:18.723+0000] {taskinstance.py:2631} INFO - Dependencies all met for dep_context=non-requeueable deps ti=<TaskInstance: dag_get_data_from_yf.olhc_branching.get_csv_close scheduled__2026-03-13T00:00:00+00:00 [queued]>
[2026-03-15T16:21:18.768+0000] {taskinstance.py:2631} INFO - Dependencies all met for dep_context=requeueable deps ti=<TaskInstance: dag_get_data_from_yf.olhc_branching.get_csv_close scheduled__2026-03-13T00:00:00+00:00 [queued]>
[2026-03-15T16:21:18.769+0000] {taskinstance.py:2884} INFO - Starting attempt 1 of 1
[2026-03-15T16:21:18.860+0000] {taskinstance.py:2907} INFO - Executing <Task(_PythonDecoratedOperator): olhc_branching.get_csv_close> on 2026-03-13 00:00:00+00:00
[2026-03-15T16:21:18.926+0000] {warnings.py:112} WARNING - /home/***/.local/lib/python3.12/site-packages/***/task/task_runner/standard_task_runner.py:70: DeprecationWarning: This process (pid=2661) is multi-threaded, use of fork() may lead to deadlocks in the child.
  pid = os.fork()

[2026-03-15T16:21:18.973+0000] {standard_task_runner.py:72} INFO - Started process 2840 to run task
[2026-03-15T16:21:19.002+0000] {standard_task_runner.py:104} INFO - Running: ['***', 'tasks', 'run', 'dag_get_data_from_yf', 'olhc_branching.get_csv_close', 'scheduled__2026-03-13T00:00:00+00:00', '--job-id', '600', '--raw', '--subdir', 'DAGS_FOLDER/get_finance_yf_csv.py', '--cfg-path', '/tmp/tmpva_rcyrc']
[2026-03-15T16:21:19.005+0000] {standard_task_runner.py:105} INFO - Job 600: Subtask olhc_branching.get_csv_close
[2026-03-15T16:21:19.475+0000] {task_command.py:467} INFO - Running <TaskInstance: dag_get_data_from_yf.olhc_branching.get_csv_close scheduled__2026-03-13T00:00:00+00:00 [running]> on host c2f7721b6bb3
[2026-03-15T16:21:21.184+0000] {taskinstance.py:3157} INFO - Exporting env vars: AIRFLOW_CTX_DAG_OWNER='***' AIRFLOW_CTX_DAG_ID='dag_get_data_from_yf' AIRFLOW_CTX_TASK_ID='olhc_branching.get_csv_close' AIRFLOW_CTX_EXECUTION_DATE='2026-03-13T00:00:00+00:00' AIRFLOW_CTX_TRY_NUMBER='1' AIRFLOW_CTX_DAG_RUN_ID='scheduled__2026-03-13T00:00:00+00:00'
[2026-03-15T16:21:21.188+0000] {logging_mixin.py:190} INFO - Task instance is in running state
[2026-03-15T16:21:21.199+0000] {logging_mixin.py:190} INFO -  Previous state of the Task instance: queued
[2026-03-15T16:21:21.200+0000] {logging_mixin.py:190} INFO - Current task name:olhc_branching.get_csv_close state:running start_date:2026-03-15 16:21:18.724551+00:00
[2026-03-15T16:21:21.202+0000] {logging_mixin.py:190} INFO - Dag name:dag_get_data_from_yf and current dag run status:running
[2026-03-15T16:21:21.205+0000] {taskinstance.py:740} INFO - ::endgroup::
[2026-03-15T16:21:21.273+0000] {logging_mixin.py:190} INFO - None
[2026-03-15T16:21:21.280+0000] {python.py:240} INFO - Done. Returned value was: /opt/***/scripts/saham_indonesia_close.csv
[2026-03-15T16:21:21.576+0000] {taskinstance.py:349} INFO - ::group::Post task execution logs
[2026-03-15T16:21:21.577+0000] {taskinstance.py:361} INFO - Marking task as SUCCESS. dag_id=dag_get_data_from_yf, task_id=olhc_branching.get_csv_close, run_id=scheduled__2026-03-13T00:00:00+00:00, execution_date=20260313T000000, start_date=20260315T162118, end_date=20260315T162121
[2026-03-15T16:21:21.805+0000] {logging_mixin.py:190} INFO - Task instance in success state
[2026-03-15T16:21:21.806+0000] {logging_mixin.py:190} INFO -  Previous state of the Task instance: running
[2026-03-15T16:21:21.807+0000] {logging_mixin.py:190} INFO - Dag name:dag_get_data_from_yf queued_at:2026-03-15 16:14:44.299775+00:00
[2026-03-15T16:21:21.807+0000] {logging_mixin.py:190} INFO - Task hostname:c2f7721b6bb3 operator:_PythonDecoratedOperator
[2026-03-15T16:21:21.924+0000] {local_task_job_runner.py:266} INFO - Task exited with return code 0
[2026-03-15T16:21:22.181+0000] {taskinstance.py:3924} INFO - 0 downstream tasks scheduled from follow-on schedule check
[2026-03-15T16:21:22.201+0000] {local_task_job_runner.py:245} INFO - ::endgroup::
[2026-03-16T04:34:21.702+0000] {local_task_job_runner.py:123} INFO - ::group::Pre task execution logs
[2026-03-16T04:34:21.811+0000] {taskinstance.py:2631} INFO - Dependencies all met for dep_context=non-requeueable deps ti=<TaskInstance: dag_get_data_from_yf.olhc_branching.get_csv_close scheduled__2026-03-13T00:00:00+00:00 [queued]>
[2026-03-16T04:34:21.853+0000] {taskinstance.py:2631} INFO - Dependencies all met for dep_context=requeueable deps ti=<TaskInstance: dag_get_data_from_yf.olhc_branching.get_csv_close scheduled__2026-03-13T00:00:00+00:00 [queued]>
[2026-03-16T04:34:21.855+0000] {taskinstance.py:2884} INFO - Starting attempt 1 of 1
[2026-03-16T04:34:21.912+0000] {taskinstance.py:2907} INFO - Executing <Task(_PythonDecoratedOperator): olhc_branching.get_csv_close> on 2026-03-13 00:00:00+00:00
[2026-03-16T04:34:22.027+0000] {warnings.py:112} WARNING - /home/***/.local/lib/python3.12/site-packages/***/task/task_runner/standard_task_runner.py:70: DeprecationWarning: This process (pid=1012) is multi-threaded, use of fork() may lead to deadlocks in the child.
  pid = os.fork()

[2026-03-16T04:34:22.062+0000] {standard_task_runner.py:72} INFO - Started process 1220 to run task
[2026-03-16T04:34:22.074+0000] {standard_task_runner.py:104} INFO - Running: ['***', 'tasks', 'run', 'dag_get_data_from_yf', 'olhc_branching.get_csv_close', 'scheduled__2026-03-13T00:00:00+00:00', '--job-id', '738', '--raw', '--subdir', 'DAGS_FOLDER/get_finance_yf_csv.py', '--cfg-path', '/tmp/tmp44jrvh5l']
[2026-03-16T04:34:22.077+0000] {standard_task_runner.py:105} INFO - Job 738: Subtask olhc_branching.get_csv_close
[2026-03-16T04:34:22.449+0000] {task_command.py:467} INFO - Running <TaskInstance: dag_get_data_from_yf.olhc_branching.get_csv_close scheduled__2026-03-13T00:00:00+00:00 [running]> on host 662456f34d26
[2026-03-16T04:34:23.860+0000] {taskinstance.py:3157} INFO - Exporting env vars: AIRFLOW_CTX_DAG_OWNER='***' AIRFLOW_CTX_DAG_ID='dag_get_data_from_yf' AIRFLOW_CTX_TASK_ID='olhc_branching.get_csv_close' AIRFLOW_CTX_EXECUTION_DATE='2026-03-13T00:00:00+00:00' AIRFLOW_CTX_TRY_NUMBER='1' AIRFLOW_CTX_DAG_RUN_ID='scheduled__2026-03-13T00:00:00+00:00'
[2026-03-16T04:34:23.868+0000] {logging_mixin.py:190} INFO - Task instance is in running state
[2026-03-16T04:34:23.869+0000] {logging_mixin.py:190} INFO -  Previous state of the Task instance: queued
[2026-03-16T04:34:23.875+0000] {logging_mixin.py:190} INFO - Current task name:olhc_branching.get_csv_close state:running start_date:2026-03-16 04:34:21.813098+00:00
[2026-03-16T04:34:23.876+0000] {logging_mixin.py:190} INFO - Dag name:dag_get_data_from_yf and current dag run status:running
[2026-03-16T04:34:23.882+0000] {taskinstance.py:740} INFO - ::endgroup::
[2026-03-16T04:34:23.901+0000] {logging_mixin.py:190} INFO - Ini csv_string_close:  None
[2026-03-16T04:34:23.902+0000] {python.py:240} INFO - Done. Returned value was: /opt/***/scripts/saham_indonesia_close.csv
[2026-03-16T04:34:24.092+0000] {taskinstance.py:349} INFO - ::group::Post task execution logs
[2026-03-16T04:34:24.095+0000] {taskinstance.py:361} INFO - Marking task as SUCCESS. dag_id=dag_get_data_from_yf, task_id=olhc_branching.get_csv_close, run_id=scheduled__2026-03-13T00:00:00+00:00, execution_date=20260313T000000, start_date=20260316T043421, end_date=20260316T043424
[2026-03-16T04:34:24.455+0000] {logging_mixin.py:190} INFO - Task instance in success state
[2026-03-16T04:34:24.459+0000] {logging_mixin.py:190} INFO -  Previous state of the Task instance: running
[2026-03-16T04:34:24.462+0000] {logging_mixin.py:190} INFO - Dag name:dag_get_data_from_yf queued_at:2026-03-16 04:26:42.188532+00:00
[2026-03-16T04:34:24.464+0000] {logging_mixin.py:190} INFO - Task hostname:662456f34d26 operator:_PythonDecoratedOperator
[2026-03-16T04:34:24.597+0000] {local_task_job_runner.py:266} INFO - Task exited with return code 0
[2026-03-16T04:34:24.691+0000] {local_task_job_runner.py:245} INFO - ::endgroup::
[2026-03-16T04:48:14.801+0000] {local_task_job_runner.py:123} INFO - ::group::Pre task execution logs
[2026-03-16T04:48:14.999+0000] {taskinstance.py:2631} INFO - Dependencies all met for dep_context=non-requeueable deps ti=<TaskInstance: dag_get_data_from_yf.olhc_branching.get_csv_close scheduled__2026-03-13T00:00:00+00:00 [queued]>
[2026-03-16T04:48:15.110+0000] {taskinstance.py:2631} INFO - Dependencies all met for dep_context=requeueable deps ti=<TaskInstance: dag_get_data_from_yf.olhc_branching.get_csv_close scheduled__2026-03-13T00:00:00+00:00 [queued]>
[2026-03-16T04:48:15.120+0000] {taskinstance.py:2884} INFO - Starting attempt 1 of 1
[2026-03-16T04:48:15.358+0000] {taskinstance.py:2907} INFO - Executing <Task(_PythonDecoratedOperator): olhc_branching.get_csv_close> on 2026-03-13 00:00:00+00:00
[2026-03-16T04:48:15.635+0000] {warnings.py:112} WARNING - /home/***/.local/lib/python3.12/site-packages/***/task/task_runner/standard_task_runner.py:70: DeprecationWarning: This process (pid=2088) is multi-threaded, use of fork() may lead to deadlocks in the child.
  pid = os.fork()

[2026-03-16T04:48:15.661+0000] {standard_task_runner.py:72} INFO - Started process 2202 to run task
[2026-03-16T04:48:15.740+0000] {standard_task_runner.py:104} INFO - Running: ['***', 'tasks', 'run', 'dag_get_data_from_yf', 'olhc_branching.get_csv_close', 'scheduled__2026-03-13T00:00:00+00:00', '--job-id', '813', '--raw', '--subdir', 'DAGS_FOLDER/get_finance_yf_csv.py', '--cfg-path', '/tmp/tmpdzyyifak']
[2026-03-16T04:48:15.742+0000] {standard_task_runner.py:105} INFO - Job 813: Subtask olhc_branching.get_csv_close
[2026-03-16T04:48:16.182+0000] {task_command.py:467} INFO - Running <TaskInstance: dag_get_data_from_yf.olhc_branching.get_csv_close scheduled__2026-03-13T00:00:00+00:00 [running]> on host 662456f34d26
[2026-03-16T04:48:17.906+0000] {taskinstance.py:3157} INFO - Exporting env vars: AIRFLOW_CTX_DAG_OWNER='***' AIRFLOW_CTX_DAG_ID='dag_get_data_from_yf' AIRFLOW_CTX_TASK_ID='olhc_branching.get_csv_close' AIRFLOW_CTX_EXECUTION_DATE='2026-03-13T00:00:00+00:00' AIRFLOW_CTX_TRY_NUMBER='1' AIRFLOW_CTX_DAG_RUN_ID='scheduled__2026-03-13T00:00:00+00:00'
[2026-03-16T04:48:17.909+0000] {logging_mixin.py:190} INFO - Task instance is in running state
[2026-03-16T04:48:17.910+0000] {logging_mixin.py:190} INFO -  Previous state of the Task instance: queued
[2026-03-16T04:48:17.911+0000] {logging_mixin.py:190} INFO - Current task name:olhc_branching.get_csv_close state:running start_date:2026-03-16 04:48:15.002895+00:00
[2026-03-16T04:48:17.911+0000] {logging_mixin.py:190} INFO - Dag name:dag_get_data_from_yf and current dag run status:running
[2026-03-16T04:48:17.912+0000] {taskinstance.py:740} INFO - ::endgroup::
[2026-03-16T04:48:17.959+0000] {logging_mixin.py:190} INFO - Ini csv_string_close:  None
[2026-03-16T04:48:17.960+0000] {python.py:240} INFO - Done. Returned value was: /opt/***/scripts/saham_indonesia_close.csv
[2026-03-16T04:48:18.145+0000] {taskinstance.py:349} INFO - ::group::Post task execution logs
[2026-03-16T04:48:18.146+0000] {taskinstance.py:361} INFO - Marking task as SUCCESS. dag_id=dag_get_data_from_yf, task_id=olhc_branching.get_csv_close, run_id=scheduled__2026-03-13T00:00:00+00:00, execution_date=20260313T000000, start_date=20260316T044815, end_date=20260316T044818
[2026-03-16T04:48:18.350+0000] {logging_mixin.py:190} INFO - Task instance in success state
[2026-03-16T04:48:18.351+0000] {logging_mixin.py:190} INFO -  Previous state of the Task instance: running
[2026-03-16T04:48:18.356+0000] {logging_mixin.py:190} INFO - Dag name:dag_get_data_from_yf queued_at:2026-03-16 04:41:09.771895+00:00
[2026-03-16T04:48:18.356+0000] {logging_mixin.py:190} INFO - Task hostname:662456f34d26 operator:_PythonDecoratedOperator
[2026-03-16T04:48:18.449+0000] {local_task_job_runner.py:266} INFO - Task exited with return code 0
[2026-03-16T04:48:18.616+0000] {taskinstance.py:3924} INFO - 0 downstream tasks scheduled from follow-on schedule check
[2026-03-16T04:48:18.634+0000] {local_task_job_runner.py:245} INFO - ::endgroup::
[2026-03-16T10:23:16.631+0000] {local_task_job_runner.py:123} INFO - ::group::Pre task execution logs
[2026-03-16T10:23:16.921+0000] {taskinstance.py:2631} INFO - Dependencies all met for dep_context=non-requeueable deps ti=<TaskInstance: dag_get_data_from_yf.olhc_branching.get_csv_close scheduled__2026-03-13T00:00:00+00:00 [queued]>
[2026-03-16T10:23:17.052+0000] {taskinstance.py:2631} INFO - Dependencies all met for dep_context=requeueable deps ti=<TaskInstance: dag_get_data_from_yf.olhc_branching.get_csv_close scheduled__2026-03-13T00:00:00+00:00 [queued]>
[2026-03-16T10:23:17.068+0000] {taskinstance.py:2884} INFO - Starting attempt 1 of 1
[2026-03-16T10:23:17.226+0000] {taskinstance.py:2907} INFO - Executing <Task(_PythonDecoratedOperator): olhc_branching.get_csv_close> on 2026-03-13 00:00:00+00:00
[2026-03-16T10:23:17.386+0000] {warnings.py:112} WARNING - /home/***/.local/lib/python3.12/site-packages/***/task/task_runner/standard_task_runner.py:70: DeprecationWarning: This process (pid=1138) is multi-threaded, use of fork() may lead to deadlocks in the child.
  pid = os.fork()

[2026-03-16T10:23:17.510+0000] {standard_task_runner.py:72} INFO - Started process 1207 to run task
[2026-03-16T10:23:17.544+0000] {standard_task_runner.py:104} INFO - Running: ['***', 'tasks', 'run', 'dag_get_data_from_yf', 'olhc_branching.get_csv_close', 'scheduled__2026-03-13T00:00:00+00:00', '--job-id', '967', '--raw', '--subdir', 'DAGS_FOLDER/get_finance_yf_csv.py', '--cfg-path', '/tmp/tmpjdpijzmp']
[2026-03-16T10:23:17.637+0000] {standard_task_runner.py:105} INFO - Job 967: Subtask olhc_branching.get_csv_close
[2026-03-16T10:23:18.611+0000] {task_command.py:467} INFO - Running <TaskInstance: dag_get_data_from_yf.olhc_branching.get_csv_close scheduled__2026-03-13T00:00:00+00:00 [running]> on host b3714f9398e4
[2026-03-16T10:23:45.159+0000] {job.py:229} INFO - Heartbeat recovered after 29.23 seconds
[2026-03-16T10:23:45.380+0000] {taskinstance.py:3157} INFO - Exporting env vars: AIRFLOW_CTX_DAG_OWNER='***' AIRFLOW_CTX_DAG_ID='dag_get_data_from_yf' AIRFLOW_CTX_TASK_ID='olhc_branching.get_csv_close' AIRFLOW_CTX_EXECUTION_DATE='2026-03-13T00:00:00+00:00' AIRFLOW_CTX_TRY_NUMBER='1' AIRFLOW_CTX_DAG_RUN_ID='scheduled__2026-03-13T00:00:00+00:00'
[2026-03-16T10:23:45.408+0000] {logging_mixin.py:190} INFO - Task instance is in running state
[2026-03-16T10:23:45.409+0000] {logging_mixin.py:190} INFO -  Previous state of the Task instance: queued
[2026-03-16T10:23:45.410+0000] {logging_mixin.py:190} INFO - Current task name:olhc_branching.get_csv_close state:running start_date:2026-03-16 10:23:16.921819+00:00
[2026-03-16T10:23:45.410+0000] {logging_mixin.py:190} INFO - Dag name:dag_get_data_from_yf and current dag run status:running
[2026-03-16T10:23:45.411+0000] {taskinstance.py:740} INFO - ::endgroup::
[2026-03-16T10:23:45.474+0000] {logging_mixin.py:190} INFO - Ini csv_string_close:  None
[2026-03-16T10:23:45.475+0000] {python.py:240} INFO - Done. Returned value was: /opt/***/scripts/saham_indonesia_close.csv
[2026-03-16T10:23:45.978+0000] {taskinstance.py:349} INFO - ::group::Post task execution logs
[2026-03-16T10:23:46.005+0000] {taskinstance.py:361} INFO - Marking task as SUCCESS. dag_id=dag_get_data_from_yf, task_id=olhc_branching.get_csv_close, run_id=scheduled__2026-03-13T00:00:00+00:00, execution_date=20260313T000000, start_date=20260316T102316, end_date=20260316T102346
[2026-03-16T10:23:46.183+0000] {logging_mixin.py:190} INFO - Task instance in success state
[2026-03-16T10:23:46.183+0000] {logging_mixin.py:190} INFO -  Previous state of the Task instance: running
[2026-03-16T10:23:46.184+0000] {logging_mixin.py:190} INFO - Dag name:dag_get_data_from_yf queued_at:2026-03-16 10:15:53.052616+00:00
[2026-03-16T10:23:46.184+0000] {logging_mixin.py:190} INFO - Task hostname:b3714f9398e4 operator:_PythonDecoratedOperator
[2026-03-16T10:23:46.242+0000] {local_task_job_runner.py:266} INFO - Task exited with return code 0
[2026-03-16T10:23:46.354+0000] {taskinstance.py:3924} INFO - 0 downstream tasks scheduled from follow-on schedule check
[2026-03-16T10:23:46.357+0000] {local_task_job_runner.py:245} INFO - ::endgroup::
[2026-03-16T14:16:15.465+0000] {local_task_job_runner.py:123} INFO - ::group::Pre task execution logs
[2026-03-16T14:16:15.689+0000] {taskinstance.py:2631} INFO - Dependencies all met for dep_context=non-requeueable deps ti=<TaskInstance: dag_get_data_from_yf.olhc_branching.get_csv_close scheduled__2026-03-13T00:00:00+00:00 [queued]>
[2026-03-16T14:16:15.755+0000] {taskinstance.py:2631} INFO - Dependencies all met for dep_context=requeueable deps ti=<TaskInstance: dag_get_data_from_yf.olhc_branching.get_csv_close scheduled__2026-03-13T00:00:00+00:00 [queued]>
[2026-03-16T14:16:15.755+0000] {taskinstance.py:2884} INFO - Starting attempt 1 of 1
[2026-03-16T14:16:15.866+0000] {taskinstance.py:2907} INFO - Executing <Task(_PythonDecoratedOperator): olhc_branching.get_csv_close> on 2026-03-13 00:00:00+00:00
[2026-03-16T14:16:16.034+0000] {standard_task_runner.py:104} INFO - Running: ['***', 'tasks', 'run', 'dag_get_data_from_yf', 'olhc_branching.get_csv_close', 'scheduled__2026-03-13T00:00:00+00:00', '--job-id', '1104', '--raw', '--subdir', 'DAGS_FOLDER/get_finance_yf_csv.py', '--cfg-path', '/tmp/tmpfq82wxqp']
[2026-03-16T14:16:16.054+0000] {standard_task_runner.py:105} INFO - Job 1104: Subtask olhc_branching.get_csv_close
[2026-03-16T14:16:16.130+0000] {warnings.py:112} WARNING - /home/***/.local/lib/python3.12/site-packages/***/task/task_runner/standard_task_runner.py:70: DeprecationWarning: This process (pid=899) is multi-threaded, use of fork() may lead to deadlocks in the child.
  pid = os.fork()

[2026-03-16T14:16:16.131+0000] {standard_task_runner.py:72} INFO - Started process 1016 to run task
[2026-03-16T14:16:16.386+0000] {task_command.py:467} INFO - Running <TaskInstance: dag_get_data_from_yf.olhc_branching.get_csv_close scheduled__2026-03-13T00:00:00+00:00 [running]> on host 80c99acb76df
[2026-03-16T14:16:25.367+0000] {job.py:229} INFO - Heartbeat recovered after 10.53 seconds
[2026-03-16T14:16:25.617+0000] {taskinstance.py:3157} INFO - Exporting env vars: AIRFLOW_CTX_DAG_OWNER='***' AIRFLOW_CTX_DAG_ID='dag_get_data_from_yf' AIRFLOW_CTX_TASK_ID='olhc_branching.get_csv_close' AIRFLOW_CTX_EXECUTION_DATE='2026-03-13T00:00:00+00:00' AIRFLOW_CTX_TRY_NUMBER='1' AIRFLOW_CTX_DAG_RUN_ID='scheduled__2026-03-13T00:00:00+00:00'
[2026-03-16T14:16:25.625+0000] {logging_mixin.py:190} INFO - Task instance is in running state
[2026-03-16T14:16:25.626+0000] {logging_mixin.py:190} INFO -  Previous state of the Task instance: queued
[2026-03-16T14:16:25.627+0000] {logging_mixin.py:190} INFO - Current task name:olhc_branching.get_csv_close state:running start_date:2026-03-16 14:16:15.689733+00:00
[2026-03-16T14:16:25.627+0000] {logging_mixin.py:190} INFO - Dag name:dag_get_data_from_yf and current dag run status:running
[2026-03-16T14:16:25.700+0000] {taskinstance.py:740} INFO - ::endgroup::
[2026-03-16T14:16:25.758+0000] {logging_mixin.py:190} INFO - Ini csv_string_close:  None
[2026-03-16T14:16:25.758+0000] {python.py:240} INFO - Done. Returned value was: /opt/***/scripts/saham_indonesia_close.csv
[2026-03-16T14:16:26.002+0000] {taskinstance.py:349} INFO - ::group::Post task execution logs
[2026-03-16T14:16:26.004+0000] {taskinstance.py:361} INFO - Marking task as SUCCESS. dag_id=dag_get_data_from_yf, task_id=olhc_branching.get_csv_close, run_id=scheduled__2026-03-13T00:00:00+00:00, execution_date=20260313T000000, start_date=20260316T141615, end_date=20260316T141626
[2026-03-16T14:16:26.118+0000] {logging_mixin.py:190} INFO - Task instance in success state
[2026-03-16T14:16:26.119+0000] {logging_mixin.py:190} INFO -  Previous state of the Task instance: running
[2026-03-16T14:16:26.119+0000] {logging_mixin.py:190} INFO - Dag name:dag_get_data_from_yf queued_at:2026-03-16 10:57:57.724232+00:00
[2026-03-16T14:16:26.119+0000] {logging_mixin.py:190} INFO - Task hostname:80c99acb76df operator:_PythonDecoratedOperator
[2026-03-16T14:16:26.200+0000] {local_task_job_runner.py:266} INFO - Task exited with return code 0
[2026-03-16T14:16:26.273+0000] {taskinstance.py:3924} INFO - 0 downstream tasks scheduled from follow-on schedule check
[2026-03-16T14:16:26.278+0000] {local_task_job_runner.py:245} INFO - ::endgroup::
