[2026-03-06T15:46:18.614+0000] {local_task_job_runner.py:123} INFO - ::group::Pre task execution logs
[2026-03-06T15:46:18.693+0000] {taskinstance.py:2631} INFO - Dependencies all met for dep_context=non-requeueable deps ti=<TaskInstance: dag_get_data_from_yf.get_csv_close scheduled__2026-03-06T15:45:00+00:00 [queued]>
[2026-03-06T15:46:18.714+0000] {taskinstance.py:2631} INFO - Dependencies all met for dep_context=requeueable deps ti=<TaskInstance: dag_get_data_from_yf.get_csv_close scheduled__2026-03-06T15:45:00+00:00 [queued]>
[2026-03-06T15:46:18.715+0000] {taskinstance.py:2884} INFO - Starting attempt 1 of 1
[2026-03-06T15:46:18.743+0000] {taskinstance.py:2907} INFO - Executing <Task(_PythonDecoratedOperator): get_csv_close> on 2026-03-06 15:45:00+00:00
[2026-03-06T15:46:18.761+0000] {warnings.py:112} WARNING - /home/***/.local/lib/python3.12/site-packages/***/task/task_runner/standard_task_runner.py:70: DeprecationWarning: This process (pid=3208) is multi-threaded, use of fork() may lead to deadlocks in the child.
  pid = os.fork()

[2026-03-06T15:46:18.765+0000] {standard_task_runner.py:72} INFO - Started process 3218 to run task
[2026-03-06T15:46:18.768+0000] {standard_task_runner.py:104} INFO - Running: ['***', 'tasks', 'run', 'dag_get_data_from_yf', 'get_csv_close', 'scheduled__2026-03-06T15:45:00+00:00', '--job-id', '3386', '--raw', '--subdir', 'DAGS_FOLDER/get_finance_yf_csv.py', '--cfg-path', '/tmp/tmpmhffcyr_']
[2026-03-06T15:46:18.770+0000] {standard_task_runner.py:105} INFO - Job 3386: Subtask get_csv_close
[2026-03-06T15:46:18.914+0000] {task_command.py:467} INFO - Running <TaskInstance: dag_get_data_from_yf.get_csv_close scheduled__2026-03-06T15:45:00+00:00 [running]> on host 450e3c808cfd
[2026-03-06T15:46:19.473+0000] {taskinstance.py:3157} INFO - Exporting env vars: AIRFLOW_CTX_DAG_OWNER='***' AIRFLOW_CTX_DAG_ID='dag_get_data_from_yf' AIRFLOW_CTX_TASK_ID='get_csv_close' AIRFLOW_CTX_EXECUTION_DATE='2026-03-06T15:45:00+00:00' AIRFLOW_CTX_TRY_NUMBER='1' AIRFLOW_CTX_DAG_RUN_ID='scheduled__2026-03-06T15:45:00+00:00'
[2026-03-06T15:46:19.476+0000] {logging_mixin.py:190} INFO - Task instance is in running state
[2026-03-06T15:46:19.476+0000] {logging_mixin.py:190} INFO -  Previous state of the Task instance: queued
[2026-03-06T15:46:19.477+0000] {logging_mixin.py:190} INFO - Current task name:get_csv_close state:running start_date:2026-03-06 15:46:18.694010+00:00
[2026-03-06T15:46:19.477+0000] {logging_mixin.py:190} INFO - Dag name:dag_get_data_from_yf and current dag run status:running
[2026-03-06T15:46:19.478+0000] {taskinstance.py:740} INFO - ::endgroup::
[2026-03-06T15:46:19.490+0000] {python.py:240} INFO - Done. Returned value was: None
[2026-03-06T15:46:19.532+0000] {taskinstance.py:349} INFO - ::group::Post task execution logs
[2026-03-06T15:46:19.533+0000] {taskinstance.py:361} INFO - Marking task as SUCCESS. dag_id=dag_get_data_from_yf, task_id=get_csv_close, run_id=scheduled__2026-03-06T15:45:00+00:00, execution_date=20260306T154500, start_date=20260306T154618, end_date=20260306T154619
[2026-03-06T15:46:19.615+0000] {logging_mixin.py:190} INFO - Task instance in success state
[2026-03-06T15:46:19.616+0000] {logging_mixin.py:190} INFO -  Previous state of the Task instance: running
[2026-03-06T15:46:19.616+0000] {logging_mixin.py:190} INFO - Dag name:dag_get_data_from_yf queued_at:2026-03-06 15:46:00.588567+00:00
[2026-03-06T15:46:19.617+0000] {logging_mixin.py:190} INFO - Task hostname:450e3c808cfd operator:_PythonDecoratedOperator
[2026-03-06T15:46:19.647+0000] {local_task_job_runner.py:266} INFO - Task exited with return code 0
[2026-03-06T15:46:19.725+0000] {taskinstance.py:3924} INFO - 0 downstream tasks scheduled from follow-on schedule check
[2026-03-06T15:46:19.729+0000] {local_task_job_runner.py:245} INFO - ::endgroup::
