[2026-03-06T06:50:29.595+0000] {local_task_job_runner.py:123} INFO - ::group::Pre task execution logs
[2026-03-06T06:50:29.626+0000] {taskinstance.py:2631} INFO - Dependencies all met for dep_context=non-requeueable deps ti=<TaskInstance: dag_load_data_from_csv.read_csv_from_conf manual__2026-03-06T06:50:24.555879+00:00 [queued]>
[2026-03-06T06:50:29.638+0000] {taskinstance.py:2631} INFO - Dependencies all met for dep_context=requeueable deps ti=<TaskInstance: dag_load_data_from_csv.read_csv_from_conf manual__2026-03-06T06:50:24.555879+00:00 [queued]>
[2026-03-06T06:50:29.638+0000] {taskinstance.py:2884} INFO - Starting attempt 1 of 1
[2026-03-06T06:50:29.658+0000] {taskinstance.py:2907} INFO - Executing <Task(_PythonDecoratedOperator): read_csv_from_conf> on 2026-03-06 06:50:24.555879+00:00
[2026-03-06T06:50:29.668+0000] {warnings.py:112} WARNING - /home/***/.local/lib/python3.12/site-packages/***/task/task_runner/standard_task_runner.py:70: DeprecationWarning: This process (pid=929) is multi-threaded, use of fork() may lead to deadlocks in the child.
  pid = os.fork()

[2026-03-06T06:50:29.670+0000] {standard_task_runner.py:72} INFO - Started process 931 to run task
[2026-03-06T06:50:29.672+0000] {standard_task_runner.py:104} INFO - Running: ['***', 'tasks', 'run', 'dag_load_data_from_csv', 'read_csv_from_conf', 'manual__2026-03-06T06:50:24.555879+00:00', '--job-id', '1775', '--raw', '--subdir', 'DAGS_FOLDER/read_finance_csv_from_other_dag.py', '--cfg-path', '/tmp/tmpthh1_5uh']
[2026-03-06T06:50:29.673+0000] {standard_task_runner.py:105} INFO - Job 1775: Subtask read_csv_from_conf
[2026-03-06T06:50:29.759+0000] {task_command.py:467} INFO - Running <TaskInstance: dag_load_data_from_csv.read_csv_from_conf manual__2026-03-06T06:50:24.555879+00:00 [running]> on host fbd77aca7465
[2026-03-06T06:50:29.885+0000] {taskinstance.py:3157} INFO - Exporting env vars: AIRFLOW_CTX_DAG_OWNER='***' AIRFLOW_CTX_DAG_ID='dag_load_data_from_csv' AIRFLOW_CTX_TASK_ID='read_csv_from_conf' AIRFLOW_CTX_EXECUTION_DATE='2026-03-06T06:50:24.555879+00:00' AIRFLOW_CTX_TRY_NUMBER='1' AIRFLOW_CTX_DAG_RUN_ID='manual__2026-03-06T06:50:24.555879+00:00'
[2026-03-06T06:50:29.886+0000] {logging_mixin.py:190} INFO - Task instance is in running state
[2026-03-06T06:50:29.887+0000] {logging_mixin.py:190} INFO -  Previous state of the Task instance: queued
[2026-03-06T06:50:29.887+0000] {logging_mixin.py:190} INFO - Current task name:read_csv_from_conf state:running start_date:2026-03-06 06:50:29.627082+00:00
[2026-03-06T06:50:29.887+0000] {logging_mixin.py:190} INFO - Dag name:dag_load_data_from_csv and current dag run status:running
[2026-03-06T06:50:29.888+0000] {taskinstance.py:740} INFO - ::endgroup::
[2026-03-06T06:50:29.897+0000] {logging_mixin.py:190} INFO - Data berhasil diterima dari DAG 1!
[2026-03-06T06:50:29.921+0000] {logging_mixin.py:190} INFO -        ASII.JK      BBCA.JK      BBRI.JK  GOTO.JK      TLKM.JK      UNVR.JK
0  4511.919434  8649.909180  3598.063477     82.0  2224.770020  1069.078979
1  4539.542969  8601.719727  3470.537354     86.0  2234.039795  1125.346313
2  4392.214844  8601.719727  3424.992188     85.0  2215.500000  1106.590576
3  4419.839355  8601.719727  3452.319336     80.0  2196.960205  1115.968506
4  4429.047363  8794.475586  3543.409424     83.0  2271.119385  1078.456909
[2026-03-06T06:50:29.922+0000] {python.py:240} INFO - Done. Returned value was: Success
[2026-03-06T06:50:29.962+0000] {taskinstance.py:349} INFO - ::group::Post task execution logs
[2026-03-06T06:50:29.963+0000] {taskinstance.py:361} INFO - Marking task as SUCCESS. dag_id=dag_load_data_from_csv, task_id=read_csv_from_conf, run_id=manual__2026-03-06T06:50:24.555879+00:00, execution_date=20260306T065024, start_date=20260306T065029, end_date=20260306T065029
[2026-03-06T06:50:30.009+0000] {logging_mixin.py:190} INFO - Task instance in success state
[2026-03-06T06:50:30.010+0000] {logging_mixin.py:190} INFO -  Previous state of the Task instance: running
[2026-03-06T06:50:30.010+0000] {logging_mixin.py:190} INFO - Dag name:dag_load_data_from_csv queued_at:2026-03-06 06:50:24.598117+00:00
[2026-03-06T06:50:30.010+0000] {logging_mixin.py:190} INFO - Task hostname:fbd77aca7465 operator:_PythonDecoratedOperator
[2026-03-06T06:50:30.025+0000] {local_task_job_runner.py:266} INFO - Task exited with return code 0
[2026-03-06T06:50:30.046+0000] {local_task_job_runner.py:245} INFO - ::endgroup::
