[2026-03-30T03:08:11.774+0000] {local_task_job_runner.py:123} INFO - ::group::Pre task execution logs
[2026-03-30T03:08:12.063+0000] {taskinstance.py:2631} INFO - Dependencies all met for dep_context=non-requeueable deps ti=<TaskInstance: dag_get_data_from_yf.insert_data_task manual__2026-03-30T03:07:37+00:00 map_index=6 [queued]>
[2026-03-30T03:08:12.138+0000] {taskinstance.py:2631} INFO - Dependencies all met for dep_context=requeueable deps ti=<TaskInstance: dag_get_data_from_yf.insert_data_task manual__2026-03-30T03:07:37+00:00 map_index=6 [queued]>
[2026-03-30T03:08:12.139+0000] {taskinstance.py:2884} INFO - Starting attempt 1 of 1
[2026-03-30T03:08:12.250+0000] {taskinstance.py:2907} INFO - Executing <Mapped(SQLExecuteQueryOperator): insert_data_task> on 2026-03-30 03:07:37+00:00
[2026-03-30T03:08:12.345+0000] {logging_mixin.py:190} WARNING - /home/***/.local/lib/python3.12/site-packages/***/task/task_runner/standard_task_runner.py:70 DeprecationWarning: This process (pid=1407) is multi-threaded, use of fork() may lead to deadlocks in the child.
[2026-03-30T03:08:12.352+0000] {standard_task_runner.py:72} INFO - Started process 1674 to run task
[2026-03-30T03:08:12.343+0000] {standard_task_runner.py:104} INFO - Running: ['***', 'tasks', 'run', 'dag_get_data_from_yf', 'insert_data_task', 'manual__2026-03-30T03:07:37+00:00', '--job-id', '835', '--raw', '--subdir', 'DAGS_FOLDER/get_finance_yf_csv.py', '--cfg-path', '/tmp/tmpfkfz2jff', '--map-index', '6']
[2026-03-30T03:08:12.354+0000] {standard_task_runner.py:105} INFO - Job 835: Subtask insert_data_task
[2026-03-30T03:08:12.754+0000] {task_command.py:467} INFO - Running <TaskInstance: dag_get_data_from_yf.insert_data_task manual__2026-03-30T03:07:37+00:00 map_index=6 [running]> on host 42116767826c
[2026-03-30T03:08:13.427+0000] {taskinstance.py:3157} INFO - Exporting env vars: AIRFLOW_CTX_DAG_OWNER='***' AIRFLOW_CTX_DAG_ID='dag_get_data_from_yf' AIRFLOW_CTX_TASK_ID='insert_data_task' AIRFLOW_CTX_EXECUTION_DATE='2026-03-30T03:07:37+00:00' AIRFLOW_CTX_TRY_NUMBER='1' AIRFLOW_CTX_DAG_RUN_ID='manual__2026-03-30T03:07:37+00:00'
[2026-03-30T03:08:13.429+0000] {taskinstance.py:740} INFO - ::endgroup::
[2026-03-30T03:08:13.460+0000] {sql.py:410} INFO - Executing: INSERT INTO indonesian_stocks (
    date, 
    ticker, 
    close, 
    high, 
    low, 
    open, 
    inserted_at_timestamp_wib
) 
VALUES (
    '2026-03-03', 
    'BBCA.JK', 
    6778.2724609375, 
    6826.175446527164, 
    6730.369475347836, 
    6778.2724609375, 
    '2026-03-30 10:07:51' 
)
ON CONFLICT (date, ticker) 
DO NOTHING;
[2026-03-30T03:08:13.463+0000] {crypto.py:82} WARNING - empty cryptography key - values will not be stored encrypted.
[2026-03-30T03:08:13.465+0000] {base.py:84} INFO - Retrieving connection 'db_custom'
[2026-03-30T03:08:13.487+0000] {base.py:84} INFO - Retrieving connection 'db_custom'
[2026-03-30T03:08:13.515+0000] {sql.py:861} INFO - Running statement: INSERT INTO indonesian_stocks (
    date, 
    ticker, 
    close, 
    high, 
    low, 
    open, 
    inserted_at_timestamp_wib
) 
VALUES (
    '2026-03-03', 
    'BBCA.JK', 
    6778.2724609375, 
    6826.175446527164, 
    6730.369475347836, 
    6778.2724609375, 
    '2026-03-30 10:07:51' 
)
ON CONFLICT (date, ticker) 
DO NOTHING;, parameters: None
[2026-03-30T03:08:13.532+0000] {sql.py:879} INFO - Rows affected: 1
[2026-03-30T03:08:13.611+0000] {taskinstance.py:349} INFO - ::group::Post task execution logs
[2026-03-30T03:08:13.612+0000] {taskinstance.py:361} INFO - Marking task as SUCCESS. dag_id=dag_get_data_from_yf, task_id=insert_data_task, run_id=manual__2026-03-30T03:07:37+00:00, map_index=6, execution_date=20260330T030737, start_date=20260330T030812, end_date=20260330T030813
[2026-03-30T03:08:13.834+0000] {local_task_job_runner.py:266} INFO - Task exited with return code 0
[2026-03-30T03:08:13.902+0000] {local_task_job_runner.py:245} INFO - ::endgroup::
