[2026-03-11T13:35:39.175+0000] {local_task_job_runner.py:123} INFO - ::group::Pre task execution logs
[2026-03-11T13:35:39.228+0000] {taskinstance.py:2631} INFO - Dependencies all met for dep_context=non-requeueable deps ti=<TaskInstance: dag_load_data_from_csv.read_csv_file manual__2026-03-11T13:35:32.434861+00:00 [queued]>
[2026-03-11T13:35:39.242+0000] {taskinstance.py:2631} INFO - Dependencies all met for dep_context=requeueable deps ti=<TaskInstance: dag_load_data_from_csv.read_csv_file manual__2026-03-11T13:35:32.434861+00:00 [queued]>
[2026-03-11T13:35:39.242+0000] {taskinstance.py:2884} INFO - Starting attempt 1 of 1
[2026-03-11T13:35:39.262+0000] {taskinstance.py:2907} INFO - Executing <Task(_PythonDecoratedOperator): read_csv_file> on 2026-03-11 13:35:32.434861+00:00
[2026-03-11T13:35:39.278+0000] {warnings.py:112} WARNING - /home/***/.local/lib/python3.12/site-packages/***/task/task_runner/standard_task_runner.py:70: DeprecationWarning: This process (pid=10138) is multi-threaded, use of fork() may lead to deadlocks in the child.
  pid = os.fork()

[2026-03-11T13:35:39.281+0000] {standard_task_runner.py:72} INFO - Started process 10140 to run task
[2026-03-11T13:35:39.281+0000] {standard_task_runner.py:104} INFO - Running: ['***', 'tasks', 'run', 'dag_load_data_from_csv', 'read_csv_file', 'manual__2026-03-11T13:35:32.434861+00:00', '--job-id', '10893', '--raw', '--subdir', 'DAGS_FOLDER/read_finance_csv_from_other_dag.py', '--cfg-path', '/tmp/tmp1y94o2v5']
[2026-03-11T13:35:39.282+0000] {standard_task_runner.py:105} INFO - Job 10893: Subtask read_csv_file
[2026-03-11T13:35:39.388+0000] {task_command.py:467} INFO - Running <TaskInstance: dag_load_data_from_csv.read_csv_file manual__2026-03-11T13:35:32.434861+00:00 [running]> on host ea47c22639fa
[2026-03-11T13:35:39.568+0000] {taskinstance.py:3157} INFO - Exporting env vars: AIRFLOW_CTX_DAG_OWNER='***' AIRFLOW_CTX_DAG_ID='dag_load_data_from_csv' AIRFLOW_CTX_TASK_ID='read_csv_file' AIRFLOW_CTX_EXECUTION_DATE='2026-03-11T13:35:32.434861+00:00' AIRFLOW_CTX_TRY_NUMBER='1' AIRFLOW_CTX_DAG_RUN_ID='manual__2026-03-11T13:35:32.434861+00:00'
[2026-03-11T13:35:39.571+0000] {logging_mixin.py:190} INFO - Task instance is in running state
[2026-03-11T13:35:39.571+0000] {logging_mixin.py:190} INFO -  Previous state of the Task instance: queued
[2026-03-11T13:35:39.572+0000] {logging_mixin.py:190} INFO - Current task name:read_csv_file state:running start_date:2026-03-11 13:35:39.229439+00:00
[2026-03-11T13:35:39.572+0000] {logging_mixin.py:190} INFO - Dag name:dag_load_data_from_csv and current dag run status:running
[2026-03-11T13:35:39.572+0000] {taskinstance.py:740} INFO - ::endgroup::
[2026-03-11T13:35:39.928+0000] {logging_mixin.py:190} INFO -         Price    Close  Close.1  Close.2  ...    Low.2     Open   Open.1   Open.2
0      Ticker  BBCA.JK  BBRI.JK  BMRI.JK  ...  BMRI.JK  BBCA.JK  BBRI.JK  BMRI.JK
1        Date      NaN      NaN      NaN  ...      NaN      NaN      NaN      NaN
2  2026-03-09   6875.0   3570.0   4820.0  ...   4780.0   6900.0   3590.0   4800.0

[3 rows x 13 columns]
[2026-03-11T13:35:39.929+0000] {python.py:240} INFO - Done. Returned value was: /opt/***/scripts/saham_indonesia_all.csv
[2026-03-11T13:35:39.968+0000] {taskinstance.py:349} INFO - ::group::Post task execution logs
[2026-03-11T13:35:39.968+0000] {taskinstance.py:361} INFO - Marking task as SUCCESS. dag_id=dag_load_data_from_csv, task_id=read_csv_file, run_id=manual__2026-03-11T13:35:32.434861+00:00, execution_date=20260311T133532, start_date=20260311T133539, end_date=20260311T133539
[2026-03-11T13:35:40.005+0000] {logging_mixin.py:190} INFO - Task instance in success state
[2026-03-11T13:35:40.005+0000] {logging_mixin.py:190} INFO -  Previous state of the Task instance: running
[2026-03-11T13:35:40.006+0000] {logging_mixin.py:190} INFO - Dag name:dag_load_data_from_csv queued_at:2026-03-11 13:35:32.500020+00:00
[2026-03-11T13:35:40.006+0000] {logging_mixin.py:190} INFO - Task hostname:ea47c22639fa operator:_PythonDecoratedOperator
[2026-03-11T13:35:40.026+0000] {local_task_job_runner.py:266} INFO - Task exited with return code 0
[2026-03-11T13:35:40.053+0000] {taskinstance.py:3924} INFO - 0 downstream tasks scheduled from follow-on schedule check
[2026-03-11T13:35:40.056+0000] {local_task_job_runner.py:245} INFO - ::endgroup::
