[2026-03-30T03:08:13.739+0000] {local_task_job_runner.py:123} INFO - ::group::Pre task execution logs
[2026-03-30T03:08:13.886+0000] {taskinstance.py:2631} INFO - Dependencies all met for dep_context=non-requeueable deps ti=<TaskInstance: dag_get_data_from_yf.insert_data_task manual__2026-03-30T03:07:37+00:00 map_index=11 [queued]>
[2026-03-30T03:08:14.010+0000] {taskinstance.py:2631} INFO - Dependencies all met for dep_context=requeueable deps ti=<TaskInstance: dag_get_data_from_yf.insert_data_task manual__2026-03-30T03:07:37+00:00 map_index=11 [queued]>
[2026-03-30T03:08:14.011+0000] {taskinstance.py:2884} INFO - Starting attempt 1 of 1
[2026-03-30T03:08:14.275+0000] {taskinstance.py:2907} INFO - Executing <Mapped(SQLExecuteQueryOperator): insert_data_task> on 2026-03-30 03:07:37+00:00
[2026-03-30T03:08:14.332+0000] {logging_mixin.py:190} WARNING - /home/***/.local/lib/python3.12/site-packages/***/task/task_runner/standard_task_runner.py:70 DeprecationWarning: This process (pid=1403) is multi-threaded, use of fork() may lead to deadlocks in the child.
[2026-03-30T03:08:14.344+0000] {standard_task_runner.py:72} INFO - Started process 1699 to run task
[2026-03-30T03:08:14.352+0000] {standard_task_runner.py:104} INFO - Running: ['***', 'tasks', 'run', 'dag_get_data_from_yf', 'insert_data_task', 'manual__2026-03-30T03:07:37+00:00', '--job-id', '847', '--raw', '--subdir', 'DAGS_FOLDER/get_finance_yf_csv.py', '--cfg-path', '/tmp/tmpskd9f__s', '--map-index', '11']
[2026-03-30T03:08:14.358+0000] {standard_task_runner.py:105} INFO - Job 847: Subtask insert_data_task
[2026-03-30T03:08:14.693+0000] {task_command.py:467} INFO - Running <TaskInstance: dag_get_data_from_yf.insert_data_task manual__2026-03-30T03:07:37+00:00 map_index=11 [running]> on host 42116767826c
[2026-03-30T03:08:15.569+0000] {taskinstance.py:3157} INFO - Exporting env vars: AIRFLOW_CTX_DAG_OWNER='***' AIRFLOW_CTX_DAG_ID='dag_get_data_from_yf' AIRFLOW_CTX_TASK_ID='insert_data_task' AIRFLOW_CTX_EXECUTION_DATE='2026-03-30T03:07:37+00:00' AIRFLOW_CTX_TRY_NUMBER='1' AIRFLOW_CTX_DAG_RUN_ID='manual__2026-03-30T03:07:37+00:00'
[2026-03-30T03:08:15.572+0000] {taskinstance.py:740} INFO - ::endgroup::
[2026-03-30T03:08:15.602+0000] {sql.py:410} INFO - Executing: INSERT INTO indonesian_stocks (
    date, 
    ticker, 
    close, 
    high, 
    low, 
    open, 
    inserted_at_timestamp_wib
) 
VALUES (
    '2026-03-04', 
    'BMRI.JK', 
    4980.0, 
    5075.0, 
    4870.0, 
    5050.0, 
    '2026-03-30 10:07:51' 
)
ON CONFLICT (date, ticker) 
DO NOTHING;
[2026-03-30T03:08:15.607+0000] {crypto.py:82} WARNING - empty cryptography key - values will not be stored encrypted.
[2026-03-30T03:08:15.609+0000] {base.py:84} INFO - Retrieving connection 'db_custom'
[2026-03-30T03:08:15.642+0000] {base.py:84} INFO - Retrieving connection 'db_custom'
[2026-03-30T03:08:15.728+0000] {sql.py:861} INFO - Running statement: INSERT INTO indonesian_stocks (
    date, 
    ticker, 
    close, 
    high, 
    low, 
    open, 
    inserted_at_timestamp_wib
) 
VALUES (
    '2026-03-04', 
    'BMRI.JK', 
    4980.0, 
    5075.0, 
    4870.0, 
    5050.0, 
    '2026-03-30 10:07:51' 
)
ON CONFLICT (date, ticker) 
DO NOTHING;, parameters: None
[2026-03-30T03:08:15.776+0000] {sql.py:879} INFO - Rows affected: 1
[2026-03-30T03:08:15.861+0000] {taskinstance.py:349} INFO - ::group::Post task execution logs
[2026-03-30T03:08:15.862+0000] {taskinstance.py:361} INFO - Marking task as SUCCESS. dag_id=dag_get_data_from_yf, task_id=insert_data_task, run_id=manual__2026-03-30T03:07:37+00:00, map_index=11, execution_date=20260330T030737, start_date=20260330T030813, end_date=20260330T030815
[2026-03-30T03:08:16.159+0000] {local_task_job_runner.py:266} INFO - Task exited with return code 0
[2026-03-30T03:08:16.407+0000] {taskinstance.py:3924} INFO - 0 downstream tasks scheduled from follow-on schedule check
[2026-03-30T03:08:16.413+0000] {local_task_job_runner.py:245} INFO - ::endgroup::
