[2026-03-17T01:10:45.379+0000] {local_task_job_runner.py:123} INFO - ::group::Pre task execution logs
[2026-03-17T01:10:45.453+0000] {taskinstance.py:2631} INFO - Dependencies all met for dep_context=non-requeueable deps ti=<TaskInstance: dag_get_data_from_yf.olhc_branching.get_csv_close scheduled__2026-03-13T10:00:00+00:00 [queued]>
[2026-03-17T01:10:45.484+0000] {taskinstance.py:2631} INFO - Dependencies all met for dep_context=requeueable deps ti=<TaskInstance: dag_get_data_from_yf.olhc_branching.get_csv_close scheduled__2026-03-13T10:00:00+00:00 [queued]>
[2026-03-17T01:10:45.485+0000] {taskinstance.py:2884} INFO - Starting attempt 1 of 1
[2026-03-17T01:10:45.526+0000] {taskinstance.py:2907} INFO - Executing <Task(_PythonDecoratedOperator): olhc_branching.get_csv_close> on 2026-03-13 10:00:00+00:00
[2026-03-17T01:10:45.550+0000] {warnings.py:112} WARNING - /home/***/.local/lib/python3.12/site-packages/***/task/task_runner/standard_task_runner.py:70: DeprecationWarning: This process (pid=1620) is multi-threaded, use of fork() may lead to deadlocks in the child.
  pid = os.fork()

[2026-03-17T01:10:45.555+0000] {standard_task_runner.py:72} INFO - Started process 1631 to run task
[2026-03-17T01:10:45.556+0000] {standard_task_runner.py:104} INFO - Running: ['***', 'tasks', 'run', 'dag_get_data_from_yf', 'olhc_branching.get_csv_close', 'scheduled__2026-03-13T10:00:00+00:00', '--job-id', '1741', '--raw', '--subdir', 'DAGS_FOLDER/get_finance_yf_csv.py', '--cfg-path', '/tmp/tmpwrc6f_ie']
[2026-03-17T01:10:45.561+0000] {standard_task_runner.py:105} INFO - Job 1741: Subtask olhc_branching.get_csv_close
[2026-03-17T01:10:45.739+0000] {task_command.py:467} INFO - Running <TaskInstance: dag_get_data_from_yf.olhc_branching.get_csv_close scheduled__2026-03-13T10:00:00+00:00 [running]> on host 245fc8f76c1e
[2026-03-17T01:10:46.152+0000] {taskinstance.py:3157} INFO - Exporting env vars: AIRFLOW_CTX_DAG_OWNER='***' AIRFLOW_CTX_DAG_ID='dag_get_data_from_yf' AIRFLOW_CTX_TASK_ID='olhc_branching.get_csv_close' AIRFLOW_CTX_EXECUTION_DATE='2026-03-13T10:00:00+00:00' AIRFLOW_CTX_TRY_NUMBER='1' AIRFLOW_CTX_DAG_RUN_ID='scheduled__2026-03-13T10:00:00+00:00'
[2026-03-17T01:10:46.155+0000] {logging_mixin.py:190} INFO - Task instance is in running state
[2026-03-17T01:10:46.155+0000] {logging_mixin.py:190} INFO -  Previous state of the Task instance: queued
[2026-03-17T01:10:46.156+0000] {logging_mixin.py:190} INFO - Current task name:olhc_branching.get_csv_close state:running start_date:2026-03-17 01:10:45.455453+00:00
[2026-03-17T01:10:46.156+0000] {logging_mixin.py:190} INFO - Dag name:dag_get_data_from_yf and current dag run status:running
[2026-03-17T01:10:46.157+0000] {taskinstance.py:740} INFO - ::endgroup::
[2026-03-17T01:10:46.198+0000] {logging_mixin.py:190} INFO - Data saved to /opt/***/scripts/saham_indonesia_close.csv
[2026-03-17T01:10:46.199+0000] {python.py:240} INFO - Done. Returned value was: /opt/***/scripts/saham_indonesia_close.csv
[2026-03-17T01:10:46.380+0000] {taskinstance.py:349} INFO - ::group::Post task execution logs
[2026-03-17T01:10:46.381+0000] {taskinstance.py:361} INFO - Marking task as SUCCESS. dag_id=dag_get_data_from_yf, task_id=olhc_branching.get_csv_close, run_id=scheduled__2026-03-13T10:00:00+00:00, execution_date=20260313T100000, start_date=20260317T011045, end_date=20260317T011046
[2026-03-17T01:10:46.466+0000] {logging_mixin.py:190} INFO - Task instance in success state
[2026-03-17T01:10:46.467+0000] {logging_mixin.py:190} INFO -  Previous state of the Task instance: running
[2026-03-17T01:10:46.468+0000] {logging_mixin.py:190} INFO - Dag name:dag_get_data_from_yf queued_at:2026-03-17 01:10:21.123594+00:00
[2026-03-17T01:10:46.468+0000] {logging_mixin.py:190} INFO - Task hostname:245fc8f76c1e operator:_PythonDecoratedOperator
[2026-03-17T01:10:46.495+0000] {local_task_job_runner.py:266} INFO - Task exited with return code 0
[2026-03-17T01:10:46.578+0000] {taskinstance.py:3924} INFO - 0 downstream tasks scheduled from follow-on schedule check
[2026-03-17T01:10:46.581+0000] {local_task_job_runner.py:245} INFO - ::endgroup::
[2026-03-17T01:11:31.194+0000] {local_task_job_runner.py:123} INFO - ::group::Pre task execution logs
[2026-03-17T01:11:31.286+0000] {taskinstance.py:2631} INFO - Dependencies all met for dep_context=non-requeueable deps ti=<TaskInstance: dag_get_data_from_yf.olhc_branching.get_csv_close scheduled__2026-03-13T10:00:00+00:00 [queued]>
[2026-03-17T01:11:31.311+0000] {taskinstance.py:2631} INFO - Dependencies all met for dep_context=requeueable deps ti=<TaskInstance: dag_get_data_from_yf.olhc_branching.get_csv_close scheduled__2026-03-13T10:00:00+00:00 [queued]>
[2026-03-17T01:11:31.312+0000] {taskinstance.py:2884} INFO - Starting attempt 1 of 1
[2026-03-17T01:11:31.347+0000] {taskinstance.py:2907} INFO - Executing <Task(_PythonDecoratedOperator): olhc_branching.get_csv_close> on 2026-03-13 10:00:00+00:00
[2026-03-17T01:11:31.370+0000] {warnings.py:112} WARNING - /home/***/.local/lib/python3.12/site-packages/***/task/task_runner/standard_task_runner.py:70: DeprecationWarning: This process (pid=1656) is multi-threaded, use of fork() may lead to deadlocks in the child.
  pid = os.fork()

[2026-03-17T01:11:31.374+0000] {standard_task_runner.py:72} INFO - Started process 1663 to run task
[2026-03-17T01:11:31.386+0000] {standard_task_runner.py:104} INFO - Running: ['***', 'tasks', 'run', 'dag_get_data_from_yf', 'olhc_branching.get_csv_close', 'scheduled__2026-03-13T10:00:00+00:00', '--job-id', '1745', '--raw', '--subdir', 'DAGS_FOLDER/get_finance_yf_csv.py', '--cfg-path', '/tmp/tmpcu1vzme9']
[2026-03-17T01:11:31.388+0000] {standard_task_runner.py:105} INFO - Job 1745: Subtask olhc_branching.get_csv_close
[2026-03-17T01:11:31.574+0000] {task_command.py:467} INFO - Running <TaskInstance: dag_get_data_from_yf.olhc_branching.get_csv_close scheduled__2026-03-13T10:00:00+00:00 [running]> on host 245fc8f76c1e
[2026-03-17T01:11:31.901+0000] {taskinstance.py:3157} INFO - Exporting env vars: AIRFLOW_CTX_DAG_OWNER='***' AIRFLOW_CTX_DAG_ID='dag_get_data_from_yf' AIRFLOW_CTX_TASK_ID='olhc_branching.get_csv_close' AIRFLOW_CTX_EXECUTION_DATE='2026-03-13T10:00:00+00:00' AIRFLOW_CTX_TRY_NUMBER='1' AIRFLOW_CTX_DAG_RUN_ID='scheduled__2026-03-13T10:00:00+00:00'
[2026-03-17T01:11:31.915+0000] {logging_mixin.py:190} INFO - Task instance is in running state
[2026-03-17T01:11:31.916+0000] {logging_mixin.py:190} INFO -  Previous state of the Task instance: queued
[2026-03-17T01:11:31.916+0000] {logging_mixin.py:190} INFO - Current task name:olhc_branching.get_csv_close state:running start_date:2026-03-17 01:11:31.287756+00:00
[2026-03-17T01:11:31.917+0000] {logging_mixin.py:190} INFO - Dag name:dag_get_data_from_yf and current dag run status:running
[2026-03-17T01:11:31.918+0000] {taskinstance.py:740} INFO - ::endgroup::
[2026-03-17T01:11:31.957+0000] {logging_mixin.py:190} INFO - Data saved to /opt/***/scripts/saham_indonesia_close.csv
[2026-03-17T01:11:31.959+0000] {python.py:240} INFO - Done. Returned value was: /opt/***/scripts/saham_indonesia_close.csv
[2026-03-17T01:11:32.043+0000] {taskinstance.py:349} INFO - ::group::Post task execution logs
[2026-03-17T01:11:32.044+0000] {taskinstance.py:361} INFO - Marking task as SUCCESS. dag_id=dag_get_data_from_yf, task_id=olhc_branching.get_csv_close, run_id=scheduled__2026-03-13T10:00:00+00:00, execution_date=20260313T100000, start_date=20260317T011131, end_date=20260317T011132
[2026-03-17T01:11:32.159+0000] {logging_mixin.py:190} INFO - Task instance in success state
[2026-03-17T01:11:32.161+0000] {logging_mixin.py:190} INFO -  Previous state of the Task instance: running
[2026-03-17T01:11:32.162+0000] {logging_mixin.py:190} INFO - Dag name:dag_get_data_from_yf queued_at:2026-03-17 01:11:09.942080+00:00
[2026-03-17T01:11:32.163+0000] {logging_mixin.py:190} INFO - Task hostname:245fc8f76c1e operator:_PythonDecoratedOperator
[2026-03-17T01:11:32.195+0000] {local_task_job_runner.py:266} INFO - Task exited with return code 0
[2026-03-17T01:11:32.230+0000] {local_task_job_runner.py:245} INFO - ::endgroup::
[2026-03-17T01:38:05.337+0000] {local_task_job_runner.py:123} INFO - ::group::Pre task execution logs
[2026-03-17T01:38:05.465+0000] {taskinstance.py:2631} INFO - Dependencies all met for dep_context=non-requeueable deps ti=<TaskInstance: dag_get_data_from_yf.olhc_branching.get_csv_close scheduled__2026-03-13T10:00:00+00:00 [queued]>
[2026-03-17T01:38:05.488+0000] {taskinstance.py:2631} INFO - Dependencies all met for dep_context=requeueable deps ti=<TaskInstance: dag_get_data_from_yf.olhc_branching.get_csv_close scheduled__2026-03-13T10:00:00+00:00 [queued]>
[2026-03-17T01:38:05.489+0000] {taskinstance.py:2884} INFO - Starting attempt 1 of 1
[2026-03-17T01:38:05.558+0000] {taskinstance.py:2907} INFO - Executing <Task(_PythonDecoratedOperator): olhc_branching.get_csv_close> on 2026-03-13 10:00:00+00:00
[2026-03-17T01:38:05.626+0000] {standard_task_runner.py:104} INFO - Running: ['***', 'tasks', 'run', 'dag_get_data_from_yf', 'olhc_branching.get_csv_close', 'scheduled__2026-03-13T10:00:00+00:00', '--job-id', '1753', '--raw', '--subdir', 'DAGS_FOLDER/get_finance_yf_csv.py', '--cfg-path', '/tmp/tmp18vruht9']
[2026-03-17T01:38:05.639+0000] {standard_task_runner.py:105} INFO - Job 1753: Subtask olhc_branching.get_csv_close
[2026-03-17T01:38:05.614+0000] {warnings.py:112} WARNING - /home/***/.local/lib/python3.12/site-packages/***/task/task_runner/standard_task_runner.py:70: DeprecationWarning: This process (pid=2007) is multi-threaded, use of fork() may lead to deadlocks in the child.
  pid = os.fork()

[2026-03-17T01:38:05.649+0000] {standard_task_runner.py:72} INFO - Started process 2025 to run task
[2026-03-17T01:38:05.946+0000] {task_command.py:467} INFO - Running <TaskInstance: dag_get_data_from_yf.olhc_branching.get_csv_close scheduled__2026-03-13T10:00:00+00:00 [running]> on host 245fc8f76c1e
[2026-03-17T01:38:06.292+0000] {taskinstance.py:3157} INFO - Exporting env vars: AIRFLOW_CTX_DAG_OWNER='***' AIRFLOW_CTX_DAG_ID='dag_get_data_from_yf' AIRFLOW_CTX_TASK_ID='olhc_branching.get_csv_close' AIRFLOW_CTX_EXECUTION_DATE='2026-03-13T10:00:00+00:00' AIRFLOW_CTX_TRY_NUMBER='1' AIRFLOW_CTX_DAG_RUN_ID='scheduled__2026-03-13T10:00:00+00:00'
[2026-03-17T01:38:06.301+0000] {logging_mixin.py:190} INFO - Task instance is in running state
[2026-03-17T01:38:06.302+0000] {logging_mixin.py:190} INFO -  Previous state of the Task instance: queued
[2026-03-17T01:38:06.303+0000] {logging_mixin.py:190} INFO - Current task name:olhc_branching.get_csv_close state:running start_date:2026-03-17 01:38:05.467151+00:00
[2026-03-17T01:38:06.303+0000] {logging_mixin.py:190} INFO - Dag name:dag_get_data_from_yf and current dag run status:running
[2026-03-17T01:38:06.303+0000] {taskinstance.py:740} INFO - ::endgroup::
[2026-03-17T01:38:06.330+0000] {logging_mixin.py:190} INFO - Data saved to /opt/***/scripts/saham_indonesia_close.csv
[2026-03-17T01:38:06.332+0000] {python.py:240} INFO - Done. Returned value was: /opt/***/scripts/saham_indonesia_close.csv
[2026-03-17T01:38:06.479+0000] {taskinstance.py:349} INFO - ::group::Post task execution logs
[2026-03-17T01:38:06.480+0000] {taskinstance.py:361} INFO - Marking task as SUCCESS. dag_id=dag_get_data_from_yf, task_id=olhc_branching.get_csv_close, run_id=scheduled__2026-03-13T10:00:00+00:00, execution_date=20260313T100000, start_date=20260317T013805, end_date=20260317T013806
[2026-03-17T01:38:06.571+0000] {logging_mixin.py:190} INFO - Task instance in success state
[2026-03-17T01:38:06.571+0000] {logging_mixin.py:190} INFO -  Previous state of the Task instance: running
[2026-03-17T01:38:06.572+0000] {logging_mixin.py:190} INFO - Dag name:dag_get_data_from_yf queued_at:2026-03-17 01:37:46.423760+00:00
[2026-03-17T01:38:06.572+0000] {logging_mixin.py:190} INFO - Task hostname:245fc8f76c1e operator:_PythonDecoratedOperator
[2026-03-17T01:38:06.597+0000] {local_task_job_runner.py:266} INFO - Task exited with return code 0
[2026-03-17T01:38:06.639+0000] {local_task_job_runner.py:245} INFO - ::endgroup::
