[2026-03-15T09:16:41.996+0000] {local_task_job_runner.py:123} INFO - ::group::Pre task execution logs
[2026-03-15T09:16:42.179+0000] {taskinstance.py:2631} INFO - Dependencies all met for dep_context=non-requeueable deps ti=<TaskInstance: execute_shell_script.execute_script_second scheduled__2026-03-15T09:14:00+00:00 [queued]>
[2026-03-15T09:16:42.204+0000] {taskinstance.py:2631} INFO - Dependencies all met for dep_context=requeueable deps ti=<TaskInstance: execute_shell_script.execute_script_second scheduled__2026-03-15T09:14:00+00:00 [queued]>
[2026-03-15T09:16:42.206+0000] {taskinstance.py:2884} INFO - Starting attempt 1 of 1
[2026-03-15T09:16:42.245+0000] {taskinstance.py:2907} INFO - Executing <Task(BashOperator): execute_script_second> on 2026-03-15 09:14:00+00:00
[2026-03-15T09:16:42.272+0000] {warnings.py:112} WARNING - /home/***/.local/lib/python3.12/site-packages/***/task/task_runner/standard_task_runner.py:70: DeprecationWarning: This process (pid=1931) is multi-threaded, use of fork() may lead to deadlocks in the child.
  pid = os.fork()

[2026-03-15T09:16:42.277+0000] {standard_task_runner.py:72} INFO - Started process 1957 to run task
[2026-03-15T09:16:42.295+0000] {standard_task_runner.py:104} INFO - Running: ['***', 'tasks', 'run', 'execute_shell_script', 'execute_script_second', 'scheduled__2026-03-15T09:14:00+00:00', '--job-id', '14993', '--raw', '--subdir', 'DAGS_FOLDER/executeShellScript.py', '--cfg-path', '/tmp/tmpon9xylkn']
[2026-03-15T09:16:42.297+0000] {standard_task_runner.py:105} INFO - Job 14993: Subtask execute_script_second
[2026-03-15T09:16:42.572+0000] {task_command.py:467} INFO - Running <TaskInstance: execute_shell_script.execute_script_second scheduled__2026-03-15T09:14:00+00:00 [running]> on host 547c214a0f76
[2026-03-15T09:16:43.116+0000] {taskinstance.py:3157} INFO - Exporting env vars: AIRFLOW_CTX_DAG_OWNER='***' AIRFLOW_CTX_DAG_ID='execute_shell_script' AIRFLOW_CTX_TASK_ID='execute_script_second' AIRFLOW_CTX_EXECUTION_DATE='2026-03-15T09:14:00+00:00' AIRFLOW_CTX_TRY_NUMBER='1' AIRFLOW_CTX_DAG_RUN_ID='scheduled__2026-03-15T09:14:00+00:00'
[2026-03-15T09:16:43.118+0000] {logging_mixin.py:190} INFO - Task instance is in running state
[2026-03-15T09:16:43.119+0000] {logging_mixin.py:190} INFO -  Previous state of the Task instance: queued
[2026-03-15T09:16:43.120+0000] {logging_mixin.py:190} INFO - Current task name:execute_script_second state:running start_date:2026-03-15 09:16:42.180725+00:00
[2026-03-15T09:16:43.120+0000] {logging_mixin.py:190} INFO - Dag name:execute_shell_script and current dag run status:running
[2026-03-15T09:16:43.121+0000] {taskinstance.py:740} INFO - ::endgroup::
[2026-03-15T09:16:43.123+0000] {subprocess.py:78} INFO - Tmp dir root location: /tmp
[2026-03-15T09:16:43.125+0000] {subprocess.py:88} INFO - Running command: ['/usr/bin/bash', '-c', 'sh /opt/***/scripts/SampleShellScript.sh /opt/***/scripts/task_output2.txt']
[2026-03-15T09:16:43.248+0000] {subprocess.py:99} INFO - Output:
[2026-03-15T09:16:43.261+0000] {subprocess.py:106} INFO - File '/opt/***/scripts/task_output2.txt' dibuat dengan sample text.
[2026-03-15T09:16:43.264+0000] {subprocess.py:110} INFO - Command exited with return code 0
[2026-03-15T09:16:43.435+0000] {taskinstance.py:349} INFO - ::group::Post task execution logs
[2026-03-15T09:16:43.436+0000] {taskinstance.py:361} INFO - Marking task as SUCCESS. dag_id=execute_shell_script, task_id=execute_script_second, run_id=scheduled__2026-03-15T09:14:00+00:00, execution_date=20260315T091400, start_date=20260315T091642, end_date=20260315T091643
[2026-03-15T09:16:43.607+0000] {logging_mixin.py:190} INFO - Task instance in success state
[2026-03-15T09:16:43.608+0000] {logging_mixin.py:190} INFO -  Previous state of the Task instance: running
[2026-03-15T09:16:43.608+0000] {logging_mixin.py:190} INFO - Dag name:execute_shell_script queued_at:2026-03-15 09:15:57.775072+00:00
[2026-03-15T09:16:43.610+0000] {logging_mixin.py:190} INFO - Task hostname:547c214a0f76 operator:BashOperator
[2026-03-15T09:16:43.636+0000] {local_task_job_runner.py:266} INFO - Task exited with return code 0
[2026-03-15T09:16:43.703+0000] {local_task_job_runner.py:245} INFO - ::endgroup::
