[2026-03-09T02:45:22.528+0000] {local_task_job_runner.py:123} INFO - ::group::Pre task execution logs
[2026-03-09T02:45:22.581+0000] {taskinstance.py:2631} INFO - Dependencies all met for dep_context=non-requeueable deps ti=<TaskInstance: dag_get_data_from_yf.get_csv_low scheduled__2026-03-09T02:44:00+00:00 [queued]>
[2026-03-09T02:45:22.599+0000] {taskinstance.py:2631} INFO - Dependencies all met for dep_context=requeueable deps ti=<TaskInstance: dag_get_data_from_yf.get_csv_low scheduled__2026-03-09T02:44:00+00:00 [queued]>
[2026-03-09T02:45:22.600+0000] {taskinstance.py:2884} INFO - Starting attempt 1 of 1
[2026-03-09T02:45:22.623+0000] {taskinstance.py:2907} INFO - Executing <Task(_PythonDecoratedOperator): get_csv_low> on 2026-03-09 02:44:00+00:00
[2026-03-09T02:45:22.637+0000] {warnings.py:112} WARNING - /home/***/.local/lib/python3.12/site-packages/***/task/task_runner/standard_task_runner.py:70: DeprecationWarning: This process (pid=5010) is multi-threaded, use of fork() may lead to deadlocks in the child.
  pid = os.fork()

[2026-03-09T02:45:22.640+0000] {standard_task_runner.py:72} INFO - Started process 5020 to run task
[2026-03-09T02:45:22.643+0000] {standard_task_runner.py:104} INFO - Running: ['***', 'tasks', 'run', 'dag_get_data_from_yf', 'get_csv_low', 'scheduled__2026-03-09T02:44:00+00:00', '--job-id', '5094', '--raw', '--subdir', 'DAGS_FOLDER/get_finance_yf_csv.py', '--cfg-path', '/tmp/tmpikyym3oz']
[2026-03-09T02:45:22.645+0000] {standard_task_runner.py:105} INFO - Job 5094: Subtask get_csv_low
[2026-03-09T02:45:22.754+0000] {task_command.py:467} INFO - Running <TaskInstance: dag_get_data_from_yf.get_csv_low scheduled__2026-03-09T02:44:00+00:00 [running]> on host 0b29540d368e
[2026-03-09T02:45:23.192+0000] {taskinstance.py:3157} INFO - Exporting env vars: AIRFLOW_CTX_DAG_OWNER='***' AIRFLOW_CTX_DAG_ID='dag_get_data_from_yf' AIRFLOW_CTX_TASK_ID='get_csv_low' AIRFLOW_CTX_EXECUTION_DATE='2026-03-09T02:44:00+00:00' AIRFLOW_CTX_TRY_NUMBER='1' AIRFLOW_CTX_DAG_RUN_ID='scheduled__2026-03-09T02:44:00+00:00'
[2026-03-09T02:45:23.195+0000] {logging_mixin.py:190} INFO - Task instance is in running state
[2026-03-09T02:45:23.195+0000] {logging_mixin.py:190} INFO -  Previous state of the Task instance: queued
[2026-03-09T02:45:23.196+0000] {logging_mixin.py:190} INFO - Current task name:get_csv_low state:running start_date:2026-03-09 02:45:22.582474+00:00
[2026-03-09T02:45:23.196+0000] {logging_mixin.py:190} INFO - Dag name:dag_get_data_from_yf and current dag run status:running
[2026-03-09T02:45:23.197+0000] {taskinstance.py:740} INFO - ::endgroup::
[2026-03-09T02:45:23.208+0000] {logging_mixin.py:190} INFO - None
[2026-03-09T02:45:23.209+0000] {python.py:240} INFO - Done. Returned value was: /opt/***/scripts/saham_indonesia_low.csv
[2026-03-09T02:45:23.268+0000] {taskinstance.py:349} INFO - ::group::Post task execution logs
[2026-03-09T02:45:23.269+0000] {taskinstance.py:361} INFO - Marking task as SUCCESS. dag_id=dag_get_data_from_yf, task_id=get_csv_low, run_id=scheduled__2026-03-09T02:44:00+00:00, execution_date=20260309T024400, start_date=20260309T024522, end_date=20260309T024523
[2026-03-09T02:45:23.325+0000] {logging_mixin.py:190} INFO - Task instance in success state
[2026-03-09T02:45:23.325+0000] {logging_mixin.py:190} INFO -  Previous state of the Task instance: running
[2026-03-09T02:45:23.326+0000] {logging_mixin.py:190} INFO - Dag name:dag_get_data_from_yf queued_at:2026-03-09 02:45:00.038824+00:00
[2026-03-09T02:45:23.326+0000] {logging_mixin.py:190} INFO - Task hostname:0b29540d368e operator:_PythonDecoratedOperator
[2026-03-09T02:45:23.347+0000] {local_task_job_runner.py:266} INFO - Task exited with return code 0
[2026-03-09T02:45:23.405+0000] {taskinstance.py:3924} INFO - 0 downstream tasks scheduled from follow-on schedule check
[2026-03-09T02:45:23.408+0000] {local_task_job_runner.py:245} INFO - ::endgroup::
