[2026-03-26T04:18:52.446+0000] {local_task_job_runner.py:123} INFO - ::group::Pre task execution logs
[2026-03-26T04:18:52.557+0000] {taskinstance.py:2631} INFO - Dependencies all met for dep_context=non-requeueable deps ti=<TaskInstance: dag_get_data_from_yf.insert_data_task manual__2026-03-26T04:18:17+00:00 map_index=1 [queued]>
[2026-03-26T04:18:52.598+0000] {taskinstance.py:2631} INFO - Dependencies all met for dep_context=requeueable deps ti=<TaskInstance: dag_get_data_from_yf.insert_data_task manual__2026-03-26T04:18:17+00:00 map_index=1 [queued]>
[2026-03-26T04:18:52.599+0000] {taskinstance.py:2884} INFO - Starting attempt 1 of 1
[2026-03-26T04:18:52.666+0000] {taskinstance.py:2907} INFO - Executing <Mapped(SQLExecuteQueryOperator): insert_data_task> on 2026-03-26 04:18:17+00:00
[2026-03-26T04:18:52.734+0000] {logging_mixin.py:190} WARNING - /home/***/.local/lib/python3.12/site-packages/***/task/task_runner/standard_task_runner.py:70 DeprecationWarning: This process (pid=3068) is multi-threaded, use of fork() may lead to deadlocks in the child.
[2026-03-26T04:18:52.736+0000] {standard_task_runner.py:72} INFO - Started process 3349 to run task
[2026-03-26T04:18:52.745+0000] {standard_task_runner.py:104} INFO - Running: ['***', 'tasks', 'run', 'dag_get_data_from_yf', 'insert_data_task', 'manual__2026-03-26T04:18:17+00:00', '--job-id', '99', '--raw', '--subdir', 'DAGS_FOLDER/get_finance_yf_csv.py', '--cfg-path', '/tmp/tmpmhbvfxiz', '--map-index', '1']
[2026-03-26T04:18:52.756+0000] {standard_task_runner.py:105} INFO - Job 99: Subtask insert_data_task
[2026-03-26T04:18:53.073+0000] {task_command.py:467} INFO - Running <TaskInstance: dag_get_data_from_yf.insert_data_task manual__2026-03-26T04:18:17+00:00 map_index=1 [running]> on host f77800151ff9
[2026-03-26T04:18:53.749+0000] {taskinstance.py:3157} INFO - Exporting env vars: AIRFLOW_CTX_DAG_OWNER='***' AIRFLOW_CTX_DAG_ID='dag_get_data_from_yf' AIRFLOW_CTX_TASK_ID='insert_data_task' AIRFLOW_CTX_EXECUTION_DATE='2026-03-26T04:18:17+00:00' AIRFLOW_CTX_TRY_NUMBER='1' AIRFLOW_CTX_DAG_RUN_ID='manual__2026-03-26T04:18:17+00:00'
[2026-03-26T04:18:53.753+0000] {taskinstance.py:740} INFO - ::endgroup::
[2026-03-26T04:18:53.763+0000] {sql.py:410} INFO - Executing:  INSERT INTO indonesian_stocks (date, ticker, close, high, low, open, inserted_at_timestamp_wib) 
                VALUES ('2026-03-26', 'BBRI.JK', '3510.0', '3570.0', '3500.0', '3540.0', '2026-03-26 11:10:42' )
                ON CONFLICT (date, ticker) DO NOTHING; 
[2026-03-26T04:18:53.765+0000] {crypto.py:82} WARNING - empty cryptography key - values will not be stored encrypted.
[2026-03-26T04:18:53.767+0000] {base.py:84} INFO - Retrieving connection 'db_custom'
[2026-03-26T04:18:53.787+0000] {base.py:84} INFO - Retrieving connection 'db_custom'
[2026-03-26T04:18:53.827+0000] {sql.py:861} INFO - Running statement:  INSERT INTO indonesian_stocks (date, ticker, close, high, low, open, inserted_at_timestamp_wib) 
                VALUES ('2026-03-26', 'BBRI.JK', '3510.0', '3570.0', '3500.0', '3540.0', '2026-03-26 11:10:42' )
                ON CONFLICT (date, ticker) DO NOTHING; , parameters: None
[2026-03-26T04:18:53.838+0000] {sql.py:879} INFO - Rows affected: 0
[2026-03-26T04:18:53.967+0000] {taskinstance.py:349} INFO - ::group::Post task execution logs
[2026-03-26T04:18:53.968+0000] {taskinstance.py:361} INFO - Marking task as SUCCESS. dag_id=dag_get_data_from_yf, task_id=insert_data_task, run_id=manual__2026-03-26T04:18:17+00:00, map_index=1, execution_date=20260326T041817, start_date=20260326T041852, end_date=20260326T041853
[2026-03-26T04:18:54.317+0000] {local_task_job_runner.py:266} INFO - Task exited with return code 0
[2026-03-26T04:18:54.395+0000] {taskinstance.py:3924} INFO - 0 downstream tasks scheduled from follow-on schedule check
[2026-03-26T04:18:54.411+0000] {local_task_job_runner.py:245} INFO - ::endgroup::
