[2026-03-11T02:31:29.938+0000] {local_task_job_runner.py:123} INFO - ::group::Pre task execution logs
[2026-03-11T02:31:30.001+0000] {taskinstance.py:2631} INFO - Dependencies all met for dep_context=non-requeueable deps ti=<TaskInstance: dag_get_data_from_yf.combine_csv scheduled__2026-03-11T02:30:00+00:00 [queued]>
[2026-03-11T02:31:30.024+0000] {taskinstance.py:2631} INFO - Dependencies all met for dep_context=requeueable deps ti=<TaskInstance: dag_get_data_from_yf.combine_csv scheduled__2026-03-11T02:30:00+00:00 [queued]>
[2026-03-11T02:31:30.024+0000] {taskinstance.py:2884} INFO - Starting attempt 1 of 1
[2026-03-11T02:31:30.049+0000] {taskinstance.py:2907} INFO - Executing <Task(_PythonDecoratedOperator): combine_csv> on 2026-03-11 02:30:00+00:00
[2026-03-11T02:31:30.064+0000] {warnings.py:112} WARNING - /home/***/.local/lib/python3.12/site-packages/***/task/task_runner/standard_task_runner.py:70: DeprecationWarning: This process (pid=614) is multi-threaded, use of fork() may lead to deadlocks in the child.
  pid = os.fork()

[2026-03-11T02:31:30.067+0000] {standard_task_runner.py:72} INFO - Started process 616 to run task
[2026-03-11T02:31:30.069+0000] {standard_task_runner.py:104} INFO - Running: ['***', 'tasks', 'run', 'dag_get_data_from_yf', 'combine_csv', 'scheduled__2026-03-11T02:30:00+00:00', '--job-id', '9724', '--raw', '--subdir', 'DAGS_FOLDER/get_finance_yf_csv.py', '--cfg-path', '/tmp/tmpw5_ns2w4']
[2026-03-11T02:31:30.071+0000] {standard_task_runner.py:105} INFO - Job 9724: Subtask combine_csv
[2026-03-11T02:31:30.223+0000] {task_command.py:467} INFO - Running <TaskInstance: dag_get_data_from_yf.combine_csv scheduled__2026-03-11T02:30:00+00:00 [running]> on host b6fa9e600b7b
[2026-03-11T02:31:30.455+0000] {taskinstance.py:3157} INFO - Exporting env vars: AIRFLOW_CTX_DAG_OWNER='***' AIRFLOW_CTX_DAG_ID='dag_get_data_from_yf' AIRFLOW_CTX_TASK_ID='combine_csv' AIRFLOW_CTX_EXECUTION_DATE='2026-03-11T02:30:00+00:00' AIRFLOW_CTX_TRY_NUMBER='1' AIRFLOW_CTX_DAG_RUN_ID='scheduled__2026-03-11T02:30:00+00:00'
[2026-03-11T02:31:30.458+0000] {logging_mixin.py:190} INFO - Task instance is in running state
[2026-03-11T02:31:30.458+0000] {logging_mixin.py:190} INFO -  Previous state of the Task instance: queued
[2026-03-11T02:31:30.459+0000] {logging_mixin.py:190} INFO - Current task name:combine_csv state:running start_date:2026-03-11 02:31:30.001686+00:00
[2026-03-11T02:31:30.460+0000] {logging_mixin.py:190} INFO - Dag name:dag_get_data_from_yf and current dag run status:running
[2026-03-11T02:31:30.461+0000] {taskinstance.py:740} INFO - ::endgroup::
[2026-03-11T02:31:30.499+0000] {logging_mixin.py:190} INFO - None
[2026-03-11T02:31:30.499+0000] {python.py:240} INFO - Done. Returned value was: /opt/***/scripts/saham_indonesia_all.csv
[2026-03-11T02:31:30.548+0000] {taskinstance.py:349} INFO - ::group::Post task execution logs
[2026-03-11T02:31:30.548+0000] {taskinstance.py:361} INFO - Marking task as SUCCESS. dag_id=dag_get_data_from_yf, task_id=combine_csv, run_id=scheduled__2026-03-11T02:30:00+00:00, execution_date=20260311T023000, start_date=20260311T023130, end_date=20260311T023130
[2026-03-11T02:31:30.597+0000] {logging_mixin.py:190} INFO - Task instance in success state
[2026-03-11T02:31:30.597+0000] {logging_mixin.py:190} INFO -  Previous state of the Task instance: running
[2026-03-11T02:31:30.598+0000] {logging_mixin.py:190} INFO - Dag name:dag_get_data_from_yf queued_at:2026-03-11 02:31:00.178911+00:00
[2026-03-11T02:31:30.598+0000] {logging_mixin.py:190} INFO - Task hostname:b6fa9e600b7b operator:_PythonDecoratedOperator
[2026-03-11T02:31:30.616+0000] {local_task_job_runner.py:266} INFO - Task exited with return code 0
[2026-03-11T02:31:30.642+0000] {local_task_job_runner.py:245} INFO - ::endgroup::
