[2026-03-31T04:28:07.857+0000] {local_task_job_runner.py:123} INFO - ::group::Pre task execution logs
[2026-03-31T04:28:08.036+0000] {taskinstance.py:2631} INFO - Dependencies all met for dep_context=non-requeueable deps ti=<TaskInstance: dag_get_data_from_yf.insert_data_task manual__2026-03-31T04:27:22+00:00 map_index=21 [queued]>
[2026-03-31T04:28:08.076+0000] {taskinstance.py:2631} INFO - Dependencies all met for dep_context=requeueable deps ti=<TaskInstance: dag_get_data_from_yf.insert_data_task manual__2026-03-31T04:27:22+00:00 map_index=21 [queued]>
[2026-03-31T04:28:08.076+0000] {taskinstance.py:2884} INFO - Starting attempt 1 of 1
[2026-03-31T04:28:08.126+0000] {taskinstance.py:2907} INFO - Executing <Mapped(SQLExecuteQueryOperator): insert_data_task> on 2026-03-31 04:27:22+00:00
[2026-03-31T04:28:08.257+0000] {logging_mixin.py:190} WARNING - /home/***/.local/lib/python3.12/site-packages/***/task/task_runner/standard_task_runner.py:70 DeprecationWarning: This process (pid=3893) is multi-threaded, use of fork() may lead to deadlocks in the child.
[2026-03-31T04:28:08.263+0000] {standard_task_runner.py:72} INFO - Started process 4161 to run task
[2026-03-31T04:28:08.273+0000] {standard_task_runner.py:104} INFO - Running: ['***', 'tasks', 'run', 'dag_get_data_from_yf', 'insert_data_task', 'manual__2026-03-31T04:27:22+00:00', '--job-id', '1058', '--raw', '--subdir', 'DAGS_FOLDER/get_finance_yf_csv.py', '--cfg-path', '/tmp/tmp6yvulppt', '--map-index', '21']
[2026-03-31T04:28:08.276+0000] {standard_task_runner.py:105} INFO - Job 1058: Subtask insert_data_task
[2026-03-31T04:28:08.848+0000] {task_command.py:467} INFO - Running <TaskInstance: dag_get_data_from_yf.insert_data_task manual__2026-03-31T04:27:22+00:00 map_index=21 [running]> on host 77c1549707cf
[2026-03-31T04:28:09.601+0000] {taskinstance.py:3157} INFO - Exporting env vars: AIRFLOW_CTX_DAG_OWNER='***' AIRFLOW_CTX_DAG_ID='dag_get_data_from_yf' AIRFLOW_CTX_TASK_ID='insert_data_task' AIRFLOW_CTX_EXECUTION_DATE='2026-03-31T04:27:22+00:00' AIRFLOW_CTX_TRY_NUMBER='1' AIRFLOW_CTX_DAG_RUN_ID='manual__2026-03-31T04:27:22+00:00'
[2026-03-31T04:28:09.610+0000] {taskinstance.py:740} INFO - ::endgroup::
[2026-03-31T04:28:09.615+0000] {sql.py:410} INFO - Executing: INSERT INTO indonesian_stocks (
    date, 
    ticker, 
    close, 
    high, 
    low, 
    open, 
    inserted_at_timestamp_wib
) 
VALUES (
    '2026-03-10', 
    'BBCA.JK', 
    6682.466796875, 
    6754.321278561828, 
    6634.563809083781, 
    6658.515302979391, 
    '2026-03-31 11:27:37' 
)
ON CONFLICT (date, ticker) 
DO NOTHING;
[2026-03-31T04:28:09.624+0000] {crypto.py:82} WARNING - empty cryptography key - values will not be stored encrypted.
[2026-03-31T04:28:09.625+0000] {base.py:84} INFO - Retrieving connection 'db_custom'
[2026-03-31T04:28:09.635+0000] {base.py:84} INFO - Retrieving connection 'db_custom'
[2026-03-31T04:28:09.670+0000] {sql.py:861} INFO - Running statement: INSERT INTO indonesian_stocks (
    date, 
    ticker, 
    close, 
    high, 
    low, 
    open, 
    inserted_at_timestamp_wib
) 
VALUES (
    '2026-03-10', 
    'BBCA.JK', 
    6682.466796875, 
    6754.321278561828, 
    6634.563809083781, 
    6658.515302979391, 
    '2026-03-31 11:27:37' 
)
ON CONFLICT (date, ticker) 
DO NOTHING;, parameters: None
[2026-03-31T04:28:09.678+0000] {sql.py:879} INFO - Rows affected: 1
[2026-03-31T04:28:09.833+0000] {taskinstance.py:349} INFO - ::group::Post task execution logs
[2026-03-31T04:28:09.834+0000] {taskinstance.py:361} INFO - Marking task as SUCCESS. dag_id=dag_get_data_from_yf, task_id=insert_data_task, run_id=manual__2026-03-31T04:27:22+00:00, map_index=21, execution_date=20260331T042722, start_date=20260331T042808, end_date=20260331T042809
[2026-03-31T04:28:10.249+0000] {local_task_job_runner.py:266} INFO - Task exited with return code 0
[2026-03-31T04:28:10.492+0000] {taskinstance.py:3924} INFO - 0 downstream tasks scheduled from follow-on schedule check
[2026-03-31T04:28:10.502+0000] {local_task_job_runner.py:245} INFO - ::endgroup::
