[2026-03-26T10:33:38.032+0000] {local_task_job_runner.py:123} INFO - ::group::Pre task execution logs
[2026-03-26T10:33:38.213+0000] {taskinstance.py:2631} INFO - Dependencies all met for dep_context=non-requeueable deps ti=<TaskInstance: dag_get_data_from_yf.insert_data_task manual__2026-03-26T10:33:03+00:00 map_index=12 [queued]>
[2026-03-26T10:33:38.265+0000] {taskinstance.py:2631} INFO - Dependencies all met for dep_context=requeueable deps ti=<TaskInstance: dag_get_data_from_yf.insert_data_task manual__2026-03-26T10:33:03+00:00 map_index=12 [queued]>
[2026-03-26T10:33:38.266+0000] {taskinstance.py:2884} INFO - Starting attempt 1 of 1
[2026-03-26T10:33:38.424+0000] {taskinstance.py:2907} INFO - Executing <Mapped(SQLExecuteQueryOperator): insert_data_task> on 2026-03-26 10:33:03+00:00
[2026-03-26T10:33:38.531+0000] {standard_task_runner.py:104} INFO - Running: ['***', 'tasks', 'run', 'dag_get_data_from_yf', 'insert_data_task', 'manual__2026-03-26T10:33:03+00:00', '--job-id', '198', '--raw', '--subdir', 'DAGS_FOLDER/get_finance_yf_csv.py', '--cfg-path', '/tmp/tmpo4n5rjog', '--map-index', '12']
[2026-03-26T10:33:38.534+0000] {standard_task_runner.py:105} INFO - Job 198: Subtask insert_data_task
[2026-03-26T10:33:38.553+0000] {logging_mixin.py:190} WARNING - /home/***/.local/lib/python3.12/site-packages/***/task/task_runner/standard_task_runner.py:70 DeprecationWarning: This process (pid=1682) is multi-threaded, use of fork() may lead to deadlocks in the child.
[2026-03-26T10:33:38.571+0000] {standard_task_runner.py:72} INFO - Started process 1978 to run task
[2026-03-26T10:33:38.931+0000] {task_command.py:467} INFO - Running <TaskInstance: dag_get_data_from_yf.insert_data_task manual__2026-03-26T10:33:03+00:00 map_index=12 [running]> on host 10c63b58d04d
[2026-03-26T10:33:39.460+0000] {taskinstance.py:3157} INFO - Exporting env vars: AIRFLOW_CTX_DAG_OWNER='***' AIRFLOW_CTX_DAG_ID='dag_get_data_from_yf' AIRFLOW_CTX_TASK_ID='insert_data_task' AIRFLOW_CTX_EXECUTION_DATE='2026-03-26T10:33:03+00:00' AIRFLOW_CTX_TRY_NUMBER='1' AIRFLOW_CTX_DAG_RUN_ID='manual__2026-03-26T10:33:03+00:00'
[2026-03-26T10:33:39.463+0000] {taskinstance.py:740} INFO - ::endgroup::
[2026-03-26T10:33:39.467+0000] {sql.py:410} INFO - Executing:  INSERT INTO indonesian_stocks (date, ticker, close, high, low, open, inserted_at_timestamp_wib) 
                VALUES ('2026-03-05', 'BBCA.JK', '7100.0', '7125.0', '6950.0', '6975.0', '2026-03-26 10:29:27' )
                ON CONFLICT (date, ticker) DO NOTHING; 
[2026-03-26T10:33:39.469+0000] {crypto.py:82} WARNING - empty cryptography key - values will not be stored encrypted.
[2026-03-26T10:33:39.472+0000] {base.py:84} INFO - Retrieving connection 'db_custom'
[2026-03-26T10:33:39.486+0000] {base.py:84} INFO - Retrieving connection 'db_custom'
[2026-03-26T10:33:39.515+0000] {sql.py:861} INFO - Running statement:  INSERT INTO indonesian_stocks (date, ticker, close, high, low, open, inserted_at_timestamp_wib) 
                VALUES ('2026-03-05', 'BBCA.JK', '7100.0', '7125.0', '6950.0', '6975.0', '2026-03-26 10:29:27' )
                ON CONFLICT (date, ticker) DO NOTHING; , parameters: None
[2026-03-26T10:33:39.541+0000] {sql.py:879} INFO - Rows affected: 0
[2026-03-26T10:33:39.601+0000] {taskinstance.py:349} INFO - ::group::Post task execution logs
[2026-03-26T10:33:39.602+0000] {taskinstance.py:361} INFO - Marking task as SUCCESS. dag_id=dag_get_data_from_yf, task_id=insert_data_task, run_id=manual__2026-03-26T10:33:03+00:00, map_index=12, execution_date=20260326T103303, start_date=20260326T103338, end_date=20260326T103339
[2026-03-26T10:33:39.916+0000] {local_task_job_runner.py:266} INFO - Task exited with return code 0
[2026-03-26T10:33:40.020+0000] {local_task_job_runner.py:245} INFO - ::endgroup::
