[2026-03-13T15:34:20.308+0000] {local_task_job_runner.py:123} INFO - ::group::Pre task execution logs
[2026-03-13T15:34:20.380+0000] {taskinstance.py:2631} INFO - Dependencies all met for dep_context=non-requeueable deps ti=<TaskInstance: dag_get_data_from_yf.olhc_branching.get_csv_low manual__2026-03-13T15:33:35+00:00 [queued]>
[2026-03-13T15:34:20.406+0000] {taskinstance.py:2631} INFO - Dependencies all met for dep_context=requeueable deps ti=<TaskInstance: dag_get_data_from_yf.olhc_branching.get_csv_low manual__2026-03-13T15:33:35+00:00 [queued]>
[2026-03-13T15:34:20.407+0000] {taskinstance.py:2884} INFO - Starting attempt 1 of 1
[2026-03-13T15:34:20.435+0000] {taskinstance.py:2907} INFO - Executing <Task(_PythonDecoratedOperator): olhc_branching.get_csv_low> on 2026-03-13 15:33:35+00:00
[2026-03-13T15:34:20.461+0000] {warnings.py:112} WARNING - /home/***/.local/lib/python3.12/site-packages/***/task/task_runner/standard_task_runner.py:70: DeprecationWarning: This process (pid=264) is multi-threaded, use of fork() may lead to deadlocks in the child.
  pid = os.fork()

[2026-03-13T15:34:20.466+0000] {standard_task_runner.py:72} INFO - Started process 300 to run task
[2026-03-13T15:34:20.474+0000] {standard_task_runner.py:104} INFO - Running: ['***', 'tasks', 'run', 'dag_get_data_from_yf', 'olhc_branching.get_csv_low', 'manual__2026-03-13T15:33:35+00:00', '--job-id', '13684', '--raw', '--subdir', 'DAGS_FOLDER/get_finance_yf_csv.py', '--cfg-path', '/tmp/tmpwdv0iifc']
[2026-03-13T15:34:20.476+0000] {standard_task_runner.py:105} INFO - Job 13684: Subtask olhc_branching.get_csv_low
[2026-03-13T15:34:20.614+0000] {task_command.py:467} INFO - Running <TaskInstance: dag_get_data_from_yf.olhc_branching.get_csv_low manual__2026-03-13T15:33:35+00:00 [running]> on host 5ace8f3c5d5d
[2026-03-13T15:34:21.072+0000] {taskinstance.py:3157} INFO - Exporting env vars: AIRFLOW_CTX_DAG_OWNER='***' AIRFLOW_CTX_DAG_ID='dag_get_data_from_yf' AIRFLOW_CTX_TASK_ID='olhc_branching.get_csv_low' AIRFLOW_CTX_EXECUTION_DATE='2026-03-13T15:33:35+00:00' AIRFLOW_CTX_TRY_NUMBER='1' AIRFLOW_CTX_DAG_RUN_ID='manual__2026-03-13T15:33:35+00:00'
[2026-03-13T15:34:21.075+0000] {logging_mixin.py:190} INFO - Task instance is in running state
[2026-03-13T15:34:21.075+0000] {logging_mixin.py:190} INFO -  Previous state of the Task instance: queued
[2026-03-13T15:34:21.076+0000] {logging_mixin.py:190} INFO - Current task name:olhc_branching.get_csv_low state:running start_date:2026-03-13 15:34:20.381610+00:00
[2026-03-13T15:34:21.077+0000] {logging_mixin.py:190} INFO - Dag name:dag_get_data_from_yf and current dag run status:running
[2026-03-13T15:34:21.077+0000] {taskinstance.py:740} INFO - ::endgroup::
[2026-03-13T15:34:21.090+0000] {logging_mixin.py:190} INFO - None
[2026-03-13T15:34:21.091+0000] {python.py:240} INFO - Done. Returned value was: /opt/***/scripts/saham_indonesia_low.csv
[2026-03-13T15:34:21.159+0000] {taskinstance.py:349} INFO - ::group::Post task execution logs
[2026-03-13T15:34:21.160+0000] {taskinstance.py:361} INFO - Marking task as SUCCESS. dag_id=dag_get_data_from_yf, task_id=olhc_branching.get_csv_low, run_id=manual__2026-03-13T15:33:35+00:00, execution_date=20260313T153335, start_date=20260313T153420, end_date=20260313T153421
[2026-03-13T15:34:21.235+0000] {logging_mixin.py:190} INFO - Task instance in success state
[2026-03-13T15:34:21.236+0000] {logging_mixin.py:190} INFO -  Previous state of the Task instance: running
[2026-03-13T15:34:21.237+0000] {logging_mixin.py:190} INFO - Dag name:dag_get_data_from_yf queued_at:2026-03-13 15:33:42.400510+00:00
[2026-03-13T15:34:21.237+0000] {logging_mixin.py:190} INFO - Task hostname:5ace8f3c5d5d operator:_PythonDecoratedOperator
[2026-03-13T15:34:21.269+0000] {local_task_job_runner.py:266} INFO - Task exited with return code 0
[2026-03-13T15:34:21.324+0000] {taskinstance.py:3924} INFO - 0 downstream tasks scheduled from follow-on schedule check
[2026-03-13T15:34:21.331+0000] {local_task_job_runner.py:245} INFO - ::endgroup::
