[2026-03-11T03:47:09.373+0000] {local_task_job_runner.py:123} INFO - ::group::Pre task execution logs
[2026-03-11T03:47:09.443+0000] {taskinstance.py:2631} INFO - Dependencies all met for dep_context=non-requeueable deps ti=<TaskInstance: dag_get_data_from_yf.get_data_from_yf scheduled__2026-03-11T03:46:00+00:00 [queued]>
[2026-03-11T03:47:09.462+0000] {taskinstance.py:2631} INFO - Dependencies all met for dep_context=requeueable deps ti=<TaskInstance: dag_get_data_from_yf.get_data_from_yf scheduled__2026-03-11T03:46:00+00:00 [queued]>
[2026-03-11T03:47:09.463+0000] {taskinstance.py:2884} INFO - Starting attempt 1 of 1
[2026-03-11T03:47:09.488+0000] {taskinstance.py:2907} INFO - Executing <Task(_PythonDecoratedOperator): get_data_from_yf> on 2026-03-11 03:46:00+00:00
[2026-03-11T03:47:09.511+0000] {warnings.py:112} WARNING - /home/***/.local/lib/python3.12/site-packages/***/task/task_runner/standard_task_runner.py:70: DeprecationWarning: This process (pid=3549) is multi-threaded, use of fork() may lead to deadlocks in the child.
  pid = os.fork()

[2026-03-11T03:47:09.513+0000] {standard_task_runner.py:72} INFO - Started process 3558 to run task
[2026-03-11T03:47:09.517+0000] {standard_task_runner.py:104} INFO - Running: ['***', 'tasks', 'run', 'dag_get_data_from_yf', 'get_data_from_yf', 'scheduled__2026-03-11T03:46:00+00:00', '--job-id', '10251', '--raw', '--subdir', 'DAGS_FOLDER/get_finance_yf_csv.py', '--cfg-path', '/tmp/tmpz66ln8qg']
[2026-03-11T03:47:09.519+0000] {standard_task_runner.py:105} INFO - Job 10251: Subtask get_data_from_yf
[2026-03-11T03:47:09.637+0000] {task_command.py:467} INFO - Running <TaskInstance: dag_get_data_from_yf.get_data_from_yf scheduled__2026-03-11T03:46:00+00:00 [running]> on host ea47c22639fa
[2026-03-11T03:47:09.832+0000] {taskinstance.py:3157} INFO - Exporting env vars: AIRFLOW_CTX_DAG_OWNER='***' AIRFLOW_CTX_DAG_ID='dag_get_data_from_yf' AIRFLOW_CTX_TASK_ID='get_data_from_yf' AIRFLOW_CTX_EXECUTION_DATE='2026-03-11T03:46:00+00:00' AIRFLOW_CTX_TRY_NUMBER='1' AIRFLOW_CTX_DAG_RUN_ID='scheduled__2026-03-11T03:46:00+00:00'
[2026-03-11T03:47:09.835+0000] {logging_mixin.py:190} INFO - Task instance is in running state
[2026-03-11T03:47:09.835+0000] {logging_mixin.py:190} INFO -  Previous state of the Task instance: queued
[2026-03-11T03:47:09.836+0000] {logging_mixin.py:190} INFO - Current task name:get_data_from_yf state:running start_date:2026-03-11 03:47:09.444386+00:00
[2026-03-11T03:47:09.836+0000] {logging_mixin.py:190} INFO - Dag name:dag_get_data_from_yf and current dag run status:running
[2026-03-11T03:47:09.836+0000] {taskinstance.py:740} INFO - ::endgroup::
[2026-03-11T03:47:09.838+0000] {logging_mixin.py:190} INFO - Ini string user: None
[2026-03-11T03:47:10.341+0000] {logging_mixin.py:190} WARNING - [                       0%                       ]
[2026-03-11T03:47:10.409+0000] {logging_mixin.py:190} WARNING - [**********************67%*******                ]  2 of 3 completed
[2026-03-11T03:47:10.417+0000] {logging_mixin.py:190} WARNING - [*********************100%***********************]  3 of 3 completed
[2026-03-11T03:47:10.447+0000] {logging_mixin.py:190} INFO - None
[2026-03-11T03:47:10.448+0000] {python.py:240} INFO - Done. Returned value was: Price             Close               ...         Open             
Ticker          BBCA.JK      BBRI.JK  ...      BBRI.JK      BMRI.JK
Date                                  ...                          
2025-03-11  8601.719727  3452.319336  ...  3370.338138  4141.286976
2025-03-12  8794.475586  3543.409424  ...  3470.537251  4230.347080
2025-03-13  8649.909180  3461.428223  ...  3607.172569  4399.560788
2025-03-14  8433.059570  3415.883301  ...  3415.883301  4132.380983
2025-03-17  8288.492188  3488.755127  ...  3443.210021  4221.440843
...                 ...          ...  ...          ...          ...
2026-03-05  7100.000000  3750.000000  ...  3720.000000  5025.000000
2026-03-06  7000.000000  3670.000000  ...  3750.000000  5075.000000
2026-03-09  6875.000000  3570.000000  ...  3590.000000  4800.000000
2026-03-10  6975.000000  3560.000000  ...  3600.000000  4920.000000
2026-03-11  6950.000000  3580.000000  ...  3580.000000  4930.000000

[237 rows x 12 columns]
[2026-03-11T03:47:10.638+0000] {taskinstance.py:349} INFO - ::group::Post task execution logs
[2026-03-11T03:47:10.639+0000] {taskinstance.py:361} INFO - Marking task as SUCCESS. dag_id=dag_get_data_from_yf, task_id=get_data_from_yf, run_id=scheduled__2026-03-11T03:46:00+00:00, execution_date=20260311T034600, start_date=20260311T034709, end_date=20260311T034710
[2026-03-11T03:47:10.700+0000] {logging_mixin.py:190} INFO - Task instance in success state
[2026-03-11T03:47:10.701+0000] {logging_mixin.py:190} INFO -  Previous state of the Task instance: running
[2026-03-11T03:47:10.701+0000] {logging_mixin.py:190} INFO - Dag name:dag_get_data_from_yf queued_at:2026-03-11 03:47:00.231909+00:00
[2026-03-11T03:47:10.702+0000] {logging_mixin.py:190} INFO - Task hostname:ea47c22639fa operator:_PythonDecoratedOperator
[2026-03-11T03:47:10.724+0000] {local_task_job_runner.py:266} INFO - Task exited with return code 0
[2026-03-11T03:47:10.751+0000] {local_task_job_runner.py:245} INFO - ::endgroup::
