[2026-03-12T09:50:29.887+0000] {local_task_job_runner.py:123} INFO - ::group::Pre task execution logs
[2026-03-12T09:50:29.975+0000] {taskinstance.py:2631} INFO - Dependencies all met for dep_context=non-requeueable deps ti=<TaskInstance: dag_get_data_from_yf.get_csv_low scheduled__2026-03-12T06:45:00+00:00 [queued]>
[2026-03-12T09:50:30.001+0000] {taskinstance.py:2631} INFO - Dependencies all met for dep_context=requeueable deps ti=<TaskInstance: dag_get_data_from_yf.get_csv_low scheduled__2026-03-12T06:45:00+00:00 [queued]>
[2026-03-12T09:50:30.002+0000] {taskinstance.py:2884} INFO - Starting attempt 2 of 2
[2026-03-12T09:50:30.070+0000] {taskinstance.py:2907} INFO - Executing <Task(_PythonDecoratedOperator): get_csv_low> on 2026-03-12 06:45:00+00:00
[2026-03-12T09:50:30.099+0000] {warnings.py:112} WARNING - /home/***/.local/lib/python3.12/site-packages/***/task/task_runner/standard_task_runner.py:70: DeprecationWarning: This process (pid=6971) is multi-threaded, use of fork() may lead to deadlocks in the child.
  pid = os.fork()

[2026-03-12T09:50:30.108+0000] {standard_task_runner.py:72} INFO - Started process 7052 to run task
[2026-03-12T09:50:30.110+0000] {standard_task_runner.py:104} INFO - Running: ['***', 'tasks', 'run', 'dag_get_data_from_yf', 'get_csv_low', 'scheduled__2026-03-12T06:45:00+00:00', '--job-id', '12334', '--raw', '--subdir', 'DAGS_FOLDER/get_finance_yf_csv.py', '--cfg-path', '/tmp/tmpf12cvhiu']
[2026-03-12T09:50:30.112+0000] {standard_task_runner.py:105} INFO - Job 12334: Subtask get_csv_low
[2026-03-12T09:50:30.404+0000] {task_command.py:467} INFO - Running <TaskInstance: dag_get_data_from_yf.get_csv_low scheduled__2026-03-12T06:45:00+00:00 [running]> on host 80e0d0cbfa54
[2026-03-12T09:50:31.598+0000] {taskinstance.py:3157} INFO - Exporting env vars: AIRFLOW_CTX_DAG_OWNER='***' AIRFLOW_CTX_DAG_ID='dag_get_data_from_yf' AIRFLOW_CTX_TASK_ID='get_csv_low' AIRFLOW_CTX_EXECUTION_DATE='2026-03-12T06:45:00+00:00' AIRFLOW_CTX_TRY_NUMBER='2' AIRFLOW_CTX_DAG_RUN_ID='scheduled__2026-03-12T06:45:00+00:00'
[2026-03-12T09:50:31.604+0000] {logging_mixin.py:190} INFO - Task instance is in running state
[2026-03-12T09:50:31.605+0000] {logging_mixin.py:190} INFO -  Previous state of the Task instance: queued
[2026-03-12T09:50:31.605+0000] {logging_mixin.py:190} INFO - Current task name:get_csv_low state:running start_date:2026-03-12 09:50:29.976826+00:00
[2026-03-12T09:50:31.606+0000] {logging_mixin.py:190} INFO - Dag name:dag_get_data_from_yf and current dag run status:running
[2026-03-12T09:50:31.606+0000] {taskinstance.py:740} INFO - ::endgroup::
[2026-03-12T09:50:31.616+0000] {logging_mixin.py:190} INFO - None
[2026-03-12T09:50:31.618+0000] {python.py:240} INFO - Done. Returned value was: /opt/***/scripts/saham_indonesia_low.csv
[2026-03-12T09:50:31.731+0000] {taskinstance.py:349} INFO - ::group::Post task execution logs
[2026-03-12T09:50:31.738+0000] {taskinstance.py:361} INFO - Marking task as SUCCESS. dag_id=dag_get_data_from_yf, task_id=get_csv_low, run_id=scheduled__2026-03-12T06:45:00+00:00, execution_date=20260312T064500, start_date=20260312T095029, end_date=20260312T095031
[2026-03-12T09:50:31.988+0000] {logging_mixin.py:190} INFO - Task instance in success state
[2026-03-12T09:50:31.989+0000] {logging_mixin.py:190} INFO -  Previous state of the Task instance: running
[2026-03-12T09:50:31.990+0000] {logging_mixin.py:190} INFO - Dag name:dag_get_data_from_yf queued_at:2026-03-12 09:49:03.380522+00:00
[2026-03-12T09:50:31.990+0000] {logging_mixin.py:190} INFO - Task hostname:80e0d0cbfa54 operator:_PythonDecoratedOperator
[2026-03-12T09:50:32.025+0000] {local_task_job_runner.py:266} INFO - Task exited with return code 0
[2026-03-12T09:50:32.136+0000] {taskinstance.py:3924} INFO - 0 downstream tasks scheduled from follow-on schedule check
[2026-03-12T09:50:32.141+0000] {local_task_job_runner.py:245} INFO - ::endgroup::
