[2026-03-09T02:34:27.995+0000] {local_task_job_runner.py:123} INFO - ::group::Pre task execution logs
[2026-03-09T02:34:28.065+0000] {taskinstance.py:2631} INFO - Dependencies all met for dep_context=non-requeueable deps ti=<TaskInstance: dag_get_data_from_yf.combine_csv scheduled__2026-03-09T02:33:00+00:00 [queued]>
[2026-03-09T02:34:28.093+0000] {taskinstance.py:2631} INFO - Dependencies all met for dep_context=requeueable deps ti=<TaskInstance: dag_get_data_from_yf.combine_csv scheduled__2026-03-09T02:33:00+00:00 [queued]>
[2026-03-09T02:34:28.094+0000] {taskinstance.py:2884} INFO - Starting attempt 1 of 1
[2026-03-09T02:34:28.124+0000] {taskinstance.py:2907} INFO - Executing <Task(_PythonDecoratedOperator): combine_csv> on 2026-03-09 02:33:00+00:00
[2026-03-09T02:34:28.145+0000] {warnings.py:112} WARNING - /home/***/.local/lib/python3.12/site-packages/***/task/task_runner/standard_task_runner.py:70: DeprecationWarning: This process (pid=3945) is multi-threaded, use of fork() may lead to deadlocks in the child.
  pid = os.fork()

[2026-03-09T02:34:28.148+0000] {standard_task_runner.py:72} INFO - Started process 3947 to run task
[2026-03-09T02:34:28.150+0000] {standard_task_runner.py:104} INFO - Running: ['***', 'tasks', 'run', 'dag_get_data_from_yf', 'combine_csv', 'scheduled__2026-03-09T02:33:00+00:00', '--job-id', '4988', '--raw', '--subdir', 'DAGS_FOLDER/get_finance_yf_csv.py', '--cfg-path', '/tmp/tmp5x8_nghr']
[2026-03-09T02:34:28.152+0000] {standard_task_runner.py:105} INFO - Job 4988: Subtask combine_csv
[2026-03-09T02:34:28.248+0000] {task_command.py:467} INFO - Running <TaskInstance: dag_get_data_from_yf.combine_csv scheduled__2026-03-09T02:33:00+00:00 [running]> on host 0b29540d368e
[2026-03-09T02:34:28.418+0000] {taskinstance.py:3157} INFO - Exporting env vars: AIRFLOW_CTX_DAG_OWNER='***' AIRFLOW_CTX_DAG_ID='dag_get_data_from_yf' AIRFLOW_CTX_TASK_ID='combine_csv' AIRFLOW_CTX_EXECUTION_DATE='2026-03-09T02:33:00+00:00' AIRFLOW_CTX_TRY_NUMBER='1' AIRFLOW_CTX_DAG_RUN_ID='scheduled__2026-03-09T02:33:00+00:00'
[2026-03-09T02:34:28.420+0000] {logging_mixin.py:190} INFO - Task instance is in running state
[2026-03-09T02:34:28.420+0000] {logging_mixin.py:190} INFO -  Previous state of the Task instance: queued
[2026-03-09T02:34:28.421+0000] {logging_mixin.py:190} INFO - Current task name:combine_csv state:running start_date:2026-03-09 02:34:28.066976+00:00
[2026-03-09T02:34:28.421+0000] {logging_mixin.py:190} INFO - Dag name:dag_get_data_from_yf and current dag run status:running
[2026-03-09T02:34:28.421+0000] {taskinstance.py:740} INFO - ::endgroup::
[2026-03-09T02:34:28.422+0000] {python.py:240} INFO - Done. Returned value was: None
[2026-03-09T02:34:28.445+0000] {taskinstance.py:349} INFO - ::group::Post task execution logs
[2026-03-09T02:34:28.446+0000] {taskinstance.py:361} INFO - Marking task as SUCCESS. dag_id=dag_get_data_from_yf, task_id=combine_csv, run_id=scheduled__2026-03-09T02:33:00+00:00, execution_date=20260309T023300, start_date=20260309T023428, end_date=20260309T023428
[2026-03-09T02:34:28.498+0000] {logging_mixin.py:190} INFO - Task instance in success state
[2026-03-09T02:34:28.499+0000] {logging_mixin.py:190} INFO -  Previous state of the Task instance: running
[2026-03-09T02:34:28.499+0000] {logging_mixin.py:190} INFO - Dag name:dag_get_data_from_yf queued_at:2026-03-09 02:34:00.121405+00:00
[2026-03-09T02:34:28.500+0000] {logging_mixin.py:190} INFO - Task hostname:0b29540d368e operator:_PythonDecoratedOperator
[2026-03-09T02:34:28.511+0000] {local_task_job_runner.py:266} INFO - Task exited with return code 0
[2026-03-09T02:34:28.557+0000] {taskinstance.py:3924} INFO - 1 downstream tasks scheduled from follow-on schedule check
[2026-03-09T02:34:28.560+0000] {local_task_job_runner.py:245} INFO - ::endgroup::
