[2026-03-23T16:57:45.828+0000] {local_task_job_runner.py:123} INFO - ::group::Pre task execution logs
[2026-03-23T16:57:45.871+0000] {taskinstance.py:2631} INFO - Dependencies all met for dep_context=non-requeueable deps ti=<TaskInstance: dag_get_data_from_yf.setup_db_conn.add_db_custom_conn manual__2026-03-23T16:57:30+00:00 [queued]>
[2026-03-23T16:57:45.884+0000] {taskinstance.py:2631} INFO - Dependencies all met for dep_context=requeueable deps ti=<TaskInstance: dag_get_data_from_yf.setup_db_conn.add_db_custom_conn manual__2026-03-23T16:57:30+00:00 [queued]>
[2026-03-23T16:57:45.885+0000] {taskinstance.py:2884} INFO - Starting attempt 1 of 1
[2026-03-23T16:57:45.905+0000] {taskinstance.py:2907} INFO - Executing <Task(BashOperator): setup_db_conn.add_db_custom_conn> on 2026-03-23 16:57:30+00:00
[2026-03-23T16:57:45.916+0000] {warnings.py:112} WARNING - /home/***/.local/lib/python3.12/site-packages/***/task/task_runner/standard_task_runner.py:70: DeprecationWarning: This process (pid=250) is multi-threaded, use of fork() may lead to deadlocks in the child.
  pid = os.fork()

[2026-03-23T16:57:45.918+0000] {standard_task_runner.py:72} INFO - Started process 254 to run task
[2026-03-23T16:57:45.920+0000] {standard_task_runner.py:104} INFO - Running: ['***', 'tasks', 'run', 'dag_get_data_from_yf', 'setup_db_conn.add_db_custom_conn', 'manual__2026-03-23T16:57:30+00:00', '--job-id', '2476', '--raw', '--subdir', 'DAGS_FOLDER/get_finance_yf_csv.py', '--cfg-path', '/tmp/tmpvf70ibxj']
[2026-03-23T16:57:45.922+0000] {standard_task_runner.py:105} INFO - Job 2476: Subtask setup_db_conn.add_db_custom_conn
[2026-03-23T16:57:46.016+0000] {task_command.py:467} INFO - Running <TaskInstance: dag_get_data_from_yf.setup_db_conn.add_db_custom_conn manual__2026-03-23T16:57:30+00:00 [running]> on host e247b1da77e7
[2026-03-23T16:57:46.175+0000] {taskinstance.py:3157} INFO - Exporting env vars: AIRFLOW_CTX_DAG_OWNER='***' AIRFLOW_CTX_DAG_ID='dag_get_data_from_yf' AIRFLOW_CTX_TASK_ID='setup_db_conn.add_db_custom_conn' AIRFLOW_CTX_EXECUTION_DATE='2026-03-23T16:57:30+00:00' AIRFLOW_CTX_TRY_NUMBER='1' AIRFLOW_CTX_DAG_RUN_ID='manual__2026-03-23T16:57:30+00:00'
[2026-03-23T16:57:46.177+0000] {logging_mixin.py:190} INFO - Task instance is in running state
[2026-03-23T16:57:46.177+0000] {logging_mixin.py:190} INFO -  Previous state of the Task instance: queued
[2026-03-23T16:57:46.178+0000] {logging_mixin.py:190} INFO - Current task name:setup_db_conn.add_db_custom_conn state:running start_date:2026-03-23 16:57:45.872630+00:00
[2026-03-23T16:57:46.178+0000] {logging_mixin.py:190} INFO - Dag name:dag_get_data_from_yf and current dag run status:running
[2026-03-23T16:57:46.178+0000] {taskinstance.py:740} INFO - ::endgroup::
[2026-03-23T16:57:46.179+0000] {subprocess.py:78} INFO - Tmp dir root location: /tmp
[2026-03-23T16:57:46.181+0000] {subprocess.py:88} INFO - Running command: ['/usr/bin/bash', '-c', 'sh /opt/***/scripts/setup_db_custom_conn.sh /opt/***/scripts/dbcustomconn_output1.txt']
[2026-03-23T16:57:46.202+0000] {subprocess.py:99} INFO - Output:
[2026-03-23T16:57:46.283+0000] {subprocess.py:106} INFO - failed to connect to the docker API at unix:///var/run/docker.sock; check if the path is correct and if the daemon is running: dial unix /var/run/docker.sock: connect: no such file or directory
[2026-03-23T16:57:46.310+0000] {subprocess.py:106} INFO - failed to connect to the docker API at unix:///var/run/docker.sock; check if the path is correct and if the daemon is running: dial unix /var/run/docker.sock: connect: no such file or directory
[2026-03-23T16:57:46.313+0000] {subprocess.py:110} INFO - Command exited with return code 0
[2026-03-23T16:57:46.368+0000] {taskinstance.py:349} INFO - ::group::Post task execution logs
[2026-03-23T16:57:46.369+0000] {taskinstance.py:361} INFO - Marking task as SUCCESS. dag_id=dag_get_data_from_yf, task_id=setup_db_conn.add_db_custom_conn, run_id=manual__2026-03-23T16:57:30+00:00, execution_date=20260323T165730, start_date=20260323T165745, end_date=20260323T165746
[2026-03-23T16:57:46.414+0000] {logging_mixin.py:190} INFO - Task instance in success state
[2026-03-23T16:57:46.415+0000] {logging_mixin.py:190} INFO -  Previous state of the Task instance: running
[2026-03-23T16:57:46.415+0000] {logging_mixin.py:190} INFO - Dag name:dag_get_data_from_yf queued_at:2026-03-23 16:57:37.086289+00:00
[2026-03-23T16:57:46.416+0000] {logging_mixin.py:190} INFO - Task hostname:e247b1da77e7 operator:BashOperator
[2026-03-23T16:57:46.428+0000] {local_task_job_runner.py:266} INFO - Task exited with return code 0
[2026-03-23T16:57:46.498+0000] {taskinstance.py:3924} INFO - 1 downstream tasks scheduled from follow-on schedule check
[2026-03-23T16:57:46.501+0000] {local_task_job_runner.py:245} INFO - ::endgroup::
