[2026-03-11T03:10:44.626+0000] {local_task_job_runner.py:123} INFO - ::group::Pre task execution logs
[2026-03-11T03:10:44.712+0000] {taskinstance.py:2631} INFO - Dependencies all met for dep_context=non-requeueable deps ti=<TaskInstance: dag_get_data_from_yf.combine_csv scheduled__2026-03-11T03:08:00+00:00 [queued]>
[2026-03-11T03:10:44.750+0000] {taskinstance.py:2631} INFO - Dependencies all met for dep_context=requeueable deps ti=<TaskInstance: dag_get_data_from_yf.combine_csv scheduled__2026-03-11T03:08:00+00:00 [queued]>
[2026-03-11T03:10:44.751+0000] {taskinstance.py:2884} INFO - Starting attempt 1 of 1
[2026-03-11T03:10:44.779+0000] {taskinstance.py:2907} INFO - Executing <Task(_PythonDecoratedOperator): combine_csv> on 2026-03-11 03:08:00+00:00
[2026-03-11T03:10:44.798+0000] {warnings.py:112} WARNING - /home/***/.local/lib/python3.12/site-packages/***/task/task_runner/standard_task_runner.py:70: DeprecationWarning: This process (pid=336) is multi-threaded, use of fork() may lead to deadlocks in the child.
  pid = os.fork()

[2026-03-11T03:10:44.804+0000] {standard_task_runner.py:72} INFO - Started process 343 to run task
[2026-03-11T03:10:44.805+0000] {standard_task_runner.py:104} INFO - Running: ['***', 'tasks', 'run', 'dag_get_data_from_yf', 'combine_csv', 'scheduled__2026-03-11T03:08:00+00:00', '--job-id', '9900', '--raw', '--subdir', 'DAGS_FOLDER/get_finance_yf_csv.py', '--cfg-path', '/tmp/tmpbsxyokn7']
[2026-03-11T03:10:44.807+0000] {standard_task_runner.py:105} INFO - Job 9900: Subtask combine_csv
[2026-03-11T03:10:44.942+0000] {task_command.py:467} INFO - Running <TaskInstance: dag_get_data_from_yf.combine_csv scheduled__2026-03-11T03:08:00+00:00 [running]> on host ea47c22639fa
[2026-03-11T03:10:45.196+0000] {taskinstance.py:3157} INFO - Exporting env vars: AIRFLOW_CTX_DAG_OWNER='***' AIRFLOW_CTX_DAG_ID='dag_get_data_from_yf' AIRFLOW_CTX_TASK_ID='combine_csv' AIRFLOW_CTX_EXECUTION_DATE='2026-03-11T03:08:00+00:00' AIRFLOW_CTX_TRY_NUMBER='1' AIRFLOW_CTX_DAG_RUN_ID='scheduled__2026-03-11T03:08:00+00:00'
[2026-03-11T03:10:45.199+0000] {logging_mixin.py:190} INFO - Task instance is in running state
[2026-03-11T03:10:45.203+0000] {logging_mixin.py:190} INFO -  Previous state of the Task instance: queued
[2026-03-11T03:10:45.204+0000] {logging_mixin.py:190} INFO - Current task name:combine_csv state:running start_date:2026-03-11 03:10:44.716920+00:00
[2026-03-11T03:10:45.204+0000] {logging_mixin.py:190} INFO - Dag name:dag_get_data_from_yf and current dag run status:running
[2026-03-11T03:10:45.205+0000] {taskinstance.py:740} INFO - ::endgroup::
[2026-03-11T03:10:45.267+0000] {logging_mixin.py:190} INFO - None
[2026-03-11T03:10:45.273+0000] {python.py:240} INFO - Done. Returned value was: /opt/***/scripts/saham_indonesia_all.csv
[2026-03-11T03:10:45.399+0000] {taskinstance.py:349} INFO - ::group::Post task execution logs
[2026-03-11T03:10:45.400+0000] {taskinstance.py:361} INFO - Marking task as SUCCESS. dag_id=dag_get_data_from_yf, task_id=combine_csv, run_id=scheduled__2026-03-11T03:08:00+00:00, execution_date=20260311T030800, start_date=20260311T031044, end_date=20260311T031045
[2026-03-11T03:10:45.516+0000] {logging_mixin.py:190} INFO - Task instance in success state
[2026-03-11T03:10:45.517+0000] {logging_mixin.py:190} INFO -  Previous state of the Task instance: running
[2026-03-11T03:10:45.517+0000] {logging_mixin.py:190} INFO - Dag name:dag_get_data_from_yf queued_at:2026-03-11 03:09:00.510586+00:00
[2026-03-11T03:10:45.518+0000] {logging_mixin.py:190} INFO - Task hostname:ea47c22639fa operator:_PythonDecoratedOperator
[2026-03-11T03:10:45.552+0000] {local_task_job_runner.py:266} INFO - Task exited with return code 0
[2026-03-11T03:10:45.653+0000] {taskinstance.py:3924} INFO - 1 downstream tasks scheduled from follow-on schedule check
[2026-03-11T03:10:45.663+0000] {local_task_job_runner.py:245} INFO - ::endgroup::
