[2026-03-07T09:32:26.427+0000] {local_task_job_runner.py:123} INFO - ::group::Pre task execution logs
[2026-03-07T09:32:26.516+0000] {taskinstance.py:2631} INFO - Dependencies all met for dep_context=non-requeueable deps ti=<TaskInstance: dag_get_data_from_yf.get_csv_high scheduled__2026-03-07T09:31:00+00:00 [queued]>
[2026-03-07T09:32:26.540+0000] {taskinstance.py:2631} INFO - Dependencies all met for dep_context=requeueable deps ti=<TaskInstance: dag_get_data_from_yf.get_csv_high scheduled__2026-03-07T09:31:00+00:00 [queued]>
[2026-03-07T09:32:26.541+0000] {taskinstance.py:2884} INFO - Starting attempt 1 of 1
[2026-03-07T09:32:26.574+0000] {taskinstance.py:2907} INFO - Executing <Task(_PythonDecoratedOperator): get_csv_high> on 2026-03-07 09:31:00+00:00
[2026-03-07T09:32:26.592+0000] {warnings.py:112} WARNING - /home/***/.local/lib/python3.12/site-packages/***/task/task_runner/standard_task_runner.py:70: DeprecationWarning: This process (pid=176) is multi-threaded, use of fork() may lead to deadlocks in the child.
  pid = os.fork()

[2026-03-07T09:32:26.595+0000] {standard_task_runner.py:72} INFO - Started process 223 to run task
[2026-03-07T09:32:26.603+0000] {standard_task_runner.py:104} INFO - Running: ['***', 'tasks', 'run', 'dag_get_data_from_yf', 'get_csv_high', 'scheduled__2026-03-07T09:31:00+00:00', '--job-id', '3830', '--raw', '--subdir', 'DAGS_FOLDER/get_finance_yf_csv.py', '--cfg-path', '/tmp/tmpn3wik3bu']
[2026-03-07T09:32:26.605+0000] {standard_task_runner.py:105} INFO - Job 3830: Subtask get_csv_high
[2026-03-07T09:32:26.823+0000] {task_command.py:467} INFO - Running <TaskInstance: dag_get_data_from_yf.get_csv_high scheduled__2026-03-07T09:31:00+00:00 [running]> on host 7b8385e6caab
[2026-03-07T09:32:27.489+0000] {taskinstance.py:3157} INFO - Exporting env vars: AIRFLOW_CTX_DAG_OWNER='***' AIRFLOW_CTX_DAG_ID='dag_get_data_from_yf' AIRFLOW_CTX_TASK_ID='get_csv_high' AIRFLOW_CTX_EXECUTION_DATE='2026-03-07T09:31:00+00:00' AIRFLOW_CTX_TRY_NUMBER='1' AIRFLOW_CTX_DAG_RUN_ID='scheduled__2026-03-07T09:31:00+00:00'
[2026-03-07T09:32:27.492+0000] {logging_mixin.py:190} INFO - Task instance is in running state
[2026-03-07T09:32:27.493+0000] {logging_mixin.py:190} INFO -  Previous state of the Task instance: queued
[2026-03-07T09:32:27.493+0000] {logging_mixin.py:190} INFO - Current task name:get_csv_high state:running start_date:2026-03-07 09:32:26.517383+00:00
[2026-03-07T09:32:27.493+0000] {logging_mixin.py:190} INFO - Dag name:dag_get_data_from_yf and current dag run status:running
[2026-03-07T09:32:27.494+0000] {taskinstance.py:740} INFO - ::endgroup::
[2026-03-07T09:32:27.505+0000] {python.py:240} INFO - Done. Returned value was: None
[2026-03-07T09:32:27.536+0000] {taskinstance.py:349} INFO - ::group::Post task execution logs
[2026-03-07T09:32:27.536+0000] {taskinstance.py:361} INFO - Marking task as SUCCESS. dag_id=dag_get_data_from_yf, task_id=get_csv_high, run_id=scheduled__2026-03-07T09:31:00+00:00, execution_date=20260307T093100, start_date=20260307T093226, end_date=20260307T093227
[2026-03-07T09:32:27.594+0000] {logging_mixin.py:190} INFO - Task instance in success state
[2026-03-07T09:32:27.595+0000] {logging_mixin.py:190} INFO -  Previous state of the Task instance: running
[2026-03-07T09:32:27.596+0000] {logging_mixin.py:190} INFO - Dag name:dag_get_data_from_yf queued_at:2026-03-07 09:32:00.342697+00:00
[2026-03-07T09:32:27.596+0000] {logging_mixin.py:190} INFO - Task hostname:7b8385e6caab operator:_PythonDecoratedOperator
[2026-03-07T09:32:27.620+0000] {local_task_job_runner.py:266} INFO - Task exited with return code 0
[2026-03-07T09:32:27.703+0000] {taskinstance.py:3924} INFO - 1 downstream tasks scheduled from follow-on schedule check
[2026-03-07T09:32:27.708+0000] {local_task_job_runner.py:245} INFO - ::endgroup::
