[2026-03-26T04:12:22.957+0000] {local_task_job_runner.py:123} INFO - ::group::Pre task execution logs
[2026-03-26T04:12:23.167+0000] {taskinstance.py:2631} INFO - Dependencies all met for dep_context=non-requeueable deps ti=<TaskInstance: dag_get_data_from_yf.insert_data_task manual__2026-03-26T04:11:52+00:00 map_index=8 [queued]>
[2026-03-26T04:12:23.234+0000] {taskinstance.py:2631} INFO - Dependencies all met for dep_context=requeueable deps ti=<TaskInstance: dag_get_data_from_yf.insert_data_task manual__2026-03-26T04:11:52+00:00 map_index=8 [queued]>
[2026-03-26T04:12:23.241+0000] {taskinstance.py:2884} INFO - Starting attempt 1 of 1
[2026-03-26T04:12:23.356+0000] {taskinstance.py:2907} INFO - Executing <Mapped(SQLExecuteQueryOperator): insert_data_task> on 2026-03-26 04:11:52+00:00
[2026-03-26T04:12:23.484+0000] {standard_task_runner.py:104} INFO - Running: ['***', 'tasks', 'run', 'dag_get_data_from_yf', 'insert_data_task', 'manual__2026-03-26T04:11:52+00:00', '--job-id', '32', '--raw', '--subdir', 'DAGS_FOLDER/get_finance_yf_csv.py', '--cfg-path', '/tmp/tmpsc6kau3l', '--map-index', '8']
[2026-03-26T04:12:23.491+0000] {standard_task_runner.py:105} INFO - Job 32: Subtask insert_data_task
[2026-03-26T04:12:23.559+0000] {logging_mixin.py:190} WARNING - /home/***/.local/lib/python3.12/site-packages/***/task/task_runner/standard_task_runner.py:70 DeprecationWarning: This process (pid=1457) is multi-threaded, use of fork() may lead to deadlocks in the child.
[2026-03-26T04:12:23.583+0000] {standard_task_runner.py:72} INFO - Started process 1741 to run task
[2026-03-26T04:12:23.801+0000] {task_command.py:467} INFO - Running <TaskInstance: dag_get_data_from_yf.insert_data_task manual__2026-03-26T04:11:52+00:00 map_index=8 [running]> on host f77800151ff9
[2026-03-26T04:12:24.569+0000] {taskinstance.py:3157} INFO - Exporting env vars: AIRFLOW_CTX_DAG_OWNER='***' AIRFLOW_CTX_DAG_ID='dag_get_data_from_yf' AIRFLOW_CTX_TASK_ID='insert_data_task' AIRFLOW_CTX_EXECUTION_DATE='2026-03-26T04:11:52+00:00' AIRFLOW_CTX_TRY_NUMBER='1' AIRFLOW_CTX_DAG_RUN_ID='manual__2026-03-26T04:11:52+00:00'
[2026-03-26T04:12:24.574+0000] {taskinstance.py:740} INFO - ::endgroup::
[2026-03-26T04:12:24.596+0000] {sql.py:410} INFO - Executing:  INSERT INTO indonesian_stocks (date, ticker, close, high, low, open, inserted_at_timestamp_wib) 
                VALUES ('2026-03-03', 'BMRI.JK', '5100.0', '5175.0', '5050.0', '5100.0', '2026-03-26 11:12:03' )
                ON CONFLICT (date, ticker) DO NOTHING; 
[2026-03-26T04:12:24.601+0000] {crypto.py:82} WARNING - empty cryptography key - values will not be stored encrypted.
[2026-03-26T04:12:24.610+0000] {base.py:84} INFO - Retrieving connection 'db_custom'
[2026-03-26T04:12:24.636+0000] {base.py:84} INFO - Retrieving connection 'db_custom'
[2026-03-26T04:12:24.667+0000] {sql.py:861} INFO - Running statement:  INSERT INTO indonesian_stocks (date, ticker, close, high, low, open, inserted_at_timestamp_wib) 
                VALUES ('2026-03-03', 'BMRI.JK', '5100.0', '5175.0', '5050.0', '5100.0', '2026-03-26 11:12:03' )
                ON CONFLICT (date, ticker) DO NOTHING; , parameters: None
[2026-03-26T04:12:24.681+0000] {sql.py:879} INFO - Rows affected: 1
[2026-03-26T04:12:24.839+0000] {taskinstance.py:349} INFO - ::group::Post task execution logs
[2026-03-26T04:12:24.840+0000] {taskinstance.py:361} INFO - Marking task as SUCCESS. dag_id=dag_get_data_from_yf, task_id=insert_data_task, run_id=manual__2026-03-26T04:11:52+00:00, map_index=8, execution_date=20260326T041152, start_date=20260326T041223, end_date=20260326T041224
[2026-03-26T04:12:25.097+0000] {local_task_job_runner.py:266} INFO - Task exited with return code 0
[2026-03-26T04:12:25.214+0000] {taskinstance.py:3924} INFO - 0 downstream tasks scheduled from follow-on schedule check
[2026-03-26T04:12:25.222+0000] {local_task_job_runner.py:245} INFO - ::endgroup::
