[2026-03-17T01:57:19.792+0000] {local_task_job_runner.py:123} INFO - ::group::Pre task execution logs
[2026-03-17T01:57:19.893+0000] {taskinstance.py:2631} INFO - Dependencies all met for dep_context=non-requeueable deps ti=<TaskInstance: dag_get_data_from_yf.olhc_branching.get_csv_low manual__2026-03-17T01:56:45+00:00 [queued]>
[2026-03-17T01:57:19.914+0000] {taskinstance.py:2631} INFO - Dependencies all met for dep_context=requeueable deps ti=<TaskInstance: dag_get_data_from_yf.olhc_branching.get_csv_low manual__2026-03-17T01:56:45+00:00 [queued]>
[2026-03-17T01:57:19.915+0000] {taskinstance.py:2884} INFO - Starting attempt 1 of 1
[2026-03-17T01:57:19.971+0000] {taskinstance.py:2907} INFO - Executing <Task(_PythonDecoratedOperator): olhc_branching.get_csv_low> on 2026-03-17 01:56:45+00:00
[2026-03-17T01:57:19.994+0000] {warnings.py:112} WARNING - /home/***/.local/lib/python3.12/site-packages/***/task/task_runner/standard_task_runner.py:70: DeprecationWarning: This process (pid=2479) is multi-threaded, use of fork() may lead to deadlocks in the child.
  pid = os.fork()

[2026-03-17T01:57:19.997+0000] {standard_task_runner.py:72} INFO - Started process 2488 to run task
[2026-03-17T01:57:20.003+0000] {standard_task_runner.py:104} INFO - Running: ['***', 'tasks', 'run', 'dag_get_data_from_yf', 'olhc_branching.get_csv_low', 'manual__2026-03-17T01:56:45+00:00', '--job-id', '1798', '--raw', '--subdir', 'DAGS_FOLDER/get_finance_yf_csv.py', '--cfg-path', '/tmp/tmpepvw25gz']
[2026-03-17T01:57:20.005+0000] {standard_task_runner.py:105} INFO - Job 1798: Subtask olhc_branching.get_csv_low
[2026-03-17T01:57:20.197+0000] {task_command.py:467} INFO - Running <TaskInstance: dag_get_data_from_yf.olhc_branching.get_csv_low manual__2026-03-17T01:56:45+00:00 [running]> on host 245fc8f76c1e
[2026-03-17T01:57:20.603+0000] {taskinstance.py:3157} INFO - Exporting env vars: AIRFLOW_CTX_DAG_OWNER='***' AIRFLOW_CTX_DAG_ID='dag_get_data_from_yf' AIRFLOW_CTX_TASK_ID='olhc_branching.get_csv_low' AIRFLOW_CTX_EXECUTION_DATE='2026-03-17T01:56:45+00:00' AIRFLOW_CTX_TRY_NUMBER='1' AIRFLOW_CTX_DAG_RUN_ID='manual__2026-03-17T01:56:45+00:00'
[2026-03-17T01:57:20.612+0000] {logging_mixin.py:190} INFO - Task instance is in running state
[2026-03-17T01:57:20.614+0000] {logging_mixin.py:190} INFO -  Previous state of the Task instance: queued
[2026-03-17T01:57:20.615+0000] {logging_mixin.py:190} INFO - Current task name:olhc_branching.get_csv_low state:running start_date:2026-03-17 01:57:19.894232+00:00
[2026-03-17T01:57:20.616+0000] {logging_mixin.py:190} INFO - Dag name:dag_get_data_from_yf and current dag run status:running
[2026-03-17T01:57:20.621+0000] {taskinstance.py:740} INFO - ::endgroup::
[2026-03-17T01:57:20.643+0000] {logging_mixin.py:190} INFO - Data saved to /opt/***/scripts/saham_indonesia_low.csv
[2026-03-17T01:57:20.644+0000] {python.py:240} INFO - Done. Returned value was: /opt/***/scripts/saham_indonesia_low.csv
[2026-03-17T01:57:20.747+0000] {taskinstance.py:349} INFO - ::group::Post task execution logs
[2026-03-17T01:57:20.748+0000] {taskinstance.py:361} INFO - Marking task as SUCCESS. dag_id=dag_get_data_from_yf, task_id=olhc_branching.get_csv_low, run_id=manual__2026-03-17T01:56:45+00:00, execution_date=20260317T015645, start_date=20260317T015719, end_date=20260317T015720
[2026-03-17T01:57:20.850+0000] {logging_mixin.py:190} INFO - Task instance in success state
[2026-03-17T01:57:20.851+0000] {logging_mixin.py:190} INFO -  Previous state of the Task instance: running
[2026-03-17T01:57:20.851+0000] {logging_mixin.py:190} INFO - Dag name:dag_get_data_from_yf queued_at:2026-03-17 01:56:56.151178+00:00
[2026-03-17T01:57:20.857+0000] {logging_mixin.py:190} INFO - Task hostname:245fc8f76c1e operator:_PythonDecoratedOperator
[2026-03-17T01:57:20.886+0000] {local_task_job_runner.py:266} INFO - Task exited with return code 0
[2026-03-17T01:57:20.994+0000] {taskinstance.py:3924} INFO - 1 downstream tasks scheduled from follow-on schedule check
[2026-03-17T01:57:20.998+0000] {local_task_job_runner.py:245} INFO - ::endgroup::
