[2026-03-13T10:03:36.507+0000] {local_task_job_runner.py:123} INFO - ::group::Pre task execution logs
[2026-03-13T10:03:36.547+0000] {taskinstance.py:2631} INFO - Dependencies all met for dep_context=non-requeueable deps ti=<TaskInstance: dag_get_data_from_yf.trigger_load_data_dag manual__2026-03-13T09:00:37+00:00 [queued]>
[2026-03-13T10:03:36.561+0000] {taskinstance.py:2631} INFO - Dependencies all met for dep_context=requeueable deps ti=<TaskInstance: dag_get_data_from_yf.trigger_load_data_dag manual__2026-03-13T09:00:37+00:00 [queued]>
[2026-03-13T10:03:36.561+0000] {taskinstance.py:2884} INFO - Starting attempt 2 of 2
[2026-03-13T10:03:36.582+0000] {taskinstance.py:2907} INFO - Executing <Task(TriggerDagRunOperator): trigger_load_data_dag> on 2026-03-13 09:00:37+00:00
[2026-03-13T10:03:36.594+0000] {warnings.py:112} WARNING - /home/***/.local/lib/python3.12/site-packages/***/task/task_runner/standard_task_runner.py:70: DeprecationWarning: This process (pid=2197) is multi-threaded, use of fork() may lead to deadlocks in the child.
  pid = os.fork()

[2026-03-13T10:03:36.597+0000] {standard_task_runner.py:72} INFO - Started process 2199 to run task
[2026-03-13T10:03:36.599+0000] {standard_task_runner.py:104} INFO - Running: ['***', 'tasks', 'run', 'dag_get_data_from_yf', 'trigger_load_data_dag', 'manual__2026-03-13T09:00:37+00:00', '--job-id', '13556', '--raw', '--subdir', 'DAGS_FOLDER/get_finance_yf_csv.py', '--cfg-path', '/tmp/tmp580h6h6i']
[2026-03-13T10:03:36.601+0000] {standard_task_runner.py:105} INFO - Job 13556: Subtask trigger_load_data_dag
[2026-03-13T10:03:36.687+0000] {task_command.py:467} INFO - Running <TaskInstance: dag_get_data_from_yf.trigger_load_data_dag manual__2026-03-13T09:00:37+00:00 [running]> on host 4c0524db3c09
[2026-03-13T10:03:36.863+0000] {taskinstance.py:3157} INFO - Exporting env vars: AIRFLOW_CTX_DAG_OWNER='***' AIRFLOW_CTX_DAG_ID='dag_get_data_from_yf' AIRFLOW_CTX_TASK_ID='trigger_load_data_dag' AIRFLOW_CTX_EXECUTION_DATE='2026-03-13T09:00:37+00:00' AIRFLOW_CTX_TRY_NUMBER='2' AIRFLOW_CTX_DAG_RUN_ID='manual__2026-03-13T09:00:37+00:00'
[2026-03-13T10:03:36.866+0000] {logging_mixin.py:190} INFO - Task instance is in running state
[2026-03-13T10:03:36.866+0000] {logging_mixin.py:190} INFO -  Previous state of the Task instance: queued
[2026-03-13T10:03:36.867+0000] {logging_mixin.py:190} INFO - Current task name:trigger_load_data_dag state:running start_date:2026-03-13 10:03:36.548071+00:00
[2026-03-13T10:03:36.867+0000] {logging_mixin.py:190} INFO - Dag name:dag_get_data_from_yf and current dag run status:running
[2026-03-13T10:03:36.868+0000] {taskinstance.py:740} INFO - ::endgroup::
[2026-03-13T10:03:37.035+0000] {taskinstance.py:349} INFO - ::group::Post task execution logs
[2026-03-13T10:03:37.035+0000] {taskinstance.py:361} INFO - Marking task as SUCCESS. dag_id=dag_get_data_from_yf, task_id=trigger_load_data_dag, run_id=manual__2026-03-13T09:00:37+00:00, execution_date=20260313T090037, start_date=20260313T100336, end_date=20260313T100337
[2026-03-13T10:03:37.078+0000] {logging_mixin.py:190} INFO - Task instance in success state
[2026-03-13T10:03:37.079+0000] {logging_mixin.py:190} INFO -  Previous state of the Task instance: running
[2026-03-13T10:03:37.079+0000] {logging_mixin.py:190} INFO - Dag name:dag_get_data_from_yf queued_at:2026-03-13 10:02:55.575239+00:00
[2026-03-13T10:03:37.079+0000] {logging_mixin.py:190} INFO - Task hostname:4c0524db3c09 operator:TriggerDagRunOperator
[2026-03-13T10:03:37.099+0000] {local_task_job_runner.py:266} INFO - Task exited with return code 0
[2026-03-13T10:03:37.129+0000] {taskinstance.py:3924} INFO - 0 downstream tasks scheduled from follow-on schedule check
[2026-03-13T10:03:37.132+0000] {local_task_job_runner.py:245} INFO - ::endgroup::
