[2026-03-10T06:03:34.972+0000] {local_task_job_runner.py:123} INFO - ::group::Pre task execution logs
[2026-03-10T06:03:35.010+0000] {taskinstance.py:2631} INFO - Dependencies all met for dep_context=non-requeueable deps ti=<TaskInstance: dag_get_data_from_yf.trigger_load_data_dag scheduled__2026-03-10T06:02:00+00:00 [queued]>
[2026-03-10T06:03:35.022+0000] {taskinstance.py:2631} INFO - Dependencies all met for dep_context=requeueable deps ti=<TaskInstance: dag_get_data_from_yf.trigger_load_data_dag scheduled__2026-03-10T06:02:00+00:00 [queued]>
[2026-03-10T06:03:35.023+0000] {taskinstance.py:2884} INFO - Starting attempt 1 of 1
[2026-03-10T06:03:35.041+0000] {taskinstance.py:2907} INFO - Executing <Task(TriggerDagRunOperator): trigger_load_data_dag> on 2026-03-10 06:02:00+00:00
[2026-03-10T06:03:35.056+0000] {warnings.py:112} WARNING - /home/***/.local/lib/python3.12/site-packages/***/task/task_runner/standard_task_runner.py:70: DeprecationWarning: This process (pid=12609) is multi-threaded, use of fork() may lead to deadlocks in the child.
  pid = os.fork()

[2026-03-10T06:03:35.058+0000] {standard_task_runner.py:72} INFO - Started process 12618 to run task
[2026-03-10T06:03:35.059+0000] {standard_task_runner.py:104} INFO - Running: ['***', 'tasks', 'run', 'dag_get_data_from_yf', 'trigger_load_data_dag', 'scheduled__2026-03-10T06:02:00+00:00', '--job-id', '9072', '--raw', '--subdir', 'DAGS_FOLDER/get_finance_yf_csv.py', '--cfg-path', '/tmp/tmpave6qyb5']
[2026-03-10T06:03:35.061+0000] {standard_task_runner.py:105} INFO - Job 9072: Subtask trigger_load_data_dag
[2026-03-10T06:03:35.148+0000] {task_command.py:467} INFO - Running <TaskInstance: dag_get_data_from_yf.trigger_load_data_dag scheduled__2026-03-10T06:02:00+00:00 [running]> on host 50d997f0c294
[2026-03-10T06:03:35.307+0000] {taskinstance.py:3157} INFO - Exporting env vars: AIRFLOW_CTX_DAG_OWNER='***' AIRFLOW_CTX_DAG_ID='dag_get_data_from_yf' AIRFLOW_CTX_TASK_ID='trigger_load_data_dag' AIRFLOW_CTX_EXECUTION_DATE='2026-03-10T06:02:00+00:00' AIRFLOW_CTX_TRY_NUMBER='1' AIRFLOW_CTX_DAG_RUN_ID='scheduled__2026-03-10T06:02:00+00:00'
[2026-03-10T06:03:35.309+0000] {logging_mixin.py:190} INFO - Task instance is in running state
[2026-03-10T06:03:35.310+0000] {logging_mixin.py:190} INFO -  Previous state of the Task instance: queued
[2026-03-10T06:03:35.310+0000] {logging_mixin.py:190} INFO - Current task name:trigger_load_data_dag state:running start_date:2026-03-10 06:03:35.011069+00:00
[2026-03-10T06:03:35.310+0000] {logging_mixin.py:190} INFO - Dag name:dag_get_data_from_yf and current dag run status:running
[2026-03-10T06:03:35.311+0000] {taskinstance.py:740} INFO - ::endgroup::
[2026-03-10T06:03:35.473+0000] {taskinstance.py:349} INFO - ::group::Post task execution logs
[2026-03-10T06:03:35.474+0000] {taskinstance.py:361} INFO - Marking task as SUCCESS. dag_id=dag_get_data_from_yf, task_id=trigger_load_data_dag, run_id=scheduled__2026-03-10T06:02:00+00:00, execution_date=20260310T060200, start_date=20260310T060335, end_date=20260310T060335
[2026-03-10T06:03:35.523+0000] {logging_mixin.py:190} INFO - Task instance in success state
[2026-03-10T06:03:35.523+0000] {logging_mixin.py:190} INFO -  Previous state of the Task instance: running
[2026-03-10T06:03:35.524+0000] {logging_mixin.py:190} INFO - Dag name:dag_get_data_from_yf queued_at:2026-03-10 06:03:00.477071+00:00
[2026-03-10T06:03:35.524+0000] {logging_mixin.py:190} INFO - Task hostname:50d997f0c294 operator:TriggerDagRunOperator
[2026-03-10T06:03:35.543+0000] {local_task_job_runner.py:266} INFO - Task exited with return code 0
[2026-03-10T06:03:35.580+0000] {taskinstance.py:3924} INFO - 0 downstream tasks scheduled from follow-on schedule check
[2026-03-10T06:03:35.583+0000] {local_task_job_runner.py:245} INFO - ::endgroup::
