[2026-03-09T08:18:58.333+0000] {local_task_job_runner.py:123} INFO - ::group::Pre task execution logs
[2026-03-09T08:18:58.427+0000] {taskinstance.py:2631} INFO - Dependencies all met for dep_context=non-requeueable deps ti=<TaskInstance: dag_get_data_from_yf.get_csv_low manual__2026-03-09T08:18:07.514227+00:00 [queued]>
[2026-03-09T08:18:58.452+0000] {taskinstance.py:2631} INFO - Dependencies all met for dep_context=requeueable deps ti=<TaskInstance: dag_get_data_from_yf.get_csv_low manual__2026-03-09T08:18:07.514227+00:00 [queued]>
[2026-03-09T08:18:58.453+0000] {taskinstance.py:2884} INFO - Starting attempt 1 of 1
[2026-03-09T08:18:58.492+0000] {taskinstance.py:2907} INFO - Executing <Task(_PythonDecoratedOperator): get_csv_low> on 2026-03-09 08:18:07.514227+00:00
[2026-03-09T08:18:58.528+0000] {warnings.py:112} WARNING - /home/***/.local/lib/python3.12/site-packages/***/task/task_runner/standard_task_runner.py:70: DeprecationWarning: This process (pid=12302) is multi-threaded, use of fork() may lead to deadlocks in the child.
  pid = os.fork()

[2026-03-09T08:18:58.540+0000] {standard_task_runner.py:72} INFO - Started process 12310 to run task
[2026-03-09T08:18:58.553+0000] {standard_task_runner.py:104} INFO - Running: ['***', 'tasks', 'run', 'dag_get_data_from_yf', 'get_csv_low', 'manual__2026-03-09T08:18:07.514227+00:00', '--job-id', '6764', '--raw', '--subdir', 'DAGS_FOLDER/get_finance_yf_csv.py', '--cfg-path', '/tmp/tmpobrkyy9f']
[2026-03-09T08:18:58.557+0000] {standard_task_runner.py:105} INFO - Job 6764: Subtask get_csv_low
[2026-03-09T08:18:58.820+0000] {task_command.py:467} INFO - Running <TaskInstance: dag_get_data_from_yf.get_csv_low manual__2026-03-09T08:18:07.514227+00:00 [running]> on host e96756f86073
[2026-03-09T08:18:59.884+0000] {taskinstance.py:3157} INFO - Exporting env vars: AIRFLOW_CTX_DAG_OWNER='***' AIRFLOW_CTX_DAG_ID='dag_get_data_from_yf' AIRFLOW_CTX_TASK_ID='get_csv_low' AIRFLOW_CTX_EXECUTION_DATE='2026-03-09T08:18:07.514227+00:00' AIRFLOW_CTX_TRY_NUMBER='1' AIRFLOW_CTX_DAG_RUN_ID='manual__2026-03-09T08:18:07.514227+00:00'
[2026-03-09T08:18:59.895+0000] {logging_mixin.py:190} INFO - Task instance is in running state
[2026-03-09T08:18:59.896+0000] {logging_mixin.py:190} INFO -  Previous state of the Task instance: queued
[2026-03-09T08:18:59.897+0000] {logging_mixin.py:190} INFO - Current task name:get_csv_low state:running start_date:2026-03-09 08:18:58.427954+00:00
[2026-03-09T08:18:59.898+0000] {logging_mixin.py:190} INFO - Dag name:dag_get_data_from_yf and current dag run status:running
[2026-03-09T08:18:59.904+0000] {taskinstance.py:740} INFO - ::endgroup::
[2026-03-09T08:18:59.935+0000] {logging_mixin.py:190} INFO - None
[2026-03-09T08:18:59.936+0000] {python.py:240} INFO - Done. Returned value was: /opt/***/scripts/saham_indonesia_low.csv
[2026-03-09T08:19:00.047+0000] {taskinstance.py:349} INFO - ::group::Post task execution logs
[2026-03-09T08:19:00.048+0000] {taskinstance.py:361} INFO - Marking task as SUCCESS. dag_id=dag_get_data_from_yf, task_id=get_csv_low, run_id=manual__2026-03-09T08:18:07.514227+00:00, execution_date=20260309T081807, start_date=20260309T081858, end_date=20260309T081900
[2026-03-09T08:19:00.138+0000] {logging_mixin.py:190} INFO - Task instance in success state
[2026-03-09T08:19:00.139+0000] {logging_mixin.py:190} INFO -  Previous state of the Task instance: running
[2026-03-09T08:19:00.139+0000] {logging_mixin.py:190} INFO - Dag name:dag_get_data_from_yf queued_at:2026-03-09 08:18:33.682774+00:00
[2026-03-09T08:19:00.140+0000] {logging_mixin.py:190} INFO - Task hostname:e96756f86073 operator:_PythonDecoratedOperator
[2026-03-09T08:19:00.179+0000] {local_task_job_runner.py:266} INFO - Task exited with return code 0
[2026-03-09T08:19:00.260+0000] {taskinstance.py:3924} INFO - 0 downstream tasks scheduled from follow-on schedule check
[2026-03-09T08:19:00.268+0000] {local_task_job_runner.py:245} INFO - ::endgroup::
