[2026-03-09T03:07:19.159+0000] {local_task_job_runner.py:123} INFO - ::group::Pre task execution logs
[2026-03-09T03:07:19.237+0000] {taskinstance.py:2631} INFO - Dependencies all met for dep_context=non-requeueable deps ti=<TaskInstance: dag_get_data_from_yf.get_csv_close scheduled__2026-03-09T03:06:00+00:00 [queued]>
[2026-03-09T03:07:19.256+0000] {taskinstance.py:2631} INFO - Dependencies all met for dep_context=requeueable deps ti=<TaskInstance: dag_get_data_from_yf.get_csv_close scheduled__2026-03-09T03:06:00+00:00 [queued]>
[2026-03-09T03:07:19.257+0000] {taskinstance.py:2884} INFO - Starting attempt 1 of 1
[2026-03-09T03:07:19.301+0000] {taskinstance.py:2907} INFO - Executing <Task(_PythonDecoratedOperator): get_csv_close> on 2026-03-09 03:06:00+00:00
[2026-03-09T03:07:19.318+0000] {warnings.py:112} WARNING - /home/***/.local/lib/python3.12/site-packages/***/task/task_runner/standard_task_runner.py:70: DeprecationWarning: This process (pid=7181) is multi-threaded, use of fork() may lead to deadlocks in the child.
  pid = os.fork()

[2026-03-09T03:07:19.321+0000] {standard_task_runner.py:72} INFO - Started process 7191 to run task
[2026-03-09T03:07:19.332+0000] {standard_task_runner.py:104} INFO - Running: ['***', 'tasks', 'run', 'dag_get_data_from_yf', 'get_csv_close', 'scheduled__2026-03-09T03:06:00+00:00', '--job-id', '5310', '--raw', '--subdir', 'DAGS_FOLDER/get_finance_yf_csv.py', '--cfg-path', '/tmp/tmpoojxxgh9']
[2026-03-09T03:07:19.334+0000] {standard_task_runner.py:105} INFO - Job 5310: Subtask get_csv_close
[2026-03-09T03:07:19.499+0000] {task_command.py:467} INFO - Running <TaskInstance: dag_get_data_from_yf.get_csv_close scheduled__2026-03-09T03:06:00+00:00 [running]> on host 0b29540d368e
[2026-03-09T03:07:20.005+0000] {taskinstance.py:3157} INFO - Exporting env vars: AIRFLOW_CTX_DAG_OWNER='***' AIRFLOW_CTX_DAG_ID='dag_get_data_from_yf' AIRFLOW_CTX_TASK_ID='get_csv_close' AIRFLOW_CTX_EXECUTION_DATE='2026-03-09T03:06:00+00:00' AIRFLOW_CTX_TRY_NUMBER='1' AIRFLOW_CTX_DAG_RUN_ID='scheduled__2026-03-09T03:06:00+00:00'
[2026-03-09T03:07:20.009+0000] {logging_mixin.py:190} INFO - Task instance is in running state
[2026-03-09T03:07:20.010+0000] {logging_mixin.py:190} INFO -  Previous state of the Task instance: queued
[2026-03-09T03:07:20.010+0000] {logging_mixin.py:190} INFO - Current task name:get_csv_close state:running start_date:2026-03-09 03:07:19.237913+00:00
[2026-03-09T03:07:20.011+0000] {logging_mixin.py:190} INFO - Dag name:dag_get_data_from_yf and current dag run status:running
[2026-03-09T03:07:20.012+0000] {taskinstance.py:740} INFO - ::endgroup::
[2026-03-09T03:07:20.026+0000] {logging_mixin.py:190} INFO - None
[2026-03-09T03:07:20.027+0000] {python.py:240} INFO - Done. Returned value was: /opt/***/scripts/saham_indonesia_close.csv
[2026-03-09T03:07:20.102+0000] {taskinstance.py:349} INFO - ::group::Post task execution logs
[2026-03-09T03:07:20.103+0000] {taskinstance.py:361} INFO - Marking task as SUCCESS. dag_id=dag_get_data_from_yf, task_id=get_csv_close, run_id=scheduled__2026-03-09T03:06:00+00:00, execution_date=20260309T030600, start_date=20260309T030719, end_date=20260309T030720
[2026-03-09T03:07:20.175+0000] {logging_mixin.py:190} INFO - Task instance in success state
[2026-03-09T03:07:20.176+0000] {logging_mixin.py:190} INFO -  Previous state of the Task instance: running
[2026-03-09T03:07:20.177+0000] {logging_mixin.py:190} INFO - Dag name:dag_get_data_from_yf queued_at:2026-03-09 03:07:00.809465+00:00
[2026-03-09T03:07:20.177+0000] {logging_mixin.py:190} INFO - Task hostname:0b29540d368e operator:_PythonDecoratedOperator
[2026-03-09T03:07:20.200+0000] {local_task_job_runner.py:266} INFO - Task exited with return code 0
[2026-03-09T03:07:20.267+0000] {taskinstance.py:3924} INFO - 0 downstream tasks scheduled from follow-on schedule check
[2026-03-09T03:07:20.278+0000] {local_task_job_runner.py:245} INFO - ::endgroup::
