[2026-03-09T03:55:17.924+0000] {local_task_job_runner.py:123} INFO - ::group::Pre task execution logs
[2026-03-09T03:55:18.022+0000] {taskinstance.py:2631} INFO - Dependencies all met for dep_context=non-requeueable deps ti=<TaskInstance: dag_get_data_from_yf.get_csv_open scheduled__2026-03-09T03:54:00+00:00 [queued]>
[2026-03-09T03:55:18.064+0000] {taskinstance.py:2631} INFO - Dependencies all met for dep_context=requeueable deps ti=<TaskInstance: dag_get_data_from_yf.get_csv_open scheduled__2026-03-09T03:54:00+00:00 [queued]>
[2026-03-09T03:55:18.065+0000] {taskinstance.py:2884} INFO - Starting attempt 1 of 1
[2026-03-09T03:55:18.102+0000] {taskinstance.py:2907} INFO - Executing <Task(_PythonDecoratedOperator): get_csv_open> on 2026-03-09 03:54:00+00:00
[2026-03-09T03:55:18.126+0000] {warnings.py:112} WARNING - /home/***/.local/lib/python3.12/site-packages/***/task/task_runner/standard_task_runner.py:70: DeprecationWarning: This process (pid=1240) is multi-threaded, use of fork() may lead to deadlocks in the child.
  pid = os.fork()

[2026-03-09T03:55:18.130+0000] {standard_task_runner.py:72} INFO - Started process 1255 to run task
[2026-03-09T03:55:18.135+0000] {standard_task_runner.py:104} INFO - Running: ['***', 'tasks', 'run', 'dag_get_data_from_yf', 'get_csv_open', 'scheduled__2026-03-09T03:54:00+00:00', '--job-id', '5771', '--raw', '--subdir', 'DAGS_FOLDER/get_finance_yf_csv.py', '--cfg-path', '/tmp/tmpxsg9tzi4']
[2026-03-09T03:55:18.146+0000] {standard_task_runner.py:105} INFO - Job 5771: Subtask get_csv_open
[2026-03-09T03:55:18.384+0000] {task_command.py:467} INFO - Running <TaskInstance: dag_get_data_from_yf.get_csv_open scheduled__2026-03-09T03:54:00+00:00 [running]> on host e96756f86073
[2026-03-09T03:55:19.050+0000] {taskinstance.py:3157} INFO - Exporting env vars: AIRFLOW_CTX_DAG_OWNER='***' AIRFLOW_CTX_DAG_ID='dag_get_data_from_yf' AIRFLOW_CTX_TASK_ID='get_csv_open' AIRFLOW_CTX_EXECUTION_DATE='2026-03-09T03:54:00+00:00' AIRFLOW_CTX_TRY_NUMBER='1' AIRFLOW_CTX_DAG_RUN_ID='scheduled__2026-03-09T03:54:00+00:00'
[2026-03-09T03:55:19.052+0000] {logging_mixin.py:190} INFO - Task instance is in running state
[2026-03-09T03:55:19.053+0000] {logging_mixin.py:190} INFO -  Previous state of the Task instance: queued
[2026-03-09T03:55:19.054+0000] {logging_mixin.py:190} INFO - Current task name:get_csv_open state:running start_date:2026-03-09 03:55:18.024834+00:00
[2026-03-09T03:55:19.054+0000] {logging_mixin.py:190} INFO - Dag name:dag_get_data_from_yf and current dag run status:running
[2026-03-09T03:55:19.055+0000] {taskinstance.py:740} INFO - ::endgroup::
[2026-03-09T03:55:19.066+0000] {logging_mixin.py:190} INFO - None
[2026-03-09T03:55:19.067+0000] {python.py:240} INFO - Done. Returned value was: /opt/***/scripts/saham_indonesia_open.csv
[2026-03-09T03:55:19.141+0000] {taskinstance.py:349} INFO - ::group::Post task execution logs
[2026-03-09T03:55:19.142+0000] {taskinstance.py:361} INFO - Marking task as SUCCESS. dag_id=dag_get_data_from_yf, task_id=get_csv_open, run_id=scheduled__2026-03-09T03:54:00+00:00, execution_date=20260309T035400, start_date=20260309T035518, end_date=20260309T035519
[2026-03-09T03:55:19.256+0000] {logging_mixin.py:190} INFO - Task instance in success state
[2026-03-09T03:55:19.256+0000] {logging_mixin.py:190} INFO -  Previous state of the Task instance: running
[2026-03-09T03:55:19.257+0000] {logging_mixin.py:190} INFO - Dag name:dag_get_data_from_yf queued_at:2026-03-09 03:55:00.398782+00:00
[2026-03-09T03:55:19.257+0000] {logging_mixin.py:190} INFO - Task hostname:e96756f86073 operator:_PythonDecoratedOperator
[2026-03-09T03:55:19.305+0000] {local_task_job_runner.py:266} INFO - Task exited with return code 0
[2026-03-09T03:55:19.385+0000] {taskinstance.py:3924} INFO - 0 downstream tasks scheduled from follow-on schedule check
[2026-03-09T03:55:19.399+0000] {local_task_job_runner.py:245} INFO - ::endgroup::
