[2026-03-17T04:53:30.197+0000] {local_task_job_runner.py:123} INFO - ::group::Pre task execution logs
[2026-03-17T04:53:30.258+0000] {taskinstance.py:2631} INFO - Dependencies all met for dep_context=non-requeueable deps ti=<TaskInstance: dag_get_data_from_yf.create_table_db scheduled__2026-03-16T01:00:00+00:00 [queued]>
[2026-03-17T04:53:30.275+0000] {taskinstance.py:2631} INFO - Dependencies all met for dep_context=requeueable deps ti=<TaskInstance: dag_get_data_from_yf.create_table_db scheduled__2026-03-16T01:00:00+00:00 [queued]>
[2026-03-17T04:53:30.275+0000] {taskinstance.py:2884} INFO - Starting attempt 1 of 1
[2026-03-17T04:53:30.295+0000] {taskinstance.py:2907} INFO - Executing <Task(_PythonDecoratedOperator): create_table_db> on 2026-03-16 01:00:00+00:00
[2026-03-17T04:53:30.311+0000] {warnings.py:112} WARNING - /home/***/.local/lib/python3.12/site-packages/***/task/task_runner/standard_task_runner.py:70: DeprecationWarning: This process (pid=1400) is multi-threaded, use of fork() may lead to deadlocks in the child.
  pid = os.fork()

[2026-03-17T04:53:30.314+0000] {standard_task_runner.py:72} INFO - Started process 1402 to run task
[2026-03-17T04:53:30.316+0000] {standard_task_runner.py:104} INFO - Running: ['***', 'tasks', 'run', 'dag_get_data_from_yf', 'create_table_db', 'scheduled__2026-03-16T01:00:00+00:00', '--job-id', '1915', '--raw', '--subdir', 'DAGS_FOLDER/get_finance_yf_csv.py', '--cfg-path', '/tmp/tmp49m2wt0t']
[2026-03-17T04:53:30.317+0000] {standard_task_runner.py:105} INFO - Job 1915: Subtask create_table_db
[2026-03-17T04:53:30.431+0000] {task_command.py:467} INFO - Running <TaskInstance: dag_get_data_from_yf.create_table_db scheduled__2026-03-16T01:00:00+00:00 [running]> on host c209774a5ade
[2026-03-17T04:53:30.623+0000] {taskinstance.py:3157} INFO - Exporting env vars: AIRFLOW_CTX_DAG_OWNER='***' AIRFLOW_CTX_DAG_ID='dag_get_data_from_yf' AIRFLOW_CTX_TASK_ID='create_table_db' AIRFLOW_CTX_EXECUTION_DATE='2026-03-16T01:00:00+00:00' AIRFLOW_CTX_TRY_NUMBER='1' AIRFLOW_CTX_DAG_RUN_ID='scheduled__2026-03-16T01:00:00+00:00'
[2026-03-17T04:53:30.626+0000] {logging_mixin.py:190} INFO - Task instance is in running state
[2026-03-17T04:53:30.627+0000] {logging_mixin.py:190} INFO -  Previous state of the Task instance: queued
[2026-03-17T04:53:30.627+0000] {logging_mixin.py:190} INFO - Current task name:create_table_db state:running start_date:2026-03-17 04:53:30.259125+00:00
[2026-03-17T04:53:30.628+0000] {logging_mixin.py:190} INFO - Dag name:dag_get_data_from_yf and current dag run status:running
[2026-03-17T04:53:30.628+0000] {taskinstance.py:740} INFO - ::endgroup::
[2026-03-17T04:53:30.653+0000] {base.py:84} INFO - Retrieving connection 'db_custom'
[2026-03-17T04:53:30.670+0000] {logging_mixin.py:190} INFO - Table indonesia_stocks_table sudah ada: type "datetime" does not exist
LINE 8:                         inserted_at_timestamp DATETIME,
                                                      ^
[2026-03-17T04:53:30.671+0000] {logging_mixin.py:190} INFO - koneksi ditutup
[2026-03-17T04:53:30.672+0000] {python.py:240} INFO - Done. Returned value was: None
[2026-03-17T04:53:30.702+0000] {taskinstance.py:349} INFO - ::group::Post task execution logs
[2026-03-17T04:53:30.703+0000] {taskinstance.py:361} INFO - Marking task as SUCCESS. dag_id=dag_get_data_from_yf, task_id=create_table_db, run_id=scheduled__2026-03-16T01:00:00+00:00, execution_date=20260316T010000, start_date=20260317T045330, end_date=20260317T045330
[2026-03-17T04:53:30.766+0000] {logging_mixin.py:190} INFO - Task instance in success state
[2026-03-17T04:53:30.767+0000] {logging_mixin.py:190} INFO -  Previous state of the Task instance: running
[2026-03-17T04:53:30.767+0000] {logging_mixin.py:190} INFO - Dag name:dag_get_data_from_yf queued_at:2026-03-17 04:52:54.067396+00:00
[2026-03-17T04:53:30.768+0000] {logging_mixin.py:190} INFO - Task hostname:c209774a5ade operator:_PythonDecoratedOperator
[2026-03-17T04:53:30.789+0000] {local_task_job_runner.py:266} INFO - Task exited with return code 0
[2026-03-17T04:53:30.848+0000] {taskinstance.py:3924} INFO - 1 downstream tasks scheduled from follow-on schedule check
[2026-03-17T04:53:30.854+0000] {local_task_job_runner.py:245} INFO - ::endgroup::
[2026-03-17T04:56:15.135+0000] {local_task_job_runner.py:123} INFO - ::group::Pre task execution logs
[2026-03-17T04:56:15.196+0000] {taskinstance.py:2631} INFO - Dependencies all met for dep_context=non-requeueable deps ti=<TaskInstance: dag_get_data_from_yf.create_table_db scheduled__2026-03-16T01:00:00+00:00 [queued]>
[2026-03-17T04:56:15.216+0000] {taskinstance.py:2631} INFO - Dependencies all met for dep_context=requeueable deps ti=<TaskInstance: dag_get_data_from_yf.create_table_db scheduled__2026-03-16T01:00:00+00:00 [queued]>
[2026-03-17T04:56:15.217+0000] {taskinstance.py:2884} INFO - Starting attempt 1 of 1
[2026-03-17T04:56:15.245+0000] {taskinstance.py:2907} INFO - Executing <Task(_PythonDecoratedOperator): create_table_db> on 2026-03-16 01:00:00+00:00
[2026-03-17T04:56:15.263+0000] {warnings.py:112} WARNING - /home/***/.local/lib/python3.12/site-packages/***/task/task_runner/standard_task_runner.py:70: DeprecationWarning: This process (pid=1474) is multi-threaded, use of fork() may lead to deadlocks in the child.
  pid = os.fork()

[2026-03-17T04:56:15.266+0000] {standard_task_runner.py:72} INFO - Started process 1476 to run task
[2026-03-17T04:56:15.268+0000] {standard_task_runner.py:104} INFO - Running: ['***', 'tasks', 'run', 'dag_get_data_from_yf', 'create_table_db', 'scheduled__2026-03-16T01:00:00+00:00', '--job-id', '1923', '--raw', '--subdir', 'DAGS_FOLDER/get_finance_yf_csv.py', '--cfg-path', '/tmp/tmp8h6io_je']
[2026-03-17T04:56:15.270+0000] {standard_task_runner.py:105} INFO - Job 1923: Subtask create_table_db
[2026-03-17T04:56:15.407+0000] {task_command.py:467} INFO - Running <TaskInstance: dag_get_data_from_yf.create_table_db scheduled__2026-03-16T01:00:00+00:00 [running]> on host c209774a5ade
[2026-03-17T04:56:15.621+0000] {taskinstance.py:3157} INFO - Exporting env vars: AIRFLOW_CTX_DAG_OWNER='***' AIRFLOW_CTX_DAG_ID='dag_get_data_from_yf' AIRFLOW_CTX_TASK_ID='create_table_db' AIRFLOW_CTX_EXECUTION_DATE='2026-03-16T01:00:00+00:00' AIRFLOW_CTX_TRY_NUMBER='1' AIRFLOW_CTX_DAG_RUN_ID='scheduled__2026-03-16T01:00:00+00:00'
[2026-03-17T04:56:15.624+0000] {logging_mixin.py:190} INFO - Task instance is in running state
[2026-03-17T04:56:15.625+0000] {logging_mixin.py:190} INFO -  Previous state of the Task instance: queued
[2026-03-17T04:56:15.626+0000] {logging_mixin.py:190} INFO - Current task name:create_table_db state:running start_date:2026-03-17 04:56:15.197743+00:00
[2026-03-17T04:56:15.626+0000] {logging_mixin.py:190} INFO - Dag name:dag_get_data_from_yf and current dag run status:running
[2026-03-17T04:56:15.627+0000] {taskinstance.py:740} INFO - ::endgroup::
[2026-03-17T04:56:15.653+0000] {base.py:84} INFO - Retrieving connection 'db_custom'
[2026-03-17T04:56:15.672+0000] {logging_mixin.py:190} INFO - Table indonesia_stocks_table sudah ada: type "datetime" does not exist
LINE 8:                         inserted_at_timestamp DATETIME,
                                                      ^
[2026-03-17T04:56:15.673+0000] {logging_mixin.py:190} INFO - koneksi ditutup
[2026-03-17T04:56:15.674+0000] {python.py:240} INFO - Done. Returned value was: None
[2026-03-17T04:56:15.703+0000] {taskinstance.py:349} INFO - ::group::Post task execution logs
[2026-03-17T04:56:15.704+0000] {taskinstance.py:361} INFO - Marking task as SUCCESS. dag_id=dag_get_data_from_yf, task_id=create_table_db, run_id=scheduled__2026-03-16T01:00:00+00:00, execution_date=20260316T010000, start_date=20260317T045615, end_date=20260317T045615
[2026-03-17T04:56:15.771+0000] {logging_mixin.py:190} INFO - Task instance in success state
[2026-03-17T04:56:15.771+0000] {logging_mixin.py:190} INFO -  Previous state of the Task instance: running
[2026-03-17T04:56:15.772+0000] {logging_mixin.py:190} INFO - Dag name:dag_get_data_from_yf queued_at:2026-03-17 04:55:34.986168+00:00
[2026-03-17T04:56:15.772+0000] {logging_mixin.py:190} INFO - Task hostname:c209774a5ade operator:_PythonDecoratedOperator
[2026-03-17T04:56:15.796+0000] {local_task_job_runner.py:266} INFO - Task exited with return code 0
[2026-03-17T04:56:15.823+0000] {local_task_job_runner.py:245} INFO - ::endgroup::
[2026-03-17T07:58:19.237+0000] {local_task_job_runner.py:123} INFO - ::group::Pre task execution logs
[2026-03-17T07:58:19.292+0000] {taskinstance.py:2631} INFO - Dependencies all met for dep_context=non-requeueable deps ti=<TaskInstance: dag_get_data_from_yf.create_table_db scheduled__2026-03-16T01:00:00+00:00 [queued]>
[2026-03-17T07:58:19.311+0000] {taskinstance.py:2631} INFO - Dependencies all met for dep_context=requeueable deps ti=<TaskInstance: dag_get_data_from_yf.create_table_db scheduled__2026-03-16T01:00:00+00:00 [queued]>
[2026-03-17T07:58:19.312+0000] {taskinstance.py:2884} INFO - Starting attempt 1 of 1
[2026-03-17T07:58:19.335+0000] {taskinstance.py:2907} INFO - Executing <Task(_PythonDecoratedOperator): create_table_db> on 2026-03-16 01:00:00+00:00
[2026-03-17T07:58:19.352+0000] {warnings.py:112} WARNING - /home/***/.local/lib/python3.12/site-packages/***/task/task_runner/standard_task_runner.py:70: DeprecationWarning: This process (pid=1279) is multi-threaded, use of fork() may lead to deadlocks in the child.
  pid = os.fork()

[2026-03-17T07:58:19.354+0000] {standard_task_runner.py:72} INFO - Started process 1281 to run task
[2026-03-17T07:58:19.357+0000] {standard_task_runner.py:104} INFO - Running: ['***', 'tasks', 'run', 'dag_get_data_from_yf', 'create_table_db', 'scheduled__2026-03-16T01:00:00+00:00', '--job-id', '2032', '--raw', '--subdir', 'DAGS_FOLDER/get_finance_yf_csv.py', '--cfg-path', '/tmp/tmp0skkxwg0']
[2026-03-17T07:58:19.359+0000] {standard_task_runner.py:105} INFO - Job 2032: Subtask create_table_db
[2026-03-17T07:58:19.490+0000] {task_command.py:467} INFO - Running <TaskInstance: dag_get_data_from_yf.create_table_db scheduled__2026-03-16T01:00:00+00:00 [running]> on host e9ef5a9cb8d3
[2026-03-17T07:58:19.732+0000] {taskinstance.py:3157} INFO - Exporting env vars: AIRFLOW_CTX_DAG_OWNER='***' AIRFLOW_CTX_DAG_ID='dag_get_data_from_yf' AIRFLOW_CTX_TASK_ID='create_table_db' AIRFLOW_CTX_EXECUTION_DATE='2026-03-16T01:00:00+00:00' AIRFLOW_CTX_TRY_NUMBER='1' AIRFLOW_CTX_DAG_RUN_ID='scheduled__2026-03-16T01:00:00+00:00'
[2026-03-17T07:58:19.734+0000] {logging_mixin.py:190} INFO - Task instance is in running state
[2026-03-17T07:58:19.735+0000] {logging_mixin.py:190} INFO -  Previous state of the Task instance: queued
[2026-03-17T07:58:19.735+0000] {logging_mixin.py:190} INFO - Current task name:create_table_db state:running start_date:2026-03-17 07:58:19.292800+00:00
[2026-03-17T07:58:19.736+0000] {logging_mixin.py:190} INFO - Dag name:dag_get_data_from_yf and current dag run status:running
[2026-03-17T07:58:19.736+0000] {taskinstance.py:740} INFO - ::endgroup::
[2026-03-17T07:58:19.761+0000] {base.py:84} INFO - Retrieving connection 'db_custom'
[2026-03-17T07:58:19.781+0000] {logging_mixin.py:190} INFO - Table indonesia_stocks_table sudah ada: type "datetime" does not exist
LINE 8:                         inserted_at_timestamp DATETIME,
                                                      ^
[2026-03-17T07:58:19.782+0000] {logging_mixin.py:190} INFO - koneksi ditutup
[2026-03-17T07:58:19.783+0000] {python.py:240} INFO - Done. Returned value was: None
[2026-03-17T07:58:19.809+0000] {taskinstance.py:349} INFO - ::group::Post task execution logs
[2026-03-17T07:58:19.810+0000] {taskinstance.py:361} INFO - Marking task as SUCCESS. dag_id=dag_get_data_from_yf, task_id=create_table_db, run_id=scheduled__2026-03-16T01:00:00+00:00, execution_date=20260316T010000, start_date=20260317T075819, end_date=20260317T075819
[2026-03-17T07:58:19.871+0000] {logging_mixin.py:190} INFO - Task instance in success state
[2026-03-17T07:58:19.872+0000] {logging_mixin.py:190} INFO -  Previous state of the Task instance: running
[2026-03-17T07:58:19.872+0000] {logging_mixin.py:190} INFO - Dag name:dag_get_data_from_yf queued_at:2026-03-17 07:57:33.165120+00:00
[2026-03-17T07:58:19.873+0000] {logging_mixin.py:190} INFO - Task hostname:e9ef5a9cb8d3 operator:_PythonDecoratedOperator
[2026-03-17T07:58:19.895+0000] {local_task_job_runner.py:266} INFO - Task exited with return code 0
[2026-03-17T07:58:19.958+0000] {taskinstance.py:3924} INFO - 1 downstream tasks scheduled from follow-on schedule check
[2026-03-17T07:58:19.962+0000] {local_task_job_runner.py:245} INFO - ::endgroup::
[2026-03-17T08:10:40.478+0000] {local_task_job_runner.py:123} INFO - ::group::Pre task execution logs
[2026-03-17T08:10:40.543+0000] {taskinstance.py:2631} INFO - Dependencies all met for dep_context=non-requeueable deps ti=<TaskInstance: dag_get_data_from_yf.create_table_db scheduled__2026-03-16T01:00:00+00:00 [queued]>
[2026-03-17T08:10:40.557+0000] {taskinstance.py:2631} INFO - Dependencies all met for dep_context=requeueable deps ti=<TaskInstance: dag_get_data_from_yf.create_table_db scheduled__2026-03-16T01:00:00+00:00 [queued]>
[2026-03-17T08:10:40.557+0000] {taskinstance.py:2884} INFO - Starting attempt 1 of 1
[2026-03-17T08:10:40.584+0000] {taskinstance.py:2907} INFO - Executing <Task(_PythonDecoratedOperator): create_table_db> on 2026-03-16 01:00:00+00:00
[2026-03-17T08:10:40.601+0000] {warnings.py:112} WARNING - /home/***/.local/lib/python3.12/site-packages/***/task/task_runner/standard_task_runner.py:70: DeprecationWarning: This process (pid=1468) is multi-threaded, use of fork() may lead to deadlocks in the child.
  pid = os.fork()

[2026-03-17T08:10:40.604+0000] {standard_task_runner.py:72} INFO - Started process 1470 to run task
[2026-03-17T08:10:40.606+0000] {standard_task_runner.py:104} INFO - Running: ['***', 'tasks', 'run', 'dag_get_data_from_yf', 'create_table_db', 'scheduled__2026-03-16T01:00:00+00:00', '--job-id', '2040', '--raw', '--subdir', 'DAGS_FOLDER/get_finance_yf_csv.py', '--cfg-path', '/tmp/tmpusywfzv8']
[2026-03-17T08:10:40.608+0000] {standard_task_runner.py:105} INFO - Job 2040: Subtask create_table_db
[2026-03-17T08:10:40.723+0000] {task_command.py:467} INFO - Running <TaskInstance: dag_get_data_from_yf.create_table_db scheduled__2026-03-16T01:00:00+00:00 [running]> on host e9ef5a9cb8d3
[2026-03-17T08:10:40.868+0000] {taskinstance.py:3157} INFO - Exporting env vars: AIRFLOW_CTX_DAG_OWNER='***' AIRFLOW_CTX_DAG_ID='dag_get_data_from_yf' AIRFLOW_CTX_TASK_ID='create_table_db' AIRFLOW_CTX_EXECUTION_DATE='2026-03-16T01:00:00+00:00' AIRFLOW_CTX_TRY_NUMBER='1' AIRFLOW_CTX_DAG_RUN_ID='scheduled__2026-03-16T01:00:00+00:00'
[2026-03-17T08:10:40.871+0000] {logging_mixin.py:190} INFO - Task instance is in running state
[2026-03-17T08:10:40.871+0000] {logging_mixin.py:190} INFO -  Previous state of the Task instance: queued
[2026-03-17T08:10:40.872+0000] {logging_mixin.py:190} INFO - Current task name:create_table_db state:running start_date:2026-03-17 08:10:40.543782+00:00
[2026-03-17T08:10:40.872+0000] {logging_mixin.py:190} INFO - Dag name:dag_get_data_from_yf and current dag run status:running
[2026-03-17T08:10:40.873+0000] {taskinstance.py:740} INFO - ::endgroup::
[2026-03-17T08:10:40.891+0000] {base.py:84} INFO - Retrieving connection 'db_custom'
[2026-03-17T08:10:40.904+0000] {logging_mixin.py:190} INFO - Table indonesia_stocks_table sudah ada: type "datetime" does not exist
LINE 8:                         inserted_at_timestamp DATETIME,
                                                      ^
[2026-03-17T08:10:40.904+0000] {logging_mixin.py:190} INFO - koneksi ditutup
[2026-03-17T08:10:40.905+0000] {python.py:240} INFO - Done. Returned value was: None
[2026-03-17T08:10:40.926+0000] {taskinstance.py:349} INFO - ::group::Post task execution logs
[2026-03-17T08:10:40.927+0000] {taskinstance.py:361} INFO - Marking task as SUCCESS. dag_id=dag_get_data_from_yf, task_id=create_table_db, run_id=scheduled__2026-03-16T01:00:00+00:00, execution_date=20260316T010000, start_date=20260317T081040, end_date=20260317T081040
[2026-03-17T08:10:40.970+0000] {logging_mixin.py:190} INFO - Task instance in success state
[2026-03-17T08:10:40.970+0000] {logging_mixin.py:190} INFO -  Previous state of the Task instance: running
[2026-03-17T08:10:40.971+0000] {logging_mixin.py:190} INFO - Dag name:dag_get_data_from_yf queued_at:2026-03-17 08:10:01.283482+00:00
[2026-03-17T08:10:40.971+0000] {logging_mixin.py:190} INFO - Task hostname:e9ef5a9cb8d3 operator:_PythonDecoratedOperator
[2026-03-17T08:10:40.990+0000] {local_task_job_runner.py:266} INFO - Task exited with return code 0
[2026-03-17T08:10:41.033+0000] {taskinstance.py:3924} INFO - 1 downstream tasks scheduled from follow-on schedule check
[2026-03-17T08:10:41.038+0000] {local_task_job_runner.py:245} INFO - ::endgroup::
[2026-03-17T09:02:48.476+0000] {local_task_job_runner.py:123} INFO - ::group::Pre task execution logs
[2026-03-17T09:02:48.533+0000] {taskinstance.py:2631} INFO - Dependencies all met for dep_context=non-requeueable deps ti=<TaskInstance: dag_get_data_from_yf.create_table_db scheduled__2026-03-16T01:00:00+00:00 [queued]>
[2026-03-17T09:02:48.556+0000] {taskinstance.py:2631} INFO - Dependencies all met for dep_context=requeueable deps ti=<TaskInstance: dag_get_data_from_yf.create_table_db scheduled__2026-03-16T01:00:00+00:00 [queued]>
[2026-03-17T09:02:48.557+0000] {taskinstance.py:2884} INFO - Starting attempt 1 of 1
[2026-03-17T09:02:48.583+0000] {taskinstance.py:2907} INFO - Executing <Task(_PythonDecoratedOperator): create_table_db> on 2026-03-16 01:00:00+00:00
[2026-03-17T09:02:48.601+0000] {warnings.py:112} WARNING - /home/***/.local/lib/python3.12/site-packages/***/task/task_runner/standard_task_runner.py:70: DeprecationWarning: This process (pid=2168) is multi-threaded, use of fork() may lead to deadlocks in the child.
  pid = os.fork()

[2026-03-17T09:02:48.604+0000] {standard_task_runner.py:72} INFO - Started process 2170 to run task
[2026-03-17T09:02:48.606+0000] {standard_task_runner.py:104} INFO - Running: ['***', 'tasks', 'run', 'dag_get_data_from_yf', 'create_table_db', 'scheduled__2026-03-16T01:00:00+00:00', '--job-id', '2056', '--raw', '--subdir', 'DAGS_FOLDER/get_finance_yf_csv.py', '--cfg-path', '/tmp/tmpwjy10dhd']
[2026-03-17T09:02:48.608+0000] {standard_task_runner.py:105} INFO - Job 2056: Subtask create_table_db
[2026-03-17T09:02:48.732+0000] {task_command.py:467} INFO - Running <TaskInstance: dag_get_data_from_yf.create_table_db scheduled__2026-03-16T01:00:00+00:00 [running]> on host e9ef5a9cb8d3
[2026-03-17T09:02:48.929+0000] {taskinstance.py:3157} INFO - Exporting env vars: AIRFLOW_CTX_DAG_OWNER='***' AIRFLOW_CTX_DAG_ID='dag_get_data_from_yf' AIRFLOW_CTX_TASK_ID='create_table_db' AIRFLOW_CTX_EXECUTION_DATE='2026-03-16T01:00:00+00:00' AIRFLOW_CTX_TRY_NUMBER='1' AIRFLOW_CTX_DAG_RUN_ID='scheduled__2026-03-16T01:00:00+00:00'
[2026-03-17T09:02:48.932+0000] {logging_mixin.py:190} INFO - Task instance is in running state
[2026-03-17T09:02:48.932+0000] {logging_mixin.py:190} INFO -  Previous state of the Task instance: queued
[2026-03-17T09:02:48.933+0000] {logging_mixin.py:190} INFO - Current task name:create_table_db state:running start_date:2026-03-17 09:02:48.534589+00:00
[2026-03-17T09:02:48.933+0000] {logging_mixin.py:190} INFO - Dag name:dag_get_data_from_yf and current dag run status:running
[2026-03-17T09:02:48.934+0000] {taskinstance.py:740} INFO - ::endgroup::
[2026-03-17T09:02:48.964+0000] {base.py:84} INFO - Retrieving connection 'db_custom'
[2026-03-17T09:02:48.984+0000] {logging_mixin.py:190} INFO - Table indonesia_stocks_table sudah ada: type "datetime" does not exist
LINE 8:                         inserted_at_timestamp_WIB DATETIME,
                                                          ^
[2026-03-17T09:02:48.985+0000] {logging_mixin.py:190} INFO - koneksi ditutup
[2026-03-17T09:02:48.985+0000] {python.py:240} INFO - Done. Returned value was: None
[2026-03-17T09:02:49.018+0000] {taskinstance.py:349} INFO - ::group::Post task execution logs
[2026-03-17T09:02:49.019+0000] {taskinstance.py:361} INFO - Marking task as SUCCESS. dag_id=dag_get_data_from_yf, task_id=create_table_db, run_id=scheduled__2026-03-16T01:00:00+00:00, execution_date=20260316T010000, start_date=20260317T090248, end_date=20260317T090249
[2026-03-17T09:02:49.081+0000] {logging_mixin.py:190} INFO - Task instance in success state
[2026-03-17T09:02:49.081+0000] {logging_mixin.py:190} INFO -  Previous state of the Task instance: running
[2026-03-17T09:02:49.082+0000] {logging_mixin.py:190} INFO - Dag name:dag_get_data_from_yf queued_at:2026-03-17 09:02:06.334645+00:00
[2026-03-17T09:02:49.082+0000] {logging_mixin.py:190} INFO - Task hostname:e9ef5a9cb8d3 operator:_PythonDecoratedOperator
[2026-03-17T09:02:49.104+0000] {local_task_job_runner.py:266} INFO - Task exited with return code 0
[2026-03-17T09:02:49.195+0000] {taskinstance.py:3924} INFO - 1 downstream tasks scheduled from follow-on schedule check
[2026-03-17T09:02:49.200+0000] {local_task_job_runner.py:245} INFO - ::endgroup::
[2026-03-17T09:18:12.179+0000] {local_task_job_runner.py:123} INFO - ::group::Pre task execution logs
[2026-03-17T09:18:12.239+0000] {taskinstance.py:2631} INFO - Dependencies all met for dep_context=non-requeueable deps ti=<TaskInstance: dag_get_data_from_yf.create_table_db scheduled__2026-03-16T01:00:00+00:00 [queued]>
[2026-03-17T09:18:12.257+0000] {taskinstance.py:2631} INFO - Dependencies all met for dep_context=requeueable deps ti=<TaskInstance: dag_get_data_from_yf.create_table_db scheduled__2026-03-16T01:00:00+00:00 [queued]>
[2026-03-17T09:18:12.257+0000] {taskinstance.py:2884} INFO - Starting attempt 1 of 1
[2026-03-17T09:18:12.279+0000] {taskinstance.py:2907} INFO - Executing <Task(_PythonDecoratedOperator): create_table_db> on 2026-03-16 01:00:00+00:00
[2026-03-17T09:18:12.291+0000] {warnings.py:112} WARNING - /home/***/.local/lib/python3.12/site-packages/***/task/task_runner/standard_task_runner.py:70: DeprecationWarning: This process (pid=2436) is multi-threaded, use of fork() may lead to deadlocks in the child.
  pid = os.fork()

[2026-03-17T09:18:12.294+0000] {standard_task_runner.py:72} INFO - Started process 2438 to run task
[2026-03-17T09:18:12.296+0000] {standard_task_runner.py:104} INFO - Running: ['***', 'tasks', 'run', 'dag_get_data_from_yf', 'create_table_db', 'scheduled__2026-03-16T01:00:00+00:00', '--job-id', '2074', '--raw', '--subdir', 'DAGS_FOLDER/get_finance_yf_csv.py', '--cfg-path', '/tmp/tmp0yjnltc0']
[2026-03-17T09:18:12.298+0000] {standard_task_runner.py:105} INFO - Job 2074: Subtask create_table_db
[2026-03-17T09:18:12.419+0000] {task_command.py:467} INFO - Running <TaskInstance: dag_get_data_from_yf.create_table_db scheduled__2026-03-16T01:00:00+00:00 [running]> on host e9ef5a9cb8d3
[2026-03-17T09:18:12.591+0000] {taskinstance.py:3157} INFO - Exporting env vars: AIRFLOW_CTX_DAG_OWNER='***' AIRFLOW_CTX_DAG_ID='dag_get_data_from_yf' AIRFLOW_CTX_TASK_ID='create_table_db' AIRFLOW_CTX_EXECUTION_DATE='2026-03-16T01:00:00+00:00' AIRFLOW_CTX_TRY_NUMBER='1' AIRFLOW_CTX_DAG_RUN_ID='scheduled__2026-03-16T01:00:00+00:00'
[2026-03-17T09:18:12.594+0000] {logging_mixin.py:190} INFO - Task instance is in running state
[2026-03-17T09:18:12.595+0000] {logging_mixin.py:190} INFO -  Previous state of the Task instance: queued
[2026-03-17T09:18:12.595+0000] {logging_mixin.py:190} INFO - Current task name:create_table_db state:running start_date:2026-03-17 09:18:12.240097+00:00
[2026-03-17T09:18:12.595+0000] {logging_mixin.py:190} INFO - Dag name:dag_get_data_from_yf and current dag run status:running
[2026-03-17T09:18:12.596+0000] {taskinstance.py:740} INFO - ::endgroup::
[2026-03-17T09:18:12.618+0000] {base.py:84} INFO - Retrieving connection 'db_custom'
[2026-03-17T09:18:12.656+0000] {logging_mixin.py:190} INFO - create table if not exists SUKSES
[2026-03-17T09:18:12.657+0000] {logging_mixin.py:190} INFO - koneksi ditutup
[2026-03-17T09:18:12.657+0000] {python.py:240} INFO - Done. Returned value was: None
[2026-03-17T09:18:12.683+0000] {taskinstance.py:349} INFO - ::group::Post task execution logs
[2026-03-17T09:18:12.684+0000] {taskinstance.py:361} INFO - Marking task as SUCCESS. dag_id=dag_get_data_from_yf, task_id=create_table_db, run_id=scheduled__2026-03-16T01:00:00+00:00, execution_date=20260316T010000, start_date=20260317T091812, end_date=20260317T091812
[2026-03-17T09:18:12.736+0000] {logging_mixin.py:190} INFO - Task instance in success state
[2026-03-17T09:18:12.737+0000] {logging_mixin.py:190} INFO -  Previous state of the Task instance: running
[2026-03-17T09:18:12.737+0000] {logging_mixin.py:190} INFO - Dag name:dag_get_data_from_yf queued_at:2026-03-17 09:17:28.352532+00:00
[2026-03-17T09:18:12.738+0000] {logging_mixin.py:190} INFO - Task hostname:e9ef5a9cb8d3 operator:_PythonDecoratedOperator
[2026-03-17T09:18:12.756+0000] {local_task_job_runner.py:266} INFO - Task exited with return code 0
[2026-03-17T09:18:12.813+0000] {taskinstance.py:3924} INFO - 1 downstream tasks scheduled from follow-on schedule check
[2026-03-17T09:18:12.818+0000] {local_task_job_runner.py:245} INFO - ::endgroup::
