[2026-03-11T13:09:17.458+0000] {local_task_job_runner.py:123} INFO - ::group::Pre task execution logs
[2026-03-11T13:09:17.513+0000] {taskinstance.py:2631} INFO - Dependencies all met for dep_context=non-requeueable deps ti=<TaskInstance: dag_get_data_from_yf.trigger_load_data_dag manual__2026-03-11T13:08:20+00:00 [queued]>
[2026-03-11T13:09:17.527+0000] {taskinstance.py:2631} INFO - Dependencies all met for dep_context=requeueable deps ti=<TaskInstance: dag_get_data_from_yf.trigger_load_data_dag manual__2026-03-11T13:08:20+00:00 [queued]>
[2026-03-11T13:09:17.528+0000] {taskinstance.py:2884} INFO - Starting attempt 1 of 1
[2026-03-11T13:09:17.548+0000] {taskinstance.py:2907} INFO - Executing <Task(TriggerDagRunOperator): trigger_load_data_dag> on 2026-03-11 13:08:20+00:00
[2026-03-11T13:09:17.561+0000] {warnings.py:112} WARNING - /home/***/.local/lib/python3.12/site-packages/***/task/task_runner/standard_task_runner.py:70: DeprecationWarning: This process (pid=9221) is multi-threaded, use of fork() may lead to deadlocks in the child.
  pid = os.fork()

[2026-03-11T13:09:17.563+0000] {standard_task_runner.py:72} INFO - Started process 9227 to run task
[2026-03-11T13:09:17.566+0000] {standard_task_runner.py:104} INFO - Running: ['***', 'tasks', 'run', 'dag_get_data_from_yf', 'trigger_load_data_dag', 'manual__2026-03-11T13:08:20+00:00', '--job-id', '10803', '--raw', '--subdir', 'DAGS_FOLDER/get_finance_yf_csv.py', '--cfg-path', '/tmp/tmptyhgpmr6']
[2026-03-11T13:09:17.568+0000] {standard_task_runner.py:105} INFO - Job 10803: Subtask trigger_load_data_dag
[2026-03-11T13:09:17.653+0000] {task_command.py:467} INFO - Running <TaskInstance: dag_get_data_from_yf.trigger_load_data_dag manual__2026-03-11T13:08:20+00:00 [running]> on host ea47c22639fa
[2026-03-11T13:09:17.872+0000] {taskinstance.py:3157} INFO - Exporting env vars: AIRFLOW_CTX_DAG_OWNER='***' AIRFLOW_CTX_DAG_ID='dag_get_data_from_yf' AIRFLOW_CTX_TASK_ID='trigger_load_data_dag' AIRFLOW_CTX_EXECUTION_DATE='2026-03-11T13:08:20+00:00' AIRFLOW_CTX_TRY_NUMBER='1' AIRFLOW_CTX_DAG_RUN_ID='manual__2026-03-11T13:08:20+00:00'
[2026-03-11T13:09:17.875+0000] {logging_mixin.py:190} INFO - Task instance is in running state
[2026-03-11T13:09:17.875+0000] {logging_mixin.py:190} INFO -  Previous state of the Task instance: queued
[2026-03-11T13:09:17.876+0000] {logging_mixin.py:190} INFO - Current task name:trigger_load_data_dag state:running start_date:2026-03-11 13:09:17.514254+00:00
[2026-03-11T13:09:17.876+0000] {logging_mixin.py:190} INFO - Dag name:dag_get_data_from_yf and current dag run status:running
[2026-03-11T13:09:17.877+0000] {taskinstance.py:740} INFO - ::endgroup::
[2026-03-11T13:09:18.107+0000] {taskinstance.py:349} INFO - ::group::Post task execution logs
[2026-03-11T13:09:18.107+0000] {taskinstance.py:361} INFO - Marking task as SUCCESS. dag_id=dag_get_data_from_yf, task_id=trigger_load_data_dag, run_id=manual__2026-03-11T13:08:20+00:00, execution_date=20260311T130820, start_date=20260311T130917, end_date=20260311T130918
[2026-03-11T13:09:18.174+0000] {logging_mixin.py:190} INFO - Task instance in success state
[2026-03-11T13:09:18.175+0000] {logging_mixin.py:190} INFO -  Previous state of the Task instance: running
[2026-03-11T13:09:18.175+0000] {logging_mixin.py:190} INFO - Dag name:dag_get_data_from_yf queued_at:2026-03-11 13:08:33.043071+00:00
[2026-03-11T13:09:18.176+0000] {logging_mixin.py:190} INFO - Task hostname:ea47c22639fa operator:TriggerDagRunOperator
[2026-03-11T13:09:18.193+0000] {local_task_job_runner.py:266} INFO - Task exited with return code 0
[2026-03-11T13:09:18.237+0000] {taskinstance.py:3924} INFO - 0 downstream tasks scheduled from follow-on schedule check
[2026-03-11T13:09:18.242+0000] {local_task_job_runner.py:245} INFO - ::endgroup::
