[2026-03-23T11:34:31.257+0000] {local_task_job_runner.py:123} INFO - ::group::Pre task execution logs
[2026-03-23T11:34:31.522+0000] {taskinstance.py:2631} INFO - Dependencies all met for dep_context=non-requeueable deps ti=<TaskInstance: dag_get_data_from_yf.olhc_branching.get_csv_high manual__2026-03-23T11:33:58+00:00 [queued]>
[2026-03-23T11:34:31.568+0000] {taskinstance.py:2631} INFO - Dependencies all met for dep_context=requeueable deps ti=<TaskInstance: dag_get_data_from_yf.olhc_branching.get_csv_high manual__2026-03-23T11:33:58+00:00 [queued]>
[2026-03-23T11:34:31.569+0000] {taskinstance.py:2884} INFO - Starting attempt 1 of 1
[2026-03-23T11:34:31.625+0000] {taskinstance.py:2907} INFO - Executing <Task(_PythonDecoratedOperator): olhc_branching.get_csv_high> on 2026-03-23 11:33:58+00:00
[2026-03-23T11:34:31.648+0000] {warnings.py:112} WARNING - /home/***/.local/lib/python3.12/site-packages/***/task/task_runner/standard_task_runner.py:70: DeprecationWarning: This process (pid=324) is multi-threaded, use of fork() may lead to deadlocks in the child.
  pid = os.fork()

[2026-03-23T11:34:31.652+0000] {standard_task_runner.py:72} INFO - Started process 333 to run task
[2026-03-23T11:34:31.669+0000] {standard_task_runner.py:104} INFO - Running: ['***', 'tasks', 'run', 'dag_get_data_from_yf', 'olhc_branching.get_csv_high', 'manual__2026-03-23T11:33:58+00:00', '--job-id', '2400', '--raw', '--subdir', 'DAGS_FOLDER/get_finance_yf_csv.py', '--cfg-path', '/tmp/tmppiriojqy']
[2026-03-23T11:34:31.671+0000] {standard_task_runner.py:105} INFO - Job 2400: Subtask olhc_branching.get_csv_high
[2026-03-23T11:34:31.940+0000] {task_command.py:467} INFO - Running <TaskInstance: dag_get_data_from_yf.olhc_branching.get_csv_high manual__2026-03-23T11:33:58+00:00 [running]> on host 24549b7de883
[2026-03-23T11:34:32.646+0000] {taskinstance.py:3157} INFO - Exporting env vars: AIRFLOW_CTX_DAG_OWNER='***' AIRFLOW_CTX_DAG_ID='dag_get_data_from_yf' AIRFLOW_CTX_TASK_ID='olhc_branching.get_csv_high' AIRFLOW_CTX_EXECUTION_DATE='2026-03-23T11:33:58+00:00' AIRFLOW_CTX_TRY_NUMBER='1' AIRFLOW_CTX_DAG_RUN_ID='manual__2026-03-23T11:33:58+00:00'
[2026-03-23T11:34:32.658+0000] {logging_mixin.py:190} INFO - Task instance is in running state
[2026-03-23T11:34:32.659+0000] {logging_mixin.py:190} INFO -  Previous state of the Task instance: queued
[2026-03-23T11:34:32.660+0000] {logging_mixin.py:190} INFO - Current task name:olhc_branching.get_csv_high state:running start_date:2026-03-23 11:34:31.524074+00:00
[2026-03-23T11:34:32.661+0000] {logging_mixin.py:190} INFO - Dag name:dag_get_data_from_yf and current dag run status:running
[2026-03-23T11:34:32.662+0000] {taskinstance.py:740} INFO - ::endgroup::
[2026-03-23T11:34:32.755+0000] {logging_mixin.py:190} INFO - Data saved to /opt/***/scripts/saham_indonesia_high.csv
[2026-03-23T11:34:32.757+0000] {python.py:240} INFO - Done. Returned value was: /opt/***/scripts/saham_indonesia_high.csv
[2026-03-23T11:34:32.918+0000] {taskinstance.py:349} INFO - ::group::Post task execution logs
[2026-03-23T11:34:32.925+0000] {taskinstance.py:361} INFO - Marking task as SUCCESS. dag_id=dag_get_data_from_yf, task_id=olhc_branching.get_csv_high, run_id=manual__2026-03-23T11:33:58+00:00, execution_date=20260323T113358, start_date=20260323T113431, end_date=20260323T113432
[2026-03-23T11:34:33.095+0000] {logging_mixin.py:190} INFO - Task instance in success state
[2026-03-23T11:34:33.105+0000] {logging_mixin.py:190} INFO -  Previous state of the Task instance: running
[2026-03-23T11:34:33.106+0000] {logging_mixin.py:190} INFO - Dag name:dag_get_data_from_yf queued_at:2026-03-23 11:34:04.955169+00:00
[2026-03-23T11:34:33.106+0000] {logging_mixin.py:190} INFO - Task hostname:24549b7de883 operator:_PythonDecoratedOperator
[2026-03-23T11:34:33.138+0000] {local_task_job_runner.py:266} INFO - Task exited with return code 0
[2026-03-23T11:34:33.177+0000] {local_task_job_runner.py:245} INFO - ::endgroup::
