[2026-03-10T06:21:45.182+0000] {local_task_job_runner.py:123} INFO - ::group::Pre task execution logs
[2026-03-10T06:21:45.229+0000] {taskinstance.py:2631} INFO - Dependencies all met for dep_context=non-requeueable deps ti=<TaskInstance: dag_load_data_from_csv.read_csv_file manual__2026-03-10T06:21:38.005036+00:00 [queued]>
[2026-03-10T06:21:45.243+0000] {taskinstance.py:2631} INFO - Dependencies all met for dep_context=requeueable deps ti=<TaskInstance: dag_load_data_from_csv.read_csv_file manual__2026-03-10T06:21:38.005036+00:00 [queued]>
[2026-03-10T06:21:45.244+0000] {taskinstance.py:2884} INFO - Starting attempt 1 of 1
[2026-03-10T06:21:45.266+0000] {taskinstance.py:2907} INFO - Executing <Task(_PythonDecoratedOperator): read_csv_file> on 2026-03-10 06:21:38.005036+00:00
[2026-03-10T06:21:45.279+0000] {warnings.py:112} WARNING - /home/***/.local/lib/python3.12/site-packages/***/task/task_runner/standard_task_runner.py:70: DeprecationWarning: This process (pid=14674) is multi-threaded, use of fork() may lead to deadlocks in the child.
  pid = os.fork()

[2026-03-10T06:21:45.282+0000] {standard_task_runner.py:72} INFO - Started process 14683 to run task
[2026-03-10T06:21:45.282+0000] {standard_task_runner.py:104} INFO - Running: ['***', 'tasks', 'run', 'dag_load_data_from_csv', 'read_csv_file', 'manual__2026-03-10T06:21:38.005036+00:00', '--job-id', '9289', '--raw', '--subdir', 'DAGS_FOLDER/read_finance_csv_from_other_dag.py', '--cfg-path', '/tmp/tmpx_141v61']
[2026-03-10T06:21:45.284+0000] {standard_task_runner.py:105} INFO - Job 9289: Subtask read_csv_file
[2026-03-10T06:21:45.373+0000] {task_command.py:467} INFO - Running <TaskInstance: dag_load_data_from_csv.read_csv_file manual__2026-03-10T06:21:38.005036+00:00 [running]> on host 50d997f0c294
[2026-03-10T06:21:45.543+0000] {taskinstance.py:3157} INFO - Exporting env vars: AIRFLOW_CTX_DAG_OWNER='***' AIRFLOW_CTX_DAG_ID='dag_load_data_from_csv' AIRFLOW_CTX_TASK_ID='read_csv_file' AIRFLOW_CTX_EXECUTION_DATE='2026-03-10T06:21:38.005036+00:00' AIRFLOW_CTX_TRY_NUMBER='1' AIRFLOW_CTX_DAG_RUN_ID='manual__2026-03-10T06:21:38.005036+00:00'
[2026-03-10T06:21:45.545+0000] {logging_mixin.py:190} INFO - Task instance is in running state
[2026-03-10T06:21:45.546+0000] {logging_mixin.py:190} INFO -  Previous state of the Task instance: queued
[2026-03-10T06:21:45.546+0000] {logging_mixin.py:190} INFO - Current task name:read_csv_file state:running start_date:2026-03-10 06:21:45.229676+00:00
[2026-03-10T06:21:45.546+0000] {logging_mixin.py:190} INFO - Dag name:dag_load_data_from_csv and current dag run status:running
[2026-03-10T06:21:45.547+0000] {taskinstance.py:740} INFO - ::endgroup::
[2026-03-10T06:21:45.631+0000] {logging_mixin.py:190} INFO -         Price             Close  ...              Open.4              Open.5
0      Ticker           ASII.JK  ...             TLKM.JK             UNVR.JK
1        Date               NaN  ...                 NaN                 NaN
2  2025-03-10     4392.21484375  ...  2252.5794979079496   1130.035291768737
3  2025-03-11  4419.83935546875  ...   2206.230079361155  1097.2126126329438
4  2025-03-12  4429.04736328125  ...   2234.039884606186  1125.3462126358695

[5 rows x 25 columns]
[2026-03-10T06:21:45.632+0000] {python.py:240} INFO - Done. Returned value was: /opt/***/scripts/saham_indonesia_all.csv
[2026-03-10T06:21:45.682+0000] {taskinstance.py:349} INFO - ::group::Post task execution logs
[2026-03-10T06:21:45.683+0000] {taskinstance.py:361} INFO - Marking task as SUCCESS. dag_id=dag_load_data_from_csv, task_id=read_csv_file, run_id=manual__2026-03-10T06:21:38.005036+00:00, execution_date=20260310T062138, start_date=20260310T062145, end_date=20260310T062145
[2026-03-10T06:21:45.728+0000] {logging_mixin.py:190} INFO - Task instance in success state
[2026-03-10T06:21:45.729+0000] {logging_mixin.py:190} INFO -  Previous state of the Task instance: running
[2026-03-10T06:21:45.729+0000] {logging_mixin.py:190} INFO - Dag name:dag_load_data_from_csv queued_at:2026-03-10 06:21:38.055932+00:00
[2026-03-10T06:21:45.730+0000] {logging_mixin.py:190} INFO - Task hostname:50d997f0c294 operator:_PythonDecoratedOperator
[2026-03-10T06:21:45.747+0000] {local_task_job_runner.py:266} INFO - Task exited with return code 0
[2026-03-10T06:21:45.788+0000] {taskinstance.py:3924} INFO - 0 downstream tasks scheduled from follow-on schedule check
[2026-03-10T06:21:45.791+0000] {local_task_job_runner.py:245} INFO - ::endgroup::
