[2026-03-24T02:57:55.035+0000] {local_task_job_runner.py:123} INFO - ::group::Pre task execution logs
[2026-03-24T02:57:55.295+0000] {taskinstance.py:2631} INFO - Dependencies all met for dep_context=non-requeueable deps ti=<TaskInstance: dag_get_data_from_yf.insert_data_task manual__2026-03-24T02:56:29+00:00 map_index=1 [queued]>
[2026-03-24T02:57:55.370+0000] {taskinstance.py:2631} INFO - Dependencies all met for dep_context=requeueable deps ti=<TaskInstance: dag_get_data_from_yf.insert_data_task manual__2026-03-24T02:56:29+00:00 map_index=1 [queued]>
[2026-03-24T02:57:55.371+0000] {taskinstance.py:2884} INFO - Starting attempt 1 of 1
[2026-03-24T02:57:55.449+0000] {taskinstance.py:2907} INFO - Executing <Mapped(SQLExecuteQueryOperator): insert_data_task> on 2026-03-24 02:56:29+00:00
[2026-03-24T02:57:55.485+0000] {warnings.py:112} WARNING - /home/***/.local/lib/python3.12/site-packages/***/task/task_runner/standard_task_runner.py:70: DeprecationWarning: This process (pid=267) is multi-threaded, use of fork() may lead to deadlocks in the child.
  pid = os.fork()

[2026-03-24T02:57:55.490+0000] {standard_task_runner.py:72} INFO - Started process 310 to run task
[2026-03-24T02:57:55.505+0000] {standard_task_runner.py:104} INFO - Running: ['***', 'tasks', 'run', 'dag_get_data_from_yf', 'insert_data_task', 'manual__2026-03-24T02:56:29+00:00', '--job-id', '2511', '--raw', '--subdir', 'DAGS_FOLDER/get_finance_yf_csv.py', '--cfg-path', '/tmp/tmpcup49g96', '--map-index', '1']
[2026-03-24T02:57:55.536+0000] {standard_task_runner.py:105} INFO - Job 2511: Subtask insert_data_task
[2026-03-24T02:57:56.010+0000] {task_command.py:467} INFO - Running <TaskInstance: dag_get_data_from_yf.insert_data_task manual__2026-03-24T02:56:29+00:00 map_index=1 [running]> on host 23db597e10a6
[2026-03-24T02:57:57.068+0000] {taskinstance.py:3157} INFO - Exporting env vars: AIRFLOW_CTX_DAG_OWNER='***' AIRFLOW_CTX_DAG_ID='dag_get_data_from_yf' AIRFLOW_CTX_TASK_ID='insert_data_task' AIRFLOW_CTX_EXECUTION_DATE='2026-03-24T02:56:29+00:00' AIRFLOW_CTX_TRY_NUMBER='1' AIRFLOW_CTX_DAG_RUN_ID='manual__2026-03-24T02:56:29+00:00'
[2026-03-24T02:57:57.071+0000] {logging_mixin.py:190} INFO - Task instance is in running state
[2026-03-24T02:57:57.073+0000] {logging_mixin.py:190} INFO -  Previous state of the Task instance: queued
[2026-03-24T02:57:57.073+0000] {logging_mixin.py:190} INFO - Current task name:insert_data_task state:running start_date:2026-03-24 02:57:55.297205+00:00
[2026-03-24T02:57:57.074+0000] {logging_mixin.py:190} INFO - Dag name:dag_get_data_from_yf and current dag run status:running
[2026-03-24T02:57:57.075+0000] {taskinstance.py:740} INFO - ::endgroup::
[2026-03-24T02:57:57.076+0000] {sql.py:392} INFO - Executing:  INSERT INTO indonesian_stocks (date, ticker, close, high, low, open, inserted_at_timestamp_wib) 
                VALUES ('2026-03-02', 'BBRI.JK', '3820.0', '3840.0', '3800.0', '3840.0', '2026-03-24 09:56:45' )
                ON CONFLICT (date, ticker) DO NOTHING; 
[2026-03-24T02:57:57.102+0000] {crypto.py:82} WARNING - empty cryptography key - values will not be stored encrypted.
[2026-03-24T02:57:57.103+0000] {base.py:84} INFO - Retrieving connection 'db_custom'
[2026-03-24T02:57:57.144+0000] {base.py:84} INFO - Retrieving connection 'db_custom'
[2026-03-24T02:57:57.192+0000] {sql.py:829} INFO - Running statement:  INSERT INTO indonesian_stocks (date, ticker, close, high, low, open, inserted_at_timestamp_wib) 
                VALUES ('2026-03-02', 'BBRI.JK', '3820.0', '3840.0', '3800.0', '3840.0', '2026-03-24 09:56:45' )
                ON CONFLICT (date, ticker) DO NOTHING; , parameters: None
[2026-03-24T02:57:57.194+0000] {sql.py:841} INFO - Rows affected: 1
[2026-03-24T02:57:57.286+0000] {taskinstance.py:349} INFO - ::group::Post task execution logs
[2026-03-24T02:57:57.287+0000] {taskinstance.py:361} INFO - Marking task as SUCCESS. dag_id=dag_get_data_from_yf, task_id=insert_data_task, run_id=manual__2026-03-24T02:56:29+00:00, map_index=1, execution_date=20260324T025629, start_date=20260324T025755, end_date=20260324T025757
[2026-03-24T02:57:57.504+0000] {logging_mixin.py:190} INFO - Task instance in success state
[2026-03-24T02:57:57.511+0000] {logging_mixin.py:190} INFO -  Previous state of the Task instance: running
[2026-03-24T02:57:57.512+0000] {logging_mixin.py:190} INFO - Dag name:dag_get_data_from_yf queued_at:2026-03-24 02:56:36.455833+00:00
[2026-03-24T02:57:57.513+0000] {logging_mixin.py:190} INFO - Task hostname:23db597e10a6 operator:SQLExecuteQueryOperator
[2026-03-24T02:57:57.553+0000] {local_task_job_runner.py:266} INFO - Task exited with return code 0
[2026-03-24T02:57:57.736+0000] {taskinstance.py:3924} INFO - 0 downstream tasks scheduled from follow-on schedule check
[2026-03-24T02:57:57.749+0000] {local_task_job_runner.py:245} INFO - ::endgroup::
