[2026-03-23T15:49:28.201+0000] {local_task_job_runner.py:123} INFO - ::group::Pre task execution logs
[2026-03-23T15:49:28.269+0000] {taskinstance.py:2631} INFO - Dependencies all met for dep_context=non-requeueable deps ti=<TaskInstance: dag_get_data_from_yf.olhc_branching.get_csv_high manual__2026-03-23T15:48:40+00:00 [queued]>
[2026-03-23T15:49:28.291+0000] {taskinstance.py:2631} INFO - Dependencies all met for dep_context=requeueable deps ti=<TaskInstance: dag_get_data_from_yf.olhc_branching.get_csv_high manual__2026-03-23T15:48:40+00:00 [queued]>
[2026-03-23T15:49:28.292+0000] {taskinstance.py:2884} INFO - Starting attempt 1 of 1
[2026-03-23T15:49:28.322+0000] {taskinstance.py:2907} INFO - Executing <Task(_PythonDecoratedOperator): olhc_branching.get_csv_high> on 2026-03-23 15:48:40+00:00
[2026-03-23T15:49:28.345+0000] {warnings.py:112} WARNING - /home/***/.local/lib/python3.12/site-packages/***/task/task_runner/standard_task_runner.py:70: DeprecationWarning: This process (pid=416) is multi-threaded, use of fork() may lead to deadlocks in the child.
  pid = os.fork()

[2026-03-23T15:49:28.349+0000] {standard_task_runner.py:72} INFO - Started process 425 to run task
[2026-03-23T15:49:28.351+0000] {standard_task_runner.py:104} INFO - Running: ['***', 'tasks', 'run', 'dag_get_data_from_yf', 'olhc_branching.get_csv_high', 'manual__2026-03-23T15:48:40+00:00', '--job-id', '2443', '--raw', '--subdir', 'DAGS_FOLDER/get_finance_yf_csv.py', '--cfg-path', '/tmp/tmpl6z0szst']
[2026-03-23T15:49:28.353+0000] {standard_task_runner.py:105} INFO - Job 2443: Subtask olhc_branching.get_csv_high
[2026-03-23T15:49:28.529+0000] {task_command.py:467} INFO - Running <TaskInstance: dag_get_data_from_yf.olhc_branching.get_csv_high manual__2026-03-23T15:48:40+00:00 [running]> on host 67b08da24b5a
[2026-03-23T15:49:28.842+0000] {taskinstance.py:3157} INFO - Exporting env vars: AIRFLOW_CTX_DAG_OWNER='***' AIRFLOW_CTX_DAG_ID='dag_get_data_from_yf' AIRFLOW_CTX_TASK_ID='olhc_branching.get_csv_high' AIRFLOW_CTX_EXECUTION_DATE='2026-03-23T15:48:40+00:00' AIRFLOW_CTX_TRY_NUMBER='1' AIRFLOW_CTX_DAG_RUN_ID='manual__2026-03-23T15:48:40+00:00'
[2026-03-23T15:49:28.848+0000] {logging_mixin.py:190} INFO - Task instance is in running state
[2026-03-23T15:49:28.849+0000] {logging_mixin.py:190} INFO -  Previous state of the Task instance: queued
[2026-03-23T15:49:28.850+0000] {logging_mixin.py:190} INFO - Current task name:olhc_branching.get_csv_high state:running start_date:2026-03-23 15:49:28.269978+00:00
[2026-03-23T15:49:28.850+0000] {logging_mixin.py:190} INFO - Dag name:dag_get_data_from_yf and current dag run status:running
[2026-03-23T15:49:28.851+0000] {taskinstance.py:740} INFO - ::endgroup::
[2026-03-23T15:49:28.877+0000] {logging_mixin.py:190} INFO - Data saved to /opt/***/scripts/saham_indonesia_high.csv
[2026-03-23T15:49:28.878+0000] {python.py:240} INFO - Done. Returned value was: /opt/***/scripts/saham_indonesia_high.csv
[2026-03-23T15:49:28.976+0000] {taskinstance.py:349} INFO - ::group::Post task execution logs
[2026-03-23T15:49:28.977+0000] {taskinstance.py:361} INFO - Marking task as SUCCESS. dag_id=dag_get_data_from_yf, task_id=olhc_branching.get_csv_high, run_id=manual__2026-03-23T15:48:40+00:00, execution_date=20260323T154840, start_date=20260323T154928, end_date=20260323T154928
[2026-03-23T15:49:29.051+0000] {logging_mixin.py:190} INFO - Task instance in success state
[2026-03-23T15:49:29.052+0000] {logging_mixin.py:190} INFO -  Previous state of the Task instance: running
[2026-03-23T15:49:29.052+0000] {logging_mixin.py:190} INFO - Dag name:dag_get_data_from_yf queued_at:2026-03-23 15:49:01.769132+00:00
[2026-03-23T15:49:29.053+0000] {logging_mixin.py:190} INFO - Task hostname:67b08da24b5a operator:_PythonDecoratedOperator
[2026-03-23T15:49:29.078+0000] {local_task_job_runner.py:266} INFO - Task exited with return code 0
[2026-03-23T15:49:29.110+0000] {local_task_job_runner.py:245} INFO - ::endgroup::
