[2026-03-09T02:29:07.905+0000] {local_task_job_runner.py:123} INFO - ::group::Pre task execution logs
[2026-03-09T02:29:07.965+0000] {taskinstance.py:2631} INFO - Dependencies all met for dep_context=non-requeueable deps ti=<TaskInstance: dag_get_data_from_yf.get_data_from_yf scheduled__2026-03-09T02:28:00+00:00 [queued]>
[2026-03-09T02:29:07.981+0000] {taskinstance.py:2631} INFO - Dependencies all met for dep_context=requeueable deps ti=<TaskInstance: dag_get_data_from_yf.get_data_from_yf scheduled__2026-03-09T02:28:00+00:00 [queued]>
[2026-03-09T02:29:07.982+0000] {taskinstance.py:2884} INFO - Starting attempt 1 of 1
[2026-03-09T02:29:08.016+0000] {taskinstance.py:2907} INFO - Executing <Task(_PythonDecoratedOperator): get_data_from_yf> on 2026-03-09 02:28:00+00:00
[2026-03-09T02:29:08.035+0000] {warnings.py:112} WARNING - /home/***/.local/lib/python3.12/site-packages/***/task/task_runner/standard_task_runner.py:70: DeprecationWarning: This process (pid=3359) is multi-threaded, use of fork() may lead to deadlocks in the child.
  pid = os.fork()

[2026-03-09T02:29:08.038+0000] {standard_task_runner.py:72} INFO - Started process 3366 to run task
[2026-03-09T02:29:08.039+0000] {standard_task_runner.py:104} INFO - Running: ['***', 'tasks', 'run', 'dag_get_data_from_yf', 'get_data_from_yf', 'scheduled__2026-03-09T02:28:00+00:00', '--job-id', '4932', '--raw', '--subdir', 'DAGS_FOLDER/get_finance_yf_csv.py', '--cfg-path', '/tmp/tmprmdn139x']
[2026-03-09T02:29:08.041+0000] {standard_task_runner.py:105} INFO - Job 4932: Subtask get_data_from_yf
[2026-03-09T02:29:08.180+0000] {task_command.py:467} INFO - Running <TaskInstance: dag_get_data_from_yf.get_data_from_yf scheduled__2026-03-09T02:28:00+00:00 [running]> on host 0b29540d368e
[2026-03-09T02:29:08.420+0000] {taskinstance.py:3157} INFO - Exporting env vars: AIRFLOW_CTX_DAG_OWNER='***' AIRFLOW_CTX_DAG_ID='dag_get_data_from_yf' AIRFLOW_CTX_TASK_ID='get_data_from_yf' AIRFLOW_CTX_EXECUTION_DATE='2026-03-09T02:28:00+00:00' AIRFLOW_CTX_TRY_NUMBER='1' AIRFLOW_CTX_DAG_RUN_ID='scheduled__2026-03-09T02:28:00+00:00'
[2026-03-09T02:29:08.423+0000] {logging_mixin.py:190} INFO - Task instance is in running state
[2026-03-09T02:29:08.423+0000] {logging_mixin.py:190} INFO -  Previous state of the Task instance: queued
[2026-03-09T02:29:08.424+0000] {logging_mixin.py:190} INFO - Current task name:get_data_from_yf state:running start_date:2026-03-09 02:29:07.966153+00:00
[2026-03-09T02:29:08.424+0000] {logging_mixin.py:190} INFO - Dag name:dag_get_data_from_yf and current dag run status:running
[2026-03-09T02:29:08.425+0000] {taskinstance.py:740} INFO - ::endgroup::
[2026-03-09T02:29:09.328+0000] {logging_mixin.py:190} WARNING - [                       0%                       ]
[2026-03-09T02:29:09.350+0000] {logging_mixin.py:190} WARNING - [****************      33%                       ]  2 of 6 completed
[2026-03-09T02:29:09.368+0000] {logging_mixin.py:190} WARNING - [**********************50%                       ]  3 of 6 completed
[2026-03-09T02:29:09.386+0000] {logging_mixin.py:190} WARNING - [**********************67%*******                ]  4 of 6 completed
[2026-03-09T02:29:09.400+0000] {logging_mixin.py:190} WARNING - [**********************83%***************        ]  5 of 6 completed
[2026-03-09T02:29:09.407+0000] {logging_mixin.py:190} WARNING - [*********************100%***********************]  6 of 6 completed
[2026-03-09T02:29:09.420+0000] {python.py:240} INFO - Done. Returned value was: Price             Close               ...     Volume           
Ticker          ASII.JK      BBRI.JK  ...    TLKM.JK    UNVR.JK
Date                                  ...                      
2025-03-10  4392.214844  3424.992188  ...   88949400   73948200
2025-03-11  4419.839355  3452.319336  ...  102235600   35888100
2025-03-12  4429.047363  3543.409424  ...   98938700   59364000
2025-03-13  4355.382812  3461.428223  ...   66706500  123437300
2025-03-14  4254.095215  3415.883057  ...  107627100  148060700
...                 ...          ...  ...        ...        ...
2026-03-03  6275.000000  3770.000000  ...  125403800   29682000
2026-03-04  6150.000000  3690.000000  ...  206478300   31919800
2026-03-05  6325.000000  3750.000000  ...  137853600   14954200
2026-03-06  6125.000000  3670.000000  ...   84932600   11788500
2026-03-09  5900.000000  3620.000000  ...   32362300    5718000

[236 rows x 30 columns]
[2026-03-09T02:29:09.670+0000] {taskinstance.py:349} INFO - ::group::Post task execution logs
[2026-03-09T02:29:09.670+0000] {taskinstance.py:361} INFO - Marking task as SUCCESS. dag_id=dag_get_data_from_yf, task_id=get_data_from_yf, run_id=scheduled__2026-03-09T02:28:00+00:00, execution_date=20260309T022800, start_date=20260309T022907, end_date=20260309T022909
[2026-03-09T02:29:09.727+0000] {logging_mixin.py:190} INFO - Task instance in success state
[2026-03-09T02:29:09.728+0000] {logging_mixin.py:190} INFO -  Previous state of the Task instance: running
[2026-03-09T02:29:09.728+0000] {logging_mixin.py:190} INFO - Dag name:dag_get_data_from_yf queued_at:2026-03-09 02:29:00.476866+00:00
[2026-03-09T02:29:09.729+0000] {logging_mixin.py:190} INFO - Task hostname:0b29540d368e operator:_PythonDecoratedOperator
[2026-03-09T02:29:09.755+0000] {local_task_job_runner.py:266} INFO - Task exited with return code 0
[2026-03-09T02:29:09.829+0000] {taskinstance.py:3924} INFO - 4 downstream tasks scheduled from follow-on schedule check
[2026-03-09T02:29:09.834+0000] {local_task_job_runner.py:245} INFO - ::endgroup::
