[2026-03-10T02:21:19.904+0000] {local_task_job_runner.py:123} INFO - ::group::Pre task execution logs
[2026-03-10T02:21:19.967+0000] {taskinstance.py:2631} INFO - Dependencies all met for dep_context=non-requeueable deps ti=<TaskInstance: dag_get_data_from_yf.get_csv_high scheduled__2026-03-10T02:20:00+00:00 [queued]>
[2026-03-10T02:21:19.988+0000] {taskinstance.py:2631} INFO - Dependencies all met for dep_context=requeueable deps ti=<TaskInstance: dag_get_data_from_yf.get_csv_high scheduled__2026-03-10T02:20:00+00:00 [queued]>
[2026-03-10T02:21:19.988+0000] {taskinstance.py:2884} INFO - Starting attempt 1 of 1
[2026-03-10T02:21:20.020+0000] {taskinstance.py:2907} INFO - Executing <Task(_PythonDecoratedOperator): get_csv_high> on 2026-03-10 02:20:00+00:00
[2026-03-10T02:21:20.037+0000] {warnings.py:112} WARNING - /home/***/.local/lib/python3.12/site-packages/***/task/task_runner/standard_task_runner.py:70: DeprecationWarning: This process (pid=4032) is multi-threaded, use of fork() may lead to deadlocks in the child.
  pid = os.fork()

[2026-03-10T02:21:20.040+0000] {standard_task_runner.py:72} INFO - Started process 4044 to run task
[2026-03-10T02:21:20.043+0000] {standard_task_runner.py:104} INFO - Running: ['***', 'tasks', 'run', 'dag_get_data_from_yf', 'get_csv_high', 'scheduled__2026-03-10T02:20:00+00:00', '--job-id', '8223', '--raw', '--subdir', 'DAGS_FOLDER/get_finance_yf_csv.py', '--cfg-path', '/tmp/tmp6ec6v231']
[2026-03-10T02:21:20.045+0000] {standard_task_runner.py:105} INFO - Job 8223: Subtask get_csv_high
[2026-03-10T02:21:20.199+0000] {task_command.py:467} INFO - Running <TaskInstance: dag_get_data_from_yf.get_csv_high scheduled__2026-03-10T02:20:00+00:00 [running]> on host 50d997f0c294
[2026-03-10T02:21:20.775+0000] {taskinstance.py:3157} INFO - Exporting env vars: AIRFLOW_CTX_DAG_OWNER='***' AIRFLOW_CTX_DAG_ID='dag_get_data_from_yf' AIRFLOW_CTX_TASK_ID='get_csv_high' AIRFLOW_CTX_EXECUTION_DATE='2026-03-10T02:20:00+00:00' AIRFLOW_CTX_TRY_NUMBER='1' AIRFLOW_CTX_DAG_RUN_ID='scheduled__2026-03-10T02:20:00+00:00'
[2026-03-10T02:21:20.778+0000] {logging_mixin.py:190} INFO - Task instance is in running state
[2026-03-10T02:21:20.778+0000] {logging_mixin.py:190} INFO -  Previous state of the Task instance: queued
[2026-03-10T02:21:20.779+0000] {logging_mixin.py:190} INFO - Current task name:get_csv_high state:running start_date:2026-03-10 02:21:19.968718+00:00
[2026-03-10T02:21:20.779+0000] {logging_mixin.py:190} INFO - Dag name:dag_get_data_from_yf and current dag run status:running
[2026-03-10T02:21:20.779+0000] {taskinstance.py:740} INFO - ::endgroup::
[2026-03-10T02:21:20.795+0000] {logging_mixin.py:190} INFO - None
[2026-03-10T02:21:20.796+0000] {python.py:240} INFO - Done. Returned value was: /opt/***/scripts/saham_indonesia_high.csv
[2026-03-10T02:21:20.888+0000] {taskinstance.py:349} INFO - ::group::Post task execution logs
[2026-03-10T02:21:20.890+0000] {taskinstance.py:361} INFO - Marking task as SUCCESS. dag_id=dag_get_data_from_yf, task_id=get_csv_high, run_id=scheduled__2026-03-10T02:20:00+00:00, execution_date=20260310T022000, start_date=20260310T022119, end_date=20260310T022120
[2026-03-10T02:21:20.974+0000] {logging_mixin.py:190} INFO - Task instance in success state
[2026-03-10T02:21:20.974+0000] {logging_mixin.py:190} INFO -  Previous state of the Task instance: running
[2026-03-10T02:21:20.975+0000] {logging_mixin.py:190} INFO - Dag name:dag_get_data_from_yf queued_at:2026-03-10 02:21:00.688801+00:00
[2026-03-10T02:21:20.975+0000] {logging_mixin.py:190} INFO - Task hostname:50d997f0c294 operator:_PythonDecoratedOperator
[2026-03-10T02:21:21.002+0000] {local_task_job_runner.py:266} INFO - Task exited with return code 0
[2026-03-10T02:21:21.088+0000] {taskinstance.py:3924} INFO - 1 downstream tasks scheduled from follow-on schedule check
[2026-03-10T02:21:21.091+0000] {local_task_job_runner.py:245} INFO - ::endgroup::
