[2026-03-10T01:58:20.594+0000] {local_task_job_runner.py:123} INFO - ::group::Pre task execution logs
[2026-03-10T01:58:20.673+0000] {taskinstance.py:2631} INFO - Dependencies all met for dep_context=non-requeueable deps ti=<TaskInstance: dag_get_data_from_yf.get_csv_low scheduled__2026-03-10T01:57:00+00:00 [queued]>
[2026-03-10T01:58:20.701+0000] {taskinstance.py:2631} INFO - Dependencies all met for dep_context=requeueable deps ti=<TaskInstance: dag_get_data_from_yf.get_csv_low scheduled__2026-03-10T01:57:00+00:00 [queued]>
[2026-03-10T01:58:20.702+0000] {taskinstance.py:2884} INFO - Starting attempt 1 of 1
[2026-03-10T01:58:20.749+0000] {taskinstance.py:2907} INFO - Executing <Task(_PythonDecoratedOperator): get_csv_low> on 2026-03-10 01:57:00+00:00
[2026-03-10T01:58:20.781+0000] {warnings.py:112} WARNING - /home/***/.local/lib/python3.12/site-packages/***/task/task_runner/standard_task_runner.py:70: DeprecationWarning: This process (pid=1717) is multi-threaded, use of fork() may lead to deadlocks in the child.
  pid = os.fork()

[2026-03-10T01:58:20.802+0000] {standard_task_runner.py:72} INFO - Started process 1735 to run task
[2026-03-10T01:58:20.808+0000] {standard_task_runner.py:104} INFO - Running: ['***', 'tasks', 'run', 'dag_get_data_from_yf', 'get_csv_low', 'scheduled__2026-03-10T01:57:00+00:00', '--job-id', '8010', '--raw', '--subdir', 'DAGS_FOLDER/get_finance_yf_csv.py', '--cfg-path', '/tmp/tmp5qo28rg2']
[2026-03-10T01:58:20.810+0000] {standard_task_runner.py:105} INFO - Job 8010: Subtask get_csv_low
[2026-03-10T01:58:20.974+0000] {task_command.py:467} INFO - Running <TaskInstance: dag_get_data_from_yf.get_csv_low scheduled__2026-03-10T01:57:00+00:00 [running]> on host 50d997f0c294
[2026-03-10T01:58:21.512+0000] {taskinstance.py:3157} INFO - Exporting env vars: AIRFLOW_CTX_DAG_OWNER='***' AIRFLOW_CTX_DAG_ID='dag_get_data_from_yf' AIRFLOW_CTX_TASK_ID='get_csv_low' AIRFLOW_CTX_EXECUTION_DATE='2026-03-10T01:57:00+00:00' AIRFLOW_CTX_TRY_NUMBER='1' AIRFLOW_CTX_DAG_RUN_ID='scheduled__2026-03-10T01:57:00+00:00'
[2026-03-10T01:58:21.515+0000] {logging_mixin.py:190} INFO - Task instance is in running state
[2026-03-10T01:58:21.515+0000] {logging_mixin.py:190} INFO -  Previous state of the Task instance: queued
[2026-03-10T01:58:21.516+0000] {logging_mixin.py:190} INFO - Current task name:get_csv_low state:running start_date:2026-03-10 01:58:20.675305+00:00
[2026-03-10T01:58:21.517+0000] {logging_mixin.py:190} INFO - Dag name:dag_get_data_from_yf and current dag run status:running
[2026-03-10T01:58:21.517+0000] {taskinstance.py:740} INFO - ::endgroup::
[2026-03-10T01:58:21.529+0000] {logging_mixin.py:190} INFO - None
[2026-03-10T01:58:21.530+0000] {python.py:240} INFO - Done. Returned value was: /opt/***/scripts/saham_indonesia_low.csv
[2026-03-10T01:58:21.611+0000] {taskinstance.py:349} INFO - ::group::Post task execution logs
[2026-03-10T01:58:21.612+0000] {taskinstance.py:361} INFO - Marking task as SUCCESS. dag_id=dag_get_data_from_yf, task_id=get_csv_low, run_id=scheduled__2026-03-10T01:57:00+00:00, execution_date=20260310T015700, start_date=20260310T015820, end_date=20260310T015821
[2026-03-10T01:58:21.685+0000] {logging_mixin.py:190} INFO - Task instance in success state
[2026-03-10T01:58:21.685+0000] {logging_mixin.py:190} INFO -  Previous state of the Task instance: running
[2026-03-10T01:58:21.686+0000] {logging_mixin.py:190} INFO - Dag name:dag_get_data_from_yf queued_at:2026-03-10 01:58:00.949087+00:00
[2026-03-10T01:58:21.686+0000] {logging_mixin.py:190} INFO - Task hostname:50d997f0c294 operator:_PythonDecoratedOperator
[2026-03-10T01:58:21.719+0000] {local_task_job_runner.py:266} INFO - Task exited with return code 0
[2026-03-10T01:58:21.748+0000] {local_task_job_runner.py:245} INFO - ::endgroup::
