[2026-03-13T09:53:48.860+0000] {local_task_job_runner.py:123} INFO - ::group::Pre task execution logs
[2026-03-13T09:53:48.944+0000] {taskinstance.py:2631} INFO - Dependencies all met for dep_context=non-requeueable deps ti=<TaskInstance: dag_load_data_from_csv.read_csv_file manual__2026-03-13T09:53:37.798813+00:00 [queued]>
[2026-03-13T09:53:48.967+0000] {taskinstance.py:2631} INFO - Dependencies all met for dep_context=requeueable deps ti=<TaskInstance: dag_load_data_from_csv.read_csv_file manual__2026-03-13T09:53:37.798813+00:00 [queued]>
[2026-03-13T09:53:48.968+0000] {taskinstance.py:2884} INFO - Starting attempt 1 of 1
[2026-03-13T09:53:49.005+0000] {taskinstance.py:2907} INFO - Executing <Task(_PythonDecoratedOperator): read_csv_file> on 2026-03-13 09:53:37.798813+00:00
[2026-03-13T09:53:49.023+0000] {warnings.py:112} WARNING - /home/***/.local/lib/python3.12/site-packages/***/task/task_runner/standard_task_runner.py:70: DeprecationWarning: This process (pid=1912) is multi-threaded, use of fork() may lead to deadlocks in the child.
  pid = os.fork()

[2026-03-13T09:53:49.026+0000] {standard_task_runner.py:72} INFO - Started process 1914 to run task
[2026-03-13T09:53:49.036+0000] {standard_task_runner.py:104} INFO - Running: ['***', 'tasks', 'run', 'dag_load_data_from_csv', 'read_csv_file', 'manual__2026-03-13T09:53:37.798813+00:00', '--job-id', '13529', '--raw', '--subdir', 'DAGS_FOLDER/read_finance_csv_from_other_dag.py', '--cfg-path', '/tmp/tmpjsgyrl91']
[2026-03-13T09:53:49.038+0000] {standard_task_runner.py:105} INFO - Job 13529: Subtask read_csv_file
[2026-03-13T09:53:49.174+0000] {task_command.py:467} INFO - Running <TaskInstance: dag_load_data_from_csv.read_csv_file manual__2026-03-13T09:53:37.798813+00:00 [running]> on host 4c0524db3c09
[2026-03-13T09:53:49.354+0000] {taskinstance.py:3157} INFO - Exporting env vars: AIRFLOW_CTX_DAG_OWNER='***' AIRFLOW_CTX_DAG_ID='dag_load_data_from_csv' AIRFLOW_CTX_TASK_ID='read_csv_file' AIRFLOW_CTX_EXECUTION_DATE='2026-03-13T09:53:37.798813+00:00' AIRFLOW_CTX_TRY_NUMBER='1' AIRFLOW_CTX_DAG_RUN_ID='manual__2026-03-13T09:53:37.798813+00:00'
[2026-03-13T09:53:49.356+0000] {logging_mixin.py:190} INFO - Task instance is in running state
[2026-03-13T09:53:49.356+0000] {logging_mixin.py:190} INFO -  Previous state of the Task instance: queued
[2026-03-13T09:53:49.356+0000] {logging_mixin.py:190} INFO - Current task name:read_csv_file state:running start_date:2026-03-13 09:53:48.945463+00:00
[2026-03-13T09:53:49.357+0000] {logging_mixin.py:190} INFO - Dag name:dag_load_data_from_csv and current dag run status:running
[2026-03-13T09:53:49.357+0000] {taskinstance.py:740} INFO - ::endgroup::
[2026-03-13T09:53:49.423+0000] {logging_mixin.py:190} INFO -         Price            Close  ...             Open.1              Open.2
0      Ticker          BBCA.JK  ...            BBRI.JK             BMRI.JK
1        Date              NaN  ...                NaN                 NaN
2  2025-03-13  8649.9091796875  ...  3607.172568873355  4399.5607879252375
3  2025-03-14    8433.05859375  ...  3415.883056640625   4132.380982990507
4  2025-03-17     8288.4921875  ...  3443.210020857131   4221.440842848558

[5 rows x 13 columns]
[2026-03-13T09:53:49.423+0000] {python.py:240} INFO - Done. Returned value was: /opt/***/scripts/saham_indonesia_all.csv
[2026-03-13T09:53:49.490+0000] {taskinstance.py:349} INFO - ::group::Post task execution logs
[2026-03-13T09:53:49.490+0000] {taskinstance.py:361} INFO - Marking task as SUCCESS. dag_id=dag_load_data_from_csv, task_id=read_csv_file, run_id=manual__2026-03-13T09:53:37.798813+00:00, execution_date=20260313T095337, start_date=20260313T095348, end_date=20260313T095349
[2026-03-13T09:53:49.558+0000] {logging_mixin.py:190} INFO - Task instance in success state
[2026-03-13T09:53:49.559+0000] {logging_mixin.py:190} INFO -  Previous state of the Task instance: running
[2026-03-13T09:53:49.559+0000] {logging_mixin.py:190} INFO - Dag name:dag_load_data_from_csv queued_at:2026-03-13 09:53:37.869759+00:00
[2026-03-13T09:53:49.560+0000] {logging_mixin.py:190} INFO - Task hostname:4c0524db3c09 operator:_PythonDecoratedOperator
[2026-03-13T09:53:49.581+0000] {local_task_job_runner.py:266} INFO - Task exited with return code 0
[2026-03-13T09:53:49.621+0000] {taskinstance.py:3924} INFO - 0 downstream tasks scheduled from follow-on schedule check
[2026-03-13T09:53:49.624+0000] {local_task_job_runner.py:245} INFO - ::endgroup::
