[2026-03-13T02:02:31.208+0000] {local_task_job_runner.py:123} INFO - ::group::Pre task execution logs
[2026-03-13T02:02:31.484+0000] {taskinstance.py:2631} INFO - Dependencies all met for dep_context=non-requeueable deps ti=<TaskInstance: dag_get_data_from_yf.get_csv_close scheduled__2026-03-12T06:57:00+00:00 [queued]>
[2026-03-13T02:02:31.515+0000] {taskinstance.py:2631} INFO - Dependencies all met for dep_context=requeueable deps ti=<TaskInstance: dag_get_data_from_yf.get_csv_close scheduled__2026-03-12T06:57:00+00:00 [queued]>
[2026-03-13T02:02:31.516+0000] {taskinstance.py:2884} INFO - Starting attempt 3 of 3
[2026-03-13T02:02:31.600+0000] {taskinstance.py:2907} INFO - Executing <Task(_PythonDecoratedOperator): get_csv_close> on 2026-03-12 06:57:00+00:00
[2026-03-13T02:02:31.705+0000] {warnings.py:112} WARNING - /home/***/.local/lib/python3.12/site-packages/***/task/task_runner/standard_task_runner.py:70: DeprecationWarning: This process (pid=635) is multi-threaded, use of fork() may lead to deadlocks in the child.
  pid = os.fork()

[2026-03-13T02:02:31.750+0000] {standard_task_runner.py:72} INFO - Started process 682 to run task
[2026-03-13T02:02:31.799+0000] {standard_task_runner.py:104} INFO - Running: ['***', 'tasks', 'run', 'dag_get_data_from_yf', 'get_csv_close', 'scheduled__2026-03-12T06:57:00+00:00', '--job-id', '12776', '--raw', '--subdir', 'DAGS_FOLDER/get_finance_yf_csv.py', '--cfg-path', '/tmp/tmpy0e4oqnt']
[2026-03-13T02:02:31.814+0000] {standard_task_runner.py:105} INFO - Job 12776: Subtask get_csv_close
[2026-03-13T02:02:32.444+0000] {task_command.py:467} INFO - Running <TaskInstance: dag_get_data_from_yf.get_csv_close scheduled__2026-03-12T06:57:00+00:00 [running]> on host da0261867cfd
[2026-03-13T02:02:33.811+0000] {taskinstance.py:3157} INFO - Exporting env vars: AIRFLOW_CTX_DAG_OWNER='***' AIRFLOW_CTX_DAG_ID='dag_get_data_from_yf' AIRFLOW_CTX_TASK_ID='get_csv_close' AIRFLOW_CTX_EXECUTION_DATE='2026-03-12T06:57:00+00:00' AIRFLOW_CTX_TRY_NUMBER='3' AIRFLOW_CTX_DAG_RUN_ID='scheduled__2026-03-12T06:57:00+00:00'
[2026-03-13T02:02:33.817+0000] {logging_mixin.py:190} INFO - Task instance is in running state
[2026-03-13T02:02:33.818+0000] {logging_mixin.py:190} INFO -  Previous state of the Task instance: queued
[2026-03-13T02:02:33.835+0000] {logging_mixin.py:190} INFO - Current task name:get_csv_close state:running start_date:2026-03-13 02:02:31.485676+00:00
[2026-03-13T02:02:33.836+0000] {logging_mixin.py:190} INFO - Dag name:dag_get_data_from_yf and current dag run status:running
[2026-03-13T02:02:33.836+0000] {taskinstance.py:740} INFO - ::endgroup::
[2026-03-13T02:02:33.897+0000] {logging_mixin.py:190} INFO - None
[2026-03-13T02:02:33.899+0000] {python.py:240} INFO - Done. Returned value was: /opt/***/scripts/saham_indonesia_close.csv
[2026-03-13T02:02:34.124+0000] {taskinstance.py:349} INFO - ::group::Post task execution logs
[2026-03-13T02:02:34.129+0000] {taskinstance.py:361} INFO - Marking task as SUCCESS. dag_id=dag_get_data_from_yf, task_id=get_csv_close, run_id=scheduled__2026-03-12T06:57:00+00:00, execution_date=20260312T065700, start_date=20260313T020231, end_date=20260313T020234
[2026-03-13T02:02:34.329+0000] {logging_mixin.py:190} INFO - Task instance in success state
[2026-03-13T02:02:34.331+0000] {logging_mixin.py:190} INFO -  Previous state of the Task instance: running
[2026-03-13T02:02:34.332+0000] {logging_mixin.py:190} INFO - Dag name:dag_get_data_from_yf queued_at:2026-03-13 02:01:58.764913+00:00
[2026-03-13T02:02:34.333+0000] {logging_mixin.py:190} INFO - Task hostname:da0261867cfd operator:_PythonDecoratedOperator
[2026-03-13T02:02:34.379+0000] {local_task_job_runner.py:266} INFO - Task exited with return code 0
[2026-03-13T02:02:34.532+0000] {taskinstance.py:3924} INFO - 0 downstream tasks scheduled from follow-on schedule check
[2026-03-13T02:02:34.544+0000] {local_task_job_runner.py:245} INFO - ::endgroup::
