[2026-03-13T09:02:53.000+0000] {local_task_job_runner.py:123} INFO - ::group::Pre task execution logs
[2026-03-13T09:02:53.107+0000] {taskinstance.py:2631} INFO - Dependencies all met for dep_context=non-requeueable deps ti=<TaskInstance: dag_get_data_from_yf.get_csv_close manual__2026-03-13T09:00:37+00:00 [queued]>
[2026-03-13T09:02:53.137+0000] {taskinstance.py:2631} INFO - Dependencies all met for dep_context=requeueable deps ti=<TaskInstance: dag_get_data_from_yf.get_csv_close manual__2026-03-13T09:00:37+00:00 [queued]>
[2026-03-13T09:02:53.138+0000] {taskinstance.py:2884} INFO - Starting attempt 1 of 1
[2026-03-13T09:02:53.192+0000] {taskinstance.py:2907} INFO - Executing <Task(_PythonDecoratedOperator): get_csv_close> on 2026-03-13 09:00:37+00:00
[2026-03-13T09:02:53.229+0000] {warnings.py:112} WARNING - /home/***/.local/lib/python3.12/site-packages/***/task/task_runner/standard_task_runner.py:70: DeprecationWarning: This process (pid=236) is multi-threaded, use of fork() may lead to deadlocks in the child.
  pid = os.fork()

[2026-03-13T09:02:53.237+0000] {standard_task_runner.py:72} INFO - Started process 246 to run task
[2026-03-13T09:02:53.248+0000] {standard_task_runner.py:104} INFO - Running: ['***', 'tasks', 'run', 'dag_get_data_from_yf', 'get_csv_close', 'manual__2026-03-13T09:00:37+00:00', '--job-id', '13371', '--raw', '--subdir', 'DAGS_FOLDER/get_finance_yf_csv.py', '--cfg-path', '/tmp/tmpd2enbfy2']
[2026-03-13T09:02:53.252+0000] {standard_task_runner.py:105} INFO - Job 13371: Subtask get_csv_close
[2026-03-13T09:02:53.551+0000] {task_command.py:467} INFO - Running <TaskInstance: dag_get_data_from_yf.get_csv_close manual__2026-03-13T09:00:37+00:00 [running]> on host 4c0524db3c09
[2026-03-13T09:02:54.490+0000] {taskinstance.py:3157} INFO - Exporting env vars: AIRFLOW_CTX_DAG_OWNER='***' AIRFLOW_CTX_DAG_ID='dag_get_data_from_yf' AIRFLOW_CTX_TASK_ID='get_csv_close' AIRFLOW_CTX_EXECUTION_DATE='2026-03-13T09:00:37+00:00' AIRFLOW_CTX_TRY_NUMBER='1' AIRFLOW_CTX_DAG_RUN_ID='manual__2026-03-13T09:00:37+00:00'
[2026-03-13T09:02:54.494+0000] {logging_mixin.py:190} INFO - Task instance is in running state
[2026-03-13T09:02:54.495+0000] {logging_mixin.py:190} INFO -  Previous state of the Task instance: queued
[2026-03-13T09:02:54.496+0000] {logging_mixin.py:190} INFO - Current task name:get_csv_close state:running start_date:2026-03-13 09:02:53.108869+00:00
[2026-03-13T09:02:54.497+0000] {logging_mixin.py:190} INFO - Dag name:dag_get_data_from_yf and current dag run status:running
[2026-03-13T09:02:54.499+0000] {taskinstance.py:740} INFO - ::endgroup::
[2026-03-13T09:02:54.524+0000] {logging_mixin.py:190} INFO - None
[2026-03-13T09:02:54.525+0000] {python.py:240} INFO - Done. Returned value was: /opt/***/scripts/saham_indonesia_close.csv
[2026-03-13T09:02:54.633+0000] {taskinstance.py:349} INFO - ::group::Post task execution logs
[2026-03-13T09:02:54.634+0000] {taskinstance.py:361} INFO - Marking task as SUCCESS. dag_id=dag_get_data_from_yf, task_id=get_csv_close, run_id=manual__2026-03-13T09:00:37+00:00, execution_date=20260313T090037, start_date=20260313T090253, end_date=20260313T090254
[2026-03-13T09:02:54.803+0000] {logging_mixin.py:190} INFO - Task instance in success state
[2026-03-13T09:02:54.804+0000] {logging_mixin.py:190} INFO -  Previous state of the Task instance: running
[2026-03-13T09:02:54.804+0000] {logging_mixin.py:190} INFO - Dag name:dag_get_data_from_yf queued_at:2026-03-13 09:02:23.420972+00:00
[2026-03-13T09:02:54.805+0000] {logging_mixin.py:190} INFO - Task hostname:4c0524db3c09 operator:_PythonDecoratedOperator
[2026-03-13T09:02:54.841+0000] {local_task_job_runner.py:266} INFO - Task exited with return code 0
[2026-03-13T09:02:54.938+0000] {taskinstance.py:3924} INFO - 0 downstream tasks scheduled from follow-on schedule check
[2026-03-13T09:02:54.942+0000] {local_task_job_runner.py:245} INFO - ::endgroup::
