[2026-03-09T03:40:42.467+0000] {local_task_job_runner.py:123} INFO - ::group::Pre task execution logs
[2026-03-09T03:40:42.558+0000] {taskinstance.py:2631} INFO - Dependencies all met for dep_context=non-requeueable deps ti=<TaskInstance: dag_get_data_from_yf.combine_csv scheduled__2026-03-09T03:39:00+00:00 [queued]>
[2026-03-09T03:40:42.590+0000] {taskinstance.py:2631} INFO - Dependencies all met for dep_context=requeueable deps ti=<TaskInstance: dag_get_data_from_yf.combine_csv scheduled__2026-03-09T03:39:00+00:00 [queued]>
[2026-03-09T03:40:42.591+0000] {taskinstance.py:2884} INFO - Starting attempt 1 of 1
[2026-03-09T03:40:42.627+0000] {taskinstance.py:2907} INFO - Executing <Task(_PythonDecoratedOperator): combine_csv> on 2026-03-09 03:39:00+00:00
[2026-03-09T03:40:42.655+0000] {warnings.py:112} WARNING - /home/***/.local/lib/python3.12/site-packages/***/task/task_runner/standard_task_runner.py:70: DeprecationWarning: This process (pid=10598) is multi-threaded, use of fork() may lead to deadlocks in the child.
  pid = os.fork()

[2026-03-09T03:40:42.658+0000] {standard_task_runner.py:72} INFO - Started process 10623 to run task
[2026-03-09T03:40:42.662+0000] {standard_task_runner.py:104} INFO - Running: ['***', 'tasks', 'run', 'dag_get_data_from_yf', 'combine_csv', 'scheduled__2026-03-09T03:39:00+00:00', '--job-id', '5632', '--raw', '--subdir', 'DAGS_FOLDER/get_finance_yf_csv.py', '--cfg-path', '/tmp/tmpg48fgjfo']
[2026-03-09T03:40:42.664+0000] {standard_task_runner.py:105} INFO - Job 5632: Subtask combine_csv
[2026-03-09T03:40:42.798+0000] {task_command.py:467} INFO - Running <TaskInstance: dag_get_data_from_yf.combine_csv scheduled__2026-03-09T03:39:00+00:00 [running]> on host 0b29540d368e
[2026-03-09T03:40:43.167+0000] {taskinstance.py:3157} INFO - Exporting env vars: AIRFLOW_CTX_DAG_OWNER='***' AIRFLOW_CTX_DAG_ID='dag_get_data_from_yf' AIRFLOW_CTX_TASK_ID='combine_csv' AIRFLOW_CTX_EXECUTION_DATE='2026-03-09T03:39:00+00:00' AIRFLOW_CTX_TRY_NUMBER='1' AIRFLOW_CTX_DAG_RUN_ID='scheduled__2026-03-09T03:39:00+00:00'
[2026-03-09T03:40:43.169+0000] {logging_mixin.py:190} INFO - Task instance is in running state
[2026-03-09T03:40:43.169+0000] {logging_mixin.py:190} INFO -  Previous state of the Task instance: queued
[2026-03-09T03:40:43.170+0000] {logging_mixin.py:190} INFO - Current task name:combine_csv state:running start_date:2026-03-09 03:40:42.558741+00:00
[2026-03-09T03:40:43.171+0000] {logging_mixin.py:190} INFO - Dag name:dag_get_data_from_yf and current dag run status:running
[2026-03-09T03:40:43.173+0000] {taskinstance.py:740} INFO - ::endgroup::
[2026-03-09T03:40:43.209+0000] {logging_mixin.py:190} INFO - a:  Empty DataFrame
Columns: []
Index: []
[2026-03-09T03:40:43.215+0000] {logging_mixin.py:190} INFO - b:  None
[2026-03-09T03:40:43.217+0000] {python.py:240} INFO - Done. Returned value was: /opt/***/scripts/saham_indonesia_all.csv
[2026-03-09T03:40:43.302+0000] {taskinstance.py:349} INFO - ::group::Post task execution logs
[2026-03-09T03:40:43.303+0000] {taskinstance.py:361} INFO - Marking task as SUCCESS. dag_id=dag_get_data_from_yf, task_id=combine_csv, run_id=scheduled__2026-03-09T03:39:00+00:00, execution_date=20260309T033900, start_date=20260309T034042, end_date=20260309T034043
[2026-03-09T03:40:43.420+0000] {logging_mixin.py:190} INFO - Task instance in success state
[2026-03-09T03:40:43.420+0000] {logging_mixin.py:190} INFO -  Previous state of the Task instance: running
[2026-03-09T03:40:43.421+0000] {logging_mixin.py:190} INFO - Dag name:dag_get_data_from_yf queued_at:2026-03-09 03:40:00.134569+00:00
[2026-03-09T03:40:43.422+0000] {logging_mixin.py:190} INFO - Task hostname:0b29540d368e operator:_PythonDecoratedOperator
[2026-03-09T03:40:43.453+0000] {local_task_job_runner.py:266} INFO - Task exited with return code 0
[2026-03-09T03:40:43.540+0000] {taskinstance.py:3924} INFO - 1 downstream tasks scheduled from follow-on schedule check
[2026-03-09T03:40:43.548+0000] {local_task_job_runner.py:245} INFO - ::endgroup::
