[2026-03-12T16:32:08.569+0000] {local_task_job_runner.py:123} INFO - ::group::Pre task execution logs
[2026-03-12T16:32:08.646+0000] {taskinstance.py:2631} INFO - Dependencies all met for dep_context=non-requeueable deps ti=<TaskInstance: dag_load_data_from_csv.read_csv_file manual__2026-03-12T16:31:47.626635+00:00 [queued]>
[2026-03-12T16:32:08.672+0000] {taskinstance.py:2631} INFO - Dependencies all met for dep_context=requeueable deps ti=<TaskInstance: dag_load_data_from_csv.read_csv_file manual__2026-03-12T16:31:47.626635+00:00 [queued]>
[2026-03-12T16:32:08.673+0000] {taskinstance.py:2884} INFO - Starting attempt 1 of 1
[2026-03-12T16:32:08.713+0000] {taskinstance.py:2907} INFO - Executing <Task(_PythonDecoratedOperator): read_csv_file> on 2026-03-12 16:31:47.626635+00:00
[2026-03-12T16:32:08.750+0000] {warnings.py:112} WARNING - /home/***/.local/lib/python3.12/site-packages/***/task/task_runner/standard_task_runner.py:70: DeprecationWarning: This process (pid=10530) is multi-threaded, use of fork() may lead to deadlocks in the child.
  pid = os.fork()

[2026-03-12T16:32:08.755+0000] {standard_task_runner.py:72} INFO - Started process 10566 to run task
[2026-03-12T16:32:08.765+0000] {standard_task_runner.py:104} INFO - Running: ['***', 'tasks', 'run', 'dag_load_data_from_csv', 'read_csv_file', 'manual__2026-03-12T16:31:47.626635+00:00', '--job-id', '12663', '--raw', '--subdir', 'DAGS_FOLDER/read_finance_csv_from_other_dag.py', '--cfg-path', '/tmp/tmpdm3zcnwl']
[2026-03-12T16:32:08.782+0000] {standard_task_runner.py:105} INFO - Job 12663: Subtask read_csv_file
[2026-03-12T16:32:09.074+0000] {task_command.py:467} INFO - Running <TaskInstance: dag_load_data_from_csv.read_csv_file manual__2026-03-12T16:31:47.626635+00:00 [running]> on host 80e0d0cbfa54
[2026-03-12T16:32:09.473+0000] {taskinstance.py:3157} INFO - Exporting env vars: AIRFLOW_CTX_DAG_OWNER='***' AIRFLOW_CTX_DAG_ID='dag_load_data_from_csv' AIRFLOW_CTX_TASK_ID='read_csv_file' AIRFLOW_CTX_EXECUTION_DATE='2026-03-12T16:31:47.626635+00:00' AIRFLOW_CTX_TRY_NUMBER='1' AIRFLOW_CTX_DAG_RUN_ID='manual__2026-03-12T16:31:47.626635+00:00'
[2026-03-12T16:32:09.486+0000] {logging_mixin.py:190} INFO - Task instance is in running state
[2026-03-12T16:32:09.487+0000] {logging_mixin.py:190} INFO -  Previous state of the Task instance: queued
[2026-03-12T16:32:09.488+0000] {logging_mixin.py:190} INFO - Current task name:read_csv_file state:running start_date:2026-03-12 16:32:08.647545+00:00
[2026-03-12T16:32:09.488+0000] {logging_mixin.py:190} INFO - Dag name:dag_load_data_from_csv and current dag run status:running
[2026-03-12T16:32:09.489+0000] {taskinstance.py:740} INFO - ::endgroup::
[2026-03-12T16:32:09.574+0000] {logging_mixin.py:190} INFO -         Price    Close  Close.1  Close.2  ...    Low.2     Open   Open.1   Open.2
0      Ticker  BBCA.JK  BBRI.JK  BMRI.JK  ...  BMRI.JK  BBCA.JK  BBRI.JK  BMRI.JK
1        Date      NaN      NaN      NaN  ...      NaN      NaN      NaN      NaN
2  2026-03-10   6975.0   3560.0   4910.0  ...   4860.0   6950.0   3600.0   4920.0
3  2026-03-11   6825.0   3580.0   4880.0  ...   4880.0   6975.0   3580.0   4930.0
4  2026-03-12   6900.0   3570.0   4960.0  ...   4870.0   6825.0   3580.0   4870.0

[5 rows x 13 columns]
[2026-03-12T16:32:09.575+0000] {python.py:240} INFO - Done. Returned value was: /opt/***/scripts/saham_indonesia_all.csv
[2026-03-12T16:32:09.647+0000] {taskinstance.py:349} INFO - ::group::Post task execution logs
[2026-03-12T16:32:09.648+0000] {taskinstance.py:361} INFO - Marking task as SUCCESS. dag_id=dag_load_data_from_csv, task_id=read_csv_file, run_id=manual__2026-03-12T16:31:47.626635+00:00, execution_date=20260312T163147, start_date=20260312T163208, end_date=20260312T163209
[2026-03-12T16:32:09.727+0000] {logging_mixin.py:190} INFO - Task instance in success state
[2026-03-12T16:32:09.728+0000] {logging_mixin.py:190} INFO -  Previous state of the Task instance: running
[2026-03-12T16:32:09.730+0000] {logging_mixin.py:190} INFO - Dag name:dag_load_data_from_csv queued_at:2026-03-12 16:31:47.889676+00:00
[2026-03-12T16:32:09.731+0000] {logging_mixin.py:190} INFO - Task hostname:80e0d0cbfa54 operator:_PythonDecoratedOperator
[2026-03-12T16:32:09.758+0000] {local_task_job_runner.py:266} INFO - Task exited with return code 0
[2026-03-12T16:32:09.814+0000] {taskinstance.py:3924} INFO - 0 downstream tasks scheduled from follow-on schedule check
[2026-03-12T16:32:09.832+0000] {local_task_job_runner.py:245} INFO - ::endgroup::
