[2026-03-31T04:28:20.686+0000] {local_task_job_runner.py:123} INFO - ::group::Pre task execution logs
[2026-03-31T04:28:20.804+0000] {taskinstance.py:2631} INFO - Dependencies all met for dep_context=non-requeueable deps ti=<TaskInstance: dag_get_data_from_yf.insert_data_task manual__2026-03-31T04:27:22+00:00 map_index=43 [queued]>
[2026-03-31T04:28:20.849+0000] {taskinstance.py:2631} INFO - Dependencies all met for dep_context=requeueable deps ti=<TaskInstance: dag_get_data_from_yf.insert_data_task manual__2026-03-31T04:27:22+00:00 map_index=43 [queued]>
[2026-03-31T04:28:20.850+0000] {taskinstance.py:2884} INFO - Starting attempt 1 of 1
[2026-03-31T04:28:20.887+0000] {taskinstance.py:2907} INFO - Executing <Mapped(SQLExecuteQueryOperator): insert_data_task> on 2026-03-31 04:27:22+00:00
[2026-03-31T04:28:21.014+0000] {logging_mixin.py:190} WARNING - /home/***/.local/lib/python3.12/site-packages/***/task/task_runner/standard_task_runner.py:70 DeprecationWarning: This process (pid=4355) is multi-threaded, use of fork() may lead to deadlocks in the child.
[2026-03-31T04:28:21.016+0000] {standard_task_runner.py:72} INFO - Started process 4473 to run task
[2026-03-31T04:28:20.996+0000] {standard_task_runner.py:104} INFO - Running: ['***', 'tasks', 'run', 'dag_get_data_from_yf', 'insert_data_task', 'manual__2026-03-31T04:27:22+00:00', '--job-id', '1079', '--raw', '--subdir', 'DAGS_FOLDER/get_finance_yf_csv.py', '--cfg-path', '/tmp/tmpgjiwmsss', '--map-index', '43']
[2026-03-31T04:28:21.025+0000] {standard_task_runner.py:105} INFO - Job 1079: Subtask insert_data_task
[2026-03-31T04:28:21.438+0000] {task_command.py:467} INFO - Running <TaskInstance: dag_get_data_from_yf.insert_data_task manual__2026-03-31T04:27:22+00:00 map_index=43 [running]> on host 77c1549707cf
[2026-03-31T04:28:21.883+0000] {taskinstance.py:3157} INFO - Exporting env vars: AIRFLOW_CTX_DAG_OWNER='***' AIRFLOW_CTX_DAG_ID='dag_get_data_from_yf' AIRFLOW_CTX_TASK_ID='insert_data_task' AIRFLOW_CTX_EXECUTION_DATE='2026-03-31T04:27:22+00:00' AIRFLOW_CTX_TRY_NUMBER='1' AIRFLOW_CTX_DAG_RUN_ID='manual__2026-03-31T04:27:22+00:00'
[2026-03-31T04:28:21.889+0000] {taskinstance.py:740} INFO - ::endgroup::
[2026-03-31T04:28:21.931+0000] {sql.py:410} INFO - Executing: INSERT INTO indonesian_stocks (
    date, 
    ticker, 
    close, 
    high, 
    low, 
    open, 
    inserted_at_timestamp_wib
) 
VALUES (
    '2026-03-26', 
    'BBRI.JK', 
    3490.0, 
    3570.0, 
    3480.0, 
    3540.0, 
    '2026-03-31 11:27:37' 
)
ON CONFLICT (date, ticker) 
DO NOTHING;
[2026-03-31T04:28:21.934+0000] {crypto.py:82} WARNING - empty cryptography key - values will not be stored encrypted.
[2026-03-31T04:28:21.935+0000] {base.py:84} INFO - Retrieving connection 'db_custom'
[2026-03-31T04:28:21.958+0000] {base.py:84} INFO - Retrieving connection 'db_custom'
[2026-03-31T04:28:21.978+0000] {sql.py:861} INFO - Running statement: INSERT INTO indonesian_stocks (
    date, 
    ticker, 
    close, 
    high, 
    low, 
    open, 
    inserted_at_timestamp_wib
) 
VALUES (
    '2026-03-26', 
    'BBRI.JK', 
    3490.0, 
    3570.0, 
    3480.0, 
    3540.0, 
    '2026-03-31 11:27:37' 
)
ON CONFLICT (date, ticker) 
DO NOTHING;, parameters: None
[2026-03-31T04:28:21.986+0000] {sql.py:879} INFO - Rows affected: 1
[2026-03-31T04:28:22.041+0000] {taskinstance.py:349} INFO - ::group::Post task execution logs
[2026-03-31T04:28:22.042+0000] {taskinstance.py:361} INFO - Marking task as SUCCESS. dag_id=dag_get_data_from_yf, task_id=insert_data_task, run_id=manual__2026-03-31T04:27:22+00:00, map_index=43, execution_date=20260331T042722, start_date=20260331T042820, end_date=20260331T042822
[2026-03-31T04:28:22.247+0000] {local_task_job_runner.py:266} INFO - Task exited with return code 0
[2026-03-31T04:28:22.387+0000] {taskinstance.py:3924} INFO - 0 downstream tasks scheduled from follow-on schedule check
[2026-03-31T04:28:22.402+0000] {local_task_job_runner.py:245} INFO - ::endgroup::
