[2026-03-15T07:59:08.979+0000] {local_task_job_runner.py:123} INFO - ::group::Pre task execution logs
[2026-03-15T07:59:09.152+0000] {taskinstance.py:2631} INFO - Dependencies all met for dep_context=non-requeueable deps ti=<TaskInstance: dag_get_data_from_yf.start backfill__2026-01-10T00:00:00+00:00 [queued]>
[2026-03-15T07:59:09.197+0000] {taskinstance.py:2631} INFO - Dependencies all met for dep_context=requeueable deps ti=<TaskInstance: dag_get_data_from_yf.start backfill__2026-01-10T00:00:00+00:00 [queued]>
[2026-03-15T07:59:09.198+0000] {taskinstance.py:2884} INFO - Starting attempt 1 of 1
[2026-03-15T07:59:09.292+0000] {taskinstance.py:2907} INFO - Executing <Task(EmptyOperator): start> on 2026-01-10 00:00:00+00:00
[2026-03-15T07:59:09.320+0000] {warnings.py:112} WARNING - /home/***/.local/lib/python3.12/site-packages/***/task/task_runner/standard_task_runner.py:70: DeprecationWarning: This process (pid=380) is multi-threaded, use of fork() may lead to deadlocks in the child.
  pid = os.fork()

[2026-03-15T07:59:09.324+0000] {standard_task_runner.py:72} INFO - Started process 429 to run task
[2026-03-15T07:59:09.339+0000] {standard_task_runner.py:104} INFO - Running: ['***', 'tasks', 'run', 'dag_get_data_from_yf', 'start', 'backfill__2026-01-10T00:00:00+00:00', '--job-id', '14628', '--pool', 'default_pool', '--raw', '--subdir', 'DAGS_FOLDER/get_finance_yf_csv.py', '--cfg-path', '/tmp/tmpjr58j_sf']
[2026-03-15T07:59:09.344+0000] {standard_task_runner.py:105} INFO - Job 14628: Subtask start
[2026-03-15T07:59:09.999+0000] {task_command.py:467} INFO - Running <TaskInstance: dag_get_data_from_yf.start backfill__2026-01-10T00:00:00+00:00 [running]> on host 0835cc90ed9d
[2026-03-15T07:59:10.838+0000] {taskinstance.py:3157} INFO - Exporting env vars: AIRFLOW_CTX_DAG_OWNER='***' AIRFLOW_CTX_DAG_ID='dag_get_data_from_yf' AIRFLOW_CTX_TASK_ID='start' AIRFLOW_CTX_EXECUTION_DATE='2026-01-10T00:00:00+00:00' AIRFLOW_CTX_TRY_NUMBER='1' AIRFLOW_CTX_DAG_RUN_ID='backfill__2026-01-10T00:00:00+00:00'
[2026-03-15T07:59:10.891+0000] {logging_mixin.py:190} INFO - Task instance is in running state
[2026-03-15T07:59:10.896+0000] {logging_mixin.py:190} INFO -  Previous state of the Task instance: queued
[2026-03-15T07:59:10.964+0000] {logging_mixin.py:190} INFO - Current task name:start state:running start_date:2026-03-15 07:59:09.153686+00:00
[2026-03-15T07:59:10.966+0000] {logging_mixin.py:190} INFO - Dag name:dag_get_data_from_yf and current dag run status:running
[2026-03-15T07:59:10.967+0000] {taskinstance.py:740} INFO - ::endgroup::
[2026-03-15T07:59:11.068+0000] {taskinstance.py:349} INFO - ::group::Post task execution logs
[2026-03-15T07:59:11.071+0000] {taskinstance.py:361} INFO - Marking task as SUCCESS. dag_id=dag_get_data_from_yf, task_id=start, run_id=backfill__2026-01-10T00:00:00+00:00, execution_date=20260110T000000, start_date=20260315T075909, end_date=20260315T075911
[2026-03-15T07:59:11.260+0000] {logging_mixin.py:190} INFO - Task instance in success state
[2026-03-15T07:59:11.261+0000] {logging_mixin.py:190} INFO -  Previous state of the Task instance: running
[2026-03-15T07:59:11.262+0000] {logging_mixin.py:190} INFO - Dag name:dag_get_data_from_yf queued_at:None
[2026-03-15T07:59:11.262+0000] {logging_mixin.py:190} INFO - Task hostname:0835cc90ed9d operator:EmptyOperator
[2026-03-15T07:59:11.293+0000] {local_task_job_runner.py:266} INFO - Task exited with return code 0
[2026-03-15T07:59:11.530+0000] {taskinstance.py:3924} INFO - 1 downstream tasks scheduled from follow-on schedule check
[2026-03-15T07:59:11.541+0000] {local_task_job_runner.py:245} INFO - ::endgroup::
[2026-03-15T08:03:36.351+0000] {local_task_job_runner.py:123} INFO - ::group::Pre task execution logs
[2026-03-15T08:03:36.497+0000] {taskinstance.py:2631} INFO - Dependencies all met for dep_context=non-requeueable deps ti=<TaskInstance: dag_get_data_from_yf.start backfill__2026-01-10T00:00:00+00:00 [queued]>
[2026-03-15T08:03:36.659+0000] {taskinstance.py:2631} INFO - Dependencies all met for dep_context=requeueable deps ti=<TaskInstance: dag_get_data_from_yf.start backfill__2026-01-10T00:00:00+00:00 [queued]>
[2026-03-15T08:03:36.661+0000] {taskinstance.py:2884} INFO - Starting attempt 1 of 1
[2026-03-15T08:03:36.767+0000] {taskinstance.py:2907} INFO - Executing <Task(EmptyOperator): start> on 2026-01-10 00:00:00+00:00
[2026-03-15T08:03:36.827+0000] {warnings.py:112} WARNING - /home/***/.local/lib/python3.12/site-packages/***/task/task_runner/standard_task_runner.py:70: DeprecationWarning: This process (pid=561) is multi-threaded, use of fork() may lead to deadlocks in the child.
  pid = os.fork()

[2026-03-15T08:03:36.832+0000] {standard_task_runner.py:72} INFO - Started process 608 to run task
[2026-03-15T08:03:36.871+0000] {standard_task_runner.py:104} INFO - Running: ['***', 'tasks', 'run', 'dag_get_data_from_yf', 'start', 'backfill__2026-01-10T00:00:00+00:00', '--job-id', '14653', '--pool', 'default_pool', '--raw', '--subdir', 'DAGS_FOLDER/get_finance_yf_csv.py', '--cfg-path', '/tmp/tmpjitrbnb9']
[2026-03-15T08:03:36.873+0000] {standard_task_runner.py:105} INFO - Job 14653: Subtask start
[2026-03-15T08:03:37.242+0000] {task_command.py:467} INFO - Running <TaskInstance: dag_get_data_from_yf.start backfill__2026-01-10T00:00:00+00:00 [running]> on host 0835cc90ed9d
[2026-03-15T08:03:37.858+0000] {taskinstance.py:3157} INFO - Exporting env vars: AIRFLOW_CTX_DAG_OWNER='***' AIRFLOW_CTX_DAG_ID='dag_get_data_from_yf' AIRFLOW_CTX_TASK_ID='start' AIRFLOW_CTX_EXECUTION_DATE='2026-01-10T00:00:00+00:00' AIRFLOW_CTX_TRY_NUMBER='1' AIRFLOW_CTX_DAG_RUN_ID='backfill__2026-01-10T00:00:00+00:00'
[2026-03-15T08:03:37.864+0000] {logging_mixin.py:190} INFO - Task instance is in running state
[2026-03-15T08:03:37.869+0000] {logging_mixin.py:190} INFO -  Previous state of the Task instance: queued
[2026-03-15T08:03:37.870+0000] {logging_mixin.py:190} INFO - Current task name:start state:running start_date:2026-03-15 08:03:36.499585+00:00
[2026-03-15T08:03:37.870+0000] {logging_mixin.py:190} INFO - Dag name:dag_get_data_from_yf and current dag run status:running
[2026-03-15T08:03:37.871+0000] {taskinstance.py:740} INFO - ::endgroup::
[2026-03-15T08:03:37.961+0000] {taskinstance.py:349} INFO - ::group::Post task execution logs
[2026-03-15T08:03:37.962+0000] {taskinstance.py:361} INFO - Marking task as SUCCESS. dag_id=dag_get_data_from_yf, task_id=start, run_id=backfill__2026-01-10T00:00:00+00:00, execution_date=20260110T000000, start_date=20260315T080336, end_date=20260315T080337
[2026-03-15T08:03:38.138+0000] {logging_mixin.py:190} INFO - Task instance in success state
[2026-03-15T08:03:38.140+0000] {logging_mixin.py:190} INFO -  Previous state of the Task instance: running
[2026-03-15T08:03:38.141+0000] {logging_mixin.py:190} INFO - Dag name:dag_get_data_from_yf queued_at:None
[2026-03-15T08:03:38.142+0000] {logging_mixin.py:190} INFO - Task hostname:0835cc90ed9d operator:EmptyOperator
[2026-03-15T08:03:38.210+0000] {local_task_job_runner.py:266} INFO - Task exited with return code 0
[2026-03-15T08:03:38.415+0000] {taskinstance.py:3924} INFO - 1 downstream tasks scheduled from follow-on schedule check
[2026-03-15T08:03:38.433+0000] {local_task_job_runner.py:245} INFO - ::endgroup::
[2026-03-15T08:13:06.731+0000] {local_task_job_runner.py:123} INFO - ::group::Pre task execution logs
[2026-03-15T08:13:06.945+0000] {taskinstance.py:2631} INFO - Dependencies all met for dep_context=non-requeueable deps ti=<TaskInstance: dag_get_data_from_yf.start backfill__2026-01-10T00:00:00+00:00 [queued]>
[2026-03-15T08:13:06.965+0000] {taskinstance.py:2631} INFO - Dependencies all met for dep_context=requeueable deps ti=<TaskInstance: dag_get_data_from_yf.start backfill__2026-01-10T00:00:00+00:00 [queued]>
[2026-03-15T08:13:06.966+0000] {taskinstance.py:2884} INFO - Starting attempt 1 of 1
[2026-03-15T08:13:07.018+0000] {taskinstance.py:2907} INFO - Executing <Task(EmptyOperator): start> on 2026-01-10 00:00:00+00:00
[2026-03-15T08:13:07.053+0000] {warnings.py:112} WARNING - /home/***/.local/lib/python3.12/site-packages/***/task/task_runner/standard_task_runner.py:70: DeprecationWarning: This process (pid=820) is multi-threaded, use of fork() may lead to deadlocks in the child.
  pid = os.fork()

[2026-03-15T08:13:07.059+0000] {standard_task_runner.py:72} INFO - Started process 877 to run task
[2026-03-15T08:13:07.067+0000] {standard_task_runner.py:104} INFO - Running: ['***', 'tasks', 'run', 'dag_get_data_from_yf', 'start', 'backfill__2026-01-10T00:00:00+00:00', '--job-id', '14694', '--pool', 'default_pool', '--raw', '--subdir', 'DAGS_FOLDER/get_finance_yf_csv.py', '--cfg-path', '/tmp/tmpfp42q4gr']
[2026-03-15T08:13:07.070+0000] {standard_task_runner.py:105} INFO - Job 14694: Subtask start
[2026-03-15T08:13:07.401+0000] {task_command.py:467} INFO - Running <TaskInstance: dag_get_data_from_yf.start backfill__2026-01-10T00:00:00+00:00 [running]> on host 0835cc90ed9d
[2026-03-15T08:13:07.856+0000] {taskinstance.py:3157} INFO - Exporting env vars: AIRFLOW_CTX_DAG_OWNER='***' AIRFLOW_CTX_DAG_ID='dag_get_data_from_yf' AIRFLOW_CTX_TASK_ID='start' AIRFLOW_CTX_EXECUTION_DATE='2026-01-10T00:00:00+00:00' AIRFLOW_CTX_TRY_NUMBER='1' AIRFLOW_CTX_DAG_RUN_ID='backfill__2026-01-10T00:00:00+00:00'
[2026-03-15T08:13:07.859+0000] {logging_mixin.py:190} INFO - Task instance is in running state
[2026-03-15T08:13:07.860+0000] {logging_mixin.py:190} INFO -  Previous state of the Task instance: queued
[2026-03-15T08:13:07.861+0000] {logging_mixin.py:190} INFO - Current task name:start state:running start_date:2026-03-15 08:13:06.946127+00:00
[2026-03-15T08:13:07.862+0000] {logging_mixin.py:190} INFO - Dag name:dag_get_data_from_yf and current dag run status:running
[2026-03-15T08:13:07.863+0000] {taskinstance.py:740} INFO - ::endgroup::
[2026-03-15T08:13:07.913+0000] {taskinstance.py:349} INFO - ::group::Post task execution logs
[2026-03-15T08:13:07.915+0000] {taskinstance.py:361} INFO - Marking task as SUCCESS. dag_id=dag_get_data_from_yf, task_id=start, run_id=backfill__2026-01-10T00:00:00+00:00, execution_date=20260110T000000, start_date=20260315T081306, end_date=20260315T081307
[2026-03-15T08:13:08.047+0000] {logging_mixin.py:190} INFO - Task instance in success state
[2026-03-15T08:13:08.050+0000] {logging_mixin.py:190} INFO -  Previous state of the Task instance: running
[2026-03-15T08:13:08.055+0000] {logging_mixin.py:190} INFO - Dag name:dag_get_data_from_yf queued_at:None
[2026-03-15T08:13:08.056+0000] {logging_mixin.py:190} INFO - Task hostname:0835cc90ed9d operator:EmptyOperator
[2026-03-15T08:13:08.090+0000] {local_task_job_runner.py:266} INFO - Task exited with return code 0
[2026-03-15T08:13:08.240+0000] {taskinstance.py:3924} INFO - 1 downstream tasks scheduled from follow-on schedule check
[2026-03-15T08:13:08.249+0000] {local_task_job_runner.py:245} INFO - ::endgroup::
