[2026-03-30T03:47:12.504+0000] {local_task_job_runner.py:123} INFO - ::group::Pre task execution logs
[2026-03-30T03:47:12.925+0000] {taskinstance.py:2631} INFO - Dependencies all met for dep_context=non-requeueable deps ti=<TaskInstance: dag_get_data_from_yf.insert_data_task manual__2026-03-30T03:46:15+00:00 map_index=18 [queued]>
[2026-03-30T03:47:13.131+0000] {taskinstance.py:2631} INFO - Dependencies all met for dep_context=requeueable deps ti=<TaskInstance: dag_get_data_from_yf.insert_data_task manual__2026-03-30T03:46:15+00:00 map_index=18 [queued]>
[2026-03-30T03:47:13.132+0000] {taskinstance.py:2884} INFO - Starting attempt 1 of 1
[2026-03-30T03:47:13.204+0000] {taskinstance.py:2907} INFO - Executing <Mapped(SQLExecuteQueryOperator): insert_data_task> on 2026-03-30 03:46:15+00:00
[2026-03-30T03:47:13.252+0000] {logging_mixin.py:190} WARNING - /home/***/.local/lib/python3.12/site-packages/***/task/task_runner/standard_task_runner.py:70 DeprecationWarning: This process (pid=4508) is multi-threaded, use of fork() may lead to deadlocks in the child.
[2026-03-30T03:47:13.263+0000] {standard_task_runner.py:72} INFO - Started process 4796 to run task
[2026-03-30T03:47:13.288+0000] {standard_task_runner.py:104} INFO - Running: ['***', 'tasks', 'run', 'dag_get_data_from_yf', 'insert_data_task', 'manual__2026-03-30T03:46:15+00:00', '--job-id', '899', '--raw', '--subdir', 'DAGS_FOLDER/get_finance_yf_csv.py', '--cfg-path', '/tmp/tmpb6xpaey5', '--map-index', '18']
[2026-03-30T03:47:13.291+0000] {standard_task_runner.py:105} INFO - Job 899: Subtask insert_data_task
[2026-03-30T03:47:14.164+0000] {task_command.py:467} INFO - Running <TaskInstance: dag_get_data_from_yf.insert_data_task manual__2026-03-30T03:46:15+00:00 map_index=18 [running]> on host 42116767826c
[2026-03-30T03:47:15.578+0000] {taskinstance.py:3157} INFO - Exporting env vars: AIRFLOW_CTX_DAG_OWNER='***' AIRFLOW_CTX_DAG_ID='dag_get_data_from_yf' AIRFLOW_CTX_TASK_ID='insert_data_task' AIRFLOW_CTX_EXECUTION_DATE='2026-03-30T03:46:15+00:00' AIRFLOW_CTX_TRY_NUMBER='1' AIRFLOW_CTX_DAG_RUN_ID='manual__2026-03-30T03:46:15+00:00'
[2026-03-30T03:47:15.595+0000] {taskinstance.py:740} INFO - ::endgroup::
[2026-03-30T03:47:15.618+0000] {sql.py:410} INFO - Executing: INSERT INTO indonesian_stocks (
    date, 
    ticker, 
    close, 
    high, 
    low, 
    open, 
    inserted_at_timestamp_wib
) 
VALUES (
    '2026-03-09', 
    'BBCA.JK', 
    6586.66064453125, 
    6658.515124289773, 
    6538.757658025568, 
    6610.612137784091, 
    '2026-03-30 10:07:51' 
)
ON CONFLICT (date, ticker) 
DO NOTHING;
[2026-03-30T03:47:15.631+0000] {crypto.py:82} WARNING - empty cryptography key - values will not be stored encrypted.
[2026-03-30T03:47:15.640+0000] {base.py:84} INFO - Retrieving connection 'db_custom'
[2026-03-30T03:47:15.687+0000] {base.py:84} INFO - Retrieving connection 'db_custom'
[2026-03-30T03:47:15.770+0000] {sql.py:861} INFO - Running statement: INSERT INTO indonesian_stocks (
    date, 
    ticker, 
    close, 
    high, 
    low, 
    open, 
    inserted_at_timestamp_wib
) 
VALUES (
    '2026-03-09', 
    'BBCA.JK', 
    6586.66064453125, 
    6658.515124289773, 
    6538.757658025568, 
    6610.612137784091, 
    '2026-03-30 10:07:51' 
)
ON CONFLICT (date, ticker) 
DO NOTHING;, parameters: None
[2026-03-30T03:47:15.837+0000] {sql.py:879} INFO - Rows affected: 0
[2026-03-30T03:47:16.064+0000] {taskinstance.py:349} INFO - ::group::Post task execution logs
[2026-03-30T03:47:16.066+0000] {taskinstance.py:361} INFO - Marking task as SUCCESS. dag_id=dag_get_data_from_yf, task_id=insert_data_task, run_id=manual__2026-03-30T03:46:15+00:00, map_index=18, execution_date=20260330T034615, start_date=20260330T034712, end_date=20260330T034716
[2026-03-30T03:47:16.395+0000] {local_task_job_runner.py:266} INFO - Task exited with return code 0
[2026-03-30T03:47:16.649+0000] {taskinstance.py:3924} INFO - 0 downstream tasks scheduled from follow-on schedule check
[2026-03-30T03:47:16.687+0000] {local_task_job_runner.py:245} INFO - ::endgroup::
