[2026-03-11T15:59:48.026+0000] {local_task_job_runner.py:123} INFO - ::group::Pre task execution logs
[2026-03-11T15:59:48.099+0000] {taskinstance.py:2631} INFO - Dependencies all met for dep_context=non-requeueable deps ti=<TaskInstance: dag_get_data_from_yf.get_csv_low manual__2026-03-11T15:59:17+00:00 [queued]>
[2026-03-11T15:59:48.120+0000] {taskinstance.py:2631} INFO - Dependencies all met for dep_context=requeueable deps ti=<TaskInstance: dag_get_data_from_yf.get_csv_low manual__2026-03-11T15:59:17+00:00 [queued]>
[2026-03-11T15:59:48.120+0000] {taskinstance.py:2884} INFO - Starting attempt 1 of 1
[2026-03-11T15:59:48.163+0000] {taskinstance.py:2907} INFO - Executing <Task(_PythonDecoratedOperator): get_csv_low> on 2026-03-11 15:59:17+00:00
[2026-03-11T15:59:48.183+0000] {warnings.py:112} WARNING - /home/***/.local/lib/python3.12/site-packages/***/task/task_runner/standard_task_runner.py:70: DeprecationWarning: This process (pid=12470) is multi-threaded, use of fork() may lead to deadlocks in the child.
  pid = os.fork()

[2026-03-11T15:59:48.186+0000] {standard_task_runner.py:72} INFO - Started process 12478 to run task
[2026-03-11T15:59:48.192+0000] {standard_task_runner.py:104} INFO - Running: ['***', 'tasks', 'run', 'dag_get_data_from_yf', 'get_csv_low', 'manual__2026-03-11T15:59:17+00:00', '--job-id', '11123', '--raw', '--subdir', 'DAGS_FOLDER/get_finance_yf_csv.py', '--cfg-path', '/tmp/tmpz_hhrnmi']
[2026-03-11T15:59:48.194+0000] {standard_task_runner.py:105} INFO - Job 11123: Subtask get_csv_low
[2026-03-11T15:59:48.383+0000] {task_command.py:467} INFO - Running <TaskInstance: dag_get_data_from_yf.get_csv_low manual__2026-03-11T15:59:17+00:00 [running]> on host ea47c22639fa
[2026-03-11T15:59:48.803+0000] {taskinstance.py:3157} INFO - Exporting env vars: AIRFLOW_CTX_DAG_OWNER='***' AIRFLOW_CTX_DAG_ID='dag_get_data_from_yf' AIRFLOW_CTX_TASK_ID='get_csv_low' AIRFLOW_CTX_EXECUTION_DATE='2026-03-11T15:59:17+00:00' AIRFLOW_CTX_TRY_NUMBER='1' AIRFLOW_CTX_DAG_RUN_ID='manual__2026-03-11T15:59:17+00:00'
[2026-03-11T15:59:48.806+0000] {logging_mixin.py:190} INFO - Task instance is in running state
[2026-03-11T15:59:48.808+0000] {logging_mixin.py:190} INFO -  Previous state of the Task instance: queued
[2026-03-11T15:59:48.809+0000] {logging_mixin.py:190} INFO - Current task name:get_csv_low state:running start_date:2026-03-11 15:59:48.100600+00:00
[2026-03-11T15:59:48.810+0000] {logging_mixin.py:190} INFO - Dag name:dag_get_data_from_yf and current dag run status:running
[2026-03-11T15:59:48.810+0000] {taskinstance.py:740} INFO - ::endgroup::
[2026-03-11T15:59:48.818+0000] {logging_mixin.py:190} INFO - None
[2026-03-11T15:59:48.819+0000] {python.py:240} INFO - Done. Returned value was: /opt/***/scripts/saham_indonesia_low.csv
[2026-03-11T15:59:48.887+0000] {taskinstance.py:349} INFO - ::group::Post task execution logs
[2026-03-11T15:59:48.888+0000] {taskinstance.py:361} INFO - Marking task as SUCCESS. dag_id=dag_get_data_from_yf, task_id=get_csv_low, run_id=manual__2026-03-11T15:59:17+00:00, execution_date=20260311T155917, start_date=20260311T155948, end_date=20260311T155948
[2026-03-11T15:59:48.980+0000] {logging_mixin.py:190} INFO - Task instance in success state
[2026-03-11T15:59:48.980+0000] {logging_mixin.py:190} INFO -  Previous state of the Task instance: running
[2026-03-11T15:59:48.981+0000] {logging_mixin.py:190} INFO - Dag name:dag_get_data_from_yf queued_at:2026-03-11 15:59:28.814235+00:00
[2026-03-11T15:59:48.981+0000] {logging_mixin.py:190} INFO - Task hostname:ea47c22639fa operator:_PythonDecoratedOperator
[2026-03-11T15:59:49.011+0000] {local_task_job_runner.py:266} INFO - Task exited with return code 0
[2026-03-11T15:59:49.097+0000] {taskinstance.py:3924} INFO - 0 downstream tasks scheduled from follow-on schedule check
[2026-03-11T15:59:49.105+0000] {local_task_job_runner.py:245} INFO - ::endgroup::
