[2026-03-09T09:29:21.651+0000] {local_task_job_runner.py:123} INFO - ::group::Pre task execution logs
[2026-03-09T09:29:21.792+0000] {taskinstance.py:2631} INFO - Dependencies all met for dep_context=non-requeueable deps ti=<TaskInstance: dag_get_data_from_yf.get_csv_close scheduled__2026-03-09T09:28:00+00:00 [queued]>
[2026-03-09T09:29:21.844+0000] {taskinstance.py:2631} INFO - Dependencies all met for dep_context=requeueable deps ti=<TaskInstance: dag_get_data_from_yf.get_csv_close scheduled__2026-03-09T09:28:00+00:00 [queued]>
[2026-03-09T09:29:21.846+0000] {taskinstance.py:2884} INFO - Starting attempt 1 of 1
[2026-03-09T09:29:21.916+0000] {taskinstance.py:2907} INFO - Executing <Task(_PythonDecoratedOperator): get_csv_close> on 2026-03-09 09:28:00+00:00
[2026-03-09T09:29:21.940+0000] {warnings.py:112} WARNING - /home/***/.local/lib/python3.12/site-packages/***/task/task_runner/standard_task_runner.py:70: DeprecationWarning: This process (pid=17380) is multi-threaded, use of fork() may lead to deadlocks in the child.
  pid = os.fork()

[2026-03-09T09:29:21.944+0000] {standard_task_runner.py:72} INFO - Started process 17395 to run task
[2026-03-09T09:29:21.956+0000] {standard_task_runner.py:104} INFO - Running: ['***', 'tasks', 'run', 'dag_get_data_from_yf', 'get_csv_close', 'scheduled__2026-03-09T09:28:00+00:00', '--job-id', '7192', '--raw', '--subdir', 'DAGS_FOLDER/get_finance_yf_csv.py', '--cfg-path', '/tmp/tmp3g9y4l0o']
[2026-03-09T09:29:21.959+0000] {standard_task_runner.py:105} INFO - Job 7192: Subtask get_csv_close
[2026-03-09T09:29:22.383+0000] {task_command.py:467} INFO - Running <TaskInstance: dag_get_data_from_yf.get_csv_close scheduled__2026-03-09T09:28:00+00:00 [running]> on host e96756f86073
[2026-03-09T09:29:23.460+0000] {taskinstance.py:3157} INFO - Exporting env vars: AIRFLOW_CTX_DAG_OWNER='***' AIRFLOW_CTX_DAG_ID='dag_get_data_from_yf' AIRFLOW_CTX_TASK_ID='get_csv_close' AIRFLOW_CTX_EXECUTION_DATE='2026-03-09T09:28:00+00:00' AIRFLOW_CTX_TRY_NUMBER='1' AIRFLOW_CTX_DAG_RUN_ID='scheduled__2026-03-09T09:28:00+00:00'
[2026-03-09T09:29:23.463+0000] {logging_mixin.py:190} INFO - Task instance is in running state
[2026-03-09T09:29:23.464+0000] {logging_mixin.py:190} INFO -  Previous state of the Task instance: queued
[2026-03-09T09:29:23.465+0000] {logging_mixin.py:190} INFO - Current task name:get_csv_close state:running start_date:2026-03-09 09:29:21.801003+00:00
[2026-03-09T09:29:23.466+0000] {logging_mixin.py:190} INFO - Dag name:dag_get_data_from_yf and current dag run status:running
[2026-03-09T09:29:23.467+0000] {taskinstance.py:740} INFO - ::endgroup::
[2026-03-09T09:29:23.486+0000] {logging_mixin.py:190} INFO - None
[2026-03-09T09:29:23.489+0000] {python.py:240} INFO - Done. Returned value was: /opt/***/scripts/saham_indonesia_close.csv
[2026-03-09T09:29:23.613+0000] {taskinstance.py:349} INFO - ::group::Post task execution logs
[2026-03-09T09:29:23.615+0000] {taskinstance.py:361} INFO - Marking task as SUCCESS. dag_id=dag_get_data_from_yf, task_id=get_csv_close, run_id=scheduled__2026-03-09T09:28:00+00:00, execution_date=20260309T092800, start_date=20260309T092921, end_date=20260309T092923
[2026-03-09T09:29:23.735+0000] {logging_mixin.py:190} INFO - Task instance in success state
[2026-03-09T09:29:23.738+0000] {logging_mixin.py:190} INFO -  Previous state of the Task instance: running
[2026-03-09T09:29:23.739+0000] {logging_mixin.py:190} INFO - Dag name:dag_get_data_from_yf queued_at:2026-03-09 09:29:00.729154+00:00
[2026-03-09T09:29:23.739+0000] {logging_mixin.py:190} INFO - Task hostname:e96756f86073 operator:_PythonDecoratedOperator
[2026-03-09T09:29:23.773+0000] {local_task_job_runner.py:266} INFO - Task exited with return code 0
[2026-03-09T09:29:23.827+0000] {local_task_job_runner.py:245} INFO - ::endgroup::
