[2026-03-25T02:58:20.122+0000] {local_task_job_runner.py:123} INFO - ::group::Pre task execution logs
[2026-03-25T02:58:20.345+0000] {taskinstance.py:2631} INFO - Dependencies all met for dep_context=non-requeueable deps ti=<TaskInstance: dag_get_data_from_yf.insert_data_task manual__2026-03-25T02:55:45+00:00 map_index=7 [queued]>
[2026-03-25T02:58:20.408+0000] {taskinstance.py:2631} INFO - Dependencies all met for dep_context=requeueable deps ti=<TaskInstance: dag_get_data_from_yf.insert_data_task manual__2026-03-25T02:55:45+00:00 map_index=7 [queued]>
[2026-03-25T02:58:20.409+0000] {taskinstance.py:2884} INFO - Starting attempt 1 of 1
[2026-03-25T02:58:20.448+0000] {taskinstance.py:2907} INFO - Executing <Mapped(SQLExecuteQueryOperator): insert_data_task> on 2026-03-25 02:55:45+00:00
[2026-03-25T02:58:20.478+0000] {warnings.py:112} WARNING - /home/***/.local/lib/python3.12/site-packages/***/task/task_runner/standard_task_runner.py:70: DeprecationWarning: This process (pid=338) is multi-threaded, use of fork() may lead to deadlocks in the child.
  pid = os.fork()

[2026-03-25T02:58:20.482+0000] {standard_task_runner.py:72} INFO - Started process 397 to run task
[2026-03-25T02:58:20.498+0000] {standard_task_runner.py:104} INFO - Running: ['***', 'tasks', 'run', 'dag_get_data_from_yf', 'insert_data_task', 'manual__2026-03-25T02:55:45+00:00', '--job-id', '2685', '--raw', '--subdir', 'DAGS_FOLDER/get_finance_yf_csv.py', '--cfg-path', '/tmp/tmpeqkzgey5', '--map-index', '7']
[2026-03-25T02:58:20.506+0000] {standard_task_runner.py:105} INFO - Job 2685: Subtask insert_data_task
[2026-03-25T02:58:20.852+0000] {task_command.py:467} INFO - Running <TaskInstance: dag_get_data_from_yf.insert_data_task manual__2026-03-25T02:55:45+00:00 map_index=7 [running]> on host 2cd601aaa810
[2026-03-25T02:58:21.626+0000] {taskinstance.py:3157} INFO - Exporting env vars: AIRFLOW_CTX_DAG_OWNER='***' AIRFLOW_CTX_DAG_ID='dag_get_data_from_yf' AIRFLOW_CTX_TASK_ID='insert_data_task' AIRFLOW_CTX_EXECUTION_DATE='2026-03-25T02:55:45+00:00' AIRFLOW_CTX_TRY_NUMBER='1' AIRFLOW_CTX_DAG_RUN_ID='manual__2026-03-25T02:55:45+00:00'
[2026-03-25T02:58:21.634+0000] {logging_mixin.py:190} INFO - Task instance is in running state
[2026-03-25T02:58:21.635+0000] {logging_mixin.py:190} INFO -  Previous state of the Task instance: queued
[2026-03-25T02:58:21.643+0000] {logging_mixin.py:190} INFO - Current task name:insert_data_task state:running start_date:2026-03-25 02:58:20.345904+00:00
[2026-03-25T02:58:21.644+0000] {logging_mixin.py:190} INFO - Dag name:dag_get_data_from_yf and current dag run status:running
[2026-03-25T02:58:21.647+0000] {taskinstance.py:740} INFO - ::endgroup::
[2026-03-25T02:58:21.648+0000] {sql.py:410} INFO - Executing:  INSERT INTO indonesian_stocks (date, ticker, close, high, low, open, inserted_at_timestamp_wib) 
                VALUES ('2026-03-03', 'BBRI.JK', '3770.0', '3840.0', '3770.0', '3820.0', '2026-03-25 09:53:30' )
                ON CONFLICT (date, ticker) DO NOTHING; 
[2026-03-25T02:58:21.660+0000] {crypto.py:82} WARNING - empty cryptography key - values will not be stored encrypted.
[2026-03-25T02:58:21.663+0000] {base.py:84} INFO - Retrieving connection 'db_custom'
[2026-03-25T02:58:21.697+0000] {base.py:84} INFO - Retrieving connection 'db_custom'
[2026-03-25T02:58:21.725+0000] {sql.py:861} INFO - Running statement:  INSERT INTO indonesian_stocks (date, ticker, close, high, low, open, inserted_at_timestamp_wib) 
                VALUES ('2026-03-03', 'BBRI.JK', '3770.0', '3840.0', '3770.0', '3820.0', '2026-03-25 09:53:30' )
                ON CONFLICT (date, ticker) DO NOTHING; , parameters: None
[2026-03-25T02:58:21.736+0000] {sql.py:879} INFO - Rows affected: 1
[2026-03-25T02:58:21.950+0000] {taskinstance.py:349} INFO - ::group::Post task execution logs
[2026-03-25T02:58:21.952+0000] {taskinstance.py:361} INFO - Marking task as SUCCESS. dag_id=dag_get_data_from_yf, task_id=insert_data_task, run_id=manual__2026-03-25T02:55:45+00:00, map_index=7, execution_date=20260325T025545, start_date=20260325T025820, end_date=20260325T025821
[2026-03-25T02:58:22.111+0000] {logging_mixin.py:190} INFO - Task instance in success state
[2026-03-25T02:58:22.113+0000] {logging_mixin.py:190} INFO -  Previous state of the Task instance: running
[2026-03-25T02:58:22.118+0000] {logging_mixin.py:190} INFO - Dag name:dag_get_data_from_yf queued_at:2026-03-25 02:55:59.171234+00:00
[2026-03-25T02:58:22.119+0000] {logging_mixin.py:190} INFO - Task hostname:2cd601aaa810 operator:SQLExecuteQueryOperator
[2026-03-25T02:58:22.168+0000] {local_task_job_runner.py:266} INFO - Task exited with return code 0
[2026-03-25T02:58:22.274+0000] {taskinstance.py:3924} INFO - 0 downstream tasks scheduled from follow-on schedule check
[2026-03-25T02:58:22.279+0000] {local_task_job_runner.py:245} INFO - ::endgroup::
