[2026-03-10T03:26:17.673+0000] {local_task_job_runner.py:123} INFO - ::group::Pre task execution logs
[2026-03-10T03:26:17.736+0000] {taskinstance.py:2631} INFO - Dependencies all met for dep_context=non-requeueable deps ti=<TaskInstance: dag_get_data_from_yf.get_csv_close scheduled__2026-03-10T03:25:00+00:00 [queued]>
[2026-03-10T03:26:17.756+0000] {taskinstance.py:2631} INFO - Dependencies all met for dep_context=requeueable deps ti=<TaskInstance: dag_get_data_from_yf.get_csv_close scheduled__2026-03-10T03:25:00+00:00 [queued]>
[2026-03-10T03:26:17.757+0000] {taskinstance.py:2884} INFO - Starting attempt 1 of 1
[2026-03-10T03:26:17.792+0000] {taskinstance.py:2907} INFO - Executing <Task(_PythonDecoratedOperator): get_csv_close> on 2026-03-10 03:25:00+00:00
[2026-03-10T03:26:17.813+0000] {warnings.py:112} WARNING - /home/***/.local/lib/python3.12/site-packages/***/task/task_runner/standard_task_runner.py:70: DeprecationWarning: This process (pid=6981) is multi-threaded, use of fork() may lead to deadlocks in the child.
  pid = os.fork()

[2026-03-10T03:26:17.817+0000] {standard_task_runner.py:72} INFO - Started process 6991 to run task
[2026-03-10T03:26:17.820+0000] {standard_task_runner.py:104} INFO - Running: ['***', 'tasks', 'run', 'dag_get_data_from_yf', 'get_csv_close', 'scheduled__2026-03-10T03:25:00+00:00', '--job-id', '8509', '--raw', '--subdir', 'DAGS_FOLDER/get_finance_yf_csv.py', '--cfg-path', '/tmp/tmpm7hxl9d0']
[2026-03-10T03:26:17.822+0000] {standard_task_runner.py:105} INFO - Job 8509: Subtask get_csv_close
[2026-03-10T03:26:17.967+0000] {task_command.py:467} INFO - Running <TaskInstance: dag_get_data_from_yf.get_csv_close scheduled__2026-03-10T03:25:00+00:00 [running]> on host 50d997f0c294
[2026-03-10T03:26:18.592+0000] {taskinstance.py:3157} INFO - Exporting env vars: AIRFLOW_CTX_DAG_OWNER='***' AIRFLOW_CTX_DAG_ID='dag_get_data_from_yf' AIRFLOW_CTX_TASK_ID='get_csv_close' AIRFLOW_CTX_EXECUTION_DATE='2026-03-10T03:25:00+00:00' AIRFLOW_CTX_TRY_NUMBER='1' AIRFLOW_CTX_DAG_RUN_ID='scheduled__2026-03-10T03:25:00+00:00'
[2026-03-10T03:26:18.594+0000] {logging_mixin.py:190} INFO - Task instance is in running state
[2026-03-10T03:26:18.595+0000] {logging_mixin.py:190} INFO -  Previous state of the Task instance: queued
[2026-03-10T03:26:18.595+0000] {logging_mixin.py:190} INFO - Current task name:get_csv_close state:running start_date:2026-03-10 03:26:17.736977+00:00
[2026-03-10T03:26:18.596+0000] {logging_mixin.py:190} INFO - Dag name:dag_get_data_from_yf and current dag run status:running
[2026-03-10T03:26:18.596+0000] {taskinstance.py:740} INFO - ::endgroup::
[2026-03-10T03:26:18.611+0000] {logging_mixin.py:190} INFO - None
[2026-03-10T03:26:18.611+0000] {python.py:240} INFO - Done. Returned value was: /opt/***/scripts/saham_indonesia_close.csv
[2026-03-10T03:26:18.718+0000] {taskinstance.py:349} INFO - ::group::Post task execution logs
[2026-03-10T03:26:18.719+0000] {taskinstance.py:361} INFO - Marking task as SUCCESS. dag_id=dag_get_data_from_yf, task_id=get_csv_close, run_id=scheduled__2026-03-10T03:25:00+00:00, execution_date=20260310T032500, start_date=20260310T032617, end_date=20260310T032618
[2026-03-10T03:26:18.812+0000] {logging_mixin.py:190} INFO - Task instance in success state
[2026-03-10T03:26:18.813+0000] {logging_mixin.py:190} INFO -  Previous state of the Task instance: running
[2026-03-10T03:26:18.813+0000] {logging_mixin.py:190} INFO - Dag name:dag_get_data_from_yf queued_at:2026-03-10 03:26:00.309731+00:00
[2026-03-10T03:26:18.814+0000] {logging_mixin.py:190} INFO - Task hostname:50d997f0c294 operator:_PythonDecoratedOperator
[2026-03-10T03:26:18.862+0000] {local_task_job_runner.py:266} INFO - Task exited with return code 0
[2026-03-10T03:26:18.922+0000] {local_task_job_runner.py:245} INFO - ::endgroup::
