[2026-03-15T08:36:35.085+0000] {local_task_job_runner.py:123} INFO - ::group::Pre task execution logs
[2026-03-15T08:36:35.290+0000] {taskinstance.py:2631} INFO - Dependencies all met for dep_context=non-requeueable deps ti=<TaskInstance: dag_get_data_from_yf.olhc_branching.get_csv_high scheduled__2026-03-11T00:00:00+00:00 [queued]>
[2026-03-15T08:36:35.326+0000] {taskinstance.py:2631} INFO - Dependencies all met for dep_context=requeueable deps ti=<TaskInstance: dag_get_data_from_yf.olhc_branching.get_csv_high scheduled__2026-03-11T00:00:00+00:00 [queued]>
[2026-03-15T08:36:35.328+0000] {taskinstance.py:2884} INFO - Starting attempt 1 of 1
[2026-03-15T08:36:35.515+0000] {taskinstance.py:2907} INFO - Executing <Task(_PythonDecoratedOperator): olhc_branching.get_csv_high> on 2026-03-11 00:00:00+00:00
[2026-03-15T08:36:35.657+0000] {warnings.py:112} WARNING - /home/***/.local/lib/python3.12/site-packages/***/task/task_runner/standard_task_runner.py:70: DeprecationWarning: This process (pid=900) is multi-threaded, use of fork() may lead to deadlocks in the child.
  pid = os.fork()

[2026-03-15T08:36:35.670+0000] {standard_task_runner.py:72} INFO - Started process 954 to run task
[2026-03-15T08:36:35.678+0000] {standard_task_runner.py:104} INFO - Running: ['***', 'tasks', 'run', 'dag_get_data_from_yf', 'olhc_branching.get_csv_high', 'scheduled__2026-03-11T00:00:00+00:00', '--job-id', '14780', '--raw', '--subdir', 'DAGS_FOLDER/get_finance_yf_csv.py', '--cfg-path', '/tmp/tmpqat3blhm']
[2026-03-15T08:36:35.749+0000] {standard_task_runner.py:105} INFO - Job 14780: Subtask olhc_branching.get_csv_high
[2026-03-15T08:36:46.506+0000] {standard_task_runner.py:124} ERROR - Failed to execute job 14780 for task olhc_branching.get_csv_high ((psycopg2.OperationalError) could not translate host name "postgres" to address: Temporary failure in name resolution

(Background on this error at: https://sqlalche.me/e/14/e3q8); 954)
Traceback (most recent call last):
  File "/home/airflow/.local/lib/python3.12/site-packages/sqlalchemy/engine/base.py", line 3371, in _wrap_pool_connect
    return fn()
           ^^^^
  File "/home/airflow/.local/lib/python3.12/site-packages/sqlalchemy/pool/base.py", line 327, in connect
    return _ConnectionFairy._checkout(self)
           ^^^^^^^^^^^^^^^^^^^^^^^^^^^^^^^^
  File "/home/airflow/.local/lib/python3.12/site-packages/sqlalchemy/pool/base.py", line 894, in _checkout
    fairy = _ConnectionRecord.checkout(pool)
            ^^^^^^^^^^^^^^^^^^^^^^^^^^^^^^^^
  File "/home/airflow/.local/lib/python3.12/site-packages/sqlalchemy/pool/base.py", line 493, in checkout
    rec = pool._do_get()
          ^^^^^^^^^^^^^^
  File "/home/airflow/.local/lib/python3.12/site-packages/sqlalchemy/pool/impl.py", line 256, in _do_get
    return self._create_connection()
           ^^^^^^^^^^^^^^^^^^^^^^^^^
  File "/home/airflow/.local/lib/python3.12/site-packages/sqlalchemy/pool/base.py", line 273, in _create_connection
    return _ConnectionRecord(self)
           ^^^^^^^^^^^^^^^^^^^^^^^
  File "/home/airflow/.local/lib/python3.12/site-packages/sqlalchemy/pool/base.py", line 388, in __init__
    self.__connect()
  File "/home/airflow/.local/lib/python3.12/site-packages/sqlalchemy/pool/base.py", line 690, in __connect
    with util.safe_reraise():
         ^^^^^^^^^^^^^^^^^^^
  File "/home/airflow/.local/lib/python3.12/site-packages/sqlalchemy/util/langhelpers.py", line 70, in __exit__
    compat.raise_(
  File "/home/airflow/.local/lib/python3.12/site-packages/sqlalchemy/util/compat.py", line 211, in raise_
    raise exception
  File "/home/airflow/.local/lib/python3.12/site-packages/sqlalchemy/pool/base.py", line 686, in __connect
    self.dbapi_connection = connection = pool._invoke_creator(self)
                                         ^^^^^^^^^^^^^^^^^^^^^^^^^^
  File "/home/airflow/.local/lib/python3.12/site-packages/sqlalchemy/engine/create.py", line 574, in connect
    return dialect.connect(*cargs, **cparams)
           ^^^^^^^^^^^^^^^^^^^^^^^^^^^^^^^^^^
  File "/home/airflow/.local/lib/python3.12/site-packages/sqlalchemy/engine/default.py", line 598, in connect
    return self.dbapi.connect(*cargs, **cparams)
           ^^^^^^^^^^^^^^^^^^^^^^^^^^^^^^^^^^^^^
  File "/home/airflow/.local/lib/python3.12/site-packages/psycopg2/__init__.py", line 122, in connect
    conn = _connect(dsn, connection_factory=connection_factory, **kwasync)
           ^^^^^^^^^^^^^^^^^^^^^^^^^^^^^^^^^^^^^^^^^^^^^^^^^^^^^^^^^^^^^^^
psycopg2.OperationalError: could not translate host name "postgres" to address: Temporary failure in name resolution


The above exception was the direct cause of the following exception:

Traceback (most recent call last):
  File "/home/airflow/.local/lib/python3.12/site-packages/airflow/task/task_runner/standard_task_runner.py", line 117, in _start_by_fork
    ret = args.func(args, dag=self.dag)
          ^^^^^^^^^^^^^^^^^^^^^^^^^^^^^
  File "/home/airflow/.local/lib/python3.12/site-packages/airflow/cli/cli_config.py", line 49, in command
    return func(*args, **kwargs)
           ^^^^^^^^^^^^^^^^^^^^^
  File "/home/airflow/.local/lib/python3.12/site-packages/airflow/utils/cli.py", line 116, in wrapper
    return f(*args, **kwargs)
           ^^^^^^^^^^^^^^^^^^
  File "/home/airflow/.local/lib/python3.12/site-packages/airflow/cli/commands/task_command.py", line 463, in task_run
    ti.init_run_context(raw=args.raw)
  File "/home/airflow/.local/lib/python3.12/site-packages/airflow/models/taskinstance.py", line 3750, in init_run_context
    self._set_context(self)
  File "/home/airflow/.local/lib/python3.12/site-packages/airflow/utils/log/logging_mixin.py", line 129, in _set_context
    set_context(self.log, context)
  File "/home/airflow/.local/lib/python3.12/site-packages/airflow/utils/log/logging_mixin.py", line 276, in set_context
    flag = cast(FileTaskHandler, handler).set_context(value)
           ^^^^^^^^^^^^^^^^^^^^^^^^^^^^^^^^^^^^^^^^^^^^^^^^^
  File "/home/airflow/.local/lib/python3.12/site-packages/airflow/utils/log/file_task_handler.py", line 242, in set_context
    local_loc = self._init_file(ti, identifier=identifier)
                ^^^^^^^^^^^^^^^^^^^^^^^^^^^^^^^^^^^^^^^^^^
  File "/home/airflow/.local/lib/python3.12/site-packages/airflow/utils/log/file_task_handler.py", line 563, in _init_file
    local_relative_path = self._render_filename(ti, ti.try_number)
                          ^^^^^^^^^^^^^^^^^^^^^^^^^^^^^^^^^^^^^^^^
  File "/home/airflow/.local/lib/python3.12/site-packages/airflow/utils/log/file_task_handler.py", line 309, in _render_filename
    dag_run, ti, str_tpl, filename = self._render_filename_db_access(ti=ti, try_number=try_number)
                                     ^^^^^^^^^^^^^^^^^^^^^^^^^^^^^^^^^^^^^^^^^^^^^^^^^^^^^^^^^^^^^
  File "/home/airflow/.local/lib/python3.12/site-packages/airflow/api_internal/internal_api_call.py", line 166, in wrapper
    return func(*args, **kwargs)
           ^^^^^^^^^^^^^^^^^^^^^
  File "/home/airflow/.local/lib/python3.12/site-packages/airflow/utils/session.py", line 97, in wrapper
    return func(*args, session=session, **kwargs)
           ^^^^^^^^^^^^^^^^^^^^^^^^^^^^^^^^^^^^^^
  File "/home/airflow/.local/lib/python3.12/site-packages/airflow/utils/log/file_task_handler.py", line 300, in _render_filename_db_access
    context = ti.get_template_context(session=session)
              ^^^^^^^^^^^^^^^^^^^^^^^^^^^^^^^^^^^^^^^^
  File "/home/airflow/.local/lib/python3.12/site-packages/airflow/models/taskinstance.py", line 3485, in get_template_context
    return _get_template_context(
           ^^^^^^^^^^^^^^^^^^^^^^
  File "/home/airflow/.local/lib/python3.12/site-packages/airflow/api_internal/internal_api_call.py", line 166, in wrapper
    return func(*args, **kwargs)
           ^^^^^^^^^^^^^^^^^^^^^
  File "/home/airflow/.local/lib/python3.12/site-packages/airflow/models/taskinstance.py", line 1147, in _get_template_context
    "prev_data_interval_start_success": get_prev_data_interval_start_success(),
                                        ^^^^^^^^^^^^^^^^^^^^^^^^^^^^^^^^^^^^^^
  File "/home/airflow/.local/lib/python3.12/site-packages/airflow/models/taskinstance.py", line 1010, in get_prev_data_interval_start_success
    data_interval = _get_previous_dagrun_data_interval_success()
                    ^^^^^^^^^^^^^^^^^^^^^^^^^^^^^^^^^^^^^^^^^^^^
  File "/home/airflow/.local/lib/python3.12/site-packages/airflow/models/taskinstance.py", line 1004, in _get_previous_dagrun_data_interval_success
    dagrun = _get_previous_dagrun_success()
             ^^^^^^^^^^^^^^^^^^^^^^^^^^^^^^
  File "/home/airflow/.local/lib/python3.12/site-packages/airflow/models/taskinstance.py", line 1001, in _get_previous_dagrun_success
    return task_instance.get_previous_dagrun(state=DagRunState.SUCCESS, session=session)
           ^^^^^^^^^^^^^^^^^^^^^^^^^^^^^^^^^^^^^^^^^^^^^^^^^^^^^^^^^^^^^^^^^^^^^^^^^^^^^
  File "/home/airflow/.local/lib/python3.12/site-packages/airflow/utils/session.py", line 94, in wrapper
    return func(*args, **kwargs)
           ^^^^^^^^^^^^^^^^^^^^^
  File "/home/airflow/.local/lib/python3.12/site-packages/airflow/models/taskinstance.py", line 2509, in get_previous_dagrun
    return _get_previous_dagrun(task_instance=self, state=state, session=session)
           ^^^^^^^^^^^^^^^^^^^^^^^^^^^^^^^^^^^^^^^^^^^^^^^^^^^^^^^^^^^^^^^^^^^^^^
  File "/home/airflow/.local/lib/python3.12/site-packages/airflow/models/taskinstance.py", line 1396, in _get_previous_dagrun
    last_dagrun = DagRun.get_previous_dagrun(dag_run=dr, session=session, state=state)
                  ^^^^^^^^^^^^^^^^^^^^^^^^^^^^^^^^^^^^^^^^^^^^^^^^^^^^^^^^^^^^^^^^^^^^
  File "/home/airflow/.local/lib/python3.12/site-packages/airflow/api_internal/internal_api_call.py", line 166, in wrapper
    return func(*args, **kwargs)
           ^^^^^^^^^^^^^^^^^^^^^
  File "/home/airflow/.local/lib/python3.12/site-packages/airflow/utils/session.py", line 94, in wrapper
    return func(*args, **kwargs)
           ^^^^^^^^^^^^^^^^^^^^^
  File "/home/airflow/.local/lib/python3.12/site-packages/airflow/models/dagrun.py", line 707, in get_previous_dagrun
    return session.scalar(select(DagRun).where(*filters).order_by(DagRun.execution_date.desc()).limit(1))
           ^^^^^^^^^^^^^^^^^^^^^^^^^^^^^^^^^^^^^^^^^^^^^^^^^^^^^^^^^^^^^^^^^^^^^^^^^^^^^^^^^^^^^^^^^^^^^^
  File "/home/airflow/.local/lib/python3.12/site-packages/sqlalchemy/orm/session.py", line 1747, in scalar
    return self.execute(
           ^^^^^^^^^^^^^
  File "/home/airflow/.local/lib/python3.12/site-packages/sqlalchemy/orm/session.py", line 1716, in execute
    conn = self._connection_for_bind(bind)
           ^^^^^^^^^^^^^^^^^^^^^^^^^^^^^^^
  File "/home/airflow/.local/lib/python3.12/site-packages/sqlalchemy/orm/session.py", line 1555, in _connection_for_bind
    return self._transaction._connection_for_bind(
           ^^^^^^^^^^^^^^^^^^^^^^^^^^^^^^^^^^^^^^^
  File "/home/airflow/.local/lib/python3.12/site-packages/sqlalchemy/orm/session.py", line 750, in _connection_for_bind
    conn = bind.connect()
           ^^^^^^^^^^^^^^
  File "/home/airflow/.local/lib/python3.12/site-packages/sqlalchemy/future/engine.py", line 412, in connect
    return super(Engine, self).connect()
           ^^^^^^^^^^^^^^^^^^^^^^^^^^^^^
  File "/home/airflow/.local/lib/python3.12/site-packages/sqlalchemy/engine/base.py", line 3325, in connect
    return self._connection_cls(self, close_with_result=close_with_result)
           ^^^^^^^^^^^^^^^^^^^^^^^^^^^^^^^^^^^^^^^^^^^^^^^^^^^^^^^^^^^^^^^
  File "/home/airflow/.local/lib/python3.12/site-packages/sqlalchemy/engine/base.py", line 96, in __init__
    else engine.raw_connection()
         ^^^^^^^^^^^^^^^^^^^^^^^
  File "/home/airflow/.local/lib/python3.12/site-packages/sqlalchemy/engine/base.py", line 3404, in raw_connection
    return self._wrap_pool_connect(self.pool.connect, _connection)
           ^^^^^^^^^^^^^^^^^^^^^^^^^^^^^^^^^^^^^^^^^^^^^^^^^^^^^^^
  File "/home/airflow/.local/lib/python3.12/site-packages/sqlalchemy/engine/base.py", line 3374, in _wrap_pool_connect
    Connection._handle_dbapi_exception_noconnection(
  File "/home/airflow/.local/lib/python3.12/site-packages/sqlalchemy/engine/base.py", line 2208, in _handle_dbapi_exception_noconnection
    util.raise_(
  File "/home/airflow/.local/lib/python3.12/site-packages/sqlalchemy/util/compat.py", line 211, in raise_
    raise exception
  File "/home/airflow/.local/lib/python3.12/site-packages/sqlalchemy/engine/base.py", line 3371, in _wrap_pool_connect
    return fn()
           ^^^^
  File "/home/airflow/.local/lib/python3.12/site-packages/sqlalchemy/pool/base.py", line 327, in connect
    return _ConnectionFairy._checkout(self)
           ^^^^^^^^^^^^^^^^^^^^^^^^^^^^^^^^
  File "/home/airflow/.local/lib/python3.12/site-packages/sqlalchemy/pool/base.py", line 894, in _checkout
    fairy = _ConnectionRecord.checkout(pool)
            ^^^^^^^^^^^^^^^^^^^^^^^^^^^^^^^^
  File "/home/airflow/.local/lib/python3.12/site-packages/sqlalchemy/pool/base.py", line 493, in checkout
    rec = pool._do_get()
          ^^^^^^^^^^^^^^
  File "/home/airflow/.local/lib/python3.12/site-packages/sqlalchemy/pool/impl.py", line 256, in _do_get
    return self._create_connection()
           ^^^^^^^^^^^^^^^^^^^^^^^^^
  File "/home/airflow/.local/lib/python3.12/site-packages/sqlalchemy/pool/base.py", line 273, in _create_connection
    return _ConnectionRecord(self)
           ^^^^^^^^^^^^^^^^^^^^^^^
  File "/home/airflow/.local/lib/python3.12/site-packages/sqlalchemy/pool/base.py", line 388, in __init__
    self.__connect()
  File "/home/airflow/.local/lib/python3.12/site-packages/sqlalchemy/pool/base.py", line 690, in __connect
    with util.safe_reraise():
         ^^^^^^^^^^^^^^^^^^^
  File "/home/airflow/.local/lib/python3.12/site-packages/sqlalchemy/util/langhelpers.py", line 70, in __exit__
    compat.raise_(
  File "/home/airflow/.local/lib/python3.12/site-packages/sqlalchemy/util/compat.py", line 211, in raise_
    raise exception
  File "/home/airflow/.local/lib/python3.12/site-packages/sqlalchemy/pool/base.py", line 686, in __connect
    self.dbapi_connection = connection = pool._invoke_creator(self)
                                         ^^^^^^^^^^^^^^^^^^^^^^^^^^
  File "/home/airflow/.local/lib/python3.12/site-packages/sqlalchemy/engine/create.py", line 574, in connect
    return dialect.connect(*cargs, **cparams)
           ^^^^^^^^^^^^^^^^^^^^^^^^^^^^^^^^^^
  File "/home/airflow/.local/lib/python3.12/site-packages/sqlalchemy/engine/default.py", line 598, in connect
    return self.dbapi.connect(*cargs, **cparams)
           ^^^^^^^^^^^^^^^^^^^^^^^^^^^^^^^^^^^^^
  File "/home/airflow/.local/lib/python3.12/site-packages/psycopg2/__init__.py", line 122, in connect
    conn = _connect(dsn, connection_factory=connection_factory, **kwasync)
           ^^^^^^^^^^^^^^^^^^^^^^^^^^^^^^^^^^^^^^^^^^^^^^^^^^^^^^^^^^^^^^^
sqlalchemy.exc.OperationalError: (psycopg2.OperationalError) could not translate host name "postgres" to address: Temporary failure in name resolution

(Background on this error at: https://sqlalche.me/e/14/e3q8)
[2026-03-15T08:36:47.368+0000] {job.py:229} INFO - Heartbeat recovered after 12.88 seconds
[2026-03-15T08:36:47.512+0000] {local_task_job_runner.py:266} INFO - Task exited with return code 1
[2026-03-15T08:36:47.573+0000] {local_task_job_runner.py:245} INFO - ::endgroup::
[2026-03-15T08:36:47.663+0000] {standard_task_runner.py:217} INFO - Process not found (most likely exited), stop collecting metrics
[2026-03-15T09:14:11.058+0000] {local_task_job_runner.py:123} INFO - ::group::Pre task execution logs
[2026-03-15T09:14:11.403+0000] {taskinstance.py:2631} INFO - Dependencies all met for dep_context=non-requeueable deps ti=<TaskInstance: dag_get_data_from_yf.olhc_branching.get_csv_high scheduled__2026-03-11T00:00:00+00:00 [queued]>
[2026-03-15T09:14:11.584+0000] {taskinstance.py:2631} INFO - Dependencies all met for dep_context=requeueable deps ti=<TaskInstance: dag_get_data_from_yf.olhc_branching.get_csv_high scheduled__2026-03-11T00:00:00+00:00 [queued]>
[2026-03-15T09:14:11.592+0000] {taskinstance.py:2884} INFO - Starting attempt 1 of 1
[2026-03-15T09:14:12.207+0000] {taskinstance.py:2907} INFO - Executing <Task(_PythonDecoratedOperator): olhc_branching.get_csv_high> on 2026-03-11 00:00:00+00:00
[2026-03-15T09:14:12.332+0000] {warnings.py:112} WARNING - /home/***/.local/lib/python3.12/site-packages/***/task/task_runner/standard_task_runner.py:70: DeprecationWarning: This process (pid=1443) is multi-threaded, use of fork() may lead to deadlocks in the child.
  pid = os.fork()

[2026-03-15T09:14:12.340+0000] {standard_task_runner.py:72} INFO - Started process 1639 to run task
[2026-03-15T09:14:12.350+0000] {standard_task_runner.py:104} INFO - Running: ['***', 'tasks', 'run', 'dag_get_data_from_yf', 'olhc_branching.get_csv_high', 'scheduled__2026-03-11T00:00:00+00:00', '--job-id', '14949', '--raw', '--subdir', 'DAGS_FOLDER/get_finance_yf_csv.py', '--cfg-path', '/tmp/tmp41vf70os']
[2026-03-15T09:14:12.363+0000] {standard_task_runner.py:105} INFO - Job 14949: Subtask olhc_branching.get_csv_high
[2026-03-15T09:14:13.172+0000] {task_command.py:467} INFO - Running <TaskInstance: dag_get_data_from_yf.olhc_branching.get_csv_high scheduled__2026-03-11T00:00:00+00:00 [running]> on host 547c214a0f76
[2026-03-15T09:14:15.486+0000] {taskinstance.py:3157} INFO - Exporting env vars: AIRFLOW_CTX_DAG_OWNER='***' AIRFLOW_CTX_DAG_ID='dag_get_data_from_yf' AIRFLOW_CTX_TASK_ID='olhc_branching.get_csv_high' AIRFLOW_CTX_EXECUTION_DATE='2026-03-11T00:00:00+00:00' AIRFLOW_CTX_TRY_NUMBER='1' AIRFLOW_CTX_DAG_RUN_ID='scheduled__2026-03-11T00:00:00+00:00'
[2026-03-15T09:14:15.498+0000] {logging_mixin.py:190} INFO - Task instance is in running state
[2026-03-15T09:14:15.501+0000] {logging_mixin.py:190} INFO -  Previous state of the Task instance: queued
[2026-03-15T09:14:15.504+0000] {logging_mixin.py:190} INFO - Current task name:olhc_branching.get_csv_high state:running start_date:2026-03-15 09:14:11.423023+00:00
[2026-03-15T09:14:15.514+0000] {logging_mixin.py:190} INFO - Dag name:dag_get_data_from_yf and current dag run status:running
[2026-03-15T09:14:15.535+0000] {taskinstance.py:740} INFO - ::endgroup::
[2026-03-15T09:14:15.596+0000] {logging_mixin.py:190} INFO - None
[2026-03-15T09:14:15.602+0000] {python.py:240} INFO - Done. Returned value was: /opt/***/scripts/saham_indonesia_high.csv
[2026-03-15T09:14:15.875+0000] {taskinstance.py:349} INFO - ::group::Post task execution logs
[2026-03-15T09:14:15.876+0000] {taskinstance.py:361} INFO - Marking task as SUCCESS. dag_id=dag_get_data_from_yf, task_id=olhc_branching.get_csv_high, run_id=scheduled__2026-03-11T00:00:00+00:00, execution_date=20260311T000000, start_date=20260315T091411, end_date=20260315T091415
[2026-03-15T09:14:16.290+0000] {logging_mixin.py:190} INFO - Task instance in success state
[2026-03-15T09:14:16.291+0000] {logging_mixin.py:190} INFO -  Previous state of the Task instance: running
[2026-03-15T09:14:16.292+0000] {logging_mixin.py:190} INFO - Dag name:dag_get_data_from_yf queued_at:2026-03-15 09:07:50.295705+00:00
[2026-03-15T09:14:16.293+0000] {logging_mixin.py:190} INFO - Task hostname:547c214a0f76 operator:_PythonDecoratedOperator
[2026-03-15T09:14:16.399+0000] {local_task_job_runner.py:266} INFO - Task exited with return code 0
[2026-03-15T09:14:16.618+0000] {taskinstance.py:3924} INFO - 0 downstream tasks scheduled from follow-on schedule check
[2026-03-15T09:14:16.684+0000] {local_task_job_runner.py:245} INFO - ::endgroup::
[2026-03-15T09:51:15.945+0000] {local_task_job_runner.py:123} INFO - ::group::Pre task execution logs
[2026-03-15T09:51:16.256+0000] {taskinstance.py:2631} INFO - Dependencies all met for dep_context=non-requeueable deps ti=<TaskInstance: dag_get_data_from_yf.olhc_branching.get_csv_high scheduled__2026-03-11T00:00:00+00:00 [queued]>
[2026-03-15T09:51:16.298+0000] {taskinstance.py:2631} INFO - Dependencies all met for dep_context=requeueable deps ti=<TaskInstance: dag_get_data_from_yf.olhc_branching.get_csv_high scheduled__2026-03-11T00:00:00+00:00 [queued]>
[2026-03-15T09:51:16.299+0000] {taskinstance.py:2884} INFO - Starting attempt 1 of 1
[2026-03-15T09:51:16.390+0000] {taskinstance.py:2907} INFO - Executing <Task(_PythonDecoratedOperator): olhc_branching.get_csv_high> on 2026-03-11 00:00:00+00:00
[2026-03-15T09:51:16.596+0000] {warnings.py:112} WARNING - /home/***/.local/lib/python3.12/site-packages/***/task/task_runner/standard_task_runner.py:70: DeprecationWarning: This process (pid=826) is multi-threaded, use of fork() may lead to deadlocks in the child.
  pid = os.fork()

[2026-03-15T09:51:16.630+0000] {standard_task_runner.py:72} INFO - Started process 870 to run task
[2026-03-15T09:51:16.652+0000] {standard_task_runner.py:104} INFO - Running: ['***', 'tasks', 'run', 'dag_get_data_from_yf', 'olhc_branching.get_csv_high', 'scheduled__2026-03-11T00:00:00+00:00', '--job-id', '61', '--raw', '--subdir', 'DAGS_FOLDER/get_finance_yf_csv.py', '--cfg-path', '/tmp/tmpqsl5uygt']
[2026-03-15T09:51:16.732+0000] {standard_task_runner.py:105} INFO - Job 61: Subtask olhc_branching.get_csv_high
[2026-03-15T09:52:28.277+0000] {standard_task_runner.py:124} ERROR - Failed to execute job 61 for task olhc_branching.get_csv_high ((psycopg2.OperationalError) could not translate host name "postgres" to address: Temporary failure in name resolution

(Background on this error at: https://sqlalche.me/e/14/e3q8); 870)
Traceback (most recent call last):
  File "/home/airflow/.local/lib/python3.12/site-packages/sqlalchemy/engine/base.py", line 3371, in _wrap_pool_connect
    return fn()
           ^^^^
  File "/home/airflow/.local/lib/python3.12/site-packages/sqlalchemy/pool/base.py", line 327, in connect
    return _ConnectionFairy._checkout(self)
           ^^^^^^^^^^^^^^^^^^^^^^^^^^^^^^^^
  File "/home/airflow/.local/lib/python3.12/site-packages/sqlalchemy/pool/base.py", line 894, in _checkout
    fairy = _ConnectionRecord.checkout(pool)
            ^^^^^^^^^^^^^^^^^^^^^^^^^^^^^^^^
  File "/home/airflow/.local/lib/python3.12/site-packages/sqlalchemy/pool/base.py", line 493, in checkout
    rec = pool._do_get()
          ^^^^^^^^^^^^^^
  File "/home/airflow/.local/lib/python3.12/site-packages/sqlalchemy/pool/impl.py", line 256, in _do_get
    return self._create_connection()
           ^^^^^^^^^^^^^^^^^^^^^^^^^
  File "/home/airflow/.local/lib/python3.12/site-packages/sqlalchemy/pool/base.py", line 273, in _create_connection
    return _ConnectionRecord(self)
           ^^^^^^^^^^^^^^^^^^^^^^^
  File "/home/airflow/.local/lib/python3.12/site-packages/sqlalchemy/pool/base.py", line 388, in __init__
    self.__connect()
  File "/home/airflow/.local/lib/python3.12/site-packages/sqlalchemy/pool/base.py", line 690, in __connect
    with util.safe_reraise():
         ^^^^^^^^^^^^^^^^^^^
  File "/home/airflow/.local/lib/python3.12/site-packages/sqlalchemy/util/langhelpers.py", line 70, in __exit__
    compat.raise_(
  File "/home/airflow/.local/lib/python3.12/site-packages/sqlalchemy/util/compat.py", line 211, in raise_
    raise exception
  File "/home/airflow/.local/lib/python3.12/site-packages/sqlalchemy/pool/base.py", line 686, in __connect
    self.dbapi_connection = connection = pool._invoke_creator(self)
                                         ^^^^^^^^^^^^^^^^^^^^^^^^^^
  File "/home/airflow/.local/lib/python3.12/site-packages/sqlalchemy/engine/create.py", line 574, in connect
    return dialect.connect(*cargs, **cparams)
           ^^^^^^^^^^^^^^^^^^^^^^^^^^^^^^^^^^
  File "/home/airflow/.local/lib/python3.12/site-packages/sqlalchemy/engine/default.py", line 598, in connect
    return self.dbapi.connect(*cargs, **cparams)
           ^^^^^^^^^^^^^^^^^^^^^^^^^^^^^^^^^^^^^
  File "/home/airflow/.local/lib/python3.12/site-packages/psycopg2/__init__.py", line 122, in connect
    conn = _connect(dsn, connection_factory=connection_factory, **kwasync)
           ^^^^^^^^^^^^^^^^^^^^^^^^^^^^^^^^^^^^^^^^^^^^^^^^^^^^^^^^^^^^^^^
psycopg2.OperationalError: could not translate host name "postgres" to address: Temporary failure in name resolution


The above exception was the direct cause of the following exception:

Traceback (most recent call last):
  File "/home/airflow/.local/lib/python3.12/site-packages/airflow/task/task_runner/standard_task_runner.py", line 117, in _start_by_fork
    ret = args.func(args, dag=self.dag)
          ^^^^^^^^^^^^^^^^^^^^^^^^^^^^^
  File "/home/airflow/.local/lib/python3.12/site-packages/airflow/cli/cli_config.py", line 49, in command
    return func(*args, **kwargs)
           ^^^^^^^^^^^^^^^^^^^^^
  File "/home/airflow/.local/lib/python3.12/site-packages/airflow/utils/cli.py", line 116, in wrapper
    return f(*args, **kwargs)
           ^^^^^^^^^^^^^^^^^^
  File "/home/airflow/.local/lib/python3.12/site-packages/airflow/cli/commands/task_command.py", line 463, in task_run
    ti.init_run_context(raw=args.raw)
  File "/home/airflow/.local/lib/python3.12/site-packages/airflow/models/taskinstance.py", line 3750, in init_run_context
    self._set_context(self)
  File "/home/airflow/.local/lib/python3.12/site-packages/airflow/utils/log/logging_mixin.py", line 129, in _set_context
    set_context(self.log, context)
  File "/home/airflow/.local/lib/python3.12/site-packages/airflow/utils/log/logging_mixin.py", line 276, in set_context
    flag = cast(FileTaskHandler, handler).set_context(value)
           ^^^^^^^^^^^^^^^^^^^^^^^^^^^^^^^^^^^^^^^^^^^^^^^^^
  File "/home/airflow/.local/lib/python3.12/site-packages/airflow/utils/log/file_task_handler.py", line 242, in set_context
    local_loc = self._init_file(ti, identifier=identifier)
                ^^^^^^^^^^^^^^^^^^^^^^^^^^^^^^^^^^^^^^^^^^
  File "/home/airflow/.local/lib/python3.12/site-packages/airflow/utils/log/file_task_handler.py", line 563, in _init_file
    local_relative_path = self._render_filename(ti, ti.try_number)
                          ^^^^^^^^^^^^^^^^^^^^^^^^^^^^^^^^^^^^^^^^
  File "/home/airflow/.local/lib/python3.12/site-packages/airflow/utils/log/file_task_handler.py", line 309, in _render_filename
    dag_run, ti, str_tpl, filename = self._render_filename_db_access(ti=ti, try_number=try_number)
                                     ^^^^^^^^^^^^^^^^^^^^^^^^^^^^^^^^^^^^^^^^^^^^^^^^^^^^^^^^^^^^^
  File "/home/airflow/.local/lib/python3.12/site-packages/airflow/api_internal/internal_api_call.py", line 166, in wrapper
    return func(*args, **kwargs)
           ^^^^^^^^^^^^^^^^^^^^^
  File "/home/airflow/.local/lib/python3.12/site-packages/airflow/utils/session.py", line 97, in wrapper
    return func(*args, session=session, **kwargs)
           ^^^^^^^^^^^^^^^^^^^^^^^^^^^^^^^^^^^^^^
  File "/home/airflow/.local/lib/python3.12/site-packages/airflow/utils/log/file_task_handler.py", line 300, in _render_filename_db_access
    context = ti.get_template_context(session=session)
              ^^^^^^^^^^^^^^^^^^^^^^^^^^^^^^^^^^^^^^^^
  File "/home/airflow/.local/lib/python3.12/site-packages/airflow/models/taskinstance.py", line 3485, in get_template_context
    return _get_template_context(
           ^^^^^^^^^^^^^^^^^^^^^^
  File "/home/airflow/.local/lib/python3.12/site-packages/airflow/api_internal/internal_api_call.py", line 166, in wrapper
    return func(*args, **kwargs)
           ^^^^^^^^^^^^^^^^^^^^^
  File "/home/airflow/.local/lib/python3.12/site-packages/airflow/models/taskinstance.py", line 1147, in _get_template_context
    "prev_data_interval_start_success": get_prev_data_interval_start_success(),
                                        ^^^^^^^^^^^^^^^^^^^^^^^^^^^^^^^^^^^^^^
  File "/home/airflow/.local/lib/python3.12/site-packages/airflow/models/taskinstance.py", line 1010, in get_prev_data_interval_start_success
    data_interval = _get_previous_dagrun_data_interval_success()
                    ^^^^^^^^^^^^^^^^^^^^^^^^^^^^^^^^^^^^^^^^^^^^
  File "/home/airflow/.local/lib/python3.12/site-packages/airflow/models/taskinstance.py", line 1004, in _get_previous_dagrun_data_interval_success
    dagrun = _get_previous_dagrun_success()
             ^^^^^^^^^^^^^^^^^^^^^^^^^^^^^^
  File "/home/airflow/.local/lib/python3.12/site-packages/airflow/models/taskinstance.py", line 1001, in _get_previous_dagrun_success
    return task_instance.get_previous_dagrun(state=DagRunState.SUCCESS, session=session)
           ^^^^^^^^^^^^^^^^^^^^^^^^^^^^^^^^^^^^^^^^^^^^^^^^^^^^^^^^^^^^^^^^^^^^^^^^^^^^^
  File "/home/airflow/.local/lib/python3.12/site-packages/airflow/utils/session.py", line 94, in wrapper
    return func(*args, **kwargs)
           ^^^^^^^^^^^^^^^^^^^^^
  File "/home/airflow/.local/lib/python3.12/site-packages/airflow/models/taskinstance.py", line 2509, in get_previous_dagrun
    return _get_previous_dagrun(task_instance=self, state=state, session=session)
           ^^^^^^^^^^^^^^^^^^^^^^^^^^^^^^^^^^^^^^^^^^^^^^^^^^^^^^^^^^^^^^^^^^^^^^
  File "/home/airflow/.local/lib/python3.12/site-packages/airflow/models/taskinstance.py", line 1396, in _get_previous_dagrun
    last_dagrun = DagRun.get_previous_dagrun(dag_run=dr, session=session, state=state)
                  ^^^^^^^^^^^^^^^^^^^^^^^^^^^^^^^^^^^^^^^^^^^^^^^^^^^^^^^^^^^^^^^^^^^^
  File "/home/airflow/.local/lib/python3.12/site-packages/airflow/api_internal/internal_api_call.py", line 166, in wrapper
    return func(*args, **kwargs)
           ^^^^^^^^^^^^^^^^^^^^^
  File "/home/airflow/.local/lib/python3.12/site-packages/airflow/utils/session.py", line 94, in wrapper
    return func(*args, **kwargs)
           ^^^^^^^^^^^^^^^^^^^^^
  File "/home/airflow/.local/lib/python3.12/site-packages/airflow/models/dagrun.py", line 707, in get_previous_dagrun
    return session.scalar(select(DagRun).where(*filters).order_by(DagRun.execution_date.desc()).limit(1))
           ^^^^^^^^^^^^^^^^^^^^^^^^^^^^^^^^^^^^^^^^^^^^^^^^^^^^^^^^^^^^^^^^^^^^^^^^^^^^^^^^^^^^^^^^^^^^^^
  File "/home/airflow/.local/lib/python3.12/site-packages/sqlalchemy/orm/session.py", line 1747, in scalar
    return self.execute(
           ^^^^^^^^^^^^^
  File "/home/airflow/.local/lib/python3.12/site-packages/sqlalchemy/orm/session.py", line 1716, in execute
    conn = self._connection_for_bind(bind)
           ^^^^^^^^^^^^^^^^^^^^^^^^^^^^^^^
  File "/home/airflow/.local/lib/python3.12/site-packages/sqlalchemy/orm/session.py", line 1555, in _connection_for_bind
    return self._transaction._connection_for_bind(
           ^^^^^^^^^^^^^^^^^^^^^^^^^^^^^^^^^^^^^^^
  File "/home/airflow/.local/lib/python3.12/site-packages/sqlalchemy/orm/session.py", line 750, in _connection_for_bind
    conn = bind.connect()
           ^^^^^^^^^^^^^^
  File "/home/airflow/.local/lib/python3.12/site-packages/sqlalchemy/future/engine.py", line 412, in connect
    return super(Engine, self).connect()
           ^^^^^^^^^^^^^^^^^^^^^^^^^^^^^
  File "/home/airflow/.local/lib/python3.12/site-packages/sqlalchemy/engine/base.py", line 3325, in connect
    return self._connection_cls(self, close_with_result=close_with_result)
           ^^^^^^^^^^^^^^^^^^^^^^^^^^^^^^^^^^^^^^^^^^^^^^^^^^^^^^^^^^^^^^^
  File "/home/airflow/.local/lib/python3.12/site-packages/sqlalchemy/engine/base.py", line 96, in __init__
    else engine.raw_connection()
         ^^^^^^^^^^^^^^^^^^^^^^^
  File "/home/airflow/.local/lib/python3.12/site-packages/sqlalchemy/engine/base.py", line 3404, in raw_connection
    return self._wrap_pool_connect(self.pool.connect, _connection)
           ^^^^^^^^^^^^^^^^^^^^^^^^^^^^^^^^^^^^^^^^^^^^^^^^^^^^^^^
  File "/home/airflow/.local/lib/python3.12/site-packages/sqlalchemy/engine/base.py", line 3374, in _wrap_pool_connect
    Connection._handle_dbapi_exception_noconnection(
  File "/home/airflow/.local/lib/python3.12/site-packages/sqlalchemy/engine/base.py", line 2208, in _handle_dbapi_exception_noconnection
    util.raise_(
  File "/home/airflow/.local/lib/python3.12/site-packages/sqlalchemy/util/compat.py", line 211, in raise_
    raise exception
  File "/home/airflow/.local/lib/python3.12/site-packages/sqlalchemy/engine/base.py", line 3371, in _wrap_pool_connect
    return fn()
           ^^^^
  File "/home/airflow/.local/lib/python3.12/site-packages/sqlalchemy/pool/base.py", line 327, in connect
    return _ConnectionFairy._checkout(self)
           ^^^^^^^^^^^^^^^^^^^^^^^^^^^^^^^^
  File "/home/airflow/.local/lib/python3.12/site-packages/sqlalchemy/pool/base.py", line 894, in _checkout
    fairy = _ConnectionRecord.checkout(pool)
            ^^^^^^^^^^^^^^^^^^^^^^^^^^^^^^^^
  File "/home/airflow/.local/lib/python3.12/site-packages/sqlalchemy/pool/base.py", line 493, in checkout
    rec = pool._do_get()
          ^^^^^^^^^^^^^^
  File "/home/airflow/.local/lib/python3.12/site-packages/sqlalchemy/pool/impl.py", line 256, in _do_get
    return self._create_connection()
           ^^^^^^^^^^^^^^^^^^^^^^^^^
  File "/home/airflow/.local/lib/python3.12/site-packages/sqlalchemy/pool/base.py", line 273, in _create_connection
    return _ConnectionRecord(self)
           ^^^^^^^^^^^^^^^^^^^^^^^
  File "/home/airflow/.local/lib/python3.12/site-packages/sqlalchemy/pool/base.py", line 388, in __init__
    self.__connect()
  File "/home/airflow/.local/lib/python3.12/site-packages/sqlalchemy/pool/base.py", line 690, in __connect
    with util.safe_reraise():
         ^^^^^^^^^^^^^^^^^^^
  File "/home/airflow/.local/lib/python3.12/site-packages/sqlalchemy/util/langhelpers.py", line 70, in __exit__
    compat.raise_(
  File "/home/airflow/.local/lib/python3.12/site-packages/sqlalchemy/util/compat.py", line 211, in raise_
    raise exception
  File "/home/airflow/.local/lib/python3.12/site-packages/sqlalchemy/pool/base.py", line 686, in __connect
    self.dbapi_connection = connection = pool._invoke_creator(self)
                                         ^^^^^^^^^^^^^^^^^^^^^^^^^^
  File "/home/airflow/.local/lib/python3.12/site-packages/sqlalchemy/engine/create.py", line 574, in connect
    return dialect.connect(*cargs, **cparams)
           ^^^^^^^^^^^^^^^^^^^^^^^^^^^^^^^^^^
  File "/home/airflow/.local/lib/python3.12/site-packages/sqlalchemy/engine/default.py", line 598, in connect
    return self.dbapi.connect(*cargs, **cparams)
           ^^^^^^^^^^^^^^^^^^^^^^^^^^^^^^^^^^^^^
  File "/home/airflow/.local/lib/python3.12/site-packages/psycopg2/__init__.py", line 122, in connect
    conn = _connect(dsn, connection_factory=connection_factory, **kwasync)
           ^^^^^^^^^^^^^^^^^^^^^^^^^^^^^^^^^^^^^^^^^^^^^^^^^^^^^^^^^^^^^^^
sqlalchemy.exc.OperationalError: (psycopg2.OperationalError) could not translate host name "postgres" to address: Temporary failure in name resolution

(Background on this error at: https://sqlalche.me/e/14/e3q8)
[2026-03-15T09:52:29.719+0000] {job.py:229} INFO - Heartbeat recovered after 74.39 seconds
[2026-03-15T09:52:30.408+0000] {local_task_job_runner.py:266} INFO - Task exited with return code 1
[2026-03-15T09:52:30.769+0000] {taskinstance.py:3924} INFO - 0 downstream tasks scheduled from follow-on schedule check
[2026-03-15T09:52:30.846+0000] {local_task_job_runner.py:245} INFO - ::endgroup::
[2026-03-15T11:39:03.687+0000] {local_task_job_runner.py:123} INFO - ::group::Pre task execution logs
[2026-03-15T11:39:03.886+0000] {taskinstance.py:2631} INFO - Dependencies all met for dep_context=non-requeueable deps ti=<TaskInstance: dag_get_data_from_yf.olhc_branching.get_csv_high scheduled__2026-03-11T00:00:00+00:00 [queued]>
[2026-03-15T11:39:03.938+0000] {taskinstance.py:2631} INFO - Dependencies all met for dep_context=requeueable deps ti=<TaskInstance: dag_get_data_from_yf.olhc_branching.get_csv_high scheduled__2026-03-11T00:00:00+00:00 [queued]>
[2026-03-15T11:39:03.940+0000] {taskinstance.py:2884} INFO - Starting attempt 1 of 1
[2026-03-15T11:39:04.033+0000] {taskinstance.py:2907} INFO - Executing <Task(_PythonDecoratedOperator): olhc_branching.get_csv_high> on 2026-03-11 00:00:00+00:00
[2026-03-15T11:39:04.076+0000] {warnings.py:112} WARNING - /home/***/.local/lib/python3.12/site-packages/***/task/task_runner/standard_task_runner.py:70: DeprecationWarning: This process (pid=823) is multi-threaded, use of fork() may lead to deadlocks in the child.
  pid = os.fork()

[2026-03-15T11:39:04.079+0000] {standard_task_runner.py:72} INFO - Started process 967 to run task
[2026-03-15T11:39:04.098+0000] {standard_task_runner.py:104} INFO - Running: ['***', 'tasks', 'run', 'dag_get_data_from_yf', 'olhc_branching.get_csv_high', 'scheduled__2026-03-11T00:00:00+00:00', '--job-id', '54', '--raw', '--subdir', 'DAGS_FOLDER/get_finance_yf_csv.py', '--cfg-path', '/tmp/tmpe1k9026f']
[2026-03-15T11:39:04.100+0000] {standard_task_runner.py:105} INFO - Job 54: Subtask olhc_branching.get_csv_high
[2026-03-15T11:39:04.410+0000] {task_command.py:467} INFO - Running <TaskInstance: dag_get_data_from_yf.olhc_branching.get_csv_high scheduled__2026-03-11T00:00:00+00:00 [running]> on host 0682dd67c20c
[2026-03-15T11:39:06.162+0000] {taskinstance.py:3157} INFO - Exporting env vars: AIRFLOW_CTX_DAG_OWNER='***' AIRFLOW_CTX_DAG_ID='dag_get_data_from_yf' AIRFLOW_CTX_TASK_ID='olhc_branching.get_csv_high' AIRFLOW_CTX_EXECUTION_DATE='2026-03-11T00:00:00+00:00' AIRFLOW_CTX_TRY_NUMBER='1' AIRFLOW_CTX_DAG_RUN_ID='scheduled__2026-03-11T00:00:00+00:00'
[2026-03-15T11:39:06.166+0000] {logging_mixin.py:190} INFO - Task instance is in running state
[2026-03-15T11:39:06.167+0000] {logging_mixin.py:190} INFO -  Previous state of the Task instance: queued
[2026-03-15T11:39:06.167+0000] {logging_mixin.py:190} INFO - Current task name:olhc_branching.get_csv_high state:running start_date:2026-03-15 11:39:03.886910+00:00
[2026-03-15T11:39:06.168+0000] {logging_mixin.py:190} INFO - Dag name:dag_get_data_from_yf and current dag run status:running
[2026-03-15T11:39:06.168+0000] {taskinstance.py:740} INFO - ::endgroup::
[2026-03-15T11:39:06.222+0000] {logging_mixin.py:190} INFO - None
[2026-03-15T11:39:06.222+0000] {python.py:240} INFO - Done. Returned value was: /opt/***/scripts/saham_indonesia_high.csv
[2026-03-15T11:39:06.391+0000] {taskinstance.py:349} INFO - ::group::Post task execution logs
[2026-03-15T11:39:06.393+0000] {taskinstance.py:361} INFO - Marking task as SUCCESS. dag_id=dag_get_data_from_yf, task_id=olhc_branching.get_csv_high, run_id=scheduled__2026-03-11T00:00:00+00:00, execution_date=20260311T000000, start_date=20260315T113903, end_date=20260315T113906
[2026-03-15T11:39:06.560+0000] {logging_mixin.py:190} INFO - Task instance in success state
[2026-03-15T11:39:06.561+0000] {logging_mixin.py:190} INFO -  Previous state of the Task instance: running
[2026-03-15T11:39:06.561+0000] {logging_mixin.py:190} INFO - Dag name:dag_get_data_from_yf queued_at:2026-03-15 11:31:38.396808+00:00
[2026-03-15T11:39:06.562+0000] {logging_mixin.py:190} INFO - Task hostname:0682dd67c20c operator:_PythonDecoratedOperator
[2026-03-15T11:39:06.629+0000] {local_task_job_runner.py:266} INFO - Task exited with return code 0
[2026-03-15T11:39:06.719+0000] {local_task_job_runner.py:245} INFO - ::endgroup::
[2026-03-15T12:13:01.279+0000] {local_task_job_runner.py:123} INFO - ::group::Pre task execution logs
[2026-03-15T12:13:01.516+0000] {taskinstance.py:2631} INFO - Dependencies all met for dep_context=non-requeueable deps ti=<TaskInstance: dag_get_data_from_yf.olhc_branching.get_csv_high scheduled__2026-03-11T00:00:00+00:00 [queued]>
[2026-03-15T12:13:01.550+0000] {taskinstance.py:2631} INFO - Dependencies all met for dep_context=requeueable deps ti=<TaskInstance: dag_get_data_from_yf.olhc_branching.get_csv_high scheduled__2026-03-11T00:00:00+00:00 [queued]>
[2026-03-15T12:13:01.552+0000] {taskinstance.py:2884} INFO - Starting attempt 1 of 1
[2026-03-15T12:13:01.624+0000] {taskinstance.py:2907} INFO - Executing <Task(_PythonDecoratedOperator): olhc_branching.get_csv_high> on 2026-03-11 00:00:00+00:00
[2026-03-15T12:13:01.668+0000] {warnings.py:112} WARNING - /home/***/.local/lib/python3.12/site-packages/***/task/task_runner/standard_task_runner.py:70: DeprecationWarning: This process (pid=2772) is multi-threaded, use of fork() may lead to deadlocks in the child.
  pid = os.fork()

[2026-03-15T12:13:01.678+0000] {standard_task_runner.py:104} INFO - Running: ['***', 'tasks', 'run', 'dag_get_data_from_yf', 'olhc_branching.get_csv_high', 'scheduled__2026-03-11T00:00:00+00:00', '--job-id', '224', '--raw', '--subdir', 'DAGS_FOLDER/get_finance_yf_csv.py', '--cfg-path', '/tmp/tmp5y6bbxhx']
[2026-03-15T12:13:01.683+0000] {standard_task_runner.py:105} INFO - Job 224: Subtask olhc_branching.get_csv_high
[2026-03-15T12:13:01.683+0000] {standard_task_runner.py:72} INFO - Started process 2947 to run task
[2026-03-15T12:13:02.012+0000] {task_command.py:467} INFO - Running <TaskInstance: dag_get_data_from_yf.olhc_branching.get_csv_high scheduled__2026-03-11T00:00:00+00:00 [running]> on host 0682dd67c20c
[2026-03-15T12:13:04.223+0000] {taskinstance.py:3157} INFO - Exporting env vars: AIRFLOW_CTX_DAG_OWNER='***' AIRFLOW_CTX_DAG_ID='dag_get_data_from_yf' AIRFLOW_CTX_TASK_ID='olhc_branching.get_csv_high' AIRFLOW_CTX_EXECUTION_DATE='2026-03-11T00:00:00+00:00' AIRFLOW_CTX_TRY_NUMBER='1' AIRFLOW_CTX_DAG_RUN_ID='scheduled__2026-03-11T00:00:00+00:00'
[2026-03-15T12:13:04.238+0000] {logging_mixin.py:190} INFO - Task instance is in running state
[2026-03-15T12:13:04.244+0000] {logging_mixin.py:190} INFO -  Previous state of the Task instance: queued
[2026-03-15T12:13:04.256+0000] {logging_mixin.py:190} INFO - Current task name:olhc_branching.get_csv_high state:running start_date:2026-03-15 12:13:01.519587+00:00
[2026-03-15T12:13:04.260+0000] {logging_mixin.py:190} INFO - Dag name:dag_get_data_from_yf and current dag run status:running
[2026-03-15T12:13:04.261+0000] {taskinstance.py:740} INFO - ::endgroup::
[2026-03-15T12:13:04.575+0000] {logging_mixin.py:190} INFO - None
[2026-03-15T12:13:04.591+0000] {python.py:240} INFO - Done. Returned value was: /opt/***/scripts/saham_indonesia_high.csv
[2026-03-15T12:13:14.201+0000] {job.py:229} INFO - Heartbeat recovered after 13.16 seconds
[2026-03-15T12:13:14.659+0000] {taskinstance.py:349} INFO - ::group::Post task execution logs
[2026-03-15T12:13:14.660+0000] {taskinstance.py:361} INFO - Marking task as SUCCESS. dag_id=dag_get_data_from_yf, task_id=olhc_branching.get_csv_high, run_id=scheduled__2026-03-11T00:00:00+00:00, execution_date=20260311T000000, start_date=20260315T121301, end_date=20260315T121314
[2026-03-15T12:13:14.908+0000] {logging_mixin.py:190} INFO - Task instance in success state
[2026-03-15T12:13:14.908+0000] {logging_mixin.py:190} INFO -  Previous state of the Task instance: running
[2026-03-15T12:13:14.909+0000] {logging_mixin.py:190} INFO - Dag name:dag_get_data_from_yf queued_at:2026-03-15 12:05:19.880112+00:00
[2026-03-15T12:13:14.910+0000] {logging_mixin.py:190} INFO - Task hostname:0682dd67c20c operator:_PythonDecoratedOperator
[2026-03-15T12:13:14.989+0000] {local_task_job_runner.py:266} INFO - Task exited with return code 0
[2026-03-15T12:13:15.067+0000] {local_task_job_runner.py:245} INFO - ::endgroup::
[2026-03-15T14:57:35.300+0000] {local_task_job_runner.py:123} INFO - ::group::Pre task execution logs
[2026-03-15T14:57:35.511+0000] {taskinstance.py:2631} INFO - Dependencies all met for dep_context=non-requeueable deps ti=<TaskInstance: dag_get_data_from_yf.olhc_branching.get_csv_high scheduled__2026-03-11T00:00:00+00:00 [queued]>
[2026-03-15T14:57:35.564+0000] {taskinstance.py:2631} INFO - Dependencies all met for dep_context=requeueable deps ti=<TaskInstance: dag_get_data_from_yf.olhc_branching.get_csv_high scheduled__2026-03-11T00:00:00+00:00 [queued]>
[2026-03-15T14:57:35.565+0000] {taskinstance.py:2884} INFO - Starting attempt 1 of 1
[2026-03-15T14:57:35.664+0000] {taskinstance.py:2907} INFO - Executing <Task(_PythonDecoratedOperator): olhc_branching.get_csv_high> on 2026-03-11 00:00:00+00:00
[2026-03-15T14:57:35.699+0000] {warnings.py:112} WARNING - /home/***/.local/lib/python3.12/site-packages/***/task/task_runner/standard_task_runner.py:70: DeprecationWarning: This process (pid=4066) is multi-threaded, use of fork() may lead to deadlocks in the child.
  pid = os.fork()

[2026-03-15T14:57:35.704+0000] {standard_task_runner.py:72} INFO - Started process 4228 to run task
[2026-03-15T14:57:35.760+0000] {standard_task_runner.py:104} INFO - Running: ['***', 'tasks', 'run', 'dag_get_data_from_yf', 'olhc_branching.get_csv_high', 'scheduled__2026-03-11T00:00:00+00:00', '--job-id', '336', '--raw', '--subdir', 'DAGS_FOLDER/get_finance_yf_csv.py', '--cfg-path', '/tmp/tmp8z254rut']
[2026-03-15T14:57:35.777+0000] {standard_task_runner.py:105} INFO - Job 336: Subtask olhc_branching.get_csv_high
[2026-03-15T14:57:36.584+0000] {task_command.py:467} INFO - Running <TaskInstance: dag_get_data_from_yf.olhc_branching.get_csv_high scheduled__2026-03-11T00:00:00+00:00 [running]> on host 0682dd67c20c
[2026-03-15T14:57:37.419+0000] {taskinstance.py:3157} INFO - Exporting env vars: AIRFLOW_CTX_DAG_OWNER='***' AIRFLOW_CTX_DAG_ID='dag_get_data_from_yf' AIRFLOW_CTX_TASK_ID='olhc_branching.get_csv_high' AIRFLOW_CTX_EXECUTION_DATE='2026-03-11T00:00:00+00:00' AIRFLOW_CTX_TRY_NUMBER='1' AIRFLOW_CTX_DAG_RUN_ID='scheduled__2026-03-11T00:00:00+00:00'
[2026-03-15T14:57:37.429+0000] {logging_mixin.py:190} INFO - Task instance is in running state
[2026-03-15T14:57:37.430+0000] {logging_mixin.py:190} INFO -  Previous state of the Task instance: queued
[2026-03-15T14:57:37.430+0000] {logging_mixin.py:190} INFO - Current task name:olhc_branching.get_csv_high state:running start_date:2026-03-15 14:57:35.512866+00:00
[2026-03-15T14:57:37.431+0000] {logging_mixin.py:190} INFO - Dag name:dag_get_data_from_yf and current dag run status:running
[2026-03-15T14:57:37.443+0000] {taskinstance.py:740} INFO - ::endgroup::
[2026-03-15T14:57:37.471+0000] {logging_mixin.py:190} INFO - None
[2026-03-15T14:57:37.476+0000] {python.py:240} INFO - Done. Returned value was: /opt/***/scripts/saham_indonesia_high.csv
[2026-03-15T14:57:37.731+0000] {taskinstance.py:349} INFO - ::group::Post task execution logs
[2026-03-15T14:57:37.732+0000] {taskinstance.py:361} INFO - Marking task as SUCCESS. dag_id=dag_get_data_from_yf, task_id=olhc_branching.get_csv_high, run_id=scheduled__2026-03-11T00:00:00+00:00, execution_date=20260311T000000, start_date=20260315T145735, end_date=20260315T145737
[2026-03-15T14:57:37.885+0000] {logging_mixin.py:190} INFO - Task instance in success state
[2026-03-15T14:57:37.885+0000] {logging_mixin.py:190} INFO -  Previous state of the Task instance: running
[2026-03-15T14:57:37.886+0000] {logging_mixin.py:190} INFO - Dag name:dag_get_data_from_yf queued_at:2026-03-15 14:52:02.179155+00:00
[2026-03-15T14:57:37.886+0000] {logging_mixin.py:190} INFO - Task hostname:0682dd67c20c operator:_PythonDecoratedOperator
[2026-03-15T14:57:38.060+0000] {local_task_job_runner.py:266} INFO - Task exited with return code 0
[2026-03-15T14:57:38.138+0000] {local_task_job_runner.py:245} INFO - ::endgroup::
[2026-03-15T15:23:38.815+0000] {local_task_job_runner.py:123} INFO - ::group::Pre task execution logs
[2026-03-15T15:23:39.026+0000] {taskinstance.py:2631} INFO - Dependencies all met for dep_context=non-requeueable deps ti=<TaskInstance: dag_get_data_from_yf.olhc_branching.get_csv_high scheduled__2026-03-11T00:00:00+00:00 [queued]>
[2026-03-15T15:23:39.139+0000] {taskinstance.py:2631} INFO - Dependencies all met for dep_context=requeueable deps ti=<TaskInstance: dag_get_data_from_yf.olhc_branching.get_csv_high scheduled__2026-03-11T00:00:00+00:00 [queued]>
[2026-03-15T15:23:39.141+0000] {taskinstance.py:2884} INFO - Starting attempt 1 of 1
[2026-03-15T15:23:39.692+0000] {taskinstance.py:2907} INFO - Executing <Task(_PythonDecoratedOperator): olhc_branching.get_csv_high> on 2026-03-11 00:00:00+00:00
[2026-03-15T15:23:39.780+0000] {warnings.py:112} WARNING - /home/***/.local/lib/python3.12/site-packages/***/task/task_runner/standard_task_runner.py:70: DeprecationWarning: This process (pid=791) is multi-threaded, use of fork() may lead to deadlocks in the child.
  pid = os.fork()

[2026-03-15T15:23:39.806+0000] {standard_task_runner.py:72} INFO - Started process 977 to run task
[2026-03-15T15:23:39.806+0000] {standard_task_runner.py:104} INFO - Running: ['***', 'tasks', 'run', 'dag_get_data_from_yf', 'olhc_branching.get_csv_high', 'scheduled__2026-03-11T00:00:00+00:00', '--job-id', '472', '--raw', '--subdir', 'DAGS_FOLDER/get_finance_yf_csv.py', '--cfg-path', '/tmp/tmp72qz73zf']
[2026-03-15T15:23:39.829+0000] {standard_task_runner.py:105} INFO - Job 472: Subtask olhc_branching.get_csv_high
[2026-03-15T15:23:40.289+0000] {task_command.py:467} INFO - Running <TaskInstance: dag_get_data_from_yf.olhc_branching.get_csv_high scheduled__2026-03-11T00:00:00+00:00 [running]> on host c2f7721b6bb3
[2026-03-15T15:23:41.818+0000] {taskinstance.py:3157} INFO - Exporting env vars: AIRFLOW_CTX_DAG_OWNER='***' AIRFLOW_CTX_DAG_ID='dag_get_data_from_yf' AIRFLOW_CTX_TASK_ID='olhc_branching.get_csv_high' AIRFLOW_CTX_EXECUTION_DATE='2026-03-11T00:00:00+00:00' AIRFLOW_CTX_TRY_NUMBER='1' AIRFLOW_CTX_DAG_RUN_ID='scheduled__2026-03-11T00:00:00+00:00'
[2026-03-15T15:23:41.839+0000] {logging_mixin.py:190} INFO - Task instance is in running state
[2026-03-15T15:23:41.841+0000] {logging_mixin.py:190} INFO -  Previous state of the Task instance: queued
[2026-03-15T15:23:41.842+0000] {logging_mixin.py:190} INFO - Current task name:olhc_branching.get_csv_high state:running start_date:2026-03-15 15:23:39.053201+00:00
[2026-03-15T15:23:41.842+0000] {logging_mixin.py:190} INFO - Dag name:dag_get_data_from_yf and current dag run status:running
[2026-03-15T15:23:41.843+0000] {taskinstance.py:740} INFO - ::endgroup::
[2026-03-15T15:23:41.890+0000] {logging_mixin.py:190} INFO - None
[2026-03-15T15:23:41.893+0000] {python.py:240} INFO - Done. Returned value was: /opt/***/scripts/saham_indonesia_high.csv
[2026-03-15T15:23:42.109+0000] {taskinstance.py:349} INFO - ::group::Post task execution logs
[2026-03-15T15:23:42.111+0000] {taskinstance.py:361} INFO - Marking task as SUCCESS. dag_id=dag_get_data_from_yf, task_id=olhc_branching.get_csv_high, run_id=scheduled__2026-03-11T00:00:00+00:00, execution_date=20260311T000000, start_date=20260315T152339, end_date=20260315T152342
[2026-03-15T15:23:42.280+0000] {logging_mixin.py:190} INFO - Task instance in success state
[2026-03-15T15:23:42.281+0000] {logging_mixin.py:190} INFO -  Previous state of the Task instance: running
[2026-03-15T15:23:42.287+0000] {logging_mixin.py:190} INFO - Dag name:dag_get_data_from_yf queued_at:2026-03-15 15:18:41.226416+00:00
[2026-03-15T15:23:42.297+0000] {logging_mixin.py:190} INFO - Task hostname:c2f7721b6bb3 operator:_PythonDecoratedOperator
[2026-03-15T15:23:42.424+0000] {local_task_job_runner.py:266} INFO - Task exited with return code 0
[2026-03-15T15:23:42.550+0000] {taskinstance.py:3924} INFO - 1 downstream tasks scheduled from follow-on schedule check
[2026-03-15T15:23:42.561+0000] {local_task_job_runner.py:245} INFO - ::endgroup::
[2026-03-15T16:20:57.649+0000] {local_task_job_runner.py:123} INFO - ::group::Pre task execution logs
[2026-03-15T16:20:57.995+0000] {taskinstance.py:2631} INFO - Dependencies all met for dep_context=non-requeueable deps ti=<TaskInstance: dag_get_data_from_yf.olhc_branching.get_csv_high scheduled__2026-03-11T00:00:00+00:00 [queued]>
[2026-03-15T16:20:58.047+0000] {taskinstance.py:2631} INFO - Dependencies all met for dep_context=requeueable deps ti=<TaskInstance: dag_get_data_from_yf.olhc_branching.get_csv_high scheduled__2026-03-11T00:00:00+00:00 [queued]>
[2026-03-15T16:20:58.048+0000] {taskinstance.py:2884} INFO - Starting attempt 1 of 1
[2026-03-15T16:20:58.212+0000] {taskinstance.py:2907} INFO - Executing <Task(_PythonDecoratedOperator): olhc_branching.get_csv_high> on 2026-03-11 00:00:00+00:00
[2026-03-15T16:20:58.314+0000] {warnings.py:112} WARNING - /home/***/.local/lib/python3.12/site-packages/***/task/task_runner/standard_task_runner.py:70: DeprecationWarning: This process (pid=2579) is multi-threaded, use of fork() may lead to deadlocks in the child.
  pid = os.fork()

[2026-03-15T16:20:58.317+0000] {standard_task_runner.py:72} INFO - Started process 2786 to run task
[2026-03-15T16:20:58.333+0000] {standard_task_runner.py:104} INFO - Running: ['***', 'tasks', 'run', 'dag_get_data_from_yf', 'olhc_branching.get_csv_high', 'scheduled__2026-03-11T00:00:00+00:00', '--job-id', '596', '--raw', '--subdir', 'DAGS_FOLDER/get_finance_yf_csv.py', '--cfg-path', '/tmp/tmpdbaavn9l']
[2026-03-15T16:20:58.335+0000] {standard_task_runner.py:105} INFO - Job 596: Subtask olhc_branching.get_csv_high
[2026-03-15T16:20:58.828+0000] {task_command.py:467} INFO - Running <TaskInstance: dag_get_data_from_yf.olhc_branching.get_csv_high scheduled__2026-03-11T00:00:00+00:00 [running]> on host c2f7721b6bb3
[2026-03-15T16:21:00.523+0000] {taskinstance.py:3157} INFO - Exporting env vars: AIRFLOW_CTX_DAG_OWNER='***' AIRFLOW_CTX_DAG_ID='dag_get_data_from_yf' AIRFLOW_CTX_TASK_ID='olhc_branching.get_csv_high' AIRFLOW_CTX_EXECUTION_DATE='2026-03-11T00:00:00+00:00' AIRFLOW_CTX_TRY_NUMBER='1' AIRFLOW_CTX_DAG_RUN_ID='scheduled__2026-03-11T00:00:00+00:00'
[2026-03-15T16:21:00.531+0000] {logging_mixin.py:190} INFO - Task instance is in running state
[2026-03-15T16:21:00.568+0000] {logging_mixin.py:190} INFO -  Previous state of the Task instance: queued
[2026-03-15T16:21:00.570+0000] {logging_mixin.py:190} INFO - Current task name:olhc_branching.get_csv_high state:running start_date:2026-03-15 16:20:57.996811+00:00
[2026-03-15T16:21:00.571+0000] {logging_mixin.py:190} INFO - Dag name:dag_get_data_from_yf and current dag run status:running
[2026-03-15T16:21:00.571+0000] {taskinstance.py:740} INFO - ::endgroup::
[2026-03-15T16:21:00.696+0000] {logging_mixin.py:190} INFO - None
[2026-03-15T16:21:00.697+0000] {python.py:240} INFO - Done. Returned value was: /opt/***/scripts/saham_indonesia_high.csv
[2026-03-15T16:21:00.972+0000] {taskinstance.py:349} INFO - ::group::Post task execution logs
[2026-03-15T16:21:00.973+0000] {taskinstance.py:361} INFO - Marking task as SUCCESS. dag_id=dag_get_data_from_yf, task_id=olhc_branching.get_csv_high, run_id=scheduled__2026-03-11T00:00:00+00:00, execution_date=20260311T000000, start_date=20260315T162057, end_date=20260315T162100
[2026-03-15T16:21:01.697+0000] {logging_mixin.py:190} INFO - Task instance in success state
[2026-03-15T16:21:01.699+0000] {logging_mixin.py:190} INFO -  Previous state of the Task instance: running
[2026-03-15T16:21:01.701+0000] {logging_mixin.py:190} INFO - Dag name:dag_get_data_from_yf queued_at:2026-03-15 16:14:42.454580+00:00
[2026-03-15T16:21:01.702+0000] {logging_mixin.py:190} INFO - Task hostname:c2f7721b6bb3 operator:_PythonDecoratedOperator
[2026-03-15T16:21:01.822+0000] {local_task_job_runner.py:266} INFO - Task exited with return code 0
[2026-03-15T16:21:02.630+0000] {taskinstance.py:3924} INFO - 1 downstream tasks scheduled from follow-on schedule check
[2026-03-15T16:21:02.640+0000] {local_task_job_runner.py:245} INFO - ::endgroup::
[2026-03-16T04:34:05.922+0000] {local_task_job_runner.py:123} INFO - ::group::Pre task execution logs
[2026-03-16T04:34:06.343+0000] {taskinstance.py:2631} INFO - Dependencies all met for dep_context=non-requeueable deps ti=<TaskInstance: dag_get_data_from_yf.olhc_branching.get_csv_high scheduled__2026-03-11T00:00:00+00:00 [queued]>
[2026-03-16T04:34:06.492+0000] {taskinstance.py:2631} INFO - Dependencies all met for dep_context=requeueable deps ti=<TaskInstance: dag_get_data_from_yf.olhc_branching.get_csv_high scheduled__2026-03-11T00:00:00+00:00 [queued]>
[2026-03-16T04:34:06.493+0000] {taskinstance.py:2884} INFO - Starting attempt 1 of 1
[2026-03-16T04:34:07.081+0000] {taskinstance.py:2907} INFO - Executing <Task(_PythonDecoratedOperator): olhc_branching.get_csv_high> on 2026-03-11 00:00:00+00:00
[2026-03-16T04:34:07.157+0000] {warnings.py:112} WARNING - /home/***/.local/lib/python3.12/site-packages/***/task/task_runner/standard_task_runner.py:70: DeprecationWarning: This process (pid=969) is multi-threaded, use of fork() may lead to deadlocks in the child.
  pid = os.fork()

[2026-03-16T04:34:07.177+0000] {standard_task_runner.py:104} INFO - Running: ['***', 'tasks', 'run', 'dag_get_data_from_yf', 'olhc_branching.get_csv_high', 'scheduled__2026-03-11T00:00:00+00:00', '--job-id', '733', '--raw', '--subdir', 'DAGS_FOLDER/get_finance_yf_csv.py', '--cfg-path', '/tmp/tmp8sqkw_9j']
[2026-03-16T04:34:07.179+0000] {standard_task_runner.py:105} INFO - Job 733: Subtask olhc_branching.get_csv_high
[2026-03-16T04:34:07.250+0000] {standard_task_runner.py:72} INFO - Started process 1159 to run task
[2026-03-16T04:34:07.546+0000] {task_command.py:467} INFO - Running <TaskInstance: dag_get_data_from_yf.olhc_branching.get_csv_high scheduled__2026-03-11T00:00:00+00:00 [running]> on host 662456f34d26
[2026-03-16T04:34:09.670+0000] {taskinstance.py:3157} INFO - Exporting env vars: AIRFLOW_CTX_DAG_OWNER='***' AIRFLOW_CTX_DAG_ID='dag_get_data_from_yf' AIRFLOW_CTX_TASK_ID='olhc_branching.get_csv_high' AIRFLOW_CTX_EXECUTION_DATE='2026-03-11T00:00:00+00:00' AIRFLOW_CTX_TRY_NUMBER='1' AIRFLOW_CTX_DAG_RUN_ID='scheduled__2026-03-11T00:00:00+00:00'
[2026-03-16T04:34:09.672+0000] {logging_mixin.py:190} INFO - Task instance is in running state
[2026-03-16T04:34:09.673+0000] {logging_mixin.py:190} INFO -  Previous state of the Task instance: queued
[2026-03-16T04:34:09.674+0000] {logging_mixin.py:190} INFO - Current task name:olhc_branching.get_csv_high state:running start_date:2026-03-16 04:34:06.376246+00:00
[2026-03-16T04:34:09.684+0000] {logging_mixin.py:190} INFO - Dag name:dag_get_data_from_yf and current dag run status:running
[2026-03-16T04:34:09.700+0000] {taskinstance.py:740} INFO - ::endgroup::
[2026-03-16T04:34:09.755+0000] {logging_mixin.py:190} INFO - Ini csv_string_high:  None
[2026-03-16T04:34:09.756+0000] {python.py:240} INFO - Done. Returned value was: /opt/***/scripts/saham_indonesia_high.csv
[2026-03-16T04:34:10.019+0000] {taskinstance.py:349} INFO - ::group::Post task execution logs
[2026-03-16T04:34:10.022+0000] {taskinstance.py:361} INFO - Marking task as SUCCESS. dag_id=dag_get_data_from_yf, task_id=olhc_branching.get_csv_high, run_id=scheduled__2026-03-11T00:00:00+00:00, execution_date=20260311T000000, start_date=20260316T043406, end_date=20260316T043410
[2026-03-16T04:34:10.300+0000] {logging_mixin.py:190} INFO - Task instance in success state
[2026-03-16T04:34:10.301+0000] {logging_mixin.py:190} INFO -  Previous state of the Task instance: running
[2026-03-16T04:34:10.302+0000] {logging_mixin.py:190} INFO - Dag name:dag_get_data_from_yf queued_at:2026-03-16 04:26:40.302048+00:00
[2026-03-16T04:34:10.303+0000] {logging_mixin.py:190} INFO - Task hostname:662456f34d26 operator:_PythonDecoratedOperator
[2026-03-16T04:34:10.381+0000] {local_task_job_runner.py:266} INFO - Task exited with return code 0
[2026-03-16T04:34:10.585+0000] {local_task_job_runner.py:245} INFO - ::endgroup::
[2026-03-16T04:47:51.868+0000] {local_task_job_runner.py:123} INFO - ::group::Pre task execution logs
[2026-03-16T04:47:52.253+0000] {taskinstance.py:2631} INFO - Dependencies all met for dep_context=non-requeueable deps ti=<TaskInstance: dag_get_data_from_yf.olhc_branching.get_csv_high scheduled__2026-03-11T00:00:00+00:00 [queued]>
[2026-03-16T04:47:52.387+0000] {taskinstance.py:2631} INFO - Dependencies all met for dep_context=requeueable deps ti=<TaskInstance: dag_get_data_from_yf.olhc_branching.get_csv_high scheduled__2026-03-11T00:00:00+00:00 [queued]>
[2026-03-16T04:47:52.389+0000] {taskinstance.py:2884} INFO - Starting attempt 1 of 1
[2026-03-16T04:47:53.026+0000] {taskinstance.py:2907} INFO - Executing <Task(_PythonDecoratedOperator): olhc_branching.get_csv_high> on 2026-03-11 00:00:00+00:00
[2026-03-16T04:47:53.471+0000] {warnings.py:112} WARNING - /home/***/.local/lib/python3.12/site-packages/***/task/task_runner/standard_task_runner.py:70: DeprecationWarning: This process (pid=2009) is multi-threaded, use of fork() may lead to deadlocks in the child.
  pid = os.fork()

[2026-03-16T04:47:53.589+0000] {standard_task_runner.py:72} INFO - Started process 2139 to run task
[2026-03-16T04:47:53.486+0000] {standard_task_runner.py:104} INFO - Running: ['***', 'tasks', 'run', 'dag_get_data_from_yf', 'olhc_branching.get_csv_high', 'scheduled__2026-03-11T00:00:00+00:00', '--job-id', '810', '--raw', '--subdir', 'DAGS_FOLDER/get_finance_yf_csv.py', '--cfg-path', '/tmp/tmpbayzxyf2']
[2026-03-16T04:47:53.703+0000] {standard_task_runner.py:105} INFO - Job 810: Subtask olhc_branching.get_csv_high
[2026-03-16T04:47:54.100+0000] {task_command.py:467} INFO - Running <TaskInstance: dag_get_data_from_yf.olhc_branching.get_csv_high scheduled__2026-03-11T00:00:00+00:00 [running]> on host 662456f34d26
[2026-03-16T04:47:57.135+0000] {taskinstance.py:3157} INFO - Exporting env vars: AIRFLOW_CTX_DAG_OWNER='***' AIRFLOW_CTX_DAG_ID='dag_get_data_from_yf' AIRFLOW_CTX_TASK_ID='olhc_branching.get_csv_high' AIRFLOW_CTX_EXECUTION_DATE='2026-03-11T00:00:00+00:00' AIRFLOW_CTX_TRY_NUMBER='1' AIRFLOW_CTX_DAG_RUN_ID='scheduled__2026-03-11T00:00:00+00:00'
[2026-03-16T04:47:57.140+0000] {logging_mixin.py:190} INFO - Task instance is in running state
[2026-03-16T04:47:57.153+0000] {logging_mixin.py:190} INFO -  Previous state of the Task instance: queued
[2026-03-16T04:47:57.155+0000] {logging_mixin.py:190} INFO - Current task name:olhc_branching.get_csv_high state:running start_date:2026-03-16 04:47:52.254652+00:00
[2026-03-16T04:47:57.156+0000] {logging_mixin.py:190} INFO - Dag name:dag_get_data_from_yf and current dag run status:running
[2026-03-16T04:47:57.157+0000] {taskinstance.py:740} INFO - ::endgroup::
[2026-03-16T04:47:57.289+0000] {logging_mixin.py:190} INFO - Ini csv_string_high:  None
[2026-03-16T04:47:57.304+0000] {python.py:240} INFO - Done. Returned value was: /opt/***/scripts/saham_indonesia_high.csv
[2026-03-16T04:47:57.581+0000] {taskinstance.py:349} INFO - ::group::Post task execution logs
[2026-03-16T04:47:57.582+0000] {taskinstance.py:361} INFO - Marking task as SUCCESS. dag_id=dag_get_data_from_yf, task_id=olhc_branching.get_csv_high, run_id=scheduled__2026-03-11T00:00:00+00:00, execution_date=20260311T000000, start_date=20260316T044752, end_date=20260316T044757
[2026-03-16T04:47:58.165+0000] {logging_mixin.py:190} INFO - Task instance in success state
[2026-03-16T04:47:58.175+0000] {logging_mixin.py:190} INFO -  Previous state of the Task instance: running
[2026-03-16T04:47:58.257+0000] {logging_mixin.py:190} INFO - Dag name:dag_get_data_from_yf queued_at:2026-03-16 04:41:07.656617+00:00
[2026-03-16T04:47:58.310+0000] {logging_mixin.py:190} INFO - Task hostname:662456f34d26 operator:_PythonDecoratedOperator
[2026-03-16T04:47:58.939+0000] {local_task_job_runner.py:266} INFO - Task exited with return code 0
[2026-03-16T04:47:59.264+0000] {taskinstance.py:3924} INFO - 0 downstream tasks scheduled from follow-on schedule check
[2026-03-16T04:47:59.279+0000] {local_task_job_runner.py:245} INFO - ::endgroup::
[2026-03-16T14:15:37.734+0000] {local_task_job_runner.py:123} INFO - ::group::Pre task execution logs
[2026-03-16T14:15:37.788+0000] {taskinstance.py:2621} INFO - Dependencies not met for <TaskInstance: dag_get_data_from_yf.olhc_branching.get_csv_high scheduled__2026-03-11T00:00:00+00:00 [scheduled]>, dependency 'Task Instance State' FAILED: Task is in the 'scheduled' state.
[2026-03-16T14:15:37.792+0000] {local_task_job_runner.py:166} INFO - Task is not able to be run
[2026-03-16T14:16:43.067+0000] {local_task_job_runner.py:123} INFO - ::group::Pre task execution logs
[2026-03-16T14:16:43.274+0000] {taskinstance.py:2631} INFO - Dependencies all met for dep_context=non-requeueable deps ti=<TaskInstance: dag_get_data_from_yf.olhc_branching.get_csv_high scheduled__2026-03-11T00:00:00+00:00 [queued]>
[2026-03-16T14:16:43.424+0000] {taskinstance.py:2631} INFO - Dependencies all met for dep_context=requeueable deps ti=<TaskInstance: dag_get_data_from_yf.olhc_branching.get_csv_high scheduled__2026-03-11T00:00:00+00:00 [queued]>
[2026-03-16T14:16:43.424+0000] {taskinstance.py:2884} INFO - Starting attempt 1 of 1
[2026-03-16T14:16:43.480+0000] {taskinstance.py:2907} INFO - Executing <Task(_PythonDecoratedOperator): olhc_branching.get_csv_high> on 2026-03-11 00:00:00+00:00
[2026-03-16T14:16:43.533+0000] {warnings.py:112} WARNING - /home/***/.local/lib/python3.12/site-packages/***/task/task_runner/standard_task_runner.py:70: DeprecationWarning: This process (pid=985) is multi-threaded, use of fork() may lead to deadlocks in the child.
  pid = os.fork()

[2026-03-16T14:16:43.536+0000] {standard_task_runner.py:72} INFO - Started process 1123 to run task
[2026-03-16T14:16:43.619+0000] {standard_task_runner.py:104} INFO - Running: ['***', 'tasks', 'run', 'dag_get_data_from_yf', 'olhc_branching.get_csv_high', 'scheduled__2026-03-11T00:00:00+00:00', '--job-id', '1112', '--raw', '--subdir', 'DAGS_FOLDER/get_finance_yf_csv.py', '--cfg-path', '/tmp/tmph9lk5_aa']
[2026-03-16T14:16:43.621+0000] {standard_task_runner.py:105} INFO - Job 1112: Subtask olhc_branching.get_csv_high
[2026-03-16T14:16:43.985+0000] {task_command.py:467} INFO - Running <TaskInstance: dag_get_data_from_yf.olhc_branching.get_csv_high scheduled__2026-03-11T00:00:00+00:00 [running]> on host 80c99acb76df
[2026-03-16T14:16:45.291+0000] {taskinstance.py:3157} INFO - Exporting env vars: AIRFLOW_CTX_DAG_OWNER='***' AIRFLOW_CTX_DAG_ID='dag_get_data_from_yf' AIRFLOW_CTX_TASK_ID='olhc_branching.get_csv_high' AIRFLOW_CTX_EXECUTION_DATE='2026-03-11T00:00:00+00:00' AIRFLOW_CTX_TRY_NUMBER='1' AIRFLOW_CTX_DAG_RUN_ID='scheduled__2026-03-11T00:00:00+00:00'
[2026-03-16T14:16:45.297+0000] {logging_mixin.py:190} INFO - Task instance is in running state
[2026-03-16T14:16:45.301+0000] {logging_mixin.py:190} INFO -  Previous state of the Task instance: queued
[2026-03-16T14:16:45.304+0000] {logging_mixin.py:190} INFO - Current task name:olhc_branching.get_csv_high state:running start_date:2026-03-16 14:16:43.276586+00:00
[2026-03-16T14:16:45.304+0000] {logging_mixin.py:190} INFO - Dag name:dag_get_data_from_yf and current dag run status:running
[2026-03-16T14:16:45.305+0000] {taskinstance.py:740} INFO - ::endgroup::
[2026-03-16T14:16:45.318+0000] {logging_mixin.py:190} INFO - Ini csv_string_high:  None
[2026-03-16T14:16:45.319+0000] {python.py:240} INFO - Done. Returned value was: /opt/***/scripts/saham_indonesia_high.csv
[2026-03-16T14:16:45.629+0000] {taskinstance.py:349} INFO - ::group::Post task execution logs
[2026-03-16T14:16:45.629+0000] {taskinstance.py:361} INFO - Marking task as SUCCESS. dag_id=dag_get_data_from_yf, task_id=olhc_branching.get_csv_high, run_id=scheduled__2026-03-11T00:00:00+00:00, execution_date=20260311T000000, start_date=20260316T141643, end_date=20260316T141645
[2026-03-16T14:16:45.862+0000] {logging_mixin.py:190} INFO - Task instance in success state
[2026-03-16T14:16:45.868+0000] {logging_mixin.py:190} INFO -  Previous state of the Task instance: running
[2026-03-16T14:16:45.869+0000] {logging_mixin.py:190} INFO - Dag name:dag_get_data_from_yf queued_at:2026-03-16 10:57:55.216769+00:00
[2026-03-16T14:16:45.870+0000] {logging_mixin.py:190} INFO - Task hostname:80c99acb76df operator:_PythonDecoratedOperator
[2026-03-16T14:16:45.927+0000] {local_task_job_runner.py:266} INFO - Task exited with return code 0
[2026-03-16T14:16:46.025+0000] {taskinstance.py:3924} INFO - 0 downstream tasks scheduled from follow-on schedule check
[2026-03-16T14:16:46.041+0000] {local_task_job_runner.py:245} INFO - ::endgroup::
[2026-03-16T15:12:45.930+0000] {local_task_job_runner.py:123} INFO - ::group::Pre task execution logs
[2026-03-16T15:12:45.984+0000] {taskinstance.py:2631} INFO - Dependencies all met for dep_context=non-requeueable deps ti=<TaskInstance: dag_get_data_from_yf.olhc_branching.get_csv_high scheduled__2026-03-11T00:00:00+00:00 [queued]>
[2026-03-16T15:12:46.002+0000] {taskinstance.py:2631} INFO - Dependencies all met for dep_context=requeueable deps ti=<TaskInstance: dag_get_data_from_yf.olhc_branching.get_csv_high scheduled__2026-03-11T00:00:00+00:00 [queued]>
[2026-03-16T15:12:46.003+0000] {taskinstance.py:2884} INFO - Starting attempt 1 of 1
[2026-03-16T15:12:46.025+0000] {taskinstance.py:2907} INFO - Executing <Task(_PythonDecoratedOperator): olhc_branching.get_csv_high> on 2026-03-11 00:00:00+00:00
[2026-03-16T15:12:46.040+0000] {warnings.py:112} WARNING - /home/***/.local/lib/python3.12/site-packages/***/task/task_runner/standard_task_runner.py:70: DeprecationWarning: This process (pid=766) is multi-threaded, use of fork() may lead to deadlocks in the child.
  pid = os.fork()

[2026-03-16T15:12:46.042+0000] {standard_task_runner.py:72} INFO - Started process 960 to run task
[2026-03-16T15:12:46.046+0000] {standard_task_runner.py:104} INFO - Running: ['***', 'tasks', 'run', 'dag_get_data_from_yf', 'olhc_branching.get_csv_high', 'scheduled__2026-03-11T00:00:00+00:00', '--job-id', '1225', '--raw', '--subdir', 'DAGS_FOLDER/get_finance_yf_csv.py', '--cfg-path', '/tmp/tmp2goxhgiv']
[2026-03-16T15:12:46.052+0000] {standard_task_runner.py:105} INFO - Job 1225: Subtask olhc_branching.get_csv_high
[2026-03-16T15:12:46.160+0000] {task_command.py:467} INFO - Running <TaskInstance: dag_get_data_from_yf.olhc_branching.get_csv_high scheduled__2026-03-11T00:00:00+00:00 [running]> on host 82763a516181
[2026-03-16T15:12:46.500+0000] {taskinstance.py:3157} INFO - Exporting env vars: AIRFLOW_CTX_DAG_OWNER='***' AIRFLOW_CTX_DAG_ID='dag_get_data_from_yf' AIRFLOW_CTX_TASK_ID='olhc_branching.get_csv_high' AIRFLOW_CTX_EXECUTION_DATE='2026-03-11T00:00:00+00:00' AIRFLOW_CTX_TRY_NUMBER='1' AIRFLOW_CTX_DAG_RUN_ID='scheduled__2026-03-11T00:00:00+00:00'
[2026-03-16T15:12:46.503+0000] {logging_mixin.py:190} INFO - Task instance is in running state
[2026-03-16T15:12:46.503+0000] {logging_mixin.py:190} INFO -  Previous state of the Task instance: queued
[2026-03-16T15:12:46.504+0000] {logging_mixin.py:190} INFO - Current task name:olhc_branching.get_csv_high state:running start_date:2026-03-16 15:12:45.985569+00:00
[2026-03-16T15:12:46.505+0000] {logging_mixin.py:190} INFO - Dag name:dag_get_data_from_yf and current dag run status:running
[2026-03-16T15:12:46.505+0000] {taskinstance.py:740} INFO - ::endgroup::
[2026-03-16T15:12:46.515+0000] {logging_mixin.py:190} INFO - Ini csv_string_high:  None
[2026-03-16T15:12:46.515+0000] {python.py:240} INFO - Done. Returned value was: /opt/***/scripts/saham_indonesia_high.csv
[2026-03-16T15:12:46.577+0000] {taskinstance.py:349} INFO - ::group::Post task execution logs
[2026-03-16T15:12:46.578+0000] {taskinstance.py:361} INFO - Marking task as SUCCESS. dag_id=dag_get_data_from_yf, task_id=olhc_branching.get_csv_high, run_id=scheduled__2026-03-11T00:00:00+00:00, execution_date=20260311T000000, start_date=20260316T151245, end_date=20260316T151246
[2026-03-16T15:12:46.638+0000] {logging_mixin.py:190} INFO - Task instance in success state
[2026-03-16T15:12:46.638+0000] {logging_mixin.py:190} INFO -  Previous state of the Task instance: running
[2026-03-16T15:12:46.639+0000] {logging_mixin.py:190} INFO - Dag name:dag_get_data_from_yf queued_at:2026-03-16 15:04:46.373503+00:00
[2026-03-16T15:12:46.639+0000] {logging_mixin.py:190} INFO - Task hostname:82763a516181 operator:_PythonDecoratedOperator
[2026-03-16T15:12:46.664+0000] {local_task_job_runner.py:266} INFO - Task exited with return code 0
[2026-03-16T15:12:46.736+0000] {taskinstance.py:3924} INFO - 1 downstream tasks scheduled from follow-on schedule check
[2026-03-16T15:12:46.741+0000] {local_task_job_runner.py:245} INFO - ::endgroup::
