[2026-03-09T04:39:24.038+0000] {local_task_job_runner.py:123} INFO - ::group::Pre task execution logs
[2026-03-09T04:39:24.147+0000] {taskinstance.py:2631} INFO - Dependencies all met for dep_context=non-requeueable deps ti=<TaskInstance: dag_get_data_from_yf.get_csv_high scheduled__2026-03-09T04:38:00+00:00 [queued]>
[2026-03-09T04:39:24.173+0000] {taskinstance.py:2631} INFO - Dependencies all met for dep_context=requeueable deps ti=<TaskInstance: dag_get_data_from_yf.get_csv_high scheduled__2026-03-09T04:38:00+00:00 [queued]>
[2026-03-09T04:39:24.176+0000] {taskinstance.py:2884} INFO - Starting attempt 1 of 1
[2026-03-09T04:39:24.237+0000] {taskinstance.py:2907} INFO - Executing <Task(_PythonDecoratedOperator): get_csv_high> on 2026-03-09 04:38:00+00:00
[2026-03-09T04:39:24.260+0000] {warnings.py:112} WARNING - /home/***/.local/lib/python3.12/site-packages/***/task/task_runner/standard_task_runner.py:70: DeprecationWarning: This process (pid=5932) is multi-threaded, use of fork() may lead to deadlocks in the child.
  pid = os.fork()

[2026-03-09T04:39:24.263+0000] {standard_task_runner.py:72} INFO - Started process 5942 to run task
[2026-03-09T04:39:24.274+0000] {standard_task_runner.py:104} INFO - Running: ['***', 'tasks', 'run', 'dag_get_data_from_yf', 'get_csv_high', 'scheduled__2026-03-09T04:38:00+00:00', '--job-id', '6204', '--raw', '--subdir', 'DAGS_FOLDER/get_finance_yf_csv.py', '--cfg-path', '/tmp/tmpo21d5zul']
[2026-03-09T04:39:24.278+0000] {standard_task_runner.py:105} INFO - Job 6204: Subtask get_csv_high
[2026-03-09T04:39:24.472+0000] {task_command.py:467} INFO - Running <TaskInstance: dag_get_data_from_yf.get_csv_high scheduled__2026-03-09T04:38:00+00:00 [running]> on host e96756f86073
[2026-03-09T04:39:25.006+0000] {taskinstance.py:3157} INFO - Exporting env vars: AIRFLOW_CTX_DAG_OWNER='***' AIRFLOW_CTX_DAG_ID='dag_get_data_from_yf' AIRFLOW_CTX_TASK_ID='get_csv_high' AIRFLOW_CTX_EXECUTION_DATE='2026-03-09T04:38:00+00:00' AIRFLOW_CTX_TRY_NUMBER='1' AIRFLOW_CTX_DAG_RUN_ID='scheduled__2026-03-09T04:38:00+00:00'
[2026-03-09T04:39:25.009+0000] {logging_mixin.py:190} INFO - Task instance is in running state
[2026-03-09T04:39:25.012+0000] {logging_mixin.py:190} INFO -  Previous state of the Task instance: queued
[2026-03-09T04:39:25.013+0000] {logging_mixin.py:190} INFO - Current task name:get_csv_high state:running start_date:2026-03-09 04:39:24.147906+00:00
[2026-03-09T04:39:25.013+0000] {logging_mixin.py:190} INFO - Dag name:dag_get_data_from_yf and current dag run status:running
[2026-03-09T04:39:25.015+0000] {taskinstance.py:740} INFO - ::endgroup::
[2026-03-09T04:39:25.029+0000] {logging_mixin.py:190} INFO - None
[2026-03-09T04:39:25.030+0000] {python.py:240} INFO - Done. Returned value was: /opt/***/scripts/saham_indonesia_high.csv
[2026-03-09T04:39:25.112+0000] {taskinstance.py:349} INFO - ::group::Post task execution logs
[2026-03-09T04:39:25.113+0000] {taskinstance.py:361} INFO - Marking task as SUCCESS. dag_id=dag_get_data_from_yf, task_id=get_csv_high, run_id=scheduled__2026-03-09T04:38:00+00:00, execution_date=20260309T043800, start_date=20260309T043924, end_date=20260309T043925
[2026-03-09T04:39:25.194+0000] {logging_mixin.py:190} INFO - Task instance in success state
[2026-03-09T04:39:25.195+0000] {logging_mixin.py:190} INFO -  Previous state of the Task instance: running
[2026-03-09T04:39:25.196+0000] {logging_mixin.py:190} INFO - Dag name:dag_get_data_from_yf queued_at:2026-03-09 04:39:00.859610+00:00
[2026-03-09T04:39:25.196+0000] {logging_mixin.py:190} INFO - Task hostname:e96756f86073 operator:_PythonDecoratedOperator
[2026-03-09T04:39:25.225+0000] {local_task_job_runner.py:266} INFO - Task exited with return code 0
[2026-03-09T04:39:25.382+0000] {taskinstance.py:3924} INFO - 1 downstream tasks scheduled from follow-on schedule check
[2026-03-09T04:39:25.387+0000] {local_task_job_runner.py:245} INFO - ::endgroup::
