[2026-03-14T03:25:05.825+0000] {local_task_job_runner.py:123} INFO - ::group::Pre task execution logs
[2026-03-14T03:25:05.856+0000] {taskinstance.py:2631} INFO - Dependencies all met for dep_context=non-requeueable deps ti=<TaskInstance: execute_shell_script.execute_script_first scheduled__2026-03-14T03:24:00+00:00 [queued]>
[2026-03-14T03:25:05.871+0000] {taskinstance.py:2631} INFO - Dependencies all met for dep_context=requeueable deps ti=<TaskInstance: execute_shell_script.execute_script_first scheduled__2026-03-14T03:24:00+00:00 [queued]>
[2026-03-14T03:25:05.871+0000] {taskinstance.py:2884} INFO - Starting attempt 1 of 1
[2026-03-14T03:25:05.891+0000] {taskinstance.py:2907} INFO - Executing <Task(BashOperator): execute_script_first> on 2026-03-14 03:24:00+00:00
[2026-03-14T03:25:05.903+0000] {warnings.py:112} WARNING - /home/***/.local/lib/python3.12/site-packages/***/task/task_runner/standard_task_runner.py:70: DeprecationWarning: This process (pid=362) is multi-threaded, use of fork() may lead to deadlocks in the child.
  pid = os.fork()

[2026-03-14T03:25:05.904+0000] {standard_task_runner.py:72} INFO - Started process 364 to run task
[2026-03-14T03:25:05.905+0000] {standard_task_runner.py:104} INFO - Running: ['***', 'tasks', 'run', 'execute_shell_script', 'execute_script_first', 'scheduled__2026-03-14T03:24:00+00:00', '--job-id', '13801', '--raw', '--subdir', 'DAGS_FOLDER/executeShellScript.py', '--cfg-path', '/tmp/tmpq057008c']
[2026-03-14T03:25:05.906+0000] {standard_task_runner.py:105} INFO - Job 13801: Subtask execute_script_first
[2026-03-14T03:25:06.048+0000] {task_command.py:467} INFO - Running <TaskInstance: execute_shell_script.execute_script_first scheduled__2026-03-14T03:24:00+00:00 [running]> on host 836382e6e953
[2026-03-14T03:25:06.249+0000] {taskinstance.py:3157} INFO - Exporting env vars: AIRFLOW_CTX_DAG_OWNER='***' AIRFLOW_CTX_DAG_ID='execute_shell_script' AIRFLOW_CTX_TASK_ID='execute_script_first' AIRFLOW_CTX_EXECUTION_DATE='2026-03-14T03:24:00+00:00' AIRFLOW_CTX_TRY_NUMBER='1' AIRFLOW_CTX_DAG_RUN_ID='scheduled__2026-03-14T03:24:00+00:00'
[2026-03-14T03:25:06.256+0000] {logging_mixin.py:190} INFO - Task instance is in running state
[2026-03-14T03:25:06.256+0000] {logging_mixin.py:190} INFO -  Previous state of the Task instance: queued
[2026-03-14T03:25:06.257+0000] {logging_mixin.py:190} INFO - Current task name:execute_script_first state:running start_date:2026-03-14 03:25:05.857351+00:00
[2026-03-14T03:25:06.257+0000] {logging_mixin.py:190} INFO - Dag name:execute_shell_script and current dag run status:running
[2026-03-14T03:25:06.258+0000] {taskinstance.py:740} INFO - ::endgroup::
[2026-03-14T03:25:06.263+0000] {subprocess.py:78} INFO - Tmp dir root location: /tmp
[2026-03-14T03:25:06.267+0000] {subprocess.py:88} INFO - Running command: ['/usr/bin/bash', '-c', 'sh /opt/***/scripts/SampleShellScript.sh /opt/***/scripts/task_output1.txt']
[2026-03-14T03:25:06.327+0000] {subprocess.py:99} INFO - Output:
[2026-03-14T03:25:06.331+0000] {subprocess.py:106} INFO - File '/opt/***/scripts/task_output1.txt' dibuat dengan sample text.
[2026-03-14T03:25:06.332+0000] {subprocess.py:110} INFO - Command exited with return code 0
[2026-03-14T03:25:06.380+0000] {taskinstance.py:349} INFO - ::group::Post task execution logs
[2026-03-14T03:25:06.381+0000] {taskinstance.py:361} INFO - Marking task as SUCCESS. dag_id=execute_shell_script, task_id=execute_script_first, run_id=scheduled__2026-03-14T03:24:00+00:00, execution_date=20260314T032400, start_date=20260314T032505, end_date=20260314T032506
[2026-03-14T03:25:06.442+0000] {logging_mixin.py:190} INFO - Task instance in success state
[2026-03-14T03:25:06.443+0000] {logging_mixin.py:190} INFO -  Previous state of the Task instance: running
[2026-03-14T03:25:06.443+0000] {logging_mixin.py:190} INFO - Dag name:execute_shell_script queued_at:2026-03-14 03:25:00.616997+00:00
[2026-03-14T03:25:06.444+0000] {logging_mixin.py:190} INFO - Task hostname:836382e6e953 operator:BashOperator
[2026-03-14T03:25:06.458+0000] {local_task_job_runner.py:266} INFO - Task exited with return code 0
[2026-03-14T03:25:06.502+0000] {taskinstance.py:3924} INFO - 1 downstream tasks scheduled from follow-on schedule check
[2026-03-14T03:25:06.504+0000] {local_task_job_runner.py:245} INFO - ::endgroup::
