[2026-03-15T09:16:56.344+0000] {local_task_job_runner.py:123} INFO - ::group::Pre task execution logs
[2026-03-15T09:16:56.430+0000] {taskinstance.py:2631} INFO - Dependencies all met for dep_context=non-requeueable deps ti=<TaskInstance: dag_get_data_from_yf.query_1 scheduled__2026-03-14T00:00:00+00:00 [queued]>
[2026-03-15T09:16:56.465+0000] {taskinstance.py:2631} INFO - Dependencies all met for dep_context=requeueable deps ti=<TaskInstance: dag_get_data_from_yf.query_1 scheduled__2026-03-14T00:00:00+00:00 [queued]>
[2026-03-15T09:16:56.468+0000] {taskinstance.py:2884} INFO - Starting attempt 1 of 1
[2026-03-15T09:16:56.514+0000] {taskinstance.py:2907} INFO - Executing <Task(_PythonDecoratedOperator): query_1> on 2026-03-14 00:00:00+00:00
[2026-03-15T09:16:56.545+0000] {warnings.py:112} WARNING - /home/***/.local/lib/python3.12/site-packages/***/task/task_runner/standard_task_runner.py:70: DeprecationWarning: This process (pid=1955) is multi-threaded, use of fork() may lead to deadlocks in the child.
  pid = os.fork()

[2026-03-15T09:16:56.549+0000] {standard_task_runner.py:72} INFO - Started process 1981 to run task
[2026-03-15T09:16:56.558+0000] {standard_task_runner.py:104} INFO - Running: ['***', 'tasks', 'run', 'dag_get_data_from_yf', 'query_1', 'scheduled__2026-03-14T00:00:00+00:00', '--job-id', '15000', '--raw', '--subdir', 'DAGS_FOLDER/get_finance_yf_csv.py', '--cfg-path', '/tmp/tmp2j1ek_89']
[2026-03-15T09:16:56.561+0000] {standard_task_runner.py:105} INFO - Job 15000: Subtask query_1
[2026-03-15T09:16:56.747+0000] {task_command.py:467} INFO - Running <TaskInstance: dag_get_data_from_yf.query_1 scheduled__2026-03-14T00:00:00+00:00 [running]> on host 547c214a0f76
[2026-03-15T09:16:57.010+0000] {taskinstance.py:3157} INFO - Exporting env vars: AIRFLOW_CTX_DAG_OWNER='***' AIRFLOW_CTX_DAG_ID='dag_get_data_from_yf' AIRFLOW_CTX_TASK_ID='query_1' AIRFLOW_CTX_EXECUTION_DATE='2026-03-14T00:00:00+00:00' AIRFLOW_CTX_TRY_NUMBER='1' AIRFLOW_CTX_DAG_RUN_ID='scheduled__2026-03-14T00:00:00+00:00'
[2026-03-15T09:16:57.013+0000] {logging_mixin.py:190} INFO - Task instance is in running state
[2026-03-15T09:16:57.017+0000] {logging_mixin.py:190} INFO -  Previous state of the Task instance: queued
[2026-03-15T09:16:57.018+0000] {logging_mixin.py:190} INFO - Current task name:query_1 state:running start_date:2026-03-15 09:16:56.431971+00:00
[2026-03-15T09:16:57.018+0000] {logging_mixin.py:190} INFO - Dag name:dag_get_data_from_yf and current dag run status:running
[2026-03-15T09:16:57.019+0000] {taskinstance.py:740} INFO - ::endgroup::
[2026-03-15T09:16:57.021+0000] {python.py:240} INFO - Done. Returned value was: None
[2026-03-15T09:16:57.054+0000] {taskinstance.py:349} INFO - ::group::Post task execution logs
[2026-03-15T09:16:57.055+0000] {taskinstance.py:361} INFO - Marking task as SUCCESS. dag_id=dag_get_data_from_yf, task_id=query_1, run_id=scheduled__2026-03-14T00:00:00+00:00, execution_date=20260314T000000, start_date=20260315T091656, end_date=20260315T091657
[2026-03-15T09:16:57.127+0000] {logging_mixin.py:190} INFO - Task instance in success state
[2026-03-15T09:16:57.127+0000] {logging_mixin.py:190} INFO -  Previous state of the Task instance: running
[2026-03-15T09:16:57.128+0000] {logging_mixin.py:190} INFO - Dag name:dag_get_data_from_yf queued_at:2026-03-15 09:07:52.102320+00:00
[2026-03-15T09:16:57.128+0000] {logging_mixin.py:190} INFO - Task hostname:547c214a0f76 operator:_PythonDecoratedOperator
[2026-03-15T09:16:57.162+0000] {local_task_job_runner.py:266} INFO - Task exited with return code 0
[2026-03-15T09:16:57.241+0000] {taskinstance.py:3924} INFO - 0 downstream tasks scheduled from follow-on schedule check
[2026-03-15T09:16:57.244+0000] {local_task_job_runner.py:245} INFO - ::endgroup::
[2026-03-15T09:55:36.870+0000] {local_task_job_runner.py:123} INFO - ::group::Pre task execution logs
[2026-03-15T09:55:36.947+0000] {taskinstance.py:2631} INFO - Dependencies all met for dep_context=non-requeueable deps ti=<TaskInstance: dag_get_data_from_yf.query_1 scheduled__2026-03-14T00:00:00+00:00 [queued]>
[2026-03-15T09:55:36.970+0000] {taskinstance.py:2631} INFO - Dependencies all met for dep_context=requeueable deps ti=<TaskInstance: dag_get_data_from_yf.query_1 scheduled__2026-03-14T00:00:00+00:00 [queued]>
[2026-03-15T09:55:36.971+0000] {taskinstance.py:2884} INFO - Starting attempt 1 of 1
[2026-03-15T09:55:37.001+0000] {taskinstance.py:2907} INFO - Executing <Task(_PythonDecoratedOperator): query_1> on 2026-03-14 00:00:00+00:00
[2026-03-15T09:55:37.020+0000] {warnings.py:112} WARNING - /home/***/.local/lib/python3.12/site-packages/***/task/task_runner/standard_task_runner.py:70: DeprecationWarning: This process (pid=1213) is multi-threaded, use of fork() may lead to deadlocks in the child.
  pid = os.fork()

[2026-03-15T09:55:37.023+0000] {standard_task_runner.py:72} INFO - Started process 1225 to run task
[2026-03-15T09:55:37.026+0000] {standard_task_runner.py:104} INFO - Running: ['***', 'tasks', 'run', 'dag_get_data_from_yf', 'query_1', 'scheduled__2026-03-14T00:00:00+00:00', '--job-id', '115', '--raw', '--subdir', 'DAGS_FOLDER/get_finance_yf_csv.py', '--cfg-path', '/tmp/tmp63_b56cv']
[2026-03-15T09:55:37.028+0000] {standard_task_runner.py:105} INFO - Job 115: Subtask query_1
[2026-03-15T09:55:37.153+0000] {task_command.py:467} INFO - Running <TaskInstance: dag_get_data_from_yf.query_1 scheduled__2026-03-14T00:00:00+00:00 [running]> on host 8c556da65e50
[2026-03-15T09:55:37.414+0000] {taskinstance.py:3157} INFO - Exporting env vars: AIRFLOW_CTX_DAG_OWNER='***' AIRFLOW_CTX_DAG_ID='dag_get_data_from_yf' AIRFLOW_CTX_TASK_ID='query_1' AIRFLOW_CTX_EXECUTION_DATE='2026-03-14T00:00:00+00:00' AIRFLOW_CTX_TRY_NUMBER='1' AIRFLOW_CTX_DAG_RUN_ID='scheduled__2026-03-14T00:00:00+00:00'
[2026-03-15T09:55:37.416+0000] {logging_mixin.py:190} INFO - Task instance is in running state
[2026-03-15T09:55:37.417+0000] {logging_mixin.py:190} INFO -  Previous state of the Task instance: queued
[2026-03-15T09:55:37.418+0000] {logging_mixin.py:190} INFO - Current task name:query_1 state:running start_date:2026-03-15 09:55:36.947929+00:00
[2026-03-15T09:55:37.418+0000] {logging_mixin.py:190} INFO - Dag name:dag_get_data_from_yf and current dag run status:running
[2026-03-15T09:55:37.419+0000] {taskinstance.py:740} INFO - ::endgroup::
[2026-03-15T09:55:37.420+0000] {python.py:240} INFO - Done. Returned value was: None
[2026-03-15T09:55:37.449+0000] {taskinstance.py:349} INFO - ::group::Post task execution logs
[2026-03-15T09:55:37.450+0000] {taskinstance.py:361} INFO - Marking task as SUCCESS. dag_id=dag_get_data_from_yf, task_id=query_1, run_id=scheduled__2026-03-14T00:00:00+00:00, execution_date=20260314T000000, start_date=20260315T095536, end_date=20260315T095537
[2026-03-15T09:55:37.520+0000] {logging_mixin.py:190} INFO - Task instance in success state
[2026-03-15T09:55:37.521+0000] {logging_mixin.py:190} INFO -  Previous state of the Task instance: running
[2026-03-15T09:55:37.522+0000] {logging_mixin.py:190} INFO - Dag name:dag_get_data_from_yf queued_at:2026-03-15 09:40:40.343170+00:00
[2026-03-15T09:55:37.523+0000] {logging_mixin.py:190} INFO - Task hostname:8c556da65e50 operator:_PythonDecoratedOperator
[2026-03-15T09:55:37.547+0000] {local_task_job_runner.py:266} INFO - Task exited with return code 0
[2026-03-15T09:55:37.597+0000] {taskinstance.py:3924} INFO - 0 downstream tasks scheduled from follow-on schedule check
[2026-03-15T09:55:37.600+0000] {local_task_job_runner.py:245} INFO - ::endgroup::
[2026-03-15T11:40:52.351+0000] {local_task_job_runner.py:123} INFO - ::group::Pre task execution logs
[2026-03-15T11:40:52.393+0000] {taskinstance.py:2631} INFO - Dependencies all met for dep_context=non-requeueable deps ti=<TaskInstance: dag_get_data_from_yf.query_1 scheduled__2026-03-14T00:00:00+00:00 [queued]>
[2026-03-15T11:40:52.406+0000] {taskinstance.py:2631} INFO - Dependencies all met for dep_context=requeueable deps ti=<TaskInstance: dag_get_data_from_yf.query_1 scheduled__2026-03-14T00:00:00+00:00 [queued]>
[2026-03-15T11:40:52.407+0000] {taskinstance.py:2884} INFO - Starting attempt 1 of 1
[2026-03-15T11:40:52.427+0000] {taskinstance.py:2907} INFO - Executing <Task(_PythonDecoratedOperator): query_1> on 2026-03-14 00:00:00+00:00
[2026-03-15T11:40:52.442+0000] {warnings.py:112} WARNING - /home/***/.local/lib/python3.12/site-packages/***/task/task_runner/standard_task_runner.py:70: DeprecationWarning: This process (pid=1217) is multi-threaded, use of fork() may lead to deadlocks in the child.
  pid = os.fork()

[2026-03-15T11:40:52.445+0000] {standard_task_runner.py:72} INFO - Started process 1229 to run task
[2026-03-15T11:40:52.446+0000] {standard_task_runner.py:104} INFO - Running: ['***', 'tasks', 'run', 'dag_get_data_from_yf', 'query_1', 'scheduled__2026-03-14T00:00:00+00:00', '--job-id', '96', '--raw', '--subdir', 'DAGS_FOLDER/get_finance_yf_csv.py', '--cfg-path', '/tmp/tmpw9ewzxbm']
[2026-03-15T11:40:52.448+0000] {standard_task_runner.py:105} INFO - Job 96: Subtask query_1
[2026-03-15T11:40:52.540+0000] {task_command.py:467} INFO - Running <TaskInstance: dag_get_data_from_yf.query_1 scheduled__2026-03-14T00:00:00+00:00 [running]> on host 0682dd67c20c
[2026-03-15T11:40:52.687+0000] {taskinstance.py:3157} INFO - Exporting env vars: AIRFLOW_CTX_DAG_OWNER='***' AIRFLOW_CTX_DAG_ID='dag_get_data_from_yf' AIRFLOW_CTX_TASK_ID='query_1' AIRFLOW_CTX_EXECUTION_DATE='2026-03-14T00:00:00+00:00' AIRFLOW_CTX_TRY_NUMBER='1' AIRFLOW_CTX_DAG_RUN_ID='scheduled__2026-03-14T00:00:00+00:00'
[2026-03-15T11:40:52.689+0000] {logging_mixin.py:190} INFO - Task instance is in running state
[2026-03-15T11:40:52.689+0000] {logging_mixin.py:190} INFO -  Previous state of the Task instance: queued
[2026-03-15T11:40:52.689+0000] {logging_mixin.py:190} INFO - Current task name:query_1 state:running start_date:2026-03-15 11:40:52.394212+00:00
[2026-03-15T11:40:52.690+0000] {logging_mixin.py:190} INFO - Dag name:dag_get_data_from_yf and current dag run status:running
[2026-03-15T11:40:52.690+0000] {taskinstance.py:740} INFO - ::endgroup::
[2026-03-15T11:40:52.691+0000] {python.py:240} INFO - Done. Returned value was: None
[2026-03-15T11:40:52.709+0000] {taskinstance.py:349} INFO - ::group::Post task execution logs
[2026-03-15T11:40:52.709+0000] {taskinstance.py:361} INFO - Marking task as SUCCESS. dag_id=dag_get_data_from_yf, task_id=query_1, run_id=scheduled__2026-03-14T00:00:00+00:00, execution_date=20260314T000000, start_date=20260315T114052, end_date=20260315T114052
[2026-03-15T11:40:52.753+0000] {logging_mixin.py:190} INFO - Task instance in success state
[2026-03-15T11:40:52.754+0000] {logging_mixin.py:190} INFO -  Previous state of the Task instance: running
[2026-03-15T11:40:52.754+0000] {logging_mixin.py:190} INFO - Dag name:dag_get_data_from_yf queued_at:2026-03-15 11:31:41.648117+00:00
[2026-03-15T11:40:52.754+0000] {logging_mixin.py:190} INFO - Task hostname:0682dd67c20c operator:_PythonDecoratedOperator
[2026-03-15T11:40:52.767+0000] {local_task_job_runner.py:266} INFO - Task exited with return code 0
[2026-03-15T11:40:52.795+0000] {taskinstance.py:3924} INFO - 0 downstream tasks scheduled from follow-on schedule check
[2026-03-15T11:40:52.798+0000] {local_task_job_runner.py:245} INFO - ::endgroup::
[2026-03-15T15:28:01.075+0000] {local_task_job_runner.py:123} INFO - ::group::Pre task execution logs
[2026-03-15T15:28:01.162+0000] {taskinstance.py:2631} INFO - Dependencies all met for dep_context=non-requeueable deps ti=<TaskInstance: dag_get_data_from_yf.query_1 scheduled__2026-03-14T00:00:00+00:00 [queued]>
[2026-03-15T15:28:01.186+0000] {taskinstance.py:2631} INFO - Dependencies all met for dep_context=requeueable deps ti=<TaskInstance: dag_get_data_from_yf.query_1 scheduled__2026-03-14T00:00:00+00:00 [queued]>
[2026-03-15T15:28:01.187+0000] {taskinstance.py:2884} INFO - Starting attempt 1 of 1
[2026-03-15T15:28:01.233+0000] {taskinstance.py:2907} INFO - Executing <Task(_PythonDecoratedOperator): query_1> on 2026-03-14 00:00:00+00:00
[2026-03-15T15:28:01.256+0000] {warnings.py:112} WARNING - /home/***/.local/lib/python3.12/site-packages/***/task/task_runner/standard_task_runner.py:70: DeprecationWarning: This process (pid=1343) is multi-threaded, use of fork() may lead to deadlocks in the child.
  pid = os.fork()

[2026-03-15T15:28:01.260+0000] {standard_task_runner.py:72} INFO - Started process 1376 to run task
[2026-03-15T15:28:01.265+0000] {standard_task_runner.py:104} INFO - Running: ['***', 'tasks', 'run', 'dag_get_data_from_yf', 'query_1', 'scheduled__2026-03-14T00:00:00+00:00', '--job-id', '538', '--raw', '--subdir', 'DAGS_FOLDER/get_finance_yf_csv.py', '--cfg-path', '/tmp/tmpq09p_bg4']
[2026-03-15T15:28:01.268+0000] {standard_task_runner.py:105} INFO - Job 538: Subtask query_1
[2026-03-15T15:28:01.448+0000] {task_command.py:467} INFO - Running <TaskInstance: dag_get_data_from_yf.query_1 scheduled__2026-03-14T00:00:00+00:00 [running]> on host c2f7721b6bb3
[2026-03-15T15:28:01.753+0000] {taskinstance.py:3157} INFO - Exporting env vars: AIRFLOW_CTX_DAG_OWNER='***' AIRFLOW_CTX_DAG_ID='dag_get_data_from_yf' AIRFLOW_CTX_TASK_ID='query_1' AIRFLOW_CTX_EXECUTION_DATE='2026-03-14T00:00:00+00:00' AIRFLOW_CTX_TRY_NUMBER='1' AIRFLOW_CTX_DAG_RUN_ID='scheduled__2026-03-14T00:00:00+00:00'
[2026-03-15T15:28:01.762+0000] {logging_mixin.py:190} INFO - Task instance is in running state
[2026-03-15T15:28:01.762+0000] {logging_mixin.py:190} INFO -  Previous state of the Task instance: queued
[2026-03-15T15:28:01.763+0000] {logging_mixin.py:190} INFO - Current task name:query_1 state:running start_date:2026-03-15 15:28:01.163257+00:00
[2026-03-15T15:28:01.764+0000] {logging_mixin.py:190} INFO - Dag name:dag_get_data_from_yf and current dag run status:running
[2026-03-15T15:28:01.764+0000] {taskinstance.py:740} INFO - ::endgroup::
[2026-03-15T15:28:01.765+0000] {python.py:240} INFO - Done. Returned value was: None
[2026-03-15T15:28:01.800+0000] {taskinstance.py:349} INFO - ::group::Post task execution logs
[2026-03-15T15:28:01.801+0000] {taskinstance.py:361} INFO - Marking task as SUCCESS. dag_id=dag_get_data_from_yf, task_id=query_1, run_id=scheduled__2026-03-14T00:00:00+00:00, execution_date=20260314T000000, start_date=20260315T152801, end_date=20260315T152801
[2026-03-15T15:28:01.901+0000] {logging_mixin.py:190} INFO - Task instance in success state
[2026-03-15T15:28:01.902+0000] {logging_mixin.py:190} INFO -  Previous state of the Task instance: running
[2026-03-15T15:28:01.902+0000] {logging_mixin.py:190} INFO - Dag name:dag_get_data_from_yf queued_at:2026-03-15 15:18:43.946881+00:00
[2026-03-15T15:28:01.903+0000] {logging_mixin.py:190} INFO - Task hostname:c2f7721b6bb3 operator:_PythonDecoratedOperator
[2026-03-15T15:28:01.934+0000] {local_task_job_runner.py:266} INFO - Task exited with return code 0
[2026-03-15T15:28:01.996+0000] {taskinstance.py:3924} INFO - 0 downstream tasks scheduled from follow-on schedule check
[2026-03-15T15:28:02.005+0000] {local_task_job_runner.py:245} INFO - ::endgroup::
