[2026-03-31T08:04:43.602+0000] {local_task_job_runner.py:123} INFO - ::group::Pre task execution logs
[2026-03-31T08:04:44.215+0000] {taskinstance.py:2631} INFO - Dependencies all met for dep_context=non-requeueable deps ti=<TaskInstance: dag_get_data_from_yf.insert_data_task manual__2026-03-31T08:04:03+00:00 map_index=15 [queued]>
[2026-03-31T08:04:44.268+0000] {taskinstance.py:2631} INFO - Dependencies all met for dep_context=requeueable deps ti=<TaskInstance: dag_get_data_from_yf.insert_data_task manual__2026-03-31T08:04:03+00:00 map_index=15 [queued]>
[2026-03-31T08:04:44.273+0000] {taskinstance.py:2884} INFO - Starting attempt 1 of 1
[2026-03-31T08:04:44.332+0000] {taskinstance.py:2907} INFO - Executing <Mapped(SQLExecuteQueryOperator): insert_data_task> on 2026-03-31 08:04:03+00:00
[2026-03-31T08:04:44.408+0000] {standard_task_runner.py:104} INFO - Running: ['***', 'tasks', 'run', 'dag_get_data_from_yf', 'insert_data_task', 'manual__2026-03-31T08:04:03+00:00', '--job-id', '1115', '--raw', '--subdir', 'DAGS_FOLDER/get_finance_yf_csv.py', '--cfg-path', '/tmp/tmp8o7obdpa', '--map-index', '15']
[2026-03-31T08:04:44.412+0000] {logging_mixin.py:190} WARNING - /home/***/.local/lib/python3.12/site-packages/***/task/task_runner/standard_task_runner.py:70 DeprecationWarning: This process (pid=1230) is multi-threaded, use of fork() may lead to deadlocks in the child.
[2026-03-31T08:04:44.415+0000] {standard_task_runner.py:72} INFO - Started process 1494 to run task
[2026-03-31T08:04:44.413+0000] {standard_task_runner.py:105} INFO - Job 1115: Subtask insert_data_task
[2026-03-31T08:04:45.563+0000] {task_command.py:467} INFO - Running <TaskInstance: dag_get_data_from_yf.insert_data_task manual__2026-03-31T08:04:03+00:00 map_index=15 [running]> on host 3786aeb64ba3
[2026-03-31T08:04:46.634+0000] {taskinstance.py:3157} INFO - Exporting env vars: AIRFLOW_CTX_DAG_OWNER='***' AIRFLOW_CTX_DAG_ID='dag_get_data_from_yf' AIRFLOW_CTX_TASK_ID='insert_data_task' AIRFLOW_CTX_EXECUTION_DATE='2026-03-31T08:04:03+00:00' AIRFLOW_CTX_TRY_NUMBER='1' AIRFLOW_CTX_DAG_RUN_ID='manual__2026-03-31T08:04:03+00:00'
[2026-03-31T08:04:46.646+0000] {taskinstance.py:740} INFO - ::endgroup::
[2026-03-31T08:04:46.674+0000] {sql.py:410} INFO - Executing: INSERT INTO indonesian_stocks (
    date, 
    ticker, 
    close, 
    high, 
    low, 
    open, 
    inserted_at_timestamp_wib
) 
VALUES (
    '2026-03-06', 
    'BBCA.JK', 
    6706.4, 
    6802.2, 
    6706.4, 
    6778.3, 
    '2026-03-31 15:04:23' 
)
ON CONFLICT (date, ticker) 
DO NOTHING;
[2026-03-31T08:04:46.677+0000] {crypto.py:82} WARNING - empty cryptography key - values will not be stored encrypted.
[2026-03-31T08:04:46.703+0000] {base.py:84} INFO - Retrieving connection 'db_custom'
[2026-03-31T08:04:46.739+0000] {base.py:84} INFO - Retrieving connection 'db_custom'
[2026-03-31T08:04:46.791+0000] {sql.py:861} INFO - Running statement: INSERT INTO indonesian_stocks (
    date, 
    ticker, 
    close, 
    high, 
    low, 
    open, 
    inserted_at_timestamp_wib
) 
VALUES (
    '2026-03-06', 
    'BBCA.JK', 
    6706.4, 
    6802.2, 
    6706.4, 
    6778.3, 
    '2026-03-31 15:04:23' 
)
ON CONFLICT (date, ticker) 
DO NOTHING;, parameters: None
[2026-03-31T08:04:46.806+0000] {sql.py:879} INFO - Rows affected: 1
[2026-03-31T08:04:47.083+0000] {taskinstance.py:349} INFO - ::group::Post task execution logs
[2026-03-31T08:04:47.084+0000] {taskinstance.py:361} INFO - Marking task as SUCCESS. dag_id=dag_get_data_from_yf, task_id=insert_data_task, run_id=manual__2026-03-31T08:04:03+00:00, map_index=15, execution_date=20260331T080403, start_date=20260331T080444, end_date=20260331T080447
[2026-03-31T08:04:47.480+0000] {local_task_job_runner.py:266} INFO - Task exited with return code 0
[2026-03-31T08:04:47.560+0000] {local_task_job_runner.py:245} INFO - ::endgroup::
