[2026-03-09T08:19:22.750+0000] {local_task_job_runner.py:123} INFO - ::group::Pre task execution logs
[2026-03-09T08:19:22.837+0000] {taskinstance.py:2631} INFO - Dependencies all met for dep_context=non-requeueable deps ti=<TaskInstance: execute_shell_script.execute_script_second scheduled__2026-03-09T08:18:00+00:00 [queued]>
[2026-03-09T08:19:22.861+0000] {taskinstance.py:2631} INFO - Dependencies all met for dep_context=requeueable deps ti=<TaskInstance: execute_shell_script.execute_script_second scheduled__2026-03-09T08:18:00+00:00 [queued]>
[2026-03-09T08:19:22.862+0000] {taskinstance.py:2884} INFO - Starting attempt 1 of 1
[2026-03-09T08:19:22.908+0000] {taskinstance.py:2907} INFO - Executing <Task(BashOperator): execute_script_second> on 2026-03-09 08:18:00+00:00
[2026-03-09T08:19:22.944+0000] {warnings.py:112} WARNING - /home/***/.local/lib/python3.12/site-packages/***/task/task_runner/standard_task_runner.py:70: DeprecationWarning: This process (pid=12369) is multi-threaded, use of fork() may lead to deadlocks in the child.
  pid = os.fork()

[2026-03-09T08:19:22.948+0000] {standard_task_runner.py:72} INFO - Started process 12396 to run task
[2026-03-09T08:19:23.003+0000] {standard_task_runner.py:104} INFO - Running: ['***', 'tasks', 'run', 'execute_shell_script', 'execute_script_second', 'scheduled__2026-03-09T08:18:00+00:00', '--job-id', '6770', '--raw', '--subdir', 'DAGS_FOLDER/executeShellScript.py', '--cfg-path', '/tmp/tmpsmo265zy']
[2026-03-09T08:19:23.016+0000] {standard_task_runner.py:105} INFO - Job 6770: Subtask execute_script_second
[2026-03-09T08:19:23.283+0000] {task_command.py:467} INFO - Running <TaskInstance: execute_shell_script.execute_script_second scheduled__2026-03-09T08:18:00+00:00 [running]> on host e96756f86073
[2026-03-09T08:19:23.587+0000] {taskinstance.py:3157} INFO - Exporting env vars: AIRFLOW_CTX_DAG_OWNER='***' AIRFLOW_CTX_DAG_ID='execute_shell_script' AIRFLOW_CTX_TASK_ID='execute_script_second' AIRFLOW_CTX_EXECUTION_DATE='2026-03-09T08:18:00+00:00' AIRFLOW_CTX_TRY_NUMBER='1' AIRFLOW_CTX_DAG_RUN_ID='scheduled__2026-03-09T08:18:00+00:00'
[2026-03-09T08:19:23.590+0000] {logging_mixin.py:190} INFO - Task instance is in running state
[2026-03-09T08:19:23.591+0000] {logging_mixin.py:190} INFO -  Previous state of the Task instance: queued
[2026-03-09T08:19:23.592+0000] {logging_mixin.py:190} INFO - Current task name:execute_script_second state:running start_date:2026-03-09 08:19:22.839017+00:00
[2026-03-09T08:19:23.593+0000] {logging_mixin.py:190} INFO - Dag name:execute_shell_script and current dag run status:running
[2026-03-09T08:19:23.594+0000] {taskinstance.py:740} INFO - ::endgroup::
[2026-03-09T08:19:23.596+0000] {subprocess.py:78} INFO - Tmp dir root location: /tmp
[2026-03-09T08:19:23.598+0000] {subprocess.py:88} INFO - Running command: ['/usr/bin/bash', '-c', 'sh /opt/***/scripts/SampleShellScript.sh /opt/***/scripts/task_output2.txt']
[2026-03-09T08:19:23.636+0000] {subprocess.py:99} INFO - Output:
[2026-03-09T08:19:23.646+0000] {subprocess.py:106} INFO - File '/opt/***/scripts/task_output2.txt' dibuat dengan sample text.
[2026-03-09T08:19:23.648+0000] {subprocess.py:110} INFO - Command exited with return code 0
[2026-03-09T08:19:23.731+0000] {taskinstance.py:349} INFO - ::group::Post task execution logs
[2026-03-09T08:19:23.732+0000] {taskinstance.py:361} INFO - Marking task as SUCCESS. dag_id=execute_shell_script, task_id=execute_script_second, run_id=scheduled__2026-03-09T08:18:00+00:00, execution_date=20260309T081800, start_date=20260309T081922, end_date=20260309T081923
[2026-03-09T08:19:23.824+0000] {logging_mixin.py:190} INFO - Task instance in success state
[2026-03-09T08:19:23.825+0000] {logging_mixin.py:190} INFO -  Previous state of the Task instance: running
[2026-03-09T08:19:23.826+0000] {logging_mixin.py:190} INFO - Dag name:execute_shell_script queued_at:2026-03-09 08:19:00.780624+00:00
[2026-03-09T08:19:23.828+0000] {logging_mixin.py:190} INFO - Task hostname:e96756f86073 operator:BashOperator
[2026-03-09T08:19:23.859+0000] {local_task_job_runner.py:266} INFO - Task exited with return code 0
[2026-03-09T08:19:23.914+0000] {taskinstance.py:3924} INFO - 0 downstream tasks scheduled from follow-on schedule check
[2026-03-09T08:19:23.926+0000] {local_task_job_runner.py:245} INFO - ::endgroup::
