[2026-03-26T04:19:02.619+0000] {local_task_job_runner.py:123} INFO - ::group::Pre task execution logs
[2026-03-26T04:19:02.791+0000] {taskinstance.py:2631} INFO - Dependencies all met for dep_context=non-requeueable deps ti=<TaskInstance: dag_get_data_from_yf.insert_data_task manual__2026-03-26T04:18:17+00:00 map_index=17 [queued]>
[2026-03-26T04:19:02.897+0000] {taskinstance.py:2631} INFO - Dependencies all met for dep_context=requeueable deps ti=<TaskInstance: dag_get_data_from_yf.insert_data_task manual__2026-03-26T04:18:17+00:00 map_index=17 [queued]>
[2026-03-26T04:19:02.898+0000] {taskinstance.py:2884} INFO - Starting attempt 1 of 1
[2026-03-26T04:19:02.980+0000] {taskinstance.py:2907} INFO - Executing <Mapped(SQLExecuteQueryOperator): insert_data_task> on 2026-03-26 04:18:17+00:00
[2026-03-26T04:19:03.055+0000] {logging_mixin.py:190} WARNING - /home/***/.local/lib/python3.12/site-packages/***/task/task_runner/standard_task_runner.py:70 DeprecationWarning: This process (pid=3362) is multi-threaded, use of fork() may lead to deadlocks in the child.
[2026-03-26T04:19:03.069+0000] {standard_task_runner.py:72} INFO - Started process 3670 to run task
[2026-03-26T04:19:03.093+0000] {standard_task_runner.py:104} INFO - Running: ['***', 'tasks', 'run', 'dag_get_data_from_yf', 'insert_data_task', 'manual__2026-03-26T04:18:17+00:00', '--job-id', '110', '--raw', '--subdir', 'DAGS_FOLDER/get_finance_yf_csv.py', '--cfg-path', '/tmp/tmpzxgkink6', '--map-index', '17']
[2026-03-26T04:19:03.101+0000] {standard_task_runner.py:105} INFO - Job 110: Subtask insert_data_task
[2026-03-26T04:19:03.573+0000] {task_command.py:467} INFO - Running <TaskInstance: dag_get_data_from_yf.insert_data_task manual__2026-03-26T04:18:17+00:00 map_index=17 [running]> on host f77800151ff9
[2026-03-26T04:19:04.258+0000] {taskinstance.py:3157} INFO - Exporting env vars: AIRFLOW_CTX_DAG_OWNER='***' AIRFLOW_CTX_DAG_ID='dag_get_data_from_yf' AIRFLOW_CTX_TASK_ID='insert_data_task' AIRFLOW_CTX_EXECUTION_DATE='2026-03-26T04:18:17+00:00' AIRFLOW_CTX_TRY_NUMBER='1' AIRFLOW_CTX_DAG_RUN_ID='manual__2026-03-26T04:18:17+00:00'
[2026-03-26T04:19:04.261+0000] {taskinstance.py:740} INFO - ::endgroup::
[2026-03-26T04:19:04.282+0000] {sql.py:410} INFO - Executing:  INSERT INTO indonesian_stocks (date, ticker, close, high, low, open, inserted_at_timestamp_wib) 
                VALUES ('2026-03-06', 'BMRI.JK', '4980.0', '5100.0', '4950.0', '5075.0', '2026-03-26 11:12:03' )
                ON CONFLICT (date, ticker) DO NOTHING; 
[2026-03-26T04:19:04.290+0000] {crypto.py:82} WARNING - empty cryptography key - values will not be stored encrypted.
[2026-03-26T04:19:04.293+0000] {base.py:84} INFO - Retrieving connection 'db_custom'
[2026-03-26T04:19:04.311+0000] {base.py:84} INFO - Retrieving connection 'db_custom'
[2026-03-26T04:19:04.347+0000] {sql.py:861} INFO - Running statement:  INSERT INTO indonesian_stocks (date, ticker, close, high, low, open, inserted_at_timestamp_wib) 
                VALUES ('2026-03-06', 'BMRI.JK', '4980.0', '5100.0', '4950.0', '5075.0', '2026-03-26 11:12:03' )
                ON CONFLICT (date, ticker) DO NOTHING; , parameters: None
[2026-03-26T04:19:04.371+0000] {sql.py:879} INFO - Rows affected: 0
[2026-03-26T04:19:04.460+0000] {taskinstance.py:349} INFO - ::group::Post task execution logs
[2026-03-26T04:19:04.461+0000] {taskinstance.py:361} INFO - Marking task as SUCCESS. dag_id=dag_get_data_from_yf, task_id=insert_data_task, run_id=manual__2026-03-26T04:18:17+00:00, map_index=17, execution_date=20260326T041817, start_date=20260326T041902, end_date=20260326T041904
[2026-03-26T04:19:04.751+0000] {local_task_job_runner.py:266} INFO - Task exited with return code 0
[2026-03-26T04:19:04.913+0000] {taskinstance.py:3924} INFO - 0 downstream tasks scheduled from follow-on schedule check
[2026-03-26T04:19:04.966+0000] {local_task_job_runner.py:245} INFO - ::endgroup::
