[2026-03-27T09:52:26.042+0000] {local_task_job_runner.py:123} INFO - ::group::Pre task execution logs
[2026-03-27T09:52:26.225+0000] {taskinstance.py:2631} INFO - Dependencies all met for dep_context=non-requeueable deps ti=<TaskInstance: dag_get_data_from_yf.insert_data_task manual__2026-03-27T09:51:56+00:00 map_index=1 [queued]>
[2026-03-27T09:52:26.266+0000] {taskinstance.py:2631} INFO - Dependencies all met for dep_context=requeueable deps ti=<TaskInstance: dag_get_data_from_yf.insert_data_task manual__2026-03-27T09:51:56+00:00 map_index=1 [queued]>
[2026-03-27T09:52:26.270+0000] {taskinstance.py:2884} INFO - Starting attempt 1 of 1
[2026-03-27T09:52:26.352+0000] {taskinstance.py:2907} INFO - Executing <Mapped(SQLExecuteQueryOperator): insert_data_task> on 2026-03-27 09:51:56+00:00
[2026-03-27T09:52:26.447+0000] {logging_mixin.py:190} WARNING - /home/***/.local/lib/python3.12/site-packages/***/task/task_runner/standard_task_runner.py:70 DeprecationWarning: This process (pid=712) is multi-threaded, use of fork() may lead to deadlocks in the child.
[2026-03-27T09:52:26.463+0000] {standard_task_runner.py:72} INFO - Started process 984 to run task
[2026-03-27T09:52:26.451+0000] {standard_task_runner.py:104} INFO - Running: ['***', 'tasks', 'run', 'dag_get_data_from_yf', 'insert_data_task', 'manual__2026-03-27T09:51:56+00:00', '--job-id', '710', '--raw', '--subdir', 'DAGS_FOLDER/get_finance_yf_csv.py', '--cfg-path', '/tmp/tmp9948kjt1', '--map-index', '1']
[2026-03-27T09:52:26.465+0000] {standard_task_runner.py:105} INFO - Job 710: Subtask insert_data_task
[2026-03-27T09:52:26.734+0000] {task_command.py:467} INFO - Running <TaskInstance: dag_get_data_from_yf.insert_data_task manual__2026-03-27T09:51:56+00:00 map_index=1 [running]> on host 7a865275eb00
[2026-03-27T09:52:27.422+0000] {taskinstance.py:3157} INFO - Exporting env vars: AIRFLOW_CTX_DAG_OWNER='***' AIRFLOW_CTX_DAG_ID='dag_get_data_from_yf' AIRFLOW_CTX_TASK_ID='insert_data_task' AIRFLOW_CTX_EXECUTION_DATE='2026-03-27T09:51:56+00:00' AIRFLOW_CTX_TRY_NUMBER='1' AIRFLOW_CTX_DAG_RUN_ID='manual__2026-03-27T09:51:56+00:00'
[2026-03-27T09:52:27.628+0000] {taskinstance.py:740} INFO - ::endgroup::
[2026-03-27T09:52:27.683+0000] {sql.py:410} INFO - Executing: INSERT INTO indonesian_stocks (
    date, 
    ticker, 
    close, 
    high, 
    low, 
    open, 
    inserted_at_timestamp_wib
) 
VALUES (
    '2026-03-27', 
    'BBRI.JK', 
    3420.0, 
    3490.0, 
    3420.0, 
    3460.0, 
    '2026-03-27 16:50:39' 
)
ON CONFLICT (date, ticker) 
DO NOTHING;
[2026-03-27T09:52:27.686+0000] {crypto.py:82} WARNING - empty cryptography key - values will not be stored encrypted.
[2026-03-27T09:52:27.688+0000] {base.py:84} INFO - Retrieving connection 'db_custom'
[2026-03-27T09:52:27.719+0000] {base.py:84} INFO - Retrieving connection 'db_custom'
[2026-03-27T09:52:27.788+0000] {sql.py:861} INFO - Running statement: INSERT INTO indonesian_stocks (
    date, 
    ticker, 
    close, 
    high, 
    low, 
    open, 
    inserted_at_timestamp_wib
) 
VALUES (
    '2026-03-27', 
    'BBRI.JK', 
    3420.0, 
    3490.0, 
    3420.0, 
    3460.0, 
    '2026-03-27 16:50:39' 
)
ON CONFLICT (date, ticker) 
DO NOTHING;, parameters: None
[2026-03-27T09:52:27.807+0000] {sql.py:879} INFO - Rows affected: 0
[2026-03-27T09:52:27.862+0000] {taskinstance.py:349} INFO - ::group::Post task execution logs
[2026-03-27T09:52:27.863+0000] {taskinstance.py:361} INFO - Marking task as SUCCESS. dag_id=dag_get_data_from_yf, task_id=insert_data_task, run_id=manual__2026-03-27T09:51:56+00:00, map_index=1, execution_date=20260327T095156, start_date=20260327T095226, end_date=20260327T095227
[2026-03-27T09:52:28.116+0000] {local_task_job_runner.py:266} INFO - Task exited with return code 0
[2026-03-27T09:52:28.265+0000] {taskinstance.py:3924} INFO - 0 downstream tasks scheduled from follow-on schedule check
[2026-03-27T09:52:28.297+0000] {local_task_job_runner.py:245} INFO - ::endgroup::
