[2026-03-09T02:03:47.281+0000] {local_task_job_runner.py:123} INFO - ::group::Pre task execution logs
[2026-03-09T02:03:47.337+0000] {taskinstance.py:2631} INFO - Dependencies all met for dep_context=non-requeueable deps ti=<TaskInstance: dag_get_data_from_yf.trigger_load_data_dag scheduled__2026-03-09T02:02:00+00:00 [queued]>
[2026-03-09T02:03:47.360+0000] {taskinstance.py:2631} INFO - Dependencies all met for dep_context=requeueable deps ti=<TaskInstance: dag_get_data_from_yf.trigger_load_data_dag scheduled__2026-03-09T02:02:00+00:00 [queued]>
[2026-03-09T02:03:47.361+0000] {taskinstance.py:2884} INFO - Starting attempt 1 of 1
[2026-03-09T02:03:47.392+0000] {taskinstance.py:2907} INFO - Executing <Task(TriggerDagRunOperator): trigger_load_data_dag> on 2026-03-09 02:02:00+00:00
[2026-03-09T02:03:47.408+0000] {warnings.py:112} WARNING - /home/***/.local/lib/python3.12/site-packages/***/task/task_runner/standard_task_runner.py:70: DeprecationWarning: This process (pid=802) is multi-threaded, use of fork() may lead to deadlocks in the child.
  pid = os.fork()

[2026-03-09T02:03:47.410+0000] {standard_task_runner.py:72} INFO - Started process 811 to run task
[2026-03-09T02:03:47.413+0000] {standard_task_runner.py:104} INFO - Running: ['***', 'tasks', 'run', 'dag_get_data_from_yf', 'trigger_load_data_dag', 'scheduled__2026-03-09T02:02:00+00:00', '--job-id', '4677', '--raw', '--subdir', 'DAGS_FOLDER/get_finance_yf_csv.py', '--cfg-path', '/tmp/tmpl0pauw1v']
[2026-03-09T02:03:47.414+0000] {standard_task_runner.py:105} INFO - Job 4677: Subtask trigger_load_data_dag
[2026-03-09T02:03:47.518+0000] {task_command.py:467} INFO - Running <TaskInstance: dag_get_data_from_yf.trigger_load_data_dag scheduled__2026-03-09T02:02:00+00:00 [running]> on host 0b29540d368e
[2026-03-09T02:03:47.729+0000] {taskinstance.py:3157} INFO - Exporting env vars: AIRFLOW_CTX_DAG_OWNER='***' AIRFLOW_CTX_DAG_ID='dag_get_data_from_yf' AIRFLOW_CTX_TASK_ID='trigger_load_data_dag' AIRFLOW_CTX_EXECUTION_DATE='2026-03-09T02:02:00+00:00' AIRFLOW_CTX_TRY_NUMBER='1' AIRFLOW_CTX_DAG_RUN_ID='scheduled__2026-03-09T02:02:00+00:00'
[2026-03-09T02:03:47.731+0000] {logging_mixin.py:190} INFO - Task instance is in running state
[2026-03-09T02:03:47.731+0000] {logging_mixin.py:190} INFO -  Previous state of the Task instance: queued
[2026-03-09T02:03:47.731+0000] {logging_mixin.py:190} INFO - Current task name:trigger_load_data_dag state:running start_date:2026-03-09 02:03:47.338745+00:00
[2026-03-09T02:03:47.732+0000] {logging_mixin.py:190} INFO - Dag name:dag_get_data_from_yf and current dag run status:running
[2026-03-09T02:03:47.732+0000] {taskinstance.py:740} INFO - ::endgroup::
[2026-03-09T02:03:47.929+0000] {taskinstance.py:349} INFO - ::group::Post task execution logs
[2026-03-09T02:03:47.930+0000] {taskinstance.py:361} INFO - Marking task as SUCCESS. dag_id=dag_get_data_from_yf, task_id=trigger_load_data_dag, run_id=scheduled__2026-03-09T02:02:00+00:00, execution_date=20260309T020200, start_date=20260309T020347, end_date=20260309T020347
[2026-03-09T02:03:47.978+0000] {logging_mixin.py:190} INFO - Task instance in success state
[2026-03-09T02:03:47.978+0000] {logging_mixin.py:190} INFO -  Previous state of the Task instance: running
[2026-03-09T02:03:47.979+0000] {logging_mixin.py:190} INFO - Dag name:dag_get_data_from_yf queued_at:2026-03-09 02:03:00.799284+00:00
[2026-03-09T02:03:47.979+0000] {logging_mixin.py:190} INFO - Task hostname:0b29540d368e operator:TriggerDagRunOperator
[2026-03-09T02:03:47.995+0000] {local_task_job_runner.py:266} INFO - Task exited with return code 0
[2026-03-09T02:03:48.034+0000] {taskinstance.py:3924} INFO - 0 downstream tasks scheduled from follow-on schedule check
[2026-03-09T02:03:48.037+0000] {local_task_job_runner.py:245} INFO - ::endgroup::
