[2026-03-30T10:00:08.733+0000] {local_task_job_runner.py:123} INFO - ::group::Pre task execution logs
[2026-03-30T10:00:08.799+0000] {taskinstance.py:2631} INFO - Dependencies all met for dep_context=non-requeueable deps ti=<TaskInstance: dag_get_data_from_yf.olhc_branching.get_csv_close scheduled__2026-03-27T10:00:00+00:00 [queued]>
[2026-03-30T10:00:08.822+0000] {taskinstance.py:2631} INFO - Dependencies all met for dep_context=requeueable deps ti=<TaskInstance: dag_get_data_from_yf.olhc_branching.get_csv_close scheduled__2026-03-27T10:00:00+00:00 [queued]>
[2026-03-30T10:00:08.823+0000] {taskinstance.py:2884} INFO - Starting attempt 1 of 1
[2026-03-30T10:00:08.848+0000] {taskinstance.py:2907} INFO - Executing <Task(_PythonDecoratedOperator): olhc_branching.get_csv_close> on 2026-03-27 10:00:00+00:00
[2026-03-30T10:00:08.880+0000] {logging_mixin.py:190} WARNING - /home/***/.local/lib/python3.12/site-packages/***/task/task_runner/standard_task_runner.py:70 DeprecationWarning: This process (pid=19473) is multi-threaded, use of fork() may lead to deadlocks in the child.
[2026-03-30T10:00:08.881+0000] {standard_task_runner.py:104} INFO - Running: ['***', 'tasks', 'run', 'dag_get_data_from_yf', 'olhc_branching.get_csv_close', 'scheduled__2026-03-27T10:00:00+00:00', '--job-id', '976', '--raw', '--subdir', 'DAGS_FOLDER/get_finance_yf_csv.py', '--cfg-path', '/tmp/tmpqevis1ym']
[2026-03-30T10:00:08.885+0000] {standard_task_runner.py:105} INFO - Job 976: Subtask olhc_branching.get_csv_close
[2026-03-30T10:00:08.885+0000] {standard_task_runner.py:72} INFO - Started process 19539 to run task
[2026-03-30T10:00:09.038+0000] {task_command.py:467} INFO - Running <TaskInstance: dag_get_data_from_yf.olhc_branching.get_csv_close scheduled__2026-03-27T10:00:00+00:00 [running]> on host 42116767826c
[2026-03-30T10:00:09.297+0000] {taskinstance.py:3157} INFO - Exporting env vars: AIRFLOW_CTX_DAG_OWNER='***' AIRFLOW_CTX_DAG_ID='dag_get_data_from_yf' AIRFLOW_CTX_TASK_ID='olhc_branching.get_csv_close' AIRFLOW_CTX_EXECUTION_DATE='2026-03-27T10:00:00+00:00' AIRFLOW_CTX_TRY_NUMBER='1' AIRFLOW_CTX_DAG_RUN_ID='scheduled__2026-03-27T10:00:00+00:00'
[2026-03-30T10:00:09.299+0000] {taskinstance.py:740} INFO - ::endgroup::
[2026-03-30T10:00:09.320+0000] {logging_mixin.py:190} INFO - Data saved to /opt/***/scripts/saham_indonesia_close.csv
[2026-03-30T10:00:09.321+0000] {python.py:240} INFO - Done. Returned value was: /opt/***/scripts/saham_indonesia_close.csv
[2026-03-30T10:00:09.384+0000] {taskinstance.py:349} INFO - ::group::Post task execution logs
[2026-03-30T10:00:09.385+0000] {taskinstance.py:361} INFO - Marking task as SUCCESS. dag_id=dag_get_data_from_yf, task_id=olhc_branching.get_csv_close, run_id=scheduled__2026-03-27T10:00:00+00:00, execution_date=20260327T100000, start_date=20260330T100008, end_date=20260330T100009
[2026-03-30T10:00:09.475+0000] {local_task_job_runner.py:266} INFO - Task exited with return code 0
[2026-03-30T10:00:09.500+0000] {local_task_job_runner.py:245} INFO - ::endgroup::
[2026-03-31T04:14:43.733+0000] {local_task_job_runner.py:123} INFO - ::group::Pre task execution logs
[2026-03-31T04:14:43.824+0000] {taskinstance.py:2631} INFO - Dependencies all met for dep_context=non-requeueable deps ti=<TaskInstance: dag_get_data_from_yf.olhc_branching.get_csv_close scheduled__2026-03-27T10:00:00+00:00 [queued]>
[2026-03-31T04:14:43.862+0000] {taskinstance.py:2631} INFO - Dependencies all met for dep_context=requeueable deps ti=<TaskInstance: dag_get_data_from_yf.olhc_branching.get_csv_close scheduled__2026-03-27T10:00:00+00:00 [queued]>
[2026-03-31T04:14:43.863+0000] {taskinstance.py:2884} INFO - Starting attempt 1 of 1
[2026-03-31T04:14:43.927+0000] {taskinstance.py:2907} INFO - Executing <Task(_PythonDecoratedOperator): olhc_branching.get_csv_close> on 2026-03-27 10:00:00+00:00
[2026-03-31T04:14:43.973+0000] {logging_mixin.py:190} WARNING - /home/***/.local/lib/python3.12/site-packages/***/task/task_runner/standard_task_runner.py:70 DeprecationWarning: This process (pid=2572) is multi-threaded, use of fork() may lead to deadlocks in the child.
[2026-03-31T04:14:43.974+0000] {standard_task_runner.py:104} INFO - Running: ['***', 'tasks', 'run', 'dag_get_data_from_yf', 'olhc_branching.get_csv_close', 'scheduled__2026-03-27T10:00:00+00:00', '--job-id', '1024', '--raw', '--subdir', 'DAGS_FOLDER/get_finance_yf_csv.py', '--cfg-path', '/tmp/tmphyevy9hc']
[2026-03-31T04:14:43.977+0000] {standard_task_runner.py:72} INFO - Started process 2638 to run task
[2026-03-31T04:14:43.977+0000] {standard_task_runner.py:105} INFO - Job 1024: Subtask olhc_branching.get_csv_close
[2026-03-31T04:14:44.249+0000] {task_command.py:467} INFO - Running <TaskInstance: dag_get_data_from_yf.olhc_branching.get_csv_close scheduled__2026-03-27T10:00:00+00:00 [running]> on host 77c1549707cf
[2026-03-31T04:14:44.604+0000] {taskinstance.py:3157} INFO - Exporting env vars: AIRFLOW_CTX_DAG_OWNER='***' AIRFLOW_CTX_DAG_ID='dag_get_data_from_yf' AIRFLOW_CTX_TASK_ID='olhc_branching.get_csv_close' AIRFLOW_CTX_EXECUTION_DATE='2026-03-27T10:00:00+00:00' AIRFLOW_CTX_TRY_NUMBER='1' AIRFLOW_CTX_DAG_RUN_ID='scheduled__2026-03-27T10:00:00+00:00'
[2026-03-31T04:14:44.611+0000] {taskinstance.py:740} INFO - ::endgroup::
[2026-03-31T04:14:44.660+0000] {logging_mixin.py:190} INFO - Data saved to /opt/***/scripts/saham_indonesia_close.csv
[2026-03-31T04:14:44.661+0000] {python.py:240} INFO - Done. Returned value was: /opt/***/scripts/saham_indonesia_close.csv
[2026-03-31T04:14:44.735+0000] {taskinstance.py:349} INFO - ::group::Post task execution logs
[2026-03-31T04:14:44.736+0000] {taskinstance.py:361} INFO - Marking task as SUCCESS. dag_id=dag_get_data_from_yf, task_id=olhc_branching.get_csv_close, run_id=scheduled__2026-03-27T10:00:00+00:00, execution_date=20260327T100000, start_date=20260331T041443, end_date=20260331T041444
[2026-03-31T04:14:44.830+0000] {local_task_job_runner.py:266} INFO - Task exited with return code 0
[2026-03-31T04:14:44.917+0000] {taskinstance.py:3924} INFO - 0 downstream tasks scheduled from follow-on schedule check
[2026-03-31T04:14:44.922+0000] {local_task_job_runner.py:245} INFO - ::endgroup::
[2026-03-31T08:01:46.251+0000] {local_task_job_runner.py:123} INFO - ::group::Pre task execution logs
[2026-03-31T08:01:46.337+0000] {taskinstance.py:2631} INFO - Dependencies all met for dep_context=non-requeueable deps ti=<TaskInstance: dag_get_data_from_yf.olhc_branching.get_csv_close scheduled__2026-03-27T10:00:00+00:00 [queued]>
[2026-03-31T08:01:46.358+0000] {taskinstance.py:2631} INFO - Dependencies all met for dep_context=requeueable deps ti=<TaskInstance: dag_get_data_from_yf.olhc_branching.get_csv_close scheduled__2026-03-27T10:00:00+00:00 [queued]>
[2026-03-31T08:01:46.359+0000] {taskinstance.py:2884} INFO - Starting attempt 1 of 1
[2026-03-31T08:01:46.382+0000] {taskinstance.py:2907} INFO - Executing <Task(_PythonDecoratedOperator): olhc_branching.get_csv_close> on 2026-03-27 10:00:00+00:00
[2026-03-31T08:01:46.408+0000] {logging_mixin.py:190} WARNING - /home/***/.local/lib/python3.12/site-packages/***/task/task_runner/standard_task_runner.py:70 DeprecationWarning: This process (pid=735) is multi-threaded, use of fork() may lead to deadlocks in the child.
[2026-03-31T08:01:46.410+0000] {standard_task_runner.py:72} INFO - Started process 806 to run task
[2026-03-31T08:01:46.408+0000] {standard_task_runner.py:104} INFO - Running: ['***', 'tasks', 'run', 'dag_get_data_from_yf', 'olhc_branching.get_csv_close', 'scheduled__2026-03-27T10:00:00+00:00', '--job-id', '1098', '--raw', '--subdir', 'DAGS_FOLDER/get_finance_yf_csv.py', '--cfg-path', '/tmp/tmpxgm1fwfm']
[2026-03-31T08:01:46.410+0000] {standard_task_runner.py:105} INFO - Job 1098: Subtask olhc_branching.get_csv_close
[2026-03-31T08:01:46.564+0000] {task_command.py:467} INFO - Running <TaskInstance: dag_get_data_from_yf.olhc_branching.get_csv_close scheduled__2026-03-27T10:00:00+00:00 [running]> on host 3786aeb64ba3
[2026-03-31T08:01:46.809+0000] {taskinstance.py:3157} INFO - Exporting env vars: AIRFLOW_CTX_DAG_OWNER='***' AIRFLOW_CTX_DAG_ID='dag_get_data_from_yf' AIRFLOW_CTX_TASK_ID='olhc_branching.get_csv_close' AIRFLOW_CTX_EXECUTION_DATE='2026-03-27T10:00:00+00:00' AIRFLOW_CTX_TRY_NUMBER='1' AIRFLOW_CTX_DAG_RUN_ID='scheduled__2026-03-27T10:00:00+00:00'
[2026-03-31T08:01:46.813+0000] {taskinstance.py:740} INFO - ::endgroup::
[2026-03-31T08:01:46.835+0000] {logging_mixin.py:190} INFO - Data saved to /opt/***/scripts/saham_indonesia_close.csv
[2026-03-31T08:01:46.835+0000] {python.py:240} INFO - Done. Returned value was: /opt/***/scripts/saham_indonesia_close.csv
[2026-03-31T08:01:46.894+0000] {taskinstance.py:349} INFO - ::group::Post task execution logs
[2026-03-31T08:01:46.895+0000] {taskinstance.py:361} INFO - Marking task as SUCCESS. dag_id=dag_get_data_from_yf, task_id=olhc_branching.get_csv_close, run_id=scheduled__2026-03-27T10:00:00+00:00, execution_date=20260327T100000, start_date=20260331T080146, end_date=20260331T080146
[2026-03-31T08:01:46.973+0000] {local_task_job_runner.py:266} INFO - Task exited with return code 0
[2026-03-31T08:01:46.998+0000] {local_task_job_runner.py:245} INFO - ::endgroup::
