[2026-03-25T02:54:01.767+0000] {local_task_job_runner.py:123} INFO - ::group::Pre task execution logs
[2026-03-25T02:54:01.813+0000] {taskinstance.py:2631} INFO - Dependencies all met for dep_context=non-requeueable deps ti=<TaskInstance: dag_get_data_from_yf.create_table_task manual__2026-03-25T02:53:16+00:00 [queued]>
[2026-03-25T02:54:01.826+0000] {taskinstance.py:2631} INFO - Dependencies all met for dep_context=requeueable deps ti=<TaskInstance: dag_get_data_from_yf.create_table_task manual__2026-03-25T02:53:16+00:00 [queued]>
[2026-03-25T02:54:01.827+0000] {taskinstance.py:2884} INFO - Starting attempt 1 of 1
[2026-03-25T02:54:01.847+0000] {taskinstance.py:2907} INFO - Executing <Task(SQLExecuteQueryOperator): create_table_task> on 2026-03-25 02:53:16+00:00
[2026-03-25T02:54:01.862+0000] {warnings.py:112} WARNING - /home/***/.local/lib/python3.12/site-packages/***/task/task_runner/standard_task_runner.py:70: DeprecationWarning: This process (pid=229) is multi-threaded, use of fork() may lead to deadlocks in the child.
  pid = os.fork()

[2026-03-25T02:54:01.867+0000] {standard_task_runner.py:72} INFO - Started process 231 to run task
[2026-03-25T02:54:01.868+0000] {standard_task_runner.py:104} INFO - Running: ['***', 'tasks', 'run', 'dag_get_data_from_yf', 'create_table_task', 'manual__2026-03-25T02:53:16+00:00', '--job-id', '2659', '--raw', '--subdir', 'DAGS_FOLDER/get_finance_yf_csv.py', '--cfg-path', '/tmp/tmp6legefv2']
[2026-03-25T02:54:01.870+0000] {standard_task_runner.py:105} INFO - Job 2659: Subtask create_table_task
[2026-03-25T02:54:01.987+0000] {task_command.py:467} INFO - Running <TaskInstance: dag_get_data_from_yf.create_table_task manual__2026-03-25T02:53:16+00:00 [running]> on host 2cd601aaa810
[2026-03-25T02:54:02.225+0000] {taskinstance.py:3157} INFO - Exporting env vars: AIRFLOW_CTX_DAG_OWNER='***' AIRFLOW_CTX_DAG_ID='dag_get_data_from_yf' AIRFLOW_CTX_TASK_ID='create_table_task' AIRFLOW_CTX_EXECUTION_DATE='2026-03-25T02:53:16+00:00' AIRFLOW_CTX_TRY_NUMBER='1' AIRFLOW_CTX_DAG_RUN_ID='manual__2026-03-25T02:53:16+00:00'
[2026-03-25T02:54:02.227+0000] {logging_mixin.py:190} INFO - Task instance is in running state
[2026-03-25T02:54:02.228+0000] {logging_mixin.py:190} INFO -  Previous state of the Task instance: queued
[2026-03-25T02:54:02.228+0000] {logging_mixin.py:190} INFO - Current task name:create_table_task state:running start_date:2026-03-25 02:54:01.814380+00:00
[2026-03-25T02:54:02.229+0000] {logging_mixin.py:190} INFO - Dag name:dag_get_data_from_yf and current dag run status:running
[2026-03-25T02:54:02.231+0000] {taskinstance.py:740} INFO - ::endgroup::
[2026-03-25T02:54:02.232+0000] {sql.py:410} INFO - Executing:  CREATE TABLE IF NOT EXISTS indonesian_stocks (
                date DATE,
                ticker VARCHAR(7),
                close FLOAT,
                high FLOAT,
                low FLOAT,
                open FLOAT,
                inserted_at_timestamp_wib TIMESTAMP,
                PRIMARY KEY (date, ticker)
            ); 
[2026-03-25T02:54:02.233+0000] {crypto.py:82} WARNING - empty cryptography key - values will not be stored encrypted.
[2026-03-25T02:54:02.234+0000] {base.py:84} INFO - Retrieving connection 'db_custom'
[2026-03-25T02:54:02.248+0000] {base.py:84} INFO - Retrieving connection 'db_custom'
[2026-03-25T02:54:02.263+0000] {sql.py:861} INFO - Running statement:  CREATE TABLE IF NOT EXISTS indonesian_stocks (
                date DATE,
                ticker VARCHAR(7),
                close FLOAT,
                high FLOAT,
                low FLOAT,
                open FLOAT,
                inserted_at_timestamp_wib TIMESTAMP,
                PRIMARY KEY (date, ticker)
            ); , parameters: None
[2026-03-25T02:54:02.297+0000] {taskinstance.py:349} INFO - ::group::Post task execution logs
[2026-03-25T02:54:02.297+0000] {taskinstance.py:361} INFO - Marking task as SUCCESS. dag_id=dag_get_data_from_yf, task_id=create_table_task, run_id=manual__2026-03-25T02:53:16+00:00, execution_date=20260325T025316, start_date=20260325T025401, end_date=20260325T025402
[2026-03-25T02:54:02.350+0000] {logging_mixin.py:190} INFO - Task instance in success state
[2026-03-25T02:54:02.351+0000] {logging_mixin.py:190} INFO -  Previous state of the Task instance: running
[2026-03-25T02:54:02.351+0000] {logging_mixin.py:190} INFO - Dag name:dag_get_data_from_yf queued_at:2026-03-25 02:53:23.745767+00:00
[2026-03-25T02:54:02.352+0000] {logging_mixin.py:190} INFO - Task hostname:2cd601aaa810 operator:SQLExecuteQueryOperator
[2026-03-25T02:54:02.367+0000] {local_task_job_runner.py:266} INFO - Task exited with return code 0
[2026-03-25T02:54:02.389+0000] {local_task_job_runner.py:245} INFO - ::endgroup::
