[2026-03-13T15:38:32.852+0000] {local_task_job_runner.py:123} INFO - ::group::Pre task execution logs
[2026-03-13T15:38:32.900+0000] {taskinstance.py:2631} INFO - Dependencies all met for dep_context=non-requeueable deps ti=<TaskInstance: dag_get_data_from_yf.trigger_load_data_dag manual__2026-03-13T15:37:14+00:00 [queued]>
[2026-03-13T15:38:32.914+0000] {taskinstance.py:2631} INFO - Dependencies all met for dep_context=requeueable deps ti=<TaskInstance: dag_get_data_from_yf.trigger_load_data_dag manual__2026-03-13T15:37:14+00:00 [queued]>
[2026-03-13T15:38:32.915+0000] {taskinstance.py:2884} INFO - Starting attempt 1 of 1
[2026-03-13T15:38:32.935+0000] {taskinstance.py:2907} INFO - Executing <Task(TriggerDagRunOperator): trigger_load_data_dag> on 2026-03-13 15:37:14+00:00
[2026-03-13T15:38:32.949+0000] {warnings.py:112} WARNING - /home/***/.local/lib/python3.12/site-packages/***/task/task_runner/standard_task_runner.py:70: DeprecationWarning: This process (pid=485) is multi-threaded, use of fork() may lead to deadlocks in the child.
  pid = os.fork()

[2026-03-13T15:38:32.952+0000] {standard_task_runner.py:72} INFO - Started process 487 to run task
[2026-03-13T15:38:32.954+0000] {standard_task_runner.py:104} INFO - Running: ['***', 'tasks', 'run', 'dag_get_data_from_yf', 'trigger_load_data_dag', 'manual__2026-03-13T15:37:14+00:00', '--job-id', '13701', '--raw', '--subdir', 'DAGS_FOLDER/get_finance_yf_csv.py', '--cfg-path', '/tmp/tmp0lwk4j45']
[2026-03-13T15:38:32.957+0000] {standard_task_runner.py:105} INFO - Job 13701: Subtask trigger_load_data_dag
[2026-03-13T15:38:33.048+0000] {task_command.py:467} INFO - Running <TaskInstance: dag_get_data_from_yf.trigger_load_data_dag manual__2026-03-13T15:37:14+00:00 [running]> on host 5ace8f3c5d5d
[2026-03-13T15:38:33.219+0000] {taskinstance.py:3157} INFO - Exporting env vars: AIRFLOW_CTX_DAG_OWNER='***' AIRFLOW_CTX_DAG_ID='dag_get_data_from_yf' AIRFLOW_CTX_TASK_ID='trigger_load_data_dag' AIRFLOW_CTX_EXECUTION_DATE='2026-03-13T15:37:14+00:00' AIRFLOW_CTX_TRY_NUMBER='1' AIRFLOW_CTX_DAG_RUN_ID='manual__2026-03-13T15:37:14+00:00'
[2026-03-13T15:38:33.221+0000] {logging_mixin.py:190} INFO - Task instance is in running state
[2026-03-13T15:38:33.221+0000] {logging_mixin.py:190} INFO -  Previous state of the Task instance: queued
[2026-03-13T15:38:33.222+0000] {logging_mixin.py:190} INFO - Current task name:trigger_load_data_dag state:running start_date:2026-03-13 15:38:32.901108+00:00
[2026-03-13T15:38:33.223+0000] {logging_mixin.py:190} INFO - Dag name:dag_get_data_from_yf and current dag run status:running
[2026-03-13T15:38:33.224+0000] {taskinstance.py:740} INFO - ::endgroup::
[2026-03-13T15:38:33.406+0000] {taskinstance.py:349} INFO - ::group::Post task execution logs
[2026-03-13T15:38:33.407+0000] {taskinstance.py:361} INFO - Marking task as SUCCESS. dag_id=dag_get_data_from_yf, task_id=trigger_load_data_dag, run_id=manual__2026-03-13T15:37:14+00:00, execution_date=20260313T153714, start_date=20260313T153832, end_date=20260313T153833
[2026-03-13T15:38:33.457+0000] {logging_mixin.py:190} INFO - Task instance in success state
[2026-03-13T15:38:33.458+0000] {logging_mixin.py:190} INFO -  Previous state of the Task instance: running
[2026-03-13T15:38:33.459+0000] {logging_mixin.py:190} INFO - Dag name:dag_get_data_from_yf queued_at:2026-03-13 15:37:52.683435+00:00
[2026-03-13T15:38:33.459+0000] {logging_mixin.py:190} INFO - Task hostname:5ace8f3c5d5d operator:TriggerDagRunOperator
[2026-03-13T15:38:33.479+0000] {local_task_job_runner.py:266} INFO - Task exited with return code 0
[2026-03-13T15:38:33.512+0000] {taskinstance.py:3924} INFO - 0 downstream tasks scheduled from follow-on schedule check
[2026-03-13T15:38:33.515+0000] {local_task_job_runner.py:245} INFO - ::endgroup::
