[2026-03-27T10:00:36.484+0000] {local_task_job_runner.py:123} INFO - ::group::Pre task execution logs
[2026-03-27T10:00:36.598+0000] {taskinstance.py:2631} INFO - Dependencies all met for dep_context=non-requeueable deps ti=<TaskInstance: dag_get_data_from_yf.insert_data_task scheduled__2026-03-26T10:00:00+00:00 map_index=27 [queued]>
[2026-03-27T10:00:36.625+0000] {taskinstance.py:2631} INFO - Dependencies all met for dep_context=requeueable deps ti=<TaskInstance: dag_get_data_from_yf.insert_data_task scheduled__2026-03-26T10:00:00+00:00 map_index=27 [queued]>
[2026-03-27T10:00:36.626+0000] {taskinstance.py:2884} INFO - Starting attempt 1 of 1
[2026-03-27T10:00:36.670+0000] {taskinstance.py:2907} INFO - Executing <Mapped(SQLExecuteQueryOperator): insert_data_task> on 2026-03-26 10:00:00+00:00
[2026-03-27T10:00:36.721+0000] {logging_mixin.py:190} WARNING - /home/***/.local/lib/python3.12/site-packages/***/task/task_runner/standard_task_runner.py:70 DeprecationWarning: This process (pid=2880) is multi-threaded, use of fork() may lead to deadlocks in the child.
[2026-03-27T10:00:36.718+0000] {standard_task_runner.py:104} INFO - Running: ['***', 'tasks', 'run', 'dag_get_data_from_yf', 'insert_data_task', 'scheduled__2026-03-26T10:00:00+00:00', '--job-id', '804', '--raw', '--subdir', 'DAGS_FOLDER/get_finance_yf_csv.py', '--cfg-path', '/tmp/tmp5ga82yln', '--map-index', '27']
[2026-03-27T10:00:36.724+0000] {standard_task_runner.py:72} INFO - Started process 3045 to run task
[2026-03-27T10:00:36.724+0000] {standard_task_runner.py:105} INFO - Job 804: Subtask insert_data_task
[2026-03-27T10:00:37.024+0000] {task_command.py:467} INFO - Running <TaskInstance: dag_get_data_from_yf.insert_data_task scheduled__2026-03-26T10:00:00+00:00 map_index=27 [running]> on host 7a865275eb00
[2026-03-27T10:00:37.413+0000] {taskinstance.py:3157} INFO - Exporting env vars: AIRFLOW_CTX_DAG_OWNER='***' AIRFLOW_CTX_DAG_ID='dag_get_data_from_yf' AIRFLOW_CTX_TASK_ID='insert_data_task' AIRFLOW_CTX_EXECUTION_DATE='2026-03-26T10:00:00+00:00' AIRFLOW_CTX_TRY_NUMBER='1' AIRFLOW_CTX_DAG_RUN_ID='scheduled__2026-03-26T10:00:00+00:00'
[2026-03-27T10:00:37.415+0000] {taskinstance.py:740} INFO - ::endgroup::
[2026-03-27T10:00:37.420+0000] {sql.py:410} INFO - Executing: INSERT INTO indonesian_stocks (
    date, 
    ticker, 
    close, 
    high, 
    low, 
    open, 
    inserted_at_timestamp_wib
) 
VALUES (
    '2026-03-12', 
    'BBCA.JK', 
    6900.0, 
    7025.0, 
    6825.0, 
    6825.0, 
    '2026-03-27 16:57:23' 
)
ON CONFLICT (date, ticker) 
DO NOTHING;
[2026-03-27T10:00:37.422+0000] {crypto.py:82} WARNING - empty cryptography key - values will not be stored encrypted.
[2026-03-27T10:00:37.423+0000] {base.py:84} INFO - Retrieving connection 'db_custom'
[2026-03-27T10:00:37.436+0000] {base.py:84} INFO - Retrieving connection 'db_custom'
[2026-03-27T10:00:37.463+0000] {sql.py:861} INFO - Running statement: INSERT INTO indonesian_stocks (
    date, 
    ticker, 
    close, 
    high, 
    low, 
    open, 
    inserted_at_timestamp_wib
) 
VALUES (
    '2026-03-12', 
    'BBCA.JK', 
    6900.0, 
    7025.0, 
    6825.0, 
    6825.0, 
    '2026-03-27 16:57:23' 
)
ON CONFLICT (date, ticker) 
DO NOTHING;, parameters: None
[2026-03-27T10:00:37.471+0000] {sql.py:879} INFO - Rows affected: 0
[2026-03-27T10:00:37.524+0000] {taskinstance.py:349} INFO - ::group::Post task execution logs
[2026-03-27T10:00:37.525+0000] {taskinstance.py:361} INFO - Marking task as SUCCESS. dag_id=dag_get_data_from_yf, task_id=insert_data_task, run_id=scheduled__2026-03-26T10:00:00+00:00, map_index=27, execution_date=20260326T100000, start_date=20260327T100036, end_date=20260327T100037
[2026-03-27T10:00:37.652+0000] {local_task_job_runner.py:266} INFO - Task exited with return code 0
[2026-03-27T10:00:37.731+0000] {taskinstance.py:3924} INFO - 0 downstream tasks scheduled from follow-on schedule check
[2026-03-27T10:00:37.739+0000] {local_task_job_runner.py:245} INFO - ::endgroup::
