[2026-03-27T01:24:52.818+0000] {local_task_job_runner.py:123} INFO - ::group::Pre task execution logs
[2026-03-27T01:24:52.963+0000] {taskinstance.py:2631} INFO - Dependencies all met for dep_context=non-requeueable deps ti=<TaskInstance: dag_get_data_from_yf.insert_data_task manual__2026-03-27T01:20:31+00:00 map_index=3 [queued]>
[2026-03-27T01:24:53.006+0000] {taskinstance.py:2631} INFO - Dependencies all met for dep_context=requeueable deps ti=<TaskInstance: dag_get_data_from_yf.insert_data_task manual__2026-03-27T01:20:31+00:00 map_index=3 [queued]>
[2026-03-27T01:24:53.009+0000] {taskinstance.py:2884} INFO - Starting attempt 2 of 2
[2026-03-27T01:24:53.075+0000] {taskinstance.py:2907} INFO - Executing <Mapped(SQLExecuteQueryOperator): insert_data_task> on 2026-03-27 01:20:31+00:00
[2026-03-27T01:24:53.162+0000] {logging_mixin.py:190} WARNING - /home/***/.local/lib/python3.12/site-packages/***/task/task_runner/standard_task_runner.py:70 DeprecationWarning: This process (pid=2065) is multi-threaded, use of fork() may lead to deadlocks in the child.
[2026-03-27T01:24:53.164+0000] {standard_task_runner.py:72} INFO - Started process 2564 to run task
[2026-03-27T01:24:53.165+0000] {standard_task_runner.py:104} INFO - Running: ['***', 'tasks', 'run', 'dag_get_data_from_yf', 'insert_data_task', 'manual__2026-03-27T01:20:31+00:00', '--job-id', '371', '--raw', '--subdir', 'DAGS_FOLDER/get_finance_yf_csv.py', '--cfg-path', '/tmp/tmpgmk926lw', '--map-index', '3']
[2026-03-27T01:24:53.177+0000] {standard_task_runner.py:105} INFO - Job 371: Subtask insert_data_task
[2026-03-27T01:24:53.532+0000] {task_command.py:467} INFO - Running <TaskInstance: dag_get_data_from_yf.insert_data_task manual__2026-03-27T01:20:31+00:00 map_index=3 [running]> on host 1f539bb0369f
[2026-03-27T01:24:54.033+0000] {taskinstance.py:3157} INFO - Exporting env vars: AIRFLOW_CTX_DAG_OWNER='***' AIRFLOW_CTX_DAG_ID='dag_get_data_from_yf' AIRFLOW_CTX_TASK_ID='insert_data_task' AIRFLOW_CTX_EXECUTION_DATE='2026-03-27T01:20:31+00:00' AIRFLOW_CTX_TRY_NUMBER='2' AIRFLOW_CTX_DAG_RUN_ID='manual__2026-03-27T01:20:31+00:00'
[2026-03-27T01:24:54.035+0000] {taskinstance.py:740} INFO - ::endgroup::
[2026-03-27T01:24:54.040+0000] {sql.py:410} INFO - Executing:  INSERT INTO indonesian_stocks (date, ticker, close, high, low, open, inserted_at_timestamp_wib) 
                VALUES ('2026-03-02', 'BBCA.JK', '7025.0', '7150.0', '6975.0', '7075.0', '2026-03-27 08:18:03' )
                ON CONFLICT (date, ticker) DO NOTHING; 
[2026-03-27T01:24:54.051+0000] {crypto.py:82} WARNING - empty cryptography key - values will not be stored encrypted.
[2026-03-27T01:24:54.052+0000] {base.py:84} INFO - Retrieving connection 'db_custom'
[2026-03-27T01:24:54.068+0000] {base.py:84} INFO - Retrieving connection 'db_custom'
[2026-03-27T01:24:54.103+0000] {sql.py:861} INFO - Running statement:  INSERT INTO indonesian_stocks (date, ticker, close, high, low, open, inserted_at_timestamp_wib) 
                VALUES ('2026-03-02', 'BBCA.JK', '7025.0', '7150.0', '6975.0', '7075.0', '2026-03-27 08:18:03' )
                ON CONFLICT (date, ticker) DO NOTHING; , parameters: None
[2026-03-27T01:24:54.111+0000] {sql.py:879} INFO - Rows affected: 0
[2026-03-27T01:24:54.272+0000] {taskinstance.py:349} INFO - ::group::Post task execution logs
[2026-03-27T01:24:54.273+0000] {taskinstance.py:361} INFO - Marking task as SUCCESS. dag_id=dag_get_data_from_yf, task_id=insert_data_task, run_id=manual__2026-03-27T01:20:31+00:00, map_index=3, execution_date=20260327T012031, start_date=20260327T012452, end_date=20260327T012454
[2026-03-27T01:24:54.825+0000] {local_task_job_runner.py:266} INFO - Task exited with return code 0
[2026-03-27T01:24:54.912+0000] {local_task_job_runner.py:245} INFO - ::endgroup::
