[2026-03-17T05:51:28.102+0000] {local_task_job_runner.py:123} INFO - ::group::Pre task execution logs
[2026-03-17T05:51:28.195+0000] {taskinstance.py:2631} INFO - Dependencies all met for dep_context=non-requeueable deps ti=<TaskInstance: dag_get_data_from_yf.olhc_branching.get_csv_open manual__2026-03-17T05:46:32+00:00 [queued]>
[2026-03-17T05:51:28.234+0000] {taskinstance.py:2631} INFO - Dependencies all met for dep_context=requeueable deps ti=<TaskInstance: dag_get_data_from_yf.olhc_branching.get_csv_open manual__2026-03-17T05:46:32+00:00 [queued]>
[2026-03-17T05:51:28.235+0000] {taskinstance.py:2884} INFO - Starting attempt 2 of 2
[2026-03-17T05:51:28.277+0000] {taskinstance.py:2907} INFO - Executing <Task(_PythonDecoratedOperator): olhc_branching.get_csv_open> on 2026-03-17 05:46:32+00:00
[2026-03-17T05:51:28.301+0000] {warnings.py:112} WARNING - /home/***/.local/lib/python3.12/site-packages/***/task/task_runner/standard_task_runner.py:70: DeprecationWarning: This process (pid=2339) is multi-threaded, use of fork() may lead to deadlocks in the child.
  pid = os.fork()

[2026-03-17T05:51:28.305+0000] {standard_task_runner.py:72} INFO - Started process 2350 to run task
[2026-03-17T05:51:28.321+0000] {standard_task_runner.py:104} INFO - Running: ['***', 'tasks', 'run', 'dag_get_data_from_yf', 'olhc_branching.get_csv_open', 'manual__2026-03-17T05:46:32+00:00', '--job-id', '1965', '--raw', '--subdir', 'DAGS_FOLDER/get_finance_yf_csv.py', '--cfg-path', '/tmp/tmpgs2j_f9c']
[2026-03-17T05:51:28.324+0000] {standard_task_runner.py:105} INFO - Job 1965: Subtask olhc_branching.get_csv_open
[2026-03-17T05:51:28.553+0000] {task_command.py:467} INFO - Running <TaskInstance: dag_get_data_from_yf.olhc_branching.get_csv_open manual__2026-03-17T05:46:32+00:00 [running]> on host c209774a5ade
[2026-03-17T05:51:29.224+0000] {taskinstance.py:3157} INFO - Exporting env vars: AIRFLOW_CTX_DAG_OWNER='***' AIRFLOW_CTX_DAG_ID='dag_get_data_from_yf' AIRFLOW_CTX_TASK_ID='olhc_branching.get_csv_open' AIRFLOW_CTX_EXECUTION_DATE='2026-03-17T05:46:32+00:00' AIRFLOW_CTX_TRY_NUMBER='2' AIRFLOW_CTX_DAG_RUN_ID='manual__2026-03-17T05:46:32+00:00'
[2026-03-17T05:51:29.229+0000] {logging_mixin.py:190} INFO - Task instance is in running state
[2026-03-17T05:51:29.231+0000] {logging_mixin.py:190} INFO -  Previous state of the Task instance: queued
[2026-03-17T05:51:29.232+0000] {logging_mixin.py:190} INFO - Current task name:olhc_branching.get_csv_open state:running start_date:2026-03-17 05:51:28.196550+00:00
[2026-03-17T05:51:29.233+0000] {logging_mixin.py:190} INFO - Dag name:dag_get_data_from_yf and current dag run status:running
[2026-03-17T05:51:29.234+0000] {taskinstance.py:740} INFO - ::endgroup::
[2026-03-17T05:51:29.283+0000] {logging_mixin.py:190} INFO - Data saved to /opt/***/scripts/saham_indonesia_open.csv
[2026-03-17T05:51:29.285+0000] {python.py:240} INFO - Done. Returned value was: /opt/***/scripts/saham_indonesia_open.csv
[2026-03-17T05:51:29.403+0000] {taskinstance.py:349} INFO - ::group::Post task execution logs
[2026-03-17T05:51:29.404+0000] {taskinstance.py:361} INFO - Marking task as SUCCESS. dag_id=dag_get_data_from_yf, task_id=olhc_branching.get_csv_open, run_id=manual__2026-03-17T05:46:32+00:00, execution_date=20260317T054632, start_date=20260317T055128, end_date=20260317T055129
[2026-03-17T05:51:29.668+0000] {logging_mixin.py:190} INFO - Task instance in success state
[2026-03-17T05:51:29.668+0000] {logging_mixin.py:190} INFO -  Previous state of the Task instance: running
[2026-03-17T05:51:29.669+0000] {logging_mixin.py:190} INFO - Dag name:dag_get_data_from_yf queued_at:2026-03-17 05:51:08.756887+00:00
[2026-03-17T05:51:29.669+0000] {logging_mixin.py:190} INFO - Task hostname:c209774a5ade operator:_PythonDecoratedOperator
[2026-03-17T05:51:29.692+0000] {local_task_job_runner.py:266} INFO - Task exited with return code 0
[2026-03-17T05:51:29.794+0000] {taskinstance.py:3924} INFO - 1 downstream tasks scheduled from follow-on schedule check
[2026-03-17T05:51:29.804+0000] {local_task_job_runner.py:245} INFO - ::endgroup::
