[2026-03-30T03:08:12.188+0000] {local_task_job_runner.py:123} INFO - ::group::Pre task execution logs
[2026-03-30T03:08:12.370+0000] {taskinstance.py:2631} INFO - Dependencies all met for dep_context=non-requeueable deps ti=<TaskInstance: dag_get_data_from_yf.insert_data_task manual__2026-03-30T03:07:37+00:00 map_index=5 [queued]>
[2026-03-30T03:08:12.478+0000] {taskinstance.py:2631} INFO - Dependencies all met for dep_context=requeueable deps ti=<TaskInstance: dag_get_data_from_yf.insert_data_task manual__2026-03-30T03:07:37+00:00 map_index=5 [queued]>
[2026-03-30T03:08:12.479+0000] {taskinstance.py:2884} INFO - Starting attempt 1 of 1
[2026-03-30T03:08:12.636+0000] {taskinstance.py:2907} INFO - Executing <Mapped(SQLExecuteQueryOperator): insert_data_task> on 2026-03-30 03:07:37+00:00
[2026-03-30T03:08:12.701+0000] {logging_mixin.py:190} WARNING - /home/***/.local/lib/python3.12/site-packages/***/task/task_runner/standard_task_runner.py:70 DeprecationWarning: This process (pid=1405) is multi-threaded, use of fork() may lead to deadlocks in the child.
[2026-03-30T03:08:12.718+0000] {standard_task_runner.py:72} INFO - Started process 1682 to run task
[2026-03-30T03:08:12.736+0000] {standard_task_runner.py:104} INFO - Running: ['***', 'tasks', 'run', 'dag_get_data_from_yf', 'insert_data_task', 'manual__2026-03-30T03:07:37+00:00', '--job-id', '839', '--raw', '--subdir', 'DAGS_FOLDER/get_finance_yf_csv.py', '--cfg-path', '/tmp/tmpvito2snn', '--map-index', '5']
[2026-03-30T03:08:12.751+0000] {standard_task_runner.py:105} INFO - Job 839: Subtask insert_data_task
[2026-03-30T03:08:13.380+0000] {task_command.py:467} INFO - Running <TaskInstance: dag_get_data_from_yf.insert_data_task manual__2026-03-30T03:07:37+00:00 map_index=5 [running]> on host 42116767826c
[2026-03-30T03:08:14.057+0000] {taskinstance.py:3157} INFO - Exporting env vars: AIRFLOW_CTX_DAG_OWNER='***' AIRFLOW_CTX_DAG_ID='dag_get_data_from_yf' AIRFLOW_CTX_TASK_ID='insert_data_task' AIRFLOW_CTX_EXECUTION_DATE='2026-03-30T03:07:37+00:00' AIRFLOW_CTX_TRY_NUMBER='1' AIRFLOW_CTX_DAG_RUN_ID='manual__2026-03-30T03:07:37+00:00'
[2026-03-30T03:08:14.067+0000] {taskinstance.py:740} INFO - ::endgroup::
[2026-03-30T03:08:14.073+0000] {sql.py:410} INFO - Executing: INSERT INTO indonesian_stocks (
    date, 
    ticker, 
    close, 
    high, 
    low, 
    open, 
    inserted_at_timestamp_wib
) 
VALUES (
    '2026-03-02', 
    'BMRI.JK', 
    5075.0, 
    5175.0, 
    5050.0, 
    5125.0, 
    '2026-03-30 10:07:51' 
)
ON CONFLICT (date, ticker) 
DO NOTHING;
[2026-03-30T03:08:14.088+0000] {crypto.py:82} WARNING - empty cryptography key - values will not be stored encrypted.
[2026-03-30T03:08:14.090+0000] {base.py:84} INFO - Retrieving connection 'db_custom'
[2026-03-30T03:08:14.167+0000] {base.py:84} INFO - Retrieving connection 'db_custom'
[2026-03-30T03:08:14.234+0000] {sql.py:861} INFO - Running statement: INSERT INTO indonesian_stocks (
    date, 
    ticker, 
    close, 
    high, 
    low, 
    open, 
    inserted_at_timestamp_wib
) 
VALUES (
    '2026-03-02', 
    'BMRI.JK', 
    5075.0, 
    5175.0, 
    5050.0, 
    5125.0, 
    '2026-03-30 10:07:51' 
)
ON CONFLICT (date, ticker) 
DO NOTHING;, parameters: None
[2026-03-30T03:08:14.255+0000] {sql.py:879} INFO - Rows affected: 1
[2026-03-30T03:08:14.363+0000] {taskinstance.py:349} INFO - ::group::Post task execution logs
[2026-03-30T03:08:14.373+0000] {taskinstance.py:361} INFO - Marking task as SUCCESS. dag_id=dag_get_data_from_yf, task_id=insert_data_task, run_id=manual__2026-03-30T03:07:37+00:00, map_index=5, execution_date=20260330T030737, start_date=20260330T030812, end_date=20260330T030814
[2026-03-30T03:08:14.596+0000] {local_task_job_runner.py:266} INFO - Task exited with return code 0
[2026-03-30T03:08:14.762+0000] {taskinstance.py:3924} INFO - 0 downstream tasks scheduled from follow-on schedule check
[2026-03-30T03:08:14.774+0000] {local_task_job_runner.py:245} INFO - ::endgroup::
