[2026-03-25T04:16:13.828+0000] {local_task_job_runner.py:123} INFO - ::group::Pre task execution logs
[2026-03-25T04:16:14.011+0000] {taskinstance.py:2631} INFO - Dependencies all met for dep_context=non-requeueable deps ti=<TaskInstance: dag_get_data_from_yf.insert_data_task manual__2026-03-25T04:14:11+00:00 map_index=5 [queued]>
[2026-03-25T04:16:14.063+0000] {taskinstance.py:2631} INFO - Dependencies all met for dep_context=requeueable deps ti=<TaskInstance: dag_get_data_from_yf.insert_data_task manual__2026-03-25T04:14:11+00:00 map_index=5 [queued]>
[2026-03-25T04:16:14.066+0000] {taskinstance.py:2884} INFO - Starting attempt 1 of 1
[2026-03-25T04:16:14.198+0000] {taskinstance.py:2907} INFO - Executing <Mapped(SQLExecuteQueryOperator): insert_data_task> on 2026-03-25 04:14:11+00:00
[2026-03-25T04:16:14.248+0000] {warnings.py:112} WARNING - /home/***/.local/lib/python3.12/site-packages/***/task/task_runner/standard_task_runner.py:70: DeprecationWarning: This process (pid=303) is multi-threaded, use of fork() may lead to deadlocks in the child.
  pid = os.fork()

[2026-03-25T04:16:14.252+0000] {standard_task_runner.py:72} INFO - Started process 351 to run task
[2026-03-25T04:16:14.285+0000] {standard_task_runner.py:104} INFO - Running: ['***', 'tasks', 'run', 'dag_get_data_from_yf', 'insert_data_task', 'manual__2026-03-25T04:14:11+00:00', '--job-id', '2765', '--raw', '--subdir', 'DAGS_FOLDER/get_finance_yf_csv.py', '--cfg-path', '/tmp/tmpxgnho6dq', '--map-index', '5']
[2026-03-25T04:16:14.294+0000] {standard_task_runner.py:105} INFO - Job 2765: Subtask insert_data_task
[2026-03-25T04:16:14.816+0000] {task_command.py:467} INFO - Running <TaskInstance: dag_get_data_from_yf.insert_data_task manual__2026-03-25T04:14:11+00:00 map_index=5 [running]> on host 709f8f45e3d8
[2026-03-25T04:16:15.803+0000] {taskinstance.py:3157} INFO - Exporting env vars: AIRFLOW_CTX_DAG_OWNER='***' AIRFLOW_CTX_DAG_ID='dag_get_data_from_yf' AIRFLOW_CTX_TASK_ID='insert_data_task' AIRFLOW_CTX_EXECUTION_DATE='2026-03-25T04:14:11+00:00' AIRFLOW_CTX_TRY_NUMBER='1' AIRFLOW_CTX_DAG_RUN_ID='manual__2026-03-25T04:14:11+00:00'
[2026-03-25T04:16:15.806+0000] {logging_mixin.py:190} INFO - Task instance is in running state
[2026-03-25T04:16:15.806+0000] {logging_mixin.py:190} INFO -  Previous state of the Task instance: queued
[2026-03-25T04:16:15.809+0000] {logging_mixin.py:190} INFO - Current task name:insert_data_task state:running start_date:2026-03-25 04:16:14.012371+00:00
[2026-03-25T04:16:15.811+0000] {logging_mixin.py:190} INFO - Dag name:dag_get_data_from_yf and current dag run status:running
[2026-03-25T04:16:15.811+0000] {taskinstance.py:740} INFO - ::endgroup::
[2026-03-25T04:16:15.812+0000] {sql.py:410} INFO - Executing:  INSERT INTO indonesian_stocks (date, ticker, close, high, low, open, inserted_at_timestamp_wib) 
                VALUES ('2026-03-02', 'BMRI.JK', '5075.0', '5175.0', '5050.0', '5125.0', '2026-03-25 11:14:25' )
                ON CONFLICT (date, ticker) DO NOTHING; 
[2026-03-25T04:16:15.814+0000] {crypto.py:82} WARNING - empty cryptography key - values will not be stored encrypted.
[2026-03-25T04:16:15.818+0000] {base.py:84} INFO - Retrieving connection 'db_custom'
[2026-03-25T04:16:15.856+0000] {base.py:84} INFO - Retrieving connection 'db_custom'
[2026-03-25T04:16:15.942+0000] {sql.py:861} INFO - Running statement:  INSERT INTO indonesian_stocks (date, ticker, close, high, low, open, inserted_at_timestamp_wib) 
                VALUES ('2026-03-02', 'BMRI.JK', '5075.0', '5175.0', '5050.0', '5125.0', '2026-03-25 11:14:25' )
                ON CONFLICT (date, ticker) DO NOTHING; , parameters: None
[2026-03-25T04:16:16.071+0000] {sql.py:879} INFO - Rows affected: 1
[2026-03-25T04:16:16.343+0000] {taskinstance.py:349} INFO - ::group::Post task execution logs
[2026-03-25T04:16:16.346+0000] {taskinstance.py:361} INFO - Marking task as SUCCESS. dag_id=dag_get_data_from_yf, task_id=insert_data_task, run_id=manual__2026-03-25T04:14:11+00:00, map_index=5, execution_date=20260325T041411, start_date=20260325T041614, end_date=20260325T041616
[2026-03-25T04:16:16.630+0000] {logging_mixin.py:190} INFO - Task instance in success state
[2026-03-25T04:16:16.630+0000] {logging_mixin.py:190} INFO -  Previous state of the Task instance: running
[2026-03-25T04:16:16.631+0000] {logging_mixin.py:190} INFO - Dag name:dag_get_data_from_yf queued_at:2026-03-25 04:14:18.584383+00:00
[2026-03-25T04:16:16.631+0000] {logging_mixin.py:190} INFO - Task hostname:709f8f45e3d8 operator:SQLExecuteQueryOperator
[2026-03-25T04:16:16.717+0000] {local_task_job_runner.py:266} INFO - Task exited with return code 0
[2026-03-25T04:16:16.835+0000] {taskinstance.py:3924} INFO - 0 downstream tasks scheduled from follow-on schedule check
[2026-03-25T04:16:16.840+0000] {local_task_job_runner.py:245} INFO - ::endgroup::
