[2026-03-11T03:04:22.081+0000] {local_task_job_runner.py:123} INFO - ::group::Pre task execution logs
[2026-03-11T03:04:22.169+0000] {taskinstance.py:2631} INFO - Dependencies all met for dep_context=non-requeueable deps ti=<TaskInstance: dag_get_data_from_yf.get_csv_low scheduled__2026-03-11T03:03:00+00:00 [queued]>
[2026-03-11T03:04:22.202+0000] {taskinstance.py:2631} INFO - Dependencies all met for dep_context=requeueable deps ti=<TaskInstance: dag_get_data_from_yf.get_csv_low scheduled__2026-03-11T03:03:00+00:00 [queued]>
[2026-03-11T03:04:22.203+0000] {taskinstance.py:2884} INFO - Starting attempt 1 of 1
[2026-03-11T03:04:22.244+0000] {taskinstance.py:2907} INFO - Executing <Task(_PythonDecoratedOperator): get_csv_low> on 2026-03-11 03:03:00+00:00
[2026-03-11T03:04:22.263+0000] {warnings.py:112} WARNING - /home/***/.local/lib/python3.12/site-packages/***/task/task_runner/standard_task_runner.py:70: DeprecationWarning: This process (pid=1922) is multi-threaded, use of fork() may lead to deadlocks in the child.
  pid = os.fork()

[2026-03-11T03:04:22.267+0000] {standard_task_runner.py:72} INFO - Started process 1933 to run task
[2026-03-11T03:04:22.273+0000] {standard_task_runner.py:104} INFO - Running: ['***', 'tasks', 'run', 'dag_get_data_from_yf', 'get_csv_low', 'scheduled__2026-03-11T03:03:00+00:00', '--job-id', '9862', '--raw', '--subdir', 'DAGS_FOLDER/get_finance_yf_csv.py', '--cfg-path', '/tmp/tmp57r67u48']
[2026-03-11T03:04:22.276+0000] {standard_task_runner.py:105} INFO - Job 9862: Subtask get_csv_low
[2026-03-11T03:04:22.460+0000] {task_command.py:467} INFO - Running <TaskInstance: dag_get_data_from_yf.get_csv_low scheduled__2026-03-11T03:03:00+00:00 [running]> on host b6fa9e600b7b
[2026-03-11T03:04:22.962+0000] {taskinstance.py:3157} INFO - Exporting env vars: AIRFLOW_CTX_DAG_OWNER='***' AIRFLOW_CTX_DAG_ID='dag_get_data_from_yf' AIRFLOW_CTX_TASK_ID='get_csv_low' AIRFLOW_CTX_EXECUTION_DATE='2026-03-11T03:03:00+00:00' AIRFLOW_CTX_TRY_NUMBER='1' AIRFLOW_CTX_DAG_RUN_ID='scheduled__2026-03-11T03:03:00+00:00'
[2026-03-11T03:04:22.964+0000] {logging_mixin.py:190} INFO - Task instance is in running state
[2026-03-11T03:04:22.965+0000] {logging_mixin.py:190} INFO -  Previous state of the Task instance: queued
[2026-03-11T03:04:22.965+0000] {logging_mixin.py:190} INFO - Current task name:get_csv_low state:running start_date:2026-03-11 03:04:22.170780+00:00
[2026-03-11T03:04:22.966+0000] {logging_mixin.py:190} INFO - Dag name:dag_get_data_from_yf and current dag run status:running
[2026-03-11T03:04:22.966+0000] {taskinstance.py:740} INFO - ::endgroup::
[2026-03-11T03:04:22.980+0000] {logging_mixin.py:190} INFO - None
[2026-03-11T03:04:22.981+0000] {python.py:240} INFO - Done. Returned value was: /opt/***/scripts/saham_indonesia_low.csv
[2026-03-11T03:04:23.050+0000] {taskinstance.py:349} INFO - ::group::Post task execution logs
[2026-03-11T03:04:23.051+0000] {taskinstance.py:361} INFO - Marking task as SUCCESS. dag_id=dag_get_data_from_yf, task_id=get_csv_low, run_id=scheduled__2026-03-11T03:03:00+00:00, execution_date=20260311T030300, start_date=20260311T030422, end_date=20260311T030423
[2026-03-11T03:04:23.119+0000] {logging_mixin.py:190} INFO - Task instance in success state
[2026-03-11T03:04:23.120+0000] {logging_mixin.py:190} INFO -  Previous state of the Task instance: running
[2026-03-11T03:04:23.121+0000] {logging_mixin.py:190} INFO - Dag name:dag_get_data_from_yf queued_at:2026-03-11 03:04:00.862725+00:00
[2026-03-11T03:04:23.121+0000] {logging_mixin.py:190} INFO - Task hostname:b6fa9e600b7b operator:_PythonDecoratedOperator
[2026-03-11T03:04:23.149+0000] {local_task_job_runner.py:266} INFO - Task exited with return code 0
[2026-03-11T03:04:23.187+0000] {local_task_job_runner.py:245} INFO - ::endgroup::
