[2026-03-26T04:12:23.787+0000] {local_task_job_runner.py:123} INFO - ::group::Pre task execution logs
[2026-03-26T04:12:23.976+0000] {taskinstance.py:2631} INFO - Dependencies all met for dep_context=non-requeueable deps ti=<TaskInstance: dag_get_data_from_yf.insert_data_task manual__2026-03-26T04:11:52+00:00 map_index=6 [queued]>
[2026-03-26T04:12:24.040+0000] {taskinstance.py:2631} INFO - Dependencies all met for dep_context=requeueable deps ti=<TaskInstance: dag_get_data_from_yf.insert_data_task manual__2026-03-26T04:11:52+00:00 map_index=6 [queued]>
[2026-03-26T04:12:24.041+0000] {taskinstance.py:2884} INFO - Starting attempt 1 of 1
[2026-03-26T04:12:24.092+0000] {taskinstance.py:2907} INFO - Executing <Mapped(SQLExecuteQueryOperator): insert_data_task> on 2026-03-26 04:11:52+00:00
[2026-03-26T04:12:24.172+0000] {standard_task_runner.py:104} INFO - Running: ['***', 'tasks', 'run', 'dag_get_data_from_yf', 'insert_data_task', 'manual__2026-03-26T04:11:52+00:00', '--job-id', '38', '--raw', '--subdir', 'DAGS_FOLDER/get_finance_yf_csv.py', '--cfg-path', '/tmp/tmppzodifmd', '--map-index', '6']
[2026-03-26T04:12:24.187+0000] {standard_task_runner.py:105} INFO - Job 38: Subtask insert_data_task
[2026-03-26T04:12:24.190+0000] {logging_mixin.py:190} WARNING - /home/***/.local/lib/python3.12/site-packages/***/task/task_runner/standard_task_runner.py:70 DeprecationWarning: This process (pid=1469) is multi-threaded, use of fork() may lead to deadlocks in the child.
[2026-03-26T04:12:24.202+0000] {standard_task_runner.py:72} INFO - Started process 1748 to run task
[2026-03-26T04:12:24.628+0000] {task_command.py:467} INFO - Running <TaskInstance: dag_get_data_from_yf.insert_data_task manual__2026-03-26T04:11:52+00:00 map_index=6 [running]> on host f77800151ff9
[2026-03-26T04:12:25.249+0000] {taskinstance.py:3157} INFO - Exporting env vars: AIRFLOW_CTX_DAG_OWNER='***' AIRFLOW_CTX_DAG_ID='dag_get_data_from_yf' AIRFLOW_CTX_TASK_ID='insert_data_task' AIRFLOW_CTX_EXECUTION_DATE='2026-03-26T04:11:52+00:00' AIRFLOW_CTX_TRY_NUMBER='1' AIRFLOW_CTX_DAG_RUN_ID='manual__2026-03-26T04:11:52+00:00'
[2026-03-26T04:12:25.253+0000] {taskinstance.py:740} INFO - ::endgroup::
[2026-03-26T04:12:25.269+0000] {sql.py:410} INFO - Executing:  INSERT INTO indonesian_stocks (date, ticker, close, high, low, open, inserted_at_timestamp_wib) 
                VALUES ('2026-03-03', 'BBCA.JK', '7075.0', '7125.0', '7025.0', '7075.0', '2026-03-26 11:12:03' )
                ON CONFLICT (date, ticker) DO NOTHING; 
[2026-03-26T04:12:25.272+0000] {crypto.py:82} WARNING - empty cryptography key - values will not be stored encrypted.
[2026-03-26T04:12:25.273+0000] {base.py:84} INFO - Retrieving connection 'db_custom'
[2026-03-26T04:12:25.285+0000] {base.py:84} INFO - Retrieving connection 'db_custom'
[2026-03-26T04:12:25.304+0000] {sql.py:861} INFO - Running statement:  INSERT INTO indonesian_stocks (date, ticker, close, high, low, open, inserted_at_timestamp_wib) 
                VALUES ('2026-03-03', 'BBCA.JK', '7075.0', '7125.0', '7025.0', '7075.0', '2026-03-26 11:12:03' )
                ON CONFLICT (date, ticker) DO NOTHING; , parameters: None
[2026-03-26T04:12:25.320+0000] {sql.py:879} INFO - Rows affected: 1
[2026-03-26T04:12:25.380+0000] {taskinstance.py:349} INFO - ::group::Post task execution logs
[2026-03-26T04:12:25.381+0000] {taskinstance.py:361} INFO - Marking task as SUCCESS. dag_id=dag_get_data_from_yf, task_id=insert_data_task, run_id=manual__2026-03-26T04:11:52+00:00, map_index=6, execution_date=20260326T041152, start_date=20260326T041223, end_date=20260326T041225
[2026-03-26T04:12:25.511+0000] {local_task_job_runner.py:266} INFO - Task exited with return code 0
[2026-03-26T04:12:25.600+0000] {taskinstance.py:3924} INFO - 0 downstream tasks scheduled from follow-on schedule check
[2026-03-26T04:12:25.605+0000] {local_task_job_runner.py:245} INFO - ::endgroup::
