[2026-03-26T04:12:24.810+0000] {local_task_job_runner.py:123} INFO - ::group::Pre task execution logs
[2026-03-26T04:12:24.979+0000] {taskinstance.py:2631} INFO - Dependencies all met for dep_context=non-requeueable deps ti=<TaskInstance: dag_get_data_from_yf.insert_data_task manual__2026-03-26T04:11:52+00:00 map_index=9 [queued]>
[2026-03-26T04:12:25.013+0000] {taskinstance.py:2631} INFO - Dependencies all met for dep_context=requeueable deps ti=<TaskInstance: dag_get_data_from_yf.insert_data_task manual__2026-03-26T04:11:52+00:00 map_index=9 [queued]>
[2026-03-26T04:12:25.014+0000] {taskinstance.py:2884} INFO - Starting attempt 1 of 1
[2026-03-26T04:12:25.152+0000] {taskinstance.py:2907} INFO - Executing <Mapped(SQLExecuteQueryOperator): insert_data_task> on 2026-03-26 04:11:52+00:00
[2026-03-26T04:12:25.236+0000] {logging_mixin.py:190} WARNING - /home/***/.local/lib/python3.12/site-packages/***/task/task_runner/standard_task_runner.py:70 DeprecationWarning: This process (pid=1454) is multi-threaded, use of fork() may lead to deadlocks in the child.
[2026-03-26T04:12:25.241+0000] {standard_task_runner.py:72} INFO - Started process 1788 to run task
[2026-03-26T04:12:25.240+0000] {standard_task_runner.py:104} INFO - Running: ['***', 'tasks', 'run', 'dag_get_data_from_yf', 'insert_data_task', 'manual__2026-03-26T04:11:52+00:00', '--job-id', '40', '--raw', '--subdir', 'DAGS_FOLDER/get_finance_yf_csv.py', '--cfg-path', '/tmp/tmpwc68xlyb', '--map-index', '9']
[2026-03-26T04:12:25.252+0000] {standard_task_runner.py:105} INFO - Job 40: Subtask insert_data_task
[2026-03-26T04:12:25.510+0000] {task_command.py:467} INFO - Running <TaskInstance: dag_get_data_from_yf.insert_data_task manual__2026-03-26T04:11:52+00:00 map_index=9 [running]> on host f77800151ff9
[2026-03-26T04:12:25.857+0000] {taskinstance.py:3157} INFO - Exporting env vars: AIRFLOW_CTX_DAG_OWNER='***' AIRFLOW_CTX_DAG_ID='dag_get_data_from_yf' AIRFLOW_CTX_TASK_ID='insert_data_task' AIRFLOW_CTX_EXECUTION_DATE='2026-03-26T04:11:52+00:00' AIRFLOW_CTX_TRY_NUMBER='1' AIRFLOW_CTX_DAG_RUN_ID='manual__2026-03-26T04:11:52+00:00'
[2026-03-26T04:12:25.859+0000] {taskinstance.py:740} INFO - ::endgroup::
[2026-03-26T04:12:25.863+0000] {sql.py:410} INFO - Executing:  INSERT INTO indonesian_stocks (date, ticker, close, high, low, open, inserted_at_timestamp_wib) 
                VALUES ('2026-03-04', 'BBCA.JK', '6875.0', '7075.0', '6825.0', '7075.0', '2026-03-26 11:12:03' )
                ON CONFLICT (date, ticker) DO NOTHING; 
[2026-03-26T04:12:25.865+0000] {crypto.py:82} WARNING - empty cryptography key - values will not be stored encrypted.
[2026-03-26T04:12:25.866+0000] {base.py:84} INFO - Retrieving connection 'db_custom'
[2026-03-26T04:12:25.878+0000] {base.py:84} INFO - Retrieving connection 'db_custom'
[2026-03-26T04:12:25.894+0000] {sql.py:861} INFO - Running statement:  INSERT INTO indonesian_stocks (date, ticker, close, high, low, open, inserted_at_timestamp_wib) 
                VALUES ('2026-03-04', 'BBCA.JK', '6875.0', '7075.0', '6825.0', '7075.0', '2026-03-26 11:12:03' )
                ON CONFLICT (date, ticker) DO NOTHING; , parameters: None
[2026-03-26T04:12:25.905+0000] {sql.py:879} INFO - Rows affected: 1
[2026-03-26T04:12:25.946+0000] {taskinstance.py:349} INFO - ::group::Post task execution logs
[2026-03-26T04:12:25.947+0000] {taskinstance.py:361} INFO - Marking task as SUCCESS. dag_id=dag_get_data_from_yf, task_id=insert_data_task, run_id=manual__2026-03-26T04:11:52+00:00, map_index=9, execution_date=20260326T041152, start_date=20260326T041224, end_date=20260326T041225
[2026-03-26T04:12:26.043+0000] {local_task_job_runner.py:266} INFO - Task exited with return code 0
[2026-03-26T04:12:26.074+0000] {local_task_job_runner.py:245} INFO - ::endgroup::
