[2026-03-10T06:24:30.221+0000] {local_task_job_runner.py:123} INFO - ::group::Pre task execution logs
[2026-03-10T06:24:30.357+0000] {taskinstance.py:2631} INFO - Dependencies all met for dep_context=non-requeueable deps ti=<TaskInstance: dag_load_data_from_csv.read_csv_file manual__2026-03-10T06:24:06.205035+00:00 [queued]>
[2026-03-10T06:24:30.439+0000] {taskinstance.py:2631} INFO - Dependencies all met for dep_context=requeueable deps ti=<TaskInstance: dag_load_data_from_csv.read_csv_file manual__2026-03-10T06:24:06.205035+00:00 [queued]>
[2026-03-10T06:24:30.441+0000] {taskinstance.py:2884} INFO - Starting attempt 1 of 1
[2026-03-10T06:24:30.590+0000] {taskinstance.py:2907} INFO - Executing <Task(_PythonDecoratedOperator): read_csv_file> on 2026-03-10 06:24:06.205035+00:00
[2026-03-10T06:24:30.769+0000] {warnings.py:112} WARNING - /home/***/.local/lib/python3.12/site-packages/***/task/task_runner/standard_task_runner.py:70: DeprecationWarning: This process (pid=14977) is multi-threaded, use of fork() may lead to deadlocks in the child.
  pid = os.fork()

[2026-03-10T06:24:30.799+0000] {standard_task_runner.py:72} INFO - Started process 15024 to run task
[2026-03-10T06:24:30.913+0000] {standard_task_runner.py:104} INFO - Running: ['***', 'tasks', 'run', 'dag_load_data_from_csv', 'read_csv_file', 'manual__2026-03-10T06:24:06.205035+00:00', '--job-id', '9322', '--raw', '--subdir', 'DAGS_FOLDER/read_finance_csv_from_other_dag.py', '--cfg-path', '/tmp/tmpnf9wrjgc']
[2026-03-10T06:24:30.920+0000] {standard_task_runner.py:105} INFO - Job 9322: Subtask read_csv_file
[2026-03-10T06:24:31.210+0000] {task_command.py:467} INFO - Running <TaskInstance: dag_load_data_from_csv.read_csv_file manual__2026-03-10T06:24:06.205035+00:00 [running]> on host 50d997f0c294
[2026-03-10T06:24:31.731+0000] {taskinstance.py:3157} INFO - Exporting env vars: AIRFLOW_CTX_DAG_OWNER='***' AIRFLOW_CTX_DAG_ID='dag_load_data_from_csv' AIRFLOW_CTX_TASK_ID='read_csv_file' AIRFLOW_CTX_EXECUTION_DATE='2026-03-10T06:24:06.205035+00:00' AIRFLOW_CTX_TRY_NUMBER='1' AIRFLOW_CTX_DAG_RUN_ID='manual__2026-03-10T06:24:06.205035+00:00'
[2026-03-10T06:24:31.734+0000] {logging_mixin.py:190} INFO - Task instance is in running state
[2026-03-10T06:24:31.734+0000] {logging_mixin.py:190} INFO -  Previous state of the Task instance: queued
[2026-03-10T06:24:31.735+0000] {logging_mixin.py:190} INFO - Current task name:read_csv_file state:running start_date:2026-03-10 06:24:30.376799+00:00
[2026-03-10T06:24:31.735+0000] {logging_mixin.py:190} INFO - Dag name:dag_load_data_from_csv and current dag run status:running
[2026-03-10T06:24:31.767+0000] {taskinstance.py:740} INFO - ::endgroup::
[2026-03-10T06:24:32.091+0000] {logging_mixin.py:190} INFO -         Price             Close  ...              Open.4              Open.5
0      Ticker           ASII.JK  ...             TLKM.JK             UNVR.JK
1        Date               NaN  ...                 NaN                 NaN
2  2025-03-10     4392.21484375  ...  2252.5794979079496   1130.035291768737
3  2025-03-11  4419.83935546875  ...   2206.230079361155  1097.2127326516545
4  2025-03-12  4429.04736328125  ...   2234.039884606186   1125.346340013587

[5 rows x 25 columns]
[2026-03-10T06:24:32.093+0000] {python.py:240} INFO - Done. Returned value was: /opt/***/scripts/saham_indonesia_all.csv
[2026-03-10T06:24:32.277+0000] {taskinstance.py:349} INFO - ::group::Post task execution logs
[2026-03-10T06:24:32.281+0000] {taskinstance.py:361} INFO - Marking task as SUCCESS. dag_id=dag_load_data_from_csv, task_id=read_csv_file, run_id=manual__2026-03-10T06:24:06.205035+00:00, execution_date=20260310T062406, start_date=20260310T062430, end_date=20260310T062432
[2026-03-10T06:24:32.579+0000] {logging_mixin.py:190} INFO - Task instance in success state
[2026-03-10T06:24:32.607+0000] {logging_mixin.py:190} INFO -  Previous state of the Task instance: running
[2026-03-10T06:24:32.608+0000] {logging_mixin.py:190} INFO - Dag name:dag_load_data_from_csv queued_at:2026-03-10 06:24:06.374577+00:00
[2026-03-10T06:24:32.609+0000] {logging_mixin.py:190} INFO - Task hostname:50d997f0c294 operator:_PythonDecoratedOperator
[2026-03-10T06:24:32.858+0000] {local_task_job_runner.py:266} INFO - Task exited with return code 0
[2026-03-10T06:24:32.901+0000] {local_task_job_runner.py:245} INFO - ::endgroup::
