[2026-03-06T15:10:17.802+0000] {local_task_job_runner.py:123} INFO - ::group::Pre task execution logs
[2026-03-06T15:10:17.834+0000] {taskinstance.py:2631} INFO - Dependencies all met for dep_context=non-requeueable deps ti=<TaskInstance: dag_get_data_from_yf.convert_data_to_csv scheduled__2026-03-06T15:09:00+00:00 [queued]>
[2026-03-06T15:10:17.843+0000] {taskinstance.py:2631} INFO - Dependencies all met for dep_context=requeueable deps ti=<TaskInstance: dag_get_data_from_yf.convert_data_to_csv scheduled__2026-03-06T15:09:00+00:00 [queued]>
[2026-03-06T15:10:17.843+0000] {taskinstance.py:2884} INFO - Starting attempt 1 of 1
[2026-03-06T15:10:17.857+0000] {taskinstance.py:2907} INFO - Executing <Task(_PythonDecoratedOperator): convert_data_to_csv> on 2026-03-06 15:09:00+00:00
[2026-03-06T15:10:17.866+0000] {warnings.py:112} WARNING - /home/***/.local/lib/python3.12/site-packages/***/task/task_runner/standard_task_runner.py:70: DeprecationWarning: This process (pid=769) is multi-threaded, use of fork() may lead to deadlocks in the child.
  pid = os.fork()

[2026-03-06T15:10:17.868+0000] {standard_task_runner.py:72} INFO - Started process 781 to run task
[2026-03-06T15:10:17.870+0000] {standard_task_runner.py:104} INFO - Running: ['***', 'tasks', 'run', 'dag_get_data_from_yf', 'convert_data_to_csv', 'scheduled__2026-03-06T15:09:00+00:00', '--job-id', '3164', '--raw', '--subdir', 'DAGS_FOLDER/get_finance_yf_csv.py', '--cfg-path', '/tmp/tmpswkyw581']
[2026-03-06T15:10:17.871+0000] {standard_task_runner.py:105} INFO - Job 3164: Subtask convert_data_to_csv
[2026-03-06T15:10:17.932+0000] {task_command.py:467} INFO - Running <TaskInstance: dag_get_data_from_yf.convert_data_to_csv scheduled__2026-03-06T15:09:00+00:00 [running]> on host 450e3c808cfd
[2026-03-06T15:10:18.166+0000] {taskinstance.py:3157} INFO - Exporting env vars: AIRFLOW_CTX_DAG_OWNER='***' AIRFLOW_CTX_DAG_ID='dag_get_data_from_yf' AIRFLOW_CTX_TASK_ID='convert_data_to_csv' AIRFLOW_CTX_EXECUTION_DATE='2026-03-06T15:09:00+00:00' AIRFLOW_CTX_TRY_NUMBER='1' AIRFLOW_CTX_DAG_RUN_ID='scheduled__2026-03-06T15:09:00+00:00'
[2026-03-06T15:10:18.168+0000] {logging_mixin.py:190} INFO - Task instance is in running state
[2026-03-06T15:10:18.168+0000] {logging_mixin.py:190} INFO -  Previous state of the Task instance: queued
[2026-03-06T15:10:18.168+0000] {logging_mixin.py:190} INFO - Current task name:convert_data_to_csv state:running start_date:2026-03-06 15:10:17.835194+00:00
[2026-03-06T15:10:18.168+0000] {logging_mixin.py:190} INFO - Dag name:dag_get_data_from_yf and current dag run status:running
[2026-03-06T15:10:18.169+0000] {taskinstance.py:740} INFO - ::endgroup::
[2026-03-06T15:10:18.183+0000] {python.py:240} INFO - Done. Returned value was: None
[2026-03-06T15:10:18.199+0000] {taskinstance.py:349} INFO - ::group::Post task execution logs
[2026-03-06T15:10:18.200+0000] {taskinstance.py:361} INFO - Marking task as SUCCESS. dag_id=dag_get_data_from_yf, task_id=convert_data_to_csv, run_id=scheduled__2026-03-06T15:09:00+00:00, execution_date=20260306T150900, start_date=20260306T151017, end_date=20260306T151018
[2026-03-06T15:10:18.237+0000] {logging_mixin.py:190} INFO - Task instance in success state
[2026-03-06T15:10:18.238+0000] {logging_mixin.py:190} INFO -  Previous state of the Task instance: running
[2026-03-06T15:10:18.238+0000] {logging_mixin.py:190} INFO - Dag name:dag_get_data_from_yf queued_at:2026-03-06 15:10:00.867844+00:00
[2026-03-06T15:10:18.238+0000] {logging_mixin.py:190} INFO - Task hostname:450e3c808cfd operator:_PythonDecoratedOperator
[2026-03-06T15:10:18.257+0000] {local_task_job_runner.py:266} INFO - Task exited with return code 0
[2026-03-06T15:10:18.289+0000] {taskinstance.py:3924} INFO - 0 downstream tasks scheduled from follow-on schedule check
[2026-03-06T15:10:18.292+0000] {local_task_job_runner.py:245} INFO - ::endgroup::
