[2026-03-09T01:53:52.901+0000] {local_task_job_runner.py:123} INFO - ::group::Pre task execution logs
[2026-03-09T01:53:53.025+0000] {taskinstance.py:2631} INFO - Dependencies all met for dep_context=non-requeueable deps ti=<TaskInstance: dag_get_data_from_yf.combine_csv scheduled__2026-03-09T01:52:00+00:00 [queued]>
[2026-03-09T01:53:53.071+0000] {taskinstance.py:2631} INFO - Dependencies all met for dep_context=requeueable deps ti=<TaskInstance: dag_get_data_from_yf.combine_csv scheduled__2026-03-09T01:52:00+00:00 [queued]>
[2026-03-09T01:53:53.072+0000] {taskinstance.py:2884} INFO - Starting attempt 1 of 1
[2026-03-09T01:53:53.111+0000] {taskinstance.py:2907} INFO - Executing <Task(_PythonDecoratedOperator): combine_csv> on 2026-03-09 01:52:00+00:00
[2026-03-09T01:53:53.132+0000] {warnings.py:112} WARNING - /home/***/.local/lib/python3.12/site-packages/***/task/task_runner/standard_task_runner.py:70: DeprecationWarning: This process (pid=479) is multi-threaded, use of fork() may lead to deadlocks in the child.
  pid = os.fork()

[2026-03-09T01:53:53.135+0000] {standard_task_runner.py:72} INFO - Started process 483 to run task
[2026-03-09T01:53:53.138+0000] {standard_task_runner.py:104} INFO - Running: ['***', 'tasks', 'run', 'dag_get_data_from_yf', 'combine_csv', 'scheduled__2026-03-09T01:52:00+00:00', '--job-id', '4583', '--raw', '--subdir', 'DAGS_FOLDER/get_finance_yf_csv.py', '--cfg-path', '/tmp/tmp81dg4qtx']
[2026-03-09T01:53:53.139+0000] {standard_task_runner.py:105} INFO - Job 4583: Subtask combine_csv
[2026-03-09T01:53:53.255+0000] {task_command.py:467} INFO - Running <TaskInstance: dag_get_data_from_yf.combine_csv scheduled__2026-03-09T01:52:00+00:00 [running]> on host df9202435eb1
[2026-03-09T01:53:53.440+0000] {taskinstance.py:3157} INFO - Exporting env vars: AIRFLOW_CTX_DAG_OWNER='***' AIRFLOW_CTX_DAG_ID='dag_get_data_from_yf' AIRFLOW_CTX_TASK_ID='combine_csv' AIRFLOW_CTX_EXECUTION_DATE='2026-03-09T01:52:00+00:00' AIRFLOW_CTX_TRY_NUMBER='1' AIRFLOW_CTX_DAG_RUN_ID='scheduled__2026-03-09T01:52:00+00:00'
[2026-03-09T01:53:53.442+0000] {logging_mixin.py:190} INFO - Task instance is in running state
[2026-03-09T01:53:53.443+0000] {logging_mixin.py:190} INFO -  Previous state of the Task instance: queued
[2026-03-09T01:53:53.444+0000] {logging_mixin.py:190} INFO - Current task name:combine_csv state:running start_date:2026-03-09 01:53:53.026803+00:00
[2026-03-09T01:53:53.444+0000] {logging_mixin.py:190} INFO - Dag name:dag_get_data_from_yf and current dag run status:running
[2026-03-09T01:53:53.445+0000] {taskinstance.py:740} INFO - ::endgroup::
[2026-03-09T01:53:53.446+0000] {python.py:240} INFO - Done. Returned value was: None
[2026-03-09T01:53:53.468+0000] {taskinstance.py:349} INFO - ::group::Post task execution logs
[2026-03-09T01:53:53.469+0000] {taskinstance.py:361} INFO - Marking task as SUCCESS. dag_id=dag_get_data_from_yf, task_id=combine_csv, run_id=scheduled__2026-03-09T01:52:00+00:00, execution_date=20260309T015200, start_date=20260309T015353, end_date=20260309T015353
[2026-03-09T01:53:53.523+0000] {logging_mixin.py:190} INFO - Task instance in success state
[2026-03-09T01:53:53.524+0000] {logging_mixin.py:190} INFO -  Previous state of the Task instance: running
[2026-03-09T01:53:53.524+0000] {logging_mixin.py:190} INFO - Dag name:dag_get_data_from_yf queued_at:2026-03-09 01:53:00.044182+00:00
[2026-03-09T01:53:53.524+0000] {logging_mixin.py:190} INFO - Task hostname:df9202435eb1 operator:_PythonDecoratedOperator
[2026-03-09T01:53:53.539+0000] {local_task_job_runner.py:266} INFO - Task exited with return code 0
[2026-03-09T01:53:53.600+0000] {taskinstance.py:3924} INFO - 1 downstream tasks scheduled from follow-on schedule check
[2026-03-09T01:53:53.614+0000] {local_task_job_runner.py:245} INFO - ::endgroup::
