[2026-03-11T16:13:51.426+0000] {local_task_job_runner.py:123} INFO - ::group::Pre task execution logs
[2026-03-11T16:13:51.460+0000] {taskinstance.py:2631} INFO - Dependencies all met for dep_context=non-requeueable deps ti=<TaskInstance: dag_load_data_from_csv.read_csv_file manual__2026-03-11T16:13:45.914576+00:00 [queued]>
[2026-03-11T16:13:51.470+0000] {taskinstance.py:2631} INFO - Dependencies all met for dep_context=requeueable deps ti=<TaskInstance: dag_load_data_from_csv.read_csv_file manual__2026-03-11T16:13:45.914576+00:00 [queued]>
[2026-03-11T16:13:51.470+0000] {taskinstance.py:2884} INFO - Starting attempt 1 of 1
[2026-03-11T16:13:51.486+0000] {taskinstance.py:2907} INFO - Executing <Task(_PythonDecoratedOperator): read_csv_file> on 2026-03-11 16:13:45.914576+00:00
[2026-03-11T16:13:51.497+0000] {warnings.py:112} WARNING - /home/***/.local/lib/python3.12/site-packages/***/task/task_runner/standard_task_runner.py:70: DeprecationWarning: This process (pid=13000) is multi-threaded, use of fork() may lead to deadlocks in the child.
  pid = os.fork()

[2026-03-11T16:13:51.499+0000] {standard_task_runner.py:72} INFO - Started process 13002 to run task
[2026-03-11T16:13:51.499+0000] {standard_task_runner.py:104} INFO - Running: ['***', 'tasks', 'run', 'dag_load_data_from_csv', 'read_csv_file', 'manual__2026-03-11T16:13:45.914576+00:00', '--job-id', '11173', '--raw', '--subdir', 'DAGS_FOLDER/read_finance_csv_from_other_dag.py', '--cfg-path', '/tmp/tmpno5mq4u9']
[2026-03-11T16:13:51.500+0000] {standard_task_runner.py:105} INFO - Job 11173: Subtask read_csv_file
[2026-03-11T16:13:51.564+0000] {task_command.py:467} INFO - Running <TaskInstance: dag_load_data_from_csv.read_csv_file manual__2026-03-11T16:13:45.914576+00:00 [running]> on host ea47c22639fa
[2026-03-11T16:13:51.676+0000] {taskinstance.py:3157} INFO - Exporting env vars: AIRFLOW_CTX_DAG_OWNER='***' AIRFLOW_CTX_DAG_ID='dag_load_data_from_csv' AIRFLOW_CTX_TASK_ID='read_csv_file' AIRFLOW_CTX_EXECUTION_DATE='2026-03-11T16:13:45.914576+00:00' AIRFLOW_CTX_TRY_NUMBER='1' AIRFLOW_CTX_DAG_RUN_ID='manual__2026-03-11T16:13:45.914576+00:00'
[2026-03-11T16:13:51.677+0000] {logging_mixin.py:190} INFO - Task instance is in running state
[2026-03-11T16:13:51.678+0000] {logging_mixin.py:190} INFO -  Previous state of the Task instance: queued
[2026-03-11T16:13:51.678+0000] {logging_mixin.py:190} INFO - Current task name:read_csv_file state:running start_date:2026-03-11 16:13:51.461128+00:00
[2026-03-11T16:13:51.678+0000] {logging_mixin.py:190} INFO - Dag name:dag_load_data_from_csv and current dag run status:running
[2026-03-11T16:13:51.678+0000] {taskinstance.py:740} INFO - ::endgroup::
[2026-03-11T16:13:51.936+0000] {logging_mixin.py:190} INFO -         Price    Close  Close.1  Close.2  ...     Open   Open.1   Open.2   Open.3
0      Ticker  BREN.JK  CDIA.JK  PTRO.JK  ...  BREN.JK  CDIA.JK  PTRO.JK  TPIA.JK
1        Date      NaN      NaN      NaN  ...      NaN      NaN      NaN      NaN
2  2026-03-02   7775.0    985.0   6000.0  ...   8050.0    990.0   5725.0   6525.0
3  2026-03-03   7575.0    965.0   5825.0  ...   7775.0    985.0   6275.0   6050.0
4  2026-03-04   7425.0    895.0   5300.0  ...   7500.0    945.0   5725.0   5550.0

[5 rows x 17 columns]
[2026-03-11T16:13:51.936+0000] {python.py:240} INFO - Done. Returned value was: /opt/***/scripts/saham_indonesia_all.csv
[2026-03-11T16:13:51.971+0000] {taskinstance.py:349} INFO - ::group::Post task execution logs
[2026-03-11T16:13:51.972+0000] {taskinstance.py:361} INFO - Marking task as SUCCESS. dag_id=dag_load_data_from_csv, task_id=read_csv_file, run_id=manual__2026-03-11T16:13:45.914576+00:00, execution_date=20260311T161345, start_date=20260311T161351, end_date=20260311T161351
[2026-03-11T16:13:52.006+0000] {logging_mixin.py:190} INFO - Task instance in success state
[2026-03-11T16:13:52.007+0000] {logging_mixin.py:190} INFO -  Previous state of the Task instance: running
[2026-03-11T16:13:52.007+0000] {logging_mixin.py:190} INFO - Dag name:dag_load_data_from_csv queued_at:2026-03-11 16:13:45.968072+00:00
[2026-03-11T16:13:52.007+0000] {logging_mixin.py:190} INFO - Task hostname:ea47c22639fa operator:_PythonDecoratedOperator
[2026-03-11T16:13:52.021+0000] {local_task_job_runner.py:266} INFO - Task exited with return code 0
[2026-03-11T16:13:52.047+0000] {taskinstance.py:3924} INFO - 0 downstream tasks scheduled from follow-on schedule check
[2026-03-11T16:13:52.049+0000] {local_task_job_runner.py:245} INFO - ::endgroup::
