[2026-03-25T02:57:58.674+0000] {local_task_job_runner.py:123} INFO - ::group::Pre task execution logs
[2026-03-25T02:57:59.304+0000] {taskinstance.py:2631} INFO - Dependencies all met for dep_context=non-requeueable deps ti=<TaskInstance: dag_get_data_from_yf.insert_data_task manual__2026-03-25T02:55:45+00:00 map_index=10 [queued]>
[2026-03-25T02:57:59.618+0000] {taskinstance.py:2631} INFO - Dependencies all met for dep_context=requeueable deps ti=<TaskInstance: dag_get_data_from_yf.insert_data_task manual__2026-03-25T02:55:45+00:00 map_index=10 [queued]>
[2026-03-25T02:57:59.621+0000] {taskinstance.py:2884} INFO - Starting attempt 1 of 1
[2026-03-25T02:57:59.966+0000] {taskinstance.py:2907} INFO - Executing <Mapped(SQLExecuteQueryOperator): insert_data_task> on 2026-03-25 02:55:45+00:00
[2026-03-25T02:58:00.123+0000] {warnings.py:112} WARNING - /home/***/.local/lib/python3.12/site-packages/***/task/task_runner/standard_task_runner.py:70: DeprecationWarning: This process (pid=322) is multi-threaded, use of fork() may lead to deadlocks in the child.
  pid = os.fork()

[2026-03-25T02:58:00.133+0000] {standard_task_runner.py:72} INFO - Started process 366 to run task
[2026-03-25T02:58:00.247+0000] {standard_task_runner.py:104} INFO - Running: ['***', 'tasks', 'run', 'dag_get_data_from_yf', 'insert_data_task', 'manual__2026-03-25T02:55:45+00:00', '--job-id', '2676', '--raw', '--subdir', 'DAGS_FOLDER/get_finance_yf_csv.py', '--cfg-path', '/tmp/tmpis6z2ol4', '--map-index', '10']
[2026-03-25T02:58:00.250+0000] {standard_task_runner.py:105} INFO - Job 2676: Subtask insert_data_task
[2026-03-25T02:58:01.397+0000] {task_command.py:467} INFO - Running <TaskInstance: dag_get_data_from_yf.insert_data_task manual__2026-03-25T02:55:45+00:00 map_index=10 [running]> on host 2cd601aaa810
[2026-03-25T02:58:02.640+0000] {taskinstance.py:3157} INFO - Exporting env vars: AIRFLOW_CTX_DAG_OWNER='***' AIRFLOW_CTX_DAG_ID='dag_get_data_from_yf' AIRFLOW_CTX_TASK_ID='insert_data_task' AIRFLOW_CTX_EXECUTION_DATE='2026-03-25T02:55:45+00:00' AIRFLOW_CTX_TRY_NUMBER='1' AIRFLOW_CTX_DAG_RUN_ID='manual__2026-03-25T02:55:45+00:00'
[2026-03-25T02:58:02.664+0000] {logging_mixin.py:190} INFO - Task instance is in running state
[2026-03-25T02:58:02.665+0000] {logging_mixin.py:190} INFO -  Previous state of the Task instance: queued
[2026-03-25T02:58:02.665+0000] {logging_mixin.py:190} INFO - Current task name:insert_data_task state:running start_date:2026-03-25 02:57:59.312132+00:00
[2026-03-25T02:58:02.680+0000] {logging_mixin.py:190} INFO - Dag name:dag_get_data_from_yf and current dag run status:running
[2026-03-25T02:58:02.681+0000] {taskinstance.py:740} INFO - ::endgroup::
[2026-03-25T02:58:02.691+0000] {sql.py:410} INFO - Executing:  INSERT INTO indonesian_stocks (date, ticker, close, high, low, open, inserted_at_timestamp_wib) 
                VALUES ('2026-03-04', 'BBRI.JK', '3690.0', '3770.0', '3660.0', '3770.0', '2026-03-25 09:53:30' )
                ON CONFLICT (date, ticker) DO NOTHING; 
[2026-03-25T02:58:02.708+0000] {crypto.py:82} WARNING - empty cryptography key - values will not be stored encrypted.
[2026-03-25T02:58:02.804+0000] {base.py:84} INFO - Retrieving connection 'db_custom'
[2026-03-25T02:58:02.977+0000] {base.py:84} INFO - Retrieving connection 'db_custom'
[2026-03-25T02:58:03.110+0000] {sql.py:861} INFO - Running statement:  INSERT INTO indonesian_stocks (date, ticker, close, high, low, open, inserted_at_timestamp_wib) 
                VALUES ('2026-03-04', 'BBRI.JK', '3690.0', '3770.0', '3660.0', '3770.0', '2026-03-25 09:53:30' )
                ON CONFLICT (date, ticker) DO NOTHING; , parameters: None
[2026-03-25T02:58:03.181+0000] {sql.py:879} INFO - Rows affected: 1
[2026-03-25T02:58:03.392+0000] {taskinstance.py:349} INFO - ::group::Post task execution logs
[2026-03-25T02:58:03.393+0000] {taskinstance.py:361} INFO - Marking task as SUCCESS. dag_id=dag_get_data_from_yf, task_id=insert_data_task, run_id=manual__2026-03-25T02:55:45+00:00, map_index=10, execution_date=20260325T025545, start_date=20260325T025759, end_date=20260325T025803
[2026-03-25T02:58:03.643+0000] {logging_mixin.py:190} INFO - Task instance in success state
[2026-03-25T02:58:03.643+0000] {logging_mixin.py:190} INFO -  Previous state of the Task instance: running
[2026-03-25T02:58:03.644+0000] {logging_mixin.py:190} INFO - Dag name:dag_get_data_from_yf queued_at:2026-03-25 02:55:59.171234+00:00
[2026-03-25T02:58:03.644+0000] {logging_mixin.py:190} INFO - Task hostname:2cd601aaa810 operator:SQLExecuteQueryOperator
[2026-03-25T02:58:03.818+0000] {local_task_job_runner.py:266} INFO - Task exited with return code 0
[2026-03-25T02:58:04.290+0000] {taskinstance.py:3924} INFO - 0 downstream tasks scheduled from follow-on schedule check
[2026-03-25T02:58:04.309+0000] {local_task_job_runner.py:245} INFO - ::endgroup::
