[2026-03-24T14:59:11.772+0000] {local_task_job_runner.py:123} INFO - ::group::Pre task execution logs
[2026-03-24T14:59:12.080+0000] {taskinstance.py:2631} INFO - Dependencies all met for dep_context=non-requeueable deps ti=<TaskInstance: dag_get_data_from_yf.insert_data_task manual__2026-03-24T14:57:37+00:00 map_index=1 [queued]>
[2026-03-24T14:59:12.396+0000] {taskinstance.py:2631} INFO - Dependencies all met for dep_context=requeueable deps ti=<TaskInstance: dag_get_data_from_yf.insert_data_task manual__2026-03-24T14:57:37+00:00 map_index=1 [queued]>
[2026-03-24T14:59:12.405+0000] {taskinstance.py:2884} INFO - Starting attempt 1 of 1
[2026-03-24T14:59:12.565+0000] {taskinstance.py:2907} INFO - Executing <Mapped(SQLExecuteQueryOperator): insert_data_task> on 2026-03-24 14:57:37+00:00
[2026-03-24T14:59:12.619+0000] {warnings.py:112} WARNING - /home/***/.local/lib/python3.12/site-packages/***/task/task_runner/standard_task_runner.py:70: DeprecationWarning: This process (pid=206) is multi-threaded, use of fork() may lead to deadlocks in the child.
  pid = os.fork()

[2026-03-24T14:59:12.622+0000] {standard_task_runner.py:72} INFO - Started process 251 to run task
[2026-03-24T14:59:12.636+0000] {standard_task_runner.py:104} INFO - Running: ['***', 'tasks', 'run', 'dag_get_data_from_yf', 'insert_data_task', 'manual__2026-03-24T14:57:37+00:00', '--job-id', '2603', '--raw', '--subdir', 'DAGS_FOLDER/get_finance_yf_csv.py', '--cfg-path', '/tmp/tmpeen0ib38', '--map-index', '1']
[2026-03-24T14:59:12.639+0000] {standard_task_runner.py:105} INFO - Job 2603: Subtask insert_data_task
[2026-03-24T14:59:13.167+0000] {task_command.py:467} INFO - Running <TaskInstance: dag_get_data_from_yf.insert_data_task manual__2026-03-24T14:57:37+00:00 map_index=1 [running]> on host a72f93576683
[2026-03-24T14:59:13.981+0000] {taskinstance.py:3157} INFO - Exporting env vars: AIRFLOW_CTX_DAG_OWNER='***' AIRFLOW_CTX_DAG_ID='dag_get_data_from_yf' AIRFLOW_CTX_TASK_ID='insert_data_task' AIRFLOW_CTX_EXECUTION_DATE='2026-03-24T14:57:37+00:00' AIRFLOW_CTX_TRY_NUMBER='1' AIRFLOW_CTX_DAG_RUN_ID='manual__2026-03-24T14:57:37+00:00'
[2026-03-24T14:59:13.984+0000] {logging_mixin.py:190} INFO - Task instance is in running state
[2026-03-24T14:59:13.989+0000] {logging_mixin.py:190} INFO -  Previous state of the Task instance: queued
[2026-03-24T14:59:13.992+0000] {logging_mixin.py:190} INFO - Current task name:insert_data_task state:running start_date:2026-03-24 14:59:12.104742+00:00
[2026-03-24T14:59:13.993+0000] {logging_mixin.py:190} INFO - Dag name:dag_get_data_from_yf and current dag run status:running
[2026-03-24T14:59:13.994+0000] {taskinstance.py:740} INFO - ::endgroup::
[2026-03-24T14:59:13.995+0000] {sql.py:410} INFO - Executing:  INSERT INTO indonesian_stocks (date, ticker, close, high, low, open, inserted_at_timestamp_wib) 
                VALUES ('2026-03-02', 'BBRI.JK', '3820.0', '3840.0', '3800.0', '3840.0', '2026-03-24 21:57:52' )
                ON CONFLICT (date, ticker) DO NOTHING; 
[2026-03-24T14:59:13.997+0000] {crypto.py:82} WARNING - empty cryptography key - values will not be stored encrypted.
[2026-03-24T14:59:13.998+0000] {base.py:84} INFO - Retrieving connection 'db_custom'
[2026-03-24T14:59:14.037+0000] {base.py:84} INFO - Retrieving connection 'db_custom'
[2026-03-24T14:59:14.079+0000] {sql.py:861} INFO - Running statement:  INSERT INTO indonesian_stocks (date, ticker, close, high, low, open, inserted_at_timestamp_wib) 
                VALUES ('2026-03-02', 'BBRI.JK', '3820.0', '3840.0', '3800.0', '3840.0', '2026-03-24 21:57:52' )
                ON CONFLICT (date, ticker) DO NOTHING; , parameters: None
[2026-03-24T14:59:14.093+0000] {sql.py:879} INFO - Rows affected: 1
[2026-03-24T14:59:14.146+0000] {taskinstance.py:349} INFO - ::group::Post task execution logs
[2026-03-24T14:59:14.147+0000] {taskinstance.py:361} INFO - Marking task as SUCCESS. dag_id=dag_get_data_from_yf, task_id=insert_data_task, run_id=manual__2026-03-24T14:57:37+00:00, map_index=1, execution_date=20260324T145737, start_date=20260324T145912, end_date=20260324T145914
[2026-03-24T14:59:14.380+0000] {logging_mixin.py:190} INFO - Task instance in success state
[2026-03-24T14:59:14.381+0000] {logging_mixin.py:190} INFO -  Previous state of the Task instance: running
[2026-03-24T14:59:14.382+0000] {logging_mixin.py:190} INFO - Dag name:dag_get_data_from_yf queued_at:2026-03-24 14:57:44.232625+00:00
[2026-03-24T14:59:14.382+0000] {logging_mixin.py:190} INFO - Task hostname:a72f93576683 operator:SQLExecuteQueryOperator
[2026-03-24T14:59:14.420+0000] {local_task_job_runner.py:266} INFO - Task exited with return code 0
[2026-03-24T14:59:14.481+0000] {local_task_job_runner.py:245} INFO - ::endgroup::
