[2026-03-18T17:38:16.404+0000] {local_task_job_runner.py:123} INFO - ::group::Pre task execution logs
[2026-03-18T17:38:17.018+0000] {taskinstance.py:2631} INFO - Dependencies all met for dep_context=non-requeueable deps ti=<TaskInstance: dag_get_data_from_yf.insert_data_task manual__2026-03-18T17:36:07+00:00 map_index=3 [queued]>
[2026-03-18T17:38:17.181+0000] {taskinstance.py:2631} INFO - Dependencies all met for dep_context=requeueable deps ti=<TaskInstance: dag_get_data_from_yf.insert_data_task manual__2026-03-18T17:36:07+00:00 map_index=3 [queued]>
[2026-03-18T17:38:17.182+0000] {taskinstance.py:2884} INFO - Starting attempt 1 of 1
[2026-03-18T17:38:17.293+0000] {taskinstance.py:2907} INFO - Executing <Mapped(SQLExecuteQueryOperator): insert_data_task> on 2026-03-18 17:36:07+00:00
[2026-03-18T17:38:17.536+0000] {standard_task_runner.py:104} INFO - Running: ['***', 'tasks', 'run', 'dag_get_data_from_yf', 'insert_data_task', 'manual__2026-03-18T17:36:07+00:00', '--job-id', '2335', '--raw', '--subdir', 'DAGS_FOLDER/get_finance_yf_csv.py', '--cfg-path', '/tmp/tmpv3039pbp', '--map-index', '3']
[2026-03-18T17:38:17.576+0000] {standard_task_runner.py:105} INFO - Job 2335: Subtask insert_data_task
[2026-03-18T17:38:17.526+0000] {warnings.py:112} WARNING - /home/***/.local/lib/python3.12/site-packages/***/task/task_runner/standard_task_runner.py:70: DeprecationWarning: This process (pid=714) is multi-threaded, use of fork() may lead to deadlocks in the child.
  pid = os.fork()

[2026-03-18T17:38:17.619+0000] {standard_task_runner.py:72} INFO - Started process 757 to run task
[2026-03-18T17:38:18.512+0000] {task_command.py:467} INFO - Running <TaskInstance: dag_get_data_from_yf.insert_data_task manual__2026-03-18T17:36:07+00:00 map_index=3 [running]> on host 0d842667f3be
[2026-03-18T17:38:19.302+0000] {taskinstance.py:3157} INFO - Exporting env vars: AIRFLOW_CTX_DAG_OWNER='***' AIRFLOW_CTX_DAG_ID='dag_get_data_from_yf' AIRFLOW_CTX_TASK_ID='insert_data_task' AIRFLOW_CTX_EXECUTION_DATE='2026-03-18T17:36:07+00:00' AIRFLOW_CTX_TRY_NUMBER='1' AIRFLOW_CTX_DAG_RUN_ID='manual__2026-03-18T17:36:07+00:00'
[2026-03-18T17:38:19.307+0000] {logging_mixin.py:190} INFO - Task instance is in running state
[2026-03-18T17:38:19.309+0000] {logging_mixin.py:190} INFO -  Previous state of the Task instance: queued
[2026-03-18T17:38:19.310+0000] {logging_mixin.py:190} INFO - Current task name:insert_data_task state:running start_date:2026-03-18 17:38:17.019185+00:00
[2026-03-18T17:38:19.310+0000] {logging_mixin.py:190} INFO - Dag name:dag_get_data_from_yf and current dag run status:running
[2026-03-18T17:38:19.311+0000] {taskinstance.py:740} INFO - ::endgroup::
[2026-03-18T17:38:19.321+0000] {sql.py:392} INFO - Executing:  INSERT INTO indonesian_stocks (date, ticker, close, high, low, open, inserted_at_timestamp_wib) 
                VALUES ('2026-03-03', 'BBCA.JK', '7075.0', '7125.0', '7025.0', '7075.0', '2026-03-19 00:36:26' )
                ON CONFLICT (date, ticker) DO NOTHING; 
[2026-03-18T17:38:19.474+0000] {base.py:84} INFO - Retrieving connection 'db_custom'
[2026-03-18T17:38:19.717+0000] {base.py:84} INFO - Retrieving connection 'db_custom'
[2026-03-18T17:38:19.757+0000] {sql.py:829} INFO - Running statement:  INSERT INTO indonesian_stocks (date, ticker, close, high, low, open, inserted_at_timestamp_wib) 
                VALUES ('2026-03-03', 'BBCA.JK', '7075.0', '7125.0', '7025.0', '7075.0', '2026-03-19 00:36:26' )
                ON CONFLICT (date, ticker) DO NOTHING; , parameters: None
[2026-03-18T17:38:19.769+0000] {sql.py:841} INFO - Rows affected: 1
[2026-03-18T17:38:19.906+0000] {taskinstance.py:349} INFO - ::group::Post task execution logs
[2026-03-18T17:38:19.907+0000] {taskinstance.py:361} INFO - Marking task as SUCCESS. dag_id=dag_get_data_from_yf, task_id=insert_data_task, run_id=manual__2026-03-18T17:36:07+00:00, map_index=3, execution_date=20260318T173607, start_date=20260318T173817, end_date=20260318T173819
[2026-03-18T17:38:20.081+0000] {logging_mixin.py:190} INFO - Task instance in success state
[2026-03-18T17:38:20.083+0000] {logging_mixin.py:190} INFO -  Previous state of the Task instance: running
[2026-03-18T17:38:20.085+0000] {logging_mixin.py:190} INFO - Dag name:dag_get_data_from_yf queued_at:2026-03-18 17:36:13.796985+00:00
[2026-03-18T17:38:20.087+0000] {logging_mixin.py:190} INFO - Task hostname:0d842667f3be operator:SQLExecuteQueryOperator
[2026-03-18T17:38:20.242+0000] {local_task_job_runner.py:266} INFO - Task exited with return code 0
[2026-03-18T17:38:20.496+0000] {taskinstance.py:3924} INFO - 0 downstream tasks scheduled from follow-on schedule check
[2026-03-18T17:38:20.513+0000] {local_task_job_runner.py:245} INFO - ::endgroup::
