[2026-03-09T15:29:12.067+0000] {local_task_job_runner.py:123} INFO - ::group::Pre task execution logs
[2026-03-09T15:29:12.107+0000] {taskinstance.py:2631} INFO - Dependencies all met for dep_context=non-requeueable deps ti=<TaskInstance: dag_get_data_from_yf.get_data_from_yf scheduled__2026-03-09T15:28:00+00:00 [queued]>
[2026-03-09T15:29:12.121+0000] {taskinstance.py:2631} INFO - Dependencies all met for dep_context=requeueable deps ti=<TaskInstance: dag_get_data_from_yf.get_data_from_yf scheduled__2026-03-09T15:28:00+00:00 [queued]>
[2026-03-09T15:29:12.122+0000] {taskinstance.py:2884} INFO - Starting attempt 1 of 1
[2026-03-09T15:29:12.145+0000] {taskinstance.py:2907} INFO - Executing <Task(_PythonDecoratedOperator): get_data_from_yf> on 2026-03-09 15:28:00+00:00
[2026-03-09T15:29:12.158+0000] {warnings.py:112} WARNING - /home/***/.local/lib/python3.12/site-packages/***/task/task_runner/standard_task_runner.py:70: DeprecationWarning: This process (pid=21971) is multi-threaded, use of fork() may lead to deadlocks in the child.
  pid = os.fork()

[2026-03-09T15:29:12.161+0000] {standard_task_runner.py:72} INFO - Started process 21976 to run task
[2026-03-09T15:29:12.163+0000] {standard_task_runner.py:104} INFO - Running: ['***', 'tasks', 'run', 'dag_get_data_from_yf', 'get_data_from_yf', 'scheduled__2026-03-09T15:28:00+00:00', '--job-id', '7632', '--raw', '--subdir', 'DAGS_FOLDER/get_finance_yf_csv.py', '--cfg-path', '/tmp/tmplwn90lx6']
[2026-03-09T15:29:12.165+0000] {standard_task_runner.py:105} INFO - Job 7632: Subtask get_data_from_yf
[2026-03-09T15:29:12.270+0000] {task_command.py:467} INFO - Running <TaskInstance: dag_get_data_from_yf.get_data_from_yf scheduled__2026-03-09T15:28:00+00:00 [running]> on host e96756f86073
[2026-03-09T15:29:12.463+0000] {taskinstance.py:3157} INFO - Exporting env vars: AIRFLOW_CTX_DAG_OWNER='***' AIRFLOW_CTX_DAG_ID='dag_get_data_from_yf' AIRFLOW_CTX_TASK_ID='get_data_from_yf' AIRFLOW_CTX_EXECUTION_DATE='2026-03-09T15:28:00+00:00' AIRFLOW_CTX_TRY_NUMBER='1' AIRFLOW_CTX_DAG_RUN_ID='scheduled__2026-03-09T15:28:00+00:00'
[2026-03-09T15:29:12.466+0000] {logging_mixin.py:190} INFO - Task instance is in running state
[2026-03-09T15:29:12.466+0000] {logging_mixin.py:190} INFO -  Previous state of the Task instance: queued
[2026-03-09T15:29:12.467+0000] {logging_mixin.py:190} INFO - Current task name:get_data_from_yf state:running start_date:2026-03-09 15:29:12.108287+00:00
[2026-03-09T15:29:12.467+0000] {logging_mixin.py:190} INFO - Dag name:dag_get_data_from_yf and current dag run status:running
[2026-03-09T15:29:12.468+0000] {taskinstance.py:740} INFO - ::endgroup::
[2026-03-09T15:29:13.051+0000] {logging_mixin.py:190} WARNING - [                       0%                       ]
[2026-03-09T15:29:13.147+0000] {logging_mixin.py:190} WARNING - [****************      33%                       ]  2 of 6 completed
[2026-03-09T15:29:13.161+0000] {logging_mixin.py:190} WARNING - [**********************50%                       ]  3 of 6 completed
[2026-03-09T15:29:13.178+0000] {logging_mixin.py:190} WARNING - [**********************67%*******                ]  4 of 6 completed
[2026-03-09T15:29:13.189+0000] {logging_mixin.py:190} WARNING - [**********************83%***************        ]  5 of 6 completed
[2026-03-09T15:29:13.199+0000] {logging_mixin.py:190} WARNING - [*********************100%***********************]  6 of 6 completed
[2026-03-09T15:29:13.227+0000] {logging_mixin.py:190} INFO - None
[2026-03-09T15:29:13.228+0000] {python.py:240} INFO - Done. Returned value was: /opt/***/scripts/saham_indonesia_raw.csv
[2026-03-09T15:29:13.289+0000] {taskinstance.py:349} INFO - ::group::Post task execution logs
[2026-03-09T15:29:13.290+0000] {taskinstance.py:361} INFO - Marking task as SUCCESS. dag_id=dag_get_data_from_yf, task_id=get_data_from_yf, run_id=scheduled__2026-03-09T15:28:00+00:00, execution_date=20260309T152800, start_date=20260309T152912, end_date=20260309T152913
[2026-03-09T15:29:13.350+0000] {logging_mixin.py:190} INFO - Task instance in success state
[2026-03-09T15:29:13.350+0000] {logging_mixin.py:190} INFO -  Previous state of the Task instance: running
[2026-03-09T15:29:13.351+0000] {logging_mixin.py:190} INFO - Dag name:dag_get_data_from_yf queued_at:2026-03-09 15:29:00.271887+00:00
[2026-03-09T15:29:13.351+0000] {logging_mixin.py:190} INFO - Task hostname:e96756f86073 operator:_PythonDecoratedOperator
[2026-03-09T15:29:13.375+0000] {local_task_job_runner.py:266} INFO - Task exited with return code 0
[2026-03-09T15:29:13.398+0000] {local_task_job_runner.py:245} INFO - ::endgroup::
