[2026-03-09T03:57:28.157+0000] {local_task_job_runner.py:123} INFO - ::group::Pre task execution logs
[2026-03-09T03:57:28.213+0000] {taskinstance.py:2631} INFO - Dependencies all met for dep_context=non-requeueable deps ti=<TaskInstance: dag_get_data_from_yf.get_csv_low scheduled__2026-03-09T03:56:00+00:00 [queued]>
[2026-03-09T03:57:28.238+0000] {taskinstance.py:2631} INFO - Dependencies all met for dep_context=requeueable deps ti=<TaskInstance: dag_get_data_from_yf.get_csv_low scheduled__2026-03-09T03:56:00+00:00 [queued]>
[2026-03-09T03:57:28.239+0000] {taskinstance.py:2884} INFO - Starting attempt 1 of 1
[2026-03-09T03:57:28.283+0000] {taskinstance.py:2907} INFO - Executing <Task(_PythonDecoratedOperator): get_csv_low> on 2026-03-09 03:56:00+00:00
[2026-03-09T03:57:28.302+0000] {warnings.py:112} WARNING - /home/***/.local/lib/python3.12/site-packages/***/task/task_runner/standard_task_runner.py:70: DeprecationWarning: This process (pid=1451) is multi-threaded, use of fork() may lead to deadlocks in the child.
  pid = os.fork()

[2026-03-09T03:57:28.307+0000] {standard_task_runner.py:72} INFO - Started process 1463 to run task
[2026-03-09T03:57:28.311+0000] {standard_task_runner.py:104} INFO - Running: ['***', 'tasks', 'run', 'dag_get_data_from_yf', 'get_csv_low', 'scheduled__2026-03-09T03:56:00+00:00', '--job-id', '5794', '--raw', '--subdir', 'DAGS_FOLDER/get_finance_yf_csv.py', '--cfg-path', '/tmp/tmpcr2_r2qg']
[2026-03-09T03:57:28.314+0000] {standard_task_runner.py:105} INFO - Job 5794: Subtask get_csv_low
[2026-03-09T03:57:28.459+0000] {task_command.py:467} INFO - Running <TaskInstance: dag_get_data_from_yf.get_csv_low scheduled__2026-03-09T03:56:00+00:00 [running]> on host e96756f86073
[2026-03-09T03:57:29.275+0000] {taskinstance.py:3157} INFO - Exporting env vars: AIRFLOW_CTX_DAG_OWNER='***' AIRFLOW_CTX_DAG_ID='dag_get_data_from_yf' AIRFLOW_CTX_TASK_ID='get_csv_low' AIRFLOW_CTX_EXECUTION_DATE='2026-03-09T03:56:00+00:00' AIRFLOW_CTX_TRY_NUMBER='1' AIRFLOW_CTX_DAG_RUN_ID='scheduled__2026-03-09T03:56:00+00:00'
[2026-03-09T03:57:29.277+0000] {logging_mixin.py:190} INFO - Task instance is in running state
[2026-03-09T03:57:29.278+0000] {logging_mixin.py:190} INFO -  Previous state of the Task instance: queued
[2026-03-09T03:57:29.278+0000] {logging_mixin.py:190} INFO - Current task name:get_csv_low state:running start_date:2026-03-09 03:57:28.214076+00:00
[2026-03-09T03:57:29.279+0000] {logging_mixin.py:190} INFO - Dag name:dag_get_data_from_yf and current dag run status:running
[2026-03-09T03:57:29.279+0000] {taskinstance.py:740} INFO - ::endgroup::
[2026-03-09T03:57:29.294+0000] {logging_mixin.py:190} INFO - None
[2026-03-09T03:57:29.295+0000] {python.py:240} INFO - Done. Returned value was: /opt/***/scripts/saham_indonesia_low.csv
[2026-03-09T03:57:29.416+0000] {taskinstance.py:349} INFO - ::group::Post task execution logs
[2026-03-09T03:57:29.417+0000] {taskinstance.py:361} INFO - Marking task as SUCCESS. dag_id=dag_get_data_from_yf, task_id=get_csv_low, run_id=scheduled__2026-03-09T03:56:00+00:00, execution_date=20260309T035600, start_date=20260309T035728, end_date=20260309T035729
[2026-03-09T03:57:29.520+0000] {logging_mixin.py:190} INFO - Task instance in success state
[2026-03-09T03:57:29.521+0000] {logging_mixin.py:190} INFO -  Previous state of the Task instance: running
[2026-03-09T03:57:29.521+0000] {logging_mixin.py:190} INFO - Dag name:dag_get_data_from_yf queued_at:2026-03-09 03:57:06.278268+00:00
[2026-03-09T03:57:29.522+0000] {logging_mixin.py:190} INFO - Task hostname:e96756f86073 operator:_PythonDecoratedOperator
[2026-03-09T03:57:29.550+0000] {local_task_job_runner.py:266} INFO - Task exited with return code 0
[2026-03-09T03:57:29.686+0000] {taskinstance.py:3924} INFO - 1 downstream tasks scheduled from follow-on schedule check
[2026-03-09T03:57:29.690+0000] {local_task_job_runner.py:245} INFO - ::endgroup::
