[2026-03-06T16:26:07.269+0000] {local_task_job_runner.py:123} INFO - ::group::Pre task execution logs
[2026-03-06T16:26:07.323+0000] {taskinstance.py:2631} INFO - Dependencies all met for dep_context=non-requeueable deps ti=<TaskInstance: dag_load_data_from_csv.read_csv_file manual__2026-03-06T16:25:54.482171+00:00 [queued]>
[2026-03-06T16:26:07.349+0000] {taskinstance.py:2631} INFO - Dependencies all met for dep_context=requeueable deps ti=<TaskInstance: dag_load_data_from_csv.read_csv_file manual__2026-03-06T16:25:54.482171+00:00 [queued]>
[2026-03-06T16:26:07.350+0000] {taskinstance.py:2884} INFO - Starting attempt 1 of 1
[2026-03-06T16:26:07.391+0000] {taskinstance.py:2907} INFO - Executing <Task(_PythonDecoratedOperator): read_csv_file> on 2026-03-06 16:25:54.482171+00:00
[2026-03-06T16:26:07.425+0000] {warnings.py:112} WARNING - /home/***/.local/lib/python3.12/site-packages/***/task/task_runner/standard_task_runner.py:70: DeprecationWarning: This process (pid=3559) is multi-threaded, use of fork() may lead to deadlocks in the child.
  pid = os.fork()

[2026-03-06T16:26:07.422+0000] {standard_task_runner.py:104} INFO - Running: ['***', 'tasks', 'run', 'dag_load_data_from_csv', 'read_csv_file', 'manual__2026-03-06T16:25:54.482171+00:00', '--job-id', '3721', '--raw', '--subdir', 'DAGS_FOLDER/read_finance_csv_from_other_dag.py', '--cfg-path', '/tmp/tmpqu0wzhxs']
[2026-03-06T16:26:07.428+0000] {standard_task_runner.py:105} INFO - Job 3721: Subtask read_csv_file
[2026-03-06T16:26:07.428+0000] {standard_task_runner.py:72} INFO - Started process 3565 to run task
[2026-03-06T16:26:07.609+0000] {task_command.py:467} INFO - Running <TaskInstance: dag_load_data_from_csv.read_csv_file manual__2026-03-06T16:25:54.482171+00:00 [running]> on host 7b8385e6caab
[2026-03-06T16:26:08.016+0000] {taskinstance.py:3157} INFO - Exporting env vars: AIRFLOW_CTX_DAG_OWNER='***' AIRFLOW_CTX_DAG_ID='dag_load_data_from_csv' AIRFLOW_CTX_TASK_ID='read_csv_file' AIRFLOW_CTX_EXECUTION_DATE='2026-03-06T16:25:54.482171+00:00' AIRFLOW_CTX_TRY_NUMBER='1' AIRFLOW_CTX_DAG_RUN_ID='manual__2026-03-06T16:25:54.482171+00:00'
[2026-03-06T16:26:08.018+0000] {logging_mixin.py:190} INFO - Task instance is in running state
[2026-03-06T16:26:08.019+0000] {logging_mixin.py:190} INFO -  Previous state of the Task instance: queued
[2026-03-06T16:26:08.019+0000] {logging_mixin.py:190} INFO - Current task name:read_csv_file state:running start_date:2026-03-06 16:26:07.325283+00:00
[2026-03-06T16:26:08.020+0000] {logging_mixin.py:190} INFO - Dag name:dag_load_data_from_csv and current dag run status:running
[2026-03-06T16:26:08.020+0000] {taskinstance.py:740} INFO - ::endgroup::
[2026-03-06T16:26:08.175+0000] {logging_mixin.py:190} INFO -         Price             Close  ...   Volume.4   Volume.5
0      Ticker           ASII.JK  ...    TLKM.JK    UNVR.JK
1        Date               NaN  ...        NaN        NaN
2  2025-03-06  4511.91943359375  ...  131136100   75420000
3  2025-03-07     4539.54296875  ...  182407000  116830700
4  2025-03-10     4392.21484375  ...   88949400   73948200

[5 rows x 31 columns]
[2026-03-06T16:26:08.176+0000] {python.py:240} INFO - Done. Returned value was: None
[2026-03-06T16:26:08.219+0000] {taskinstance.py:349} INFO - ::group::Post task execution logs
[2026-03-06T16:26:08.220+0000] {taskinstance.py:361} INFO - Marking task as SUCCESS. dag_id=dag_load_data_from_csv, task_id=read_csv_file, run_id=manual__2026-03-06T16:25:54.482171+00:00, execution_date=20260306T162554, start_date=20260306T162607, end_date=20260306T162608
[2026-03-06T16:26:08.322+0000] {logging_mixin.py:190} INFO - Task instance in success state
[2026-03-06T16:26:08.323+0000] {logging_mixin.py:190} INFO -  Previous state of the Task instance: running
[2026-03-06T16:26:08.323+0000] {logging_mixin.py:190} INFO - Dag name:dag_load_data_from_csv queued_at:2026-03-06 16:25:54.683353+00:00
[2026-03-06T16:26:08.324+0000] {logging_mixin.py:190} INFO - Task hostname:7b8385e6caab operator:_PythonDecoratedOperator
[2026-03-06T16:26:08.349+0000] {local_task_job_runner.py:266} INFO - Task exited with return code 0
[2026-03-06T16:26:08.407+0000] {taskinstance.py:3924} INFO - 0 downstream tasks scheduled from follow-on schedule check
[2026-03-06T16:26:08.423+0000] {local_task_job_runner.py:245} INFO - ::endgroup::
