[2026-03-11T03:28:26.165+0000] {local_task_job_runner.py:123} INFO - ::group::Pre task execution logs
[2026-03-11T03:28:26.245+0000] {taskinstance.py:2631} INFO - Dependencies all met for dep_context=non-requeueable deps ti=<TaskInstance: dag_get_data_from_yf.get_csv_close scheduled__2026-03-11T03:27:00+00:00 [queued]>
[2026-03-11T03:28:26.269+0000] {taskinstance.py:2631} INFO - Dependencies all met for dep_context=requeueable deps ti=<TaskInstance: dag_get_data_from_yf.get_csv_close scheduled__2026-03-11T03:27:00+00:00 [queued]>
[2026-03-11T03:28:26.270+0000] {taskinstance.py:2884} INFO - Starting attempt 1 of 1
[2026-03-11T03:28:26.299+0000] {taskinstance.py:2907} INFO - Executing <Task(_PythonDecoratedOperator): get_csv_close> on 2026-03-11 03:27:00+00:00
[2026-03-11T03:28:26.317+0000] {warnings.py:112} WARNING - /home/***/.local/lib/python3.12/site-packages/***/task/task_runner/standard_task_runner.py:70: DeprecationWarning: This process (pid=2150) is multi-threaded, use of fork() may lead to deadlocks in the child.
  pid = os.fork()

[2026-03-11T03:28:26.321+0000] {standard_task_runner.py:72} INFO - Started process 2162 to run task
[2026-03-11T03:28:26.323+0000] {standard_task_runner.py:104} INFO - Running: ['***', 'tasks', 'run', 'dag_get_data_from_yf', 'get_csv_close', 'scheduled__2026-03-11T03:27:00+00:00', '--job-id', '10098', '--raw', '--subdir', 'DAGS_FOLDER/get_finance_yf_csv.py', '--cfg-path', '/tmp/tmpgqsd4wzz']
[2026-03-11T03:28:26.325+0000] {standard_task_runner.py:105} INFO - Job 10098: Subtask get_csv_close
[2026-03-11T03:28:26.476+0000] {task_command.py:467} INFO - Running <TaskInstance: dag_get_data_from_yf.get_csv_close scheduled__2026-03-11T03:27:00+00:00 [running]> on host ea47c22639fa
[2026-03-11T03:28:26.882+0000] {taskinstance.py:3157} INFO - Exporting env vars: AIRFLOW_CTX_DAG_OWNER='***' AIRFLOW_CTX_DAG_ID='dag_get_data_from_yf' AIRFLOW_CTX_TASK_ID='get_csv_close' AIRFLOW_CTX_EXECUTION_DATE='2026-03-11T03:27:00+00:00' AIRFLOW_CTX_TRY_NUMBER='1' AIRFLOW_CTX_DAG_RUN_ID='scheduled__2026-03-11T03:27:00+00:00'
[2026-03-11T03:28:26.885+0000] {logging_mixin.py:190} INFO - Task instance is in running state
[2026-03-11T03:28:26.885+0000] {logging_mixin.py:190} INFO -  Previous state of the Task instance: queued
[2026-03-11T03:28:26.886+0000] {logging_mixin.py:190} INFO - Current task name:get_csv_close state:running start_date:2026-03-11 03:28:26.246691+00:00
[2026-03-11T03:28:26.886+0000] {logging_mixin.py:190} INFO - Dag name:dag_get_data_from_yf and current dag run status:running
[2026-03-11T03:28:26.887+0000] {taskinstance.py:740} INFO - ::endgroup::
[2026-03-11T03:28:26.898+0000] {logging_mixin.py:190} INFO - None
[2026-03-11T03:28:26.899+0000] {python.py:240} INFO - Done. Returned value was: /opt/***/scripts/saham_indonesia_close.csv
[2026-03-11T03:28:26.967+0000] {taskinstance.py:349} INFO - ::group::Post task execution logs
[2026-03-11T03:28:26.968+0000] {taskinstance.py:361} INFO - Marking task as SUCCESS. dag_id=dag_get_data_from_yf, task_id=get_csv_close, run_id=scheduled__2026-03-11T03:27:00+00:00, execution_date=20260311T032700, start_date=20260311T032826, end_date=20260311T032826
[2026-03-11T03:28:27.040+0000] {logging_mixin.py:190} INFO - Task instance in success state
[2026-03-11T03:28:27.041+0000] {logging_mixin.py:190} INFO -  Previous state of the Task instance: running
[2026-03-11T03:28:27.041+0000] {logging_mixin.py:190} INFO - Dag name:dag_get_data_from_yf queued_at:2026-03-11 03:28:01.022752+00:00
[2026-03-11T03:28:27.041+0000] {logging_mixin.py:190} INFO - Task hostname:ea47c22639fa operator:_PythonDecoratedOperator
[2026-03-11T03:28:27.075+0000] {local_task_job_runner.py:266} INFO - Task exited with return code 0
[2026-03-11T03:28:27.143+0000] {taskinstance.py:3924} INFO - 0 downstream tasks scheduled from follow-on schedule check
[2026-03-11T03:28:27.146+0000] {local_task_job_runner.py:245} INFO - ::endgroup::
