[2026-03-25T02:56:16.852+0000] {local_task_job_runner.py:123} INFO - ::group::Pre task execution logs
[2026-03-25T02:56:16.913+0000] {taskinstance.py:2631} INFO - Dependencies all met for dep_context=non-requeueable deps ti=<TaskInstance: dag_get_data_from_yf.olhc_branching.get_csv_low manual__2026-03-25T02:55:45+00:00 [queued]>
[2026-03-25T02:56:16.927+0000] {taskinstance.py:2631} INFO - Dependencies all met for dep_context=requeueable deps ti=<TaskInstance: dag_get_data_from_yf.olhc_branching.get_csv_low manual__2026-03-25T02:55:45+00:00 [queued]>
[2026-03-25T02:56:16.928+0000] {taskinstance.py:2884} INFO - Starting attempt 1 of 1
[2026-03-25T02:56:16.949+0000] {taskinstance.py:2907} INFO - Executing <Task(_PythonDecoratedOperator): olhc_branching.get_csv_low> on 2026-03-25 02:55:45+00:00
[2026-03-25T02:56:16.964+0000] {warnings.py:112} WARNING - /home/***/.local/lib/python3.12/site-packages/***/task/task_runner/standard_task_runner.py:70: DeprecationWarning: This process (pid=289) is multi-threaded, use of fork() may lead to deadlocks in the child.
  pid = os.fork()

[2026-03-25T02:56:16.967+0000] {standard_task_runner.py:72} INFO - Started process 296 to run task
[2026-03-25T02:56:16.968+0000] {standard_task_runner.py:104} INFO - Running: ['***', 'tasks', 'run', 'dag_get_data_from_yf', 'olhc_branching.get_csv_low', 'manual__2026-03-25T02:55:45+00:00', '--job-id', '2665', '--raw', '--subdir', 'DAGS_FOLDER/get_finance_yf_csv.py', '--cfg-path', '/tmp/tmp552tnu1k']
[2026-03-25T02:56:16.969+0000] {standard_task_runner.py:105} INFO - Job 2665: Subtask olhc_branching.get_csv_low
[2026-03-25T02:56:17.063+0000] {task_command.py:467} INFO - Running <TaskInstance: dag_get_data_from_yf.olhc_branching.get_csv_low manual__2026-03-25T02:55:45+00:00 [running]> on host 2cd601aaa810
[2026-03-25T02:56:17.284+0000] {taskinstance.py:3157} INFO - Exporting env vars: AIRFLOW_CTX_DAG_OWNER='***' AIRFLOW_CTX_DAG_ID='dag_get_data_from_yf' AIRFLOW_CTX_TASK_ID='olhc_branching.get_csv_low' AIRFLOW_CTX_EXECUTION_DATE='2026-03-25T02:55:45+00:00' AIRFLOW_CTX_TRY_NUMBER='1' AIRFLOW_CTX_DAG_RUN_ID='manual__2026-03-25T02:55:45+00:00'
[2026-03-25T02:56:17.287+0000] {logging_mixin.py:190} INFO - Task instance is in running state
[2026-03-25T02:56:17.287+0000] {logging_mixin.py:190} INFO -  Previous state of the Task instance: queued
[2026-03-25T02:56:17.288+0000] {logging_mixin.py:190} INFO - Current task name:olhc_branching.get_csv_low state:running start_date:2026-03-25 02:56:16.914180+00:00
[2026-03-25T02:56:17.288+0000] {logging_mixin.py:190} INFO - Dag name:dag_get_data_from_yf and current dag run status:running
[2026-03-25T02:56:17.288+0000] {taskinstance.py:740} INFO - ::endgroup::
[2026-03-25T02:56:17.301+0000] {logging_mixin.py:190} INFO - Data saved to /opt/***/scripts/saham_indonesia_low.csv
[2026-03-25T02:56:17.302+0000] {python.py:240} INFO - Done. Returned value was: /opt/***/scripts/saham_indonesia_low.csv
[2026-03-25T02:56:17.353+0000] {taskinstance.py:349} INFO - ::group::Post task execution logs
[2026-03-25T02:56:17.354+0000] {taskinstance.py:361} INFO - Marking task as SUCCESS. dag_id=dag_get_data_from_yf, task_id=olhc_branching.get_csv_low, run_id=manual__2026-03-25T02:55:45+00:00, execution_date=20260325T025545, start_date=20260325T025616, end_date=20260325T025617
[2026-03-25T02:56:17.413+0000] {logging_mixin.py:190} INFO - Task instance in success state
[2026-03-25T02:56:17.413+0000] {logging_mixin.py:190} INFO -  Previous state of the Task instance: running
[2026-03-25T02:56:17.414+0000] {logging_mixin.py:190} INFO - Dag name:dag_get_data_from_yf queued_at:2026-03-25 02:55:59.171234+00:00
[2026-03-25T02:56:17.414+0000] {logging_mixin.py:190} INFO - Task hostname:2cd601aaa810 operator:_PythonDecoratedOperator
[2026-03-25T02:56:17.436+0000] {local_task_job_runner.py:266} INFO - Task exited with return code 0
[2026-03-25T02:56:17.545+0000] {taskinstance.py:3924} INFO - 0 downstream tasks scheduled from follow-on schedule check
[2026-03-25T02:56:17.548+0000] {local_task_job_runner.py:245} INFO - ::endgroup::
