[2026-03-17T03:47:55.148+0000] {local_task_job_runner.py:123} INFO - ::group::Pre task execution logs
[2026-03-17T03:47:55.209+0000] {taskinstance.py:2631} INFO - Dependencies all met for dep_context=non-requeueable deps ti=<TaskInstance: dag_get_data_from_yf.olhc_branching.get_csv_low scheduled__2026-03-16T01:00:00+00:00 [queued]>
[2026-03-17T03:47:55.224+0000] {taskinstance.py:2631} INFO - Dependencies all met for dep_context=requeueable deps ti=<TaskInstance: dag_get_data_from_yf.olhc_branching.get_csv_low scheduled__2026-03-16T01:00:00+00:00 [queued]>
[2026-03-17T03:47:55.224+0000] {taskinstance.py:2884} INFO - Starting attempt 3 of 3
[2026-03-17T03:47:55.245+0000] {taskinstance.py:2907} INFO - Executing <Task(_PythonDecoratedOperator): olhc_branching.get_csv_low> on 2026-03-16 01:00:00+00:00
[2026-03-17T03:47:55.260+0000] {warnings.py:112} WARNING - /home/***/.local/lib/python3.12/site-packages/***/task/task_runner/standard_task_runner.py:70: DeprecationWarning: This process (pid=316) is multi-threaded, use of fork() may lead to deadlocks in the child.
  pid = os.fork()

[2026-03-17T03:47:55.265+0000] {standard_task_runner.py:72} INFO - Started process 325 to run task
[2026-03-17T03:47:55.266+0000] {standard_task_runner.py:104} INFO - Running: ['***', 'tasks', 'run', 'dag_get_data_from_yf', 'olhc_branching.get_csv_low', 'scheduled__2026-03-16T01:00:00+00:00', '--job-id', '1861', '--raw', '--subdir', 'DAGS_FOLDER/get_finance_yf_csv.py', '--cfg-path', '/tmp/tmpgxzj5yto']
[2026-03-17T03:47:55.268+0000] {standard_task_runner.py:105} INFO - Job 1861: Subtask olhc_branching.get_csv_low
[2026-03-17T03:47:55.383+0000] {task_command.py:467} INFO - Running <TaskInstance: dag_get_data_from_yf.olhc_branching.get_csv_low scheduled__2026-03-16T01:00:00+00:00 [running]> on host c209774a5ade
[2026-03-17T03:47:55.593+0000] {taskinstance.py:3157} INFO - Exporting env vars: AIRFLOW_CTX_DAG_OWNER='***' AIRFLOW_CTX_DAG_ID='dag_get_data_from_yf' AIRFLOW_CTX_TASK_ID='olhc_branching.get_csv_low' AIRFLOW_CTX_EXECUTION_DATE='2026-03-16T01:00:00+00:00' AIRFLOW_CTX_TRY_NUMBER='3' AIRFLOW_CTX_DAG_RUN_ID='scheduled__2026-03-16T01:00:00+00:00'
[2026-03-17T03:47:55.595+0000] {logging_mixin.py:190} INFO - Task instance is in running state
[2026-03-17T03:47:55.597+0000] {logging_mixin.py:190} INFO -  Previous state of the Task instance: queued
[2026-03-17T03:47:55.597+0000] {logging_mixin.py:190} INFO - Current task name:olhc_branching.get_csv_low state:running start_date:2026-03-17 03:47:55.209552+00:00
[2026-03-17T03:47:55.598+0000] {logging_mixin.py:190} INFO - Dag name:dag_get_data_from_yf and current dag run status:running
[2026-03-17T03:47:55.598+0000] {taskinstance.py:740} INFO - ::endgroup::
[2026-03-17T03:47:55.613+0000] {taskinstance.py:3336} ERROR - Task failed with exception
Traceback (most recent call last):
  File "/home/airflow/.local/lib/python3.12/site-packages/airflow/models/taskinstance.py", line 776, in _execute_task
    result = _execute_callable(context=context, **execute_callable_kwargs)
             ^^^^^^^^^^^^^^^^^^^^^^^^^^^^^^^^^^^^^^^^^^^^^^^^^^^^^^^^^^^^^
  File "/home/airflow/.local/lib/python3.12/site-packages/airflow/models/taskinstance.py", line 742, in _execute_callable
    return ExecutionCallableRunner(
           ^^^^^^^^^^^^^^^^^^^^^^^^
  File "/home/airflow/.local/lib/python3.12/site-packages/airflow/utils/operator_helpers.py", line 252, in run
    return self.func(*args, **kwargs)
           ^^^^^^^^^^^^^^^^^^^^^^^^^^
  File "/home/airflow/.local/lib/python3.12/site-packages/airflow/models/baseoperator.py", line 425, in wrapper
    return func(self, *args, **kwargs)
           ^^^^^^^^^^^^^^^^^^^^^^^^^^^
  File "/home/airflow/.local/lib/python3.12/site-packages/airflow/decorators/base.py", line 266, in execute
    return_value = super().execute(context)
                   ^^^^^^^^^^^^^^^^^^^^^^^^
  File "/home/airflow/.local/lib/python3.12/site-packages/airflow/models/baseoperator.py", line 425, in wrapper
    return func(self, *args, **kwargs)
           ^^^^^^^^^^^^^^^^^^^^^^^^^^^
  File "/home/airflow/.local/lib/python3.12/site-packages/airflow/operators/python.py", line 238, in execute
    return_value = self.execute_callable()
                   ^^^^^^^^^^^^^^^^^^^^^^^
  File "/home/airflow/.local/lib/python3.12/site-packages/airflow/operators/python.py", line 256, in execute_callable
    return runner.run(*self.op_args, **self.op_kwargs)
           ^^^^^^^^^^^^^^^^^^^^^^^^^^^^^^^^^^^^^^^^^^^
  File "/home/airflow/.local/lib/python3.12/site-packages/airflow/utils/operator_helpers.py", line 252, in run
    return self.func(*args, **kwargs)
           ^^^^^^^^^^^^^^^^^^^^^^^^^^
  File "/opt/airflow/dags/get_finance_yf_csv.py", line 136, in get_csv_low
    df[['Date', 'Ticker', 'Low', 'Inserted_at_timestamp']].to_csv(files["file_path_low"], mode='a', index=False, header=not file_exists)
    ~~^^^^^^^^^^^^^^^^^^^^^^^^^^^^^^^^^^^^^^^^^^^^^^^^^^^^
  File "/home/airflow/.local/lib/python3.12/site-packages/pandas/core/frame.py", line 3899, in __getitem__
    indexer = self.columns._get_indexer_strict(key, "columns")[1]
              ^^^^^^^^^^^^^^^^^^^^^^^^^^^^^^^^^^^^^^^^^^^^^^^^
  File "/home/airflow/.local/lib/python3.12/site-packages/pandas/core/indexes/base.py", line 6115, in _get_indexer_strict
    self._raise_if_missing(keyarr, indexer, axis_name)
  File "/home/airflow/.local/lib/python3.12/site-packages/pandas/core/indexes/base.py", line 6176, in _raise_if_missing
    raise KeyError(f"None of [{key}] are in the [{axis_name}]")
KeyError: "None of [Index(['Date', 'Ticker', 'Low', 'Inserted_at_timestamp'], dtype='object')] are in the [columns]"
[2026-03-17T03:47:55.648+0000] {logging_mixin.py:190} INFO - Task instance in failure state
[2026-03-17T03:47:55.649+0000] {logging_mixin.py:190} INFO - Task start:2026-03-17 03:47:55.209552+00:00 end:2026-03-17 03:47:55.647780+00:00 duration:0.438228
[2026-03-17T03:47:55.650+0000] {logging_mixin.py:190} INFO - Task:<Task(_PythonDecoratedOperator): olhc_branching.get_csv_low> dag:<DAG: dag_get_data_from_yf> dagrun:<DagRun dag_get_data_from_yf @ 2026-03-16 01:00:00+00:00: scheduled__2026-03-16T01:00:00+00:00, state:running, queued_at: 2026-03-17 03:47:28.422910+00:00. externally triggered: False>
[2026-03-17T03:47:55.650+0000] {logging_mixin.py:190} INFO - Failure caused by "None of [Index(['Date', 'Ticker', 'Low', 'Inserted_at_timestamp'], dtype='object')] are in the [columns]"
[2026-03-17T03:47:55.651+0000] {taskinstance.py:1242} INFO - Marking task as FAILED. dag_id=dag_get_data_from_yf, task_id=olhc_branching.get_csv_low, run_id=scheduled__2026-03-16T01:00:00+00:00, execution_date=20260316T010000, start_date=20260317T034755, end_date=20260317T034755
[2026-03-17T03:47:55.715+0000] {taskinstance.py:349} INFO - ::group::Post task execution logs
[2026-03-17T03:47:55.716+0000] {standard_task_runner.py:124} ERROR - Failed to execute job 1861 for task olhc_branching.get_csv_low ("None of [Index(['Date', 'Ticker', 'Low', 'Inserted_at_timestamp'], dtype='object')] are in the [columns]"; 325)
Traceback (most recent call last):
  File "/home/airflow/.local/lib/python3.12/site-packages/airflow/task/task_runner/standard_task_runner.py", line 117, in _start_by_fork
    ret = args.func(args, dag=self.dag)
          ^^^^^^^^^^^^^^^^^^^^^^^^^^^^^
  File "/home/airflow/.local/lib/python3.12/site-packages/airflow/cli/cli_config.py", line 49, in command
    return func(*args, **kwargs)
           ^^^^^^^^^^^^^^^^^^^^^
  File "/home/airflow/.local/lib/python3.12/site-packages/airflow/utils/cli.py", line 116, in wrapper
    return f(*args, **kwargs)
           ^^^^^^^^^^^^^^^^^^
  File "/home/airflow/.local/lib/python3.12/site-packages/airflow/cli/commands/task_command.py", line 483, in task_run
    task_return_code = _run_task_by_selected_method(args, _dag, ti)
                       ^^^^^^^^^^^^^^^^^^^^^^^^^^^^^^^^^^^^^^^^^^^^
  File "/home/airflow/.local/lib/python3.12/site-packages/airflow/cli/commands/task_command.py", line 256, in _run_task_by_selected_method
    return _run_raw_task(args, ti)
           ^^^^^^^^^^^^^^^^^^^^^^^
  File "/home/airflow/.local/lib/python3.12/site-packages/airflow/cli/commands/task_command.py", line 341, in _run_raw_task
    return ti._run_raw_task(
           ^^^^^^^^^^^^^^^^^
  File "/home/airflow/.local/lib/python3.12/site-packages/airflow/utils/session.py", line 97, in wrapper
    return func(*args, session=session, **kwargs)
           ^^^^^^^^^^^^^^^^^^^^^^^^^^^^^^^^^^^^^^
  File "/home/airflow/.local/lib/python3.12/site-packages/airflow/models/taskinstance.py", line 3029, in _run_raw_task
    return _run_raw_task(
           ^^^^^^^^^^^^^^
  File "/home/airflow/.local/lib/python3.12/site-packages/airflow/models/taskinstance.py", line 282, in _run_raw_task
    TaskInstance._execute_task_with_callbacks(
  File "/home/airflow/.local/lib/python3.12/site-packages/airflow/models/taskinstance.py", line 3184, in _execute_task_with_callbacks
    result = self._execute_task(context, task_orig)
             ^^^^^^^^^^^^^^^^^^^^^^^^^^^^^^^^^^^^^^
  File "/home/airflow/.local/lib/python3.12/site-packages/airflow/models/taskinstance.py", line 3208, in _execute_task
    return _execute_task(self, context, task_orig)
           ^^^^^^^^^^^^^^^^^^^^^^^^^^^^^^^^^^^^^^^
  File "/home/airflow/.local/lib/python3.12/site-packages/airflow/models/taskinstance.py", line 776, in _execute_task
    result = _execute_callable(context=context, **execute_callable_kwargs)
             ^^^^^^^^^^^^^^^^^^^^^^^^^^^^^^^^^^^^^^^^^^^^^^^^^^^^^^^^^^^^^
  File "/home/airflow/.local/lib/python3.12/site-packages/airflow/models/taskinstance.py", line 742, in _execute_callable
    return ExecutionCallableRunner(
           ^^^^^^^^^^^^^^^^^^^^^^^^
  File "/home/airflow/.local/lib/python3.12/site-packages/airflow/utils/operator_helpers.py", line 252, in run
    return self.func(*args, **kwargs)
           ^^^^^^^^^^^^^^^^^^^^^^^^^^
  File "/home/airflow/.local/lib/python3.12/site-packages/airflow/models/baseoperator.py", line 425, in wrapper
    return func(self, *args, **kwargs)
           ^^^^^^^^^^^^^^^^^^^^^^^^^^^
  File "/home/airflow/.local/lib/python3.12/site-packages/airflow/decorators/base.py", line 266, in execute
    return_value = super().execute(context)
                   ^^^^^^^^^^^^^^^^^^^^^^^^
  File "/home/airflow/.local/lib/python3.12/site-packages/airflow/models/baseoperator.py", line 425, in wrapper
    return func(self, *args, **kwargs)
           ^^^^^^^^^^^^^^^^^^^^^^^^^^^
  File "/home/airflow/.local/lib/python3.12/site-packages/airflow/operators/python.py", line 238, in execute
    return_value = self.execute_callable()
                   ^^^^^^^^^^^^^^^^^^^^^^^
  File "/home/airflow/.local/lib/python3.12/site-packages/airflow/operators/python.py", line 256, in execute_callable
    return runner.run(*self.op_args, **self.op_kwargs)
           ^^^^^^^^^^^^^^^^^^^^^^^^^^^^^^^^^^^^^^^^^^^
  File "/home/airflow/.local/lib/python3.12/site-packages/airflow/utils/operator_helpers.py", line 252, in run
    return self.func(*args, **kwargs)
           ^^^^^^^^^^^^^^^^^^^^^^^^^^
  File "/opt/airflow/dags/get_finance_yf_csv.py", line 136, in get_csv_low
    df[['Date', 'Ticker', 'Low', 'Inserted_at_timestamp']].to_csv(files["file_path_low"], mode='a', index=False, header=not file_exists)
    ~~^^^^^^^^^^^^^^^^^^^^^^^^^^^^^^^^^^^^^^^^^^^^^^^^^^^^
  File "/home/airflow/.local/lib/python3.12/site-packages/pandas/core/frame.py", line 3899, in __getitem__
    indexer = self.columns._get_indexer_strict(key, "columns")[1]
              ^^^^^^^^^^^^^^^^^^^^^^^^^^^^^^^^^^^^^^^^^^^^^^^^
  File "/home/airflow/.local/lib/python3.12/site-packages/pandas/core/indexes/base.py", line 6115, in _get_indexer_strict
    self._raise_if_missing(keyarr, indexer, axis_name)
  File "/home/airflow/.local/lib/python3.12/site-packages/pandas/core/indexes/base.py", line 6176, in _raise_if_missing
    raise KeyError(f"None of [{key}] are in the [{axis_name}]")
KeyError: "None of [Index(['Date', 'Ticker', 'Low', 'Inserted_at_timestamp'], dtype='object')] are in the [columns]"
[2026-03-17T03:47:55.745+0000] {local_task_job_runner.py:266} INFO - Task exited with return code 1
[2026-03-17T03:47:55.816+0000] {taskinstance.py:3924} INFO - 0 downstream tasks scheduled from follow-on schedule check
[2026-03-17T03:47:55.823+0000] {local_task_job_runner.py:245} INFO - ::endgroup::
[2026-03-17T07:45:03.076+0000] {local_task_job_runner.py:123} INFO - ::group::Pre task execution logs
[2026-03-17T07:45:03.204+0000] {taskinstance.py:2631} INFO - Dependencies all met for dep_context=non-requeueable deps ti=<TaskInstance: dag_get_data_from_yf.olhc_branching.get_csv_low scheduled__2026-03-16T01:00:00+00:00 [queued]>
[2026-03-17T07:45:03.234+0000] {taskinstance.py:2631} INFO - Dependencies all met for dep_context=requeueable deps ti=<TaskInstance: dag_get_data_from_yf.olhc_branching.get_csv_low scheduled__2026-03-16T01:00:00+00:00 [queued]>
[2026-03-17T07:45:03.235+0000] {taskinstance.py:2884} INFO - Starting attempt 3 of 3
[2026-03-17T07:45:03.291+0000] {taskinstance.py:2907} INFO - Executing <Task(_PythonDecoratedOperator): olhc_branching.get_csv_low> on 2026-03-16 01:00:00+00:00
[2026-03-17T07:45:03.365+0000] {warnings.py:112} WARNING - /home/***/.local/lib/python3.12/site-packages/***/task/task_runner/standard_task_runner.py:70: DeprecationWarning: This process (pid=984) is multi-threaded, use of fork() may lead to deadlocks in the child.
  pid = os.fork()

[2026-03-17T07:45:03.380+0000] {standard_task_runner.py:72} INFO - Started process 1009 to run task
[2026-03-17T07:45:03.397+0000] {standard_task_runner.py:104} INFO - Running: ['***', 'tasks', 'run', 'dag_get_data_from_yf', 'olhc_branching.get_csv_low', 'scheduled__2026-03-16T01:00:00+00:00', '--job-id', '2007', '--raw', '--subdir', 'DAGS_FOLDER/get_finance_yf_csv.py', '--cfg-path', '/tmp/tmpp548fbf_']
[2026-03-17T07:45:03.402+0000] {standard_task_runner.py:105} INFO - Job 2007: Subtask olhc_branching.get_csv_low
[2026-03-17T07:45:03.827+0000] {task_command.py:467} INFO - Running <TaskInstance: dag_get_data_from_yf.olhc_branching.get_csv_low scheduled__2026-03-16T01:00:00+00:00 [running]> on host e9ef5a9cb8d3
[2026-03-17T07:45:04.590+0000] {taskinstance.py:3157} INFO - Exporting env vars: AIRFLOW_CTX_DAG_OWNER='***' AIRFLOW_CTX_DAG_ID='dag_get_data_from_yf' AIRFLOW_CTX_TASK_ID='olhc_branching.get_csv_low' AIRFLOW_CTX_EXECUTION_DATE='2026-03-16T01:00:00+00:00' AIRFLOW_CTX_TRY_NUMBER='3' AIRFLOW_CTX_DAG_RUN_ID='scheduled__2026-03-16T01:00:00+00:00'
[2026-03-17T07:45:04.598+0000] {logging_mixin.py:190} INFO - Task instance is in running state
[2026-03-17T07:45:04.598+0000] {logging_mixin.py:190} INFO -  Previous state of the Task instance: queued
[2026-03-17T07:45:04.599+0000] {logging_mixin.py:190} INFO - Current task name:olhc_branching.get_csv_low state:running start_date:2026-03-17 07:45:03.206541+00:00
[2026-03-17T07:45:04.600+0000] {logging_mixin.py:190} INFO - Dag name:dag_get_data_from_yf and current dag run status:running
[2026-03-17T07:45:04.600+0000] {taskinstance.py:740} INFO - ::endgroup::
[2026-03-17T07:45:04.626+0000] {taskinstance.py:3336} ERROR - Task failed with exception
Traceback (most recent call last):
  File "/home/airflow/.local/lib/python3.12/site-packages/airflow/models/taskinstance.py", line 776, in _execute_task
    result = _execute_callable(context=context, **execute_callable_kwargs)
             ^^^^^^^^^^^^^^^^^^^^^^^^^^^^^^^^^^^^^^^^^^^^^^^^^^^^^^^^^^^^^
  File "/home/airflow/.local/lib/python3.12/site-packages/airflow/models/taskinstance.py", line 742, in _execute_callable
    return ExecutionCallableRunner(
           ^^^^^^^^^^^^^^^^^^^^^^^^
  File "/home/airflow/.local/lib/python3.12/site-packages/airflow/utils/operator_helpers.py", line 252, in run
    return self.func(*args, **kwargs)
           ^^^^^^^^^^^^^^^^^^^^^^^^^^
  File "/home/airflow/.local/lib/python3.12/site-packages/airflow/models/baseoperator.py", line 425, in wrapper
    return func(self, *args, **kwargs)
           ^^^^^^^^^^^^^^^^^^^^^^^^^^^
  File "/home/airflow/.local/lib/python3.12/site-packages/airflow/decorators/base.py", line 266, in execute
    return_value = super().execute(context)
                   ^^^^^^^^^^^^^^^^^^^^^^^^
  File "/home/airflow/.local/lib/python3.12/site-packages/airflow/models/baseoperator.py", line 425, in wrapper
    return func(self, *args, **kwargs)
           ^^^^^^^^^^^^^^^^^^^^^^^^^^^
  File "/home/airflow/.local/lib/python3.12/site-packages/airflow/operators/python.py", line 238, in execute
    return_value = self.execute_callable()
                   ^^^^^^^^^^^^^^^^^^^^^^^
  File "/home/airflow/.local/lib/python3.12/site-packages/airflow/operators/python.py", line 256, in execute_callable
    return runner.run(*self.op_args, **self.op_kwargs)
           ^^^^^^^^^^^^^^^^^^^^^^^^^^^^^^^^^^^^^^^^^^^
  File "/home/airflow/.local/lib/python3.12/site-packages/airflow/utils/operator_helpers.py", line 252, in run
    return self.func(*args, **kwargs)
           ^^^^^^^^^^^^^^^^^^^^^^^^^^
  File "/opt/airflow/dags/get_finance_yf_csv.py", line 137, in get_csv_low
    df[['Date', 'Ticker', 'Low', 'Inserted_at_timestamp']].to_csv(files["file_path_low"], mode='a', index=False, header=not file_exists)
    ~~^^^^^^^^^^^^^^^^^^^^^^^^^^^^^^^^^^^^^^^^^^^^^^^^^^^^
  File "/home/airflow/.local/lib/python3.12/site-packages/pandas/core/frame.py", line 3899, in __getitem__
    indexer = self.columns._get_indexer_strict(key, "columns")[1]
              ^^^^^^^^^^^^^^^^^^^^^^^^^^^^^^^^^^^^^^^^^^^^^^^^
  File "/home/airflow/.local/lib/python3.12/site-packages/pandas/core/indexes/base.py", line 6115, in _get_indexer_strict
    self._raise_if_missing(keyarr, indexer, axis_name)
  File "/home/airflow/.local/lib/python3.12/site-packages/pandas/core/indexes/base.py", line 6176, in _raise_if_missing
    raise KeyError(f"None of [{key}] are in the [{axis_name}]")
KeyError: "None of [Index(['Date', 'Ticker', 'Low', 'Inserted_at_timestamp'], dtype='object')] are in the [columns]"
[2026-03-17T07:45:04.735+0000] {logging_mixin.py:190} INFO - Task instance in failure state
[2026-03-17T07:45:04.736+0000] {logging_mixin.py:190} INFO - Task start:2026-03-17 07:45:03.206541+00:00 end:2026-03-17 07:45:04.734639+00:00 duration:1.528098
[2026-03-17T07:45:04.737+0000] {logging_mixin.py:190} INFO - Task:<Task(_PythonDecoratedOperator): olhc_branching.get_csv_low> dag:<DAG: dag_get_data_from_yf> dagrun:<DagRun dag_get_data_from_yf @ 2026-03-16 01:00:00+00:00: scheduled__2026-03-16T01:00:00+00:00, state:running, queued_at: 2026-03-17 07:44:39.852729+00:00. externally triggered: False>
[2026-03-17T07:45:04.738+0000] {logging_mixin.py:190} INFO - Failure caused by "None of [Index(['Date', 'Ticker', 'Low', 'Inserted_at_timestamp'], dtype='object')] are in the [columns]"
[2026-03-17T07:45:04.739+0000] {taskinstance.py:1242} INFO - Marking task as FAILED. dag_id=dag_get_data_from_yf, task_id=olhc_branching.get_csv_low, run_id=scheduled__2026-03-16T01:00:00+00:00, execution_date=20260316T010000, start_date=20260317T074503, end_date=20260317T074504
[2026-03-17T07:45:04.862+0000] {taskinstance.py:349} INFO - ::group::Post task execution logs
[2026-03-17T07:45:04.864+0000] {standard_task_runner.py:124} ERROR - Failed to execute job 2007 for task olhc_branching.get_csv_low ("None of [Index(['Date', 'Ticker', 'Low', 'Inserted_at_timestamp'], dtype='object')] are in the [columns]"; 1009)
Traceback (most recent call last):
  File "/home/airflow/.local/lib/python3.12/site-packages/airflow/task/task_runner/standard_task_runner.py", line 117, in _start_by_fork
    ret = args.func(args, dag=self.dag)
          ^^^^^^^^^^^^^^^^^^^^^^^^^^^^^
  File "/home/airflow/.local/lib/python3.12/site-packages/airflow/cli/cli_config.py", line 49, in command
    return func(*args, **kwargs)
           ^^^^^^^^^^^^^^^^^^^^^
  File "/home/airflow/.local/lib/python3.12/site-packages/airflow/utils/cli.py", line 116, in wrapper
    return f(*args, **kwargs)
           ^^^^^^^^^^^^^^^^^^
  File "/home/airflow/.local/lib/python3.12/site-packages/airflow/cli/commands/task_command.py", line 483, in task_run
    task_return_code = _run_task_by_selected_method(args, _dag, ti)
                       ^^^^^^^^^^^^^^^^^^^^^^^^^^^^^^^^^^^^^^^^^^^^
  File "/home/airflow/.local/lib/python3.12/site-packages/airflow/cli/commands/task_command.py", line 256, in _run_task_by_selected_method
    return _run_raw_task(args, ti)
           ^^^^^^^^^^^^^^^^^^^^^^^
  File "/home/airflow/.local/lib/python3.12/site-packages/airflow/cli/commands/task_command.py", line 341, in _run_raw_task
    return ti._run_raw_task(
           ^^^^^^^^^^^^^^^^^
  File "/home/airflow/.local/lib/python3.12/site-packages/airflow/utils/session.py", line 97, in wrapper
    return func(*args, session=session, **kwargs)
           ^^^^^^^^^^^^^^^^^^^^^^^^^^^^^^^^^^^^^^
  File "/home/airflow/.local/lib/python3.12/site-packages/airflow/models/taskinstance.py", line 3029, in _run_raw_task
    return _run_raw_task(
           ^^^^^^^^^^^^^^
  File "/home/airflow/.local/lib/python3.12/site-packages/airflow/models/taskinstance.py", line 282, in _run_raw_task
    TaskInstance._execute_task_with_callbacks(
  File "/home/airflow/.local/lib/python3.12/site-packages/airflow/models/taskinstance.py", line 3184, in _execute_task_with_callbacks
    result = self._execute_task(context, task_orig)
             ^^^^^^^^^^^^^^^^^^^^^^^^^^^^^^^^^^^^^^
  File "/home/airflow/.local/lib/python3.12/site-packages/airflow/models/taskinstance.py", line 3208, in _execute_task
    return _execute_task(self, context, task_orig)
           ^^^^^^^^^^^^^^^^^^^^^^^^^^^^^^^^^^^^^^^
  File "/home/airflow/.local/lib/python3.12/site-packages/airflow/models/taskinstance.py", line 776, in _execute_task
    result = _execute_callable(context=context, **execute_callable_kwargs)
             ^^^^^^^^^^^^^^^^^^^^^^^^^^^^^^^^^^^^^^^^^^^^^^^^^^^^^^^^^^^^^
  File "/home/airflow/.local/lib/python3.12/site-packages/airflow/models/taskinstance.py", line 742, in _execute_callable
    return ExecutionCallableRunner(
           ^^^^^^^^^^^^^^^^^^^^^^^^
  File "/home/airflow/.local/lib/python3.12/site-packages/airflow/utils/operator_helpers.py", line 252, in run
    return self.func(*args, **kwargs)
           ^^^^^^^^^^^^^^^^^^^^^^^^^^
  File "/home/airflow/.local/lib/python3.12/site-packages/airflow/models/baseoperator.py", line 425, in wrapper
    return func(self, *args, **kwargs)
           ^^^^^^^^^^^^^^^^^^^^^^^^^^^
  File "/home/airflow/.local/lib/python3.12/site-packages/airflow/decorators/base.py", line 266, in execute
    return_value = super().execute(context)
                   ^^^^^^^^^^^^^^^^^^^^^^^^
  File "/home/airflow/.local/lib/python3.12/site-packages/airflow/models/baseoperator.py", line 425, in wrapper
    return func(self, *args, **kwargs)
           ^^^^^^^^^^^^^^^^^^^^^^^^^^^
  File "/home/airflow/.local/lib/python3.12/site-packages/airflow/operators/python.py", line 238, in execute
    return_value = self.execute_callable()
                   ^^^^^^^^^^^^^^^^^^^^^^^
  File "/home/airflow/.local/lib/python3.12/site-packages/airflow/operators/python.py", line 256, in execute_callable
    return runner.run(*self.op_args, **self.op_kwargs)
           ^^^^^^^^^^^^^^^^^^^^^^^^^^^^^^^^^^^^^^^^^^^
  File "/home/airflow/.local/lib/python3.12/site-packages/airflow/utils/operator_helpers.py", line 252, in run
    return self.func(*args, **kwargs)
           ^^^^^^^^^^^^^^^^^^^^^^^^^^
  File "/opt/airflow/dags/get_finance_yf_csv.py", line 137, in get_csv_low
    df[['Date', 'Ticker', 'Low', 'Inserted_at_timestamp']].to_csv(files["file_path_low"], mode='a', index=False, header=not file_exists)
    ~~^^^^^^^^^^^^^^^^^^^^^^^^^^^^^^^^^^^^^^^^^^^^^^^^^^^^
  File "/home/airflow/.local/lib/python3.12/site-packages/pandas/core/frame.py", line 3899, in __getitem__
    indexer = self.columns._get_indexer_strict(key, "columns")[1]
              ^^^^^^^^^^^^^^^^^^^^^^^^^^^^^^^^^^^^^^^^^^^^^^^^
  File "/home/airflow/.local/lib/python3.12/site-packages/pandas/core/indexes/base.py", line 6115, in _get_indexer_strict
    self._raise_if_missing(keyarr, indexer, axis_name)
  File "/home/airflow/.local/lib/python3.12/site-packages/pandas/core/indexes/base.py", line 6176, in _raise_if_missing
    raise KeyError(f"None of [{key}] are in the [{axis_name}]")
KeyError: "None of [Index(['Date', 'Ticker', 'Low', 'Inserted_at_timestamp'], dtype='object')] are in the [columns]"
[2026-03-17T07:45:04.902+0000] {local_task_job_runner.py:266} INFO - Task exited with return code 1
[2026-03-17T07:45:04.984+0000] {taskinstance.py:3924} INFO - 0 downstream tasks scheduled from follow-on schedule check
[2026-03-17T07:45:05.001+0000] {local_task_job_runner.py:245} INFO - ::endgroup::
