[2026-03-18T02:01:16.206+0000] {local_task_job_runner.py:123} INFO - ::group::Pre task execution logs
[2026-03-18T02:01:16.260+0000] {taskinstance.py:2631} INFO - Dependencies all met for dep_context=non-requeueable deps ti=<TaskInstance: dag_get_data_from_yf.combine_csv scheduled__2026-03-17T01:00:00+00:00 [queued]>
[2026-03-18T02:01:16.278+0000] {taskinstance.py:2631} INFO - Dependencies all met for dep_context=requeueable deps ti=<TaskInstance: dag_get_data_from_yf.combine_csv scheduled__2026-03-17T01:00:00+00:00 [queued]>
[2026-03-18T02:01:16.279+0000] {taskinstance.py:2884} INFO - Starting attempt 1 of 1
[2026-03-18T02:01:16.296+0000] {taskinstance.py:2907} INFO - Executing <Task(_PythonDecoratedOperator): combine_csv> on 2026-03-17 01:00:00+00:00
[2026-03-18T02:01:16.311+0000] {warnings.py:112} WARNING - /home/***/.local/lib/python3.12/site-packages/***/task/task_runner/standard_task_runner.py:70: DeprecationWarning: This process (pid=2629) is multi-threaded, use of fork() may lead to deadlocks in the child.
  pid = os.fork()

[2026-03-18T02:01:16.313+0000] {standard_task_runner.py:72} INFO - Started process 2631 to run task
[2026-03-18T02:01:16.314+0000] {standard_task_runner.py:104} INFO - Running: ['***', 'tasks', 'run', 'dag_get_data_from_yf', 'combine_csv', 'scheduled__2026-03-17T01:00:00+00:00', '--job-id', '2089', '--raw', '--subdir', 'DAGS_FOLDER/get_finance_yf_csv.py', '--cfg-path', '/tmp/tmp_zw3mvcy']
[2026-03-18T02:01:16.316+0000] {standard_task_runner.py:105} INFO - Job 2089: Subtask combine_csv
[2026-03-18T02:01:16.413+0000] {task_command.py:467} INFO - Running <TaskInstance: dag_get_data_from_yf.combine_csv scheduled__2026-03-17T01:00:00+00:00 [running]> on host e9ef5a9cb8d3
[2026-03-18T02:01:16.561+0000] {taskinstance.py:3157} INFO - Exporting env vars: AIRFLOW_CTX_DAG_OWNER='***' AIRFLOW_CTX_DAG_ID='dag_get_data_from_yf' AIRFLOW_CTX_TASK_ID='combine_csv' AIRFLOW_CTX_EXECUTION_DATE='2026-03-17T01:00:00+00:00' AIRFLOW_CTX_TRY_NUMBER='1' AIRFLOW_CTX_DAG_RUN_ID='scheduled__2026-03-17T01:00:00+00:00'
[2026-03-18T02:01:16.563+0000] {logging_mixin.py:190} INFO - Task instance is in running state
[2026-03-18T02:01:16.564+0000] {logging_mixin.py:190} INFO -  Previous state of the Task instance: queued
[2026-03-18T02:01:16.564+0000] {logging_mixin.py:190} INFO - Current task name:combine_csv state:running start_date:2026-03-18 02:01:16.260700+00:00
[2026-03-18T02:01:16.565+0000] {logging_mixin.py:190} INFO - Dag name:dag_get_data_from_yf and current dag run status:running
[2026-03-18T02:01:16.565+0000] {taskinstance.py:740} INFO - ::endgroup::
[2026-03-18T02:01:16.612+0000] {logging_mixin.py:190} INFO - Berhasil menggabungkan data ke /opt/***/scripts/saham_indonesia_all.csv
[2026-03-18T02:01:16.613+0000] {python.py:240} INFO - Done. Returned value was: /opt/***/scripts/saham_indonesia_all.csv
[2026-03-18T02:01:16.660+0000] {taskinstance.py:349} INFO - ::group::Post task execution logs
[2026-03-18T02:01:16.661+0000] {taskinstance.py:361} INFO - Marking task as SUCCESS. dag_id=dag_get_data_from_yf, task_id=combine_csv, run_id=scheduled__2026-03-17T01:00:00+00:00, execution_date=20260317T010000, start_date=20260318T020116, end_date=20260318T020116
[2026-03-18T02:01:16.711+0000] {logging_mixin.py:190} INFO - Task instance in success state
[2026-03-18T02:01:16.711+0000] {logging_mixin.py:190} INFO -  Previous state of the Task instance: running
[2026-03-18T02:01:16.712+0000] {logging_mixin.py:190} INFO - Dag name:dag_get_data_from_yf queued_at:2026-03-18 02:00:29.079666+00:00
[2026-03-18T02:01:16.712+0000] {logging_mixin.py:190} INFO - Task hostname:e9ef5a9cb8d3 operator:_PythonDecoratedOperator
[2026-03-18T02:01:16.729+0000] {local_task_job_runner.py:266} INFO - Task exited with return code 0
[2026-03-18T02:01:16.774+0000] {taskinstance.py:3924} INFO - 1 downstream tasks scheduled from follow-on schedule check
[2026-03-18T02:01:16.777+0000] {local_task_job_runner.py:245} INFO - ::endgroup::
[2026-03-18T02:07:52.209+0000] {local_task_job_runner.py:123} INFO - ::group::Pre task execution logs
[2026-03-18T02:07:52.264+0000] {taskinstance.py:2631} INFO - Dependencies all met for dep_context=non-requeueable deps ti=<TaskInstance: dag_get_data_from_yf.combine_csv scheduled__2026-03-17T01:00:00+00:00 [queued]>
[2026-03-18T02:07:52.284+0000] {taskinstance.py:2631} INFO - Dependencies all met for dep_context=requeueable deps ti=<TaskInstance: dag_get_data_from_yf.combine_csv scheduled__2026-03-17T01:00:00+00:00 [queued]>
[2026-03-18T02:07:52.284+0000] {taskinstance.py:2884} INFO - Starting attempt 1 of 1
[2026-03-18T02:07:52.311+0000] {taskinstance.py:2907} INFO - Executing <Task(_PythonDecoratedOperator): combine_csv> on 2026-03-17 01:00:00+00:00
[2026-03-18T02:07:52.327+0000] {warnings.py:112} WARNING - /home/***/.local/lib/python3.12/site-packages/***/task/task_runner/standard_task_runner.py:70: DeprecationWarning: This process (pid=2740) is multi-threaded, use of fork() may lead to deadlocks in the child.
  pid = os.fork()

[2026-03-18T02:07:52.330+0000] {standard_task_runner.py:72} INFO - Started process 2742 to run task
[2026-03-18T02:07:52.332+0000] {standard_task_runner.py:104} INFO - Running: ['***', 'tasks', 'run', 'dag_get_data_from_yf', 'combine_csv', 'scheduled__2026-03-17T01:00:00+00:00', '--job-id', '2097', '--raw', '--subdir', 'DAGS_FOLDER/get_finance_yf_csv.py', '--cfg-path', '/tmp/tmpj6ay2a6h']
[2026-03-18T02:07:52.334+0000] {standard_task_runner.py:105} INFO - Job 2097: Subtask combine_csv
[2026-03-18T02:07:52.449+0000] {task_command.py:467} INFO - Running <TaskInstance: dag_get_data_from_yf.combine_csv scheduled__2026-03-17T01:00:00+00:00 [running]> on host e9ef5a9cb8d3
[2026-03-18T02:07:52.619+0000] {taskinstance.py:3157} INFO - Exporting env vars: AIRFLOW_CTX_DAG_OWNER='***' AIRFLOW_CTX_DAG_ID='dag_get_data_from_yf' AIRFLOW_CTX_TASK_ID='combine_csv' AIRFLOW_CTX_EXECUTION_DATE='2026-03-17T01:00:00+00:00' AIRFLOW_CTX_TRY_NUMBER='1' AIRFLOW_CTX_DAG_RUN_ID='scheduled__2026-03-17T01:00:00+00:00'
[2026-03-18T02:07:52.621+0000] {logging_mixin.py:190} INFO - Task instance is in running state
[2026-03-18T02:07:52.622+0000] {logging_mixin.py:190} INFO -  Previous state of the Task instance: queued
[2026-03-18T02:07:52.622+0000] {logging_mixin.py:190} INFO - Current task name:combine_csv state:running start_date:2026-03-18 02:07:52.265274+00:00
[2026-03-18T02:07:52.622+0000] {logging_mixin.py:190} INFO - Dag name:dag_get_data_from_yf and current dag run status:running
[2026-03-18T02:07:52.623+0000] {taskinstance.py:740} INFO - ::endgroup::
[2026-03-18T02:07:52.667+0000] {logging_mixin.py:190} INFO - Berhasil menggabungkan data ke /opt/***/scripts/saham_indonesia_all.csv
[2026-03-18T02:07:52.668+0000] {python.py:240} INFO - Done. Returned value was: /opt/***/scripts/saham_indonesia_all.csv
[2026-03-18T02:07:52.724+0000] {taskinstance.py:349} INFO - ::group::Post task execution logs
[2026-03-18T02:07:52.725+0000] {taskinstance.py:361} INFO - Marking task as SUCCESS. dag_id=dag_get_data_from_yf, task_id=combine_csv, run_id=scheduled__2026-03-17T01:00:00+00:00, execution_date=20260317T010000, start_date=20260318T020752, end_date=20260318T020752
[2026-03-18T02:07:52.773+0000] {logging_mixin.py:190} INFO - Task instance in success state
[2026-03-18T02:07:52.774+0000] {logging_mixin.py:190} INFO -  Previous state of the Task instance: running
[2026-03-18T02:07:52.774+0000] {logging_mixin.py:190} INFO - Dag name:dag_get_data_from_yf queued_at:2026-03-18 02:07:19.194660+00:00
[2026-03-18T02:07:52.775+0000] {logging_mixin.py:190} INFO - Task hostname:e9ef5a9cb8d3 operator:_PythonDecoratedOperator
[2026-03-18T02:07:52.792+0000] {local_task_job_runner.py:266} INFO - Task exited with return code 0
[2026-03-18T02:07:52.843+0000] {taskinstance.py:3924} INFO - 1 downstream tasks scheduled from follow-on schedule check
[2026-03-18T02:07:52.847+0000] {local_task_job_runner.py:245} INFO - ::endgroup::
[2026-03-18T03:37:59.644+0000] {local_task_job_runner.py:123} INFO - ::group::Pre task execution logs
[2026-03-18T03:37:59.715+0000] {taskinstance.py:2631} INFO - Dependencies all met for dep_context=non-requeueable deps ti=<TaskInstance: dag_get_data_from_yf.combine_csv scheduled__2026-03-17T01:00:00+00:00 [queued]>
[2026-03-18T03:37:59.741+0000] {taskinstance.py:2631} INFO - Dependencies all met for dep_context=requeueable deps ti=<TaskInstance: dag_get_data_from_yf.combine_csv scheduled__2026-03-17T01:00:00+00:00 [queued]>
[2026-03-18T03:37:59.741+0000] {taskinstance.py:2884} INFO - Starting attempt 1 of 1
[2026-03-18T03:37:59.768+0000] {taskinstance.py:2907} INFO - Executing <Task(_PythonDecoratedOperator): combine_csv> on 2026-03-17 01:00:00+00:00
[2026-03-18T03:37:59.788+0000] {warnings.py:112} WARNING - /home/***/.local/lib/python3.12/site-packages/***/task/task_runner/standard_task_runner.py:70: DeprecationWarning: This process (pid=3875) is multi-threaded, use of fork() may lead to deadlocks in the child.
  pid = os.fork()

[2026-03-18T03:37:59.792+0000] {standard_task_runner.py:72} INFO - Started process 3877 to run task
[2026-03-18T03:37:59.794+0000] {standard_task_runner.py:104} INFO - Running: ['***', 'tasks', 'run', 'dag_get_data_from_yf', 'combine_csv', 'scheduled__2026-03-17T01:00:00+00:00', '--job-id', '2113', '--raw', '--subdir', 'DAGS_FOLDER/get_finance_yf_csv.py', '--cfg-path', '/tmp/tmpfoy6di9b']
[2026-03-18T03:37:59.796+0000] {standard_task_runner.py:105} INFO - Job 2113: Subtask combine_csv
[2026-03-18T03:37:59.938+0000] {task_command.py:467} INFO - Running <TaskInstance: dag_get_data_from_yf.combine_csv scheduled__2026-03-17T01:00:00+00:00 [running]> on host e9ef5a9cb8d3
[2026-03-18T03:38:00.152+0000] {taskinstance.py:3157} INFO - Exporting env vars: AIRFLOW_CTX_DAG_OWNER='***' AIRFLOW_CTX_DAG_ID='dag_get_data_from_yf' AIRFLOW_CTX_TASK_ID='combine_csv' AIRFLOW_CTX_EXECUTION_DATE='2026-03-17T01:00:00+00:00' AIRFLOW_CTX_TRY_NUMBER='1' AIRFLOW_CTX_DAG_RUN_ID='scheduled__2026-03-17T01:00:00+00:00'
[2026-03-18T03:38:00.155+0000] {logging_mixin.py:190} INFO - Task instance is in running state
[2026-03-18T03:38:00.156+0000] {logging_mixin.py:190} INFO -  Previous state of the Task instance: queued
[2026-03-18T03:38:00.156+0000] {logging_mixin.py:190} INFO - Current task name:combine_csv state:running start_date:2026-03-18 03:37:59.716518+00:00
[2026-03-18T03:38:00.157+0000] {logging_mixin.py:190} INFO - Dag name:dag_get_data_from_yf and current dag run status:running
[2026-03-18T03:38:00.158+0000] {taskinstance.py:740} INFO - ::endgroup::
[2026-03-18T03:38:00.227+0000] {logging_mixin.py:190} INFO - Berhasil menggabungkan data ke /opt/***/scripts/saham_indonesia_all.csv
[2026-03-18T03:38:00.228+0000] {python.py:240} INFO - Done. Returned value was: /opt/***/scripts/saham_indonesia_all.csv
[2026-03-18T03:38:00.331+0000] {taskinstance.py:349} INFO - ::group::Post task execution logs
[2026-03-18T03:38:00.332+0000] {taskinstance.py:361} INFO - Marking task as SUCCESS. dag_id=dag_get_data_from_yf, task_id=combine_csv, run_id=scheduled__2026-03-17T01:00:00+00:00, execution_date=20260317T010000, start_date=20260318T033759, end_date=20260318T033800
[2026-03-18T03:38:00.454+0000] {logging_mixin.py:190} INFO - Task instance in success state
[2026-03-18T03:38:00.455+0000] {logging_mixin.py:190} INFO -  Previous state of the Task instance: running
[2026-03-18T03:38:00.456+0000] {logging_mixin.py:190} INFO - Dag name:dag_get_data_from_yf queued_at:2026-03-18 03:37:15.065570+00:00
[2026-03-18T03:38:00.456+0000] {logging_mixin.py:190} INFO - Task hostname:e9ef5a9cb8d3 operator:_PythonDecoratedOperator
[2026-03-18T03:38:00.514+0000] {local_task_job_runner.py:266} INFO - Task exited with return code 0
[2026-03-18T03:38:00.551+0000] {local_task_job_runner.py:245} INFO - ::endgroup::
[2026-03-18T08:01:13.506+0000] {local_task_job_runner.py:123} INFO - ::group::Pre task execution logs
[2026-03-18T08:01:13.570+0000] {taskinstance.py:2631} INFO - Dependencies all met for dep_context=non-requeueable deps ti=<TaskInstance: dag_get_data_from_yf.combine_csv scheduled__2026-03-17T01:00:00+00:00 [queued]>
[2026-03-18T08:01:13.596+0000] {taskinstance.py:2631} INFO - Dependencies all met for dep_context=requeueable deps ti=<TaskInstance: dag_get_data_from_yf.combine_csv scheduled__2026-03-17T01:00:00+00:00 [queued]>
[2026-03-18T08:01:13.596+0000] {taskinstance.py:2884} INFO - Starting attempt 1 of 1
[2026-03-18T08:01:13.621+0000] {taskinstance.py:2907} INFO - Executing <Task(_PythonDecoratedOperator): combine_csv> on 2026-03-17 01:00:00+00:00
[2026-03-18T08:01:13.640+0000] {warnings.py:112} WARNING - /home/***/.local/lib/python3.12/site-packages/***/task/task_runner/standard_task_runner.py:70: DeprecationWarning: This process (pid=171) is multi-threaded, use of fork() may lead to deadlocks in the child.
  pid = os.fork()

[2026-03-18T08:01:13.644+0000] {standard_task_runner.py:72} INFO - Started process 173 to run task
[2026-03-18T08:01:13.646+0000] {standard_task_runner.py:104} INFO - Running: ['***', 'tasks', 'run', 'dag_get_data_from_yf', 'combine_csv', 'scheduled__2026-03-17T01:00:00+00:00', '--job-id', '2131', '--raw', '--subdir', 'DAGS_FOLDER/get_finance_yf_csv.py', '--cfg-path', '/tmp/tmpjm4fl8a0']
[2026-03-18T08:01:13.648+0000] {standard_task_runner.py:105} INFO - Job 2131: Subtask combine_csv
[2026-03-18T08:01:13.783+0000] {task_command.py:467} INFO - Running <TaskInstance: dag_get_data_from_yf.combine_csv scheduled__2026-03-17T01:00:00+00:00 [running]> on host 1e2bf4c93f49
[2026-03-18T08:01:13.976+0000] {taskinstance.py:3157} INFO - Exporting env vars: AIRFLOW_CTX_DAG_OWNER='***' AIRFLOW_CTX_DAG_ID='dag_get_data_from_yf' AIRFLOW_CTX_TASK_ID='combine_csv' AIRFLOW_CTX_EXECUTION_DATE='2026-03-17T01:00:00+00:00' AIRFLOW_CTX_TRY_NUMBER='1' AIRFLOW_CTX_DAG_RUN_ID='scheduled__2026-03-17T01:00:00+00:00'
[2026-03-18T08:01:13.979+0000] {logging_mixin.py:190} INFO - Task instance is in running state
[2026-03-18T08:01:13.980+0000] {logging_mixin.py:190} INFO -  Previous state of the Task instance: queued
[2026-03-18T08:01:13.980+0000] {logging_mixin.py:190} INFO - Current task name:combine_csv state:running start_date:2026-03-18 08:01:13.570918+00:00
[2026-03-18T08:01:13.981+0000] {logging_mixin.py:190} INFO - Dag name:dag_get_data_from_yf and current dag run status:running
[2026-03-18T08:01:13.981+0000] {taskinstance.py:740} INFO - ::endgroup::
[2026-03-18T08:01:14.035+0000] {logging_mixin.py:190} INFO - Berhasil menggabungkan data ke /opt/***/scripts/saham_indonesia_all.csv
[2026-03-18T08:01:14.036+0000] {python.py:240} INFO - Done. Returned value was: /opt/***/scripts/saham_indonesia_all.csv
[2026-03-18T08:01:14.100+0000] {taskinstance.py:349} INFO - ::group::Post task execution logs
[2026-03-18T08:01:14.101+0000] {taskinstance.py:361} INFO - Marking task as SUCCESS. dag_id=dag_get_data_from_yf, task_id=combine_csv, run_id=scheduled__2026-03-17T01:00:00+00:00, execution_date=20260317T010000, start_date=20260318T080113, end_date=20260318T080114
[2026-03-18T08:01:14.161+0000] {logging_mixin.py:190} INFO - Task instance in success state
[2026-03-18T08:01:14.162+0000] {logging_mixin.py:190} INFO -  Previous state of the Task instance: running
[2026-03-18T08:01:14.162+0000] {logging_mixin.py:190} INFO - Dag name:dag_get_data_from_yf queued_at:2026-03-18 08:00:19.119971+00:00
[2026-03-18T08:01:14.163+0000] {logging_mixin.py:190} INFO - Task hostname:1e2bf4c93f49 operator:_PythonDecoratedOperator
[2026-03-18T08:01:14.188+0000] {local_task_job_runner.py:266} INFO - Task exited with return code 0
[2026-03-18T08:01:14.260+0000] {taskinstance.py:3924} INFO - 1 downstream tasks scheduled from follow-on schedule check
[2026-03-18T08:01:14.264+0000] {local_task_job_runner.py:245} INFO - ::endgroup::
[2026-03-18T08:18:45.158+0000] {local_task_job_runner.py:123} INFO - ::group::Pre task execution logs
[2026-03-18T08:18:45.236+0000] {taskinstance.py:2631} INFO - Dependencies all met for dep_context=non-requeueable deps ti=<TaskInstance: dag_get_data_from_yf.combine_csv scheduled__2026-03-17T01:00:00+00:00 [queued]>
[2026-03-18T08:18:45.268+0000] {taskinstance.py:2631} INFO - Dependencies all met for dep_context=requeueable deps ti=<TaskInstance: dag_get_data_from_yf.combine_csv scheduled__2026-03-17T01:00:00+00:00 [queued]>
[2026-03-18T08:18:45.269+0000] {taskinstance.py:2884} INFO - Starting attempt 1 of 1
[2026-03-18T08:18:45.294+0000] {taskinstance.py:2907} INFO - Executing <Task(_PythonDecoratedOperator): combine_csv> on 2026-03-17 01:00:00+00:00
[2026-03-18T08:18:45.312+0000] {warnings.py:112} WARNING - /home/***/.local/lib/python3.12/site-packages/***/task/task_runner/standard_task_runner.py:70: DeprecationWarning: This process (pid=166) is multi-threaded, use of fork() may lead to deadlocks in the child.
  pid = os.fork()

[2026-03-18T08:18:45.315+0000] {standard_task_runner.py:72} INFO - Started process 168 to run task
[2026-03-18T08:18:45.318+0000] {standard_task_runner.py:104} INFO - Running: ['***', 'tasks', 'run', 'dag_get_data_from_yf', 'combine_csv', 'scheduled__2026-03-17T01:00:00+00:00', '--job-id', '2149', '--raw', '--subdir', 'DAGS_FOLDER/get_finance_yf_csv.py', '--cfg-path', '/tmp/tmpp5lxazt6']
[2026-03-18T08:18:45.320+0000] {standard_task_runner.py:105} INFO - Job 2149: Subtask combine_csv
[2026-03-18T08:18:45.457+0000] {task_command.py:467} INFO - Running <TaskInstance: dag_get_data_from_yf.combine_csv scheduled__2026-03-17T01:00:00+00:00 [running]> on host 68aff29379ac
[2026-03-18T08:18:45.677+0000] {taskinstance.py:3157} INFO - Exporting env vars: AIRFLOW_CTX_DAG_OWNER='***' AIRFLOW_CTX_DAG_ID='dag_get_data_from_yf' AIRFLOW_CTX_TASK_ID='combine_csv' AIRFLOW_CTX_EXECUTION_DATE='2026-03-17T01:00:00+00:00' AIRFLOW_CTX_TRY_NUMBER='1' AIRFLOW_CTX_DAG_RUN_ID='scheduled__2026-03-17T01:00:00+00:00'
[2026-03-18T08:18:45.679+0000] {logging_mixin.py:190} INFO - Task instance is in running state
[2026-03-18T08:18:45.680+0000] {logging_mixin.py:190} INFO -  Previous state of the Task instance: queued
[2026-03-18T08:18:45.680+0000] {logging_mixin.py:190} INFO - Current task name:combine_csv state:running start_date:2026-03-18 08:18:45.236892+00:00
[2026-03-18T08:18:45.681+0000] {logging_mixin.py:190} INFO - Dag name:dag_get_data_from_yf and current dag run status:running
[2026-03-18T08:18:45.681+0000] {taskinstance.py:740} INFO - ::endgroup::
[2026-03-18T08:18:45.735+0000] {logging_mixin.py:190} INFO - Berhasil menggabungkan data ke /opt/***/scripts/saham_indonesia_all.csv
[2026-03-18T08:18:45.736+0000] {python.py:240} INFO - Done. Returned value was: /opt/***/scripts/saham_indonesia_all.csv
[2026-03-18T08:18:45.799+0000] {taskinstance.py:349} INFO - ::group::Post task execution logs
[2026-03-18T08:18:45.799+0000] {taskinstance.py:361} INFO - Marking task as SUCCESS. dag_id=dag_get_data_from_yf, task_id=combine_csv, run_id=scheduled__2026-03-17T01:00:00+00:00, execution_date=20260317T010000, start_date=20260318T081845, end_date=20260318T081845
[2026-03-18T08:18:45.862+0000] {logging_mixin.py:190} INFO - Task instance in success state
[2026-03-18T08:18:45.863+0000] {logging_mixin.py:190} INFO -  Previous state of the Task instance: running
[2026-03-18T08:18:45.863+0000] {logging_mixin.py:190} INFO - Dag name:dag_get_data_from_yf queued_at:2026-03-18 08:17:52.904042+00:00
[2026-03-18T08:18:45.864+0000] {logging_mixin.py:190} INFO - Task hostname:68aff29379ac operator:_PythonDecoratedOperator
[2026-03-18T08:18:45.882+0000] {local_task_job_runner.py:266} INFO - Task exited with return code 0
[2026-03-18T08:18:45.942+0000] {taskinstance.py:3924} INFO - 1 downstream tasks scheduled from follow-on schedule check
[2026-03-18T08:18:45.946+0000] {local_task_job_runner.py:245} INFO - ::endgroup::
[2026-03-18T08:22:25.935+0000] {local_task_job_runner.py:123} INFO - ::group::Pre task execution logs
[2026-03-18T08:22:26.014+0000] {taskinstance.py:2631} INFO - Dependencies all met for dep_context=non-requeueable deps ti=<TaskInstance: dag_get_data_from_yf.combine_csv scheduled__2026-03-17T01:00:00+00:00 [queued]>
[2026-03-18T08:22:26.052+0000] {taskinstance.py:2631} INFO - Dependencies all met for dep_context=requeueable deps ti=<TaskInstance: dag_get_data_from_yf.combine_csv scheduled__2026-03-17T01:00:00+00:00 [queued]>
[2026-03-18T08:22:26.052+0000] {taskinstance.py:2884} INFO - Starting attempt 1 of 1
[2026-03-18T08:22:26.087+0000] {taskinstance.py:2907} INFO - Executing <Task(_PythonDecoratedOperator): combine_csv> on 2026-03-17 01:00:00+00:00
[2026-03-18T08:22:26.111+0000] {warnings.py:112} WARNING - /home/***/.local/lib/python3.12/site-packages/***/task/task_runner/standard_task_runner.py:70: DeprecationWarning: This process (pid=249) is multi-threaded, use of fork() may lead to deadlocks in the child.
  pid = os.fork()

[2026-03-18T08:22:26.116+0000] {standard_task_runner.py:72} INFO - Started process 251 to run task
[2026-03-18T08:22:26.119+0000] {standard_task_runner.py:104} INFO - Running: ['***', 'tasks', 'run', 'dag_get_data_from_yf', 'combine_csv', 'scheduled__2026-03-17T01:00:00+00:00', '--job-id', '2157', '--raw', '--subdir', 'DAGS_FOLDER/get_finance_yf_csv.py', '--cfg-path', '/tmp/tmpf16if3wu']
[2026-03-18T08:22:26.121+0000] {standard_task_runner.py:105} INFO - Job 2157: Subtask combine_csv
[2026-03-18T08:22:26.286+0000] {task_command.py:467} INFO - Running <TaskInstance: dag_get_data_from_yf.combine_csv scheduled__2026-03-17T01:00:00+00:00 [running]> on host 68aff29379ac
[2026-03-18T08:22:26.497+0000] {taskinstance.py:3157} INFO - Exporting env vars: AIRFLOW_CTX_DAG_OWNER='***' AIRFLOW_CTX_DAG_ID='dag_get_data_from_yf' AIRFLOW_CTX_TASK_ID='combine_csv' AIRFLOW_CTX_EXECUTION_DATE='2026-03-17T01:00:00+00:00' AIRFLOW_CTX_TRY_NUMBER='1' AIRFLOW_CTX_DAG_RUN_ID='scheduled__2026-03-17T01:00:00+00:00'
[2026-03-18T08:22:26.500+0000] {logging_mixin.py:190} INFO - Task instance is in running state
[2026-03-18T08:22:26.501+0000] {logging_mixin.py:190} INFO -  Previous state of the Task instance: queued
[2026-03-18T08:22:26.502+0000] {logging_mixin.py:190} INFO - Current task name:combine_csv state:running start_date:2026-03-18 08:22:26.015434+00:00
[2026-03-18T08:22:26.502+0000] {logging_mixin.py:190} INFO - Dag name:dag_get_data_from_yf and current dag run status:running
[2026-03-18T08:22:26.503+0000] {taskinstance.py:740} INFO - ::endgroup::
[2026-03-18T08:22:26.551+0000] {taskinstance.py:3336} ERROR - Task failed with exception
Traceback (most recent call last):
  File "/home/airflow/.local/lib/python3.12/site-packages/airflow/models/taskinstance.py", line 776, in _execute_task
    result = _execute_callable(context=context, **execute_callable_kwargs)
             ^^^^^^^^^^^^^^^^^^^^^^^^^^^^^^^^^^^^^^^^^^^^^^^^^^^^^^^^^^^^^
  File "/home/airflow/.local/lib/python3.12/site-packages/airflow/models/taskinstance.py", line 742, in _execute_callable
    return ExecutionCallableRunner(
           ^^^^^^^^^^^^^^^^^^^^^^^^
  File "/home/airflow/.local/lib/python3.12/site-packages/airflow/utils/operator_helpers.py", line 252, in run
    return self.func(*args, **kwargs)
           ^^^^^^^^^^^^^^^^^^^^^^^^^^
  File "/home/airflow/.local/lib/python3.12/site-packages/airflow/models/baseoperator.py", line 425, in wrapper
    return func(self, *args, **kwargs)
           ^^^^^^^^^^^^^^^^^^^^^^^^^^^
  File "/home/airflow/.local/lib/python3.12/site-packages/airflow/decorators/base.py", line 266, in execute
    return_value = super().execute(context)
                   ^^^^^^^^^^^^^^^^^^^^^^^^
  File "/home/airflow/.local/lib/python3.12/site-packages/airflow/models/baseoperator.py", line 425, in wrapper
    return func(self, *args, **kwargs)
           ^^^^^^^^^^^^^^^^^^^^^^^^^^^
  File "/home/airflow/.local/lib/python3.12/site-packages/airflow/operators/python.py", line 238, in execute
    return_value = self.execute_callable()
                   ^^^^^^^^^^^^^^^^^^^^^^^
  File "/home/airflow/.local/lib/python3.12/site-packages/airflow/operators/python.py", line 256, in execute_callable
    return runner.run(*self.op_args, **self.op_kwargs)
           ^^^^^^^^^^^^^^^^^^^^^^^^^^^^^^^^^^^^^^^^^^^
  File "/home/airflow/.local/lib/python3.12/site-packages/airflow/utils/operator_helpers.py", line 252, in run
    return self.func(*args, **kwargs)
           ^^^^^^^^^^^^^^^^^^^^^^^^^^
  File "/opt/airflow/dags/get_finance_yf_csv.py", line 193, in combine_csv
    merged = pd.merge(merged, df_close, on=['Date', 'Ticker'], how='outer')
             ^^^^^^^^^^^^^^^^^^^^^^^^^^^^^^^^^^^^^^^^^^^^^^^^^^^^^^^^^^^^^^
  File "/home/airflow/.local/lib/python3.12/site-packages/pandas/core/reshape/merge.py", line 183, in merge
    return op.get_result(copy=copy)
           ^^^^^^^^^^^^^^^^^^^^^^^^
  File "/home/airflow/.local/lib/python3.12/site-packages/pandas/core/reshape/merge.py", line 885, in get_result
    result = self._reindex_and_concat(
             ^^^^^^^^^^^^^^^^^^^^^^^^^
  File "/home/airflow/.local/lib/python3.12/site-packages/pandas/core/reshape/merge.py", line 837, in _reindex_and_concat
    llabels, rlabels = _items_overlap_with_suffix(
                       ^^^^^^^^^^^^^^^^^^^^^^^^^^^
  File "/home/airflow/.local/lib/python3.12/site-packages/pandas/core/reshape/merge.py", line 2697, in _items_overlap_with_suffix
    raise MergeError(
pandas.errors.MergeError: Passing 'suffixes' which cause duplicate columns {'Inserted_at_timestamp_WIB_x'} is not allowed.
[2026-03-18T08:22:26.586+0000] {logging_mixin.py:190} INFO - Task instance in failure state
[2026-03-18T08:22:26.587+0000] {logging_mixin.py:190} INFO - Task start:2026-03-18 08:22:26.015434+00:00 end:2026-03-18 08:22:26.585396+00:00 duration:0.569962
[2026-03-18T08:22:26.587+0000] {logging_mixin.py:190} INFO - Task:<Task(_PythonDecoratedOperator): combine_csv> dag:<DAG: dag_get_data_from_yf> dagrun:<DagRun dag_get_data_from_yf @ 2026-03-17 01:00:00+00:00: scheduled__2026-03-17T01:00:00+00:00, state:running, queued_at: 2026-03-18 08:21:45.250878+00:00. externally triggered: False>
[2026-03-18T08:22:26.588+0000] {logging_mixin.py:190} INFO - Failure caused by Passing 'suffixes' which cause duplicate columns {'Inserted_at_timestamp_WIB_x'} is not allowed.
[2026-03-18T08:22:26.588+0000] {taskinstance.py:1242} INFO - Marking task as FAILED. dag_id=dag_get_data_from_yf, task_id=combine_csv, run_id=scheduled__2026-03-17T01:00:00+00:00, execution_date=20260317T010000, start_date=20260318T082226, end_date=20260318T082226
[2026-03-18T08:22:26.662+0000] {taskinstance.py:349} INFO - ::group::Post task execution logs
[2026-03-18T08:22:26.663+0000] {standard_task_runner.py:124} ERROR - Failed to execute job 2157 for task combine_csv (Passing 'suffixes' which cause duplicate columns {'Inserted_at_timestamp_WIB_x'} is not allowed.; 251)
Traceback (most recent call last):
  File "/home/airflow/.local/lib/python3.12/site-packages/airflow/task/task_runner/standard_task_runner.py", line 117, in _start_by_fork
    ret = args.func(args, dag=self.dag)
          ^^^^^^^^^^^^^^^^^^^^^^^^^^^^^
  File "/home/airflow/.local/lib/python3.12/site-packages/airflow/cli/cli_config.py", line 49, in command
    return func(*args, **kwargs)
           ^^^^^^^^^^^^^^^^^^^^^
  File "/home/airflow/.local/lib/python3.12/site-packages/airflow/utils/cli.py", line 116, in wrapper
    return f(*args, **kwargs)
           ^^^^^^^^^^^^^^^^^^
  File "/home/airflow/.local/lib/python3.12/site-packages/airflow/cli/commands/task_command.py", line 483, in task_run
    task_return_code = _run_task_by_selected_method(args, _dag, ti)
                       ^^^^^^^^^^^^^^^^^^^^^^^^^^^^^^^^^^^^^^^^^^^^
  File "/home/airflow/.local/lib/python3.12/site-packages/airflow/cli/commands/task_command.py", line 256, in _run_task_by_selected_method
    return _run_raw_task(args, ti)
           ^^^^^^^^^^^^^^^^^^^^^^^
  File "/home/airflow/.local/lib/python3.12/site-packages/airflow/cli/commands/task_command.py", line 341, in _run_raw_task
    return ti._run_raw_task(
           ^^^^^^^^^^^^^^^^^
  File "/home/airflow/.local/lib/python3.12/site-packages/airflow/utils/session.py", line 97, in wrapper
    return func(*args, session=session, **kwargs)
           ^^^^^^^^^^^^^^^^^^^^^^^^^^^^^^^^^^^^^^
  File "/home/airflow/.local/lib/python3.12/site-packages/airflow/models/taskinstance.py", line 3029, in _run_raw_task
    return _run_raw_task(
           ^^^^^^^^^^^^^^
  File "/home/airflow/.local/lib/python3.12/site-packages/airflow/models/taskinstance.py", line 282, in _run_raw_task
    TaskInstance._execute_task_with_callbacks(
  File "/home/airflow/.local/lib/python3.12/site-packages/airflow/models/taskinstance.py", line 3184, in _execute_task_with_callbacks
    result = self._execute_task(context, task_orig)
             ^^^^^^^^^^^^^^^^^^^^^^^^^^^^^^^^^^^^^^
  File "/home/airflow/.local/lib/python3.12/site-packages/airflow/models/taskinstance.py", line 3208, in _execute_task
    return _execute_task(self, context, task_orig)
           ^^^^^^^^^^^^^^^^^^^^^^^^^^^^^^^^^^^^^^^
  File "/home/airflow/.local/lib/python3.12/site-packages/airflow/models/taskinstance.py", line 776, in _execute_task
    result = _execute_callable(context=context, **execute_callable_kwargs)
             ^^^^^^^^^^^^^^^^^^^^^^^^^^^^^^^^^^^^^^^^^^^^^^^^^^^^^^^^^^^^^
  File "/home/airflow/.local/lib/python3.12/site-packages/airflow/models/taskinstance.py", line 742, in _execute_callable
    return ExecutionCallableRunner(
           ^^^^^^^^^^^^^^^^^^^^^^^^
  File "/home/airflow/.local/lib/python3.12/site-packages/airflow/utils/operator_helpers.py", line 252, in run
    return self.func(*args, **kwargs)
           ^^^^^^^^^^^^^^^^^^^^^^^^^^
  File "/home/airflow/.local/lib/python3.12/site-packages/airflow/models/baseoperator.py", line 425, in wrapper
    return func(self, *args, **kwargs)
           ^^^^^^^^^^^^^^^^^^^^^^^^^^^
  File "/home/airflow/.local/lib/python3.12/site-packages/airflow/decorators/base.py", line 266, in execute
    return_value = super().execute(context)
                   ^^^^^^^^^^^^^^^^^^^^^^^^
  File "/home/airflow/.local/lib/python3.12/site-packages/airflow/models/baseoperator.py", line 425, in wrapper
    return func(self, *args, **kwargs)
           ^^^^^^^^^^^^^^^^^^^^^^^^^^^
  File "/home/airflow/.local/lib/python3.12/site-packages/airflow/operators/python.py", line 238, in execute
    return_value = self.execute_callable()
                   ^^^^^^^^^^^^^^^^^^^^^^^
  File "/home/airflow/.local/lib/python3.12/site-packages/airflow/operators/python.py", line 256, in execute_callable
    return runner.run(*self.op_args, **self.op_kwargs)
           ^^^^^^^^^^^^^^^^^^^^^^^^^^^^^^^^^^^^^^^^^^^
  File "/home/airflow/.local/lib/python3.12/site-packages/airflow/utils/operator_helpers.py", line 252, in run
    return self.func(*args, **kwargs)
           ^^^^^^^^^^^^^^^^^^^^^^^^^^
  File "/opt/airflow/dags/get_finance_yf_csv.py", line 193, in combine_csv
    merged = pd.merge(merged, df_close, on=['Date', 'Ticker'], how='outer')
             ^^^^^^^^^^^^^^^^^^^^^^^^^^^^^^^^^^^^^^^^^^^^^^^^^^^^^^^^^^^^^^
  File "/home/airflow/.local/lib/python3.12/site-packages/pandas/core/reshape/merge.py", line 183, in merge
    return op.get_result(copy=copy)
           ^^^^^^^^^^^^^^^^^^^^^^^^
  File "/home/airflow/.local/lib/python3.12/site-packages/pandas/core/reshape/merge.py", line 885, in get_result
    result = self._reindex_and_concat(
             ^^^^^^^^^^^^^^^^^^^^^^^^^
  File "/home/airflow/.local/lib/python3.12/site-packages/pandas/core/reshape/merge.py", line 837, in _reindex_and_concat
    llabels, rlabels = _items_overlap_with_suffix(
                       ^^^^^^^^^^^^^^^^^^^^^^^^^^^
  File "/home/airflow/.local/lib/python3.12/site-packages/pandas/core/reshape/merge.py", line 2697, in _items_overlap_with_suffix
    raise MergeError(
pandas.errors.MergeError: Passing 'suffixes' which cause duplicate columns {'Inserted_at_timestamp_WIB_x'} is not allowed.
[2026-03-18T08:22:26.693+0000] {local_task_job_runner.py:266} INFO - Task exited with return code 1
[2026-03-18T08:22:26.751+0000] {taskinstance.py:3924} INFO - 0 downstream tasks scheduled from follow-on schedule check
[2026-03-18T08:22:26.761+0000] {local_task_job_runner.py:245} INFO - ::endgroup::
[2026-03-18T08:24:32.611+0000] {local_task_job_runner.py:123} INFO - ::group::Pre task execution logs
[2026-03-18T08:24:32.675+0000] {taskinstance.py:2631} INFO - Dependencies all met for dep_context=non-requeueable deps ti=<TaskInstance: dag_get_data_from_yf.combine_csv scheduled__2026-03-17T01:00:00+00:00 [queued]>
[2026-03-18T08:24:32.702+0000] {taskinstance.py:2631} INFO - Dependencies all met for dep_context=requeueable deps ti=<TaskInstance: dag_get_data_from_yf.combine_csv scheduled__2026-03-17T01:00:00+00:00 [queued]>
[2026-03-18T08:24:32.703+0000] {taskinstance.py:2884} INFO - Starting attempt 1 of 1
[2026-03-18T08:24:32.726+0000] {taskinstance.py:2907} INFO - Executing <Task(_PythonDecoratedOperator): combine_csv> on 2026-03-17 01:00:00+00:00
[2026-03-18T08:24:32.743+0000] {warnings.py:112} WARNING - /home/***/.local/lib/python3.12/site-packages/***/task/task_runner/standard_task_runner.py:70: DeprecationWarning: This process (pid=302) is multi-threaded, use of fork() may lead to deadlocks in the child.
  pid = os.fork()

[2026-03-18T08:24:32.746+0000] {standard_task_runner.py:72} INFO - Started process 304 to run task
[2026-03-18T08:24:32.748+0000] {standard_task_runner.py:104} INFO - Running: ['***', 'tasks', 'run', 'dag_get_data_from_yf', 'combine_csv', 'scheduled__2026-03-17T01:00:00+00:00', '--job-id', '2163', '--raw', '--subdir', 'DAGS_FOLDER/get_finance_yf_csv.py', '--cfg-path', '/tmp/tmpywtdfo6k']
[2026-03-18T08:24:32.749+0000] {standard_task_runner.py:105} INFO - Job 2163: Subtask combine_csv
[2026-03-18T08:24:32.864+0000] {task_command.py:467} INFO - Running <TaskInstance: dag_get_data_from_yf.combine_csv scheduled__2026-03-17T01:00:00+00:00 [running]> on host 68aff29379ac
[2026-03-18T08:24:33.059+0000] {taskinstance.py:3157} INFO - Exporting env vars: AIRFLOW_CTX_DAG_OWNER='***' AIRFLOW_CTX_DAG_ID='dag_get_data_from_yf' AIRFLOW_CTX_TASK_ID='combine_csv' AIRFLOW_CTX_EXECUTION_DATE='2026-03-17T01:00:00+00:00' AIRFLOW_CTX_TRY_NUMBER='1' AIRFLOW_CTX_DAG_RUN_ID='scheduled__2026-03-17T01:00:00+00:00'
[2026-03-18T08:24:33.062+0000] {logging_mixin.py:190} INFO - Task instance is in running state
[2026-03-18T08:24:33.063+0000] {logging_mixin.py:190} INFO -  Previous state of the Task instance: queued
[2026-03-18T08:24:33.064+0000] {logging_mixin.py:190} INFO - Current task name:combine_csv state:running start_date:2026-03-18 08:24:32.676374+00:00
[2026-03-18T08:24:33.064+0000] {logging_mixin.py:190} INFO - Dag name:dag_get_data_from_yf and current dag run status:running
[2026-03-18T08:24:33.065+0000] {taskinstance.py:740} INFO - ::endgroup::
[2026-03-18T08:24:33.114+0000] {taskinstance.py:3336} ERROR - Task failed with exception
Traceback (most recent call last):
  File "/home/airflow/.local/lib/python3.12/site-packages/airflow/models/taskinstance.py", line 776, in _execute_task
    result = _execute_callable(context=context, **execute_callable_kwargs)
             ^^^^^^^^^^^^^^^^^^^^^^^^^^^^^^^^^^^^^^^^^^^^^^^^^^^^^^^^^^^^^
  File "/home/airflow/.local/lib/python3.12/site-packages/airflow/models/taskinstance.py", line 742, in _execute_callable
    return ExecutionCallableRunner(
           ^^^^^^^^^^^^^^^^^^^^^^^^
  File "/home/airflow/.local/lib/python3.12/site-packages/airflow/utils/operator_helpers.py", line 252, in run
    return self.func(*args, **kwargs)
           ^^^^^^^^^^^^^^^^^^^^^^^^^^
  File "/home/airflow/.local/lib/python3.12/site-packages/airflow/models/baseoperator.py", line 425, in wrapper
    return func(self, *args, **kwargs)
           ^^^^^^^^^^^^^^^^^^^^^^^^^^^
  File "/home/airflow/.local/lib/python3.12/site-packages/airflow/decorators/base.py", line 266, in execute
    return_value = super().execute(context)
                   ^^^^^^^^^^^^^^^^^^^^^^^^
  File "/home/airflow/.local/lib/python3.12/site-packages/airflow/models/baseoperator.py", line 425, in wrapper
    return func(self, *args, **kwargs)
           ^^^^^^^^^^^^^^^^^^^^^^^^^^^
  File "/home/airflow/.local/lib/python3.12/site-packages/airflow/operators/python.py", line 238, in execute
    return_value = self.execute_callable()
                   ^^^^^^^^^^^^^^^^^^^^^^^
  File "/home/airflow/.local/lib/python3.12/site-packages/airflow/operators/python.py", line 256, in execute_callable
    return runner.run(*self.op_args, **self.op_kwargs)
           ^^^^^^^^^^^^^^^^^^^^^^^^^^^^^^^^^^^^^^^^^^^
  File "/home/airflow/.local/lib/python3.12/site-packages/airflow/utils/operator_helpers.py", line 252, in run
    return self.func(*args, **kwargs)
           ^^^^^^^^^^^^^^^^^^^^^^^^^^
  File "/opt/airflow/dags/get_finance_yf_csv.py", line 193, in combine_csv
    merged = pd.merge(merged, df_close, on=['Date', 'Ticker'], how='inner')
             ^^^^^^^^^^^^^^^^^^^^^^^^^^^^^^^^^^^^^^^^^^^^^^^^^^^^^^^^^^^^^^
  File "/home/airflow/.local/lib/python3.12/site-packages/pandas/core/reshape/merge.py", line 183, in merge
    return op.get_result(copy=copy)
           ^^^^^^^^^^^^^^^^^^^^^^^^
  File "/home/airflow/.local/lib/python3.12/site-packages/pandas/core/reshape/merge.py", line 885, in get_result
    result = self._reindex_and_concat(
             ^^^^^^^^^^^^^^^^^^^^^^^^^
  File "/home/airflow/.local/lib/python3.12/site-packages/pandas/core/reshape/merge.py", line 837, in _reindex_and_concat
    llabels, rlabels = _items_overlap_with_suffix(
                       ^^^^^^^^^^^^^^^^^^^^^^^^^^^
  File "/home/airflow/.local/lib/python3.12/site-packages/pandas/core/reshape/merge.py", line 2697, in _items_overlap_with_suffix
    raise MergeError(
pandas.errors.MergeError: Passing 'suffixes' which cause duplicate columns {'Inserted_at_timestamp_WIB_x'} is not allowed.
[2026-03-18T08:24:33.147+0000] {logging_mixin.py:190} INFO - Task instance in failure state
[2026-03-18T08:24:33.148+0000] {logging_mixin.py:190} INFO - Task start:2026-03-18 08:24:32.676374+00:00 end:2026-03-18 08:24:33.146490+00:00 duration:0.470116
[2026-03-18T08:24:33.148+0000] {logging_mixin.py:190} INFO - Task:<Task(_PythonDecoratedOperator): combine_csv> dag:<DAG: dag_get_data_from_yf> dagrun:<DagRun dag_get_data_from_yf @ 2026-03-17 01:00:00+00:00: scheduled__2026-03-17T01:00:00+00:00, state:running, queued_at: 2026-03-18 08:23:54.165228+00:00. externally triggered: False>
[2026-03-18T08:24:33.149+0000] {logging_mixin.py:190} INFO - Failure caused by Passing 'suffixes' which cause duplicate columns {'Inserted_at_timestamp_WIB_x'} is not allowed.
[2026-03-18T08:24:33.149+0000] {taskinstance.py:1242} INFO - Marking task as FAILED. dag_id=dag_get_data_from_yf, task_id=combine_csv, run_id=scheduled__2026-03-17T01:00:00+00:00, execution_date=20260317T010000, start_date=20260318T082432, end_date=20260318T082433
[2026-03-18T08:24:33.219+0000] {taskinstance.py:349} INFO - ::group::Post task execution logs
[2026-03-18T08:24:33.220+0000] {standard_task_runner.py:124} ERROR - Failed to execute job 2163 for task combine_csv (Passing 'suffixes' which cause duplicate columns {'Inserted_at_timestamp_WIB_x'} is not allowed.; 304)
Traceback (most recent call last):
  File "/home/airflow/.local/lib/python3.12/site-packages/airflow/task/task_runner/standard_task_runner.py", line 117, in _start_by_fork
    ret = args.func(args, dag=self.dag)
          ^^^^^^^^^^^^^^^^^^^^^^^^^^^^^
  File "/home/airflow/.local/lib/python3.12/site-packages/airflow/cli/cli_config.py", line 49, in command
    return func(*args, **kwargs)
           ^^^^^^^^^^^^^^^^^^^^^
  File "/home/airflow/.local/lib/python3.12/site-packages/airflow/utils/cli.py", line 116, in wrapper
    return f(*args, **kwargs)
           ^^^^^^^^^^^^^^^^^^
  File "/home/airflow/.local/lib/python3.12/site-packages/airflow/cli/commands/task_command.py", line 483, in task_run
    task_return_code = _run_task_by_selected_method(args, _dag, ti)
                       ^^^^^^^^^^^^^^^^^^^^^^^^^^^^^^^^^^^^^^^^^^^^
  File "/home/airflow/.local/lib/python3.12/site-packages/airflow/cli/commands/task_command.py", line 256, in _run_task_by_selected_method
    return _run_raw_task(args, ti)
           ^^^^^^^^^^^^^^^^^^^^^^^
  File "/home/airflow/.local/lib/python3.12/site-packages/airflow/cli/commands/task_command.py", line 341, in _run_raw_task
    return ti._run_raw_task(
           ^^^^^^^^^^^^^^^^^
  File "/home/airflow/.local/lib/python3.12/site-packages/airflow/utils/session.py", line 97, in wrapper
    return func(*args, session=session, **kwargs)
           ^^^^^^^^^^^^^^^^^^^^^^^^^^^^^^^^^^^^^^
  File "/home/airflow/.local/lib/python3.12/site-packages/airflow/models/taskinstance.py", line 3029, in _run_raw_task
    return _run_raw_task(
           ^^^^^^^^^^^^^^
  File "/home/airflow/.local/lib/python3.12/site-packages/airflow/models/taskinstance.py", line 282, in _run_raw_task
    TaskInstance._execute_task_with_callbacks(
  File "/home/airflow/.local/lib/python3.12/site-packages/airflow/models/taskinstance.py", line 3184, in _execute_task_with_callbacks
    result = self._execute_task(context, task_orig)
             ^^^^^^^^^^^^^^^^^^^^^^^^^^^^^^^^^^^^^^
  File "/home/airflow/.local/lib/python3.12/site-packages/airflow/models/taskinstance.py", line 3208, in _execute_task
    return _execute_task(self, context, task_orig)
           ^^^^^^^^^^^^^^^^^^^^^^^^^^^^^^^^^^^^^^^
  File "/home/airflow/.local/lib/python3.12/site-packages/airflow/models/taskinstance.py", line 776, in _execute_task
    result = _execute_callable(context=context, **execute_callable_kwargs)
             ^^^^^^^^^^^^^^^^^^^^^^^^^^^^^^^^^^^^^^^^^^^^^^^^^^^^^^^^^^^^^
  File "/home/airflow/.local/lib/python3.12/site-packages/airflow/models/taskinstance.py", line 742, in _execute_callable
    return ExecutionCallableRunner(
           ^^^^^^^^^^^^^^^^^^^^^^^^
  File "/home/airflow/.local/lib/python3.12/site-packages/airflow/utils/operator_helpers.py", line 252, in run
    return self.func(*args, **kwargs)
           ^^^^^^^^^^^^^^^^^^^^^^^^^^
  File "/home/airflow/.local/lib/python3.12/site-packages/airflow/models/baseoperator.py", line 425, in wrapper
    return func(self, *args, **kwargs)
           ^^^^^^^^^^^^^^^^^^^^^^^^^^^
  File "/home/airflow/.local/lib/python3.12/site-packages/airflow/decorators/base.py", line 266, in execute
    return_value = super().execute(context)
                   ^^^^^^^^^^^^^^^^^^^^^^^^
  File "/home/airflow/.local/lib/python3.12/site-packages/airflow/models/baseoperator.py", line 425, in wrapper
    return func(self, *args, **kwargs)
           ^^^^^^^^^^^^^^^^^^^^^^^^^^^
  File "/home/airflow/.local/lib/python3.12/site-packages/airflow/operators/python.py", line 238, in execute
    return_value = self.execute_callable()
                   ^^^^^^^^^^^^^^^^^^^^^^^
  File "/home/airflow/.local/lib/python3.12/site-packages/airflow/operators/python.py", line 256, in execute_callable
    return runner.run(*self.op_args, **self.op_kwargs)
           ^^^^^^^^^^^^^^^^^^^^^^^^^^^^^^^^^^^^^^^^^^^
  File "/home/airflow/.local/lib/python3.12/site-packages/airflow/utils/operator_helpers.py", line 252, in run
    return self.func(*args, **kwargs)
           ^^^^^^^^^^^^^^^^^^^^^^^^^^
  File "/opt/airflow/dags/get_finance_yf_csv.py", line 193, in combine_csv
    merged = pd.merge(merged, df_close, on=['Date', 'Ticker'], how='inner')
             ^^^^^^^^^^^^^^^^^^^^^^^^^^^^^^^^^^^^^^^^^^^^^^^^^^^^^^^^^^^^^^
  File "/home/airflow/.local/lib/python3.12/site-packages/pandas/core/reshape/merge.py", line 183, in merge
    return op.get_result(copy=copy)
           ^^^^^^^^^^^^^^^^^^^^^^^^
  File "/home/airflow/.local/lib/python3.12/site-packages/pandas/core/reshape/merge.py", line 885, in get_result
    result = self._reindex_and_concat(
             ^^^^^^^^^^^^^^^^^^^^^^^^^
  File "/home/airflow/.local/lib/python3.12/site-packages/pandas/core/reshape/merge.py", line 837, in _reindex_and_concat
    llabels, rlabels = _items_overlap_with_suffix(
                       ^^^^^^^^^^^^^^^^^^^^^^^^^^^
  File "/home/airflow/.local/lib/python3.12/site-packages/pandas/core/reshape/merge.py", line 2697, in _items_overlap_with_suffix
    raise MergeError(
pandas.errors.MergeError: Passing 'suffixes' which cause duplicate columns {'Inserted_at_timestamp_WIB_x'} is not allowed.
[2026-03-18T08:24:33.254+0000] {local_task_job_runner.py:266} INFO - Task exited with return code 1
[2026-03-18T08:24:33.311+0000] {taskinstance.py:3924} INFO - 0 downstream tasks scheduled from follow-on schedule check
[2026-03-18T08:24:33.319+0000] {local_task_job_runner.py:245} INFO - ::endgroup::
[2026-03-18T08:26:14.883+0000] {local_task_job_runner.py:123} INFO - ::group::Pre task execution logs
[2026-03-18T08:26:14.979+0000] {taskinstance.py:2631} INFO - Dependencies all met for dep_context=non-requeueable deps ti=<TaskInstance: dag_get_data_from_yf.combine_csv scheduled__2026-03-17T01:00:00+00:00 [queued]>
[2026-03-18T08:26:15.016+0000] {taskinstance.py:2631} INFO - Dependencies all met for dep_context=requeueable deps ti=<TaskInstance: dag_get_data_from_yf.combine_csv scheduled__2026-03-17T01:00:00+00:00 [queued]>
[2026-03-18T08:26:15.017+0000] {taskinstance.py:2884} INFO - Starting attempt 1 of 1
[2026-03-18T08:26:15.052+0000] {taskinstance.py:2907} INFO - Executing <Task(_PythonDecoratedOperator): combine_csv> on 2026-03-17 01:00:00+00:00
[2026-03-18T08:26:15.073+0000] {warnings.py:112} WARNING - /home/***/.local/lib/python3.12/site-packages/***/task/task_runner/standard_task_runner.py:70: DeprecationWarning: This process (pid=355) is multi-threaded, use of fork() may lead to deadlocks in the child.
  pid = os.fork()

[2026-03-18T08:26:15.077+0000] {standard_task_runner.py:72} INFO - Started process 357 to run task
[2026-03-18T08:26:15.084+0000] {standard_task_runner.py:104} INFO - Running: ['***', 'tasks', 'run', 'dag_get_data_from_yf', 'combine_csv', 'scheduled__2026-03-17T01:00:00+00:00', '--job-id', '2169', '--raw', '--subdir', 'DAGS_FOLDER/get_finance_yf_csv.py', '--cfg-path', '/tmp/tmpkvhjhfvt']
[2026-03-18T08:26:15.086+0000] {standard_task_runner.py:105} INFO - Job 2169: Subtask combine_csv
[2026-03-18T08:26:15.257+0000] {task_command.py:467} INFO - Running <TaskInstance: dag_get_data_from_yf.combine_csv scheduled__2026-03-17T01:00:00+00:00 [running]> on host 68aff29379ac
[2026-03-18T08:26:15.504+0000] {taskinstance.py:3157} INFO - Exporting env vars: AIRFLOW_CTX_DAG_OWNER='***' AIRFLOW_CTX_DAG_ID='dag_get_data_from_yf' AIRFLOW_CTX_TASK_ID='combine_csv' AIRFLOW_CTX_EXECUTION_DATE='2026-03-17T01:00:00+00:00' AIRFLOW_CTX_TRY_NUMBER='1' AIRFLOW_CTX_DAG_RUN_ID='scheduled__2026-03-17T01:00:00+00:00'
[2026-03-18T08:26:15.507+0000] {logging_mixin.py:190} INFO - Task instance is in running state
[2026-03-18T08:26:15.508+0000] {logging_mixin.py:190} INFO -  Previous state of the Task instance: queued
[2026-03-18T08:26:15.508+0000] {logging_mixin.py:190} INFO - Current task name:combine_csv state:running start_date:2026-03-18 08:26:14.980412+00:00
[2026-03-18T08:26:15.509+0000] {logging_mixin.py:190} INFO - Dag name:dag_get_data_from_yf and current dag run status:running
[2026-03-18T08:26:15.509+0000] {taskinstance.py:740} INFO - ::endgroup::
[2026-03-18T08:26:15.570+0000] {logging_mixin.py:190} INFO - Berhasil menggabungkan data ke /opt/***/scripts/saham_indonesia_all.csv
[2026-03-18T08:26:15.571+0000] {python.py:240} INFO - Done. Returned value was: /opt/***/scripts/saham_indonesia_all.csv
[2026-03-18T08:26:15.650+0000] {taskinstance.py:349} INFO - ::group::Post task execution logs
[2026-03-18T08:26:15.651+0000] {taskinstance.py:361} INFO - Marking task as SUCCESS. dag_id=dag_get_data_from_yf, task_id=combine_csv, run_id=scheduled__2026-03-17T01:00:00+00:00, execution_date=20260317T010000, start_date=20260318T082614, end_date=20260318T082615
[2026-03-18T08:26:15.723+0000] {logging_mixin.py:190} INFO - Task instance in success state
[2026-03-18T08:26:15.724+0000] {logging_mixin.py:190} INFO -  Previous state of the Task instance: running
[2026-03-18T08:26:15.724+0000] {logging_mixin.py:190} INFO - Dag name:dag_get_data_from_yf queued_at:2026-03-18 08:25:36.458562+00:00
[2026-03-18T08:26:15.725+0000] {logging_mixin.py:190} INFO - Task hostname:68aff29379ac operator:_PythonDecoratedOperator
[2026-03-18T08:26:15.751+0000] {local_task_job_runner.py:266} INFO - Task exited with return code 0
[2026-03-18T08:26:15.825+0000] {taskinstance.py:3924} INFO - 0 downstream tasks scheduled from follow-on schedule check
[2026-03-18T08:26:15.829+0000] {local_task_job_runner.py:245} INFO - ::endgroup::
[2026-03-18T08:40:22.632+0000] {local_task_job_runner.py:123} INFO - ::group::Pre task execution logs
[2026-03-18T08:40:22.718+0000] {taskinstance.py:2631} INFO - Dependencies all met for dep_context=non-requeueable deps ti=<TaskInstance: dag_get_data_from_yf.combine_csv scheduled__2026-03-17T01:00:00+00:00 [queued]>
[2026-03-18T08:40:22.751+0000] {taskinstance.py:2631} INFO - Dependencies all met for dep_context=requeueable deps ti=<TaskInstance: dag_get_data_from_yf.combine_csv scheduled__2026-03-17T01:00:00+00:00 [queued]>
[2026-03-18T08:40:22.752+0000] {taskinstance.py:2884} INFO - Starting attempt 1 of 1
[2026-03-18T08:40:22.783+0000] {taskinstance.py:2907} INFO - Executing <Task(_PythonDecoratedOperator): combine_csv> on 2026-03-17 01:00:00+00:00
[2026-03-18T08:40:22.805+0000] {warnings.py:112} WARNING - /home/***/.local/lib/python3.12/site-packages/***/task/task_runner/standard_task_runner.py:70: DeprecationWarning: This process (pid=169) is multi-threaded, use of fork() may lead to deadlocks in the child.
  pid = os.fork()

[2026-03-18T08:40:22.809+0000] {standard_task_runner.py:72} INFO - Started process 178 to run task
[2026-03-18T08:40:22.812+0000] {standard_task_runner.py:104} INFO - Running: ['***', 'tasks', 'run', 'dag_get_data_from_yf', 'combine_csv', 'scheduled__2026-03-17T01:00:00+00:00', '--job-id', '2179', '--raw', '--subdir', 'DAGS_FOLDER/get_finance_yf_csv.py', '--cfg-path', '/tmp/tmp03uffoso']
[2026-03-18T08:40:22.816+0000] {standard_task_runner.py:105} INFO - Job 2179: Subtask combine_csv
[2026-03-18T08:40:22.976+0000] {task_command.py:467} INFO - Running <TaskInstance: dag_get_data_from_yf.combine_csv scheduled__2026-03-17T01:00:00+00:00 [running]> on host dfdf780ae81b
[2026-03-18T08:40:23.238+0000] {taskinstance.py:3157} INFO - Exporting env vars: AIRFLOW_CTX_DAG_OWNER='***' AIRFLOW_CTX_DAG_ID='dag_get_data_from_yf' AIRFLOW_CTX_TASK_ID='combine_csv' AIRFLOW_CTX_EXECUTION_DATE='2026-03-17T01:00:00+00:00' AIRFLOW_CTX_TRY_NUMBER='1' AIRFLOW_CTX_DAG_RUN_ID='scheduled__2026-03-17T01:00:00+00:00'
[2026-03-18T08:40:23.241+0000] {logging_mixin.py:190} INFO - Task instance is in running state
[2026-03-18T08:40:23.242+0000] {logging_mixin.py:190} INFO -  Previous state of the Task instance: queued
[2026-03-18T08:40:23.243+0000] {logging_mixin.py:190} INFO - Current task name:combine_csv state:running start_date:2026-03-18 08:40:22.719262+00:00
[2026-03-18T08:40:23.243+0000] {logging_mixin.py:190} INFO - Dag name:dag_get_data_from_yf and current dag run status:running
[2026-03-18T08:40:23.244+0000] {taskinstance.py:740} INFO - ::endgroup::
[2026-03-18T08:40:23.329+0000] {logging_mixin.py:190} INFO - Berhasil menggabungkan data ke /opt/***/scripts/saham_indonesia_all.csv
[2026-03-18T08:40:23.330+0000] {python.py:240} INFO - Done. Returned value was: /opt/***/scripts/saham_indonesia_all.csv
[2026-03-18T08:40:23.427+0000] {taskinstance.py:349} INFO - ::group::Post task execution logs
[2026-03-18T08:40:23.428+0000] {taskinstance.py:361} INFO - Marking task as SUCCESS. dag_id=dag_get_data_from_yf, task_id=combine_csv, run_id=scheduled__2026-03-17T01:00:00+00:00, execution_date=20260317T010000, start_date=20260318T084022, end_date=20260318T084023
[2026-03-18T08:40:23.515+0000] {logging_mixin.py:190} INFO - Task instance in success state
[2026-03-18T08:40:23.517+0000] {logging_mixin.py:190} INFO -  Previous state of the Task instance: running
[2026-03-18T08:40:23.518+0000] {logging_mixin.py:190} INFO - Dag name:dag_get_data_from_yf queued_at:2026-03-18 08:39:35.708619+00:00
[2026-03-18T08:40:23.519+0000] {logging_mixin.py:190} INFO - Task hostname:dfdf780ae81b operator:_PythonDecoratedOperator
[2026-03-18T08:40:23.548+0000] {local_task_job_runner.py:266} INFO - Task exited with return code 0
[2026-03-18T08:40:23.635+0000] {taskinstance.py:3924} INFO - 1 downstream tasks scheduled from follow-on schedule check
[2026-03-18T08:40:23.639+0000] {local_task_job_runner.py:245} INFO - ::endgroup::
[2026-03-18T10:19:18.119+0000] {local_task_job_runner.py:123} INFO - ::group::Pre task execution logs
[2026-03-18T10:19:18.184+0000] {taskinstance.py:2631} INFO - Dependencies all met for dep_context=non-requeueable deps ti=<TaskInstance: dag_get_data_from_yf.combine_csv scheduled__2026-03-17T01:00:00+00:00 [queued]>
[2026-03-18T10:19:18.208+0000] {taskinstance.py:2631} INFO - Dependencies all met for dep_context=requeueable deps ti=<TaskInstance: dag_get_data_from_yf.combine_csv scheduled__2026-03-17T01:00:00+00:00 [queued]>
[2026-03-18T10:19:18.209+0000] {taskinstance.py:2884} INFO - Starting attempt 1 of 1
[2026-03-18T10:19:18.236+0000] {taskinstance.py:2907} INFO - Executing <Task(_PythonDecoratedOperator): combine_csv> on 2026-03-17 01:00:00+00:00
[2026-03-18T10:19:18.254+0000] {warnings.py:112} WARNING - /home/***/.local/lib/python3.12/site-packages/***/task/task_runner/standard_task_runner.py:70: DeprecationWarning: This process (pid=346) is multi-threaded, use of fork() may lead to deadlocks in the child.
  pid = os.fork()

[2026-03-18T10:19:18.257+0000] {standard_task_runner.py:72} INFO - Started process 348 to run task
[2026-03-18T10:19:18.261+0000] {standard_task_runner.py:104} INFO - Running: ['***', 'tasks', 'run', 'dag_get_data_from_yf', 'combine_csv', 'scheduled__2026-03-17T01:00:00+00:00', '--job-id', '2197', '--raw', '--subdir', 'DAGS_FOLDER/get_finance_yf_csv.py', '--cfg-path', '/tmp/tmppz9ott27']
[2026-03-18T10:19:18.263+0000] {standard_task_runner.py:105} INFO - Job 2197: Subtask combine_csv
[2026-03-18T10:19:18.392+0000] {task_command.py:467} INFO - Running <TaskInstance: dag_get_data_from_yf.combine_csv scheduled__2026-03-17T01:00:00+00:00 [running]> on host e33371178980
[2026-03-18T10:19:18.586+0000] {taskinstance.py:3157} INFO - Exporting env vars: AIRFLOW_CTX_DAG_OWNER='***' AIRFLOW_CTX_DAG_ID='dag_get_data_from_yf' AIRFLOW_CTX_TASK_ID='combine_csv' AIRFLOW_CTX_EXECUTION_DATE='2026-03-17T01:00:00+00:00' AIRFLOW_CTX_TRY_NUMBER='1' AIRFLOW_CTX_DAG_RUN_ID='scheduled__2026-03-17T01:00:00+00:00'
[2026-03-18T10:19:18.588+0000] {logging_mixin.py:190} INFO - Task instance is in running state
[2026-03-18T10:19:18.588+0000] {logging_mixin.py:190} INFO -  Previous state of the Task instance: queued
[2026-03-18T10:19:18.589+0000] {logging_mixin.py:190} INFO - Current task name:combine_csv state:running start_date:2026-03-18 10:19:18.184619+00:00
[2026-03-18T10:19:18.589+0000] {logging_mixin.py:190} INFO - Dag name:dag_get_data_from_yf and current dag run status:running
[2026-03-18T10:19:18.590+0000] {taskinstance.py:740} INFO - ::endgroup::
[2026-03-18T10:19:18.655+0000] {logging_mixin.py:190} INFO - Berhasil menggabungkan data ke /opt/***/scripts/saham_indonesia_all.csv
[2026-03-18T10:19:18.655+0000] {python.py:240} INFO - Done. Returned value was: /opt/***/scripts/saham_indonesia_all.csv
[2026-03-18T10:19:18.714+0000] {taskinstance.py:349} INFO - ::group::Post task execution logs
[2026-03-18T10:19:18.715+0000] {taskinstance.py:361} INFO - Marking task as SUCCESS. dag_id=dag_get_data_from_yf, task_id=combine_csv, run_id=scheduled__2026-03-17T01:00:00+00:00, execution_date=20260317T010000, start_date=20260318T101918, end_date=20260318T101918
[2026-03-18T10:19:18.770+0000] {logging_mixin.py:190} INFO - Task instance in success state
[2026-03-18T10:19:18.771+0000] {logging_mixin.py:190} INFO -  Previous state of the Task instance: running
[2026-03-18T10:19:18.772+0000] {logging_mixin.py:190} INFO - Dag name:dag_get_data_from_yf queued_at:2026-03-18 10:18:24.094580+00:00
[2026-03-18T10:19:18.772+0000] {logging_mixin.py:190} INFO - Task hostname:e33371178980 operator:_PythonDecoratedOperator
[2026-03-18T10:19:18.800+0000] {local_task_job_runner.py:266} INFO - Task exited with return code 0
[2026-03-18T10:19:18.872+0000] {taskinstance.py:3924} INFO - 1 downstream tasks scheduled from follow-on schedule check
[2026-03-18T10:19:18.876+0000] {local_task_job_runner.py:245} INFO - ::endgroup::
[2026-03-18T10:23:25.797+0000] {local_task_job_runner.py:123} INFO - ::group::Pre task execution logs
[2026-03-18T10:23:25.885+0000] {taskinstance.py:2631} INFO - Dependencies all met for dep_context=non-requeueable deps ti=<TaskInstance: dag_get_data_from_yf.combine_csv scheduled__2026-03-17T01:00:00+00:00 [queued]>
[2026-03-18T10:23:25.917+0000] {taskinstance.py:2631} INFO - Dependencies all met for dep_context=requeueable deps ti=<TaskInstance: dag_get_data_from_yf.combine_csv scheduled__2026-03-17T01:00:00+00:00 [queued]>
[2026-03-18T10:23:25.918+0000] {taskinstance.py:2884} INFO - Starting attempt 1 of 1
[2026-03-18T10:23:25.950+0000] {taskinstance.py:2907} INFO - Executing <Task(_PythonDecoratedOperator): combine_csv> on 2026-03-17 01:00:00+00:00
[2026-03-18T10:23:25.972+0000] {warnings.py:112} WARNING - /home/***/.local/lib/python3.12/site-packages/***/task/task_runner/standard_task_runner.py:70: DeprecationWarning: This process (pid=432) is multi-threaded, use of fork() may lead to deadlocks in the child.
  pid = os.fork()

[2026-03-18T10:23:25.978+0000] {standard_task_runner.py:72} INFO - Started process 441 to run task
[2026-03-18T10:23:25.980+0000] {standard_task_runner.py:104} INFO - Running: ['***', 'tasks', 'run', 'dag_get_data_from_yf', 'combine_csv', 'scheduled__2026-03-17T01:00:00+00:00', '--job-id', '2206', '--raw', '--subdir', 'DAGS_FOLDER/get_finance_yf_csv.py', '--cfg-path', '/tmp/tmpfvbynegf']
[2026-03-18T10:23:25.983+0000] {standard_task_runner.py:105} INFO - Job 2206: Subtask combine_csv
[2026-03-18T10:23:26.150+0000] {task_command.py:467} INFO - Running <TaskInstance: dag_get_data_from_yf.combine_csv scheduled__2026-03-17T01:00:00+00:00 [running]> on host e33371178980
[2026-03-18T10:23:26.431+0000] {taskinstance.py:3157} INFO - Exporting env vars: AIRFLOW_CTX_DAG_OWNER='***' AIRFLOW_CTX_DAG_ID='dag_get_data_from_yf' AIRFLOW_CTX_TASK_ID='combine_csv' AIRFLOW_CTX_EXECUTION_DATE='2026-03-17T01:00:00+00:00' AIRFLOW_CTX_TRY_NUMBER='1' AIRFLOW_CTX_DAG_RUN_ID='scheduled__2026-03-17T01:00:00+00:00'
[2026-03-18T10:23:26.435+0000] {logging_mixin.py:190} INFO - Task instance is in running state
[2026-03-18T10:23:26.435+0000] {logging_mixin.py:190} INFO -  Previous state of the Task instance: queued
[2026-03-18T10:23:26.436+0000] {logging_mixin.py:190} INFO - Current task name:combine_csv state:running start_date:2026-03-18 10:23:25.886298+00:00
[2026-03-18T10:23:26.437+0000] {logging_mixin.py:190} INFO - Dag name:dag_get_data_from_yf and current dag run status:running
[2026-03-18T10:23:26.437+0000] {taskinstance.py:740} INFO - ::endgroup::
[2026-03-18T10:23:26.504+0000] {logging_mixin.py:190} INFO - Berhasil menggabungkan data ke /opt/***/scripts/saham_indonesia_all.csv
[2026-03-18T10:23:26.505+0000] {python.py:240} INFO - Done. Returned value was: /opt/***/scripts/saham_indonesia_all.csv
[2026-03-18T10:23:26.581+0000] {taskinstance.py:349} INFO - ::group::Post task execution logs
[2026-03-18T10:23:26.582+0000] {taskinstance.py:361} INFO - Marking task as SUCCESS. dag_id=dag_get_data_from_yf, task_id=combine_csv, run_id=scheduled__2026-03-17T01:00:00+00:00, execution_date=20260317T010000, start_date=20260318T102325, end_date=20260318T102326
[2026-03-18T10:23:26.652+0000] {logging_mixin.py:190} INFO - Task instance in success state
[2026-03-18T10:23:26.653+0000] {logging_mixin.py:190} INFO -  Previous state of the Task instance: running
[2026-03-18T10:23:26.654+0000] {logging_mixin.py:190} INFO - Dag name:dag_get_data_from_yf queued_at:2026-03-18 10:22:43.863809+00:00
[2026-03-18T10:23:26.655+0000] {logging_mixin.py:190} INFO - Task hostname:e33371178980 operator:_PythonDecoratedOperator
[2026-03-18T10:23:26.684+0000] {local_task_job_runner.py:266} INFO - Task exited with return code 0
[2026-03-18T10:23:26.800+0000] {taskinstance.py:3924} INFO - 1 downstream tasks scheduled from follow-on schedule check
[2026-03-18T10:23:26.814+0000] {local_task_job_runner.py:245} INFO - ::endgroup::
[2026-03-18T11:49:22.138+0000] {local_task_job_runner.py:123} INFO - ::group::Pre task execution logs
[2026-03-18T11:49:22.213+0000] {taskinstance.py:2631} INFO - Dependencies all met for dep_context=non-requeueable deps ti=<TaskInstance: dag_get_data_from_yf.combine_csv scheduled__2026-03-17T01:00:00+00:00 [queued]>
[2026-03-18T11:49:22.240+0000] {taskinstance.py:2631} INFO - Dependencies all met for dep_context=requeueable deps ti=<TaskInstance: dag_get_data_from_yf.combine_csv scheduled__2026-03-17T01:00:00+00:00 [queued]>
[2026-03-18T11:49:22.241+0000] {taskinstance.py:2884} INFO - Starting attempt 1 of 1
[2026-03-18T11:49:22.273+0000] {taskinstance.py:2907} INFO - Executing <Task(_PythonDecoratedOperator): combine_csv> on 2026-03-17 01:00:00+00:00
[2026-03-18T11:49:22.294+0000] {warnings.py:112} WARNING - /home/***/.local/lib/python3.12/site-packages/***/task/task_runner/standard_task_runner.py:70: DeprecationWarning: This process (pid=490) is multi-threaded, use of fork() may lead to deadlocks in the child.
  pid = os.fork()

[2026-03-18T11:49:22.298+0000] {standard_task_runner.py:72} INFO - Started process 492 to run task
[2026-03-18T11:49:22.301+0000] {standard_task_runner.py:104} INFO - Running: ['***', 'tasks', 'run', 'dag_get_data_from_yf', 'combine_csv', 'scheduled__2026-03-17T01:00:00+00:00', '--job-id', '2226', '--raw', '--subdir', 'DAGS_FOLDER/get_finance_yf_csv.py', '--cfg-path', '/tmp/tmph3_bzoic']
[2026-03-18T11:49:22.303+0000] {standard_task_runner.py:105} INFO - Job 2226: Subtask combine_csv
[2026-03-18T11:49:22.459+0000] {task_command.py:467} INFO - Running <TaskInstance: dag_get_data_from_yf.combine_csv scheduled__2026-03-17T01:00:00+00:00 [running]> on host acd199b76f5e
[2026-03-18T11:49:22.686+0000] {taskinstance.py:3157} INFO - Exporting env vars: AIRFLOW_CTX_DAG_OWNER='***' AIRFLOW_CTX_DAG_ID='dag_get_data_from_yf' AIRFLOW_CTX_TASK_ID='combine_csv' AIRFLOW_CTX_EXECUTION_DATE='2026-03-17T01:00:00+00:00' AIRFLOW_CTX_TRY_NUMBER='1' AIRFLOW_CTX_DAG_RUN_ID='scheduled__2026-03-17T01:00:00+00:00'
[2026-03-18T11:49:22.689+0000] {logging_mixin.py:190} INFO - Task instance is in running state
[2026-03-18T11:49:22.690+0000] {logging_mixin.py:190} INFO -  Previous state of the Task instance: queued
[2026-03-18T11:49:22.690+0000] {logging_mixin.py:190} INFO - Current task name:combine_csv state:running start_date:2026-03-18 11:49:22.213674+00:00
[2026-03-18T11:49:22.691+0000] {logging_mixin.py:190} INFO - Dag name:dag_get_data_from_yf and current dag run status:running
[2026-03-18T11:49:22.691+0000] {taskinstance.py:740} INFO - ::endgroup::
[2026-03-18T11:49:22.759+0000] {logging_mixin.py:190} INFO - Berhasil menggabungkan data ke /opt/***/scripts/saham_indonesia_all.csv
[2026-03-18T11:49:22.760+0000] {python.py:240} INFO - Done. Returned value was: /opt/***/scripts/saham_indonesia_all.csv
[2026-03-18T11:49:22.823+0000] {taskinstance.py:349} INFO - ::group::Post task execution logs
[2026-03-18T11:49:22.824+0000] {taskinstance.py:361} INFO - Marking task as SUCCESS. dag_id=dag_get_data_from_yf, task_id=combine_csv, run_id=scheduled__2026-03-17T01:00:00+00:00, execution_date=20260317T010000, start_date=20260318T114922, end_date=20260318T114922
[2026-03-18T11:49:22.892+0000] {logging_mixin.py:190} INFO - Task instance in success state
[2026-03-18T11:49:22.892+0000] {logging_mixin.py:190} INFO -  Previous state of the Task instance: running
[2026-03-18T11:49:22.893+0000] {logging_mixin.py:190} INFO - Dag name:dag_get_data_from_yf queued_at:2026-03-18 11:48:17.414411+00:00
[2026-03-18T11:49:22.893+0000] {logging_mixin.py:190} INFO - Task hostname:acd199b76f5e operator:_PythonDecoratedOperator
[2026-03-18T11:49:22.916+0000] {local_task_job_runner.py:266} INFO - Task exited with return code 0
[2026-03-18T11:49:23.002+0000] {taskinstance.py:3924} INFO - 1 downstream tasks scheduled from follow-on schedule check
[2026-03-18T11:49:23.006+0000] {local_task_job_runner.py:245} INFO - ::endgroup::
[2026-03-18T11:55:35.463+0000] {local_task_job_runner.py:123} INFO - ::group::Pre task execution logs
[2026-03-18T11:55:35.551+0000] {taskinstance.py:2631} INFO - Dependencies all met for dep_context=non-requeueable deps ti=<TaskInstance: dag_get_data_from_yf.combine_csv scheduled__2026-03-17T01:00:00+00:00 [queued]>
[2026-03-18T11:55:35.583+0000] {taskinstance.py:2631} INFO - Dependencies all met for dep_context=requeueable deps ti=<TaskInstance: dag_get_data_from_yf.combine_csv scheduled__2026-03-17T01:00:00+00:00 [queued]>
[2026-03-18T11:55:35.584+0000] {taskinstance.py:2884} INFO - Starting attempt 1 of 1
[2026-03-18T11:55:35.618+0000] {taskinstance.py:2907} INFO - Executing <Task(_PythonDecoratedOperator): combine_csv> on 2026-03-17 01:00:00+00:00
[2026-03-18T11:55:35.635+0000] {warnings.py:112} WARNING - /home/***/.local/lib/python3.12/site-packages/***/task/task_runner/standard_task_runner.py:70: DeprecationWarning: This process (pid=651) is multi-threaded, use of fork() may lead to deadlocks in the child.
  pid = os.fork()

[2026-03-18T11:55:35.638+0000] {standard_task_runner.py:72} INFO - Started process 653 to run task
[2026-03-18T11:55:35.642+0000] {standard_task_runner.py:104} INFO - Running: ['***', 'tasks', 'run', 'dag_get_data_from_yf', 'combine_csv', 'scheduled__2026-03-17T01:00:00+00:00', '--job-id', '2240', '--raw', '--subdir', 'DAGS_FOLDER/get_finance_yf_csv.py', '--cfg-path', '/tmp/tmpxqnnlk_y']
[2026-03-18T11:55:35.644+0000] {standard_task_runner.py:105} INFO - Job 2240: Subtask combine_csv
[2026-03-18T11:55:35.783+0000] {task_command.py:467} INFO - Running <TaskInstance: dag_get_data_from_yf.combine_csv scheduled__2026-03-17T01:00:00+00:00 [running]> on host acd199b76f5e
[2026-03-18T11:55:35.994+0000] {taskinstance.py:3157} INFO - Exporting env vars: AIRFLOW_CTX_DAG_OWNER='***' AIRFLOW_CTX_DAG_ID='dag_get_data_from_yf' AIRFLOW_CTX_TASK_ID='combine_csv' AIRFLOW_CTX_EXECUTION_DATE='2026-03-17T01:00:00+00:00' AIRFLOW_CTX_TRY_NUMBER='1' AIRFLOW_CTX_DAG_RUN_ID='scheduled__2026-03-17T01:00:00+00:00'
[2026-03-18T11:55:35.997+0000] {logging_mixin.py:190} INFO - Task instance is in running state
[2026-03-18T11:55:35.997+0000] {logging_mixin.py:190} INFO -  Previous state of the Task instance: queued
[2026-03-18T11:55:35.998+0000] {logging_mixin.py:190} INFO - Current task name:combine_csv state:running start_date:2026-03-18 11:55:35.552058+00:00
[2026-03-18T11:55:35.998+0000] {logging_mixin.py:190} INFO - Dag name:dag_get_data_from_yf and current dag run status:running
[2026-03-18T11:55:35.999+0000] {taskinstance.py:740} INFO - ::endgroup::
[2026-03-18T11:55:36.060+0000] {logging_mixin.py:190} INFO - Berhasil menggabungkan data ke /opt/***/scripts/saham_indonesia_all.csv
[2026-03-18T11:55:36.061+0000] {python.py:240} INFO - Done. Returned value was: /opt/***/scripts/saham_indonesia_all.csv
[2026-03-18T11:55:36.132+0000] {taskinstance.py:349} INFO - ::group::Post task execution logs
[2026-03-18T11:55:36.133+0000] {taskinstance.py:361} INFO - Marking task as SUCCESS. dag_id=dag_get_data_from_yf, task_id=combine_csv, run_id=scheduled__2026-03-17T01:00:00+00:00, execution_date=20260317T010000, start_date=20260318T115535, end_date=20260318T115536
[2026-03-18T11:55:36.201+0000] {logging_mixin.py:190} INFO - Task instance in success state
[2026-03-18T11:55:36.201+0000] {logging_mixin.py:190} INFO -  Previous state of the Task instance: running
[2026-03-18T11:55:36.202+0000] {logging_mixin.py:190} INFO - Dag name:dag_get_data_from_yf queued_at:2026-03-18 11:54:41.924487+00:00
[2026-03-18T11:55:36.203+0000] {logging_mixin.py:190} INFO - Task hostname:acd199b76f5e operator:_PythonDecoratedOperator
[2026-03-18T11:55:36.222+0000] {local_task_job_runner.py:266} INFO - Task exited with return code 0
[2026-03-18T11:55:36.310+0000] {taskinstance.py:3924} INFO - 1 downstream tasks scheduled from follow-on schedule check
[2026-03-18T11:55:36.314+0000] {local_task_job_runner.py:245} INFO - ::endgroup::
[2026-03-18T12:03:46.737+0000] {local_task_job_runner.py:123} INFO - ::group::Pre task execution logs
[2026-03-18T12:03:46.830+0000] {taskinstance.py:2631} INFO - Dependencies all met for dep_context=non-requeueable deps ti=<TaskInstance: dag_get_data_from_yf.combine_csv scheduled__2026-03-17T01:00:00+00:00 [queued]>
[2026-03-18T12:03:46.866+0000] {taskinstance.py:2631} INFO - Dependencies all met for dep_context=requeueable deps ti=<TaskInstance: dag_get_data_from_yf.combine_csv scheduled__2026-03-17T01:00:00+00:00 [queued]>
[2026-03-18T12:03:46.867+0000] {taskinstance.py:2884} INFO - Starting attempt 1 of 1
[2026-03-18T12:03:46.907+0000] {taskinstance.py:2907} INFO - Executing <Task(_PythonDecoratedOperator): combine_csv> on 2026-03-17 01:00:00+00:00
[2026-03-18T12:03:46.930+0000] {warnings.py:112} WARNING - /home/***/.local/lib/python3.12/site-packages/***/task/task_runner/standard_task_runner.py:70: DeprecationWarning: This process (pid=778) is multi-threaded, use of fork() may lead to deadlocks in the child.
  pid = os.fork()

[2026-03-18T12:03:46.938+0000] {standard_task_runner.py:72} INFO - Started process 780 to run task
[2026-03-18T12:03:46.947+0000] {standard_task_runner.py:104} INFO - Running: ['***', 'tasks', 'run', 'dag_get_data_from_yf', 'combine_csv', 'scheduled__2026-03-17T01:00:00+00:00', '--job-id', '2247', '--raw', '--subdir', 'DAGS_FOLDER/get_finance_yf_csv.py', '--cfg-path', '/tmp/tmpsy5ag8og']
[2026-03-18T12:03:46.951+0000] {standard_task_runner.py:105} INFO - Job 2247: Subtask combine_csv
[2026-03-18T12:03:47.135+0000] {task_command.py:467} INFO - Running <TaskInstance: dag_get_data_from_yf.combine_csv scheduled__2026-03-17T01:00:00+00:00 [running]> on host acd199b76f5e
[2026-03-18T12:03:47.368+0000] {taskinstance.py:3157} INFO - Exporting env vars: AIRFLOW_CTX_DAG_OWNER='***' AIRFLOW_CTX_DAG_ID='dag_get_data_from_yf' AIRFLOW_CTX_TASK_ID='combine_csv' AIRFLOW_CTX_EXECUTION_DATE='2026-03-17T01:00:00+00:00' AIRFLOW_CTX_TRY_NUMBER='1' AIRFLOW_CTX_DAG_RUN_ID='scheduled__2026-03-17T01:00:00+00:00'
[2026-03-18T12:03:47.371+0000] {logging_mixin.py:190} INFO - Task instance is in running state
[2026-03-18T12:03:47.372+0000] {logging_mixin.py:190} INFO -  Previous state of the Task instance: queued
[2026-03-18T12:03:47.372+0000] {logging_mixin.py:190} INFO - Current task name:combine_csv state:running start_date:2026-03-18 12:03:46.831577+00:00
[2026-03-18T12:03:47.373+0000] {logging_mixin.py:190} INFO - Dag name:dag_get_data_from_yf and current dag run status:running
[2026-03-18T12:03:47.373+0000] {taskinstance.py:740} INFO - ::endgroup::
[2026-03-18T12:03:47.429+0000] {logging_mixin.py:190} INFO - Berhasil menggabungkan data ke /opt/***/scripts/saham_indonesia_all.csv
[2026-03-18T12:03:47.430+0000] {python.py:240} INFO - Done. Returned value was: /opt/***/scripts/saham_indonesia_all.csv
[2026-03-18T12:03:47.500+0000] {taskinstance.py:349} INFO - ::group::Post task execution logs
[2026-03-18T12:03:47.501+0000] {taskinstance.py:361} INFO - Marking task as SUCCESS. dag_id=dag_get_data_from_yf, task_id=combine_csv, run_id=scheduled__2026-03-17T01:00:00+00:00, execution_date=20260317T010000, start_date=20260318T120346, end_date=20260318T120347
[2026-03-18T12:03:47.570+0000] {logging_mixin.py:190} INFO - Task instance in success state
[2026-03-18T12:03:47.571+0000] {logging_mixin.py:190} INFO -  Previous state of the Task instance: running
[2026-03-18T12:03:47.572+0000] {logging_mixin.py:190} INFO - Dag name:dag_get_data_from_yf queued_at:2026-03-18 12:03:02.803534+00:00
[2026-03-18T12:03:47.572+0000] {logging_mixin.py:190} INFO - Task hostname:acd199b76f5e operator:_PythonDecoratedOperator
[2026-03-18T12:03:47.599+0000] {local_task_job_runner.py:266} INFO - Task exited with return code 0
[2026-03-18T12:03:47.701+0000] {taskinstance.py:3924} INFO - 2 downstream tasks scheduled from follow-on schedule check
[2026-03-18T12:03:47.709+0000] {local_task_job_runner.py:245} INFO - ::endgroup::
[2026-03-18T12:07:43.402+0000] {local_task_job_runner.py:123} INFO - ::group::Pre task execution logs
[2026-03-18T12:07:43.490+0000] {taskinstance.py:2631} INFO - Dependencies all met for dep_context=non-requeueable deps ti=<TaskInstance: dag_get_data_from_yf.combine_csv scheduled__2026-03-17T01:00:00+00:00 [queued]>
[2026-03-18T12:07:43.520+0000] {taskinstance.py:2631} INFO - Dependencies all met for dep_context=requeueable deps ti=<TaskInstance: dag_get_data_from_yf.combine_csv scheduled__2026-03-17T01:00:00+00:00 [queued]>
[2026-03-18T12:07:43.520+0000] {taskinstance.py:2884} INFO - Starting attempt 1 of 1
[2026-03-18T12:07:43.544+0000] {taskinstance.py:2907} INFO - Executing <Task(_PythonDecoratedOperator): combine_csv> on 2026-03-17 01:00:00+00:00
[2026-03-18T12:07:43.562+0000] {warnings.py:112} WARNING - /home/***/.local/lib/python3.12/site-packages/***/task/task_runner/standard_task_runner.py:70: DeprecationWarning: This process (pid=870) is multi-threaded, use of fork() may lead to deadlocks in the child.
  pid = os.fork()

[2026-03-18T12:07:43.566+0000] {standard_task_runner.py:72} INFO - Started process 872 to run task
[2026-03-18T12:07:43.569+0000] {standard_task_runner.py:104} INFO - Running: ['***', 'tasks', 'run', 'dag_get_data_from_yf', 'combine_csv', 'scheduled__2026-03-17T01:00:00+00:00', '--job-id', '2258', '--raw', '--subdir', 'DAGS_FOLDER/get_finance_yf_csv.py', '--cfg-path', '/tmp/tmp2nb8i52i']
[2026-03-18T12:07:43.572+0000] {standard_task_runner.py:105} INFO - Job 2258: Subtask combine_csv
[2026-03-18T12:07:43.725+0000] {task_command.py:467} INFO - Running <TaskInstance: dag_get_data_from_yf.combine_csv scheduled__2026-03-17T01:00:00+00:00 [running]> on host acd199b76f5e
[2026-03-18T12:07:43.949+0000] {taskinstance.py:3157} INFO - Exporting env vars: AIRFLOW_CTX_DAG_OWNER='***' AIRFLOW_CTX_DAG_ID='dag_get_data_from_yf' AIRFLOW_CTX_TASK_ID='combine_csv' AIRFLOW_CTX_EXECUTION_DATE='2026-03-17T01:00:00+00:00' AIRFLOW_CTX_TRY_NUMBER='1' AIRFLOW_CTX_DAG_RUN_ID='scheduled__2026-03-17T01:00:00+00:00'
[2026-03-18T12:07:43.952+0000] {logging_mixin.py:190} INFO - Task instance is in running state
[2026-03-18T12:07:43.952+0000] {logging_mixin.py:190} INFO -  Previous state of the Task instance: queued
[2026-03-18T12:07:43.953+0000] {logging_mixin.py:190} INFO - Current task name:combine_csv state:running start_date:2026-03-18 12:07:43.490921+00:00
[2026-03-18T12:07:43.953+0000] {logging_mixin.py:190} INFO - Dag name:dag_get_data_from_yf and current dag run status:running
[2026-03-18T12:07:43.953+0000] {taskinstance.py:740} INFO - ::endgroup::
[2026-03-18T12:07:44.007+0000] {logging_mixin.py:190} INFO - Berhasil menggabungkan data ke /opt/***/scripts/saham_indonesia_all.csv
[2026-03-18T12:07:44.008+0000] {python.py:240} INFO - Done. Returned value was: /opt/***/scripts/saham_indonesia_all.csv
[2026-03-18T12:07:44.069+0000] {taskinstance.py:349} INFO - ::group::Post task execution logs
[2026-03-18T12:07:44.070+0000] {taskinstance.py:361} INFO - Marking task as SUCCESS. dag_id=dag_get_data_from_yf, task_id=combine_csv, run_id=scheduled__2026-03-17T01:00:00+00:00, execution_date=20260317T010000, start_date=20260318T120743, end_date=20260318T120744
[2026-03-18T12:07:44.134+0000] {logging_mixin.py:190} INFO - Task instance in success state
[2026-03-18T12:07:44.135+0000] {logging_mixin.py:190} INFO -  Previous state of the Task instance: running
[2026-03-18T12:07:44.135+0000] {logging_mixin.py:190} INFO - Dag name:dag_get_data_from_yf queued_at:2026-03-18 12:07:02.422118+00:00
[2026-03-18T12:07:44.135+0000] {logging_mixin.py:190} INFO - Task hostname:acd199b76f5e operator:_PythonDecoratedOperator
[2026-03-18T12:07:44.154+0000] {local_task_job_runner.py:266} INFO - Task exited with return code 0
[2026-03-18T12:07:44.237+0000] {taskinstance.py:3924} INFO - 1 downstream tasks scheduled from follow-on schedule check
[2026-03-18T12:07:44.243+0000] {local_task_job_runner.py:245} INFO - ::endgroup::
[2026-03-18T12:14:42.036+0000] {local_task_job_runner.py:123} INFO - ::group::Pre task execution logs
[2026-03-18T12:14:42.112+0000] {taskinstance.py:2631} INFO - Dependencies all met for dep_context=non-requeueable deps ti=<TaskInstance: dag_get_data_from_yf.combine_csv scheduled__2026-03-17T01:00:00+00:00 [queued]>
[2026-03-18T12:14:42.142+0000] {taskinstance.py:2631} INFO - Dependencies all met for dep_context=requeueable deps ti=<TaskInstance: dag_get_data_from_yf.combine_csv scheduled__2026-03-17T01:00:00+00:00 [queued]>
[2026-03-18T12:14:42.143+0000] {taskinstance.py:2884} INFO - Starting attempt 1 of 1
[2026-03-18T12:14:42.176+0000] {taskinstance.py:2907} INFO - Executing <Task(_PythonDecoratedOperator): combine_csv> on 2026-03-17 01:00:00+00:00
[2026-03-18T12:14:42.196+0000] {warnings.py:112} WARNING - /home/***/.local/lib/python3.12/site-packages/***/task/task_runner/standard_task_runner.py:70: DeprecationWarning: This process (pid=984) is multi-threaded, use of fork() may lead to deadlocks in the child.
  pid = os.fork()

[2026-03-18T12:14:42.200+0000] {standard_task_runner.py:72} INFO - Started process 986 to run task
[2026-03-18T12:14:42.203+0000] {standard_task_runner.py:104} INFO - Running: ['***', 'tasks', 'run', 'dag_get_data_from_yf', 'combine_csv', 'scheduled__2026-03-17T01:00:00+00:00', '--job-id', '2265', '--raw', '--subdir', 'DAGS_FOLDER/get_finance_yf_csv.py', '--cfg-path', '/tmp/tmp5ho1noh7']
[2026-03-18T12:14:42.207+0000] {standard_task_runner.py:105} INFO - Job 2265: Subtask combine_csv
[2026-03-18T12:14:42.360+0000] {task_command.py:467} INFO - Running <TaskInstance: dag_get_data_from_yf.combine_csv scheduled__2026-03-17T01:00:00+00:00 [running]> on host acd199b76f5e
[2026-03-18T12:14:42.611+0000] {taskinstance.py:3157} INFO - Exporting env vars: AIRFLOW_CTX_DAG_OWNER='***' AIRFLOW_CTX_DAG_ID='dag_get_data_from_yf' AIRFLOW_CTX_TASK_ID='combine_csv' AIRFLOW_CTX_EXECUTION_DATE='2026-03-17T01:00:00+00:00' AIRFLOW_CTX_TRY_NUMBER='1' AIRFLOW_CTX_DAG_RUN_ID='scheduled__2026-03-17T01:00:00+00:00'
[2026-03-18T12:14:42.615+0000] {logging_mixin.py:190} INFO - Task instance is in running state
[2026-03-18T12:14:42.616+0000] {logging_mixin.py:190} INFO -  Previous state of the Task instance: queued
[2026-03-18T12:14:42.616+0000] {logging_mixin.py:190} INFO - Current task name:combine_csv state:running start_date:2026-03-18 12:14:42.112705+00:00
[2026-03-18T12:14:42.617+0000] {logging_mixin.py:190} INFO - Dag name:dag_get_data_from_yf and current dag run status:running
[2026-03-18T12:14:42.618+0000] {taskinstance.py:740} INFO - ::endgroup::
[2026-03-18T12:14:42.701+0000] {logging_mixin.py:190} INFO - Berhasil menggabungkan data ke /opt/***/scripts/saham_indonesia_all.csv
[2026-03-18T12:14:42.702+0000] {python.py:240} INFO - Done. Returned value was: /opt/***/scripts/saham_indonesia_all.csv
[2026-03-18T12:14:42.788+0000] {taskinstance.py:349} INFO - ::group::Post task execution logs
[2026-03-18T12:14:42.789+0000] {taskinstance.py:361} INFO - Marking task as SUCCESS. dag_id=dag_get_data_from_yf, task_id=combine_csv, run_id=scheduled__2026-03-17T01:00:00+00:00, execution_date=20260317T010000, start_date=20260318T121442, end_date=20260318T121442
[2026-03-18T12:14:42.866+0000] {logging_mixin.py:190} INFO - Task instance in success state
[2026-03-18T12:14:42.867+0000] {logging_mixin.py:190} INFO -  Previous state of the Task instance: running
[2026-03-18T12:14:42.868+0000] {logging_mixin.py:190} INFO - Dag name:dag_get_data_from_yf queued_at:2026-03-18 12:14:01.764724+00:00
[2026-03-18T12:14:42.868+0000] {logging_mixin.py:190} INFO - Task hostname:acd199b76f5e operator:_PythonDecoratedOperator
[2026-03-18T12:14:42.890+0000] {local_task_job_runner.py:266} INFO - Task exited with return code 0
[2026-03-18T12:14:42.983+0000] {taskinstance.py:3924} INFO - 1 downstream tasks scheduled from follow-on schedule check
[2026-03-18T12:14:42.990+0000] {local_task_job_runner.py:245} INFO - ::endgroup::
[2026-03-18T16:44:32.219+0000] {local_task_job_runner.py:123} INFO - ::group::Pre task execution logs
[2026-03-18T16:44:32.284+0000] {taskinstance.py:2631} INFO - Dependencies all met for dep_context=non-requeueable deps ti=<TaskInstance: dag_get_data_from_yf.combine_csv scheduled__2026-03-17T01:00:00+00:00 [queued]>
[2026-03-18T16:44:32.311+0000] {taskinstance.py:2631} INFO - Dependencies all met for dep_context=requeueable deps ti=<TaskInstance: dag_get_data_from_yf.combine_csv scheduled__2026-03-17T01:00:00+00:00 [queued]>
[2026-03-18T16:44:32.311+0000] {taskinstance.py:2884} INFO - Starting attempt 1 of 1
[2026-03-18T16:44:32.337+0000] {taskinstance.py:2907} INFO - Executing <Task(_PythonDecoratedOperator): combine_csv> on 2026-03-17 01:00:00+00:00
[2026-03-18T16:44:32.356+0000] {warnings.py:112} WARNING - /home/***/.local/lib/python3.12/site-packages/***/task/task_runner/standard_task_runner.py:70: DeprecationWarning: This process (pid=172) is multi-threaded, use of fork() may lead to deadlocks in the child.
  pid = os.fork()

[2026-03-18T16:44:32.360+0000] {standard_task_runner.py:72} INFO - Started process 174 to run task
[2026-03-18T16:44:32.363+0000] {standard_task_runner.py:104} INFO - Running: ['***', 'tasks', 'run', 'dag_get_data_from_yf', 'combine_csv', 'scheduled__2026-03-17T01:00:00+00:00', '--job-id', '2277', '--raw', '--subdir', 'DAGS_FOLDER/get_finance_yf_csv.py', '--cfg-path', '/tmp/tmpd2qlhosf']
[2026-03-18T16:44:32.365+0000] {standard_task_runner.py:105} INFO - Job 2277: Subtask combine_csv
[2026-03-18T16:44:32.491+0000] {task_command.py:467} INFO - Running <TaskInstance: dag_get_data_from_yf.combine_csv scheduled__2026-03-17T01:00:00+00:00 [running]> on host 86b6d01610d0
[2026-03-18T16:44:32.745+0000] {taskinstance.py:3157} INFO - Exporting env vars: AIRFLOW_CTX_DAG_OWNER='***' AIRFLOW_CTX_DAG_ID='dag_get_data_from_yf' AIRFLOW_CTX_TASK_ID='combine_csv' AIRFLOW_CTX_EXECUTION_DATE='2026-03-17T01:00:00+00:00' AIRFLOW_CTX_TRY_NUMBER='1' AIRFLOW_CTX_DAG_RUN_ID='scheduled__2026-03-17T01:00:00+00:00'
[2026-03-18T16:44:32.747+0000] {logging_mixin.py:190} INFO - Task instance is in running state
[2026-03-18T16:44:32.748+0000] {logging_mixin.py:190} INFO -  Previous state of the Task instance: queued
[2026-03-18T16:44:32.749+0000] {logging_mixin.py:190} INFO - Current task name:combine_csv state:running start_date:2026-03-18 16:44:32.285427+00:00
[2026-03-18T16:44:32.749+0000] {logging_mixin.py:190} INFO - Dag name:dag_get_data_from_yf and current dag run status:running
[2026-03-18T16:44:32.750+0000] {taskinstance.py:740} INFO - ::endgroup::
[2026-03-18T16:44:32.839+0000] {logging_mixin.py:190} INFO - Berhasil menggabungkan data ke /opt/***/scripts/saham_indonesia_all.csv
[2026-03-18T16:44:32.840+0000] {python.py:240} INFO - Done. Returned value was: /opt/***/scripts/saham_indonesia_all.csv
[2026-03-18T16:44:32.898+0000] {taskinstance.py:349} INFO - ::group::Post task execution logs
[2026-03-18T16:44:32.899+0000] {taskinstance.py:361} INFO - Marking task as SUCCESS. dag_id=dag_get_data_from_yf, task_id=combine_csv, run_id=scheduled__2026-03-17T01:00:00+00:00, execution_date=20260317T010000, start_date=20260318T164432, end_date=20260318T164432
[2026-03-18T16:44:32.959+0000] {logging_mixin.py:190} INFO - Task instance in success state
[2026-03-18T16:44:32.960+0000] {logging_mixin.py:190} INFO -  Previous state of the Task instance: running
[2026-03-18T16:44:32.960+0000] {logging_mixin.py:190} INFO - Dag name:dag_get_data_from_yf queued_at:2026-03-18 16:43:44.878683+00:00
[2026-03-18T16:44:32.960+0000] {logging_mixin.py:190} INFO - Task hostname:86b6d01610d0 operator:_PythonDecoratedOperator
[2026-03-18T16:44:32.979+0000] {local_task_job_runner.py:266} INFO - Task exited with return code 0
[2026-03-18T16:44:33.047+0000] {taskinstance.py:3924} INFO - 1 downstream tasks scheduled from follow-on schedule check
[2026-03-18T16:44:33.050+0000] {local_task_job_runner.py:245} INFO - ::endgroup::
[2026-03-18T16:52:09.682+0000] {local_task_job_runner.py:123} INFO - ::group::Pre task execution logs
[2026-03-18T16:52:09.744+0000] {taskinstance.py:2631} INFO - Dependencies all met for dep_context=non-requeueable deps ti=<TaskInstance: dag_get_data_from_yf.combine_csv scheduled__2026-03-17T01:00:00+00:00 [queued]>
[2026-03-18T16:52:09.767+0000] {taskinstance.py:2631} INFO - Dependencies all met for dep_context=requeueable deps ti=<TaskInstance: dag_get_data_from_yf.combine_csv scheduled__2026-03-17T01:00:00+00:00 [queued]>
[2026-03-18T16:52:09.767+0000] {taskinstance.py:2884} INFO - Starting attempt 1 of 1
[2026-03-18T16:52:09.788+0000] {taskinstance.py:2907} INFO - Executing <Task(_PythonDecoratedOperator): combine_csv> on 2026-03-17 01:00:00+00:00
[2026-03-18T16:52:09.807+0000] {warnings.py:112} WARNING - /home/***/.local/lib/python3.12/site-packages/***/task/task_runner/standard_task_runner.py:70: DeprecationWarning: This process (pid=171) is multi-threaded, use of fork() may lead to deadlocks in the child.
  pid = os.fork()

[2026-03-18T16:52:09.811+0000] {standard_task_runner.py:72} INFO - Started process 180 to run task
[2026-03-18T16:52:09.812+0000] {standard_task_runner.py:104} INFO - Running: ['***', 'tasks', 'run', 'dag_get_data_from_yf', 'combine_csv', 'scheduled__2026-03-17T01:00:00+00:00', '--job-id', '2289', '--raw', '--subdir', 'DAGS_FOLDER/get_finance_yf_csv.py', '--cfg-path', '/tmp/tmpgnrlwrk_']
[2026-03-18T16:52:09.814+0000] {standard_task_runner.py:105} INFO - Job 2289: Subtask combine_csv
[2026-03-18T16:52:09.921+0000] {task_command.py:467} INFO - Running <TaskInstance: dag_get_data_from_yf.combine_csv scheduled__2026-03-17T01:00:00+00:00 [running]> on host f1613c7ed19d
[2026-03-18T16:52:10.099+0000] {taskinstance.py:3157} INFO - Exporting env vars: AIRFLOW_CTX_DAG_OWNER='***' AIRFLOW_CTX_DAG_ID='dag_get_data_from_yf' AIRFLOW_CTX_TASK_ID='combine_csv' AIRFLOW_CTX_EXECUTION_DATE='2026-03-17T01:00:00+00:00' AIRFLOW_CTX_TRY_NUMBER='1' AIRFLOW_CTX_DAG_RUN_ID='scheduled__2026-03-17T01:00:00+00:00'
[2026-03-18T16:52:10.101+0000] {logging_mixin.py:190} INFO - Task instance is in running state
[2026-03-18T16:52:10.102+0000] {logging_mixin.py:190} INFO -  Previous state of the Task instance: queued
[2026-03-18T16:52:10.102+0000] {logging_mixin.py:190} INFO - Current task name:combine_csv state:running start_date:2026-03-18 16:52:09.745117+00:00
[2026-03-18T16:52:10.103+0000] {logging_mixin.py:190} INFO - Dag name:dag_get_data_from_yf and current dag run status:running
[2026-03-18T16:52:10.103+0000] {taskinstance.py:740} INFO - ::endgroup::
[2026-03-18T16:52:10.160+0000] {logging_mixin.py:190} INFO - Berhasil menggabungkan data ke /opt/***/scripts/saham_indonesia_all.csv
[2026-03-18T16:52:10.160+0000] {python.py:240} INFO - Done. Returned value was: /opt/***/scripts/saham_indonesia_all.csv
[2026-03-18T16:52:10.216+0000] {taskinstance.py:349} INFO - ::group::Post task execution logs
[2026-03-18T16:52:10.217+0000] {taskinstance.py:361} INFO - Marking task as SUCCESS. dag_id=dag_get_data_from_yf, task_id=combine_csv, run_id=scheduled__2026-03-17T01:00:00+00:00, execution_date=20260317T010000, start_date=20260318T165209, end_date=20260318T165210
[2026-03-18T16:52:10.271+0000] {logging_mixin.py:190} INFO - Task instance in success state
[2026-03-18T16:52:10.272+0000] {logging_mixin.py:190} INFO -  Previous state of the Task instance: running
[2026-03-18T16:52:10.273+0000] {logging_mixin.py:190} INFO - Dag name:dag_get_data_from_yf queued_at:2026-03-18 16:51:26.190218+00:00
[2026-03-18T16:52:10.273+0000] {logging_mixin.py:190} INFO - Task hostname:f1613c7ed19d operator:_PythonDecoratedOperator
[2026-03-18T16:52:10.294+0000] {local_task_job_runner.py:266} INFO - Task exited with return code 0
[2026-03-18T16:52:10.371+0000] {taskinstance.py:3924} INFO - 1 downstream tasks scheduled from follow-on schedule check
[2026-03-18T16:52:10.376+0000] {local_task_job_runner.py:245} INFO - ::endgroup::
