[2026-03-25T03:08:33.129+0000] {local_task_job_runner.py:123} INFO - ::group::Pre task execution logs
[2026-03-25T03:08:33.424+0000] {taskinstance.py:2631} INFO - Dependencies all met for dep_context=non-requeueable deps ti=<TaskInstance: dag_get_data_from_yf.insert_data_task manual__2026-03-25T03:05:53+00:00 map_index=0 [queued]>
[2026-03-25T03:08:33.521+0000] {taskinstance.py:2631} INFO - Dependencies all met for dep_context=requeueable deps ti=<TaskInstance: dag_get_data_from_yf.insert_data_task manual__2026-03-25T03:05:53+00:00 map_index=0 [queued]>
[2026-03-25T03:08:33.522+0000] {taskinstance.py:2884} INFO - Starting attempt 1 of 1
[2026-03-25T03:08:33.719+0000] {taskinstance.py:2907} INFO - Executing <Mapped(SQLExecuteQueryOperator): insert_data_task> on 2026-03-25 03:05:53+00:00
[2026-03-25T03:08:33.783+0000] {warnings.py:112} WARNING - /home/***/.local/lib/python3.12/site-packages/***/task/task_runner/standard_task_runner.py:70: DeprecationWarning: This process (pid=556) is multi-threaded, use of fork() may lead to deadlocks in the child.
  pid = os.fork()

[2026-03-25T03:08:33.805+0000] {standard_task_runner.py:72} INFO - Started process 622 to run task
[2026-03-25T03:08:33.809+0000] {standard_task_runner.py:104} INFO - Running: ['***', 'tasks', 'run', 'dag_get_data_from_yf', 'insert_data_task', 'manual__2026-03-25T03:05:53+00:00', '--job-id', '2708', '--raw', '--subdir', 'DAGS_FOLDER/get_finance_yf_csv.py', '--cfg-path', '/tmp/tmpjnun_i7g', '--map-index', '0']
[2026-03-25T03:08:33.818+0000] {standard_task_runner.py:105} INFO - Job 2708: Subtask insert_data_task
[2026-03-25T03:08:34.173+0000] {task_command.py:467} INFO - Running <TaskInstance: dag_get_data_from_yf.insert_data_task manual__2026-03-25T03:05:53+00:00 map_index=0 [running]> on host 2cd601aaa810
[2026-03-25T03:08:35.322+0000] {taskinstance.py:3157} INFO - Exporting env vars: AIRFLOW_CTX_DAG_OWNER='***' AIRFLOW_CTX_DAG_ID='dag_get_data_from_yf' AIRFLOW_CTX_TASK_ID='insert_data_task' AIRFLOW_CTX_EXECUTION_DATE='2026-03-25T03:05:53+00:00' AIRFLOW_CTX_TRY_NUMBER='1' AIRFLOW_CTX_DAG_RUN_ID='manual__2026-03-25T03:05:53+00:00'
[2026-03-25T03:08:35.326+0000] {logging_mixin.py:190} INFO - Task instance is in running state
[2026-03-25T03:08:35.328+0000] {logging_mixin.py:190} INFO -  Previous state of the Task instance: queued
[2026-03-25T03:08:35.329+0000] {logging_mixin.py:190} INFO - Current task name:insert_data_task state:running start_date:2026-03-25 03:08:33.424896+00:00
[2026-03-25T03:08:35.329+0000] {logging_mixin.py:190} INFO - Dag name:dag_get_data_from_yf and current dag run status:running
[2026-03-25T03:08:35.329+0000] {taskinstance.py:740} INFO - ::endgroup::
[2026-03-25T03:08:35.330+0000] {sql.py:410} INFO - Executing:  INSERT INTO indonesian_stocks (date, ticker, close, high, low, open, inserted_at_timestamp_wib) 
                VALUES ('2026-03-25', 'BBCA.JK', '6825.0', '6850.0', '6675.0', '6675.0', '2026-03-25 09:49:02' )
                ON CONFLICT (date, ticker) DO NOTHING; 
[2026-03-25T03:08:35.331+0000] {crypto.py:82} WARNING - empty cryptography key - values will not be stored encrypted.
[2026-03-25T03:08:35.332+0000] {base.py:84} INFO - Retrieving connection 'db_custom'
[2026-03-25T03:08:35.348+0000] {base.py:84} INFO - Retrieving connection 'db_custom'
[2026-03-25T03:08:35.383+0000] {sql.py:861} INFO - Running statement:  INSERT INTO indonesian_stocks (date, ticker, close, high, low, open, inserted_at_timestamp_wib) 
                VALUES ('2026-03-25', 'BBCA.JK', '6825.0', '6850.0', '6675.0', '6675.0', '2026-03-25 09:49:02' )
                ON CONFLICT (date, ticker) DO NOTHING; , parameters: None
[2026-03-25T03:08:35.395+0000] {sql.py:879} INFO - Rows affected: 0
[2026-03-25T03:08:35.472+0000] {taskinstance.py:349} INFO - ::group::Post task execution logs
[2026-03-25T03:08:35.474+0000] {taskinstance.py:361} INFO - Marking task as SUCCESS. dag_id=dag_get_data_from_yf, task_id=insert_data_task, run_id=manual__2026-03-25T03:05:53+00:00, map_index=0, execution_date=20260325T030553, start_date=20260325T030833, end_date=20260325T030835
[2026-03-25T03:08:35.567+0000] {logging_mixin.py:190} INFO - Task instance in success state
[2026-03-25T03:08:35.568+0000] {logging_mixin.py:190} INFO -  Previous state of the Task instance: running
[2026-03-25T03:08:35.569+0000] {logging_mixin.py:190} INFO - Dag name:dag_get_data_from_yf queued_at:2026-03-25 03:06:04.300731+00:00
[2026-03-25T03:08:35.569+0000] {logging_mixin.py:190} INFO - Task hostname:2cd601aaa810 operator:SQLExecuteQueryOperator
[2026-03-25T03:08:35.594+0000] {local_task_job_runner.py:266} INFO - Task exited with return code 0
[2026-03-25T03:08:35.661+0000] {taskinstance.py:3924} INFO - 0 downstream tasks scheduled from follow-on schedule check
[2026-03-25T03:08:35.671+0000] {local_task_job_runner.py:245} INFO - ::endgroup::
