[2026-03-11T02:30:21.408+0000] {local_task_job_runner.py:123} INFO - ::group::Pre task execution logs
[2026-03-11T02:30:21.472+0000] {taskinstance.py:2631} INFO - Dependencies all met for dep_context=non-requeueable deps ti=<TaskInstance: dag_get_data_from_yf.get_csv_high scheduled__2026-03-11T02:29:00+00:00 [queued]>
[2026-03-11T02:30:21.494+0000] {taskinstance.py:2631} INFO - Dependencies all met for dep_context=requeueable deps ti=<TaskInstance: dag_get_data_from_yf.get_csv_high scheduled__2026-03-11T02:29:00+00:00 [queued]>
[2026-03-11T02:30:21.495+0000] {taskinstance.py:2884} INFO - Starting attempt 1 of 1
[2026-03-11T02:30:21.533+0000] {taskinstance.py:2907} INFO - Executing <Task(_PythonDecoratedOperator): get_csv_high> on 2026-03-11 02:29:00+00:00
[2026-03-11T02:30:21.585+0000] {warnings.py:112} WARNING - /home/***/.local/lib/python3.12/site-packages/***/task/task_runner/standard_task_runner.py:70: DeprecationWarning: This process (pid=463) is multi-threaded, use of fork() may lead to deadlocks in the child.
  pid = os.fork()

[2026-03-11T02:30:21.590+0000] {standard_task_runner.py:72} INFO - Started process 473 to run task
[2026-03-11T02:30:21.600+0000] {standard_task_runner.py:104} INFO - Running: ['***', 'tasks', 'run', 'dag_get_data_from_yf', 'get_csv_high', 'scheduled__2026-03-11T02:29:00+00:00', '--job-id', '9710', '--raw', '--subdir', 'DAGS_FOLDER/get_finance_yf_csv.py', '--cfg-path', '/tmp/tmpl7kby1l7']
[2026-03-11T02:30:21.602+0000] {standard_task_runner.py:105} INFO - Job 9710: Subtask get_csv_high
[2026-03-11T02:30:21.754+0000] {task_command.py:467} INFO - Running <TaskInstance: dag_get_data_from_yf.get_csv_high scheduled__2026-03-11T02:29:00+00:00 [running]> on host b6fa9e600b7b
[2026-03-11T02:30:22.303+0000] {taskinstance.py:3157} INFO - Exporting env vars: AIRFLOW_CTX_DAG_OWNER='***' AIRFLOW_CTX_DAG_ID='dag_get_data_from_yf' AIRFLOW_CTX_TASK_ID='get_csv_high' AIRFLOW_CTX_EXECUTION_DATE='2026-03-11T02:29:00+00:00' AIRFLOW_CTX_TRY_NUMBER='1' AIRFLOW_CTX_DAG_RUN_ID='scheduled__2026-03-11T02:29:00+00:00'
[2026-03-11T02:30:22.307+0000] {logging_mixin.py:190} INFO - Task instance is in running state
[2026-03-11T02:30:22.307+0000] {logging_mixin.py:190} INFO -  Previous state of the Task instance: queued
[2026-03-11T02:30:22.308+0000] {logging_mixin.py:190} INFO - Current task name:get_csv_high state:running start_date:2026-03-11 02:30:21.473652+00:00
[2026-03-11T02:30:22.308+0000] {logging_mixin.py:190} INFO - Dag name:dag_get_data_from_yf and current dag run status:running
[2026-03-11T02:30:22.309+0000] {taskinstance.py:740} INFO - ::endgroup::
[2026-03-11T02:30:22.323+0000] {logging_mixin.py:190} INFO - None
[2026-03-11T02:30:22.323+0000] {python.py:240} INFO - Done. Returned value was: /opt/***/scripts/saham_indonesia_high.csv
[2026-03-11T02:30:22.411+0000] {taskinstance.py:349} INFO - ::group::Post task execution logs
[2026-03-11T02:30:22.412+0000] {taskinstance.py:361} INFO - Marking task as SUCCESS. dag_id=dag_get_data_from_yf, task_id=get_csv_high, run_id=scheduled__2026-03-11T02:29:00+00:00, execution_date=20260311T022900, start_date=20260311T023021, end_date=20260311T023022
[2026-03-11T02:30:22.559+0000] {logging_mixin.py:190} INFO - Task instance in success state
[2026-03-11T02:30:22.560+0000] {logging_mixin.py:190} INFO -  Previous state of the Task instance: running
[2026-03-11T02:30:22.560+0000] {logging_mixin.py:190} INFO - Dag name:dag_get_data_from_yf queued_at:2026-03-11 02:30:00.814252+00:00
[2026-03-11T02:30:22.561+0000] {logging_mixin.py:190} INFO - Task hostname:b6fa9e600b7b operator:_PythonDecoratedOperator
[2026-03-11T02:30:22.605+0000] {local_task_job_runner.py:266} INFO - Task exited with return code 0
[2026-03-11T02:30:22.683+0000] {taskinstance.py:3924} INFO - 0 downstream tasks scheduled from follow-on schedule check
[2026-03-11T02:30:22.687+0000] {local_task_job_runner.py:245} INFO - ::endgroup::
