[2026-03-11T03:29:05.436+0000] {local_task_job_runner.py:123} INFO - ::group::Pre task execution logs
[2026-03-11T03:29:05.475+0000] {taskinstance.py:2631} INFO - Dependencies all met for dep_context=non-requeueable deps ti=<TaskInstance: dag_get_data_from_yf.get_data_from_yf scheduled__2026-03-11T03:28:00+00:00 [queued]>
[2026-03-11T03:29:05.488+0000] {taskinstance.py:2631} INFO - Dependencies all met for dep_context=requeueable deps ti=<TaskInstance: dag_get_data_from_yf.get_data_from_yf scheduled__2026-03-11T03:28:00+00:00 [queued]>
[2026-03-11T03:29:05.488+0000] {taskinstance.py:2884} INFO - Starting attempt 1 of 1
[2026-03-11T03:29:05.507+0000] {taskinstance.py:2907} INFO - Executing <Task(_PythonDecoratedOperator): get_data_from_yf> on 2026-03-11 03:28:00+00:00
[2026-03-11T03:29:05.524+0000] {warnings.py:112} WARNING - /home/***/.local/lib/python3.12/site-packages/***/task/task_runner/standard_task_runner.py:70: DeprecationWarning: This process (pid=2224) is multi-threaded, use of fork() may lead to deadlocks in the child.
  pid = os.fork()

[2026-03-11T03:29:05.526+0000] {standard_task_runner.py:72} INFO - Started process 2229 to run task
[2026-03-11T03:29:05.527+0000] {standard_task_runner.py:104} INFO - Running: ['***', 'tasks', 'run', 'dag_get_data_from_yf', 'get_data_from_yf', 'scheduled__2026-03-11T03:28:00+00:00', '--job-id', '10105', '--raw', '--subdir', 'DAGS_FOLDER/get_finance_yf_csv.py', '--cfg-path', '/tmp/tmp43erscrr']
[2026-03-11T03:29:05.529+0000] {standard_task_runner.py:105} INFO - Job 10105: Subtask get_data_from_yf
[2026-03-11T03:29:05.616+0000] {task_command.py:467} INFO - Running <TaskInstance: dag_get_data_from_yf.get_data_from_yf scheduled__2026-03-11T03:28:00+00:00 [running]> on host ea47c22639fa
[2026-03-11T03:29:05.766+0000] {taskinstance.py:3157} INFO - Exporting env vars: AIRFLOW_CTX_DAG_OWNER='***' AIRFLOW_CTX_DAG_ID='dag_get_data_from_yf' AIRFLOW_CTX_TASK_ID='get_data_from_yf' AIRFLOW_CTX_EXECUTION_DATE='2026-03-11T03:28:00+00:00' AIRFLOW_CTX_TRY_NUMBER='1' AIRFLOW_CTX_DAG_RUN_ID='scheduled__2026-03-11T03:28:00+00:00'
[2026-03-11T03:29:05.768+0000] {logging_mixin.py:190} INFO - Task instance is in running state
[2026-03-11T03:29:05.768+0000] {logging_mixin.py:190} INFO -  Previous state of the Task instance: queued
[2026-03-11T03:29:05.769+0000] {logging_mixin.py:190} INFO - Current task name:get_data_from_yf state:running start_date:2026-03-11 03:29:05.475700+00:00
[2026-03-11T03:29:05.769+0000] {logging_mixin.py:190} INFO - Dag name:dag_get_data_from_yf and current dag run status:running
[2026-03-11T03:29:05.769+0000] {taskinstance.py:740} INFO - ::endgroup::
[2026-03-11T03:29:05.770+0000] {logging_mixin.py:190} INFO - Ini string user: None
[2026-03-11T03:29:06.330+0000] {logging_mixin.py:190} WARNING - [                       0%                       ]
[2026-03-11T03:29:06.344+0000] {logging_mixin.py:190} WARNING - [**********************67%*******                ]  2 of 3 completed
[2026-03-11T03:29:06.361+0000] {logging_mixin.py:190} WARNING - [*********************100%***********************]  3 of 3 completed
[2026-03-11T03:29:06.380+0000] {logging_mixin.py:190} INFO - None
[2026-03-11T03:29:06.381+0000] {python.py:240} INFO - Done. Returned value was: Price             Close               ...         Open             
Ticker          BBCA.JK      BBRI.JK  ...      BBRI.JK      BMRI.JK
Date                                  ...                          
2025-03-11  8601.719727  3452.319336  ...  3370.338138  4141.286976
2025-03-12  8794.475586  3543.409424  ...  3470.537251  4230.347080
2025-03-13  8649.909180  3461.428223  ...  3607.172569  4399.560788
2025-03-14  8433.058594  3415.883301  ...  3415.883301  4132.380983
2025-03-17  8288.492188  3488.755127  ...  3443.210021  4221.440843
...                 ...          ...  ...          ...          ...
2026-03-05  7100.000000  3750.000000  ...  3720.000000  5025.000000
2026-03-06  7000.000000  3670.000000  ...  3750.000000  5075.000000
2026-03-09  6875.000000  3570.000000  ...  3590.000000  4800.000000
2026-03-10  6975.000000  3560.000000  ...  3600.000000  4920.000000
2026-03-11  6950.000000  3580.000000  ...  3580.000000  4930.000000

[237 rows x 12 columns]
[2026-03-11T03:29:06.494+0000] {taskinstance.py:349} INFO - ::group::Post task execution logs
[2026-03-11T03:29:06.495+0000] {taskinstance.py:361} INFO - Marking task as SUCCESS. dag_id=dag_get_data_from_yf, task_id=get_data_from_yf, run_id=scheduled__2026-03-11T03:28:00+00:00, execution_date=20260311T032800, start_date=20260311T032905, end_date=20260311T032906
[2026-03-11T03:29:06.549+0000] {logging_mixin.py:190} INFO - Task instance in success state
[2026-03-11T03:29:06.550+0000] {logging_mixin.py:190} INFO -  Previous state of the Task instance: running
[2026-03-11T03:29:06.550+0000] {logging_mixin.py:190} INFO - Dag name:dag_get_data_from_yf queued_at:2026-03-11 03:29:00.248348+00:00
[2026-03-11T03:29:06.550+0000] {logging_mixin.py:190} INFO - Task hostname:ea47c22639fa operator:_PythonDecoratedOperator
[2026-03-11T03:29:06.571+0000] {local_task_job_runner.py:266} INFO - Task exited with return code 0
[2026-03-11T03:29:06.630+0000] {taskinstance.py:3924} INFO - 4 downstream tasks scheduled from follow-on schedule check
[2026-03-11T03:29:06.634+0000] {local_task_job_runner.py:245} INFO - ::endgroup::
