[2026-03-06T15:01:43.448+0000] {local_task_job_runner.py:123} INFO - ::group::Pre task execution logs
[2026-03-06T15:01:43.521+0000] {taskinstance.py:2631} INFO - Dependencies all met for dep_context=non-requeueable deps ti=<TaskInstance: execute_shell_script.execute_script_first scheduled__2026-03-06T15:00:00+00:00 [queued]>
[2026-03-06T15:01:43.557+0000] {taskinstance.py:2631} INFO - Dependencies all met for dep_context=requeueable deps ti=<TaskInstance: execute_shell_script.execute_script_first scheduled__2026-03-06T15:00:00+00:00 [queued]>
[2026-03-06T15:01:43.558+0000] {taskinstance.py:2884} INFO - Starting attempt 1 of 1
[2026-03-06T15:01:43.591+0000] {taskinstance.py:2907} INFO - Executing <Task(BashOperator): execute_script_first> on 2026-03-06 15:00:00+00:00
[2026-03-06T15:01:43.608+0000] {warnings.py:112} WARNING - /home/***/.local/lib/python3.12/site-packages/***/task/task_runner/standard_task_runner.py:70: DeprecationWarning: This process (pid=189) is multi-threaded, use of fork() may lead to deadlocks in the child.
  pid = os.fork()

[2026-03-06T15:01:43.613+0000] {standard_task_runner.py:72} INFO - Started process 228 to run task
[2026-03-06T15:01:43.630+0000] {standard_task_runner.py:104} INFO - Running: ['***', 'tasks', 'run', 'execute_shell_script', 'execute_script_first', 'scheduled__2026-03-06T15:00:00+00:00', '--job-id', '3103', '--raw', '--subdir', 'DAGS_FOLDER/executeShellScript.py', '--cfg-path', '/tmp/tmp0j5izdcd']
[2026-03-06T15:01:43.643+0000] {standard_task_runner.py:105} INFO - Job 3103: Subtask execute_script_first
[2026-03-06T15:01:43.902+0000] {task_command.py:467} INFO - Running <TaskInstance: execute_shell_script.execute_script_first scheduled__2026-03-06T15:00:00+00:00 [running]> on host 450e3c808cfd
[2026-03-06T15:01:44.255+0000] {taskinstance.py:3157} INFO - Exporting env vars: AIRFLOW_CTX_DAG_OWNER='***' AIRFLOW_CTX_DAG_ID='execute_shell_script' AIRFLOW_CTX_TASK_ID='execute_script_first' AIRFLOW_CTX_EXECUTION_DATE='2026-03-06T15:00:00+00:00' AIRFLOW_CTX_TRY_NUMBER='1' AIRFLOW_CTX_DAG_RUN_ID='scheduled__2026-03-06T15:00:00+00:00'
[2026-03-06T15:01:44.257+0000] {logging_mixin.py:190} INFO - Task instance is in running state
[2026-03-06T15:01:44.280+0000] {logging_mixin.py:190} INFO -  Previous state of the Task instance: queued
[2026-03-06T15:01:44.281+0000] {logging_mixin.py:190} INFO - Current task name:execute_script_first state:running start_date:2026-03-06 15:01:43.522110+00:00
[2026-03-06T15:01:44.291+0000] {logging_mixin.py:190} INFO - Dag name:execute_shell_script and current dag run status:running
[2026-03-06T15:01:44.294+0000] {taskinstance.py:740} INFO - ::endgroup::
[2026-03-06T15:01:44.296+0000] {subprocess.py:78} INFO - Tmp dir root location: /tmp
[2026-03-06T15:01:44.299+0000] {subprocess.py:88} INFO - Running command: ['/usr/bin/bash', '-c', 'sh /opt/***/scripts/SampleShellScript.sh /opt/***/scripts/task_output1.txt']
[2026-03-06T15:01:44.394+0000] {subprocess.py:99} INFO - Output:
[2026-03-06T15:01:44.403+0000] {subprocess.py:106} INFO - File '/opt/***/scripts/task_output1.txt' dibuat dengan sample text.
[2026-03-06T15:01:44.404+0000] {subprocess.py:110} INFO - Command exited with return code 0
[2026-03-06T15:01:44.551+0000] {taskinstance.py:349} INFO - ::group::Post task execution logs
[2026-03-06T15:01:44.555+0000] {taskinstance.py:361} INFO - Marking task as SUCCESS. dag_id=execute_shell_script, task_id=execute_script_first, run_id=scheduled__2026-03-06T15:00:00+00:00, execution_date=20260306T150000, start_date=20260306T150143, end_date=20260306T150144
[2026-03-06T15:01:44.692+0000] {logging_mixin.py:190} INFO - Task instance in success state
[2026-03-06T15:01:44.696+0000] {logging_mixin.py:190} INFO -  Previous state of the Task instance: running
[2026-03-06T15:01:44.697+0000] {logging_mixin.py:190} INFO - Dag name:execute_shell_script queued_at:2026-03-06 15:01:32.929857+00:00
[2026-03-06T15:01:44.697+0000] {logging_mixin.py:190} INFO - Task hostname:450e3c808cfd operator:BashOperator
[2026-03-06T15:01:44.765+0000] {local_task_job_runner.py:266} INFO - Task exited with return code 0
[2026-03-06T15:01:44.876+0000] {taskinstance.py:3924} INFO - 1 downstream tasks scheduled from follow-on schedule check
[2026-03-06T15:01:44.889+0000] {local_task_job_runner.py:245} INFO - ::endgroup::
