[2026-03-27T01:25:04.254+0000] {local_task_job_runner.py:123} INFO - ::group::Pre task execution logs
[2026-03-27T01:25:04.524+0000] {taskinstance.py:2631} INFO - Dependencies all met for dep_context=non-requeueable deps ti=<TaskInstance: dag_get_data_from_yf.insert_data_task manual__2026-03-27T01:20:31+00:00 map_index=29 [queued]>
[2026-03-27T01:25:04.672+0000] {taskinstance.py:2631} INFO - Dependencies all met for dep_context=requeueable deps ti=<TaskInstance: dag_get_data_from_yf.insert_data_task manual__2026-03-27T01:20:31+00:00 map_index=29 [queued]>
[2026-03-27T01:25:04.674+0000] {taskinstance.py:2884} INFO - Starting attempt 1 of 1
[2026-03-27T01:25:04.859+0000] {taskinstance.py:2907} INFO - Executing <Mapped(SQLExecuteQueryOperator): insert_data_task> on 2026-03-27 01:20:31+00:00
[2026-03-27T01:25:04.952+0000] {logging_mixin.py:190} WARNING - /home/***/.local/lib/python3.12/site-packages/***/task/task_runner/standard_task_runner.py:70 DeprecationWarning: This process (pid=2587) is multi-threaded, use of fork() may lead to deadlocks in the child.
[2026-03-27T01:25:04.960+0000] {standard_task_runner.py:72} INFO - Started process 2753 to run task
[2026-03-27T01:25:05.070+0000] {standard_task_runner.py:104} INFO - Running: ['***', 'tasks', 'run', 'dag_get_data_from_yf', 'insert_data_task', 'manual__2026-03-27T01:20:31+00:00', '--job-id', '385', '--raw', '--subdir', 'DAGS_FOLDER/get_finance_yf_csv.py', '--cfg-path', '/tmp/tmpljvuwg97', '--map-index', '29']
[2026-03-27T01:25:05.073+0000] {standard_task_runner.py:105} INFO - Job 385: Subtask insert_data_task
[2026-03-27T01:25:05.692+0000] {task_command.py:467} INFO - Running <TaskInstance: dag_get_data_from_yf.insert_data_task manual__2026-03-27T01:20:31+00:00 map_index=29 [running]> on host 1f539bb0369f
[2026-03-27T01:25:06.928+0000] {taskinstance.py:3157} INFO - Exporting env vars: AIRFLOW_CTX_DAG_OWNER='***' AIRFLOW_CTX_DAG_ID='dag_get_data_from_yf' AIRFLOW_CTX_TASK_ID='insert_data_task' AIRFLOW_CTX_EXECUTION_DATE='2026-03-27T01:20:31+00:00' AIRFLOW_CTX_TRY_NUMBER='1' AIRFLOW_CTX_DAG_RUN_ID='manual__2026-03-27T01:20:31+00:00'
[2026-03-27T01:25:06.944+0000] {taskinstance.py:740} INFO - ::endgroup::
[2026-03-27T01:25:06.965+0000] {sql.py:410} INFO - Executing:  INSERT INTO indonesian_stocks (date, ticker, close, high, low, open, inserted_at_timestamp_wib) 
                VALUES ('2026-03-12', 'BMRI.JK', '4960.0', '4980.0', '4870.0', '4870.0', '2026-03-27 08:20:51' )
                ON CONFLICT (date, ticker) DO NOTHING; 
[2026-03-27T01:25:06.968+0000] {crypto.py:82} WARNING - empty cryptography key - values will not be stored encrypted.
[2026-03-27T01:25:06.970+0000] {base.py:84} INFO - Retrieving connection 'db_custom'
[2026-03-27T01:25:07.008+0000] {base.py:84} INFO - Retrieving connection 'db_custom'
[2026-03-27T01:25:07.044+0000] {sql.py:861} INFO - Running statement:  INSERT INTO indonesian_stocks (date, ticker, close, high, low, open, inserted_at_timestamp_wib) 
                VALUES ('2026-03-12', 'BMRI.JK', '4960.0', '4980.0', '4870.0', '4870.0', '2026-03-27 08:20:51' )
                ON CONFLICT (date, ticker) DO NOTHING; , parameters: None
[2026-03-27T01:25:07.061+0000] {sql.py:879} INFO - Rows affected: 1
[2026-03-27T01:25:07.163+0000] {taskinstance.py:349} INFO - ::group::Post task execution logs
[2026-03-27T01:25:07.164+0000] {taskinstance.py:361} INFO - Marking task as SUCCESS. dag_id=dag_get_data_from_yf, task_id=insert_data_task, run_id=manual__2026-03-27T01:20:31+00:00, map_index=29, execution_date=20260327T012031, start_date=20260327T012504, end_date=20260327T012507
[2026-03-27T01:25:07.442+0000] {local_task_job_runner.py:266} INFO - Task exited with return code 0
[2026-03-27T01:25:07.595+0000] {taskinstance.py:3924} INFO - 0 downstream tasks scheduled from follow-on schedule check
[2026-03-27T01:25:07.625+0000] {local_task_job_runner.py:245} INFO - ::endgroup::
