[2026-03-09T03:46:20.535+0000] {local_task_job_runner.py:123} INFO - ::group::Pre task execution logs
[2026-03-09T03:46:20.608+0000] {taskinstance.py:2631} INFO - Dependencies all met for dep_context=non-requeueable deps ti=<TaskInstance: dag_get_data_from_yf.combine_csv scheduled__2026-03-09T03:42:00+00:00 [queued]>
[2026-03-09T03:46:20.632+0000] {taskinstance.py:2631} INFO - Dependencies all met for dep_context=requeueable deps ti=<TaskInstance: dag_get_data_from_yf.combine_csv scheduled__2026-03-09T03:42:00+00:00 [queued]>
[2026-03-09T03:46:20.633+0000] {taskinstance.py:2884} INFO - Starting attempt 1 of 1
[2026-03-09T03:46:20.662+0000] {taskinstance.py:2907} INFO - Executing <Task(_PythonDecoratedOperator): combine_csv> on 2026-03-09 03:42:00+00:00
[2026-03-09T03:46:20.678+0000] {warnings.py:112} WARNING - /home/***/.local/lib/python3.12/site-packages/***/task/task_runner/standard_task_runner.py:70: DeprecationWarning: This process (pid=284) is multi-threaded, use of fork() may lead to deadlocks in the child.
  pid = os.fork()

[2026-03-09T03:46:20.681+0000] {standard_task_runner.py:72} INFO - Started process 308 to run task
[2026-03-09T03:46:20.685+0000] {standard_task_runner.py:104} INFO - Running: ['***', 'tasks', 'run', 'dag_get_data_from_yf', 'combine_csv', 'scheduled__2026-03-09T03:42:00+00:00', '--job-id', '5675', '--raw', '--subdir', 'DAGS_FOLDER/get_finance_yf_csv.py', '--cfg-path', '/tmp/tmpyap5r7lc']
[2026-03-09T03:46:20.687+0000] {standard_task_runner.py:105} INFO - Job 5675: Subtask combine_csv
[2026-03-09T03:46:20.805+0000] {task_command.py:467} INFO - Running <TaskInstance: dag_get_data_from_yf.combine_csv scheduled__2026-03-09T03:42:00+00:00 [running]> on host e96756f86073
[2026-03-09T03:46:21.156+0000] {taskinstance.py:3157} INFO - Exporting env vars: AIRFLOW_CTX_DAG_OWNER='***' AIRFLOW_CTX_DAG_ID='dag_get_data_from_yf' AIRFLOW_CTX_TASK_ID='combine_csv' AIRFLOW_CTX_EXECUTION_DATE='2026-03-09T03:42:00+00:00' AIRFLOW_CTX_TRY_NUMBER='1' AIRFLOW_CTX_DAG_RUN_ID='scheduled__2026-03-09T03:42:00+00:00'
[2026-03-09T03:46:21.159+0000] {logging_mixin.py:190} INFO - Task instance is in running state
[2026-03-09T03:46:21.159+0000] {logging_mixin.py:190} INFO -  Previous state of the Task instance: queued
[2026-03-09T03:46:21.160+0000] {logging_mixin.py:190} INFO - Current task name:combine_csv state:running start_date:2026-03-09 03:46:20.608849+00:00
[2026-03-09T03:46:21.161+0000] {logging_mixin.py:190} INFO - Dag name:dag_get_data_from_yf and current dag run status:running
[2026-03-09T03:46:21.161+0000] {taskinstance.py:740} INFO - ::endgroup::
[2026-03-09T03:46:21.206+0000] {logging_mixin.py:190} INFO - a:  Empty DataFrame
Columns: []
Index: []
[2026-03-09T03:46:21.211+0000] {logging_mixin.py:190} INFO - b:  None
[2026-03-09T03:46:21.212+0000] {python.py:240} INFO - Done. Returned value was: /opt/***/scripts/saham_indonesia_all.csv
[2026-03-09T03:46:21.334+0000] {taskinstance.py:349} INFO - ::group::Post task execution logs
[2026-03-09T03:46:21.337+0000] {taskinstance.py:361} INFO - Marking task as SUCCESS. dag_id=dag_get_data_from_yf, task_id=combine_csv, run_id=scheduled__2026-03-09T03:42:00+00:00, execution_date=20260309T034200, start_date=20260309T034620, end_date=20260309T034621
[2026-03-09T03:46:21.477+0000] {logging_mixin.py:190} INFO - Task instance in success state
[2026-03-09T03:46:21.478+0000] {logging_mixin.py:190} INFO -  Previous state of the Task instance: running
[2026-03-09T03:46:21.478+0000] {logging_mixin.py:190} INFO - Dag name:dag_get_data_from_yf queued_at:2026-03-09 03:45:06.594970+00:00
[2026-03-09T03:46:21.478+0000] {logging_mixin.py:190} INFO - Task hostname:e96756f86073 operator:_PythonDecoratedOperator
[2026-03-09T03:46:21.511+0000] {local_task_job_runner.py:266} INFO - Task exited with return code 0
[2026-03-09T03:46:21.667+0000] {taskinstance.py:3924} INFO - 1 downstream tasks scheduled from follow-on schedule check
[2026-03-09T03:46:21.697+0000] {local_task_job_runner.py:245} INFO - ::endgroup::
