[2026-03-25T01:57:21.725+0000] {local_task_job_runner.py:123} INFO - ::group::Pre task execution logs
[2026-03-25T01:57:21.772+0000] {taskinstance.py:2631} INFO - Dependencies all met for dep_context=non-requeueable deps ti=<TaskInstance: dag_get_data_from_yf.create_table_task manual__2026-03-25T01:56:35+00:00 [queued]>
[2026-03-25T01:57:21.788+0000] {taskinstance.py:2631} INFO - Dependencies all met for dep_context=requeueable deps ti=<TaskInstance: dag_get_data_from_yf.create_table_task manual__2026-03-25T01:56:35+00:00 [queued]>
[2026-03-25T01:57:21.788+0000] {taskinstance.py:2884} INFO - Starting attempt 1 of 1
[2026-03-25T01:57:21.811+0000] {taskinstance.py:2907} INFO - Executing <Task(SQLExecuteQueryOperator): create_table_task> on 2026-03-25 01:56:35+00:00
[2026-03-25T01:57:21.826+0000] {warnings.py:112} WARNING - /home/***/.local/lib/python3.12/site-packages/***/task/task_runner/standard_task_runner.py:70: DeprecationWarning: This process (pid=179) is multi-threaded, use of fork() may lead to deadlocks in the child.
  pid = os.fork()

[2026-03-25T01:57:21.829+0000] {standard_task_runner.py:72} INFO - Started process 181 to run task
[2026-03-25T01:57:21.833+0000] {standard_task_runner.py:104} INFO - Running: ['***', 'tasks', 'run', 'dag_get_data_from_yf', 'create_table_task', 'manual__2026-03-25T01:56:35+00:00', '--job-id', '2627', '--raw', '--subdir', 'DAGS_FOLDER/get_finance_yf_csv.py', '--cfg-path', '/tmp/tmpg2ssb9ie']
[2026-03-25T01:57:21.835+0000] {standard_task_runner.py:105} INFO - Job 2627: Subtask create_table_task
[2026-03-25T01:57:21.909+0000] {task_command.py:467} INFO - Running <TaskInstance: dag_get_data_from_yf.create_table_task manual__2026-03-25T01:56:35+00:00 [running]> on host 21c21559476b
[2026-03-25T01:57:22.027+0000] {taskinstance.py:3157} INFO - Exporting env vars: AIRFLOW_CTX_DAG_OWNER='***' AIRFLOW_CTX_DAG_ID='dag_get_data_from_yf' AIRFLOW_CTX_TASK_ID='create_table_task' AIRFLOW_CTX_EXECUTION_DATE='2026-03-25T01:56:35+00:00' AIRFLOW_CTX_TRY_NUMBER='1' AIRFLOW_CTX_DAG_RUN_ID='manual__2026-03-25T01:56:35+00:00'
[2026-03-25T01:57:22.029+0000] {logging_mixin.py:190} INFO - Task instance is in running state
[2026-03-25T01:57:22.029+0000] {logging_mixin.py:190} INFO -  Previous state of the Task instance: queued
[2026-03-25T01:57:22.030+0000] {logging_mixin.py:190} INFO - Current task name:create_table_task state:running start_date:2026-03-25 01:57:21.773357+00:00
[2026-03-25T01:57:22.030+0000] {logging_mixin.py:190} INFO - Dag name:dag_get_data_from_yf and current dag run status:running
[2026-03-25T01:57:22.030+0000] {taskinstance.py:740} INFO - ::endgroup::
[2026-03-25T01:57:22.031+0000] {sql.py:410} INFO - Executing:  CREATE TABLE IF NOT EXISTS indonesian_stocks (
                date DATE,
                ticker VARCHAR(7),
                close FLOAT,
                high FLOAT,
                low FLOAT,
                open FLOAT,
                inserted_at_timestamp_wib TIMESTAMP,
                PRIMARY KEY (date, ticker)
            ); 
[2026-03-25T01:57:22.034+0000] {crypto.py:82} WARNING - empty cryptography key - values will not be stored encrypted.
[2026-03-25T01:57:22.036+0000] {base.py:84} INFO - Retrieving connection 'db_custom'
[2026-03-25T01:57:22.056+0000] {base.py:84} INFO - Retrieving connection 'db_custom'
[2026-03-25T01:57:22.067+0000] {sql.py:861} INFO - Running statement:  CREATE TABLE IF NOT EXISTS indonesian_stocks (
                date DATE,
                ticker VARCHAR(7),
                close FLOAT,
                high FLOAT,
                low FLOAT,
                open FLOAT,
                inserted_at_timestamp_wib TIMESTAMP,
                PRIMARY KEY (date, ticker)
            ); , parameters: None
[2026-03-25T01:57:22.117+0000] {taskinstance.py:349} INFO - ::group::Post task execution logs
[2026-03-25T01:57:22.118+0000] {taskinstance.py:361} INFO - Marking task as SUCCESS. dag_id=dag_get_data_from_yf, task_id=create_table_task, run_id=manual__2026-03-25T01:56:35+00:00, execution_date=20260325T015635, start_date=20260325T015721, end_date=20260325T015722
[2026-03-25T01:57:22.158+0000] {logging_mixin.py:190} INFO - Task instance in success state
[2026-03-25T01:57:22.158+0000] {logging_mixin.py:190} INFO -  Previous state of the Task instance: running
[2026-03-25T01:57:22.158+0000] {logging_mixin.py:190} INFO - Dag name:dag_get_data_from_yf queued_at:2026-03-25 01:56:40.368585+00:00
[2026-03-25T01:57:22.159+0000] {logging_mixin.py:190} INFO - Task hostname:21c21559476b operator:SQLExecuteQueryOperator
[2026-03-25T01:57:22.170+0000] {local_task_job_runner.py:266} INFO - Task exited with return code 0
[2026-03-25T01:57:22.203+0000] {taskinstance.py:3924} INFO - 0 downstream tasks scheduled from follow-on schedule check
[2026-03-25T01:57:22.206+0000] {local_task_job_runner.py:245} INFO - ::endgroup::
