[2026-03-27T01:24:59.186+0000] {local_task_job_runner.py:123} INFO - ::group::Pre task execution logs
[2026-03-27T01:24:59.537+0000] {taskinstance.py:2631} INFO - Dependencies all met for dep_context=non-requeueable deps ti=<TaskInstance: dag_get_data_from_yf.insert_data_task manual__2026-03-27T01:20:31+00:00 map_index=18 [queued]>
[2026-03-27T01:24:59.601+0000] {taskinstance.py:2631} INFO - Dependencies all met for dep_context=requeueable deps ti=<TaskInstance: dag_get_data_from_yf.insert_data_task manual__2026-03-27T01:20:31+00:00 map_index=18 [queued]>
[2026-03-27T01:24:59.602+0000] {taskinstance.py:2884} INFO - Starting attempt 1 of 1
[2026-03-27T01:24:59.632+0000] {taskinstance.py:2907} INFO - Executing <Mapped(SQLExecuteQueryOperator): insert_data_task> on 2026-03-27 01:20:31+00:00
[2026-03-27T01:24:59.708+0000] {logging_mixin.py:190} WARNING - /home/***/.local/lib/python3.12/site-packages/***/task/task_runner/standard_task_runner.py:70 DeprecationWarning: This process (pid=2353) is multi-threaded, use of fork() may lead to deadlocks in the child.
[2026-03-27T01:24:59.711+0000] {standard_task_runner.py:72} INFO - Started process 2646 to run task
[2026-03-27T01:24:59.799+0000] {standard_task_runner.py:104} INFO - Running: ['***', 'tasks', 'run', 'dag_get_data_from_yf', 'insert_data_task', 'manual__2026-03-27T01:20:31+00:00', '--job-id', '376', '--raw', '--subdir', 'DAGS_FOLDER/get_finance_yf_csv.py', '--cfg-path', '/tmp/tmp3zg0s38o', '--map-index', '18']
[2026-03-27T01:24:59.803+0000] {standard_task_runner.py:105} INFO - Job 376: Subtask insert_data_task
[2026-03-27T01:25:00.328+0000] {task_command.py:467} INFO - Running <TaskInstance: dag_get_data_from_yf.insert_data_task manual__2026-03-27T01:20:31+00:00 map_index=18 [running]> on host 1f539bb0369f
[2026-03-27T01:25:01.673+0000] {taskinstance.py:3157} INFO - Exporting env vars: AIRFLOW_CTX_DAG_OWNER='***' AIRFLOW_CTX_DAG_ID='dag_get_data_from_yf' AIRFLOW_CTX_TASK_ID='insert_data_task' AIRFLOW_CTX_EXECUTION_DATE='2026-03-27T01:20:31+00:00' AIRFLOW_CTX_TRY_NUMBER='1' AIRFLOW_CTX_DAG_RUN_ID='manual__2026-03-27T01:20:31+00:00'
[2026-03-27T01:25:01.704+0000] {taskinstance.py:740} INFO - ::endgroup::
[2026-03-27T01:25:01.721+0000] {sql.py:410} INFO - Executing:  INSERT INTO indonesian_stocks (date, ticker, close, high, low, open, inserted_at_timestamp_wib) 
                VALUES ('2026-03-09', 'BBCA.JK', '6875.0', '6950.0', '6825.0', '6900.0', '2026-03-27 08:20:51' )
                ON CONFLICT (date, ticker) DO NOTHING; 
[2026-03-27T01:25:01.724+0000] {crypto.py:82} WARNING - empty cryptography key - values will not be stored encrypted.
[2026-03-27T01:25:01.726+0000] {base.py:84} INFO - Retrieving connection 'db_custom'
[2026-03-27T01:25:01.759+0000] {base.py:84} INFO - Retrieving connection 'db_custom'
[2026-03-27T01:25:01.813+0000] {sql.py:861} INFO - Running statement:  INSERT INTO indonesian_stocks (date, ticker, close, high, low, open, inserted_at_timestamp_wib) 
                VALUES ('2026-03-09', 'BBCA.JK', '6875.0', '6950.0', '6825.0', '6900.0', '2026-03-27 08:20:51' )
                ON CONFLICT (date, ticker) DO NOTHING; , parameters: None
[2026-03-27T01:25:01.850+0000] {sql.py:879} INFO - Rows affected: 1
[2026-03-27T01:25:02.006+0000] {taskinstance.py:349} INFO - ::group::Post task execution logs
[2026-03-27T01:25:02.019+0000] {taskinstance.py:361} INFO - Marking task as SUCCESS. dag_id=dag_get_data_from_yf, task_id=insert_data_task, run_id=manual__2026-03-27T01:20:31+00:00, map_index=18, execution_date=20260327T012031, start_date=20260327T012459, end_date=20260327T012502
[2026-03-27T01:25:02.516+0000] {local_task_job_runner.py:266} INFO - Task exited with return code 0
[2026-03-27T01:25:02.772+0000] {taskinstance.py:3924} INFO - 0 downstream tasks scheduled from follow-on schedule check
[2026-03-27T01:25:02.819+0000] {local_task_job_runner.py:245} INFO - ::endgroup::
