[2026-03-05T08:59:56.939+0000] {local_task_job_runner.py:123} INFO - ::group::Pre task execution logs
[2026-03-05T08:59:56.979+0000] {taskinstance.py:2631} INFO - Dependencies all met for dep_context=non-requeueable deps ti=<TaskInstance: dag_get_data_from_yf.read_csv_file manual__2026-03-05T08:59:33.761979+00:00 [queued]>
[2026-03-05T08:59:56.993+0000] {taskinstance.py:2631} INFO - Dependencies all met for dep_context=requeueable deps ti=<TaskInstance: dag_get_data_from_yf.read_csv_file manual__2026-03-05T08:59:33.761979+00:00 [queued]>
[2026-03-05T08:59:56.993+0000] {taskinstance.py:2884} INFO - Starting attempt 1 of 1
[2026-03-05T08:59:57.012+0000] {taskinstance.py:2907} INFO - Executing <Task(_PythonDecoratedOperator): read_csv_file> on 2026-03-05 08:59:33.761979+00:00
[2026-03-05T08:59:57.023+0000] {warnings.py:112} WARNING - /home/***/.local/lib/python3.12/site-packages/***/task/task_runner/standard_task_runner.py:70: DeprecationWarning: This process (pid=272) is multi-threaded, use of fork() may lead to deadlocks in the child.
  pid = os.fork()

[2026-03-05T08:59:57.025+0000] {standard_task_runner.py:72} INFO - Started process 274 to run task
[2026-03-05T08:59:57.027+0000] {standard_task_runner.py:104} INFO - Running: ['***', 'tasks', 'run', 'dag_get_data_from_yf', 'read_csv_file', 'manual__2026-03-05T08:59:33.761979+00:00', '--job-id', '1192', '--raw', '--subdir', 'DAGS_FOLDER/get_finance_yf_csv.py', '--cfg-path', '/tmp/tmpv6_8hjqv']
[2026-03-05T08:59:57.029+0000] {standard_task_runner.py:105} INFO - Job 1192: Subtask read_csv_file
[2026-03-05T08:59:57.117+0000] {task_command.py:467} INFO - Running <TaskInstance: dag_get_data_from_yf.read_csv_file manual__2026-03-05T08:59:33.761979+00:00 [running]> on host 900743e18e78
[2026-03-05T08:59:57.281+0000] {taskinstance.py:3157} INFO - Exporting env vars: AIRFLOW_CTX_DAG_OWNER='***' AIRFLOW_CTX_DAG_ID='dag_get_data_from_yf' AIRFLOW_CTX_TASK_ID='read_csv_file' AIRFLOW_CTX_EXECUTION_DATE='2026-03-05T08:59:33.761979+00:00' AIRFLOW_CTX_TRY_NUMBER='1' AIRFLOW_CTX_DAG_RUN_ID='manual__2026-03-05T08:59:33.761979+00:00'
[2026-03-05T08:59:57.283+0000] {logging_mixin.py:190} INFO - Task instance is in running state
[2026-03-05T08:59:57.284+0000] {logging_mixin.py:190} INFO -  Previous state of the Task instance: queued
[2026-03-05T08:59:57.284+0000] {logging_mixin.py:190} INFO - Current task name:read_csv_file state:running start_date:2026-03-05 08:59:56.980089+00:00
[2026-03-05T08:59:57.285+0000] {logging_mixin.py:190} INFO - Dag name:dag_get_data_from_yf and current dag run status:running
[2026-03-05T08:59:57.285+0000] {taskinstance.py:740} INFO - ::endgroup::
[2026-03-05T08:59:57.340+0000] {logging_mixin.py:190} INFO -          ASII.JK      BBCA.JK      BBRI.JK  GOTO.JK      TLKM.JK      UNVR.JK
0    4511.918945  8674.002930  3497.864258     82.0  2271.119385  1050.323242
1    4511.918945  8649.909180  3598.063477     82.0  2224.770020  1069.079102
2    4539.542969  8601.719727  3470.537354     86.0  2234.039795  1125.346313
3    4392.214844  8601.719727  3424.992188     85.0  2215.500000  1106.590576
4    4419.838867  8601.719727  3452.319336     80.0  2196.960205  1115.968384
..           ...          ...          ...      ...          ...          ...
232  6675.000000  7175.000000  3910.000000     61.0  3540.000000  2380.000000
233  6300.000000  7025.000000  3820.000000     59.0  3450.000000  2250.000000
234  6275.000000  7075.000000  3770.000000     58.0  3450.000000  2080.000000
235  6150.000000  6875.000000  3690.000000     57.0  3200.000000  1935.000000
236  6300.000000  7100.000000  3770.000000     58.0  3240.000000  1990.000000

[237 rows x 6 columns]
[2026-03-05T08:59:57.341+0000] {python.py:240} INFO - Done. Returned value was: None
[2026-03-05T08:59:57.365+0000] {taskinstance.py:349} INFO - ::group::Post task execution logs
[2026-03-05T08:59:57.366+0000] {taskinstance.py:361} INFO - Marking task as SUCCESS. dag_id=dag_get_data_from_yf, task_id=read_csv_file, run_id=manual__2026-03-05T08:59:33.761979+00:00, execution_date=20260305T085933, start_date=20260305T085956, end_date=20260305T085957
[2026-03-05T08:59:57.414+0000] {logging_mixin.py:190} INFO - Task instance in success state
[2026-03-05T08:59:57.414+0000] {logging_mixin.py:190} INFO -  Previous state of the Task instance: running
[2026-03-05T08:59:57.415+0000] {logging_mixin.py:190} INFO - Dag name:dag_get_data_from_yf queued_at:2026-03-05 08:59:33.783134+00:00
[2026-03-05T08:59:57.415+0000] {logging_mixin.py:190} INFO - Task hostname:900743e18e78 operator:_PythonDecoratedOperator
[2026-03-05T08:59:57.428+0000] {local_task_job_runner.py:266} INFO - Task exited with return code 0
[2026-03-05T08:59:57.460+0000] {taskinstance.py:3924} INFO - 0 downstream tasks scheduled from follow-on schedule check
[2026-03-05T08:59:57.462+0000] {local_task_job_runner.py:245} INFO - ::endgroup::
