[2026-03-26T04:15:59.155+0000] {local_task_job_runner.py:123} INFO - ::group::Pre task execution logs
[2026-03-26T04:15:59.456+0000] {taskinstance.py:2631} INFO - Dependencies all met for dep_context=non-requeueable deps ti=<TaskInstance: dag_get_data_from_yf.insert_data_task manual__2026-03-26T04:15:19+00:00 map_index=14 [queued]>
[2026-03-26T04:15:59.562+0000] {taskinstance.py:2631} INFO - Dependencies all met for dep_context=requeueable deps ti=<TaskInstance: dag_get_data_from_yf.insert_data_task manual__2026-03-26T04:15:19+00:00 map_index=14 [queued]>
[2026-03-26T04:15:59.565+0000] {taskinstance.py:2884} INFO - Starting attempt 1 of 1
[2026-03-26T04:15:59.647+0000] {taskinstance.py:2907} INFO - Executing <Mapped(SQLExecuteQueryOperator): insert_data_task> on 2026-03-26 04:15:19+00:00
[2026-03-26T04:15:59.707+0000] {logging_mixin.py:190} WARNING - /home/***/.local/lib/python3.12/site-packages/***/task/task_runner/standard_task_runner.py:70 DeprecationWarning: This process (pid=2156) is multi-threaded, use of fork() may lead to deadlocks in the child.
[2026-03-26T04:15:59.713+0000] {standard_task_runner.py:72} INFO - Started process 2443 to run task
[2026-03-26T04:15:59.714+0000] {standard_task_runner.py:104} INFO - Running: ['***', 'tasks', 'run', 'dag_get_data_from_yf', 'insert_data_task', 'manual__2026-03-26T04:15:19+00:00', '--job-id', '64', '--raw', '--subdir', 'DAGS_FOLDER/get_finance_yf_csv.py', '--cfg-path', '/tmp/tmpxx03uq0o', '--map-index', '14']
[2026-03-26T04:15:59.719+0000] {standard_task_runner.py:105} INFO - Job 64: Subtask insert_data_task
[2026-03-26T04:16:00.084+0000] {task_command.py:467} INFO - Running <TaskInstance: dag_get_data_from_yf.insert_data_task manual__2026-03-26T04:15:19+00:00 map_index=14 [running]> on host f77800151ff9
[2026-03-26T04:16:00.819+0000] {taskinstance.py:3157} INFO - Exporting env vars: AIRFLOW_CTX_DAG_OWNER='***' AIRFLOW_CTX_DAG_ID='dag_get_data_from_yf' AIRFLOW_CTX_TASK_ID='insert_data_task' AIRFLOW_CTX_EXECUTION_DATE='2026-03-26T04:15:19+00:00' AIRFLOW_CTX_TRY_NUMBER='1' AIRFLOW_CTX_DAG_RUN_ID='manual__2026-03-26T04:15:19+00:00'
[2026-03-26T04:16:00.827+0000] {taskinstance.py:740} INFO - ::endgroup::
[2026-03-26T04:16:00.833+0000] {sql.py:410} INFO - Executing:  INSERT INTO indonesian_stocks (date, ticker, close, high, low, open, inserted_at_timestamp_wib) 
                VALUES ('2026-03-05', 'BMRI.JK', '5125.0', '5125.0', '5000.0', '5025.0', '2026-03-26 11:12:03' )
                ON CONFLICT (date, ticker) DO NOTHING; 
[2026-03-26T04:16:00.835+0000] {crypto.py:82} WARNING - empty cryptography key - values will not be stored encrypted.
[2026-03-26T04:16:00.837+0000] {base.py:84} INFO - Retrieving connection 'db_custom'
[2026-03-26T04:16:00.854+0000] {base.py:84} INFO - Retrieving connection 'db_custom'
[2026-03-26T04:16:00.890+0000] {sql.py:861} INFO - Running statement:  INSERT INTO indonesian_stocks (date, ticker, close, high, low, open, inserted_at_timestamp_wib) 
                VALUES ('2026-03-05', 'BMRI.JK', '5125.0', '5125.0', '5000.0', '5025.0', '2026-03-26 11:12:03' )
                ON CONFLICT (date, ticker) DO NOTHING; , parameters: None
[2026-03-26T04:16:00.907+0000] {sql.py:879} INFO - Rows affected: 0
[2026-03-26T04:16:00.968+0000] {taskinstance.py:349} INFO - ::group::Post task execution logs
[2026-03-26T04:16:00.969+0000] {taskinstance.py:361} INFO - Marking task as SUCCESS. dag_id=dag_get_data_from_yf, task_id=insert_data_task, run_id=manual__2026-03-26T04:15:19+00:00, map_index=14, execution_date=20260326T041519, start_date=20260326T041559, end_date=20260326T041600
[2026-03-26T04:16:01.118+0000] {local_task_job_runner.py:266} INFO - Task exited with return code 0
[2026-03-26T04:16:01.329+0000] {taskinstance.py:3924} INFO - 0 downstream tasks scheduled from follow-on schedule check
[2026-03-26T04:16:01.367+0000] {local_task_job_runner.py:245} INFO - ::endgroup::
