[2026-03-27T01:25:03.241+0000] {local_task_job_runner.py:123} INFO - ::group::Pre task execution logs
[2026-03-27T01:25:03.542+0000] {taskinstance.py:2631} INFO - Dependencies all met for dep_context=non-requeueable deps ti=<TaskInstance: dag_get_data_from_yf.insert_data_task manual__2026-03-27T01:20:31+00:00 map_index=27 [queued]>
[2026-03-27T01:25:03.689+0000] {taskinstance.py:2631} INFO - Dependencies all met for dep_context=requeueable deps ti=<TaskInstance: dag_get_data_from_yf.insert_data_task manual__2026-03-27T01:20:31+00:00 map_index=27 [queued]>
[2026-03-27T01:25:03.689+0000] {taskinstance.py:2884} INFO - Starting attempt 1 of 1
[2026-03-27T01:25:03.910+0000] {taskinstance.py:2907} INFO - Executing <Mapped(SQLExecuteQueryOperator): insert_data_task> on 2026-03-27 01:20:31+00:00
[2026-03-27T01:25:04.113+0000] {standard_task_runner.py:104} INFO - Running: ['***', 'tasks', 'run', 'dag_get_data_from_yf', 'insert_data_task', 'manual__2026-03-27T01:20:31+00:00', '--job-id', '383', '--raw', '--subdir', 'DAGS_FOLDER/get_finance_yf_csv.py', '--cfg-path', '/tmp/tmp8tbjhppe', '--map-index', '27']
[2026-03-27T01:25:04.118+0000] {standard_task_runner.py:105} INFO - Job 383: Subtask insert_data_task
[2026-03-27T01:25:04.179+0000] {logging_mixin.py:190} WARNING - /home/***/.local/lib/python3.12/site-packages/***/task/task_runner/standard_task_runner.py:70 DeprecationWarning: This process (pid=2517) is multi-threaded, use of fork() may lead to deadlocks in the child.
[2026-03-27T01:25:04.230+0000] {standard_task_runner.py:72} INFO - Started process 2749 to run task
[2026-03-27T01:25:04.536+0000] {task_command.py:467} INFO - Running <TaskInstance: dag_get_data_from_yf.insert_data_task manual__2026-03-27T01:20:31+00:00 map_index=27 [running]> on host 1f539bb0369f
[2026-03-27T01:25:05.820+0000] {taskinstance.py:3157} INFO - Exporting env vars: AIRFLOW_CTX_DAG_OWNER='***' AIRFLOW_CTX_DAG_ID='dag_get_data_from_yf' AIRFLOW_CTX_TASK_ID='insert_data_task' AIRFLOW_CTX_EXECUTION_DATE='2026-03-27T01:20:31+00:00' AIRFLOW_CTX_TRY_NUMBER='1' AIRFLOW_CTX_DAG_RUN_ID='manual__2026-03-27T01:20:31+00:00'
[2026-03-27T01:25:05.842+0000] {taskinstance.py:740} INFO - ::endgroup::
[2026-03-27T01:25:05.853+0000] {sql.py:410} INFO - Executing:  INSERT INTO indonesian_stocks (date, ticker, close, high, low, open, inserted_at_timestamp_wib) 
                VALUES ('2026-03-12', 'BBCA.JK', '6900.0', '7025.0', '6825.0', '6825.0', '2026-03-27 08:20:51' )
                ON CONFLICT (date, ticker) DO NOTHING; 
[2026-03-27T01:25:05.867+0000] {crypto.py:82} WARNING - empty cryptography key - values will not be stored encrypted.
[2026-03-27T01:25:05.869+0000] {base.py:84} INFO - Retrieving connection 'db_custom'
[2026-03-27T01:25:05.933+0000] {base.py:84} INFO - Retrieving connection 'db_custom'
[2026-03-27T01:25:06.026+0000] {sql.py:861} INFO - Running statement:  INSERT INTO indonesian_stocks (date, ticker, close, high, low, open, inserted_at_timestamp_wib) 
                VALUES ('2026-03-12', 'BBCA.JK', '6900.0', '7025.0', '6825.0', '6825.0', '2026-03-27 08:20:51' )
                ON CONFLICT (date, ticker) DO NOTHING; , parameters: None
[2026-03-27T01:25:06.061+0000] {sql.py:879} INFO - Rows affected: 1
[2026-03-27T01:25:06.186+0000] {taskinstance.py:349} INFO - ::group::Post task execution logs
[2026-03-27T01:25:06.192+0000] {taskinstance.py:361} INFO - Marking task as SUCCESS. dag_id=dag_get_data_from_yf, task_id=insert_data_task, run_id=manual__2026-03-27T01:20:31+00:00, map_index=27, execution_date=20260327T012031, start_date=20260327T012503, end_date=20260327T012506
[2026-03-27T01:25:06.583+0000] {local_task_job_runner.py:266} INFO - Task exited with return code 0
[2026-03-27T01:25:06.727+0000] {local_task_job_runner.py:245} INFO - ::endgroup::
