[2026-03-27T10:00:41.814+0000] {local_task_job_runner.py:123} INFO - ::group::Pre task execution logs
[2026-03-27T10:00:41.860+0000] {taskinstance.py:2631} INFO - Dependencies all met for dep_context=non-requeueable deps ti=<TaskInstance: dag_get_data_from_yf.select_data_task scheduled__2026-03-26T10:00:00+00:00 [queued]>
[2026-03-27T10:00:41.874+0000] {taskinstance.py:2631} INFO - Dependencies all met for dep_context=requeueable deps ti=<TaskInstance: dag_get_data_from_yf.select_data_task scheduled__2026-03-26T10:00:00+00:00 [queued]>
[2026-03-27T10:00:41.875+0000] {taskinstance.py:2884} INFO - Starting attempt 1 of 1
[2026-03-27T10:00:41.891+0000] {taskinstance.py:2907} INFO - Executing <Task(SQLExecuteQueryOperator): select_data_task> on 2026-03-26 10:00:00+00:00
[2026-03-27T10:00:41.911+0000] {standard_task_runner.py:104} INFO - Running: ['***', 'tasks', 'run', 'dag_get_data_from_yf', 'select_data_task', 'scheduled__2026-03-26T10:00:00+00:00', '--job-id', '810', '--raw', '--subdir', 'DAGS_FOLDER/get_finance_yf_csv.py', '--cfg-path', '/tmp/tmpb_150bt1']
[2026-03-27T10:00:41.912+0000] {logging_mixin.py:190} WARNING - /home/***/.local/lib/python3.12/site-packages/***/task/task_runner/standard_task_runner.py:70 DeprecationWarning: This process (pid=3062) is multi-threaded, use of fork() may lead to deadlocks in the child.
[2026-03-27T10:00:41.914+0000] {standard_task_runner.py:105} INFO - Job 810: Subtask select_data_task
[2026-03-27T10:00:41.914+0000] {standard_task_runner.py:72} INFO - Started process 3079 to run task
[2026-03-27T10:00:42.007+0000] {task_command.py:467} INFO - Running <TaskInstance: dag_get_data_from_yf.select_data_task scheduled__2026-03-26T10:00:00+00:00 [running]> on host 7a865275eb00
[2026-03-27T10:00:42.152+0000] {taskinstance.py:3157} INFO - Exporting env vars: AIRFLOW_CTX_DAG_OWNER='***' AIRFLOW_CTX_DAG_ID='dag_get_data_from_yf' AIRFLOW_CTX_TASK_ID='select_data_task' AIRFLOW_CTX_EXECUTION_DATE='2026-03-26T10:00:00+00:00' AIRFLOW_CTX_TRY_NUMBER='1' AIRFLOW_CTX_DAG_RUN_ID='scheduled__2026-03-26T10:00:00+00:00'
[2026-03-27T10:00:42.154+0000] {taskinstance.py:740} INFO - ::endgroup::
[2026-03-27T10:00:42.157+0000] {sql.py:410} INFO - Executing: SELECT * FROM indonesian_stocks;
[2026-03-27T10:00:42.158+0000] {crypto.py:82} WARNING - empty cryptography key - values will not be stored encrypted.
[2026-03-27T10:00:42.159+0000] {base.py:84} INFO - Retrieving connection 'db_custom'
[2026-03-27T10:00:42.166+0000] {base.py:84} INFO - Retrieving connection 'db_custom'
[2026-03-27T10:00:42.179+0000] {sql.py:861} INFO - Running statement: SELECT * FROM indonesian_stocks;, parameters: None
[2026-03-27T10:00:42.185+0000] {sql.py:879} INFO - Rows affected: 33
[2026-03-27T10:00:42.234+0000] {taskinstance.py:349} INFO - ::group::Post task execution logs
[2026-03-27T10:00:42.234+0000] {taskinstance.py:361} INFO - Marking task as SUCCESS. dag_id=dag_get_data_from_yf, task_id=select_data_task, run_id=scheduled__2026-03-26T10:00:00+00:00, execution_date=20260326T100000, start_date=20260327T100041, end_date=20260327T100042
[2026-03-27T10:00:42.296+0000] {local_task_job_runner.py:266} INFO - Task exited with return code 0
[2026-03-27T10:00:42.335+0000] {taskinstance.py:3924} INFO - 0 downstream tasks scheduled from follow-on schedule check
[2026-03-27T10:00:42.338+0000] {local_task_job_runner.py:245} INFO - ::endgroup::
[2026-03-30T02:55:52.499+0000] {local_task_job_runner.py:123} INFO - ::group::Pre task execution logs
[2026-03-30T02:55:52.557+0000] {taskinstance.py:2631} INFO - Dependencies all met for dep_context=non-requeueable deps ti=<TaskInstance: dag_get_data_from_yf.select_data_task scheduled__2026-03-26T10:00:00+00:00 [queued]>
[2026-03-30T02:55:52.574+0000] {taskinstance.py:2631} INFO - Dependencies all met for dep_context=requeueable deps ti=<TaskInstance: dag_get_data_from_yf.select_data_task scheduled__2026-03-26T10:00:00+00:00 [queued]>
[2026-03-30T02:55:52.574+0000] {taskinstance.py:2884} INFO - Starting attempt 1 of 1
[2026-03-30T02:55:52.589+0000] {taskinstance.py:2907} INFO - Executing <Task(SQLExecuteQueryOperator): select_data_task> on 2026-03-26 10:00:00+00:00
[2026-03-30T02:55:52.607+0000] {logging_mixin.py:190} WARNING - /home/***/.local/lib/python3.12/site-packages/***/task/task_runner/standard_task_runner.py:70 DeprecationWarning: This process (pid=612) is multi-threaded, use of fork() may lead to deadlocks in the child.
[2026-03-30T02:55:52.606+0000] {standard_task_runner.py:104} INFO - Running: ['***', 'tasks', 'run', 'dag_get_data_from_yf', 'select_data_task', 'scheduled__2026-03-26T10:00:00+00:00', '--job-id', '827', '--raw', '--subdir', 'DAGS_FOLDER/get_finance_yf_csv.py', '--cfg-path', '/tmp/tmpoi6v775r']
[2026-03-30T02:55:52.608+0000] {standard_task_runner.py:105} INFO - Job 827: Subtask select_data_task
[2026-03-30T02:55:52.608+0000] {standard_task_runner.py:72} INFO - Started process 629 to run task
[2026-03-30T02:55:52.695+0000] {task_command.py:467} INFO - Running <TaskInstance: dag_get_data_from_yf.select_data_task scheduled__2026-03-26T10:00:00+00:00 [running]> on host 42116767826c
[2026-03-30T02:55:52.845+0000] {taskinstance.py:3157} INFO - Exporting env vars: AIRFLOW_CTX_DAG_OWNER='***' AIRFLOW_CTX_DAG_ID='dag_get_data_from_yf' AIRFLOW_CTX_TASK_ID='select_data_task' AIRFLOW_CTX_EXECUTION_DATE='2026-03-26T10:00:00+00:00' AIRFLOW_CTX_TRY_NUMBER='1' AIRFLOW_CTX_DAG_RUN_ID='scheduled__2026-03-26T10:00:00+00:00'
[2026-03-30T02:55:52.846+0000] {taskinstance.py:740} INFO - ::endgroup::
[2026-03-30T02:55:52.848+0000] {sql.py:410} INFO - Executing: SELECT * FROM indonesian_stocks;
[2026-03-30T02:55:52.850+0000] {crypto.py:82} WARNING - empty cryptography key - values will not be stored encrypted.
[2026-03-30T02:55:52.850+0000] {base.py:84} INFO - Retrieving connection 'db_custom'
[2026-03-30T02:55:52.857+0000] {base.py:84} INFO - Retrieving connection 'db_custom'
[2026-03-30T02:55:52.869+0000] {sql.py:861} INFO - Running statement: SELECT * FROM indonesian_stocks;, parameters: None
[2026-03-30T02:55:52.875+0000] {sql.py:879} INFO - Rows affected: 3
[2026-03-30T02:55:52.919+0000] {taskinstance.py:349} INFO - ::group::Post task execution logs
[2026-03-30T02:55:52.919+0000] {taskinstance.py:361} INFO - Marking task as SUCCESS. dag_id=dag_get_data_from_yf, task_id=select_data_task, run_id=scheduled__2026-03-26T10:00:00+00:00, execution_date=20260326T100000, start_date=20260330T025552, end_date=20260330T025552
[2026-03-30T02:55:52.978+0000] {local_task_job_runner.py:266} INFO - Task exited with return code 0
[2026-03-30T02:55:53.013+0000] {taskinstance.py:3924} INFO - 0 downstream tasks scheduled from follow-on schedule check
[2026-03-30T02:55:53.016+0000] {local_task_job_runner.py:245} INFO - ::endgroup::
[2026-03-30T03:55:43.455+0000] {local_task_job_runner.py:123} INFO - ::group::Pre task execution logs
[2026-03-30T03:55:43.493+0000] {taskinstance.py:2631} INFO - Dependencies all met for dep_context=non-requeueable deps ti=<TaskInstance: dag_get_data_from_yf.select_data_task scheduled__2026-03-26T10:00:00+00:00 [queued]>
[2026-03-30T03:55:43.505+0000] {taskinstance.py:2631} INFO - Dependencies all met for dep_context=requeueable deps ti=<TaskInstance: dag_get_data_from_yf.select_data_task scheduled__2026-03-26T10:00:00+00:00 [queued]>
[2026-03-30T03:55:43.506+0000] {taskinstance.py:2884} INFO - Starting attempt 1 of 1
[2026-03-30T03:55:43.519+0000] {taskinstance.py:2907} INFO - Executing <Task(SQLExecuteQueryOperator): select_data_task> on 2026-03-26 10:00:00+00:00
[2026-03-30T03:55:43.536+0000] {logging_mixin.py:190} WARNING - /home/***/.local/lib/python3.12/site-packages/***/task/task_runner/standard_task_runner.py:70 DeprecationWarning: This process (pid=5663) is multi-threaded, use of fork() may lead to deadlocks in the child.
[2026-03-30T03:55:43.536+0000] {standard_task_runner.py:104} INFO - Running: ['***', 'tasks', 'run', 'dag_get_data_from_yf', 'select_data_task', 'scheduled__2026-03-26T10:00:00+00:00', '--job-id', '926', '--raw', '--subdir', 'DAGS_FOLDER/get_finance_yf_csv.py', '--cfg-path', '/tmp/tmpxawt0xdt']
[2026-03-30T03:55:43.538+0000] {standard_task_runner.py:105} INFO - Job 926: Subtask select_data_task
[2026-03-30T03:55:43.538+0000] {standard_task_runner.py:72} INFO - Started process 5680 to run task
[2026-03-30T03:55:43.624+0000] {task_command.py:467} INFO - Running <TaskInstance: dag_get_data_from_yf.select_data_task scheduled__2026-03-26T10:00:00+00:00 [running]> on host 42116767826c
[2026-03-30T03:55:43.774+0000] {taskinstance.py:3157} INFO - Exporting env vars: AIRFLOW_CTX_DAG_OWNER='***' AIRFLOW_CTX_DAG_ID='dag_get_data_from_yf' AIRFLOW_CTX_TASK_ID='select_data_task' AIRFLOW_CTX_EXECUTION_DATE='2026-03-26T10:00:00+00:00' AIRFLOW_CTX_TRY_NUMBER='1' AIRFLOW_CTX_DAG_RUN_ID='scheduled__2026-03-26T10:00:00+00:00'
[2026-03-30T03:55:43.776+0000] {taskinstance.py:740} INFO - ::endgroup::
[2026-03-30T03:55:43.778+0000] {sql.py:410} INFO - Executing: SELECT * FROM indonesian_stocks;
[2026-03-30T03:55:43.780+0000] {crypto.py:82} WARNING - empty cryptography key - values will not be stored encrypted.
[2026-03-30T03:55:43.780+0000] {base.py:84} INFO - Retrieving connection 'db_custom'
[2026-03-30T03:55:43.786+0000] {base.py:84} INFO - Retrieving connection 'db_custom'
[2026-03-30T03:55:43.798+0000] {sql.py:861} INFO - Running statement: SELECT * FROM indonesian_stocks;, parameters: None
[2026-03-30T03:55:43.802+0000] {sql.py:879} INFO - Rows affected: 3
[2026-03-30T03:55:43.847+0000] {taskinstance.py:349} INFO - ::group::Post task execution logs
[2026-03-30T03:55:43.848+0000] {taskinstance.py:361} INFO - Marking task as SUCCESS. dag_id=dag_get_data_from_yf, task_id=select_data_task, run_id=scheduled__2026-03-26T10:00:00+00:00, execution_date=20260326T100000, start_date=20260330T035543, end_date=20260330T035543
[2026-03-30T03:55:43.907+0000] {local_task_job_runner.py:266} INFO - Task exited with return code 0
[2026-03-30T03:55:43.939+0000] {taskinstance.py:3924} INFO - 0 downstream tasks scheduled from follow-on schedule check
[2026-03-30T03:55:43.942+0000] {local_task_job_runner.py:245} INFO - ::endgroup::
