[2026-03-26T10:37:19.504+0000] {local_task_job_runner.py:123} INFO - ::group::Pre task execution logs
[2026-03-26T10:37:19.560+0000] {taskinstance.py:2631} INFO - Dependencies all met for dep_context=non-requeueable deps ti=<TaskInstance: dag_get_data_from_yf.select_data_task manual__2026-03-26T10:36:30+00:00 [queued]>
[2026-03-26T10:37:19.577+0000] {taskinstance.py:2631} INFO - Dependencies all met for dep_context=requeueable deps ti=<TaskInstance: dag_get_data_from_yf.select_data_task manual__2026-03-26T10:36:30+00:00 [queued]>
[2026-03-26T10:37:19.578+0000] {taskinstance.py:2884} INFO - Starting attempt 1 of 1
[2026-03-26T10:37:19.597+0000] {taskinstance.py:2907} INFO - Executing <Task(SQLExecuteQueryOperator): select_data_task> on 2026-03-26 10:36:30+00:00
[2026-03-26T10:37:19.616+0000] {logging_mixin.py:190} WARNING - /home/***/.local/lib/python3.12/site-packages/***/task/task_runner/standard_task_runner.py:70 DeprecationWarning: This process (pid=3387) is multi-threaded, use of fork() may lead to deadlocks in the child.
[2026-03-26T10:37:19.616+0000] {standard_task_runner.py:104} INFO - Running: ['***', 'tasks', 'run', 'dag_get_data_from_yf', 'select_data_task', 'manual__2026-03-26T10:36:30+00:00', '--job-id', '263', '--raw', '--subdir', 'DAGS_FOLDER/get_finance_yf_csv.py', '--cfg-path', '/tmp/tmpbdv87gvl']
[2026-03-26T10:37:19.618+0000] {standard_task_runner.py:72} INFO - Started process 3404 to run task
[2026-03-26T10:37:19.618+0000] {standard_task_runner.py:105} INFO - Job 263: Subtask select_data_task
[2026-03-26T10:37:19.712+0000] {task_command.py:467} INFO - Running <TaskInstance: dag_get_data_from_yf.select_data_task manual__2026-03-26T10:36:30+00:00 [running]> on host 10c63b58d04d
[2026-03-26T10:37:19.859+0000] {taskinstance.py:3157} INFO - Exporting env vars: AIRFLOW_CTX_DAG_OWNER='***' AIRFLOW_CTX_DAG_ID='dag_get_data_from_yf' AIRFLOW_CTX_TASK_ID='select_data_task' AIRFLOW_CTX_EXECUTION_DATE='2026-03-26T10:36:30+00:00' AIRFLOW_CTX_TRY_NUMBER='1' AIRFLOW_CTX_DAG_RUN_ID='manual__2026-03-26T10:36:30+00:00'
[2026-03-26T10:37:19.861+0000] {taskinstance.py:740} INFO - ::endgroup::
[2026-03-26T10:37:19.865+0000] {sql.py:410} INFO - Executing:  SELECT * FROM indonesian_stocks; 
[2026-03-26T10:37:19.866+0000] {crypto.py:82} WARNING - empty cryptography key - values will not be stored encrypted.
[2026-03-26T10:37:19.867+0000] {base.py:84} INFO - Retrieving connection 'db_custom'
[2026-03-26T10:37:19.874+0000] {base.py:84} INFO - Retrieving connection 'db_custom'
[2026-03-26T10:37:19.888+0000] {sql.py:861} INFO - Running statement:  SELECT * FROM indonesian_stocks; , parameters: None
[2026-03-26T10:37:19.894+0000] {sql.py:879} INFO - Rows affected: 39
[2026-03-26T10:37:19.937+0000] {taskinstance.py:349} INFO - ::group::Post task execution logs
[2026-03-26T10:37:19.938+0000] {taskinstance.py:361} INFO - Marking task as SUCCESS. dag_id=dag_get_data_from_yf, task_id=select_data_task, run_id=manual__2026-03-26T10:36:30+00:00, execution_date=20260326T103630, start_date=20260326T103719, end_date=20260326T103719
[2026-03-26T10:37:20.003+0000] {local_task_job_runner.py:266} INFO - Task exited with return code 0
[2026-03-26T10:37:20.045+0000] {taskinstance.py:3924} INFO - 0 downstream tasks scheduled from follow-on schedule check
[2026-03-26T10:37:20.049+0000] {local_task_job_runner.py:245} INFO - ::endgroup::
