[2026-03-04T03:00:49.222+0000] {local_task_job_runner.py:123} INFO - ::group::Pre task execution logs
[2026-03-04T03:00:49.260+0000] {taskinstance.py:2631} INFO - Dependencies all met for dep_context=non-requeueable deps ti=<TaskInstance: MyFirstDag.first_task manual__2026-03-04T03:00:41.867641+00:00 [queued]>
[2026-03-04T03:00:49.269+0000] {taskinstance.py:2631} INFO - Dependencies all met for dep_context=requeueable deps ti=<TaskInstance: MyFirstDag.first_task manual__2026-03-04T03:00:41.867641+00:00 [queued]>
[2026-03-04T03:00:49.270+0000] {taskinstance.py:2884} INFO - Starting attempt 1 of 1
[2026-03-04T03:00:49.289+0000] {taskinstance.py:2907} INFO - Executing <Task(BashOperator): first_task> on 2026-03-04 03:00:41.867641+00:00
[2026-03-04T03:00:49.300+0000] {warnings.py:112} WARNING - /home/***/.local/lib/python3.12/site-packages/***/task/task_runner/standard_task_runner.py:70: DeprecationWarning: This process (pid=935) is multi-threaded, use of fork() may lead to deadlocks in the child.
  pid = os.fork()

[2026-03-04T03:00:49.302+0000] {standard_task_runner.py:72} INFO - Started process 937 to run task
[2026-03-04T03:00:49.302+0000] {standard_task_runner.py:104} INFO - Running: ['***', 'tasks', 'run', 'MyFirstDag', 'first_task', 'manual__2026-03-04T03:00:41.867641+00:00', '--job-id', '4', '--raw', '--subdir', 'DAGS_FOLDER/myFirstDag.py', '--cfg-path', '/tmp/tmp69apl4z5']
[2026-03-04T03:00:49.304+0000] {standard_task_runner.py:105} INFO - Job 4: Subtask first_task
[2026-03-04T03:00:49.376+0000] {task_command.py:467} INFO - Running <TaskInstance: MyFirstDag.first_task manual__2026-03-04T03:00:41.867641+00:00 [running]> on host a68b9ce4803c
[2026-03-04T03:00:49.499+0000] {taskinstance.py:3157} INFO - Exporting env vars: AIRFLOW_CTX_DAG_OWNER='***' AIRFLOW_CTX_DAG_ID='MyFirstDag' AIRFLOW_CTX_TASK_ID='first_task' AIRFLOW_CTX_EXECUTION_DATE='2026-03-04T03:00:41.867641+00:00' AIRFLOW_CTX_TRY_NUMBER='1' AIRFLOW_CTX_DAG_RUN_ID='manual__2026-03-04T03:00:41.867641+00:00'
[2026-03-04T03:00:49.501+0000] {logging_mixin.py:190} INFO - Task instance is in running state
[2026-03-04T03:00:49.501+0000] {logging_mixin.py:190} INFO -  Previous state of the Task instance: queued
[2026-03-04T03:00:49.501+0000] {logging_mixin.py:190} INFO - Current task name:first_task state:running start_date:2026-03-04 03:00:49.260890+00:00
[2026-03-04T03:00:49.502+0000] {logging_mixin.py:190} INFO - Dag name:MyFirstDag and current dag run status:running
[2026-03-04T03:00:49.502+0000] {taskinstance.py:740} INFO - ::endgroup::
[2026-03-04T03:00:49.503+0000] {subprocess.py:78} INFO - Tmp dir root location: /tmp
[2026-03-04T03:00:49.504+0000] {subprocess.py:88} INFO - Running command: ['/usr/bin/bash', '-c', 'echo hello from the first task']
[2026-03-04T03:00:49.523+0000] {subprocess.py:99} INFO - Output:
[2026-03-04T03:00:49.526+0000] {subprocess.py:106} INFO - hello from the first task
[2026-03-04T03:00:49.526+0000] {subprocess.py:110} INFO - Command exited with return code 0
[2026-03-04T03:00:49.568+0000] {taskinstance.py:349} INFO - ::group::Post task execution logs
[2026-03-04T03:00:49.568+0000] {taskinstance.py:361} INFO - Marking task as SUCCESS. dag_id=MyFirstDag, task_id=first_task, run_id=manual__2026-03-04T03:00:41.867641+00:00, execution_date=20260304T030041, start_date=20260304T030049, end_date=20260304T030049
[2026-03-04T03:00:49.608+0000] {logging_mixin.py:190} INFO - Task instance in success state
[2026-03-04T03:00:49.609+0000] {logging_mixin.py:190} INFO -  Previous state of the Task instance: running
[2026-03-04T03:00:49.609+0000] {logging_mixin.py:190} INFO - Dag name:MyFirstDag queued_at:2026-03-04 03:00:41.971075+00:00
[2026-03-04T03:00:49.609+0000] {logging_mixin.py:190} INFO - Task hostname:a68b9ce4803c operator:BashOperator
[2026-03-04T03:00:49.619+0000] {local_task_job_runner.py:266} INFO - Task exited with return code 0
[2026-03-04T03:00:49.655+0000] {taskinstance.py:3924} INFO - 1 downstream tasks scheduled from follow-on schedule check
[2026-03-04T03:00:49.658+0000] {local_task_job_runner.py:245} INFO - ::endgroup::
