[2026-03-12T16:27:07.322+0000] {local_task_job_runner.py:123} INFO - ::group::Pre task execution logs
[2026-03-12T16:27:07.632+0000] {taskinstance.py:2631} INFO - Dependencies all met for dep_context=non-requeueable deps ti=<TaskInstance: dag_get_data_from_yf.get_data_from_yf manual__2026-03-12T09:55:49+00:00 [queued]>
[2026-03-12T16:27:07.728+0000] {taskinstance.py:2631} INFO - Dependencies all met for dep_context=requeueable deps ti=<TaskInstance: dag_get_data_from_yf.get_data_from_yf manual__2026-03-12T09:55:49+00:00 [queued]>
[2026-03-12T16:27:07.729+0000] {taskinstance.py:2884} INFO - Starting attempt 2 of 2
[2026-03-12T16:27:07.826+0000] {taskinstance.py:2907} INFO - Executing <Task(_PythonDecoratedOperator): get_data_from_yf> on 2026-03-12 09:55:49+00:00
[2026-03-12T16:27:07.887+0000] {warnings.py:112} WARNING - /home/***/.local/lib/python3.12/site-packages/***/task/task_runner/standard_task_runner.py:70: DeprecationWarning: This process (pid=9735) is multi-threaded, use of fork() may lead to deadlocks in the child.
  pid = os.fork()

[2026-03-12T16:27:07.905+0000] {standard_task_runner.py:72} INFO - Started process 9827 to run task
[2026-03-12T16:27:07.967+0000] {standard_task_runner.py:104} INFO - Running: ['***', 'tasks', 'run', 'dag_get_data_from_yf', 'get_data_from_yf', 'manual__2026-03-12T09:55:49+00:00', '--job-id', '12585', '--raw', '--subdir', 'DAGS_FOLDER/get_finance_yf_csv.py', '--cfg-path', '/tmp/tmpbq0r04xf']
[2026-03-12T16:27:08.027+0000] {standard_task_runner.py:105} INFO - Job 12585: Subtask get_data_from_yf
[2026-03-12T16:27:08.667+0000] {task_command.py:467} INFO - Running <TaskInstance: dag_get_data_from_yf.get_data_from_yf manual__2026-03-12T09:55:49+00:00 [running]> on host 80e0d0cbfa54
[2026-03-12T16:27:09.924+0000] {taskinstance.py:3157} INFO - Exporting env vars: AIRFLOW_CTX_DAG_OWNER='***' AIRFLOW_CTX_DAG_ID='dag_get_data_from_yf' AIRFLOW_CTX_TASK_ID='get_data_from_yf' AIRFLOW_CTX_EXECUTION_DATE='2026-03-12T09:55:49+00:00' AIRFLOW_CTX_TRY_NUMBER='2' AIRFLOW_CTX_DAG_RUN_ID='manual__2026-03-12T09:55:49+00:00'
[2026-03-12T16:27:09.928+0000] {logging_mixin.py:190} INFO - Task instance is in running state
[2026-03-12T16:27:09.930+0000] {logging_mixin.py:190} INFO -  Previous state of the Task instance: queued
[2026-03-12T16:27:09.932+0000] {logging_mixin.py:190} INFO - Current task name:get_data_from_yf state:running start_date:2026-03-12 16:27:07.633739+00:00
[2026-03-12T16:27:09.932+0000] {logging_mixin.py:190} INFO - Dag name:dag_get_data_from_yf and current dag run status:running
[2026-03-12T16:27:09.933+0000] {taskinstance.py:740} INFO - ::endgroup::
[2026-03-12T16:27:09.934+0000] {logging_mixin.py:190} INFO - Ini tickers user: None
[2026-03-12T16:27:09.935+0000] {logging_mixin.py:190} INFO - Ini start date user: 2026-03-10
[2026-03-12T16:27:09.935+0000] {logging_mixin.py:190} INFO - Ini end date user: None
[2026-03-12T16:27:11.372+0000] {logging_mixin.py:190} WARNING - [                       0%                       ]
[2026-03-12T16:27:11.378+0000] {logging_mixin.py:190} WARNING - [**********************67%*******                ]  2 of 3 completed
[2026-03-12T16:27:11.385+0000] {logging_mixin.py:190} WARNING - [*********************100%***********************]  3 of 3 completed
[2026-03-12T16:27:11.482+0000] {logging_mixin.py:190} INFO - None
[2026-03-12T16:27:11.482+0000] {python.py:240} INFO - Done. Returned value was: Price        Close                    High  ...     Low    Open                
Ticker     BBCA.JK BBRI.JK BMRI.JK BBCA.JK  ... BMRI.JK BBCA.JK BBRI.JK BMRI.JK
Date                                        ...                                
2026-03-10  6975.0  3560.0  4910.0  7050.0  ...  4860.0  6950.0  3600.0  4920.0
2026-03-11  6825.0  3580.0  4880.0  7000.0  ...  4880.0  6975.0  3580.0  4930.0
2026-03-12  6900.0  3570.0  4960.0  7025.0  ...  4870.0  6825.0  3580.0  4870.0

[3 rows x 12 columns]
[2026-03-12T16:27:12.684+0000] {taskinstance.py:349} INFO - ::group::Post task execution logs
[2026-03-12T16:27:12.685+0000] {taskinstance.py:361} INFO - Marking task as SUCCESS. dag_id=dag_get_data_from_yf, task_id=get_data_from_yf, run_id=manual__2026-03-12T09:55:49+00:00, execution_date=20260312T095549, start_date=20260312T162707, end_date=20260312T162712
[2026-03-12T16:27:12.906+0000] {logging_mixin.py:190} INFO - Task instance in success state
[2026-03-12T16:27:12.907+0000] {logging_mixin.py:190} INFO -  Previous state of the Task instance: running
[2026-03-12T16:27:12.907+0000] {logging_mixin.py:190} INFO - Dag name:dag_get_data_from_yf queued_at:2026-03-12 16:25:43.746597+00:00
[2026-03-12T16:27:12.908+0000] {logging_mixin.py:190} INFO - Task hostname:80e0d0cbfa54 operator:_PythonDecoratedOperator
[2026-03-12T16:27:13.159+0000] {local_task_job_runner.py:266} INFO - Task exited with return code 0
[2026-03-12T16:27:13.393+0000] {taskinstance.py:3924} INFO - 4 downstream tasks scheduled from follow-on schedule check
[2026-03-12T16:27:13.405+0000] {local_task_job_runner.py:245} INFO - ::endgroup::
