[2026-03-16T15:32:58.847+0000] {local_task_job_runner.py:123} INFO - ::group::Pre task execution logs
[2026-03-16T15:32:59.047+0000] {taskinstance.py:2631} INFO - Dependencies all met for dep_context=non-requeueable deps ti=<TaskInstance: dag_get_data_from_yf.olhc_branching.get_csv_low scheduled__2026-03-06T17:00:00+00:00 [queued]>
[2026-03-16T15:32:59.069+0000] {taskinstance.py:2631} INFO - Dependencies all met for dep_context=requeueable deps ti=<TaskInstance: dag_get_data_from_yf.olhc_branching.get_csv_low scheduled__2026-03-06T17:00:00+00:00 [queued]>
[2026-03-16T15:32:59.069+0000] {taskinstance.py:2884} INFO - Starting attempt 1 of 1
[2026-03-16T15:32:59.106+0000] {taskinstance.py:2907} INFO - Executing <Task(_PythonDecoratedOperator): olhc_branching.get_csv_low> on 2026-03-06 17:00:00+00:00
[2026-03-16T15:32:59.185+0000] {warnings.py:112} WARNING - /home/***/.local/lib/python3.12/site-packages/***/task/task_runner/standard_task_runner.py:70: DeprecationWarning: This process (pid=1537) is multi-threaded, use of fork() may lead to deadlocks in the child.
  pid = os.fork()

[2026-03-16T15:32:59.202+0000] {standard_task_runner.py:72} INFO - Started process 1677 to run task
[2026-03-16T15:32:59.248+0000] {standard_task_runner.py:104} INFO - Running: ['***', 'tasks', 'run', 'dag_get_data_from_yf', 'olhc_branching.get_csv_low', 'scheduled__2026-03-06T17:00:00+00:00', '--job-id', '1266', '--raw', '--subdir', 'DAGS_FOLDER/get_finance_yf_csv.py', '--cfg-path', '/tmp/tmpo_w1bf4s']
[2026-03-16T15:32:59.292+0000] {standard_task_runner.py:105} INFO - Job 1266: Subtask olhc_branching.get_csv_low
[2026-03-16T15:32:59.910+0000] {task_command.py:467} INFO - Running <TaskInstance: dag_get_data_from_yf.olhc_branching.get_csv_low scheduled__2026-03-06T17:00:00+00:00 [running]> on host 82763a516181
[2026-03-16T15:33:01.370+0000] {taskinstance.py:3157} INFO - Exporting env vars: AIRFLOW_CTX_DAG_OWNER='***' AIRFLOW_CTX_DAG_ID='dag_get_data_from_yf' AIRFLOW_CTX_TASK_ID='olhc_branching.get_csv_low' AIRFLOW_CTX_EXECUTION_DATE='2026-03-06T17:00:00+00:00' AIRFLOW_CTX_TRY_NUMBER='1' AIRFLOW_CTX_DAG_RUN_ID='scheduled__2026-03-06T17:00:00+00:00'
[2026-03-16T15:33:01.384+0000] {logging_mixin.py:190} INFO - Task instance is in running state
[2026-03-16T15:33:01.392+0000] {logging_mixin.py:190} INFO -  Previous state of the Task instance: queued
[2026-03-16T15:33:01.394+0000] {logging_mixin.py:190} INFO - Current task name:olhc_branching.get_csv_low state:running start_date:2026-03-16 15:32:59.047943+00:00
[2026-03-16T15:33:01.396+0000] {logging_mixin.py:190} INFO - Dag name:dag_get_data_from_yf and current dag run status:running
[2026-03-16T15:33:01.398+0000] {taskinstance.py:740} INFO - ::endgroup::
[2026-03-16T15:33:01.435+0000] {logging_mixin.py:190} INFO - Ini csv_string_low:  None
[2026-03-16T15:33:01.442+0000] {python.py:240} INFO - Done. Returned value was: /opt/***/scripts/saham_indonesia_low.csv
[2026-03-16T15:33:01.683+0000] {taskinstance.py:349} INFO - ::group::Post task execution logs
[2026-03-16T15:33:01.685+0000] {taskinstance.py:361} INFO - Marking task as SUCCESS. dag_id=dag_get_data_from_yf, task_id=olhc_branching.get_csv_low, run_id=scheduled__2026-03-06T17:00:00+00:00, execution_date=20260306T170000, start_date=20260316T153259, end_date=20260316T153301
[2026-03-16T15:33:01.835+0000] {logging_mixin.py:190} INFO - Task instance in success state
[2026-03-16T15:33:01.838+0000] {logging_mixin.py:190} INFO -  Previous state of the Task instance: running
[2026-03-16T15:33:01.839+0000] {logging_mixin.py:190} INFO - Dag name:dag_get_data_from_yf queued_at:2026-03-16 15:30:00.007524+00:00
[2026-03-16T15:33:01.840+0000] {logging_mixin.py:190} INFO - Task hostname:82763a516181 operator:_PythonDecoratedOperator
[2026-03-16T15:33:02.016+0000] {local_task_job_runner.py:266} INFO - Task exited with return code 0
[2026-03-16T15:33:02.109+0000] {taskinstance.py:3924} INFO - 0 downstream tasks scheduled from follow-on schedule check
[2026-03-16T15:33:02.118+0000] {local_task_job_runner.py:245} INFO - ::endgroup::
[2026-03-16T16:01:53.177+0000] {local_task_job_runner.py:123} INFO - ::group::Pre task execution logs
[2026-03-16T16:01:53.346+0000] {taskinstance.py:2631} INFO - Dependencies all met for dep_context=non-requeueable deps ti=<TaskInstance: dag_get_data_from_yf.olhc_branching.get_csv_low scheduled__2026-03-06T17:00:00+00:00 [queued]>
[2026-03-16T16:01:53.374+0000] {taskinstance.py:2631} INFO - Dependencies all met for dep_context=requeueable deps ti=<TaskInstance: dag_get_data_from_yf.olhc_branching.get_csv_low scheduled__2026-03-06T17:00:00+00:00 [queued]>
[2026-03-16T16:01:53.375+0000] {taskinstance.py:2884} INFO - Starting attempt 1 of 1
[2026-03-16T16:01:53.428+0000] {taskinstance.py:2907} INFO - Executing <Task(_PythonDecoratedOperator): olhc_branching.get_csv_low> on 2026-03-06 17:00:00+00:00
[2026-03-16T16:01:53.472+0000] {standard_task_runner.py:104} INFO - Running: ['***', 'tasks', 'run', 'dag_get_data_from_yf', 'olhc_branching.get_csv_low', 'scheduled__2026-03-06T17:00:00+00:00', '--job-id', '1333', '--raw', '--subdir', 'DAGS_FOLDER/get_finance_yf_csv.py', '--cfg-path', '/tmp/tmpr3klf654']
[2026-03-16T16:01:53.475+0000] {standard_task_runner.py:105} INFO - Job 1333: Subtask olhc_branching.get_csv_low
[2026-03-16T16:01:53.456+0000] {warnings.py:112} WARNING - /home/***/.local/lib/python3.12/site-packages/***/task/task_runner/standard_task_runner.py:70: DeprecationWarning: This process (pid=335) is multi-threaded, use of fork() may lead to deadlocks in the child.
  pid = os.fork()

[2026-03-16T16:01:53.484+0000] {standard_task_runner.py:72} INFO - Started process 482 to run task
[2026-03-16T16:01:53.837+0000] {task_command.py:467} INFO - Running <TaskInstance: dag_get_data_from_yf.olhc_branching.get_csv_low scheduled__2026-03-06T17:00:00+00:00 [running]> on host 957a712a5251
[2026-03-16T16:01:54.420+0000] {taskinstance.py:3157} INFO - Exporting env vars: AIRFLOW_CTX_DAG_OWNER='***' AIRFLOW_CTX_DAG_ID='dag_get_data_from_yf' AIRFLOW_CTX_TASK_ID='olhc_branching.get_csv_low' AIRFLOW_CTX_EXECUTION_DATE='2026-03-06T17:00:00+00:00' AIRFLOW_CTX_TRY_NUMBER='1' AIRFLOW_CTX_DAG_RUN_ID='scheduled__2026-03-06T17:00:00+00:00'
[2026-03-16T16:01:54.423+0000] {logging_mixin.py:190} INFO - Task instance is in running state
[2026-03-16T16:01:54.425+0000] {logging_mixin.py:190} INFO -  Previous state of the Task instance: queued
[2026-03-16T16:01:54.426+0000] {logging_mixin.py:190} INFO - Current task name:olhc_branching.get_csv_low state:running start_date:2026-03-16 16:01:53.347118+00:00
[2026-03-16T16:01:54.426+0000] {logging_mixin.py:190} INFO - Dag name:dag_get_data_from_yf and current dag run status:running
[2026-03-16T16:01:54.427+0000] {taskinstance.py:740} INFO - ::endgroup::
[2026-03-16T16:01:54.439+0000] {logging_mixin.py:190} INFO - Ini csv_string_low:  None
[2026-03-16T16:01:54.440+0000] {python.py:240} INFO - Done. Returned value was: /opt/***/scripts/saham_indonesia_low.csv
[2026-03-16T16:01:54.539+0000] {taskinstance.py:349} INFO - ::group::Post task execution logs
[2026-03-16T16:01:54.540+0000] {taskinstance.py:361} INFO - Marking task as SUCCESS. dag_id=dag_get_data_from_yf, task_id=olhc_branching.get_csv_low, run_id=scheduled__2026-03-06T17:00:00+00:00, execution_date=20260306T170000, start_date=20260316T160153, end_date=20260316T160154
[2026-03-16T16:01:54.681+0000] {logging_mixin.py:190} INFO - Task instance in success state
[2026-03-16T16:01:54.682+0000] {logging_mixin.py:190} INFO -  Previous state of the Task instance: running
[2026-03-16T16:01:54.684+0000] {logging_mixin.py:190} INFO - Dag name:dag_get_data_from_yf queued_at:2026-03-16 15:59:45.045879+00:00
[2026-03-16T16:01:54.685+0000] {logging_mixin.py:190} INFO - Task hostname:957a712a5251 operator:_PythonDecoratedOperator
[2026-03-16T16:01:54.739+0000] {local_task_job_runner.py:266} INFO - Task exited with return code 0
[2026-03-16T16:01:54.838+0000] {local_task_job_runner.py:245} INFO - ::endgroup::
[2026-03-16T17:19:01.615+0000] {local_task_job_runner.py:123} INFO - ::group::Pre task execution logs
[2026-03-16T17:19:01.714+0000] {taskinstance.py:2631} INFO - Dependencies all met for dep_context=non-requeueable deps ti=<TaskInstance: dag_get_data_from_yf.olhc_branching.get_csv_low scheduled__2026-03-06T17:00:00+00:00 [queued]>
[2026-03-16T17:19:01.747+0000] {taskinstance.py:2631} INFO - Dependencies all met for dep_context=requeueable deps ti=<TaskInstance: dag_get_data_from_yf.olhc_branching.get_csv_low scheduled__2026-03-06T17:00:00+00:00 [queued]>
[2026-03-16T17:19:01.748+0000] {taskinstance.py:2884} INFO - Starting attempt 1 of 1
[2026-03-16T17:19:02.025+0000] {taskinstance.py:2907} INFO - Executing <Task(_PythonDecoratedOperator): olhc_branching.get_csv_low> on 2026-03-06 17:00:00+00:00
[2026-03-16T17:19:02.066+0000] {warnings.py:112} WARNING - /home/***/.local/lib/python3.12/site-packages/***/task/task_runner/standard_task_runner.py:70: DeprecationWarning: This process (pid=1998) is multi-threaded, use of fork() may lead to deadlocks in the child.
  pid = os.fork()

[2026-03-16T17:19:02.074+0000] {standard_task_runner.py:72} INFO - Started process 2038 to run task
[2026-03-16T17:19:02.212+0000] {standard_task_runner.py:104} INFO - Running: ['***', 'tasks', 'run', 'dag_get_data_from_yf', 'olhc_branching.get_csv_low', 'scheduled__2026-03-06T17:00:00+00:00', '--job-id', '1408', '--raw', '--subdir', 'DAGS_FOLDER/get_finance_yf_csv.py', '--cfg-path', '/tmp/tmpser4mhjf']
[2026-03-16T17:19:02.214+0000] {standard_task_runner.py:105} INFO - Job 1408: Subtask olhc_branching.get_csv_low
[2026-03-16T17:19:03.254+0000] {task_command.py:467} INFO - Running <TaskInstance: dag_get_data_from_yf.olhc_branching.get_csv_low scheduled__2026-03-06T17:00:00+00:00 [running]> on host 957a712a5251
[2026-03-16T17:19:13.956+0000] {abstractoperator.py:793} ERROR - Exception rendering Jinja template for task 'olhc_branching.get_csv_low', field 'op_args'. Template: (XComArg(<Task(_PythonDecoratedOperator): get_data_from_yf>),)
Traceback (most recent call last):
  File "/home/airflow/.local/lib/python3.12/site-packages/sqlalchemy/engine/base.py", line 3371, in _wrap_pool_connect
    return fn()
           ^^^^
  File "/home/airflow/.local/lib/python3.12/site-packages/sqlalchemy/pool/base.py", line 327, in connect
    return _ConnectionFairy._checkout(self)
           ^^^^^^^^^^^^^^^^^^^^^^^^^^^^^^^^
  File "/home/airflow/.local/lib/python3.12/site-packages/sqlalchemy/pool/base.py", line 894, in _checkout
    fairy = _ConnectionRecord.checkout(pool)
            ^^^^^^^^^^^^^^^^^^^^^^^^^^^^^^^^
  File "/home/airflow/.local/lib/python3.12/site-packages/sqlalchemy/pool/base.py", line 493, in checkout
    rec = pool._do_get()
          ^^^^^^^^^^^^^^
  File "/home/airflow/.local/lib/python3.12/site-packages/sqlalchemy/pool/impl.py", line 256, in _do_get
    return self._create_connection()
           ^^^^^^^^^^^^^^^^^^^^^^^^^
  File "/home/airflow/.local/lib/python3.12/site-packages/sqlalchemy/pool/base.py", line 273, in _create_connection
    return _ConnectionRecord(self)
           ^^^^^^^^^^^^^^^^^^^^^^^
  File "/home/airflow/.local/lib/python3.12/site-packages/sqlalchemy/pool/base.py", line 388, in __init__
    self.__connect()
  File "/home/airflow/.local/lib/python3.12/site-packages/sqlalchemy/pool/base.py", line 690, in __connect
    with util.safe_reraise():
         ^^^^^^^^^^^^^^^^^^^
  File "/home/airflow/.local/lib/python3.12/site-packages/sqlalchemy/util/langhelpers.py", line 70, in __exit__
    compat.raise_(
  File "/home/airflow/.local/lib/python3.12/site-packages/sqlalchemy/util/compat.py", line 211, in raise_
    raise exception
  File "/home/airflow/.local/lib/python3.12/site-packages/sqlalchemy/pool/base.py", line 686, in __connect
    self.dbapi_connection = connection = pool._invoke_creator(self)
                                         ^^^^^^^^^^^^^^^^^^^^^^^^^^
  File "/home/airflow/.local/lib/python3.12/site-packages/sqlalchemy/engine/create.py", line 574, in connect
    return dialect.connect(*cargs, **cparams)
           ^^^^^^^^^^^^^^^^^^^^^^^^^^^^^^^^^^
  File "/home/airflow/.local/lib/python3.12/site-packages/sqlalchemy/engine/default.py", line 598, in connect
    return self.dbapi.connect(*cargs, **cparams)
           ^^^^^^^^^^^^^^^^^^^^^^^^^^^^^^^^^^^^^
  File "/home/airflow/.local/lib/python3.12/site-packages/psycopg2/__init__.py", line 122, in connect
    conn = _connect(dsn, connection_factory=connection_factory, **kwasync)
           ^^^^^^^^^^^^^^^^^^^^^^^^^^^^^^^^^^^^^^^^^^^^^^^^^^^^^^^^^^^^^^^
psycopg2.OperationalError: could not translate host name "postgres" to address: Temporary failure in name resolution


The above exception was the direct cause of the following exception:

Traceback (most recent call last):
  File "/home/airflow/.local/lib/python3.12/site-packages/airflow/models/abstractoperator.py", line 785, in _do_render_template_fields
    rendered_content = self.render_template(
                       ^^^^^^^^^^^^^^^^^^^^^
  File "/home/airflow/.local/lib/python3.12/site-packages/airflow/template/templater.py", line 179, in render_template
    return tuple(self.render_template(element, context, jinja_env, oids) for element in value)
           ^^^^^^^^^^^^^^^^^^^^^^^^^^^^^^^^^^^^^^^^^^^^^^^^^^^^^^^^^^^^^^^^^^^^^^^^^^^^^^^^^^^
  File "/home/airflow/.local/lib/python3.12/site-packages/airflow/template/templater.py", line 179, in <genexpr>
    return tuple(self.render_template(element, context, jinja_env, oids) for element in value)
                 ^^^^^^^^^^^^^^^^^^^^^^^^^^^^^^^^^^^^^^^^^^^^^^^^^^^^^^^
  File "/home/airflow/.local/lib/python3.12/site-packages/airflow/template/templater.py", line 175, in render_template
    return value.resolve(context, include_xcom=True)
           ^^^^^^^^^^^^^^^^^^^^^^^^^^^^^^^^^^^^^^^^^
  File "/home/airflow/.local/lib/python3.12/site-packages/airflow/utils/session.py", line 97, in wrapper
    return func(*args, session=session, **kwargs)
           ^^^^^^^^^^^^^^^^^^^^^^^^^^^^^^^^^^^^^^
  File "/home/airflow/.local/lib/python3.12/site-packages/airflow/models/xcom_arg.py", line 450, in resolve
    result = ti.xcom_pull(
             ^^^^^^^^^^^^^
  File "/home/airflow/.local/lib/python3.12/site-packages/airflow/utils/session.py", line 94, in wrapper
    return func(*args, **kwargs)
           ^^^^^^^^^^^^^^^^^^^^^
  File "/home/airflow/.local/lib/python3.12/site-packages/airflow/models/taskinstance.py", line 3721, in xcom_pull
    return _xcom_pull(
           ^^^^^^^^^^^
  File "/home/airflow/.local/lib/python3.12/site-packages/airflow/api_internal/internal_api_call.py", line 166, in wrapper
    return func(*args, **kwargs)
           ^^^^^^^^^^^^^^^^^^^^^
  File "/home/airflow/.local/lib/python3.12/site-packages/airflow/utils/session.py", line 94, in wrapper
    return func(*args, **kwargs)
           ^^^^^^^^^^^^^^^^^^^^^
  File "/home/airflow/.local/lib/python3.12/site-packages/airflow/models/taskinstance.py", line 637, in _xcom_pull
    ).first()
      ^^^^^^^
  File "/home/airflow/.local/lib/python3.12/site-packages/sqlalchemy/orm/query.py", line 2824, in first
    return self.limit(1)._iter().first()
           ^^^^^^^^^^^^^^^^^^^^^
  File "/home/airflow/.local/lib/python3.12/site-packages/sqlalchemy/orm/query.py", line 2916, in _iter
    result = self.session.execute(
             ^^^^^^^^^^^^^^^^^^^^^
  File "/home/airflow/.local/lib/python3.12/site-packages/sqlalchemy/orm/session.py", line 1716, in execute
    conn = self._connection_for_bind(bind)
           ^^^^^^^^^^^^^^^^^^^^^^^^^^^^^^^
  File "/home/airflow/.local/lib/python3.12/site-packages/sqlalchemy/orm/session.py", line 1555, in _connection_for_bind
    return self._transaction._connection_for_bind(
           ^^^^^^^^^^^^^^^^^^^^^^^^^^^^^^^^^^^^^^^
  File "/home/airflow/.local/lib/python3.12/site-packages/sqlalchemy/orm/session.py", line 750, in _connection_for_bind
    conn = bind.connect()
           ^^^^^^^^^^^^^^
  File "/home/airflow/.local/lib/python3.12/site-packages/sqlalchemy/future/engine.py", line 412, in connect
    return super(Engine, self).connect()
           ^^^^^^^^^^^^^^^^^^^^^^^^^^^^^
  File "/home/airflow/.local/lib/python3.12/site-packages/sqlalchemy/engine/base.py", line 3325, in connect
    return self._connection_cls(self, close_with_result=close_with_result)
           ^^^^^^^^^^^^^^^^^^^^^^^^^^^^^^^^^^^^^^^^^^^^^^^^^^^^^^^^^^^^^^^
  File "/home/airflow/.local/lib/python3.12/site-packages/sqlalchemy/engine/base.py", line 96, in __init__
    else engine.raw_connection()
         ^^^^^^^^^^^^^^^^^^^^^^^
  File "/home/airflow/.local/lib/python3.12/site-packages/sqlalchemy/engine/base.py", line 3404, in raw_connection
    return self._wrap_pool_connect(self.pool.connect, _connection)
           ^^^^^^^^^^^^^^^^^^^^^^^^^^^^^^^^^^^^^^^^^^^^^^^^^^^^^^^
  File "/home/airflow/.local/lib/python3.12/site-packages/sqlalchemy/engine/base.py", line 3374, in _wrap_pool_connect
    Connection._handle_dbapi_exception_noconnection(
  File "/home/airflow/.local/lib/python3.12/site-packages/sqlalchemy/engine/base.py", line 2208, in _handle_dbapi_exception_noconnection
    util.raise_(
  File "/home/airflow/.local/lib/python3.12/site-packages/sqlalchemy/util/compat.py", line 211, in raise_
    raise exception
  File "/home/airflow/.local/lib/python3.12/site-packages/sqlalchemy/engine/base.py", line 3371, in _wrap_pool_connect
    return fn()
           ^^^^
  File "/home/airflow/.local/lib/python3.12/site-packages/sqlalchemy/pool/base.py", line 327, in connect
    return _ConnectionFairy._checkout(self)
           ^^^^^^^^^^^^^^^^^^^^^^^^^^^^^^^^
  File "/home/airflow/.local/lib/python3.12/site-packages/sqlalchemy/pool/base.py", line 894, in _checkout
    fairy = _ConnectionRecord.checkout(pool)
            ^^^^^^^^^^^^^^^^^^^^^^^^^^^^^^^^
  File "/home/airflow/.local/lib/python3.12/site-packages/sqlalchemy/pool/base.py", line 493, in checkout
    rec = pool._do_get()
          ^^^^^^^^^^^^^^
  File "/home/airflow/.local/lib/python3.12/site-packages/sqlalchemy/pool/impl.py", line 256, in _do_get
    return self._create_connection()
           ^^^^^^^^^^^^^^^^^^^^^^^^^
  File "/home/airflow/.local/lib/python3.12/site-packages/sqlalchemy/pool/base.py", line 273, in _create_connection
    return _ConnectionRecord(self)
           ^^^^^^^^^^^^^^^^^^^^^^^
  File "/home/airflow/.local/lib/python3.12/site-packages/sqlalchemy/pool/base.py", line 388, in __init__
    self.__connect()
  File "/home/airflow/.local/lib/python3.12/site-packages/sqlalchemy/pool/base.py", line 690, in __connect
    with util.safe_reraise():
         ^^^^^^^^^^^^^^^^^^^
  File "/home/airflow/.local/lib/python3.12/site-packages/sqlalchemy/util/langhelpers.py", line 70, in __exit__
    compat.raise_(
  File "/home/airflow/.local/lib/python3.12/site-packages/sqlalchemy/util/compat.py", line 211, in raise_
    raise exception
  File "/home/airflow/.local/lib/python3.12/site-packages/sqlalchemy/pool/base.py", line 686, in __connect
    self.dbapi_connection = connection = pool._invoke_creator(self)
                                         ^^^^^^^^^^^^^^^^^^^^^^^^^^
  File "/home/airflow/.local/lib/python3.12/site-packages/sqlalchemy/engine/create.py", line 574, in connect
    return dialect.connect(*cargs, **cparams)
           ^^^^^^^^^^^^^^^^^^^^^^^^^^^^^^^^^^
  File "/home/airflow/.local/lib/python3.12/site-packages/sqlalchemy/engine/default.py", line 598, in connect
    return self.dbapi.connect(*cargs, **cparams)
           ^^^^^^^^^^^^^^^^^^^^^^^^^^^^^^^^^^^^^
  File "/home/airflow/.local/lib/python3.12/site-packages/psycopg2/__init__.py", line 122, in connect
    conn = _connect(dsn, connection_factory=connection_factory, **kwasync)
           ^^^^^^^^^^^^^^^^^^^^^^^^^^^^^^^^^^^^^^^^^^^^^^^^^^^^^^^^^^^^^^^
sqlalchemy.exc.OperationalError: (psycopg2.OperationalError) could not translate host name "postgres" to address: Temporary failure in name resolution

(Background on this error at: https://sqlalche.me/e/14/e3q8)
[2026-03-16T17:19:14.271+0000] {taskinstance.py:3336} ERROR - Task failed with exception
Traceback (most recent call last):
  File "/home/airflow/.local/lib/python3.12/site-packages/sqlalchemy/engine/base.py", line 3371, in _wrap_pool_connect
    return fn()
           ^^^^
  File "/home/airflow/.local/lib/python3.12/site-packages/sqlalchemy/pool/base.py", line 327, in connect
    return _ConnectionFairy._checkout(self)
           ^^^^^^^^^^^^^^^^^^^^^^^^^^^^^^^^
  File "/home/airflow/.local/lib/python3.12/site-packages/sqlalchemy/pool/base.py", line 894, in _checkout
    fairy = _ConnectionRecord.checkout(pool)
            ^^^^^^^^^^^^^^^^^^^^^^^^^^^^^^^^
  File "/home/airflow/.local/lib/python3.12/site-packages/sqlalchemy/pool/base.py", line 493, in checkout
    rec = pool._do_get()
          ^^^^^^^^^^^^^^
  File "/home/airflow/.local/lib/python3.12/site-packages/sqlalchemy/pool/impl.py", line 256, in _do_get
    return self._create_connection()
           ^^^^^^^^^^^^^^^^^^^^^^^^^
  File "/home/airflow/.local/lib/python3.12/site-packages/sqlalchemy/pool/base.py", line 273, in _create_connection
    return _ConnectionRecord(self)
           ^^^^^^^^^^^^^^^^^^^^^^^
  File "/home/airflow/.local/lib/python3.12/site-packages/sqlalchemy/pool/base.py", line 388, in __init__
    self.__connect()
  File "/home/airflow/.local/lib/python3.12/site-packages/sqlalchemy/pool/base.py", line 690, in __connect
    with util.safe_reraise():
         ^^^^^^^^^^^^^^^^^^^
  File "/home/airflow/.local/lib/python3.12/site-packages/sqlalchemy/util/langhelpers.py", line 70, in __exit__
    compat.raise_(
  File "/home/airflow/.local/lib/python3.12/site-packages/sqlalchemy/util/compat.py", line 211, in raise_
    raise exception
  File "/home/airflow/.local/lib/python3.12/site-packages/sqlalchemy/pool/base.py", line 686, in __connect
    self.dbapi_connection = connection = pool._invoke_creator(self)
                                         ^^^^^^^^^^^^^^^^^^^^^^^^^^
  File "/home/airflow/.local/lib/python3.12/site-packages/sqlalchemy/engine/create.py", line 574, in connect
    return dialect.connect(*cargs, **cparams)
           ^^^^^^^^^^^^^^^^^^^^^^^^^^^^^^^^^^
  File "/home/airflow/.local/lib/python3.12/site-packages/sqlalchemy/engine/default.py", line 598, in connect
    return self.dbapi.connect(*cargs, **cparams)
           ^^^^^^^^^^^^^^^^^^^^^^^^^^^^^^^^^^^^^
  File "/home/airflow/.local/lib/python3.12/site-packages/psycopg2/__init__.py", line 122, in connect
    conn = _connect(dsn, connection_factory=connection_factory, **kwasync)
           ^^^^^^^^^^^^^^^^^^^^^^^^^^^^^^^^^^^^^^^^^^^^^^^^^^^^^^^^^^^^^^^
psycopg2.OperationalError: could not translate host name "postgres" to address: Temporary failure in name resolution


The above exception was the direct cause of the following exception:

Traceback (most recent call last):
  File "/home/airflow/.local/lib/python3.12/site-packages/airflow/models/taskinstance.py", line 282, in _run_raw_task
    TaskInstance._execute_task_with_callbacks(
  File "/home/airflow/.local/lib/python3.12/site-packages/airflow/models/taskinstance.py", line 3140, in _execute_task_with_callbacks
    task_orig = self.render_templates(context=context, jinja_env=jinja_env)
                ^^^^^^^^^^^^^^^^^^^^^^^^^^^^^^^^^^^^^^^^^^^^^^^^^^^^^^^^^^^
  File "/home/airflow/.local/lib/python3.12/site-packages/airflow/models/taskinstance.py", line 3563, in render_templates
    original_task.render_template_fields(context, jinja_env)
  File "/home/airflow/.local/lib/python3.12/site-packages/airflow/models/baseoperator.py", line 1446, in render_template_fields
    self._do_render_template_fields(self, self.template_fields, context, jinja_env, set())
  File "/home/airflow/.local/lib/python3.12/site-packages/airflow/models/abstractoperator.py", line 785, in _do_render_template_fields
    rendered_content = self.render_template(
                       ^^^^^^^^^^^^^^^^^^^^^
  File "/home/airflow/.local/lib/python3.12/site-packages/airflow/template/templater.py", line 179, in render_template
    return tuple(self.render_template(element, context, jinja_env, oids) for element in value)
           ^^^^^^^^^^^^^^^^^^^^^^^^^^^^^^^^^^^^^^^^^^^^^^^^^^^^^^^^^^^^^^^^^^^^^^^^^^^^^^^^^^^
  File "/home/airflow/.local/lib/python3.12/site-packages/airflow/template/templater.py", line 179, in <genexpr>
    return tuple(self.render_template(element, context, jinja_env, oids) for element in value)
                 ^^^^^^^^^^^^^^^^^^^^^^^^^^^^^^^^^^^^^^^^^^^^^^^^^^^^^^^
  File "/home/airflow/.local/lib/python3.12/site-packages/airflow/template/templater.py", line 175, in render_template
    return value.resolve(context, include_xcom=True)
           ^^^^^^^^^^^^^^^^^^^^^^^^^^^^^^^^^^^^^^^^^
  File "/home/airflow/.local/lib/python3.12/site-packages/airflow/utils/session.py", line 97, in wrapper
    return func(*args, session=session, **kwargs)
           ^^^^^^^^^^^^^^^^^^^^^^^^^^^^^^^^^^^^^^
  File "/home/airflow/.local/lib/python3.12/site-packages/airflow/models/xcom_arg.py", line 450, in resolve
    result = ti.xcom_pull(
             ^^^^^^^^^^^^^
  File "/home/airflow/.local/lib/python3.12/site-packages/airflow/utils/session.py", line 94, in wrapper
    return func(*args, **kwargs)
           ^^^^^^^^^^^^^^^^^^^^^
  File "/home/airflow/.local/lib/python3.12/site-packages/airflow/models/taskinstance.py", line 3721, in xcom_pull
    return _xcom_pull(
           ^^^^^^^^^^^
  File "/home/airflow/.local/lib/python3.12/site-packages/airflow/api_internal/internal_api_call.py", line 166, in wrapper
    return func(*args, **kwargs)
           ^^^^^^^^^^^^^^^^^^^^^
  File "/home/airflow/.local/lib/python3.12/site-packages/airflow/utils/session.py", line 94, in wrapper
    return func(*args, **kwargs)
           ^^^^^^^^^^^^^^^^^^^^^
  File "/home/airflow/.local/lib/python3.12/site-packages/airflow/models/taskinstance.py", line 637, in _xcom_pull
    ).first()
      ^^^^^^^
  File "/home/airflow/.local/lib/python3.12/site-packages/sqlalchemy/orm/query.py", line 2824, in first
    return self.limit(1)._iter().first()
           ^^^^^^^^^^^^^^^^^^^^^
  File "/home/airflow/.local/lib/python3.12/site-packages/sqlalchemy/orm/query.py", line 2916, in _iter
    result = self.session.execute(
             ^^^^^^^^^^^^^^^^^^^^^
  File "/home/airflow/.local/lib/python3.12/site-packages/sqlalchemy/orm/session.py", line 1716, in execute
    conn = self._connection_for_bind(bind)
           ^^^^^^^^^^^^^^^^^^^^^^^^^^^^^^^
  File "/home/airflow/.local/lib/python3.12/site-packages/sqlalchemy/orm/session.py", line 1555, in _connection_for_bind
    return self._transaction._connection_for_bind(
           ^^^^^^^^^^^^^^^^^^^^^^^^^^^^^^^^^^^^^^^
  File "/home/airflow/.local/lib/python3.12/site-packages/sqlalchemy/orm/session.py", line 750, in _connection_for_bind
    conn = bind.connect()
           ^^^^^^^^^^^^^^
  File "/home/airflow/.local/lib/python3.12/site-packages/sqlalchemy/future/engine.py", line 412, in connect
    return super(Engine, self).connect()
           ^^^^^^^^^^^^^^^^^^^^^^^^^^^^^
  File "/home/airflow/.local/lib/python3.12/site-packages/sqlalchemy/engine/base.py", line 3325, in connect
    return self._connection_cls(self, close_with_result=close_with_result)
           ^^^^^^^^^^^^^^^^^^^^^^^^^^^^^^^^^^^^^^^^^^^^^^^^^^^^^^^^^^^^^^^
  File "/home/airflow/.local/lib/python3.12/site-packages/sqlalchemy/engine/base.py", line 96, in __init__
    else engine.raw_connection()
         ^^^^^^^^^^^^^^^^^^^^^^^
  File "/home/airflow/.local/lib/python3.12/site-packages/sqlalchemy/engine/base.py", line 3404, in raw_connection
    return self._wrap_pool_connect(self.pool.connect, _connection)
           ^^^^^^^^^^^^^^^^^^^^^^^^^^^^^^^^^^^^^^^^^^^^^^^^^^^^^^^
  File "/home/airflow/.local/lib/python3.12/site-packages/sqlalchemy/engine/base.py", line 3374, in _wrap_pool_connect
    Connection._handle_dbapi_exception_noconnection(
  File "/home/airflow/.local/lib/python3.12/site-packages/sqlalchemy/engine/base.py", line 2208, in _handle_dbapi_exception_noconnection
    util.raise_(
  File "/home/airflow/.local/lib/python3.12/site-packages/sqlalchemy/util/compat.py", line 211, in raise_
    raise exception
  File "/home/airflow/.local/lib/python3.12/site-packages/sqlalchemy/engine/base.py", line 3371, in _wrap_pool_connect
    return fn()
           ^^^^
  File "/home/airflow/.local/lib/python3.12/site-packages/sqlalchemy/pool/base.py", line 327, in connect
    return _ConnectionFairy._checkout(self)
           ^^^^^^^^^^^^^^^^^^^^^^^^^^^^^^^^
  File "/home/airflow/.local/lib/python3.12/site-packages/sqlalchemy/pool/base.py", line 894, in _checkout
    fairy = _ConnectionRecord.checkout(pool)
            ^^^^^^^^^^^^^^^^^^^^^^^^^^^^^^^^
  File "/home/airflow/.local/lib/python3.12/site-packages/sqlalchemy/pool/base.py", line 493, in checkout
    rec = pool._do_get()
          ^^^^^^^^^^^^^^
  File "/home/airflow/.local/lib/python3.12/site-packages/sqlalchemy/pool/impl.py", line 256, in _do_get
    return self._create_connection()
           ^^^^^^^^^^^^^^^^^^^^^^^^^
  File "/home/airflow/.local/lib/python3.12/site-packages/sqlalchemy/pool/base.py", line 273, in _create_connection
    return _ConnectionRecord(self)
           ^^^^^^^^^^^^^^^^^^^^^^^
  File "/home/airflow/.local/lib/python3.12/site-packages/sqlalchemy/pool/base.py", line 388, in __init__
    self.__connect()
  File "/home/airflow/.local/lib/python3.12/site-packages/sqlalchemy/pool/base.py", line 690, in __connect
    with util.safe_reraise():
         ^^^^^^^^^^^^^^^^^^^
  File "/home/airflow/.local/lib/python3.12/site-packages/sqlalchemy/util/langhelpers.py", line 70, in __exit__
    compat.raise_(
  File "/home/airflow/.local/lib/python3.12/site-packages/sqlalchemy/util/compat.py", line 211, in raise_
    raise exception
  File "/home/airflow/.local/lib/python3.12/site-packages/sqlalchemy/pool/base.py", line 686, in __connect
    self.dbapi_connection = connection = pool._invoke_creator(self)
                                         ^^^^^^^^^^^^^^^^^^^^^^^^^^
  File "/home/airflow/.local/lib/python3.12/site-packages/sqlalchemy/engine/create.py", line 574, in connect
    return dialect.connect(*cargs, **cparams)
           ^^^^^^^^^^^^^^^^^^^^^^^^^^^^^^^^^^
  File "/home/airflow/.local/lib/python3.12/site-packages/sqlalchemy/engine/default.py", line 598, in connect
    return self.dbapi.connect(*cargs, **cparams)
           ^^^^^^^^^^^^^^^^^^^^^^^^^^^^^^^^^^^^^
  File "/home/airflow/.local/lib/python3.12/site-packages/psycopg2/__init__.py", line 122, in connect
    conn = _connect(dsn, connection_factory=connection_factory, **kwasync)
           ^^^^^^^^^^^^^^^^^^^^^^^^^^^^^^^^^^^^^^^^^^^^^^^^^^^^^^^^^^^^^^^
sqlalchemy.exc.OperationalError: (psycopg2.OperationalError) could not translate host name "postgres" to address: Temporary failure in name resolution

(Background on this error at: https://sqlalche.me/e/14/e3q8)
[2026-03-16T17:19:16.288+0000] {logging_mixin.py:190} INFO - Task instance in failure state
[2026-03-16T17:19:16.314+0000] {logging_mixin.py:190} INFO - Task start:2026-03-16 17:19:01.714904+00:00 end:2026-03-16 17:19:16.242917+00:00 duration:14.528013
[2026-03-16T17:19:16.317+0000] {logging_mixin.py:190} INFO - Task:<Task(_PythonDecoratedOperator): olhc_branching.get_csv_low> dag:<DAG: dag_get_data_from_yf> dagrun:<DagRun dag_get_data_from_yf @ 2026-03-06 17:00:00+00:00: scheduled__2026-03-06T17:00:00+00:00, state:running, queued_at: 2026-03-16 17:15:20.249467+00:00. externally triggered: False>
[2026-03-16T17:19:16.318+0000] {logging_mixin.py:190} INFO - Failure caused by (psycopg2.OperationalError) could not translate host name "postgres" to address: Temporary failure in name resolution

(Background on this error at: https://sqlalche.me/e/14/e3q8)
[2026-03-16T17:19:16.318+0000] {taskinstance.py:1242} INFO - Marking task as FAILED. dag_id=dag_get_data_from_yf, task_id=olhc_branching.get_csv_low, run_id=scheduled__2026-03-06T17:00:00+00:00, execution_date=20260306T170000, start_date=20260316T171901, end_date=20260316T171916
[2026-03-16T17:19:16.404+0000] {job.py:229} INFO - Heartbeat recovered after 15.68 seconds
[2026-03-16T17:19:20.790+0000] {taskinstance.py:349} INFO - ::group::Post task execution logs
[2026-03-16T17:19:20.794+0000] {standard_task_runner.py:124} ERROR - Failed to execute job 1408 for task olhc_branching.get_csv_low ((psycopg2.OperationalError) could not translate host name "postgres" to address: Temporary failure in name resolution

(Background on this error at: https://sqlalche.me/e/14/e3q8); 2038)
Traceback (most recent call last):
  File "/home/airflow/.local/lib/python3.12/site-packages/sqlalchemy/engine/base.py", line 3371, in _wrap_pool_connect
    return fn()
           ^^^^
  File "/home/airflow/.local/lib/python3.12/site-packages/sqlalchemy/pool/base.py", line 327, in connect
    return _ConnectionFairy._checkout(self)
           ^^^^^^^^^^^^^^^^^^^^^^^^^^^^^^^^
  File "/home/airflow/.local/lib/python3.12/site-packages/sqlalchemy/pool/base.py", line 894, in _checkout
    fairy = _ConnectionRecord.checkout(pool)
            ^^^^^^^^^^^^^^^^^^^^^^^^^^^^^^^^
  File "/home/airflow/.local/lib/python3.12/site-packages/sqlalchemy/pool/base.py", line 493, in checkout
    rec = pool._do_get()
          ^^^^^^^^^^^^^^
  File "/home/airflow/.local/lib/python3.12/site-packages/sqlalchemy/pool/impl.py", line 256, in _do_get
    return self._create_connection()
           ^^^^^^^^^^^^^^^^^^^^^^^^^
  File "/home/airflow/.local/lib/python3.12/site-packages/sqlalchemy/pool/base.py", line 273, in _create_connection
    return _ConnectionRecord(self)
           ^^^^^^^^^^^^^^^^^^^^^^^
  File "/home/airflow/.local/lib/python3.12/site-packages/sqlalchemy/pool/base.py", line 388, in __init__
    self.__connect()
  File "/home/airflow/.local/lib/python3.12/site-packages/sqlalchemy/pool/base.py", line 690, in __connect
    with util.safe_reraise():
         ^^^^^^^^^^^^^^^^^^^
  File "/home/airflow/.local/lib/python3.12/site-packages/sqlalchemy/util/langhelpers.py", line 70, in __exit__
    compat.raise_(
  File "/home/airflow/.local/lib/python3.12/site-packages/sqlalchemy/util/compat.py", line 211, in raise_
    raise exception
  File "/home/airflow/.local/lib/python3.12/site-packages/sqlalchemy/pool/base.py", line 686, in __connect
    self.dbapi_connection = connection = pool._invoke_creator(self)
                                         ^^^^^^^^^^^^^^^^^^^^^^^^^^
  File "/home/airflow/.local/lib/python3.12/site-packages/sqlalchemy/engine/create.py", line 574, in connect
    return dialect.connect(*cargs, **cparams)
           ^^^^^^^^^^^^^^^^^^^^^^^^^^^^^^^^^^
  File "/home/airflow/.local/lib/python3.12/site-packages/sqlalchemy/engine/default.py", line 598, in connect
    return self.dbapi.connect(*cargs, **cparams)
           ^^^^^^^^^^^^^^^^^^^^^^^^^^^^^^^^^^^^^
  File "/home/airflow/.local/lib/python3.12/site-packages/psycopg2/__init__.py", line 122, in connect
    conn = _connect(dsn, connection_factory=connection_factory, **kwasync)
           ^^^^^^^^^^^^^^^^^^^^^^^^^^^^^^^^^^^^^^^^^^^^^^^^^^^^^^^^^^^^^^^
psycopg2.OperationalError: could not translate host name "postgres" to address: Temporary failure in name resolution


The above exception was the direct cause of the following exception:

Traceback (most recent call last):
  File "/home/airflow/.local/lib/python3.12/site-packages/airflow/task/task_runner/standard_task_runner.py", line 117, in _start_by_fork
    ret = args.func(args, dag=self.dag)
          ^^^^^^^^^^^^^^^^^^^^^^^^^^^^^
  File "/home/airflow/.local/lib/python3.12/site-packages/airflow/cli/cli_config.py", line 49, in command
    return func(*args, **kwargs)
           ^^^^^^^^^^^^^^^^^^^^^
  File "/home/airflow/.local/lib/python3.12/site-packages/airflow/utils/cli.py", line 116, in wrapper
    return f(*args, **kwargs)
           ^^^^^^^^^^^^^^^^^^
  File "/home/airflow/.local/lib/python3.12/site-packages/airflow/cli/commands/task_command.py", line 483, in task_run
    task_return_code = _run_task_by_selected_method(args, _dag, ti)
                       ^^^^^^^^^^^^^^^^^^^^^^^^^^^^^^^^^^^^^^^^^^^^
  File "/home/airflow/.local/lib/python3.12/site-packages/airflow/cli/commands/task_command.py", line 256, in _run_task_by_selected_method
    return _run_raw_task(args, ti)
           ^^^^^^^^^^^^^^^^^^^^^^^
  File "/home/airflow/.local/lib/python3.12/site-packages/airflow/cli/commands/task_command.py", line 341, in _run_raw_task
    return ti._run_raw_task(
           ^^^^^^^^^^^^^^^^^
  File "/home/airflow/.local/lib/python3.12/site-packages/airflow/utils/session.py", line 97, in wrapper
    return func(*args, session=session, **kwargs)
           ^^^^^^^^^^^^^^^^^^^^^^^^^^^^^^^^^^^^^^
  File "/home/airflow/.local/lib/python3.12/site-packages/airflow/models/taskinstance.py", line 3029, in _run_raw_task
    return _run_raw_task(
           ^^^^^^^^^^^^^^
  File "/home/airflow/.local/lib/python3.12/site-packages/airflow/models/taskinstance.py", line 282, in _run_raw_task
    TaskInstance._execute_task_with_callbacks(
  File "/home/airflow/.local/lib/python3.12/site-packages/airflow/models/taskinstance.py", line 3140, in _execute_task_with_callbacks
    task_orig = self.render_templates(context=context, jinja_env=jinja_env)
                ^^^^^^^^^^^^^^^^^^^^^^^^^^^^^^^^^^^^^^^^^^^^^^^^^^^^^^^^^^^
  File "/home/airflow/.local/lib/python3.12/site-packages/airflow/models/taskinstance.py", line 3563, in render_templates
    original_task.render_template_fields(context, jinja_env)
  File "/home/airflow/.local/lib/python3.12/site-packages/airflow/models/baseoperator.py", line 1446, in render_template_fields
    self._do_render_template_fields(self, self.template_fields, context, jinja_env, set())
  File "/home/airflow/.local/lib/python3.12/site-packages/airflow/models/abstractoperator.py", line 785, in _do_render_template_fields
    rendered_content = self.render_template(
                       ^^^^^^^^^^^^^^^^^^^^^
  File "/home/airflow/.local/lib/python3.12/site-packages/airflow/template/templater.py", line 179, in render_template
    return tuple(self.render_template(element, context, jinja_env, oids) for element in value)
           ^^^^^^^^^^^^^^^^^^^^^^^^^^^^^^^^^^^^^^^^^^^^^^^^^^^^^^^^^^^^^^^^^^^^^^^^^^^^^^^^^^^
  File "/home/airflow/.local/lib/python3.12/site-packages/airflow/template/templater.py", line 179, in <genexpr>
    return tuple(self.render_template(element, context, jinja_env, oids) for element in value)
                 ^^^^^^^^^^^^^^^^^^^^^^^^^^^^^^^^^^^^^^^^^^^^^^^^^^^^^^^
  File "/home/airflow/.local/lib/python3.12/site-packages/airflow/template/templater.py", line 175, in render_template
    return value.resolve(context, include_xcom=True)
           ^^^^^^^^^^^^^^^^^^^^^^^^^^^^^^^^^^^^^^^^^
  File "/home/airflow/.local/lib/python3.12/site-packages/airflow/utils/session.py", line 97, in wrapper
    return func(*args, session=session, **kwargs)
           ^^^^^^^^^^^^^^^^^^^^^^^^^^^^^^^^^^^^^^
  File "/home/airflow/.local/lib/python3.12/site-packages/airflow/models/xcom_arg.py", line 450, in resolve
    result = ti.xcom_pull(
             ^^^^^^^^^^^^^
  File "/home/airflow/.local/lib/python3.12/site-packages/airflow/utils/session.py", line 94, in wrapper
    return func(*args, **kwargs)
           ^^^^^^^^^^^^^^^^^^^^^
  File "/home/airflow/.local/lib/python3.12/site-packages/airflow/models/taskinstance.py", line 3721, in xcom_pull
    return _xcom_pull(
           ^^^^^^^^^^^
  File "/home/airflow/.local/lib/python3.12/site-packages/airflow/api_internal/internal_api_call.py", line 166, in wrapper
    return func(*args, **kwargs)
           ^^^^^^^^^^^^^^^^^^^^^
  File "/home/airflow/.local/lib/python3.12/site-packages/airflow/utils/session.py", line 94, in wrapper
    return func(*args, **kwargs)
           ^^^^^^^^^^^^^^^^^^^^^
  File "/home/airflow/.local/lib/python3.12/site-packages/airflow/models/taskinstance.py", line 637, in _xcom_pull
    ).first()
      ^^^^^^^
  File "/home/airflow/.local/lib/python3.12/site-packages/sqlalchemy/orm/query.py", line 2824, in first
    return self.limit(1)._iter().first()
           ^^^^^^^^^^^^^^^^^^^^^
  File "/home/airflow/.local/lib/python3.12/site-packages/sqlalchemy/orm/query.py", line 2916, in _iter
    result = self.session.execute(
             ^^^^^^^^^^^^^^^^^^^^^
  File "/home/airflow/.local/lib/python3.12/site-packages/sqlalchemy/orm/session.py", line 1716, in execute
    conn = self._connection_for_bind(bind)
           ^^^^^^^^^^^^^^^^^^^^^^^^^^^^^^^
  File "/home/airflow/.local/lib/python3.12/site-packages/sqlalchemy/orm/session.py", line 1555, in _connection_for_bind
    return self._transaction._connection_for_bind(
           ^^^^^^^^^^^^^^^^^^^^^^^^^^^^^^^^^^^^^^^
  File "/home/airflow/.local/lib/python3.12/site-packages/sqlalchemy/orm/session.py", line 750, in _connection_for_bind
    conn = bind.connect()
           ^^^^^^^^^^^^^^
  File "/home/airflow/.local/lib/python3.12/site-packages/sqlalchemy/future/engine.py", line 412, in connect
    return super(Engine, self).connect()
           ^^^^^^^^^^^^^^^^^^^^^^^^^^^^^
  File "/home/airflow/.local/lib/python3.12/site-packages/sqlalchemy/engine/base.py", line 3325, in connect
    return self._connection_cls(self, close_with_result=close_with_result)
           ^^^^^^^^^^^^^^^^^^^^^^^^^^^^^^^^^^^^^^^^^^^^^^^^^^^^^^^^^^^^^^^
  File "/home/airflow/.local/lib/python3.12/site-packages/sqlalchemy/engine/base.py", line 96, in __init__
    else engine.raw_connection()
         ^^^^^^^^^^^^^^^^^^^^^^^
  File "/home/airflow/.local/lib/python3.12/site-packages/sqlalchemy/engine/base.py", line 3404, in raw_connection
    return self._wrap_pool_connect(self.pool.connect, _connection)
           ^^^^^^^^^^^^^^^^^^^^^^^^^^^^^^^^^^^^^^^^^^^^^^^^^^^^^^^
  File "/home/airflow/.local/lib/python3.12/site-packages/sqlalchemy/engine/base.py", line 3374, in _wrap_pool_connect
    Connection._handle_dbapi_exception_noconnection(
  File "/home/airflow/.local/lib/python3.12/site-packages/sqlalchemy/engine/base.py", line 2208, in _handle_dbapi_exception_noconnection
    util.raise_(
  File "/home/airflow/.local/lib/python3.12/site-packages/sqlalchemy/util/compat.py", line 211, in raise_
    raise exception
  File "/home/airflow/.local/lib/python3.12/site-packages/sqlalchemy/engine/base.py", line 3371, in _wrap_pool_connect
    return fn()
           ^^^^
  File "/home/airflow/.local/lib/python3.12/site-packages/sqlalchemy/pool/base.py", line 327, in connect
    return _ConnectionFairy._checkout(self)
           ^^^^^^^^^^^^^^^^^^^^^^^^^^^^^^^^
  File "/home/airflow/.local/lib/python3.12/site-packages/sqlalchemy/pool/base.py", line 894, in _checkout
    fairy = _ConnectionRecord.checkout(pool)
            ^^^^^^^^^^^^^^^^^^^^^^^^^^^^^^^^
  File "/home/airflow/.local/lib/python3.12/site-packages/sqlalchemy/pool/base.py", line 493, in checkout
    rec = pool._do_get()
          ^^^^^^^^^^^^^^
  File "/home/airflow/.local/lib/python3.12/site-packages/sqlalchemy/pool/impl.py", line 256, in _do_get
    return self._create_connection()
           ^^^^^^^^^^^^^^^^^^^^^^^^^
  File "/home/airflow/.local/lib/python3.12/site-packages/sqlalchemy/pool/base.py", line 273, in _create_connection
    return _ConnectionRecord(self)
           ^^^^^^^^^^^^^^^^^^^^^^^
  File "/home/airflow/.local/lib/python3.12/site-packages/sqlalchemy/pool/base.py", line 388, in __init__
    self.__connect()
  File "/home/airflow/.local/lib/python3.12/site-packages/sqlalchemy/pool/base.py", line 690, in __connect
    with util.safe_reraise():
         ^^^^^^^^^^^^^^^^^^^
  File "/home/airflow/.local/lib/python3.12/site-packages/sqlalchemy/util/langhelpers.py", line 70, in __exit__
    compat.raise_(
  File "/home/airflow/.local/lib/python3.12/site-packages/sqlalchemy/util/compat.py", line 211, in raise_
    raise exception
  File "/home/airflow/.local/lib/python3.12/site-packages/sqlalchemy/pool/base.py", line 686, in __connect
    self.dbapi_connection = connection = pool._invoke_creator(self)
                                         ^^^^^^^^^^^^^^^^^^^^^^^^^^
  File "/home/airflow/.local/lib/python3.12/site-packages/sqlalchemy/engine/create.py", line 574, in connect
    return dialect.connect(*cargs, **cparams)
           ^^^^^^^^^^^^^^^^^^^^^^^^^^^^^^^^^^
  File "/home/airflow/.local/lib/python3.12/site-packages/sqlalchemy/engine/default.py", line 598, in connect
    return self.dbapi.connect(*cargs, **cparams)
           ^^^^^^^^^^^^^^^^^^^^^^^^^^^^^^^^^^^^^
  File "/home/airflow/.local/lib/python3.12/site-packages/psycopg2/__init__.py", line 122, in connect
    conn = _connect(dsn, connection_factory=connection_factory, **kwasync)
           ^^^^^^^^^^^^^^^^^^^^^^^^^^^^^^^^^^^^^^^^^^^^^^^^^^^^^^^^^^^^^^^
sqlalchemy.exc.OperationalError: (psycopg2.OperationalError) could not translate host name "postgres" to address: Temporary failure in name resolution

(Background on this error at: https://sqlalche.me/e/14/e3q8)
[2026-03-16T17:19:20.937+0000] {local_task_job_runner.py:266} INFO - Task exited with return code 1
[2026-03-16T17:19:21.092+0000] {taskinstance.py:3924} INFO - 0 downstream tasks scheduled from follow-on schedule check
[2026-03-16T17:19:21.125+0000] {local_task_job_runner.py:245} INFO - ::endgroup::
[2026-03-16T17:28:12.487+0000] {local_task_job_runner.py:123} INFO - ::group::Pre task execution logs
[2026-03-16T17:28:12.792+0000] {taskinstance.py:2631} INFO - Dependencies all met for dep_context=non-requeueable deps ti=<TaskInstance: dag_get_data_from_yf.olhc_branching.get_csv_low scheduled__2026-03-06T17:00:00+00:00 [queued]>
[2026-03-16T17:28:12.942+0000] {taskinstance.py:2631} INFO - Dependencies all met for dep_context=requeueable deps ti=<TaskInstance: dag_get_data_from_yf.olhc_branching.get_csv_low scheduled__2026-03-06T17:00:00+00:00 [queued]>
[2026-03-16T17:28:12.942+0000] {taskinstance.py:2884} INFO - Starting attempt 1 of 1
[2026-03-16T17:28:13.177+0000] {taskinstance.py:2907} INFO - Executing <Task(_PythonDecoratedOperator): olhc_branching.get_csv_low> on 2026-03-06 17:00:00+00:00
[2026-03-16T17:28:13.332+0000] {standard_task_runner.py:104} INFO - Running: ['***', 'tasks', 'run', 'dag_get_data_from_yf', 'olhc_branching.get_csv_low', 'scheduled__2026-03-06T17:00:00+00:00', '--job-id', '1446', '--raw', '--subdir', 'DAGS_FOLDER/get_finance_yf_csv.py', '--cfg-path', '/tmp/tmpicyal7a1']
[2026-03-16T17:28:13.372+0000] {standard_task_runner.py:105} INFO - Job 1446: Subtask olhc_branching.get_csv_low
[2026-03-16T17:28:13.381+0000] {warnings.py:112} WARNING - /home/***/.local/lib/python3.12/site-packages/***/task/task_runner/standard_task_runner.py:70: DeprecationWarning: This process (pid=311) is multi-threaded, use of fork() may lead to deadlocks in the child.
  pid = os.fork()

[2026-03-16T17:28:13.383+0000] {standard_task_runner.py:72} INFO - Started process 386 to run task
[2026-03-16T17:28:13.714+0000] {task_command.py:467} INFO - Running <TaskInstance: dag_get_data_from_yf.olhc_branching.get_csv_low scheduled__2026-03-06T17:00:00+00:00 [running]> on host 27461aedc806
[2026-03-16T17:28:14.742+0000] {taskinstance.py:3157} INFO - Exporting env vars: AIRFLOW_CTX_DAG_OWNER='***' AIRFLOW_CTX_DAG_ID='dag_get_data_from_yf' AIRFLOW_CTX_TASK_ID='olhc_branching.get_csv_low' AIRFLOW_CTX_EXECUTION_DATE='2026-03-06T17:00:00+00:00' AIRFLOW_CTX_TRY_NUMBER='1' AIRFLOW_CTX_DAG_RUN_ID='scheduled__2026-03-06T17:00:00+00:00'
[2026-03-16T17:28:14.764+0000] {logging_mixin.py:190} INFO - Task instance is in running state
[2026-03-16T17:28:14.765+0000] {logging_mixin.py:190} INFO -  Previous state of the Task instance: queued
[2026-03-16T17:28:14.766+0000] {logging_mixin.py:190} INFO - Current task name:olhc_branching.get_csv_low state:running start_date:2026-03-16 17:28:12.793646+00:00
[2026-03-16T17:28:14.766+0000] {logging_mixin.py:190} INFO - Dag name:dag_get_data_from_yf and current dag run status:running
[2026-03-16T17:28:14.767+0000] {taskinstance.py:740} INFO - ::endgroup::
[2026-03-16T17:28:14.961+0000] {logging_mixin.py:190} INFO - Data saved to /opt/***/scripts/saham_indonesia_low.csv
[2026-03-16T17:28:14.962+0000] {python.py:240} INFO - Done. Returned value was: /opt/***/scripts/saham_indonesia_low.csv
[2026-03-16T17:28:15.153+0000] {taskinstance.py:349} INFO - ::group::Post task execution logs
[2026-03-16T17:28:15.154+0000] {taskinstance.py:361} INFO - Marking task as SUCCESS. dag_id=dag_get_data_from_yf, task_id=olhc_branching.get_csv_low, run_id=scheduled__2026-03-06T17:00:00+00:00, execution_date=20260306T170000, start_date=20260316T172812, end_date=20260316T172815
[2026-03-16T17:28:15.339+0000] {logging_mixin.py:190} INFO - Task instance in success state
[2026-03-16T17:28:15.341+0000] {logging_mixin.py:190} INFO -  Previous state of the Task instance: running
[2026-03-16T17:28:15.353+0000] {logging_mixin.py:190} INFO - Dag name:dag_get_data_from_yf queued_at:2026-03-16 17:24:20.471502+00:00
[2026-03-16T17:28:15.362+0000] {logging_mixin.py:190} INFO - Task hostname:27461aedc806 operator:_PythonDecoratedOperator
[2026-03-16T17:28:15.487+0000] {local_task_job_runner.py:266} INFO - Task exited with return code 0
[2026-03-16T17:28:15.580+0000] {taskinstance.py:3924} INFO - 0 downstream tasks scheduled from follow-on schedule check
[2026-03-16T17:28:15.588+0000] {local_task_job_runner.py:245} INFO - ::endgroup::
[2026-03-16T21:48:54.812+0000] {local_task_job_runner.py:123} INFO - ::group::Pre task execution logs
[2026-03-16T21:48:55.138+0000] {taskinstance.py:2631} INFO - Dependencies all met for dep_context=non-requeueable deps ti=<TaskInstance: dag_get_data_from_yf.olhc_branching.get_csv_low scheduled__2026-03-06T17:00:00+00:00 [queued]>
[2026-03-16T21:48:55.295+0000] {taskinstance.py:2631} INFO - Dependencies all met for dep_context=requeueable deps ti=<TaskInstance: dag_get_data_from_yf.olhc_branching.get_csv_low scheduled__2026-03-06T17:00:00+00:00 [queued]>
[2026-03-16T21:48:55.313+0000] {taskinstance.py:2884} INFO - Starting attempt 1 of 1
[2026-03-16T21:48:55.980+0000] {taskinstance.py:2907} INFO - Executing <Task(_PythonDecoratedOperator): olhc_branching.get_csv_low> on 2026-03-06 17:00:00+00:00
[2026-03-16T21:48:56.125+0000] {warnings.py:112} WARNING - /home/***/.local/lib/python3.12/site-packages/***/task/task_runner/standard_task_runner.py:70: DeprecationWarning: This process (pid=1194) is multi-threaded, use of fork() may lead to deadlocks in the child.
  pid = os.fork()

[2026-03-16T21:48:56.151+0000] {standard_task_runner.py:104} INFO - Running: ['***', 'tasks', 'run', 'dag_get_data_from_yf', 'olhc_branching.get_csv_low', 'scheduled__2026-03-06T17:00:00+00:00', '--job-id', '1511', '--raw', '--subdir', 'DAGS_FOLDER/get_finance_yf_csv.py', '--cfg-path', '/tmp/tmpj50lk959']
[2026-03-16T21:48:56.163+0000] {standard_task_runner.py:72} INFO - Started process 1273 to run task
[2026-03-16T21:48:56.180+0000] {standard_task_runner.py:105} INFO - Job 1511: Subtask olhc_branching.get_csv_low
[2026-03-16T21:48:56.762+0000] {task_command.py:467} INFO - Running <TaskInstance: dag_get_data_from_yf.olhc_branching.get_csv_low scheduled__2026-03-06T17:00:00+00:00 [running]> on host 27461aedc806
[2026-03-16T21:48:58.266+0000] {taskinstance.py:3157} INFO - Exporting env vars: AIRFLOW_CTX_DAG_OWNER='***' AIRFLOW_CTX_DAG_ID='dag_get_data_from_yf' AIRFLOW_CTX_TASK_ID='olhc_branching.get_csv_low' AIRFLOW_CTX_EXECUTION_DATE='2026-03-06T17:00:00+00:00' AIRFLOW_CTX_TRY_NUMBER='1' AIRFLOW_CTX_DAG_RUN_ID='scheduled__2026-03-06T17:00:00+00:00'
[2026-03-16T21:48:58.269+0000] {logging_mixin.py:190} INFO - Task instance is in running state
[2026-03-16T21:48:58.269+0000] {logging_mixin.py:190} INFO -  Previous state of the Task instance: queued
[2026-03-16T21:48:58.270+0000] {logging_mixin.py:190} INFO - Current task name:olhc_branching.get_csv_low state:running start_date:2026-03-16 21:48:55.157810+00:00
[2026-03-16T21:48:58.270+0000] {logging_mixin.py:190} INFO - Dag name:dag_get_data_from_yf and current dag run status:running
[2026-03-16T21:48:58.270+0000] {taskinstance.py:740} INFO - ::endgroup::
[2026-03-16T21:48:58.475+0000] {logging_mixin.py:190} INFO - Data saved to /opt/***/scripts/saham_indonesia_low.csv
[2026-03-16T21:48:58.477+0000] {python.py:240} INFO - Done. Returned value was: /opt/***/scripts/saham_indonesia_low.csv
[2026-03-16T21:48:58.987+0000] {taskinstance.py:349} INFO - ::group::Post task execution logs
[2026-03-16T21:48:58.988+0000] {taskinstance.py:361} INFO - Marking task as SUCCESS. dag_id=dag_get_data_from_yf, task_id=olhc_branching.get_csv_low, run_id=scheduled__2026-03-06T17:00:00+00:00, execution_date=20260306T170000, start_date=20260316T214855, end_date=20260316T214858
[2026-03-16T21:48:59.366+0000] {logging_mixin.py:190} INFO - Task instance in success state
[2026-03-16T21:48:59.369+0000] {logging_mixin.py:190} INFO -  Previous state of the Task instance: running
[2026-03-16T21:48:59.385+0000] {logging_mixin.py:190} INFO - Dag name:dag_get_data_from_yf queued_at:2026-03-16 21:43:47.842500+00:00
[2026-03-16T21:48:59.386+0000] {logging_mixin.py:190} INFO - Task hostname:27461aedc806 operator:_PythonDecoratedOperator
[2026-03-16T21:48:59.455+0000] {local_task_job_runner.py:266} INFO - Task exited with return code 0
[2026-03-16T21:48:59.739+0000] {taskinstance.py:3924} INFO - 0 downstream tasks scheduled from follow-on schedule check
[2026-03-16T21:48:59.762+0000] {local_task_job_runner.py:245} INFO - ::endgroup::
[2026-03-16T22:09:26.101+0000] {local_task_job_runner.py:123} INFO - ::group::Pre task execution logs
[2026-03-16T22:09:26.290+0000] {taskinstance.py:2631} INFO - Dependencies all met for dep_context=non-requeueable deps ti=<TaskInstance: dag_get_data_from_yf.olhc_branching.get_csv_low scheduled__2026-03-06T17:00:00+00:00 [queued]>
[2026-03-16T22:09:26.376+0000] {taskinstance.py:2631} INFO - Dependencies all met for dep_context=requeueable deps ti=<TaskInstance: dag_get_data_from_yf.olhc_branching.get_csv_low scheduled__2026-03-06T17:00:00+00:00 [queued]>
[2026-03-16T22:09:26.385+0000] {taskinstance.py:2884} INFO - Starting attempt 1 of 1
[2026-03-16T22:09:26.634+0000] {taskinstance.py:2907} INFO - Executing <Task(_PythonDecoratedOperator): olhc_branching.get_csv_low> on 2026-03-06 17:00:00+00:00
[2026-03-16T22:09:26.699+0000] {warnings.py:112} WARNING - /home/***/.local/lib/python3.12/site-packages/***/task/task_runner/standard_task_runner.py:70: DeprecationWarning: This process (pid=1717) is multi-threaded, use of fork() may lead to deadlocks in the child.
  pid = os.fork()

[2026-03-16T22:09:26.736+0000] {standard_task_runner.py:72} INFO - Started process 1766 to run task
[2026-03-16T22:09:26.724+0000] {standard_task_runner.py:104} INFO - Running: ['***', 'tasks', 'run', 'dag_get_data_from_yf', 'olhc_branching.get_csv_low', 'scheduled__2026-03-06T17:00:00+00:00', '--job-id', '1562', '--raw', '--subdir', 'DAGS_FOLDER/get_finance_yf_csv.py', '--cfg-path', '/tmp/tmpfx5_wjcb']
[2026-03-16T22:09:26.749+0000] {standard_task_runner.py:105} INFO - Job 1562: Subtask olhc_branching.get_csv_low
[2026-03-16T22:09:27.348+0000] {task_command.py:467} INFO - Running <TaskInstance: dag_get_data_from_yf.olhc_branching.get_csv_low scheduled__2026-03-06T17:00:00+00:00 [running]> on host 27461aedc806
[2026-03-16T22:09:28.613+0000] {taskinstance.py:3157} INFO - Exporting env vars: AIRFLOW_CTX_DAG_OWNER='***' AIRFLOW_CTX_DAG_ID='dag_get_data_from_yf' AIRFLOW_CTX_TASK_ID='olhc_branching.get_csv_low' AIRFLOW_CTX_EXECUTION_DATE='2026-03-06T17:00:00+00:00' AIRFLOW_CTX_TRY_NUMBER='1' AIRFLOW_CTX_DAG_RUN_ID='scheduled__2026-03-06T17:00:00+00:00'
[2026-03-16T22:09:28.617+0000] {logging_mixin.py:190} INFO - Task instance is in running state
[2026-03-16T22:09:28.626+0000] {logging_mixin.py:190} INFO -  Previous state of the Task instance: queued
[2026-03-16T22:09:28.634+0000] {logging_mixin.py:190} INFO - Current task name:olhc_branching.get_csv_low state:running start_date:2026-03-16 22:09:26.292083+00:00
[2026-03-16T22:09:28.669+0000] {logging_mixin.py:190} INFO - Dag name:dag_get_data_from_yf and current dag run status:running
[2026-03-16T22:09:28.702+0000] {taskinstance.py:740} INFO - ::endgroup::
[2026-03-16T22:09:28.824+0000] {logging_mixin.py:190} INFO - Data saved to /opt/***/scripts/saham_indonesia_low.csv
[2026-03-16T22:09:28.825+0000] {python.py:240} INFO - Done. Returned value was: /opt/***/scripts/saham_indonesia_low.csv
[2026-03-16T22:09:29.041+0000] {taskinstance.py:349} INFO - ::group::Post task execution logs
[2026-03-16T22:09:29.042+0000] {taskinstance.py:361} INFO - Marking task as SUCCESS. dag_id=dag_get_data_from_yf, task_id=olhc_branching.get_csv_low, run_id=scheduled__2026-03-06T17:00:00+00:00, execution_date=20260306T170000, start_date=20260316T220926, end_date=20260316T220929
[2026-03-16T22:09:29.306+0000] {logging_mixin.py:190} INFO - Task instance in success state
[2026-03-16T22:09:29.333+0000] {logging_mixin.py:190} INFO -  Previous state of the Task instance: running
[2026-03-16T22:09:29.334+0000] {logging_mixin.py:190} INFO - Dag name:dag_get_data_from_yf queued_at:2026-03-16 22:05:08.611049+00:00
[2026-03-16T22:09:29.345+0000] {logging_mixin.py:190} INFO - Task hostname:27461aedc806 operator:_PythonDecoratedOperator
[2026-03-16T22:09:29.435+0000] {local_task_job_runner.py:266} INFO - Task exited with return code 0
[2026-03-16T22:09:29.609+0000] {taskinstance.py:3924} INFO - 0 downstream tasks scheduled from follow-on schedule check
[2026-03-16T22:09:29.623+0000] {local_task_job_runner.py:245} INFO - ::endgroup::
[2026-03-16T22:26:28.348+0000] {local_task_job_runner.py:123} INFO - ::group::Pre task execution logs
[2026-03-16T22:26:28.520+0000] {taskinstance.py:2631} INFO - Dependencies all met for dep_context=non-requeueable deps ti=<TaskInstance: dag_get_data_from_yf.olhc_branching.get_csv_low scheduled__2026-03-06T17:00:00+00:00 [queued]>
[2026-03-16T22:26:28.579+0000] {taskinstance.py:2631} INFO - Dependencies all met for dep_context=requeueable deps ti=<TaskInstance: dag_get_data_from_yf.olhc_branching.get_csv_low scheduled__2026-03-06T17:00:00+00:00 [queued]>
[2026-03-16T22:26:28.580+0000] {taskinstance.py:2884} INFO - Starting attempt 1 of 1
[2026-03-16T22:26:28.706+0000] {taskinstance.py:2907} INFO - Executing <Task(_PythonDecoratedOperator): olhc_branching.get_csv_low> on 2026-03-06 17:00:00+00:00
[2026-03-16T22:26:28.818+0000] {warnings.py:112} WARNING - /home/***/.local/lib/python3.12/site-packages/***/task/task_runner/standard_task_runner.py:70: DeprecationWarning: This process (pid=2239) is multi-threaded, use of fork() may lead to deadlocks in the child.
  pid = os.fork()

[2026-03-16T22:26:28.821+0000] {standard_task_runner.py:72} INFO - Started process 2310 to run task
[2026-03-16T22:26:28.821+0000] {standard_task_runner.py:104} INFO - Running: ['***', 'tasks', 'run', 'dag_get_data_from_yf', 'olhc_branching.get_csv_low', 'scheduled__2026-03-06T17:00:00+00:00', '--job-id', '1642', '--raw', '--subdir', 'DAGS_FOLDER/get_finance_yf_csv.py', '--cfg-path', '/tmp/tmptw1oiz9z']
[2026-03-16T22:26:28.838+0000] {standard_task_runner.py:105} INFO - Job 1642: Subtask olhc_branching.get_csv_low
[2026-03-16T22:26:29.510+0000] {task_command.py:467} INFO - Running <TaskInstance: dag_get_data_from_yf.olhc_branching.get_csv_low scheduled__2026-03-06T17:00:00+00:00 [running]> on host 27461aedc806
[2026-03-16T22:26:30.184+0000] {taskinstance.py:3157} INFO - Exporting env vars: AIRFLOW_CTX_DAG_OWNER='***' AIRFLOW_CTX_DAG_ID='dag_get_data_from_yf' AIRFLOW_CTX_TASK_ID='olhc_branching.get_csv_low' AIRFLOW_CTX_EXECUTION_DATE='2026-03-06T17:00:00+00:00' AIRFLOW_CTX_TRY_NUMBER='1' AIRFLOW_CTX_DAG_RUN_ID='scheduled__2026-03-06T17:00:00+00:00'
[2026-03-16T22:26:30.188+0000] {logging_mixin.py:190} INFO - Task instance is in running state
[2026-03-16T22:26:30.189+0000] {logging_mixin.py:190} INFO -  Previous state of the Task instance: queued
[2026-03-16T22:26:30.189+0000] {logging_mixin.py:190} INFO - Current task name:olhc_branching.get_csv_low state:running start_date:2026-03-16 22:26:28.520839+00:00
[2026-03-16T22:26:30.190+0000] {logging_mixin.py:190} INFO - Dag name:dag_get_data_from_yf and current dag run status:running
[2026-03-16T22:26:30.190+0000] {taskinstance.py:740} INFO - ::endgroup::
[2026-03-16T22:26:30.262+0000] {logging_mixin.py:190} INFO - Data saved to /opt/***/scripts/saham_indonesia_low.csv
[2026-03-16T22:26:30.263+0000] {python.py:240} INFO - Done. Returned value was: /opt/***/scripts/saham_indonesia_low.csv
[2026-03-16T22:26:30.497+0000] {taskinstance.py:349} INFO - ::group::Post task execution logs
[2026-03-16T22:26:30.499+0000] {taskinstance.py:361} INFO - Marking task as SUCCESS. dag_id=dag_get_data_from_yf, task_id=olhc_branching.get_csv_low, run_id=scheduled__2026-03-06T17:00:00+00:00, execution_date=20260306T170000, start_date=20260316T222628, end_date=20260316T222630
[2026-03-16T22:26:30.674+0000] {logging_mixin.py:190} INFO - Task instance in success state
[2026-03-16T22:26:30.675+0000] {logging_mixin.py:190} INFO -  Previous state of the Task instance: running
[2026-03-16T22:26:30.676+0000] {logging_mixin.py:190} INFO - Dag name:dag_get_data_from_yf queued_at:2026-03-16 22:21:29.692264+00:00
[2026-03-16T22:26:30.676+0000] {logging_mixin.py:190} INFO - Task hostname:27461aedc806 operator:_PythonDecoratedOperator
[2026-03-16T22:26:30.717+0000] {local_task_job_runner.py:266} INFO - Task exited with return code 0
[2026-03-16T22:26:30.850+0000] {taskinstance.py:3924} INFO - 1 downstream tasks scheduled from follow-on schedule check
[2026-03-16T22:26:30.859+0000] {local_task_job_runner.py:245} INFO - ::endgroup::
[2026-03-16T22:39:27.262+0000] {local_task_job_runner.py:123} INFO - ::group::Pre task execution logs
[2026-03-16T22:39:27.635+0000] {taskinstance.py:2631} INFO - Dependencies all met for dep_context=non-requeueable deps ti=<TaskInstance: dag_get_data_from_yf.olhc_branching.get_csv_low scheduled__2026-03-06T17:00:00+00:00 [queued]>
[2026-03-16T22:39:27.806+0000] {taskinstance.py:2631} INFO - Dependencies all met for dep_context=requeueable deps ti=<TaskInstance: dag_get_data_from_yf.olhc_branching.get_csv_low scheduled__2026-03-06T17:00:00+00:00 [queued]>
[2026-03-16T22:39:27.813+0000] {taskinstance.py:2884} INFO - Starting attempt 1 of 1
[2026-03-16T22:39:28.031+0000] {taskinstance.py:2907} INFO - Executing <Task(_PythonDecoratedOperator): olhc_branching.get_csv_low> on 2026-03-06 17:00:00+00:00
[2026-03-16T22:39:28.110+0000] {warnings.py:112} WARNING - /home/***/.local/lib/python3.12/site-packages/***/task/task_runner/standard_task_runner.py:70: DeprecationWarning: This process (pid=199) is multi-threaded, use of fork() may lead to deadlocks in the child.
  pid = os.fork()

[2026-03-16T22:39:28.159+0000] {standard_task_runner.py:104} INFO - Running: ['***', 'tasks', 'run', 'dag_get_data_from_yf', 'olhc_branching.get_csv_low', 'scheduled__2026-03-06T17:00:00+00:00', '--job-id', '1662', '--raw', '--subdir', 'DAGS_FOLDER/get_finance_yf_csv.py', '--cfg-path', '/tmp/tmp61lcl2nu']
[2026-03-16T22:39:28.163+0000] {standard_task_runner.py:105} INFO - Job 1662: Subtask olhc_branching.get_csv_low
[2026-03-16T22:39:28.200+0000] {standard_task_runner.py:72} INFO - Started process 262 to run task
[2026-03-16T22:39:28.776+0000] {task_command.py:467} INFO - Running <TaskInstance: dag_get_data_from_yf.olhc_branching.get_csv_low scheduled__2026-03-06T17:00:00+00:00 [running]> on host 245fc8f76c1e
[2026-03-16T22:39:29.306+0000] {taskinstance.py:3157} INFO - Exporting env vars: AIRFLOW_CTX_DAG_OWNER='***' AIRFLOW_CTX_DAG_ID='dag_get_data_from_yf' AIRFLOW_CTX_TASK_ID='olhc_branching.get_csv_low' AIRFLOW_CTX_EXECUTION_DATE='2026-03-06T17:00:00+00:00' AIRFLOW_CTX_TRY_NUMBER='1' AIRFLOW_CTX_DAG_RUN_ID='scheduled__2026-03-06T17:00:00+00:00'
[2026-03-16T22:39:29.309+0000] {logging_mixin.py:190} INFO - Task instance is in running state
[2026-03-16T22:39:29.309+0000] {logging_mixin.py:190} INFO -  Previous state of the Task instance: queued
[2026-03-16T22:39:29.310+0000] {logging_mixin.py:190} INFO - Current task name:olhc_branching.get_csv_low state:running start_date:2026-03-16 22:39:27.668998+00:00
[2026-03-16T22:39:29.311+0000] {logging_mixin.py:190} INFO - Dag name:dag_get_data_from_yf and current dag run status:running
[2026-03-16T22:39:29.311+0000] {taskinstance.py:740} INFO - ::endgroup::
[2026-03-16T22:39:29.392+0000] {logging_mixin.py:190} INFO - Data saved to /opt/***/scripts/saham_indonesia_low.csv
[2026-03-16T22:39:29.393+0000] {python.py:240} INFO - Done. Returned value was: /opt/***/scripts/saham_indonesia_low.csv
[2026-03-16T22:39:29.789+0000] {taskinstance.py:349} INFO - ::group::Post task execution logs
[2026-03-16T22:39:29.789+0000] {taskinstance.py:361} INFO - Marking task as SUCCESS. dag_id=dag_get_data_from_yf, task_id=olhc_branching.get_csv_low, run_id=scheduled__2026-03-06T17:00:00+00:00, execution_date=20260306T170000, start_date=20260316T223927, end_date=20260316T223929
[2026-03-16T22:39:30.156+0000] {logging_mixin.py:190} INFO - Task instance in success state
[2026-03-16T22:39:30.157+0000] {logging_mixin.py:190} INFO -  Previous state of the Task instance: running
[2026-03-16T22:39:30.158+0000] {logging_mixin.py:190} INFO - Dag name:dag_get_data_from_yf queued_at:2026-03-16 22:37:38.178147+00:00
[2026-03-16T22:39:30.159+0000] {logging_mixin.py:190} INFO - Task hostname:245fc8f76c1e operator:_PythonDecoratedOperator
[2026-03-16T22:39:30.331+0000] {local_task_job_runner.py:266} INFO - Task exited with return code 0
[2026-03-16T22:39:30.544+0000] {taskinstance.py:3924} INFO - 0 downstream tasks scheduled from follow-on schedule check
[2026-03-16T22:39:30.568+0000] {local_task_job_runner.py:245} INFO - ::endgroup::
[2026-03-16T22:55:46.063+0000] {local_task_job_runner.py:123} INFO - ::group::Pre task execution logs
[2026-03-16T22:55:46.175+0000] {taskinstance.py:2631} INFO - Dependencies all met for dep_context=non-requeueable deps ti=<TaskInstance: dag_get_data_from_yf.olhc_branching.get_csv_low scheduled__2026-03-06T17:00:00+00:00 [queued]>
[2026-03-16T22:55:46.225+0000] {taskinstance.py:2631} INFO - Dependencies all met for dep_context=requeueable deps ti=<TaskInstance: dag_get_data_from_yf.olhc_branching.get_csv_low scheduled__2026-03-06T17:00:00+00:00 [queued]>
[2026-03-16T22:55:46.227+0000] {taskinstance.py:2884} INFO - Starting attempt 1 of 1
[2026-03-16T22:55:46.303+0000] {taskinstance.py:2907} INFO - Executing <Task(_PythonDecoratedOperator): olhc_branching.get_csv_low> on 2026-03-06 17:00:00+00:00
[2026-03-16T22:55:46.330+0000] {warnings.py:112} WARNING - /home/***/.local/lib/python3.12/site-packages/***/task/task_runner/standard_task_runner.py:70: DeprecationWarning: This process (pid=626) is multi-threaded, use of fork() may lead to deadlocks in the child.
  pid = os.fork()

[2026-03-16T22:55:46.334+0000] {standard_task_runner.py:72} INFO - Started process 671 to run task
[2026-03-16T22:55:46.360+0000] {standard_task_runner.py:104} INFO - Running: ['***', 'tasks', 'run', 'dag_get_data_from_yf', 'olhc_branching.get_csv_low', 'scheduled__2026-03-06T17:00:00+00:00', '--job-id', '1705', '--raw', '--subdir', 'DAGS_FOLDER/get_finance_yf_csv.py', '--cfg-path', '/tmp/tmp3_4au6v6']
[2026-03-16T22:55:46.363+0000] {standard_task_runner.py:105} INFO - Job 1705: Subtask olhc_branching.get_csv_low
[2026-03-16T22:55:46.649+0000] {task_command.py:467} INFO - Running <TaskInstance: dag_get_data_from_yf.olhc_branching.get_csv_low scheduled__2026-03-06T17:00:00+00:00 [running]> on host 245fc8f76c1e
[2026-03-16T22:55:47.160+0000] {taskinstance.py:3157} INFO - Exporting env vars: AIRFLOW_CTX_DAG_OWNER='***' AIRFLOW_CTX_DAG_ID='dag_get_data_from_yf' AIRFLOW_CTX_TASK_ID='olhc_branching.get_csv_low' AIRFLOW_CTX_EXECUTION_DATE='2026-03-06T17:00:00+00:00' AIRFLOW_CTX_TRY_NUMBER='1' AIRFLOW_CTX_DAG_RUN_ID='scheduled__2026-03-06T17:00:00+00:00'
[2026-03-16T22:55:47.164+0000] {logging_mixin.py:190} INFO - Task instance is in running state
[2026-03-16T22:55:47.164+0000] {logging_mixin.py:190} INFO -  Previous state of the Task instance: queued
[2026-03-16T22:55:47.165+0000] {logging_mixin.py:190} INFO - Current task name:olhc_branching.get_csv_low state:running start_date:2026-03-16 22:55:46.176438+00:00
[2026-03-16T22:55:47.165+0000] {logging_mixin.py:190} INFO - Dag name:dag_get_data_from_yf and current dag run status:running
[2026-03-16T22:55:47.166+0000] {taskinstance.py:740} INFO - ::endgroup::
[2026-03-16T22:55:47.191+0000] {logging_mixin.py:190} INFO - Data saved to /opt/***/scripts/saham_indonesia_low.csv
[2026-03-16T22:55:47.192+0000] {python.py:240} INFO - Done. Returned value was: /opt/***/scripts/saham_indonesia_low.csv
[2026-03-16T22:55:47.348+0000] {taskinstance.py:349} INFO - ::group::Post task execution logs
[2026-03-16T22:55:47.349+0000] {taskinstance.py:361} INFO - Marking task as SUCCESS. dag_id=dag_get_data_from_yf, task_id=olhc_branching.get_csv_low, run_id=scheduled__2026-03-06T17:00:00+00:00, execution_date=20260306T170000, start_date=20260316T225546, end_date=20260316T225547
[2026-03-16T22:55:47.453+0000] {logging_mixin.py:190} INFO - Task instance in success state
[2026-03-16T22:55:47.455+0000] {logging_mixin.py:190} INFO -  Previous state of the Task instance: running
[2026-03-16T22:55:47.456+0000] {logging_mixin.py:190} INFO - Dag name:dag_get_data_from_yf queued_at:2026-03-16 22:53:39.483648+00:00
[2026-03-16T22:55:47.457+0000] {logging_mixin.py:190} INFO - Task hostname:245fc8f76c1e operator:_PythonDecoratedOperator
[2026-03-16T22:55:47.486+0000] {local_task_job_runner.py:266} INFO - Task exited with return code 0
[2026-03-16T22:55:47.561+0000] {taskinstance.py:3924} INFO - 0 downstream tasks scheduled from follow-on schedule check
[2026-03-16T22:55:47.565+0000] {local_task_job_runner.py:245} INFO - ::endgroup::
