[2026-03-15T07:59:18.130+0000] {local_task_job_runner.py:123} INFO - ::group::Pre task execution logs
[2026-03-15T07:59:18.220+0000] {taskinstance.py:2631} INFO - Dependencies all met for dep_context=non-requeueable deps ti=<TaskInstance: dag_get_data_from_yf.start backfill__2026-01-14T00:00:00+00:00 [queued]>
[2026-03-15T07:59:18.278+0000] {taskinstance.py:2631} INFO - Dependencies all met for dep_context=requeueable deps ti=<TaskInstance: dag_get_data_from_yf.start backfill__2026-01-14T00:00:00+00:00 [queued]>
[2026-03-15T07:59:18.279+0000] {taskinstance.py:2884} INFO - Starting attempt 1 of 1
[2026-03-15T07:59:18.333+0000] {taskinstance.py:2907} INFO - Executing <Task(EmptyOperator): start> on 2026-01-14 00:00:00+00:00
[2026-03-15T07:59:18.371+0000] {warnings.py:112} WARNING - /home/***/.local/lib/python3.12/site-packages/***/task/task_runner/standard_task_runner.py:70: DeprecationWarning: This process (pid=393) is multi-threaded, use of fork() may lead to deadlocks in the child.
  pid = os.fork()

[2026-03-15T07:59:18.381+0000] {standard_task_runner.py:72} INFO - Started process 447 to run task
[2026-03-15T07:59:18.381+0000] {standard_task_runner.py:104} INFO - Running: ['***', 'tasks', 'run', 'dag_get_data_from_yf', 'start', 'backfill__2026-01-14T00:00:00+00:00', '--job-id', '14637', '--pool', 'default_pool', '--raw', '--subdir', 'DAGS_FOLDER/get_finance_yf_csv.py', '--cfg-path', '/tmp/tmpjfc6gtpy']
[2026-03-15T07:59:18.390+0000] {standard_task_runner.py:105} INFO - Job 14637: Subtask start
[2026-03-15T07:59:18.654+0000] {task_command.py:467} INFO - Running <TaskInstance: dag_get_data_from_yf.start backfill__2026-01-14T00:00:00+00:00 [running]> on host 0835cc90ed9d
[2026-03-15T07:59:18.931+0000] {taskinstance.py:3157} INFO - Exporting env vars: AIRFLOW_CTX_DAG_OWNER='***' AIRFLOW_CTX_DAG_ID='dag_get_data_from_yf' AIRFLOW_CTX_TASK_ID='start' AIRFLOW_CTX_EXECUTION_DATE='2026-01-14T00:00:00+00:00' AIRFLOW_CTX_TRY_NUMBER='1' AIRFLOW_CTX_DAG_RUN_ID='backfill__2026-01-14T00:00:00+00:00'
[2026-03-15T07:59:18.934+0000] {logging_mixin.py:190} INFO - Task instance is in running state
[2026-03-15T07:59:18.935+0000] {logging_mixin.py:190} INFO -  Previous state of the Task instance: queued
[2026-03-15T07:59:18.936+0000] {logging_mixin.py:190} INFO - Current task name:start state:running start_date:2026-03-15 07:59:18.221893+00:00
[2026-03-15T07:59:18.936+0000] {logging_mixin.py:190} INFO - Dag name:dag_get_data_from_yf and current dag run status:running
[2026-03-15T07:59:18.937+0000] {taskinstance.py:740} INFO - ::endgroup::
[2026-03-15T07:59:18.974+0000] {taskinstance.py:349} INFO - ::group::Post task execution logs
[2026-03-15T07:59:18.975+0000] {taskinstance.py:361} INFO - Marking task as SUCCESS. dag_id=dag_get_data_from_yf, task_id=start, run_id=backfill__2026-01-14T00:00:00+00:00, execution_date=20260114T000000, start_date=20260315T075918, end_date=20260315T075918
[2026-03-15T07:59:19.068+0000] {logging_mixin.py:190} INFO - Task instance in success state
[2026-03-15T07:59:19.069+0000] {logging_mixin.py:190} INFO -  Previous state of the Task instance: running
[2026-03-15T07:59:19.069+0000] {logging_mixin.py:190} INFO - Dag name:dag_get_data_from_yf queued_at:None
[2026-03-15T07:59:19.070+0000] {logging_mixin.py:190} INFO - Task hostname:0835cc90ed9d operator:EmptyOperator
[2026-03-15T07:59:19.101+0000] {local_task_job_runner.py:266} INFO - Task exited with return code 0
[2026-03-15T07:59:19.206+0000] {taskinstance.py:3924} INFO - 1 downstream tasks scheduled from follow-on schedule check
[2026-03-15T07:59:19.210+0000] {local_task_job_runner.py:245} INFO - ::endgroup::
[2026-03-15T08:03:53.948+0000] {local_task_job_runner.py:123} INFO - ::group::Pre task execution logs
[2026-03-15T08:03:54.019+0000] {taskinstance.py:2631} INFO - Dependencies all met for dep_context=non-requeueable deps ti=<TaskInstance: dag_get_data_from_yf.start backfill__2026-01-14T00:00:00+00:00 [queued]>
[2026-03-15T08:03:54.072+0000] {taskinstance.py:2631} INFO - Dependencies all met for dep_context=requeueable deps ti=<TaskInstance: dag_get_data_from_yf.start backfill__2026-01-14T00:00:00+00:00 [queued]>
[2026-03-15T08:03:54.073+0000] {taskinstance.py:2884} INFO - Starting attempt 1 of 1
[2026-03-15T08:03:54.276+0000] {taskinstance.py:2907} INFO - Executing <Task(EmptyOperator): start> on 2026-01-14 00:00:00+00:00
[2026-03-15T08:03:54.363+0000] {warnings.py:112} WARNING - /home/***/.local/lib/python3.12/site-packages/***/task/task_runner/standard_task_runner.py:70: DeprecationWarning: This process (pid=574) is multi-threaded, use of fork() may lead to deadlocks in the child.
  pid = os.fork()

[2026-03-15T08:03:54.377+0000] {standard_task_runner.py:72} INFO - Started process 614 to run task
[2026-03-15T08:03:54.376+0000] {standard_task_runner.py:104} INFO - Running: ['***', 'tasks', 'run', 'dag_get_data_from_yf', 'start', 'backfill__2026-01-14T00:00:00+00:00', '--job-id', '14656', '--pool', 'default_pool', '--raw', '--subdir', 'DAGS_FOLDER/get_finance_yf_csv.py', '--cfg-path', '/tmp/tmpavuenm31']
[2026-03-15T08:03:54.398+0000] {standard_task_runner.py:105} INFO - Job 14656: Subtask start
[2026-03-15T08:03:54.815+0000] {task_command.py:467} INFO - Running <TaskInstance: dag_get_data_from_yf.start backfill__2026-01-14T00:00:00+00:00 [running]> on host 0835cc90ed9d
[2026-03-15T08:03:55.489+0000] {taskinstance.py:3157} INFO - Exporting env vars: AIRFLOW_CTX_DAG_OWNER='***' AIRFLOW_CTX_DAG_ID='dag_get_data_from_yf' AIRFLOW_CTX_TASK_ID='start' AIRFLOW_CTX_EXECUTION_DATE='2026-01-14T00:00:00+00:00' AIRFLOW_CTX_TRY_NUMBER='1' AIRFLOW_CTX_DAG_RUN_ID='backfill__2026-01-14T00:00:00+00:00'
[2026-03-15T08:03:55.492+0000] {logging_mixin.py:190} INFO - Task instance is in running state
[2026-03-15T08:03:55.492+0000] {logging_mixin.py:190} INFO -  Previous state of the Task instance: queued
[2026-03-15T08:03:55.493+0000] {logging_mixin.py:190} INFO - Current task name:start state:running start_date:2026-03-15 08:03:54.020636+00:00
[2026-03-15T08:03:55.508+0000] {logging_mixin.py:190} INFO - Dag name:dag_get_data_from_yf and current dag run status:running
[2026-03-15T08:03:55.509+0000] {taskinstance.py:740} INFO - ::endgroup::
[2026-03-15T08:03:55.610+0000] {taskinstance.py:349} INFO - ::group::Post task execution logs
[2026-03-15T08:03:55.611+0000] {taskinstance.py:361} INFO - Marking task as SUCCESS. dag_id=dag_get_data_from_yf, task_id=start, run_id=backfill__2026-01-14T00:00:00+00:00, execution_date=20260114T000000, start_date=20260315T080354, end_date=20260315T080355
[2026-03-15T08:03:55.866+0000] {logging_mixin.py:190} INFO - Task instance in success state
[2026-03-15T08:03:55.868+0000] {logging_mixin.py:190} INFO -  Previous state of the Task instance: running
[2026-03-15T08:03:55.871+0000] {logging_mixin.py:190} INFO - Dag name:dag_get_data_from_yf queued_at:None
[2026-03-15T08:03:55.875+0000] {logging_mixin.py:190} INFO - Task hostname:0835cc90ed9d operator:EmptyOperator
[2026-03-15T08:03:55.978+0000] {local_task_job_runner.py:266} INFO - Task exited with return code 0
[2026-03-15T08:03:56.507+0000] {taskinstance.py:3924} INFO - 1 downstream tasks scheduled from follow-on schedule check
[2026-03-15T08:03:56.527+0000] {local_task_job_runner.py:245} INFO - ::endgroup::
[2026-03-15T08:12:47.971+0000] {local_task_job_runner.py:123} INFO - ::group::Pre task execution logs
[2026-03-15T08:12:48.233+0000] {taskinstance.py:2631} INFO - Dependencies all met for dep_context=non-requeueable deps ti=<TaskInstance: dag_get_data_from_yf.start backfill__2026-01-14T00:00:00+00:00 [queued]>
[2026-03-15T08:12:48.401+0000] {taskinstance.py:2631} INFO - Dependencies all met for dep_context=requeueable deps ti=<TaskInstance: dag_get_data_from_yf.start backfill__2026-01-14T00:00:00+00:00 [queued]>
[2026-03-15T08:12:48.419+0000] {taskinstance.py:2884} INFO - Starting attempt 1 of 1
[2026-03-15T08:12:48.625+0000] {taskinstance.py:2907} INFO - Executing <Task(EmptyOperator): start> on 2026-01-14 00:00:00+00:00
[2026-03-15T08:12:48.735+0000] {warnings.py:112} WARNING - /home/***/.local/lib/python3.12/site-packages/***/task/task_runner/standard_task_runner.py:70: DeprecationWarning: This process (pid=818) is multi-threaded, use of fork() may lead to deadlocks in the child.
  pid = os.fork()

[2026-03-15T08:12:48.753+0000] {standard_task_runner.py:72} INFO - Started process 870 to run task
[2026-03-15T08:12:48.762+0000] {standard_task_runner.py:104} INFO - Running: ['***', 'tasks', 'run', 'dag_get_data_from_yf', 'start', 'backfill__2026-01-14T00:00:00+00:00', '--job-id', '14691', '--pool', 'default_pool', '--raw', '--subdir', 'DAGS_FOLDER/get_finance_yf_csv.py', '--cfg-path', '/tmp/tmpatzybnjd']
[2026-03-15T08:12:48.827+0000] {standard_task_runner.py:105} INFO - Job 14691: Subtask start
[2026-03-15T08:12:59.511+0000] {cli_action_loggers.py:177} WARNING - Failed to log action (psycopg2.OperationalError) could not translate host name "postgres" to address: Temporary failure in name resolution

(Background on this error at: https://sqlalche.me/e/14/e3q8)
[2026-03-15T08:13:04.522+0000] {job.py:229} INFO - Heartbeat recovered after 17.26 seconds
[2026-03-15T08:13:05.524+0000] {task_command.py:467} INFO - Running <TaskInstance: dag_get_data_from_yf.start backfill__2026-01-14T00:00:00+00:00 [running]> on host 0835cc90ed9d
[2026-03-15T08:13:06.421+0000] {taskinstance.py:3157} INFO - Exporting env vars: AIRFLOW_CTX_DAG_OWNER='***' AIRFLOW_CTX_DAG_ID='dag_get_data_from_yf' AIRFLOW_CTX_TASK_ID='start' AIRFLOW_CTX_EXECUTION_DATE='2026-01-14T00:00:00+00:00' AIRFLOW_CTX_TRY_NUMBER='1' AIRFLOW_CTX_DAG_RUN_ID='backfill__2026-01-14T00:00:00+00:00'
[2026-03-15T08:13:06.426+0000] {logging_mixin.py:190} INFO - Task instance is in running state
[2026-03-15T08:13:06.426+0000] {logging_mixin.py:190} INFO -  Previous state of the Task instance: queued
[2026-03-15T08:13:06.437+0000] {logging_mixin.py:190} INFO - Current task name:start state:running start_date:2026-03-15 08:12:48.235281+00:00
[2026-03-15T08:13:06.438+0000] {logging_mixin.py:190} INFO - Dag name:dag_get_data_from_yf and current dag run status:running
[2026-03-15T08:13:06.439+0000] {taskinstance.py:740} INFO - ::endgroup::
[2026-03-15T08:13:06.603+0000] {taskinstance.py:349} INFO - ::group::Post task execution logs
[2026-03-15T08:13:06.604+0000] {taskinstance.py:361} INFO - Marking task as SUCCESS. dag_id=dag_get_data_from_yf, task_id=start, run_id=backfill__2026-01-14T00:00:00+00:00, execution_date=20260114T000000, start_date=20260315T081248, end_date=20260315T081306
[2026-03-15T08:13:06.890+0000] {logging_mixin.py:190} INFO - Task instance in success state
[2026-03-15T08:13:06.890+0000] {logging_mixin.py:190} INFO -  Previous state of the Task instance: running
[2026-03-15T08:13:06.891+0000] {logging_mixin.py:190} INFO - Dag name:dag_get_data_from_yf queued_at:None
[2026-03-15T08:13:06.892+0000] {logging_mixin.py:190} INFO - Task hostname:0835cc90ed9d operator:EmptyOperator
[2026-03-15T08:13:07.021+0000] {local_task_job_runner.py:266} INFO - Task exited with return code 0
[2026-03-15T08:13:07.195+0000] {taskinstance.py:3924} INFO - 1 downstream tasks scheduled from follow-on schedule check
[2026-03-15T08:13:07.214+0000] {local_task_job_runner.py:245} INFO - ::endgroup::
