[2026-03-27T08:51:05.752+0000] {local_task_job_runner.py:123} INFO - ::group::Pre task execution logs
[2026-03-27T08:51:05.889+0000] {taskinstance.py:2631} INFO - Dependencies all met for dep_context=non-requeueable deps ti=<TaskInstance: dag_get_data_from_yf.insert_data_task manual__2026-03-27T08:50:20+00:00 map_index=16 [queued]>
[2026-03-27T08:51:05.949+0000] {taskinstance.py:2631} INFO - Dependencies all met for dep_context=requeueable deps ti=<TaskInstance: dag_get_data_from_yf.insert_data_task manual__2026-03-27T08:50:20+00:00 map_index=16 [queued]>
[2026-03-27T08:51:05.949+0000] {taskinstance.py:2884} INFO - Starting attempt 1 of 1
[2026-03-27T08:51:05.986+0000] {taskinstance.py:2907} INFO - Executing <Mapped(SQLExecuteQueryOperator): insert_data_task> on 2026-03-27 08:50:20+00:00
[2026-03-27T08:51:06.057+0000] {standard_task_runner.py:104} INFO - Running: ['***', 'tasks', 'run', 'dag_get_data_from_yf', 'insert_data_task', 'manual__2026-03-27T08:50:20+00:00', '--job-id', '607', '--raw', '--subdir', 'DAGS_FOLDER/get_finance_yf_csv.py', '--cfg-path', '/tmp/tmp_sq2lm0_', '--map-index', '16']
[2026-03-27T08:51:06.055+0000] {logging_mixin.py:190} WARNING - /home/***/.local/lib/python3.12/site-packages/***/task/task_runner/standard_task_runner.py:70 DeprecationWarning: This process (pid=1878) is multi-threaded, use of fork() may lead to deadlocks in the child.
[2026-03-27T08:51:06.061+0000] {standard_task_runner.py:105} INFO - Job 607: Subtask insert_data_task
[2026-03-27T08:51:06.061+0000] {standard_task_runner.py:72} INFO - Started process 2166 to run task
[2026-03-27T08:51:06.390+0000] {task_command.py:467} INFO - Running <TaskInstance: dag_get_data_from_yf.insert_data_task manual__2026-03-27T08:50:20+00:00 map_index=16 [running]> on host 1794ed5e7c77
[2026-03-27T08:51:07.092+0000] {taskinstance.py:3157} INFO - Exporting env vars: AIRFLOW_CTX_DAG_OWNER='***' AIRFLOW_CTX_DAG_ID='dag_get_data_from_yf' AIRFLOW_CTX_TASK_ID='insert_data_task' AIRFLOW_CTX_EXECUTION_DATE='2026-03-27T08:50:20+00:00' AIRFLOW_CTX_TRY_NUMBER='1' AIRFLOW_CTX_DAG_RUN_ID='manual__2026-03-27T08:50:20+00:00'
[2026-03-27T08:51:07.095+0000] {taskinstance.py:740} INFO - ::endgroup::
[2026-03-27T08:51:07.134+0000] {sql.py:410} INFO - Executing: INSERT INTO indonesian_stocks (
    date, 
    ticker, 
    close, 
    high, 
    low, 
    open, 
    inserted_at_timestamp_wib
) 
VALUES (
    '2026-03-06', 
    'BBRI.JK', 
    3670.0, 
    3750.0, 
    3670.0, 
    3750.0, 
    '2026-03-27 15:50:32' 
)
ON CONFLICT (date, ticker) 
DO NOTHING;
[2026-03-27T08:51:07.142+0000] {crypto.py:82} WARNING - empty cryptography key - values will not be stored encrypted.
[2026-03-27T08:51:07.144+0000] {base.py:84} INFO - Retrieving connection 'db_custom'
[2026-03-27T08:51:07.209+0000] {base.py:84} INFO - Retrieving connection 'db_custom'
[2026-03-27T08:51:07.252+0000] {sql.py:861} INFO - Running statement: INSERT INTO indonesian_stocks (
    date, 
    ticker, 
    close, 
    high, 
    low, 
    open, 
    inserted_at_timestamp_wib
) 
VALUES (
    '2026-03-06', 
    'BBRI.JK', 
    3670.0, 
    3750.0, 
    3670.0, 
    3750.0, 
    '2026-03-27 15:50:32' 
)
ON CONFLICT (date, ticker) 
DO NOTHING;, parameters: None
[2026-03-27T08:51:07.271+0000] {sql.py:879} INFO - Rows affected: 1
[2026-03-27T08:51:07.375+0000] {taskinstance.py:349} INFO - ::group::Post task execution logs
[2026-03-27T08:51:07.376+0000] {taskinstance.py:361} INFO - Marking task as SUCCESS. dag_id=dag_get_data_from_yf, task_id=insert_data_task, run_id=manual__2026-03-27T08:50:20+00:00, map_index=16, execution_date=20260327T085020, start_date=20260327T085105, end_date=20260327T085107
[2026-03-27T08:51:07.865+0000] {local_task_job_runner.py:266} INFO - Task exited with return code 0
[2026-03-27T08:51:07.959+0000] {local_task_job_runner.py:245} INFO - ::endgroup::
