[2026-03-12T06:14:59.405+0000] {local_task_job_runner.py:123} INFO - ::group::Pre task execution logs
[2026-03-12T06:14:59.467+0000] {taskinstance.py:2631} INFO - Dependencies all met for dep_context=non-requeueable deps ti=<TaskInstance: dag_get_data_from_yf.trigger_load_data_dag manual__2026-03-12T06:09:23+00:00 [queued]>
[2026-03-12T06:14:59.487+0000] {taskinstance.py:2631} INFO - Dependencies all met for dep_context=requeueable deps ti=<TaskInstance: dag_get_data_from_yf.trigger_load_data_dag manual__2026-03-12T06:09:23+00:00 [queued]>
[2026-03-12T06:14:59.488+0000] {taskinstance.py:2884} INFO - Starting attempt 1 of 1
[2026-03-12T06:14:59.518+0000] {taskinstance.py:2907} INFO - Executing <Task(TriggerDagRunOperator): trigger_load_data_dag> on 2026-03-12 06:09:23+00:00
[2026-03-12T06:14:59.533+0000] {warnings.py:112} WARNING - /home/***/.local/lib/python3.12/site-packages/***/task/task_runner/standard_task_runner.py:70: DeprecationWarning: This process (pid=1650) is multi-threaded, use of fork() may lead to deadlocks in the child.
  pid = os.fork()

[2026-03-12T06:14:59.537+0000] {standard_task_runner.py:72} INFO - Started process 1652 to run task
[2026-03-12T06:14:59.539+0000] {standard_task_runner.py:104} INFO - Running: ['***', 'tasks', 'run', 'dag_get_data_from_yf', 'trigger_load_data_dag', 'manual__2026-03-12T06:09:23+00:00', '--job-id', '11810', '--raw', '--subdir', 'DAGS_FOLDER/get_finance_yf_csv.py', '--cfg-path', '/tmp/tmp9jb6c82b']
[2026-03-12T06:14:59.541+0000] {standard_task_runner.py:105} INFO - Job 11810: Subtask trigger_load_data_dag
[2026-03-12T06:14:59.654+0000] {task_command.py:467} INFO - Running <TaskInstance: dag_get_data_from_yf.trigger_load_data_dag manual__2026-03-12T06:09:23+00:00 [running]> on host 80e0d0cbfa54
[2026-03-12T06:14:59.839+0000] {taskinstance.py:3157} INFO - Exporting env vars: AIRFLOW_CTX_DAG_OWNER='***' AIRFLOW_CTX_DAG_ID='dag_get_data_from_yf' AIRFLOW_CTX_TASK_ID='trigger_load_data_dag' AIRFLOW_CTX_EXECUTION_DATE='2026-03-12T06:09:23+00:00' AIRFLOW_CTX_TRY_NUMBER='1' AIRFLOW_CTX_DAG_RUN_ID='manual__2026-03-12T06:09:23+00:00'
[2026-03-12T06:14:59.841+0000] {logging_mixin.py:190} INFO - Task instance is in running state
[2026-03-12T06:14:59.842+0000] {logging_mixin.py:190} INFO -  Previous state of the Task instance: queued
[2026-03-12T06:14:59.842+0000] {logging_mixin.py:190} INFO - Current task name:trigger_load_data_dag state:running start_date:2026-03-12 06:14:59.467906+00:00
[2026-03-12T06:14:59.843+0000] {logging_mixin.py:190} INFO - Dag name:dag_get_data_from_yf and current dag run status:running
[2026-03-12T06:14:59.844+0000] {taskinstance.py:740} INFO - ::endgroup::
[2026-03-12T06:15:00.060+0000] {taskinstance.py:349} INFO - ::group::Post task execution logs
[2026-03-12T06:15:00.061+0000] {taskinstance.py:361} INFO - Marking task as SUCCESS. dag_id=dag_get_data_from_yf, task_id=trigger_load_data_dag, run_id=manual__2026-03-12T06:09:23+00:00, execution_date=20260312T060923, start_date=20260312T061459, end_date=20260312T061500
[2026-03-12T06:15:00.124+0000] {logging_mixin.py:190} INFO - Task instance in success state
[2026-03-12T06:15:00.124+0000] {logging_mixin.py:190} INFO -  Previous state of the Task instance: running
[2026-03-12T06:15:00.125+0000] {logging_mixin.py:190} INFO - Dag name:dag_get_data_from_yf queued_at:2026-03-12 06:14:10.157262+00:00
[2026-03-12T06:15:00.125+0000] {logging_mixin.py:190} INFO - Task hostname:80e0d0cbfa54 operator:TriggerDagRunOperator
[2026-03-12T06:15:00.147+0000] {local_task_job_runner.py:266} INFO - Task exited with return code 0
[2026-03-12T06:15:00.189+0000] {taskinstance.py:3924} INFO - 0 downstream tasks scheduled from follow-on schedule check
[2026-03-12T06:15:00.193+0000] {local_task_job_runner.py:245} INFO - ::endgroup::
