[2026-03-17T07:43:11.270+0000] {local_task_job_runner.py:123} INFO - ::group::Pre task execution logs
[2026-03-17T07:43:11.386+0000] {taskinstance.py:2631} INFO - Dependencies all met for dep_context=non-requeueable deps ti=<TaskInstance: dag_get_data_from_yf.olhc_branching.get_csv_open manual__2026-03-17T07:42:39+00:00 [queued]>
[2026-03-17T07:43:11.429+0000] {taskinstance.py:2631} INFO - Dependencies all met for dep_context=requeueable deps ti=<TaskInstance: dag_get_data_from_yf.olhc_branching.get_csv_open manual__2026-03-17T07:42:39+00:00 [queued]>
[2026-03-17T07:43:11.430+0000] {taskinstance.py:2884} INFO - Starting attempt 1 of 1
[2026-03-17T07:43:11.479+0000] {taskinstance.py:2907} INFO - Executing <Task(_PythonDecoratedOperator): olhc_branching.get_csv_open> on 2026-03-17 07:42:39+00:00
[2026-03-17T07:43:11.505+0000] {warnings.py:112} WARNING - /home/***/.local/lib/python3.12/site-packages/***/task/task_runner/standard_task_runner.py:70: DeprecationWarning: This process (pid=932) is multi-threaded, use of fork() may lead to deadlocks in the child.
  pid = os.fork()

[2026-03-17T07:43:11.512+0000] {standard_task_runner.py:72} INFO - Started process 941 to run task
[2026-03-17T07:43:11.518+0000] {standard_task_runner.py:104} INFO - Running: ['***', 'tasks', 'run', 'dag_get_data_from_yf', 'olhc_branching.get_csv_open', 'manual__2026-03-17T07:42:39+00:00', '--job-id', '1997', '--raw', '--subdir', 'DAGS_FOLDER/get_finance_yf_csv.py', '--cfg-path', '/tmp/tmpao8dalk2']
[2026-03-17T07:43:11.521+0000] {standard_task_runner.py:105} INFO - Job 1997: Subtask olhc_branching.get_csv_open
[2026-03-17T07:43:11.776+0000] {task_command.py:467} INFO - Running <TaskInstance: dag_get_data_from_yf.olhc_branching.get_csv_open manual__2026-03-17T07:42:39+00:00 [running]> on host e9ef5a9cb8d3
[2026-03-17T07:43:12.174+0000] {taskinstance.py:3157} INFO - Exporting env vars: AIRFLOW_CTX_DAG_OWNER='***' AIRFLOW_CTX_DAG_ID='dag_get_data_from_yf' AIRFLOW_CTX_TASK_ID='olhc_branching.get_csv_open' AIRFLOW_CTX_EXECUTION_DATE='2026-03-17T07:42:39+00:00' AIRFLOW_CTX_TRY_NUMBER='1' AIRFLOW_CTX_DAG_RUN_ID='manual__2026-03-17T07:42:39+00:00'
[2026-03-17T07:43:12.178+0000] {logging_mixin.py:190} INFO - Task instance is in running state
[2026-03-17T07:43:12.179+0000] {logging_mixin.py:190} INFO -  Previous state of the Task instance: queued
[2026-03-17T07:43:12.179+0000] {logging_mixin.py:190} INFO - Current task name:olhc_branching.get_csv_open state:running start_date:2026-03-17 07:43:11.387667+00:00
[2026-03-17T07:43:12.180+0000] {logging_mixin.py:190} INFO - Dag name:dag_get_data_from_yf and current dag run status:running
[2026-03-17T07:43:12.181+0000] {taskinstance.py:740} INFO - ::endgroup::
[2026-03-17T07:43:12.213+0000] {logging_mixin.py:190} INFO - Data saved to /opt/***/scripts/saham_indonesia_open.csv
[2026-03-17T07:43:12.214+0000] {python.py:240} INFO - Done. Returned value was: /opt/***/scripts/saham_indonesia_open.csv
[2026-03-17T07:43:12.315+0000] {taskinstance.py:349} INFO - ::group::Post task execution logs
[2026-03-17T07:43:12.316+0000] {taskinstance.py:361} INFO - Marking task as SUCCESS. dag_id=dag_get_data_from_yf, task_id=olhc_branching.get_csv_open, run_id=manual__2026-03-17T07:42:39+00:00, execution_date=20260317T074239, start_date=20260317T074311, end_date=20260317T074312
[2026-03-17T07:43:12.491+0000] {logging_mixin.py:190} INFO - Task instance in success state
[2026-03-17T07:43:12.494+0000] {logging_mixin.py:190} INFO -  Previous state of the Task instance: running
[2026-03-17T07:43:12.499+0000] {logging_mixin.py:190} INFO - Dag name:dag_get_data_from_yf queued_at:2026-03-17 07:42:47.374894+00:00
[2026-03-17T07:43:12.503+0000] {logging_mixin.py:190} INFO - Task hostname:e9ef5a9cb8d3 operator:_PythonDecoratedOperator
[2026-03-17T07:43:12.537+0000] {local_task_job_runner.py:266} INFO - Task exited with return code 0
[2026-03-17T07:43:12.745+0000] {taskinstance.py:3924} INFO - 0 downstream tasks scheduled from follow-on schedule check
[2026-03-17T07:43:12.769+0000] {local_task_job_runner.py:245} INFO - ::endgroup::
