[2026-03-16T22:13:27.006+0000] {local_task_job_runner.py:123} INFO - ::group::Pre task execution logs
[2026-03-16T22:13:27.076+0000] {taskinstance.py:2631} INFO - Dependencies all met for dep_context=non-requeueable deps ti=<TaskInstance: dag_get_data_from_yf.get_data_from_yf scheduled__2026-03-12T17:00:00+00:00 [queued]>
[2026-03-16T22:13:27.090+0000] {taskinstance.py:2631} INFO - Dependencies all met for dep_context=requeueable deps ti=<TaskInstance: dag_get_data_from_yf.get_data_from_yf scheduled__2026-03-12T17:00:00+00:00 [queued]>
[2026-03-16T22:13:27.090+0000] {taskinstance.py:2884} INFO - Starting attempt 2 of 2
[2026-03-16T22:13:27.106+0000] {taskinstance.py:2907} INFO - Executing <Task(_PythonDecoratedOperator): get_data_from_yf> on 2026-03-12 17:00:00+00:00
[2026-03-16T22:13:27.120+0000] {warnings.py:112} WARNING - /home/***/.local/lib/python3.12/site-packages/***/task/task_runner/standard_task_runner.py:70: DeprecationWarning: This process (pid=1890) is multi-threaded, use of fork() may lead to deadlocks in the child.
  pid = os.fork()

[2026-03-16T22:13:27.122+0000] {standard_task_runner.py:72} INFO - Started process 1892 to run task
[2026-03-16T22:13:27.124+0000] {standard_task_runner.py:104} INFO - Running: ['***', 'tasks', 'run', 'dag_get_data_from_yf', 'get_data_from_yf', 'scheduled__2026-03-12T17:00:00+00:00', '--job-id', '1591', '--raw', '--subdir', 'DAGS_FOLDER/get_finance_yf_csv.py', '--cfg-path', '/tmp/tmpvz4zob26']
[2026-03-16T22:13:27.126+0000] {standard_task_runner.py:105} INFO - Job 1591: Subtask get_data_from_yf
[2026-03-16T22:13:27.227+0000] {task_command.py:467} INFO - Running <TaskInstance: dag_get_data_from_yf.get_data_from_yf scheduled__2026-03-12T17:00:00+00:00 [running]> on host 27461aedc806
[2026-03-16T22:13:27.396+0000] {taskinstance.py:3157} INFO - Exporting env vars: AIRFLOW_CTX_DAG_OWNER='***' AIRFLOW_CTX_DAG_ID='dag_get_data_from_yf' AIRFLOW_CTX_TASK_ID='get_data_from_yf' AIRFLOW_CTX_EXECUTION_DATE='2026-03-12T17:00:00+00:00' AIRFLOW_CTX_TRY_NUMBER='2' AIRFLOW_CTX_DAG_RUN_ID='scheduled__2026-03-12T17:00:00+00:00'
[2026-03-16T22:13:27.398+0000] {logging_mixin.py:190} INFO - Task instance is in running state
[2026-03-16T22:13:27.399+0000] {logging_mixin.py:190} INFO -  Previous state of the Task instance: queued
[2026-03-16T22:13:27.400+0000] {logging_mixin.py:190} INFO - Current task name:get_data_from_yf state:running start_date:2026-03-16 22:13:27.077425+00:00
[2026-03-16T22:13:27.400+0000] {logging_mixin.py:190} INFO - Dag name:dag_get_data_from_yf and current dag run status:running
[2026-03-16T22:13:27.401+0000] {taskinstance.py:740} INFO - ::endgroup::
[2026-03-16T22:13:27.402+0000] {logging_mixin.py:190} INFO - Ini tickers user: None
[2026-03-16T22:13:27.402+0000] {logging_mixin.py:190} INFO - Ini start date user: None
[2026-03-16T22:13:27.402+0000] {logging_mixin.py:190} INFO - Ini end date user: None
[2026-03-16T22:13:27.968+0000] {logging_mixin.py:190} WARNING - [                       0%                       ]
[2026-03-16T22:13:27.975+0000] {logging_mixin.py:190} WARNING - [**********************67%*******                ]  2 of 3 completed
[2026-03-16T22:13:27.983+0000] {logging_mixin.py:190} WARNING - [*********************100%***********************]  3 of 3 completed
[2026-03-16T22:13:28.068+0000] {logging_mixin.py:190} INFO - data_long.columns:  Index(['Date', 'Ticker', 'Close', 'High', 'Low', 'Open',
       'Inserted_at_timestamp'],
      dtype='object')
[2026-03-16T22:13:28.071+0000] {python.py:240} INFO - Done. Returned value was: [{'Date': '2026-03-12', 'Ticker': 'BBCA.JK', 'Close': 6900.0, 'High': 7025.0, 'Low': 6825.0, 'Open': 6825.0, 'Inserted_at_timestamp': '2026-03-12'}, {'Date': '2026-03-12', 'Ticker': 'BBRI.JK', 'Close': 3570.0, 'High': 3610.0, 'Low': 3570.0, 'Open': 3580.0, 'Inserted_at_timestamp': '2026-03-12'}, {'Date': '2026-03-12', 'Ticker': 'BMRI.JK', 'Close': 4960.0, 'High': 4980.0, 'Low': 4870.0, 'Open': 4870.0, 'Inserted_at_timestamp': '2026-03-12'}]
[2026-03-16T22:13:28.123+0000] {taskinstance.py:349} INFO - ::group::Post task execution logs
[2026-03-16T22:13:28.124+0000] {taskinstance.py:361} INFO - Marking task as SUCCESS. dag_id=dag_get_data_from_yf, task_id=get_data_from_yf, run_id=scheduled__2026-03-12T17:00:00+00:00, execution_date=20260312T170000, start_date=20260316T221327, end_date=20260316T221328
[2026-03-16T22:13:28.176+0000] {logging_mixin.py:190} INFO - Task instance in success state
[2026-03-16T22:13:28.176+0000] {logging_mixin.py:190} INFO -  Previous state of the Task instance: running
[2026-03-16T22:13:28.177+0000] {logging_mixin.py:190} INFO - Dag name:dag_get_data_from_yf queued_at:2026-03-16 22:13:18.651530+00:00
[2026-03-16T22:13:28.177+0000] {logging_mixin.py:190} INFO - Task hostname:27461aedc806 operator:_PythonDecoratedOperator
[2026-03-16T22:13:28.211+0000] {local_task_job_runner.py:266} INFO - Task exited with return code 0
[2026-03-16T22:13:28.300+0000] {taskinstance.py:3924} INFO - 4 downstream tasks scheduled from follow-on schedule check
[2026-03-16T22:13:28.304+0000] {local_task_job_runner.py:245} INFO - ::endgroup::
